[2026-01-04T12:48:48.744+0000] {local_task_job_runner.py:123} INFO - ::group::Pre task execution logs
[2026-01-04T12:48:48.752+0000] {taskinstance.py:2613} INFO - Dependencies all met for dep_context=non-requeueable deps ti=<TaskInstance: f1_pipeline.json_transform_to_parquet manual__2026-01-04T12:48:42.689614+00:00 [queued]>
[2026-01-04T12:48:48.756+0000] {taskinstance.py:2613} INFO - Dependencies all met for dep_context=requeueable deps ti=<TaskInstance: f1_pipeline.json_transform_to_parquet manual__2026-01-04T12:48:42.689614+00:00 [queued]>
[2026-01-04T12:48:48.756+0000] {taskinstance.py:2866} INFO - Starting attempt 1 of 1
[2026-01-04T12:48:48.768+0000] {taskinstance.py:2889} INFO - Executing <Task(PythonOperator): json_transform_to_parquet> on 2026-01-04 12:48:42.689614+00:00
[2026-01-04T12:48:48.782+0000] {standard_task_runner.py:104} INFO - Running: ['airflow', 'tasks', 'run', 'f1_pipeline', 'json_transform_to_parquet', 'manual__2026-01-04T12:48:42.689614+00:00', '--job-id', '21', '--raw', '--subdir', 'DAGS_FOLDER/f1_pipeline.py', '--cfg-path', '/tmp/tmp0stogkla']
[2026-01-04T12:48:48.786+0000] {standard_task_runner.py:105} INFO - Job 21: Subtask json_transform_to_parquet
[2026-01-04T12:48:48.790+0000] {logging_mixin.py:190} WARNING - /workspaces/f1_data_team/venv/lib/python3.12/site-packages/airflow/task/task_runner/standard_task_runner.py:70 DeprecationWarning: This process (pid=41662) is multi-threaded, use of fork() may lead to deadlocks in the child.
[2026-01-04T12:48:48.793+0000] {standard_task_runner.py:72} INFO - Started process 41696 to run task
[2026-01-04T12:48:48.827+0000] {task_command.py:467} INFO - Running <TaskInstance: f1_pipeline.json_transform_to_parquet manual__2026-01-04T12:48:42.689614+00:00 [running]> on host codespaces-54af50
[2026-01-04T12:48:48.867+0000] {taskinstance.py:3132} INFO - Exporting env vars: AIRFLOW_CTX_DAG_OWNER='loonycorn' AIRFLOW_CTX_DAG_ID='f1_pipeline' AIRFLOW_CTX_TASK_ID='json_transform_to_parquet' AIRFLOW_CTX_EXECUTION_DATE='2026-01-04T12:48:42.689614+00:00' AIRFLOW_CTX_TRY_NUMBER='1' AIRFLOW_CTX_DAG_RUN_ID='manual__2026-01-04T12:48:42.689614+00:00'
[2026-01-04T12:48:48.868+0000] {logging_mixin.py:190} INFO - Task instance is in running state
[2026-01-04T12:48:48.868+0000] {logging_mixin.py:190} INFO -  Previous state of the Task instance: queued
[2026-01-04T12:48:48.868+0000] {logging_mixin.py:190} INFO - Current task name:json_transform_to_parquet state:running start_date:2026-01-04 12:48:48.752339+00:00
[2026-01-04T12:48:48.868+0000] {logging_mixin.py:190} INFO - Dag name:f1_pipeline and current dag run status:running
[2026-01-04T12:48:48.869+0000] {taskinstance.py:731} INFO - ::endgroup::
[2026-01-04T12:48:48.889+0000] {python.py:240} INFO - Done. Returned value was: None
[2026-01-04T12:48:48.893+0000] {taskinstance.py:340} INFO - ::group::Post task execution logs
[2026-01-04T12:48:48.894+0000] {taskinstance.py:352} INFO - Marking task as SUCCESS. dag_id=f1_pipeline, task_id=json_transform_to_parquet, run_id=manual__2026-01-04T12:48:42.689614+00:00, execution_date=20260104T124842, start_date=20260104T124848, end_date=20260104T124848
[2026-01-04T12:48:48.900+0000] {logging_mixin.py:190} INFO - Task instance in success state
[2026-01-04T12:48:48.901+0000] {logging_mixin.py:190} INFO -  Previous state of the Task instance: running
[2026-01-04T12:48:48.901+0000] {logging_mixin.py:190} INFO - Dag name:f1_pipeline queued_at:2026-01-04 12:48:42.699961+00:00
[2026-01-04T12:48:48.901+0000] {logging_mixin.py:190} INFO - Task hostname:codespaces-54af50 operator:PythonOperator
[2026-01-04T12:48:48.931+0000] {local_task_job_runner.py:266} INFO - Task exited with return code 0
[2026-01-04T12:48:48.943+0000] {taskinstance.py:3895} INFO - 1 downstream tasks scheduled from follow-on schedule check
[2026-01-04T12:48:48.947+0000] {local_task_job_runner.py:245} INFO - ::endgroup::
