[2026-01-04T12:26:29.151+0000] {processor.py:186} INFO - Started process (PID=24232) to work on /workspaces/f1_data_team/venv/lib/python3.12/site-packages/airflow/example_dags/subdags/subdag.py
[2026-01-04T12:26:29.152+0000] {processor.py:914} INFO - Processing file /workspaces/f1_data_team/venv/lib/python3.12/site-packages/airflow/example_dags/subdags/subdag.py for tasks to queue
[2026-01-04T12:26:29.155+0000] {logging_mixin.py:190} INFO - [2026-01-04T12:26:29.154+0000] {dagbag.py:588} INFO - Filling up the DagBag from /workspaces/f1_data_team/venv/lib/python3.12/site-packages/airflow/example_dags/subdags/subdag.py
[2026-01-04T12:26:29.157+0000] {processor.py:927} WARNING - No viable dags retrieved from /workspaces/f1_data_team/venv/lib/python3.12/site-packages/airflow/example_dags/subdags/subdag.py
[2026-01-04T12:26:29.167+0000] {processor.py:208} INFO - Processing /workspaces/f1_data_team/venv/lib/python3.12/site-packages/airflow/example_dags/subdags/subdag.py took 0.035 seconds
[2026-01-04T12:27:34.593+0000] {processor.py:186} INFO - Started process (PID=24979) to work on /workspaces/f1_data_team/venv/lib/python3.12/site-packages/airflow/example_dags/subdags/subdag.py
[2026-01-04T12:27:34.594+0000] {processor.py:914} INFO - Processing file /workspaces/f1_data_team/venv/lib/python3.12/site-packages/airflow/example_dags/subdags/subdag.py for tasks to queue
[2026-01-04T12:27:34.596+0000] {logging_mixin.py:190} INFO - [2026-01-04T12:27:34.596+0000] {dagbag.py:588} INFO - Filling up the DagBag from /workspaces/f1_data_team/venv/lib/python3.12/site-packages/airflow/example_dags/subdags/subdag.py
[2026-01-04T12:27:34.598+0000] {processor.py:927} WARNING - No viable dags retrieved from /workspaces/f1_data_team/venv/lib/python3.12/site-packages/airflow/example_dags/subdags/subdag.py
[2026-01-04T12:27:34.606+0000] {processor.py:208} INFO - Processing /workspaces/f1_data_team/venv/lib/python3.12/site-packages/airflow/example_dags/subdags/subdag.py took 0.017 seconds
[2026-01-04T12:28:30.495+0000] {processor.py:186} INFO - Started process (PID=25446) to work on /workspaces/f1_data_team/venv/lib/python3.12/site-packages/airflow/example_dags/subdags/subdag.py
[2026-01-04T12:28:30.496+0000] {processor.py:914} INFO - Processing file /workspaces/f1_data_team/venv/lib/python3.12/site-packages/airflow/example_dags/subdags/subdag.py for tasks to queue
[2026-01-04T12:28:30.498+0000] {logging_mixin.py:190} INFO - [2026-01-04T12:28:30.498+0000] {dagbag.py:588} INFO - Filling up the DagBag from /workspaces/f1_data_team/venv/lib/python3.12/site-packages/airflow/example_dags/subdags/subdag.py
[2026-01-04T12:28:30.500+0000] {processor.py:927} WARNING - No viable dags retrieved from /workspaces/f1_data_team/venv/lib/python3.12/site-packages/airflow/example_dags/subdags/subdag.py
[2026-01-04T12:28:30.508+0000] {processor.py:208} INFO - Processing /workspaces/f1_data_team/venv/lib/python3.12/site-packages/airflow/example_dags/subdags/subdag.py took 0.017 seconds
[2026-01-04T12:29:29.285+0000] {processor.py:186} INFO - Started process (PID=26618) to work on /workspaces/f1_data_team/venv/lib/python3.12/site-packages/airflow/example_dags/subdags/subdag.py
[2026-01-04T12:29:29.286+0000] {processor.py:914} INFO - Processing file /workspaces/f1_data_team/venv/lib/python3.12/site-packages/airflow/example_dags/subdags/subdag.py for tasks to queue
[2026-01-04T12:29:29.288+0000] {logging_mixin.py:190} INFO - [2026-01-04T12:29:29.287+0000] {dagbag.py:588} INFO - Filling up the DagBag from /workspaces/f1_data_team/venv/lib/python3.12/site-packages/airflow/example_dags/subdags/subdag.py
[2026-01-04T12:29:29.289+0000] {processor.py:927} WARNING - No viable dags retrieved from /workspaces/f1_data_team/venv/lib/python3.12/site-packages/airflow/example_dags/subdags/subdag.py
[2026-01-04T12:29:29.297+0000] {processor.py:208} INFO - Processing /workspaces/f1_data_team/venv/lib/python3.12/site-packages/airflow/example_dags/subdags/subdag.py took 0.017 seconds
[2026-01-04T12:30:11.248+0000] {processor.py:186} INFO - Started process (PID=27218) to work on /workspaces/f1_data_team/venv/lib/python3.12/site-packages/airflow/example_dags/subdags/subdag.py
[2026-01-04T12:30:11.249+0000] {processor.py:914} INFO - Processing file /workspaces/f1_data_team/venv/lib/python3.12/site-packages/airflow/example_dags/subdags/subdag.py for tasks to queue
[2026-01-04T12:30:11.254+0000] {logging_mixin.py:190} INFO - [2026-01-04T12:30:11.254+0000] {dagbag.py:588} INFO - Filling up the DagBag from /workspaces/f1_data_team/venv/lib/python3.12/site-packages/airflow/example_dags/subdags/subdag.py
[2026-01-04T12:30:11.265+0000] {processor.py:927} WARNING - No viable dags retrieved from /workspaces/f1_data_team/venv/lib/python3.12/site-packages/airflow/example_dags/subdags/subdag.py
[2026-01-04T12:30:11.280+0000] {processor.py:208} INFO - Processing /workspaces/f1_data_team/venv/lib/python3.12/site-packages/airflow/example_dags/subdags/subdag.py took 0.044 seconds
[2026-01-04T12:31:11.058+0000] {processor.py:186} INFO - Started process (PID=28251) to work on /workspaces/f1_data_team/venv/lib/python3.12/site-packages/airflow/example_dags/subdags/subdag.py
[2026-01-04T12:31:11.059+0000] {processor.py:914} INFO - Processing file /workspaces/f1_data_team/venv/lib/python3.12/site-packages/airflow/example_dags/subdags/subdag.py for tasks to queue
[2026-01-04T12:31:11.061+0000] {logging_mixin.py:190} INFO - [2026-01-04T12:31:11.061+0000] {dagbag.py:588} INFO - Filling up the DagBag from /workspaces/f1_data_team/venv/lib/python3.12/site-packages/airflow/example_dags/subdags/subdag.py
[2026-01-04T12:31:11.063+0000] {processor.py:927} WARNING - No viable dags retrieved from /workspaces/f1_data_team/venv/lib/python3.12/site-packages/airflow/example_dags/subdags/subdag.py
[2026-01-04T12:31:11.070+0000] {processor.py:208} INFO - Processing /workspaces/f1_data_team/venv/lib/python3.12/site-packages/airflow/example_dags/subdags/subdag.py took 0.017 seconds
[2026-01-04T12:32:19.155+0000] {processor.py:186} INFO - Started process (PID=29291) to work on /workspaces/f1_data_team/venv/lib/python3.12/site-packages/airflow/example_dags/subdags/subdag.py
[2026-01-04T12:32:19.156+0000] {processor.py:914} INFO - Processing file /workspaces/f1_data_team/venv/lib/python3.12/site-packages/airflow/example_dags/subdags/subdag.py for tasks to queue
[2026-01-04T12:32:19.158+0000] {logging_mixin.py:190} INFO - [2026-01-04T12:32:19.158+0000] {dagbag.py:588} INFO - Filling up the DagBag from /workspaces/f1_data_team/venv/lib/python3.12/site-packages/airflow/example_dags/subdags/subdag.py
[2026-01-04T12:32:19.161+0000] {processor.py:927} WARNING - No viable dags retrieved from /workspaces/f1_data_team/venv/lib/python3.12/site-packages/airflow/example_dags/subdags/subdag.py
[2026-01-04T12:32:19.172+0000] {processor.py:208} INFO - Processing /workspaces/f1_data_team/venv/lib/python3.12/site-packages/airflow/example_dags/subdags/subdag.py took 0.024 seconds
[2026-01-04T12:33:20.177+0000] {processor.py:186} INFO - Started process (PID=30425) to work on /workspaces/f1_data_team/venv/lib/python3.12/site-packages/airflow/example_dags/subdags/subdag.py
[2026-01-04T12:33:20.178+0000] {processor.py:914} INFO - Processing file /workspaces/f1_data_team/venv/lib/python3.12/site-packages/airflow/example_dags/subdags/subdag.py for tasks to queue
[2026-01-04T12:33:20.180+0000] {logging_mixin.py:190} INFO - [2026-01-04T12:33:20.180+0000] {dagbag.py:588} INFO - Filling up the DagBag from /workspaces/f1_data_team/venv/lib/python3.12/site-packages/airflow/example_dags/subdags/subdag.py
[2026-01-04T12:33:20.182+0000] {processor.py:927} WARNING - No viable dags retrieved from /workspaces/f1_data_team/venv/lib/python3.12/site-packages/airflow/example_dags/subdags/subdag.py
[2026-01-04T12:33:20.190+0000] {processor.py:208} INFO - Processing /workspaces/f1_data_team/venv/lib/python3.12/site-packages/airflow/example_dags/subdags/subdag.py took 0.019 seconds
[2026-01-04T12:33:51.262+0000] {processor.py:186} INFO - Started process (PID=30727) to work on /workspaces/f1_data_team/venv/lib/python3.12/site-packages/airflow/example_dags/subdags/subdag.py
[2026-01-04T12:33:51.264+0000] {processor.py:914} INFO - Processing file /workspaces/f1_data_team/venv/lib/python3.12/site-packages/airflow/example_dags/subdags/subdag.py for tasks to queue
[2026-01-04T12:33:51.267+0000] {logging_mixin.py:190} INFO - [2026-01-04T12:33:51.266+0000] {dagbag.py:588} INFO - Filling up the DagBag from /workspaces/f1_data_team/venv/lib/python3.12/site-packages/airflow/example_dags/subdags/subdag.py
[2026-01-04T12:33:51.269+0000] {processor.py:927} WARNING - No viable dags retrieved from /workspaces/f1_data_team/venv/lib/python3.12/site-packages/airflow/example_dags/subdags/subdag.py
[2026-01-04T12:33:51.277+0000] {processor.py:208} INFO - Processing /workspaces/f1_data_team/venv/lib/python3.12/site-packages/airflow/example_dags/subdags/subdag.py took 0.022 seconds
[2026-01-04T12:34:43.735+0000] {processor.py:186} INFO - Started process (PID=31253) to work on /workspaces/f1_data_team/venv/lib/python3.12/site-packages/airflow/example_dags/subdags/subdag.py
[2026-01-04T12:34:43.736+0000] {processor.py:914} INFO - Processing file /workspaces/f1_data_team/venv/lib/python3.12/site-packages/airflow/example_dags/subdags/subdag.py for tasks to queue
[2026-01-04T12:34:43.738+0000] {logging_mixin.py:190} INFO - [2026-01-04T12:34:43.737+0000] {dagbag.py:588} INFO - Filling up the DagBag from /workspaces/f1_data_team/venv/lib/python3.12/site-packages/airflow/example_dags/subdags/subdag.py
[2026-01-04T12:34:43.739+0000] {processor.py:927} WARNING - No viable dags retrieved from /workspaces/f1_data_team/venv/lib/python3.12/site-packages/airflow/example_dags/subdags/subdag.py
[2026-01-04T12:34:43.748+0000] {processor.py:208} INFO - Processing /workspaces/f1_data_team/venv/lib/python3.12/site-packages/airflow/example_dags/subdags/subdag.py took 0.017 seconds
[2026-01-04T12:35:33.054+0000] {processor.py:186} INFO - Started process (PID=31701) to work on /workspaces/f1_data_team/venv/lib/python3.12/site-packages/airflow/example_dags/subdags/subdag.py
[2026-01-04T12:35:33.055+0000] {processor.py:914} INFO - Processing file /workspaces/f1_data_team/venv/lib/python3.12/site-packages/airflow/example_dags/subdags/subdag.py for tasks to queue
[2026-01-04T12:35:33.057+0000] {logging_mixin.py:190} INFO - [2026-01-04T12:35:33.057+0000] {dagbag.py:588} INFO - Filling up the DagBag from /workspaces/f1_data_team/venv/lib/python3.12/site-packages/airflow/example_dags/subdags/subdag.py
[2026-01-04T12:35:33.059+0000] {processor.py:927} WARNING - No viable dags retrieved from /workspaces/f1_data_team/venv/lib/python3.12/site-packages/airflow/example_dags/subdags/subdag.py
[2026-01-04T12:35:33.067+0000] {processor.py:208} INFO - Processing /workspaces/f1_data_team/venv/lib/python3.12/site-packages/airflow/example_dags/subdags/subdag.py took 0.017 seconds
[2026-01-04T12:36:25.149+0000] {processor.py:186} INFO - Started process (PID=32354) to work on /workspaces/f1_data_team/venv/lib/python3.12/site-packages/airflow/example_dags/subdags/subdag.py
[2026-01-04T12:36:25.150+0000] {processor.py:914} INFO - Processing file /workspaces/f1_data_team/venv/lib/python3.12/site-packages/airflow/example_dags/subdags/subdag.py for tasks to queue
[2026-01-04T12:36:25.152+0000] {logging_mixin.py:190} INFO - [2026-01-04T12:36:25.151+0000] {dagbag.py:588} INFO - Filling up the DagBag from /workspaces/f1_data_team/venv/lib/python3.12/site-packages/airflow/example_dags/subdags/subdag.py
[2026-01-04T12:36:25.153+0000] {processor.py:927} WARNING - No viable dags retrieved from /workspaces/f1_data_team/venv/lib/python3.12/site-packages/airflow/example_dags/subdags/subdag.py
[2026-01-04T12:36:25.162+0000] {processor.py:208} INFO - Processing /workspaces/f1_data_team/venv/lib/python3.12/site-packages/airflow/example_dags/subdags/subdag.py took 0.017 seconds
[2026-01-04T12:37:18.488+0000] {processor.py:186} INFO - Started process (PID=32832) to work on /workspaces/f1_data_team/venv/lib/python3.12/site-packages/airflow/example_dags/subdags/subdag.py
[2026-01-04T12:37:18.488+0000] {processor.py:914} INFO - Processing file /workspaces/f1_data_team/venv/lib/python3.12/site-packages/airflow/example_dags/subdags/subdag.py for tasks to queue
[2026-01-04T12:37:18.490+0000] {logging_mixin.py:190} INFO - [2026-01-04T12:37:18.490+0000] {dagbag.py:588} INFO - Filling up the DagBag from /workspaces/f1_data_team/venv/lib/python3.12/site-packages/airflow/example_dags/subdags/subdag.py
[2026-01-04T12:37:18.492+0000] {processor.py:927} WARNING - No viable dags retrieved from /workspaces/f1_data_team/venv/lib/python3.12/site-packages/airflow/example_dags/subdags/subdag.py
[2026-01-04T12:37:18.500+0000] {processor.py:208} INFO - Processing /workspaces/f1_data_team/venv/lib/python3.12/site-packages/airflow/example_dags/subdags/subdag.py took 0.018 seconds
[2026-01-04T12:38:12.531+0000] {processor.py:186} INFO - Started process (PID=33711) to work on /workspaces/f1_data_team/venv/lib/python3.12/site-packages/airflow/example_dags/subdags/subdag.py
[2026-01-04T12:38:12.532+0000] {processor.py:914} INFO - Processing file /workspaces/f1_data_team/venv/lib/python3.12/site-packages/airflow/example_dags/subdags/subdag.py for tasks to queue
[2026-01-04T12:38:12.534+0000] {logging_mixin.py:190} INFO - [2026-01-04T12:38:12.534+0000] {dagbag.py:588} INFO - Filling up the DagBag from /workspaces/f1_data_team/venv/lib/python3.12/site-packages/airflow/example_dags/subdags/subdag.py
[2026-01-04T12:38:12.536+0000] {processor.py:927} WARNING - No viable dags retrieved from /workspaces/f1_data_team/venv/lib/python3.12/site-packages/airflow/example_dags/subdags/subdag.py
[2026-01-04T12:38:12.544+0000] {processor.py:208} INFO - Processing /workspaces/f1_data_team/venv/lib/python3.12/site-packages/airflow/example_dags/subdags/subdag.py took 0.017 seconds
[2026-01-04T12:39:04.367+0000] {processor.py:186} INFO - Started process (PID=34178) to work on /workspaces/f1_data_team/venv/lib/python3.12/site-packages/airflow/example_dags/subdags/subdag.py
[2026-01-04T12:39:04.368+0000] {processor.py:914} INFO - Processing file /workspaces/f1_data_team/venv/lib/python3.12/site-packages/airflow/example_dags/subdags/subdag.py for tasks to queue
[2026-01-04T12:39:04.370+0000] {logging_mixin.py:190} INFO - [2026-01-04T12:39:04.370+0000] {dagbag.py:588} INFO - Filling up the DagBag from /workspaces/f1_data_team/venv/lib/python3.12/site-packages/airflow/example_dags/subdags/subdag.py
[2026-01-04T12:39:04.372+0000] {processor.py:927} WARNING - No viable dags retrieved from /workspaces/f1_data_team/venv/lib/python3.12/site-packages/airflow/example_dags/subdags/subdag.py
[2026-01-04T12:39:04.380+0000] {processor.py:208} INFO - Processing /workspaces/f1_data_team/venv/lib/python3.12/site-packages/airflow/example_dags/subdags/subdag.py took 0.017 seconds
[2026-01-04T12:39:58.861+0000] {processor.py:186} INFO - Started process (PID=34689) to work on /workspaces/f1_data_team/venv/lib/python3.12/site-packages/airflow/example_dags/subdags/subdag.py
[2026-01-04T12:39:58.861+0000] {processor.py:914} INFO - Processing file /workspaces/f1_data_team/venv/lib/python3.12/site-packages/airflow/example_dags/subdags/subdag.py for tasks to queue
[2026-01-04T12:39:58.863+0000] {logging_mixin.py:190} INFO - [2026-01-04T12:39:58.863+0000] {dagbag.py:588} INFO - Filling up the DagBag from /workspaces/f1_data_team/venv/lib/python3.12/site-packages/airflow/example_dags/subdags/subdag.py
[2026-01-04T12:39:58.865+0000] {processor.py:927} WARNING - No viable dags retrieved from /workspaces/f1_data_team/venv/lib/python3.12/site-packages/airflow/example_dags/subdags/subdag.py
[2026-01-04T12:39:58.873+0000] {processor.py:208} INFO - Processing /workspaces/f1_data_team/venv/lib/python3.12/site-packages/airflow/example_dags/subdags/subdag.py took 0.017 seconds
[2026-01-04T12:40:52.066+0000] {processor.py:186} INFO - Started process (PID=35242) to work on /workspaces/f1_data_team/venv/lib/python3.12/site-packages/airflow/example_dags/subdags/subdag.py
[2026-01-04T12:40:52.070+0000] {processor.py:914} INFO - Processing file /workspaces/f1_data_team/venv/lib/python3.12/site-packages/airflow/example_dags/subdags/subdag.py for tasks to queue
[2026-01-04T12:40:52.077+0000] {logging_mixin.py:190} INFO - [2026-01-04T12:40:52.076+0000] {dagbag.py:588} INFO - Filling up the DagBag from /workspaces/f1_data_team/venv/lib/python3.12/site-packages/airflow/example_dags/subdags/subdag.py
[2026-01-04T12:40:52.086+0000] {processor.py:927} WARNING - No viable dags retrieved from /workspaces/f1_data_team/venv/lib/python3.12/site-packages/airflow/example_dags/subdags/subdag.py
[2026-01-04T12:40:52.114+0000] {processor.py:208} INFO - Processing /workspaces/f1_data_team/venv/lib/python3.12/site-packages/airflow/example_dags/subdags/subdag.py took 0.078 seconds
[2026-01-04T12:41:17.188+0000] {processor.py:186} INFO - Started process (PID=35559) to work on /workspaces/f1_data_team/venv/lib/python3.12/site-packages/airflow/example_dags/subdags/subdag.py
[2026-01-04T12:41:17.189+0000] {processor.py:914} INFO - Processing file /workspaces/f1_data_team/venv/lib/python3.12/site-packages/airflow/example_dags/subdags/subdag.py for tasks to queue
[2026-01-04T12:41:17.191+0000] {logging_mixin.py:190} INFO - [2026-01-04T12:41:17.191+0000] {dagbag.py:588} INFO - Filling up the DagBag from /workspaces/f1_data_team/venv/lib/python3.12/site-packages/airflow/example_dags/subdags/subdag.py
[2026-01-04T12:41:17.193+0000] {processor.py:927} WARNING - No viable dags retrieved from /workspaces/f1_data_team/venv/lib/python3.12/site-packages/airflow/example_dags/subdags/subdag.py
[2026-01-04T12:41:17.204+0000] {processor.py:208} INFO - Processing /workspaces/f1_data_team/venv/lib/python3.12/site-packages/airflow/example_dags/subdags/subdag.py took 0.023 seconds
[2026-01-04T12:42:21.457+0000] {processor.py:186} INFO - Started process (PID=36647) to work on /workspaces/f1_data_team/venv/lib/python3.12/site-packages/airflow/example_dags/subdags/subdag.py
[2026-01-04T12:42:21.458+0000] {processor.py:914} INFO - Processing file /workspaces/f1_data_team/venv/lib/python3.12/site-packages/airflow/example_dags/subdags/subdag.py for tasks to queue
[2026-01-04T12:42:21.460+0000] {logging_mixin.py:190} INFO - [2026-01-04T12:42:21.460+0000] {dagbag.py:588} INFO - Filling up the DagBag from /workspaces/f1_data_team/venv/lib/python3.12/site-packages/airflow/example_dags/subdags/subdag.py
[2026-01-04T12:42:21.462+0000] {processor.py:927} WARNING - No viable dags retrieved from /workspaces/f1_data_team/venv/lib/python3.12/site-packages/airflow/example_dags/subdags/subdag.py
[2026-01-04T12:42:21.470+0000] {processor.py:208} INFO - Processing /workspaces/f1_data_team/venv/lib/python3.12/site-packages/airflow/example_dags/subdags/subdag.py took 0.018 seconds
[2026-01-04T12:42:57.558+0000] {processor.py:186} INFO - Started process (PID=37096) to work on /workspaces/f1_data_team/venv/lib/python3.12/site-packages/airflow/example_dags/subdags/subdag.py
[2026-01-04T12:42:57.559+0000] {processor.py:914} INFO - Processing file /workspaces/f1_data_team/venv/lib/python3.12/site-packages/airflow/example_dags/subdags/subdag.py for tasks to queue
[2026-01-04T12:42:57.561+0000] {logging_mixin.py:190} INFO - [2026-01-04T12:42:57.560+0000] {dagbag.py:588} INFO - Filling up the DagBag from /workspaces/f1_data_team/venv/lib/python3.12/site-packages/airflow/example_dags/subdags/subdag.py
[2026-01-04T12:42:57.563+0000] {processor.py:927} WARNING - No viable dags retrieved from /workspaces/f1_data_team/venv/lib/python3.12/site-packages/airflow/example_dags/subdags/subdag.py
[2026-01-04T12:42:57.571+0000] {processor.py:208} INFO - Processing /workspaces/f1_data_team/venv/lib/python3.12/site-packages/airflow/example_dags/subdags/subdag.py took 0.018 seconds
[2026-01-04T12:43:51.482+0000] {processor.py:186} INFO - Started process (PID=37759) to work on /workspaces/f1_data_team/venv/lib/python3.12/site-packages/airflow/example_dags/subdags/subdag.py
[2026-01-04T12:43:51.483+0000] {processor.py:914} INFO - Processing file /workspaces/f1_data_team/venv/lib/python3.12/site-packages/airflow/example_dags/subdags/subdag.py for tasks to queue
[2026-01-04T12:43:51.485+0000] {logging_mixin.py:190} INFO - [2026-01-04T12:43:51.484+0000] {dagbag.py:588} INFO - Filling up the DagBag from /workspaces/f1_data_team/venv/lib/python3.12/site-packages/airflow/example_dags/subdags/subdag.py
[2026-01-04T12:43:51.486+0000] {processor.py:927} WARNING - No viable dags retrieved from /workspaces/f1_data_team/venv/lib/python3.12/site-packages/airflow/example_dags/subdags/subdag.py
[2026-01-04T12:43:51.494+0000] {processor.py:208} INFO - Processing /workspaces/f1_data_team/venv/lib/python3.12/site-packages/airflow/example_dags/subdags/subdag.py took 0.017 seconds
[2026-01-04T12:44:40.026+0000] {processor.py:186} INFO - Started process (PID=38427) to work on /workspaces/f1_data_team/venv/lib/python3.12/site-packages/airflow/example_dags/subdags/subdag.py
[2026-01-04T12:44:40.027+0000] {processor.py:914} INFO - Processing file /workspaces/f1_data_team/venv/lib/python3.12/site-packages/airflow/example_dags/subdags/subdag.py for tasks to queue
[2026-01-04T12:44:40.030+0000] {logging_mixin.py:190} INFO - [2026-01-04T12:44:40.029+0000] {dagbag.py:588} INFO - Filling up the DagBag from /workspaces/f1_data_team/venv/lib/python3.12/site-packages/airflow/example_dags/subdags/subdag.py
[2026-01-04T12:44:40.032+0000] {processor.py:927} WARNING - No viable dags retrieved from /workspaces/f1_data_team/venv/lib/python3.12/site-packages/airflow/example_dags/subdags/subdag.py
[2026-01-04T12:44:40.043+0000] {processor.py:208} INFO - Processing /workspaces/f1_data_team/venv/lib/python3.12/site-packages/airflow/example_dags/subdags/subdag.py took 0.024 seconds
[2026-01-04T12:45:12.012+0000] {processor.py:186} INFO - Started process (PID=39073) to work on /workspaces/f1_data_team/venv/lib/python3.12/site-packages/airflow/example_dags/subdags/subdag.py
[2026-01-04T12:45:12.013+0000] {processor.py:914} INFO - Processing file /workspaces/f1_data_team/venv/lib/python3.12/site-packages/airflow/example_dags/subdags/subdag.py for tasks to queue
[2026-01-04T12:45:12.015+0000] {logging_mixin.py:190} INFO - [2026-01-04T12:45:12.015+0000] {dagbag.py:588} INFO - Filling up the DagBag from /workspaces/f1_data_team/venv/lib/python3.12/site-packages/airflow/example_dags/subdags/subdag.py
[2026-01-04T12:45:12.017+0000] {processor.py:927} WARNING - No viable dags retrieved from /workspaces/f1_data_team/venv/lib/python3.12/site-packages/airflow/example_dags/subdags/subdag.py
[2026-01-04T12:45:12.025+0000] {processor.py:208} INFO - Processing /workspaces/f1_data_team/venv/lib/python3.12/site-packages/airflow/example_dags/subdags/subdag.py took 0.018 seconds
[2026-01-04T12:45:44.846+0000] {processor.py:186} INFO - Started process (PID=39506) to work on /workspaces/f1_data_team/venv/lib/python3.12/site-packages/airflow/example_dags/subdags/subdag.py
[2026-01-04T12:45:44.846+0000] {processor.py:914} INFO - Processing file /workspaces/f1_data_team/venv/lib/python3.12/site-packages/airflow/example_dags/subdags/subdag.py for tasks to queue
[2026-01-04T12:45:44.849+0000] {logging_mixin.py:190} INFO - [2026-01-04T12:45:44.848+0000] {dagbag.py:588} INFO - Filling up the DagBag from /workspaces/f1_data_team/venv/lib/python3.12/site-packages/airflow/example_dags/subdags/subdag.py
[2026-01-04T12:45:44.851+0000] {processor.py:927} WARNING - No viable dags retrieved from /workspaces/f1_data_team/venv/lib/python3.12/site-packages/airflow/example_dags/subdags/subdag.py
[2026-01-04T12:45:44.858+0000] {processor.py:208} INFO - Processing /workspaces/f1_data_team/venv/lib/python3.12/site-packages/airflow/example_dags/subdags/subdag.py took 0.017 seconds
[2026-01-04T12:46:36.518+0000] {processor.py:186} INFO - Started process (PID=40079) to work on /workspaces/f1_data_team/venv/lib/python3.12/site-packages/airflow/example_dags/subdags/subdag.py
[2026-01-04T12:46:36.519+0000] {processor.py:914} INFO - Processing file /workspaces/f1_data_team/venv/lib/python3.12/site-packages/airflow/example_dags/subdags/subdag.py for tasks to queue
[2026-01-04T12:46:36.521+0000] {logging_mixin.py:190} INFO - [2026-01-04T12:46:36.520+0000] {dagbag.py:588} INFO - Filling up the DagBag from /workspaces/f1_data_team/venv/lib/python3.12/site-packages/airflow/example_dags/subdags/subdag.py
[2026-01-04T12:46:36.522+0000] {processor.py:927} WARNING - No viable dags retrieved from /workspaces/f1_data_team/venv/lib/python3.12/site-packages/airflow/example_dags/subdags/subdag.py
[2026-01-04T12:46:36.531+0000] {processor.py:208} INFO - Processing /workspaces/f1_data_team/venv/lib/python3.12/site-packages/airflow/example_dags/subdags/subdag.py took 0.017 seconds
[2026-01-04T12:47:26.673+0000] {processor.py:186} INFO - Started process (PID=40542) to work on /workspaces/f1_data_team/venv/lib/python3.12/site-packages/airflow/example_dags/subdags/subdag.py
[2026-01-04T12:47:26.674+0000] {processor.py:914} INFO - Processing file /workspaces/f1_data_team/venv/lib/python3.12/site-packages/airflow/example_dags/subdags/subdag.py for tasks to queue
[2026-01-04T12:47:26.678+0000] {logging_mixin.py:190} INFO - [2026-01-04T12:47:26.678+0000] {dagbag.py:588} INFO - Filling up the DagBag from /workspaces/f1_data_team/venv/lib/python3.12/site-packages/airflow/example_dags/subdags/subdag.py
[2026-01-04T12:47:26.680+0000] {processor.py:927} WARNING - No viable dags retrieved from /workspaces/f1_data_team/venv/lib/python3.12/site-packages/airflow/example_dags/subdags/subdag.py
[2026-01-04T12:47:26.693+0000] {processor.py:208} INFO - Processing /workspaces/f1_data_team/venv/lib/python3.12/site-packages/airflow/example_dags/subdags/subdag.py took 0.027 seconds
[2026-01-04T12:48:30.634+0000] {processor.py:186} INFO - Started process (PID=41348) to work on /workspaces/f1_data_team/venv/lib/python3.12/site-packages/airflow/example_dags/subdags/subdag.py
[2026-01-04T12:48:30.637+0000] {processor.py:914} INFO - Processing file /workspaces/f1_data_team/venv/lib/python3.12/site-packages/airflow/example_dags/subdags/subdag.py for tasks to queue
[2026-01-04T12:48:30.640+0000] {logging_mixin.py:190} INFO - [2026-01-04T12:48:30.639+0000] {dagbag.py:588} INFO - Filling up the DagBag from /workspaces/f1_data_team/venv/lib/python3.12/site-packages/airflow/example_dags/subdags/subdag.py
[2026-01-04T12:48:30.643+0000] {processor.py:927} WARNING - No viable dags retrieved from /workspaces/f1_data_team/venv/lib/python3.12/site-packages/airflow/example_dags/subdags/subdag.py
[2026-01-04T12:48:30.655+0000] {processor.py:208} INFO - Processing /workspaces/f1_data_team/venv/lib/python3.12/site-packages/airflow/example_dags/subdags/subdag.py took 0.028 seconds
[2026-01-04T12:49:33.522+0000] {processor.py:186} INFO - Started process (PID=42402) to work on /workspaces/f1_data_team/venv/lib/python3.12/site-packages/airflow/example_dags/subdags/subdag.py
[2026-01-04T12:49:33.523+0000] {processor.py:914} INFO - Processing file /workspaces/f1_data_team/venv/lib/python3.12/site-packages/airflow/example_dags/subdags/subdag.py for tasks to queue
[2026-01-04T12:49:33.525+0000] {logging_mixin.py:190} INFO - [2026-01-04T12:49:33.524+0000] {dagbag.py:588} INFO - Filling up the DagBag from /workspaces/f1_data_team/venv/lib/python3.12/site-packages/airflow/example_dags/subdags/subdag.py
[2026-01-04T12:49:33.527+0000] {processor.py:927} WARNING - No viable dags retrieved from /workspaces/f1_data_team/venv/lib/python3.12/site-packages/airflow/example_dags/subdags/subdag.py
[2026-01-04T12:49:33.535+0000] {processor.py:208} INFO - Processing /workspaces/f1_data_team/venv/lib/python3.12/site-packages/airflow/example_dags/subdags/subdag.py took 0.017 seconds
[2026-01-04T12:50:29.615+0000] {processor.py:186} INFO - Started process (PID=42886) to work on /workspaces/f1_data_team/venv/lib/python3.12/site-packages/airflow/example_dags/subdags/subdag.py
[2026-01-04T12:50:29.615+0000] {processor.py:914} INFO - Processing file /workspaces/f1_data_team/venv/lib/python3.12/site-packages/airflow/example_dags/subdags/subdag.py for tasks to queue
[2026-01-04T12:50:29.617+0000] {logging_mixin.py:190} INFO - [2026-01-04T12:50:29.617+0000] {dagbag.py:588} INFO - Filling up the DagBag from /workspaces/f1_data_team/venv/lib/python3.12/site-packages/airflow/example_dags/subdags/subdag.py
[2026-01-04T12:50:29.619+0000] {processor.py:927} WARNING - No viable dags retrieved from /workspaces/f1_data_team/venv/lib/python3.12/site-packages/airflow/example_dags/subdags/subdag.py
[2026-01-04T12:50:29.627+0000] {processor.py:208} INFO - Processing /workspaces/f1_data_team/venv/lib/python3.12/site-packages/airflow/example_dags/subdags/subdag.py took 0.017 seconds
[2026-01-04T12:51:05.593+0000] {processor.py:186} INFO - Started process (PID=43429) to work on /workspaces/f1_data_team/venv/lib/python3.12/site-packages/airflow/example_dags/subdags/subdag.py
[2026-01-04T12:51:05.594+0000] {processor.py:914} INFO - Processing file /workspaces/f1_data_team/venv/lib/python3.12/site-packages/airflow/example_dags/subdags/subdag.py for tasks to queue
[2026-01-04T12:51:05.596+0000] {logging_mixin.py:190} INFO - [2026-01-04T12:51:05.596+0000] {dagbag.py:588} INFO - Filling up the DagBag from /workspaces/f1_data_team/venv/lib/python3.12/site-packages/airflow/example_dags/subdags/subdag.py
[2026-01-04T12:51:05.598+0000] {processor.py:927} WARNING - No viable dags retrieved from /workspaces/f1_data_team/venv/lib/python3.12/site-packages/airflow/example_dags/subdags/subdag.py
[2026-01-04T12:51:05.609+0000] {processor.py:208} INFO - Processing /workspaces/f1_data_team/venv/lib/python3.12/site-packages/airflow/example_dags/subdags/subdag.py took 0.024 seconds
[2026-01-04T12:52:09.347+0000] {processor.py:186} INFO - Started process (PID=44657) to work on /workspaces/f1_data_team/venv/lib/python3.12/site-packages/airflow/example_dags/subdags/subdag.py
[2026-01-04T12:52:09.348+0000] {processor.py:914} INFO - Processing file /workspaces/f1_data_team/venv/lib/python3.12/site-packages/airflow/example_dags/subdags/subdag.py for tasks to queue
[2026-01-04T12:52:09.350+0000] {logging_mixin.py:190} INFO - [2026-01-04T12:52:09.350+0000] {dagbag.py:588} INFO - Filling up the DagBag from /workspaces/f1_data_team/venv/lib/python3.12/site-packages/airflow/example_dags/subdags/subdag.py
[2026-01-04T12:52:09.352+0000] {processor.py:927} WARNING - No viable dags retrieved from /workspaces/f1_data_team/venv/lib/python3.12/site-packages/airflow/example_dags/subdags/subdag.py
[2026-01-04T12:52:09.360+0000] {processor.py:208} INFO - Processing /workspaces/f1_data_team/venv/lib/python3.12/site-packages/airflow/example_dags/subdags/subdag.py took 0.017 seconds
[2026-01-04T12:53:06.341+0000] {processor.py:186} INFO - Started process (PID=45443) to work on /workspaces/f1_data_team/venv/lib/python3.12/site-packages/airflow/example_dags/subdags/subdag.py
[2026-01-04T12:53:06.342+0000] {processor.py:914} INFO - Processing file /workspaces/f1_data_team/venv/lib/python3.12/site-packages/airflow/example_dags/subdags/subdag.py for tasks to queue
[2026-01-04T12:53:06.344+0000] {logging_mixin.py:190} INFO - [2026-01-04T12:53:06.344+0000] {dagbag.py:588} INFO - Filling up the DagBag from /workspaces/f1_data_team/venv/lib/python3.12/site-packages/airflow/example_dags/subdags/subdag.py
[2026-01-04T12:53:06.346+0000] {processor.py:927} WARNING - No viable dags retrieved from /workspaces/f1_data_team/venv/lib/python3.12/site-packages/airflow/example_dags/subdags/subdag.py
[2026-01-04T12:53:06.353+0000] {processor.py:208} INFO - Processing /workspaces/f1_data_team/venv/lib/python3.12/site-packages/airflow/example_dags/subdags/subdag.py took 0.017 seconds
[2026-01-04T12:53:59.980+0000] {processor.py:186} INFO - Started process (PID=46159) to work on /workspaces/f1_data_team/venv/lib/python3.12/site-packages/airflow/example_dags/subdags/subdag.py
[2026-01-04T12:53:59.981+0000] {processor.py:914} INFO - Processing file /workspaces/f1_data_team/venv/lib/python3.12/site-packages/airflow/example_dags/subdags/subdag.py for tasks to queue
[2026-01-04T12:53:59.983+0000] {logging_mixin.py:190} INFO - [2026-01-04T12:53:59.982+0000] {dagbag.py:588} INFO - Filling up the DagBag from /workspaces/f1_data_team/venv/lib/python3.12/site-packages/airflow/example_dags/subdags/subdag.py
[2026-01-04T12:53:59.985+0000] {processor.py:927} WARNING - No viable dags retrieved from /workspaces/f1_data_team/venv/lib/python3.12/site-packages/airflow/example_dags/subdags/subdag.py
[2026-01-04T12:53:59.993+0000] {processor.py:208} INFO - Processing /workspaces/f1_data_team/venv/lib/python3.12/site-packages/airflow/example_dags/subdags/subdag.py took 0.017 seconds
[2026-01-04T12:55:08.622+0000] {processor.py:186} INFO - Started process (PID=47424) to work on /workspaces/f1_data_team/venv/lib/python3.12/site-packages/airflow/example_dags/subdags/subdag.py
[2026-01-04T12:55:08.623+0000] {processor.py:914} INFO - Processing file /workspaces/f1_data_team/venv/lib/python3.12/site-packages/airflow/example_dags/subdags/subdag.py for tasks to queue
[2026-01-04T12:55:08.625+0000] {logging_mixin.py:190} INFO - [2026-01-04T12:55:08.624+0000] {dagbag.py:588} INFO - Filling up the DagBag from /workspaces/f1_data_team/venv/lib/python3.12/site-packages/airflow/example_dags/subdags/subdag.py
[2026-01-04T12:55:08.626+0000] {processor.py:927} WARNING - No viable dags retrieved from /workspaces/f1_data_team/venv/lib/python3.12/site-packages/airflow/example_dags/subdags/subdag.py
[2026-01-04T12:55:08.635+0000] {processor.py:208} INFO - Processing /workspaces/f1_data_team/venv/lib/python3.12/site-packages/airflow/example_dags/subdags/subdag.py took 0.017 seconds
[2026-01-04T12:55:48.252+0000] {processor.py:186} INFO - Started process (PID=47832) to work on /workspaces/f1_data_team/venv/lib/python3.12/site-packages/airflow/example_dags/subdags/subdag.py
[2026-01-04T12:55:48.253+0000] {processor.py:914} INFO - Processing file /workspaces/f1_data_team/venv/lib/python3.12/site-packages/airflow/example_dags/subdags/subdag.py for tasks to queue
[2026-01-04T12:55:48.255+0000] {logging_mixin.py:190} INFO - [2026-01-04T12:55:48.255+0000] {dagbag.py:588} INFO - Filling up the DagBag from /workspaces/f1_data_team/venv/lib/python3.12/site-packages/airflow/example_dags/subdags/subdag.py
[2026-01-04T12:55:48.257+0000] {processor.py:927} WARNING - No viable dags retrieved from /workspaces/f1_data_team/venv/lib/python3.12/site-packages/airflow/example_dags/subdags/subdag.py
[2026-01-04T12:55:48.265+0000] {processor.py:208} INFO - Processing /workspaces/f1_data_team/venv/lib/python3.12/site-packages/airflow/example_dags/subdags/subdag.py took 0.017 seconds
[2026-01-04T12:56:40.830+0000] {processor.py:186} INFO - Started process (PID=48366) to work on /workspaces/f1_data_team/venv/lib/python3.12/site-packages/airflow/example_dags/subdags/subdag.py
[2026-01-04T12:56:40.831+0000] {processor.py:914} INFO - Processing file /workspaces/f1_data_team/venv/lib/python3.12/site-packages/airflow/example_dags/subdags/subdag.py for tasks to queue
[2026-01-04T12:56:40.833+0000] {logging_mixin.py:190} INFO - [2026-01-04T12:56:40.832+0000] {dagbag.py:588} INFO - Filling up the DagBag from /workspaces/f1_data_team/venv/lib/python3.12/site-packages/airflow/example_dags/subdags/subdag.py
[2026-01-04T12:56:40.834+0000] {processor.py:927} WARNING - No viable dags retrieved from /workspaces/f1_data_team/venv/lib/python3.12/site-packages/airflow/example_dags/subdags/subdag.py
[2026-01-04T12:56:40.843+0000] {processor.py:208} INFO - Processing /workspaces/f1_data_team/venv/lib/python3.12/site-packages/airflow/example_dags/subdags/subdag.py took 0.017 seconds
[2026-01-04T12:57:30.358+0000] {processor.py:186} INFO - Started process (PID=48827) to work on /workspaces/f1_data_team/venv/lib/python3.12/site-packages/airflow/example_dags/subdags/subdag.py
[2026-01-04T12:57:30.358+0000] {processor.py:914} INFO - Processing file /workspaces/f1_data_team/venv/lib/python3.12/site-packages/airflow/example_dags/subdags/subdag.py for tasks to queue
[2026-01-04T12:57:30.360+0000] {logging_mixin.py:190} INFO - [2026-01-04T12:57:30.360+0000] {dagbag.py:588} INFO - Filling up the DagBag from /workspaces/f1_data_team/venv/lib/python3.12/site-packages/airflow/example_dags/subdags/subdag.py
[2026-01-04T12:57:30.362+0000] {processor.py:927} WARNING - No viable dags retrieved from /workspaces/f1_data_team/venv/lib/python3.12/site-packages/airflow/example_dags/subdags/subdag.py
[2026-01-04T12:57:30.371+0000] {processor.py:208} INFO - Processing /workspaces/f1_data_team/venv/lib/python3.12/site-packages/airflow/example_dags/subdags/subdag.py took 0.018 seconds
[2026-01-04T12:58:22.291+0000] {processor.py:186} INFO - Started process (PID=49350) to work on /workspaces/f1_data_team/venv/lib/python3.12/site-packages/airflow/example_dags/subdags/subdag.py
[2026-01-04T12:58:22.291+0000] {processor.py:914} INFO - Processing file /workspaces/f1_data_team/venv/lib/python3.12/site-packages/airflow/example_dags/subdags/subdag.py for tasks to queue
[2026-01-04T12:58:22.293+0000] {logging_mixin.py:190} INFO - [2026-01-04T12:58:22.293+0000] {dagbag.py:588} INFO - Filling up the DagBag from /workspaces/f1_data_team/venv/lib/python3.12/site-packages/airflow/example_dags/subdags/subdag.py
[2026-01-04T12:58:22.295+0000] {processor.py:927} WARNING - No viable dags retrieved from /workspaces/f1_data_team/venv/lib/python3.12/site-packages/airflow/example_dags/subdags/subdag.py
[2026-01-04T12:58:22.303+0000] {processor.py:208} INFO - Processing /workspaces/f1_data_team/venv/lib/python3.12/site-packages/airflow/example_dags/subdags/subdag.py took 0.017 seconds
[2026-01-04T12:59:19.070+0000] {processor.py:186} INFO - Started process (PID=49900) to work on /workspaces/f1_data_team/venv/lib/python3.12/site-packages/airflow/example_dags/subdags/subdag.py
[2026-01-04T12:59:19.071+0000] {processor.py:914} INFO - Processing file /workspaces/f1_data_team/venv/lib/python3.12/site-packages/airflow/example_dags/subdags/subdag.py for tasks to queue
[2026-01-04T12:59:19.073+0000] {logging_mixin.py:190} INFO - [2026-01-04T12:59:19.072+0000] {dagbag.py:588} INFO - Filling up the DagBag from /workspaces/f1_data_team/venv/lib/python3.12/site-packages/airflow/example_dags/subdags/subdag.py
[2026-01-04T12:59:19.074+0000] {processor.py:927} WARNING - No viable dags retrieved from /workspaces/f1_data_team/venv/lib/python3.12/site-packages/airflow/example_dags/subdags/subdag.py
[2026-01-04T12:59:19.083+0000] {processor.py:208} INFO - Processing /workspaces/f1_data_team/venv/lib/python3.12/site-packages/airflow/example_dags/subdags/subdag.py took 0.018 seconds
[2026-01-04T13:00:12.179+0000] {processor.py:186} INFO - Started process (PID=50485) to work on /workspaces/f1_data_team/venv/lib/python3.12/site-packages/airflow/example_dags/subdags/subdag.py
[2026-01-04T13:00:12.180+0000] {processor.py:914} INFO - Processing file /workspaces/f1_data_team/venv/lib/python3.12/site-packages/airflow/example_dags/subdags/subdag.py for tasks to queue
[2026-01-04T13:00:12.182+0000] {logging_mixin.py:190} INFO - [2026-01-04T13:00:12.182+0000] {dagbag.py:588} INFO - Filling up the DagBag from /workspaces/f1_data_team/venv/lib/python3.12/site-packages/airflow/example_dags/subdags/subdag.py
[2026-01-04T13:00:12.184+0000] {processor.py:927} WARNING - No viable dags retrieved from /workspaces/f1_data_team/venv/lib/python3.12/site-packages/airflow/example_dags/subdags/subdag.py
[2026-01-04T13:00:12.192+0000] {processor.py:208} INFO - Processing /workspaces/f1_data_team/venv/lib/python3.12/site-packages/airflow/example_dags/subdags/subdag.py took 0.017 seconds
[2026-01-04T13:01:04.973+0000] {processor.py:186} INFO - Started process (PID=51003) to work on /workspaces/f1_data_team/venv/lib/python3.12/site-packages/airflow/example_dags/subdags/subdag.py
[2026-01-04T13:01:04.974+0000] {processor.py:914} INFO - Processing file /workspaces/f1_data_team/venv/lib/python3.12/site-packages/airflow/example_dags/subdags/subdag.py for tasks to queue
[2026-01-04T13:01:04.976+0000] {logging_mixin.py:190} INFO - [2026-01-04T13:01:04.975+0000] {dagbag.py:588} INFO - Filling up the DagBag from /workspaces/f1_data_team/venv/lib/python3.12/site-packages/airflow/example_dags/subdags/subdag.py
[2026-01-04T13:01:04.977+0000] {processor.py:927} WARNING - No viable dags retrieved from /workspaces/f1_data_team/venv/lib/python3.12/site-packages/airflow/example_dags/subdags/subdag.py
[2026-01-04T13:01:04.986+0000] {processor.py:208} INFO - Processing /workspaces/f1_data_team/venv/lib/python3.12/site-packages/airflow/example_dags/subdags/subdag.py took 0.017 seconds
