[2026-01-04T12:26:57.353+0000] {processor.py:186} INFO - Started process (PID=24625) to work on /workspaces/f1_data_team/venv/lib/python3.12/site-packages/airflow/example_dags/example_short_circuit_decorator.py
[2026-01-04T12:26:57.353+0000] {processor.py:914} INFO - Processing file /workspaces/f1_data_team/venv/lib/python3.12/site-packages/airflow/example_dags/example_short_circuit_decorator.py for tasks to queue
[2026-01-04T12:26:57.356+0000] {logging_mixin.py:190} INFO - [2026-01-04T12:26:57.356+0000] {dagbag.py:588} INFO - Filling up the DagBag from /workspaces/f1_data_team/venv/lib/python3.12/site-packages/airflow/example_dags/example_short_circuit_decorator.py
[2026-01-04T12:26:57.367+0000] {processor.py:925} INFO - DAG(s) 'example_short_circuit_decorator' retrieved from /workspaces/f1_data_team/venv/lib/python3.12/site-packages/airflow/example_dags/example_short_circuit_decorator.py
[2026-01-04T12:26:57.449+0000] {logging_mixin.py:190} INFO - [2026-01-04T12:26:57.448+0000] {override.py:1911} INFO - Created Permission View: can read on DAG:example_short_circuit_decorator
[2026-01-04T12:26:57.456+0000] {logging_mixin.py:190} INFO - [2026-01-04T12:26:57.456+0000] {override.py:1911} INFO - Created Permission View: can edit on DAG:example_short_circuit_decorator
[2026-01-04T12:26:57.461+0000] {logging_mixin.py:190} INFO - [2026-01-04T12:26:57.461+0000] {override.py:1911} INFO - Created Permission View: can delete on DAG:example_short_circuit_decorator
[2026-01-04T12:26:57.468+0000] {logging_mixin.py:190} INFO - [2026-01-04T12:26:57.468+0000] {override.py:1911} INFO - Created Permission View: can read on DAG Run:example_short_circuit_decorator
[2026-01-04T12:26:57.474+0000] {logging_mixin.py:190} INFO - [2026-01-04T12:26:57.473+0000] {override.py:1911} INFO - Created Permission View: menu access on DAG Run:example_short_circuit_decorator
[2026-01-04T12:26:57.479+0000] {logging_mixin.py:190} INFO - [2026-01-04T12:26:57.478+0000] {override.py:1911} INFO - Created Permission View: can create on DAG Run:example_short_circuit_decorator
[2026-01-04T12:26:57.484+0000] {logging_mixin.py:190} INFO - [2026-01-04T12:26:57.483+0000] {override.py:1911} INFO - Created Permission View: can delete on DAG Run:example_short_circuit_decorator
[2026-01-04T12:26:57.484+0000] {logging_mixin.py:190} INFO - [2026-01-04T12:26:57.484+0000] {dag.py:3239} INFO - Sync 1 DAGs
[2026-01-04T12:26:57.492+0000] {logging_mixin.py:190} INFO - [2026-01-04T12:26:57.492+0000] {dag.py:3262} INFO - Creating ORM DAG for example_short_circuit_decorator
[2026-01-04T12:26:57.492+0000] {logging_mixin.py:190} INFO - [2026-01-04T12:26:57.492+0000] {dag.py:4180} INFO - Setting next_dagrun for example_short_circuit_decorator to None, run_after=None
[2026-01-04T12:26:57.516+0000] {processor.py:208} INFO - Processing /workspaces/f1_data_team/venv/lib/python3.12/site-packages/airflow/example_dags/example_short_circuit_decorator.py took 0.170 seconds
[2026-01-04T12:27:57.816+0000] {processor.py:186} INFO - Started process (PID=25153) to work on /workspaces/f1_data_team/venv/lib/python3.12/site-packages/airflow/example_dags/example_short_circuit_decorator.py
[2026-01-04T12:27:57.817+0000] {processor.py:914} INFO - Processing file /workspaces/f1_data_team/venv/lib/python3.12/site-packages/airflow/example_dags/example_short_circuit_decorator.py for tasks to queue
[2026-01-04T12:27:57.819+0000] {logging_mixin.py:190} INFO - [2026-01-04T12:27:57.819+0000] {dagbag.py:588} INFO - Filling up the DagBag from /workspaces/f1_data_team/venv/lib/python3.12/site-packages/airflow/example_dags/example_short_circuit_decorator.py
[2026-01-04T12:27:57.827+0000] {processor.py:925} INFO - DAG(s) 'example_short_circuit_decorator' retrieved from /workspaces/f1_data_team/venv/lib/python3.12/site-packages/airflow/example_dags/example_short_circuit_decorator.py
[2026-01-04T12:27:57.841+0000] {logging_mixin.py:190} INFO - [2026-01-04T12:27:57.841+0000] {dag.py:3239} INFO - Sync 1 DAGs
[2026-01-04T12:27:57.852+0000] {logging_mixin.py:190} INFO - [2026-01-04T12:27:57.851+0000] {dag.py:4180} INFO - Setting next_dagrun for example_short_circuit_decorator to None, run_after=None
[2026-01-04T12:27:57.867+0000] {processor.py:208} INFO - Processing /workspaces/f1_data_team/venv/lib/python3.12/site-packages/airflow/example_dags/example_short_circuit_decorator.py took 0.056 seconds
[2026-01-04T12:28:55.061+0000] {processor.py:186} INFO - Started process (PID=25685) to work on /workspaces/f1_data_team/venv/lib/python3.12/site-packages/airflow/example_dags/example_short_circuit_decorator.py
[2026-01-04T12:28:55.062+0000] {processor.py:914} INFO - Processing file /workspaces/f1_data_team/venv/lib/python3.12/site-packages/airflow/example_dags/example_short_circuit_decorator.py for tasks to queue
[2026-01-04T12:28:55.064+0000] {logging_mixin.py:190} INFO - [2026-01-04T12:28:55.064+0000] {dagbag.py:588} INFO - Filling up the DagBag from /workspaces/f1_data_team/venv/lib/python3.12/site-packages/airflow/example_dags/example_short_circuit_decorator.py
[2026-01-04T12:28:55.072+0000] {processor.py:925} INFO - DAG(s) 'example_short_circuit_decorator' retrieved from /workspaces/f1_data_team/venv/lib/python3.12/site-packages/airflow/example_dags/example_short_circuit_decorator.py
[2026-01-04T12:28:55.089+0000] {logging_mixin.py:190} INFO - [2026-01-04T12:28:55.089+0000] {dag.py:3239} INFO - Sync 1 DAGs
[2026-01-04T12:28:55.099+0000] {logging_mixin.py:190} INFO - [2026-01-04T12:28:55.099+0000] {dag.py:4180} INFO - Setting next_dagrun for example_short_circuit_decorator to None, run_after=None
[2026-01-04T12:28:55.114+0000] {processor.py:208} INFO - Processing /workspaces/f1_data_team/venv/lib/python3.12/site-packages/airflow/example_dags/example_short_circuit_decorator.py took 0.058 seconds
[2026-01-04T12:30:35.880+0000] {processor.py:186} INFO - Started process (PID=27597) to work on /workspaces/f1_data_team/venv/lib/python3.12/site-packages/airflow/example_dags/example_short_circuit_decorator.py
[2026-01-04T12:30:35.881+0000] {processor.py:914} INFO - Processing file /workspaces/f1_data_team/venv/lib/python3.12/site-packages/airflow/example_dags/example_short_circuit_decorator.py for tasks to queue
[2026-01-04T12:30:35.883+0000] {logging_mixin.py:190} INFO - [2026-01-04T12:30:35.883+0000] {dagbag.py:588} INFO - Filling up the DagBag from /workspaces/f1_data_team/venv/lib/python3.12/site-packages/airflow/example_dags/example_short_circuit_decorator.py
[2026-01-04T12:30:35.890+0000] {processor.py:925} INFO - DAG(s) 'example_short_circuit_decorator' retrieved from /workspaces/f1_data_team/venv/lib/python3.12/site-packages/airflow/example_dags/example_short_circuit_decorator.py
[2026-01-04T12:30:35.906+0000] {logging_mixin.py:190} INFO - [2026-01-04T12:30:35.906+0000] {dag.py:3239} INFO - Sync 1 DAGs
[2026-01-04T12:30:35.915+0000] {logging_mixin.py:190} INFO - [2026-01-04T12:30:35.915+0000] {dag.py:4180} INFO - Setting next_dagrun for example_short_circuit_decorator to None, run_after=None
[2026-01-04T12:30:35.929+0000] {processor.py:208} INFO - Processing /workspaces/f1_data_team/venv/lib/python3.12/site-packages/airflow/example_dags/example_short_circuit_decorator.py took 0.054 seconds
[2026-01-04T12:31:34.534+0000] {processor.py:186} INFO - Started process (PID=28638) to work on /workspaces/f1_data_team/venv/lib/python3.12/site-packages/airflow/example_dags/example_short_circuit_decorator.py
[2026-01-04T12:31:34.535+0000] {processor.py:914} INFO - Processing file /workspaces/f1_data_team/venv/lib/python3.12/site-packages/airflow/example_dags/example_short_circuit_decorator.py for tasks to queue
[2026-01-04T12:31:34.537+0000] {logging_mixin.py:190} INFO - [2026-01-04T12:31:34.536+0000] {dagbag.py:588} INFO - Filling up the DagBag from /workspaces/f1_data_team/venv/lib/python3.12/site-packages/airflow/example_dags/example_short_circuit_decorator.py
[2026-01-04T12:31:34.544+0000] {processor.py:925} INFO - DAG(s) 'example_short_circuit_decorator' retrieved from /workspaces/f1_data_team/venv/lib/python3.12/site-packages/airflow/example_dags/example_short_circuit_decorator.py
[2026-01-04T12:31:34.558+0000] {logging_mixin.py:190} INFO - [2026-01-04T12:31:34.558+0000] {dag.py:3239} INFO - Sync 1 DAGs
[2026-01-04T12:31:34.568+0000] {logging_mixin.py:190} INFO - [2026-01-04T12:31:34.568+0000] {dag.py:4180} INFO - Setting next_dagrun for example_short_circuit_decorator to None, run_after=None
[2026-01-04T12:31:34.583+0000] {processor.py:208} INFO - Processing /workspaces/f1_data_team/venv/lib/python3.12/site-packages/airflow/example_dags/example_short_circuit_decorator.py took 0.053 seconds
[2026-01-04T12:32:43.206+0000] {processor.py:186} INFO - Started process (PID=29751) to work on /workspaces/f1_data_team/venv/lib/python3.12/site-packages/airflow/example_dags/example_short_circuit_decorator.py
[2026-01-04T12:32:43.207+0000] {processor.py:914} INFO - Processing file /workspaces/f1_data_team/venv/lib/python3.12/site-packages/airflow/example_dags/example_short_circuit_decorator.py for tasks to queue
[2026-01-04T12:32:43.209+0000] {logging_mixin.py:190} INFO - [2026-01-04T12:32:43.209+0000] {dagbag.py:588} INFO - Filling up the DagBag from /workspaces/f1_data_team/venv/lib/python3.12/site-packages/airflow/example_dags/example_short_circuit_decorator.py
[2026-01-04T12:32:43.219+0000] {processor.py:925} INFO - DAG(s) 'example_short_circuit_decorator' retrieved from /workspaces/f1_data_team/venv/lib/python3.12/site-packages/airflow/example_dags/example_short_circuit_decorator.py
[2026-01-04T12:32:43.234+0000] {logging_mixin.py:190} INFO - [2026-01-04T12:32:43.234+0000] {dag.py:3239} INFO - Sync 1 DAGs
[2026-01-04T12:32:43.243+0000] {logging_mixin.py:190} INFO - [2026-01-04T12:32:43.243+0000] {dag.py:4180} INFO - Setting next_dagrun for example_short_circuit_decorator to None, run_after=None
[2026-01-04T12:32:43.258+0000] {processor.py:208} INFO - Processing /workspaces/f1_data_team/venv/lib/python3.12/site-packages/airflow/example_dags/example_short_circuit_decorator.py took 0.056 seconds
[2026-01-04T12:33:43.246+0000] {processor.py:186} INFO - Started process (PID=30657) to work on /workspaces/f1_data_team/venv/lib/python3.12/site-packages/airflow/example_dags/example_short_circuit_decorator.py
[2026-01-04T12:33:43.247+0000] {processor.py:914} INFO - Processing file /workspaces/f1_data_team/venv/lib/python3.12/site-packages/airflow/example_dags/example_short_circuit_decorator.py for tasks to queue
[2026-01-04T12:33:43.249+0000] {logging_mixin.py:190} INFO - [2026-01-04T12:33:43.248+0000] {dagbag.py:588} INFO - Filling up the DagBag from /workspaces/f1_data_team/venv/lib/python3.12/site-packages/airflow/example_dags/example_short_circuit_decorator.py
[2026-01-04T12:33:43.257+0000] {processor.py:925} INFO - DAG(s) 'example_short_circuit_decorator' retrieved from /workspaces/f1_data_team/venv/lib/python3.12/site-packages/airflow/example_dags/example_short_circuit_decorator.py
[2026-01-04T12:33:43.271+0000] {logging_mixin.py:190} INFO - [2026-01-04T12:33:43.271+0000] {dag.py:3239} INFO - Sync 1 DAGs
[2026-01-04T12:33:43.281+0000] {logging_mixin.py:190} INFO - [2026-01-04T12:33:43.281+0000] {dag.py:4180} INFO - Setting next_dagrun for example_short_circuit_decorator to None, run_after=None
[2026-01-04T12:33:43.297+0000] {processor.py:208} INFO - Processing /workspaces/f1_data_team/venv/lib/python3.12/site-packages/airflow/example_dags/example_short_circuit_decorator.py took 0.056 seconds
[2026-01-04T12:34:39.722+0000] {processor.py:186} INFO - Started process (PID=31197) to work on /workspaces/f1_data_team/venv/lib/python3.12/site-packages/airflow/example_dags/example_short_circuit_decorator.py
[2026-01-04T12:34:39.723+0000] {processor.py:914} INFO - Processing file /workspaces/f1_data_team/venv/lib/python3.12/site-packages/airflow/example_dags/example_short_circuit_decorator.py for tasks to queue
[2026-01-04T12:34:39.726+0000] {logging_mixin.py:190} INFO - [2026-01-04T12:34:39.725+0000] {dagbag.py:588} INFO - Filling up the DagBag from /workspaces/f1_data_team/venv/lib/python3.12/site-packages/airflow/example_dags/example_short_circuit_decorator.py
[2026-01-04T12:34:39.736+0000] {processor.py:925} INFO - DAG(s) 'example_short_circuit_decorator' retrieved from /workspaces/f1_data_team/venv/lib/python3.12/site-packages/airflow/example_dags/example_short_circuit_decorator.py
[2026-01-04T12:34:39.750+0000] {logging_mixin.py:190} INFO - [2026-01-04T12:34:39.750+0000] {dag.py:3239} INFO - Sync 1 DAGs
[2026-01-04T12:34:39.760+0000] {logging_mixin.py:190} INFO - [2026-01-04T12:34:39.760+0000] {dag.py:4180} INFO - Setting next_dagrun for example_short_circuit_decorator to None, run_after=None
[2026-01-04T12:34:39.774+0000] {processor.py:208} INFO - Processing /workspaces/f1_data_team/venv/lib/python3.12/site-packages/airflow/example_dags/example_short_circuit_decorator.py took 0.059 seconds
[2026-01-04T12:35:36.247+0000] {processor.py:186} INFO - Started process (PID=31726) to work on /workspaces/f1_data_team/venv/lib/python3.12/site-packages/airflow/example_dags/example_short_circuit_decorator.py
[2026-01-04T12:35:36.248+0000] {processor.py:914} INFO - Processing file /workspaces/f1_data_team/venv/lib/python3.12/site-packages/airflow/example_dags/example_short_circuit_decorator.py for tasks to queue
[2026-01-04T12:35:36.250+0000] {logging_mixin.py:190} INFO - [2026-01-04T12:35:36.250+0000] {dagbag.py:588} INFO - Filling up the DagBag from /workspaces/f1_data_team/venv/lib/python3.12/site-packages/airflow/example_dags/example_short_circuit_decorator.py
[2026-01-04T12:35:36.258+0000] {processor.py:925} INFO - DAG(s) 'example_short_circuit_decorator' retrieved from /workspaces/f1_data_team/venv/lib/python3.12/site-packages/airflow/example_dags/example_short_circuit_decorator.py
[2026-01-04T12:35:36.277+0000] {logging_mixin.py:190} INFO - [2026-01-04T12:35:36.276+0000] {dag.py:3239} INFO - Sync 1 DAGs
[2026-01-04T12:35:36.287+0000] {logging_mixin.py:190} INFO - [2026-01-04T12:35:36.287+0000] {dag.py:4180} INFO - Setting next_dagrun for example_short_circuit_decorator to None, run_after=None
[2026-01-04T12:35:36.301+0000] {processor.py:208} INFO - Processing /workspaces/f1_data_team/venv/lib/python3.12/site-packages/airflow/example_dags/example_short_circuit_decorator.py took 0.059 seconds
[2026-01-04T12:36:29.685+0000] {processor.py:186} INFO - Started process (PID=32399) to work on /workspaces/f1_data_team/venv/lib/python3.12/site-packages/airflow/example_dags/example_short_circuit_decorator.py
[2026-01-04T12:36:29.686+0000] {processor.py:914} INFO - Processing file /workspaces/f1_data_team/venv/lib/python3.12/site-packages/airflow/example_dags/example_short_circuit_decorator.py for tasks to queue
[2026-01-04T12:36:29.688+0000] {logging_mixin.py:190} INFO - [2026-01-04T12:36:29.688+0000] {dagbag.py:588} INFO - Filling up the DagBag from /workspaces/f1_data_team/venv/lib/python3.12/site-packages/airflow/example_dags/example_short_circuit_decorator.py
[2026-01-04T12:36:29.696+0000] {processor.py:925} INFO - DAG(s) 'example_short_circuit_decorator' retrieved from /workspaces/f1_data_team/venv/lib/python3.12/site-packages/airflow/example_dags/example_short_circuit_decorator.py
[2026-01-04T12:36:29.710+0000] {logging_mixin.py:190} INFO - [2026-01-04T12:36:29.710+0000] {dag.py:3239} INFO - Sync 1 DAGs
[2026-01-04T12:36:29.719+0000] {logging_mixin.py:190} INFO - [2026-01-04T12:36:29.719+0000] {dag.py:4180} INFO - Setting next_dagrun for example_short_circuit_decorator to None, run_after=None
[2026-01-04T12:36:29.733+0000] {processor.py:208} INFO - Processing /workspaces/f1_data_team/venv/lib/python3.12/site-packages/airflow/example_dags/example_short_circuit_decorator.py took 0.053 seconds
[2026-01-04T12:37:21.792+0000] {processor.py:186} INFO - Started process (PID=32886) to work on /workspaces/f1_data_team/venv/lib/python3.12/site-packages/airflow/example_dags/example_short_circuit_decorator.py
[2026-01-04T12:37:21.793+0000] {processor.py:914} INFO - Processing file /workspaces/f1_data_team/venv/lib/python3.12/site-packages/airflow/example_dags/example_short_circuit_decorator.py for tasks to queue
[2026-01-04T12:37:21.795+0000] {logging_mixin.py:190} INFO - [2026-01-04T12:37:21.794+0000] {dagbag.py:588} INFO - Filling up the DagBag from /workspaces/f1_data_team/venv/lib/python3.12/site-packages/airflow/example_dags/example_short_circuit_decorator.py
[2026-01-04T12:37:21.803+0000] {processor.py:925} INFO - DAG(s) 'example_short_circuit_decorator' retrieved from /workspaces/f1_data_team/venv/lib/python3.12/site-packages/airflow/example_dags/example_short_circuit_decorator.py
[2026-01-04T12:37:21.817+0000] {logging_mixin.py:190} INFO - [2026-01-04T12:37:21.816+0000] {dag.py:3239} INFO - Sync 1 DAGs
[2026-01-04T12:37:21.826+0000] {logging_mixin.py:190} INFO - [2026-01-04T12:37:21.826+0000] {dag.py:4180} INFO - Setting next_dagrun for example_short_circuit_decorator to None, run_after=None
[2026-01-04T12:37:21.842+0000] {processor.py:208} INFO - Processing /workspaces/f1_data_team/venv/lib/python3.12/site-packages/airflow/example_dags/example_short_circuit_decorator.py took 0.054 seconds
[2026-01-04T12:38:16.397+0000] {processor.py:186} INFO - Started process (PID=33724) to work on /workspaces/f1_data_team/venv/lib/python3.12/site-packages/airflow/example_dags/example_short_circuit_decorator.py
[2026-01-04T12:38:16.397+0000] {processor.py:914} INFO - Processing file /workspaces/f1_data_team/venv/lib/python3.12/site-packages/airflow/example_dags/example_short_circuit_decorator.py for tasks to queue
[2026-01-04T12:38:16.400+0000] {logging_mixin.py:190} INFO - [2026-01-04T12:38:16.399+0000] {dagbag.py:588} INFO - Filling up the DagBag from /workspaces/f1_data_team/venv/lib/python3.12/site-packages/airflow/example_dags/example_short_circuit_decorator.py
[2026-01-04T12:38:16.408+0000] {processor.py:925} INFO - DAG(s) 'example_short_circuit_decorator' retrieved from /workspaces/f1_data_team/venv/lib/python3.12/site-packages/airflow/example_dags/example_short_circuit_decorator.py
[2026-01-04T12:38:16.422+0000] {logging_mixin.py:190} INFO - [2026-01-04T12:38:16.421+0000] {dag.py:3239} INFO - Sync 1 DAGs
[2026-01-04T12:38:16.434+0000] {logging_mixin.py:190} INFO - [2026-01-04T12:38:16.434+0000] {dag.py:4180} INFO - Setting next_dagrun for example_short_circuit_decorator to None, run_after=None
[2026-01-04T12:38:16.454+0000] {processor.py:208} INFO - Processing /workspaces/f1_data_team/venv/lib/python3.12/site-packages/airflow/example_dags/example_short_circuit_decorator.py took 0.062 seconds
[2026-01-04T12:39:07.340+0000] {processor.py:186} INFO - Started process (PID=34203) to work on /workspaces/f1_data_team/venv/lib/python3.12/site-packages/airflow/example_dags/example_short_circuit_decorator.py
[2026-01-04T12:39:07.341+0000] {processor.py:914} INFO - Processing file /workspaces/f1_data_team/venv/lib/python3.12/site-packages/airflow/example_dags/example_short_circuit_decorator.py for tasks to queue
[2026-01-04T12:39:07.343+0000] {logging_mixin.py:190} INFO - [2026-01-04T12:39:07.343+0000] {dagbag.py:588} INFO - Filling up the DagBag from /workspaces/f1_data_team/venv/lib/python3.12/site-packages/airflow/example_dags/example_short_circuit_decorator.py
[2026-01-04T12:39:07.351+0000] {processor.py:925} INFO - DAG(s) 'example_short_circuit_decorator' retrieved from /workspaces/f1_data_team/venv/lib/python3.12/site-packages/airflow/example_dags/example_short_circuit_decorator.py
[2026-01-04T12:39:07.366+0000] {logging_mixin.py:190} INFO - [2026-01-04T12:39:07.365+0000] {dag.py:3239} INFO - Sync 1 DAGs
[2026-01-04T12:39:07.379+0000] {logging_mixin.py:190} INFO - [2026-01-04T12:39:07.379+0000] {dag.py:4180} INFO - Setting next_dagrun for example_short_circuit_decorator to None, run_after=None
[2026-01-04T12:39:07.394+0000] {processor.py:208} INFO - Processing /workspaces/f1_data_team/venv/lib/python3.12/site-packages/airflow/example_dags/example_short_circuit_decorator.py took 0.059 seconds
[2026-01-04T12:40:02.894+0000] {processor.py:186} INFO - Started process (PID=34737) to work on /workspaces/f1_data_team/venv/lib/python3.12/site-packages/airflow/example_dags/example_short_circuit_decorator.py
[2026-01-04T12:40:02.896+0000] {processor.py:914} INFO - Processing file /workspaces/f1_data_team/venv/lib/python3.12/site-packages/airflow/example_dags/example_short_circuit_decorator.py for tasks to queue
[2026-01-04T12:40:02.900+0000] {logging_mixin.py:190} INFO - [2026-01-04T12:40:02.899+0000] {dagbag.py:588} INFO - Filling up the DagBag from /workspaces/f1_data_team/venv/lib/python3.12/site-packages/airflow/example_dags/example_short_circuit_decorator.py
[2026-01-04T12:40:02.931+0000] {processor.py:925} INFO - DAG(s) 'example_short_circuit_decorator' retrieved from /workspaces/f1_data_team/venv/lib/python3.12/site-packages/airflow/example_dags/example_short_circuit_decorator.py
[2026-01-04T12:40:02.979+0000] {logging_mixin.py:190} INFO - [2026-01-04T12:40:02.978+0000] {dag.py:3239} INFO - Sync 1 DAGs
[2026-01-04T12:40:03.005+0000] {logging_mixin.py:190} INFO - [2026-01-04T12:40:03.005+0000] {dag.py:4180} INFO - Setting next_dagrun for example_short_circuit_decorator to None, run_after=None
[2026-01-04T12:40:03.048+0000] {processor.py:208} INFO - Processing /workspaces/f1_data_team/venv/lib/python3.12/site-packages/airflow/example_dags/example_short_circuit_decorator.py took 0.172 seconds
[2026-01-04T12:40:56.245+0000] {processor.py:186} INFO - Started process (PID=35272) to work on /workspaces/f1_data_team/venv/lib/python3.12/site-packages/airflow/example_dags/example_short_circuit_decorator.py
[2026-01-04T12:40:56.246+0000] {processor.py:914} INFO - Processing file /workspaces/f1_data_team/venv/lib/python3.12/site-packages/airflow/example_dags/example_short_circuit_decorator.py for tasks to queue
[2026-01-04T12:40:56.248+0000] {logging_mixin.py:190} INFO - [2026-01-04T12:40:56.247+0000] {dagbag.py:588} INFO - Filling up the DagBag from /workspaces/f1_data_team/venv/lib/python3.12/site-packages/airflow/example_dags/example_short_circuit_decorator.py
[2026-01-04T12:40:56.257+0000] {processor.py:925} INFO - DAG(s) 'example_short_circuit_decorator' retrieved from /workspaces/f1_data_team/venv/lib/python3.12/site-packages/airflow/example_dags/example_short_circuit_decorator.py
[2026-01-04T12:40:56.275+0000] {logging_mixin.py:190} INFO - [2026-01-04T12:40:56.274+0000] {dag.py:3239} INFO - Sync 1 DAGs
[2026-01-04T12:40:56.289+0000] {logging_mixin.py:190} INFO - [2026-01-04T12:40:56.289+0000] {dag.py:4180} INFO - Setting next_dagrun for example_short_circuit_decorator to None, run_after=None
[2026-01-04T12:40:56.317+0000] {processor.py:208} INFO - Processing /workspaces/f1_data_team/venv/lib/python3.12/site-packages/airflow/example_dags/example_short_circuit_decorator.py took 0.076 seconds
[2026-01-04T12:41:40.664+0000] {processor.py:186} INFO - Started process (PID=35985) to work on /workspaces/f1_data_team/venv/lib/python3.12/site-packages/airflow/example_dags/example_short_circuit_decorator.py
[2026-01-04T12:41:40.665+0000] {processor.py:914} INFO - Processing file /workspaces/f1_data_team/venv/lib/python3.12/site-packages/airflow/example_dags/example_short_circuit_decorator.py for tasks to queue
[2026-01-04T12:41:40.667+0000] {logging_mixin.py:190} INFO - [2026-01-04T12:41:40.666+0000] {dagbag.py:588} INFO - Filling up the DagBag from /workspaces/f1_data_team/venv/lib/python3.12/site-packages/airflow/example_dags/example_short_circuit_decorator.py
[2026-01-04T12:41:40.676+0000] {processor.py:925} INFO - DAG(s) 'example_short_circuit_decorator' retrieved from /workspaces/f1_data_team/venv/lib/python3.12/site-packages/airflow/example_dags/example_short_circuit_decorator.py
[2026-01-04T12:41:40.695+0000] {logging_mixin.py:190} INFO - [2026-01-04T12:41:40.694+0000] {dag.py:3239} INFO - Sync 1 DAGs
[2026-01-04T12:41:40.704+0000] {logging_mixin.py:190} INFO - [2026-01-04T12:41:40.704+0000] {dag.py:4180} INFO - Setting next_dagrun for example_short_circuit_decorator to None, run_after=None
[2026-01-04T12:41:40.719+0000] {processor.py:208} INFO - Processing /workspaces/f1_data_team/venv/lib/python3.12/site-packages/airflow/example_dags/example_short_circuit_decorator.py took 0.059 seconds
[2026-01-04T12:42:47.015+0000] {processor.py:186} INFO - Started process (PID=37014) to work on /workspaces/f1_data_team/venv/lib/python3.12/site-packages/airflow/example_dags/example_short_circuit_decorator.py
[2026-01-04T12:42:47.016+0000] {processor.py:914} INFO - Processing file /workspaces/f1_data_team/venv/lib/python3.12/site-packages/airflow/example_dags/example_short_circuit_decorator.py for tasks to queue
[2026-01-04T12:42:47.018+0000] {logging_mixin.py:190} INFO - [2026-01-04T12:42:47.018+0000] {dagbag.py:588} INFO - Filling up the DagBag from /workspaces/f1_data_team/venv/lib/python3.12/site-packages/airflow/example_dags/example_short_circuit_decorator.py
[2026-01-04T12:42:47.026+0000] {processor.py:925} INFO - DAG(s) 'example_short_circuit_decorator' retrieved from /workspaces/f1_data_team/venv/lib/python3.12/site-packages/airflow/example_dags/example_short_circuit_decorator.py
[2026-01-04T12:42:47.040+0000] {logging_mixin.py:190} INFO - [2026-01-04T12:42:47.040+0000] {dag.py:3239} INFO - Sync 1 DAGs
[2026-01-04T12:42:47.050+0000] {logging_mixin.py:190} INFO - [2026-01-04T12:42:47.050+0000] {dag.py:4180} INFO - Setting next_dagrun for example_short_circuit_decorator to None, run_after=None
[2026-01-04T12:42:47.064+0000] {processor.py:208} INFO - Processing /workspaces/f1_data_team/venv/lib/python3.12/site-packages/airflow/example_dags/example_short_circuit_decorator.py took 0.054 seconds
[2026-01-04T12:43:43.614+0000] {processor.py:186} INFO - Started process (PID=37703) to work on /workspaces/f1_data_team/venv/lib/python3.12/site-packages/airflow/example_dags/example_short_circuit_decorator.py
[2026-01-04T12:43:43.615+0000] {processor.py:914} INFO - Processing file /workspaces/f1_data_team/venv/lib/python3.12/site-packages/airflow/example_dags/example_short_circuit_decorator.py for tasks to queue
[2026-01-04T12:43:43.617+0000] {logging_mixin.py:190} INFO - [2026-01-04T12:43:43.616+0000] {dagbag.py:588} INFO - Filling up the DagBag from /workspaces/f1_data_team/venv/lib/python3.12/site-packages/airflow/example_dags/example_short_circuit_decorator.py
[2026-01-04T12:43:43.624+0000] {processor.py:925} INFO - DAG(s) 'example_short_circuit_decorator' retrieved from /workspaces/f1_data_team/venv/lib/python3.12/site-packages/airflow/example_dags/example_short_circuit_decorator.py
[2026-01-04T12:43:43.638+0000] {logging_mixin.py:190} INFO - [2026-01-04T12:43:43.638+0000] {dag.py:3239} INFO - Sync 1 DAGs
[2026-01-04T12:43:43.648+0000] {logging_mixin.py:190} INFO - [2026-01-04T12:43:43.648+0000] {dag.py:4180} INFO - Setting next_dagrun for example_short_circuit_decorator to None, run_after=None
[2026-01-04T12:43:43.663+0000] {processor.py:208} INFO - Processing /workspaces/f1_data_team/venv/lib/python3.12/site-packages/airflow/example_dags/example_short_circuit_decorator.py took 0.054 seconds
[2026-01-04T12:44:33.746+0000] {processor.py:186} INFO - Started process (PID=38278) to work on /workspaces/f1_data_team/venv/lib/python3.12/site-packages/airflow/example_dags/example_short_circuit_decorator.py
[2026-01-04T12:44:33.747+0000] {processor.py:914} INFO - Processing file /workspaces/f1_data_team/venv/lib/python3.12/site-packages/airflow/example_dags/example_short_circuit_decorator.py for tasks to queue
[2026-01-04T12:44:33.750+0000] {logging_mixin.py:190} INFO - [2026-01-04T12:44:33.749+0000] {dagbag.py:588} INFO - Filling up the DagBag from /workspaces/f1_data_team/venv/lib/python3.12/site-packages/airflow/example_dags/example_short_circuit_decorator.py
[2026-01-04T12:44:33.766+0000] {processor.py:925} INFO - DAG(s) 'example_short_circuit_decorator' retrieved from /workspaces/f1_data_team/venv/lib/python3.12/site-packages/airflow/example_dags/example_short_circuit_decorator.py
[2026-01-04T12:44:33.785+0000] {logging_mixin.py:190} INFO - [2026-01-04T12:44:33.785+0000] {dag.py:3239} INFO - Sync 1 DAGs
[2026-01-04T12:44:33.795+0000] {logging_mixin.py:190} INFO - [2026-01-04T12:44:33.794+0000] {dag.py:4180} INFO - Setting next_dagrun for example_short_circuit_decorator to None, run_after=None
[2026-01-04T12:44:33.811+0000] {processor.py:208} INFO - Processing /workspaces/f1_data_team/venv/lib/python3.12/site-packages/airflow/example_dags/example_short_circuit_decorator.py took 0.072 seconds
[2026-01-04T12:45:32.300+0000] {processor.py:186} INFO - Started process (PID=39414) to work on /workspaces/f1_data_team/venv/lib/python3.12/site-packages/airflow/example_dags/example_short_circuit_decorator.py
[2026-01-04T12:45:32.301+0000] {processor.py:914} INFO - Processing file /workspaces/f1_data_team/venv/lib/python3.12/site-packages/airflow/example_dags/example_short_circuit_decorator.py for tasks to queue
[2026-01-04T12:45:32.302+0000] {logging_mixin.py:190} INFO - [2026-01-04T12:45:32.302+0000] {dagbag.py:588} INFO - Filling up the DagBag from /workspaces/f1_data_team/venv/lib/python3.12/site-packages/airflow/example_dags/example_short_circuit_decorator.py
[2026-01-04T12:45:32.311+0000] {processor.py:925} INFO - DAG(s) 'example_short_circuit_decorator' retrieved from /workspaces/f1_data_team/venv/lib/python3.12/site-packages/airflow/example_dags/example_short_circuit_decorator.py
[2026-01-04T12:45:32.325+0000] {logging_mixin.py:190} INFO - [2026-01-04T12:45:32.324+0000] {dag.py:3239} INFO - Sync 1 DAGs
[2026-01-04T12:45:32.335+0000] {logging_mixin.py:190} INFO - [2026-01-04T12:45:32.335+0000] {dag.py:4180} INFO - Setting next_dagrun for example_short_circuit_decorator to None, run_after=None
[2026-01-04T12:45:32.351+0000] {processor.py:208} INFO - Processing /workspaces/f1_data_team/venv/lib/python3.12/site-packages/airflow/example_dags/example_short_circuit_decorator.py took 0.056 seconds
[2026-01-04T12:46:28.338+0000] {processor.py:186} INFO - Started process (PID=40004) to work on /workspaces/f1_data_team/venv/lib/python3.12/site-packages/airflow/example_dags/example_short_circuit_decorator.py
[2026-01-04T12:46:28.339+0000] {processor.py:914} INFO - Processing file /workspaces/f1_data_team/venv/lib/python3.12/site-packages/airflow/example_dags/example_short_circuit_decorator.py for tasks to queue
[2026-01-04T12:46:28.341+0000] {logging_mixin.py:190} INFO - [2026-01-04T12:46:28.341+0000] {dagbag.py:588} INFO - Filling up the DagBag from /workspaces/f1_data_team/venv/lib/python3.12/site-packages/airflow/example_dags/example_short_circuit_decorator.py
[2026-01-04T12:46:28.349+0000] {processor.py:925} INFO - DAG(s) 'example_short_circuit_decorator' retrieved from /workspaces/f1_data_team/venv/lib/python3.12/site-packages/airflow/example_dags/example_short_circuit_decorator.py
[2026-01-04T12:46:28.364+0000] {logging_mixin.py:190} INFO - [2026-01-04T12:46:28.363+0000] {dag.py:3239} INFO - Sync 1 DAGs
[2026-01-04T12:46:28.374+0000] {logging_mixin.py:190} INFO - [2026-01-04T12:46:28.373+0000] {dag.py:4180} INFO - Setting next_dagrun for example_short_circuit_decorator to None, run_after=None
[2026-01-04T12:46:28.389+0000] {processor.py:208} INFO - Processing /workspaces/f1_data_team/venv/lib/python3.12/site-packages/airflow/example_dags/example_short_circuit_decorator.py took 0.056 seconds
[2026-01-04T12:47:19.952+0000] {processor.py:186} INFO - Started process (PID=40485) to work on /workspaces/f1_data_team/venv/lib/python3.12/site-packages/airflow/example_dags/example_short_circuit_decorator.py
[2026-01-04T12:47:19.953+0000] {processor.py:914} INFO - Processing file /workspaces/f1_data_team/venv/lib/python3.12/site-packages/airflow/example_dags/example_short_circuit_decorator.py for tasks to queue
[2026-01-04T12:47:19.955+0000] {logging_mixin.py:190} INFO - [2026-01-04T12:47:19.955+0000] {dagbag.py:588} INFO - Filling up the DagBag from /workspaces/f1_data_team/venv/lib/python3.12/site-packages/airflow/example_dags/example_short_circuit_decorator.py
[2026-01-04T12:47:19.963+0000] {processor.py:925} INFO - DAG(s) 'example_short_circuit_decorator' retrieved from /workspaces/f1_data_team/venv/lib/python3.12/site-packages/airflow/example_dags/example_short_circuit_decorator.py
[2026-01-04T12:47:19.977+0000] {logging_mixin.py:190} INFO - [2026-01-04T12:47:19.976+0000] {dag.py:3239} INFO - Sync 1 DAGs
[2026-01-04T12:47:19.986+0000] {logging_mixin.py:190} INFO - [2026-01-04T12:47:19.986+0000] {dag.py:4180} INFO - Setting next_dagrun for example_short_circuit_decorator to None, run_after=None
[2026-01-04T12:47:20.001+0000] {processor.py:208} INFO - Processing /workspaces/f1_data_team/venv/lib/python3.12/site-packages/airflow/example_dags/example_short_circuit_decorator.py took 0.053 seconds
[2026-01-04T12:48:09.663+0000] {processor.py:186} INFO - Started process (PID=40973) to work on /workspaces/f1_data_team/venv/lib/python3.12/site-packages/airflow/example_dags/example_short_circuit_decorator.py
[2026-01-04T12:48:09.664+0000] {processor.py:914} INFO - Processing file /workspaces/f1_data_team/venv/lib/python3.12/site-packages/airflow/example_dags/example_short_circuit_decorator.py for tasks to queue
[2026-01-04T12:48:09.665+0000] {logging_mixin.py:190} INFO - [2026-01-04T12:48:09.665+0000] {dagbag.py:588} INFO - Filling up the DagBag from /workspaces/f1_data_team/venv/lib/python3.12/site-packages/airflow/example_dags/example_short_circuit_decorator.py
[2026-01-04T12:48:09.673+0000] {processor.py:925} INFO - DAG(s) 'example_short_circuit_decorator' retrieved from /workspaces/f1_data_team/venv/lib/python3.12/site-packages/airflow/example_dags/example_short_circuit_decorator.py
[2026-01-04T12:48:09.688+0000] {logging_mixin.py:190} INFO - [2026-01-04T12:48:09.687+0000] {dag.py:3239} INFO - Sync 1 DAGs
[2026-01-04T12:48:09.702+0000] {logging_mixin.py:190} INFO - [2026-01-04T12:48:09.702+0000] {dag.py:4180} INFO - Setting next_dagrun for example_short_circuit_decorator to None, run_after=None
[2026-01-04T12:48:09.723+0000] {processor.py:208} INFO - Processing /workspaces/f1_data_team/venv/lib/python3.12/site-packages/airflow/example_dags/example_short_circuit_decorator.py took 0.065 seconds
[2026-01-04T12:49:02.480+0000] {processor.py:186} INFO - Started process (PID=41985) to work on /workspaces/f1_data_team/venv/lib/python3.12/site-packages/airflow/example_dags/example_short_circuit_decorator.py
[2026-01-04T12:49:02.481+0000] {processor.py:914} INFO - Processing file /workspaces/f1_data_team/venv/lib/python3.12/site-packages/airflow/example_dags/example_short_circuit_decorator.py for tasks to queue
[2026-01-04T12:49:02.483+0000] {logging_mixin.py:190} INFO - [2026-01-04T12:49:02.482+0000] {dagbag.py:588} INFO - Filling up the DagBag from /workspaces/f1_data_team/venv/lib/python3.12/site-packages/airflow/example_dags/example_short_circuit_decorator.py
[2026-01-04T12:49:02.492+0000] {processor.py:925} INFO - DAG(s) 'example_short_circuit_decorator' retrieved from /workspaces/f1_data_team/venv/lib/python3.12/site-packages/airflow/example_dags/example_short_circuit_decorator.py
[2026-01-04T12:49:02.508+0000] {logging_mixin.py:190} INFO - [2026-01-04T12:49:02.508+0000] {dag.py:3239} INFO - Sync 1 DAGs
[2026-01-04T12:49:02.517+0000] {logging_mixin.py:190} INFO - [2026-01-04T12:49:02.517+0000] {dag.py:4180} INFO - Setting next_dagrun for example_short_circuit_decorator to None, run_after=None
[2026-01-04T12:49:02.532+0000] {processor.py:208} INFO - Processing /workspaces/f1_data_team/venv/lib/python3.12/site-packages/airflow/example_dags/example_short_circuit_decorator.py took 0.057 seconds
[2026-01-04T12:49:59.223+0000] {processor.py:186} INFO - Started process (PID=42615) to work on /workspaces/f1_data_team/venv/lib/python3.12/site-packages/airflow/example_dags/example_short_circuit_decorator.py
[2026-01-04T12:49:59.224+0000] {processor.py:914} INFO - Processing file /workspaces/f1_data_team/venv/lib/python3.12/site-packages/airflow/example_dags/example_short_circuit_decorator.py for tasks to queue
[2026-01-04T12:49:59.226+0000] {logging_mixin.py:190} INFO - [2026-01-04T12:49:59.226+0000] {dagbag.py:588} INFO - Filling up the DagBag from /workspaces/f1_data_team/venv/lib/python3.12/site-packages/airflow/example_dags/example_short_circuit_decorator.py
[2026-01-04T12:49:59.234+0000] {processor.py:925} INFO - DAG(s) 'example_short_circuit_decorator' retrieved from /workspaces/f1_data_team/venv/lib/python3.12/site-packages/airflow/example_dags/example_short_circuit_decorator.py
[2026-01-04T12:49:59.248+0000] {logging_mixin.py:190} INFO - [2026-01-04T12:49:59.248+0000] {dag.py:3239} INFO - Sync 1 DAGs
[2026-01-04T12:49:59.261+0000] {logging_mixin.py:190} INFO - [2026-01-04T12:49:59.261+0000] {dag.py:4180} INFO - Setting next_dagrun for example_short_circuit_decorator to None, run_after=None
[2026-01-04T12:49:59.276+0000] {processor.py:208} INFO - Processing /workspaces/f1_data_team/venv/lib/python3.12/site-packages/airflow/example_dags/example_short_circuit_decorator.py took 0.057 seconds
[2026-01-04T12:51:29.027+0000] {processor.py:186} INFO - Started process (PID=43843) to work on /workspaces/f1_data_team/venv/lib/python3.12/site-packages/airflow/example_dags/example_short_circuit_decorator.py
[2026-01-04T12:51:29.028+0000] {processor.py:914} INFO - Processing file /workspaces/f1_data_team/venv/lib/python3.12/site-packages/airflow/example_dags/example_short_circuit_decorator.py for tasks to queue
[2026-01-04T12:51:29.030+0000] {logging_mixin.py:190} INFO - [2026-01-04T12:51:29.030+0000] {dagbag.py:588} INFO - Filling up the DagBag from /workspaces/f1_data_team/venv/lib/python3.12/site-packages/airflow/example_dags/example_short_circuit_decorator.py
[2026-01-04T12:51:29.040+0000] {processor.py:925} INFO - DAG(s) 'example_short_circuit_decorator' retrieved from /workspaces/f1_data_team/venv/lib/python3.12/site-packages/airflow/example_dags/example_short_circuit_decorator.py
[2026-01-04T12:51:29.055+0000] {logging_mixin.py:190} INFO - [2026-01-04T12:51:29.055+0000] {dag.py:3239} INFO - Sync 1 DAGs
[2026-01-04T12:51:29.065+0000] {logging_mixin.py:190} INFO - [2026-01-04T12:51:29.065+0000] {dag.py:4180} INFO - Setting next_dagrun for example_short_circuit_decorator to None, run_after=None
[2026-01-04T12:51:29.081+0000] {processor.py:208} INFO - Processing /workspaces/f1_data_team/venv/lib/python3.12/site-packages/airflow/example_dags/example_short_circuit_decorator.py took 0.060 seconds
[2026-01-04T12:52:34.916+0000] {processor.py:186} INFO - Started process (PID=45017) to work on /workspaces/f1_data_team/venv/lib/python3.12/site-packages/airflow/example_dags/example_short_circuit_decorator.py
[2026-01-04T12:52:34.917+0000] {processor.py:914} INFO - Processing file /workspaces/f1_data_team/venv/lib/python3.12/site-packages/airflow/example_dags/example_short_circuit_decorator.py for tasks to queue
[2026-01-04T12:52:34.919+0000] {logging_mixin.py:190} INFO - [2026-01-04T12:52:34.918+0000] {dagbag.py:588} INFO - Filling up the DagBag from /workspaces/f1_data_team/venv/lib/python3.12/site-packages/airflow/example_dags/example_short_circuit_decorator.py
[2026-01-04T12:52:34.927+0000] {processor.py:925} INFO - DAG(s) 'example_short_circuit_decorator' retrieved from /workspaces/f1_data_team/venv/lib/python3.12/site-packages/airflow/example_dags/example_short_circuit_decorator.py
[2026-01-04T12:52:34.941+0000] {logging_mixin.py:190} INFO - [2026-01-04T12:52:34.941+0000] {dag.py:3239} INFO - Sync 1 DAGs
[2026-01-04T12:52:34.950+0000] {logging_mixin.py:190} INFO - [2026-01-04T12:52:34.950+0000] {dag.py:4180} INFO - Setting next_dagrun for example_short_circuit_decorator to None, run_after=None
[2026-01-04T12:52:34.965+0000] {processor.py:208} INFO - Processing /workspaces/f1_data_team/venv/lib/python3.12/site-packages/airflow/example_dags/example_short_circuit_decorator.py took 0.054 seconds
[2026-01-04T12:53:31.299+0000] {processor.py:186} INFO - Started process (PID=45811) to work on /workspaces/f1_data_team/venv/lib/python3.12/site-packages/airflow/example_dags/example_short_circuit_decorator.py
[2026-01-04T12:53:31.300+0000] {processor.py:914} INFO - Processing file /workspaces/f1_data_team/venv/lib/python3.12/site-packages/airflow/example_dags/example_short_circuit_decorator.py for tasks to queue
[2026-01-04T12:53:31.302+0000] {logging_mixin.py:190} INFO - [2026-01-04T12:53:31.301+0000] {dagbag.py:588} INFO - Filling up the DagBag from /workspaces/f1_data_team/venv/lib/python3.12/site-packages/airflow/example_dags/example_short_circuit_decorator.py
[2026-01-04T12:53:31.310+0000] {processor.py:925} INFO - DAG(s) 'example_short_circuit_decorator' retrieved from /workspaces/f1_data_team/venv/lib/python3.12/site-packages/airflow/example_dags/example_short_circuit_decorator.py
[2026-01-04T12:53:31.324+0000] {logging_mixin.py:190} INFO - [2026-01-04T12:53:31.323+0000] {dag.py:3239} INFO - Sync 1 DAGs
[2026-01-04T12:53:31.333+0000] {logging_mixin.py:190} INFO - [2026-01-04T12:53:31.333+0000] {dag.py:4180} INFO - Setting next_dagrun for example_short_circuit_decorator to None, run_after=None
[2026-01-04T12:53:31.348+0000] {processor.py:208} INFO - Processing /workspaces/f1_data_team/venv/lib/python3.12/site-packages/airflow/example_dags/example_short_circuit_decorator.py took 0.053 seconds
[2026-01-04T12:54:28.446+0000] {processor.py:186} INFO - Started process (PID=46607) to work on /workspaces/f1_data_team/venv/lib/python3.12/site-packages/airflow/example_dags/example_short_circuit_decorator.py
[2026-01-04T12:54:28.447+0000] {processor.py:914} INFO - Processing file /workspaces/f1_data_team/venv/lib/python3.12/site-packages/airflow/example_dags/example_short_circuit_decorator.py for tasks to queue
[2026-01-04T12:54:28.449+0000] {logging_mixin.py:190} INFO - [2026-01-04T12:54:28.448+0000] {dagbag.py:588} INFO - Filling up the DagBag from /workspaces/f1_data_team/venv/lib/python3.12/site-packages/airflow/example_dags/example_short_circuit_decorator.py
[2026-01-04T12:54:28.457+0000] {processor.py:925} INFO - DAG(s) 'example_short_circuit_decorator' retrieved from /workspaces/f1_data_team/venv/lib/python3.12/site-packages/airflow/example_dags/example_short_circuit_decorator.py
[2026-01-04T12:54:28.471+0000] {logging_mixin.py:190} INFO - [2026-01-04T12:54:28.471+0000] {dag.py:3239} INFO - Sync 1 DAGs
[2026-01-04T12:54:28.481+0000] {logging_mixin.py:190} INFO - [2026-01-04T12:54:28.481+0000] {dag.py:4180} INFO - Setting next_dagrun for example_short_circuit_decorator to None, run_after=None
[2026-01-04T12:54:28.497+0000] {processor.py:208} INFO - Processing /workspaces/f1_data_team/venv/lib/python3.12/site-packages/airflow/example_dags/example_short_circuit_decorator.py took 0.055 seconds
[2026-01-04T12:55:31.698+0000] {processor.py:186} INFO - Started process (PID=47697) to work on /workspaces/f1_data_team/venv/lib/python3.12/site-packages/airflow/example_dags/example_short_circuit_decorator.py
[2026-01-04T12:55:31.699+0000] {processor.py:914} INFO - Processing file /workspaces/f1_data_team/venv/lib/python3.12/site-packages/airflow/example_dags/example_short_circuit_decorator.py for tasks to queue
[2026-01-04T12:55:31.701+0000] {logging_mixin.py:190} INFO - [2026-01-04T12:55:31.700+0000] {dagbag.py:588} INFO - Filling up the DagBag from /workspaces/f1_data_team/venv/lib/python3.12/site-packages/airflow/example_dags/example_short_circuit_decorator.py
[2026-01-04T12:55:31.712+0000] {processor.py:925} INFO - DAG(s) 'example_short_circuit_decorator' retrieved from /workspaces/f1_data_team/venv/lib/python3.12/site-packages/airflow/example_dags/example_short_circuit_decorator.py
[2026-01-04T12:55:31.726+0000] {logging_mixin.py:190} INFO - [2026-01-04T12:55:31.726+0000] {dag.py:3239} INFO - Sync 1 DAGs
[2026-01-04T12:55:31.736+0000] {logging_mixin.py:190} INFO - [2026-01-04T12:55:31.735+0000] {dag.py:4180} INFO - Setting next_dagrun for example_short_circuit_decorator to None, run_after=None
[2026-01-04T12:55:31.751+0000] {processor.py:208} INFO - Processing /workspaces/f1_data_team/venv/lib/python3.12/site-packages/airflow/example_dags/example_short_circuit_decorator.py took 0.057 seconds
[2026-01-04T12:56:28.119+0000] {processor.py:186} INFO - Started process (PID=48267) to work on /workspaces/f1_data_team/venv/lib/python3.12/site-packages/airflow/example_dags/example_short_circuit_decorator.py
[2026-01-04T12:56:28.119+0000] {processor.py:914} INFO - Processing file /workspaces/f1_data_team/venv/lib/python3.12/site-packages/airflow/example_dags/example_short_circuit_decorator.py for tasks to queue
[2026-01-04T12:56:28.121+0000] {logging_mixin.py:190} INFO - [2026-01-04T12:56:28.121+0000] {dagbag.py:588} INFO - Filling up the DagBag from /workspaces/f1_data_team/venv/lib/python3.12/site-packages/airflow/example_dags/example_short_circuit_decorator.py
[2026-01-04T12:56:28.129+0000] {processor.py:925} INFO - DAG(s) 'example_short_circuit_decorator' retrieved from /workspaces/f1_data_team/venv/lib/python3.12/site-packages/airflow/example_dags/example_short_circuit_decorator.py
[2026-01-04T12:56:28.144+0000] {logging_mixin.py:190} INFO - [2026-01-04T12:56:28.144+0000] {dag.py:3239} INFO - Sync 1 DAGs
[2026-01-04T12:56:28.155+0000] {logging_mixin.py:190} INFO - [2026-01-04T12:56:28.155+0000] {dag.py:4180} INFO - Setting next_dagrun for example_short_circuit_decorator to None, run_after=None
[2026-01-04T12:56:28.172+0000] {processor.py:208} INFO - Processing /workspaces/f1_data_team/venv/lib/python3.12/site-packages/airflow/example_dags/example_short_circuit_decorator.py took 0.058 seconds
[2026-01-04T12:57:18.402+0000] {processor.py:186} INFO - Started process (PID=48738) to work on /workspaces/f1_data_team/venv/lib/python3.12/site-packages/airflow/example_dags/example_short_circuit_decorator.py
[2026-01-04T12:57:18.403+0000] {processor.py:914} INFO - Processing file /workspaces/f1_data_team/venv/lib/python3.12/site-packages/airflow/example_dags/example_short_circuit_decorator.py for tasks to queue
[2026-01-04T12:57:18.405+0000] {logging_mixin.py:190} INFO - [2026-01-04T12:57:18.405+0000] {dagbag.py:588} INFO - Filling up the DagBag from /workspaces/f1_data_team/venv/lib/python3.12/site-packages/airflow/example_dags/example_short_circuit_decorator.py
[2026-01-04T12:57:18.413+0000] {processor.py:925} INFO - DAG(s) 'example_short_circuit_decorator' retrieved from /workspaces/f1_data_team/venv/lib/python3.12/site-packages/airflow/example_dags/example_short_circuit_decorator.py
[2026-01-04T12:57:18.427+0000] {logging_mixin.py:190} INFO - [2026-01-04T12:57:18.427+0000] {dag.py:3239} INFO - Sync 1 DAGs
[2026-01-04T12:57:18.437+0000] {logging_mixin.py:190} INFO - [2026-01-04T12:57:18.437+0000] {dag.py:4180} INFO - Setting next_dagrun for example_short_circuit_decorator to None, run_after=None
[2026-01-04T12:57:18.452+0000] {processor.py:208} INFO - Processing /workspaces/f1_data_team/venv/lib/python3.12/site-packages/airflow/example_dags/example_short_circuit_decorator.py took 0.054 seconds
[2026-01-04T12:58:09.765+0000] {processor.py:186} INFO - Started process (PID=49240) to work on /workspaces/f1_data_team/venv/lib/python3.12/site-packages/airflow/example_dags/example_short_circuit_decorator.py
[2026-01-04T12:58:09.766+0000] {processor.py:914} INFO - Processing file /workspaces/f1_data_team/venv/lib/python3.12/site-packages/airflow/example_dags/example_short_circuit_decorator.py for tasks to queue
[2026-01-04T12:58:09.768+0000] {logging_mixin.py:190} INFO - [2026-01-04T12:58:09.767+0000] {dagbag.py:588} INFO - Filling up the DagBag from /workspaces/f1_data_team/venv/lib/python3.12/site-packages/airflow/example_dags/example_short_circuit_decorator.py
[2026-01-04T12:58:09.776+0000] {processor.py:925} INFO - DAG(s) 'example_short_circuit_decorator' retrieved from /workspaces/f1_data_team/venv/lib/python3.12/site-packages/airflow/example_dags/example_short_circuit_decorator.py
[2026-01-04T12:58:09.791+0000] {logging_mixin.py:190} INFO - [2026-01-04T12:58:09.790+0000] {dag.py:3239} INFO - Sync 1 DAGs
[2026-01-04T12:58:09.800+0000] {logging_mixin.py:190} INFO - [2026-01-04T12:58:09.800+0000] {dag.py:4180} INFO - Setting next_dagrun for example_short_circuit_decorator to None, run_after=None
[2026-01-04T12:58:09.815+0000] {processor.py:208} INFO - Processing /workspaces/f1_data_team/venv/lib/python3.12/site-packages/airflow/example_dags/example_short_circuit_decorator.py took 0.054 seconds
[2026-01-04T12:59:03.901+0000] {processor.py:186} INFO - Started process (PID=49697) to work on /workspaces/f1_data_team/venv/lib/python3.12/site-packages/airflow/example_dags/example_short_circuit_decorator.py
[2026-01-04T12:59:03.901+0000] {processor.py:914} INFO - Processing file /workspaces/f1_data_team/venv/lib/python3.12/site-packages/airflow/example_dags/example_short_circuit_decorator.py for tasks to queue
[2026-01-04T12:59:03.903+0000] {logging_mixin.py:190} INFO - [2026-01-04T12:59:03.903+0000] {dagbag.py:588} INFO - Filling up the DagBag from /workspaces/f1_data_team/venv/lib/python3.12/site-packages/airflow/example_dags/example_short_circuit_decorator.py
[2026-01-04T12:59:03.912+0000] {processor.py:925} INFO - DAG(s) 'example_short_circuit_decorator' retrieved from /workspaces/f1_data_team/venv/lib/python3.12/site-packages/airflow/example_dags/example_short_circuit_decorator.py
[2026-01-04T12:59:03.927+0000] {logging_mixin.py:190} INFO - [2026-01-04T12:59:03.927+0000] {dag.py:3239} INFO - Sync 1 DAGs
[2026-01-04T12:59:03.937+0000] {logging_mixin.py:190} INFO - [2026-01-04T12:59:03.936+0000] {dag.py:4180} INFO - Setting next_dagrun for example_short_circuit_decorator to None, run_after=None
[2026-01-04T12:59:03.951+0000] {processor.py:208} INFO - Processing /workspaces/f1_data_team/venv/lib/python3.12/site-packages/airflow/example_dags/example_short_circuit_decorator.py took 0.055 seconds
[2026-01-04T12:59:59.032+0000] {processor.py:186} INFO - Started process (PID=50270) to work on /workspaces/f1_data_team/venv/lib/python3.12/site-packages/airflow/example_dags/example_short_circuit_decorator.py
[2026-01-04T12:59:59.033+0000] {processor.py:914} INFO - Processing file /workspaces/f1_data_team/venv/lib/python3.12/site-packages/airflow/example_dags/example_short_circuit_decorator.py for tasks to queue
[2026-01-04T12:59:59.035+0000] {logging_mixin.py:190} INFO - [2026-01-04T12:59:59.034+0000] {dagbag.py:588} INFO - Filling up the DagBag from /workspaces/f1_data_team/venv/lib/python3.12/site-packages/airflow/example_dags/example_short_circuit_decorator.py
[2026-01-04T12:59:59.043+0000] {processor.py:925} INFO - DAG(s) 'example_short_circuit_decorator' retrieved from /workspaces/f1_data_team/venv/lib/python3.12/site-packages/airflow/example_dags/example_short_circuit_decorator.py
[2026-01-04T12:59:59.059+0000] {logging_mixin.py:190} INFO - [2026-01-04T12:59:59.058+0000] {dag.py:3239} INFO - Sync 1 DAGs
[2026-01-04T12:59:59.069+0000] {logging_mixin.py:190} INFO - [2026-01-04T12:59:59.068+0000] {dag.py:4180} INFO - Setting next_dagrun for example_short_circuit_decorator to None, run_after=None
[2026-01-04T12:59:59.084+0000] {processor.py:208} INFO - Processing /workspaces/f1_data_team/venv/lib/python3.12/site-packages/airflow/example_dags/example_short_circuit_decorator.py took 0.057 seconds
[2026-01-04T13:00:53.427+0000] {processor.py:186} INFO - Started process (PID=50883) to work on /workspaces/f1_data_team/venv/lib/python3.12/site-packages/airflow/example_dags/example_short_circuit_decorator.py
[2026-01-04T13:00:53.427+0000] {processor.py:914} INFO - Processing file /workspaces/f1_data_team/venv/lib/python3.12/site-packages/airflow/example_dags/example_short_circuit_decorator.py for tasks to queue
[2026-01-04T13:00:53.429+0000] {logging_mixin.py:190} INFO - [2026-01-04T13:00:53.429+0000] {dagbag.py:588} INFO - Filling up the DagBag from /workspaces/f1_data_team/venv/lib/python3.12/site-packages/airflow/example_dags/example_short_circuit_decorator.py
[2026-01-04T13:00:53.439+0000] {processor.py:925} INFO - DAG(s) 'example_short_circuit_decorator' retrieved from /workspaces/f1_data_team/venv/lib/python3.12/site-packages/airflow/example_dags/example_short_circuit_decorator.py
[2026-01-04T13:00:53.453+0000] {logging_mixin.py:190} INFO - [2026-01-04T13:00:53.453+0000] {dag.py:3239} INFO - Sync 1 DAGs
[2026-01-04T13:00:53.463+0000] {logging_mixin.py:190} INFO - [2026-01-04T13:00:53.463+0000] {dag.py:4180} INFO - Setting next_dagrun for example_short_circuit_decorator to None, run_after=None
[2026-01-04T13:00:53.477+0000] {processor.py:208} INFO - Processing /workspaces/f1_data_team/venv/lib/python3.12/site-packages/airflow/example_dags/example_short_circuit_decorator.py took 0.056 seconds
[2026-01-04T13:01:41.811+0000] {processor.py:186} INFO - Started process (PID=51583) to work on /workspaces/f1_data_team/venv/lib/python3.12/site-packages/airflow/example_dags/example_short_circuit_decorator.py
[2026-01-04T13:01:41.812+0000] {processor.py:914} INFO - Processing file /workspaces/f1_data_team/venv/lib/python3.12/site-packages/airflow/example_dags/example_short_circuit_decorator.py for tasks to queue
[2026-01-04T13:01:41.814+0000] {logging_mixin.py:190} INFO - [2026-01-04T13:01:41.814+0000] {dagbag.py:588} INFO - Filling up the DagBag from /workspaces/f1_data_team/venv/lib/python3.12/site-packages/airflow/example_dags/example_short_circuit_decorator.py
[2026-01-04T13:01:41.823+0000] {processor.py:925} INFO - DAG(s) 'example_short_circuit_decorator' retrieved from /workspaces/f1_data_team/venv/lib/python3.12/site-packages/airflow/example_dags/example_short_circuit_decorator.py
[2026-01-04T13:01:41.843+0000] {logging_mixin.py:190} INFO - [2026-01-04T13:01:41.843+0000] {dag.py:3239} INFO - Sync 1 DAGs
[2026-01-04T13:01:41.857+0000] {logging_mixin.py:190} INFO - [2026-01-04T13:01:41.857+0000] {dag.py:4180} INFO - Setting next_dagrun for example_short_circuit_decorator to None, run_after=None
[2026-01-04T13:01:41.878+0000] {processor.py:208} INFO - Processing /workspaces/f1_data_team/venv/lib/python3.12/site-packages/airflow/example_dags/example_short_circuit_decorator.py took 0.071 seconds
