[2026-01-04T12:26:43.040+0000] {processor.py:186} INFO - Started process (PID=24503) to work on /workspaces/f1_data_team/venv/lib/python3.12/site-packages/airflow/example_dags/example_workday_timetable.py
[2026-01-04T12:26:43.040+0000] {processor.py:914} INFO - Processing file /workspaces/f1_data_team/venv/lib/python3.12/site-packages/airflow/example_dags/example_workday_timetable.py for tasks to queue
[2026-01-04T12:26:43.042+0000] {logging_mixin.py:190} INFO - [2026-01-04T12:26:43.042+0000] {dagbag.py:588} INFO - Filling up the DagBag from /workspaces/f1_data_team/venv/lib/python3.12/site-packages/airflow/example_dags/example_workday_timetable.py
[2026-01-04T12:26:43.047+0000] {processor.py:925} INFO - DAG(s) 'example_workday_timetable' retrieved from /workspaces/f1_data_team/venv/lib/python3.12/site-packages/airflow/example_dags/example_workday_timetable.py
[2026-01-04T12:26:43.149+0000] {logging_mixin.py:190} INFO - [2026-01-04T12:26:43.148+0000] {override.py:1911} INFO - Created Permission View: can read on DAG:example_workday_timetable
[2026-01-04T12:26:43.156+0000] {logging_mixin.py:190} INFO - [2026-01-04T12:26:43.156+0000] {override.py:1911} INFO - Created Permission View: can edit on DAG:example_workday_timetable
[2026-01-04T12:26:43.162+0000] {logging_mixin.py:190} INFO - [2026-01-04T12:26:43.161+0000] {override.py:1911} INFO - Created Permission View: can delete on DAG:example_workday_timetable
[2026-01-04T12:26:43.169+0000] {logging_mixin.py:190} INFO - [2026-01-04T12:26:43.169+0000] {override.py:1911} INFO - Created Permission View: can read on DAG Run:example_workday_timetable
[2026-01-04T12:26:43.177+0000] {logging_mixin.py:190} INFO - [2026-01-04T12:26:43.177+0000] {override.py:1911} INFO - Created Permission View: menu access on DAG Run:example_workday_timetable
[2026-01-04T12:26:43.182+0000] {logging_mixin.py:190} INFO - [2026-01-04T12:26:43.182+0000] {override.py:1911} INFO - Created Permission View: can create on DAG Run:example_workday_timetable
[2026-01-04T12:26:43.187+0000] {logging_mixin.py:190} INFO - [2026-01-04T12:26:43.187+0000] {override.py:1911} INFO - Created Permission View: can delete on DAG Run:example_workday_timetable
[2026-01-04T12:26:43.188+0000] {logging_mixin.py:190} INFO - [2026-01-04T12:26:43.188+0000] {dag.py:3239} INFO - Sync 1 DAGs
[2026-01-04T12:26:43.196+0000] {logging_mixin.py:190} INFO - [2026-01-04T12:26:43.196+0000] {dag.py:3262} INFO - Creating ORM DAG for example_workday_timetable
[2026-01-04T12:26:43.251+0000] {logging_mixin.py:190} INFO - [2026-01-04T12:26:43.251+0000] {dag.py:4180} INFO - Setting next_dagrun for example_workday_timetable to 2021-01-04 00:00:00+00:00, run_after=2021-01-05 00:00:00+00:00
[2026-01-04T12:26:43.265+0000] {processor.py:208} INFO - Processing /workspaces/f1_data_team/venv/lib/python3.12/site-packages/airflow/example_dags/example_workday_timetable.py took 0.235 seconds
[2026-01-04T12:27:46.273+0000] {processor.py:186} INFO - Started process (PID=25068) to work on /workspaces/f1_data_team/venv/lib/python3.12/site-packages/airflow/example_dags/example_workday_timetable.py
[2026-01-04T12:27:46.275+0000] {processor.py:914} INFO - Processing file /workspaces/f1_data_team/venv/lib/python3.12/site-packages/airflow/example_dags/example_workday_timetable.py for tasks to queue
[2026-01-04T12:27:46.277+0000] {logging_mixin.py:190} INFO - [2026-01-04T12:27:46.276+0000] {dagbag.py:588} INFO - Filling up the DagBag from /workspaces/f1_data_team/venv/lib/python3.12/site-packages/airflow/example_dags/example_workday_timetable.py
[2026-01-04T12:27:46.281+0000] {processor.py:925} INFO - DAG(s) 'example_workday_timetable' retrieved from /workspaces/f1_data_team/venv/lib/python3.12/site-packages/airflow/example_dags/example_workday_timetable.py
[2026-01-04T12:27:46.292+0000] {logging_mixin.py:190} INFO - [2026-01-04T12:27:46.292+0000] {dag.py:3239} INFO - Sync 1 DAGs
[2026-01-04T12:27:46.337+0000] {logging_mixin.py:190} INFO - [2026-01-04T12:27:46.337+0000] {dag.py:4180} INFO - Setting next_dagrun for example_workday_timetable to 2021-01-04 00:00:00+00:00, run_after=2021-01-05 00:00:00+00:00
[2026-01-04T12:27:46.352+0000] {processor.py:208} INFO - Processing /workspaces/f1_data_team/venv/lib/python3.12/site-packages/airflow/example_dags/example_workday_timetable.py took 0.083 seconds
[2026-01-04T12:28:41.768+0000] {processor.py:186} INFO - Started process (PID=25585) to work on /workspaces/f1_data_team/venv/lib/python3.12/site-packages/airflow/example_dags/example_workday_timetable.py
[2026-01-04T12:28:41.769+0000] {processor.py:914} INFO - Processing file /workspaces/f1_data_team/venv/lib/python3.12/site-packages/airflow/example_dags/example_workday_timetable.py for tasks to queue
[2026-01-04T12:28:41.771+0000] {logging_mixin.py:190} INFO - [2026-01-04T12:28:41.771+0000] {dagbag.py:588} INFO - Filling up the DagBag from /workspaces/f1_data_team/venv/lib/python3.12/site-packages/airflow/example_dags/example_workday_timetable.py
[2026-01-04T12:28:41.776+0000] {processor.py:925} INFO - DAG(s) 'example_workday_timetable' retrieved from /workspaces/f1_data_team/venv/lib/python3.12/site-packages/airflow/example_dags/example_workday_timetable.py
[2026-01-04T12:28:41.787+0000] {logging_mixin.py:190} INFO - [2026-01-04T12:28:41.787+0000] {dag.py:3239} INFO - Sync 1 DAGs
[2026-01-04T12:28:41.832+0000] {logging_mixin.py:190} INFO - [2026-01-04T12:28:41.832+0000] {dag.py:4180} INFO - Setting next_dagrun for example_workday_timetable to 2021-01-04 00:00:00+00:00, run_after=2021-01-05 00:00:00+00:00
[2026-01-04T12:28:41.847+0000] {processor.py:208} INFO - Processing /workspaces/f1_data_team/venv/lib/python3.12/site-packages/airflow/example_dags/example_workday_timetable.py took 0.084 seconds
[2026-01-04T12:29:41.043+0000] {processor.py:186} INFO - Started process (PID=26794) to work on /workspaces/f1_data_team/venv/lib/python3.12/site-packages/airflow/example_dags/example_workday_timetable.py
[2026-01-04T12:29:41.043+0000] {processor.py:914} INFO - Processing file /workspaces/f1_data_team/venv/lib/python3.12/site-packages/airflow/example_dags/example_workday_timetable.py for tasks to queue
[2026-01-04T12:29:41.045+0000] {logging_mixin.py:190} INFO - [2026-01-04T12:29:41.045+0000] {dagbag.py:588} INFO - Filling up the DagBag from /workspaces/f1_data_team/venv/lib/python3.12/site-packages/airflow/example_dags/example_workday_timetable.py
[2026-01-04T12:29:41.050+0000] {processor.py:925} INFO - DAG(s) 'example_workday_timetable' retrieved from /workspaces/f1_data_team/venv/lib/python3.12/site-packages/airflow/example_dags/example_workday_timetable.py
[2026-01-04T12:29:41.061+0000] {logging_mixin.py:190} INFO - [2026-01-04T12:29:41.061+0000] {dag.py:3239} INFO - Sync 1 DAGs
[2026-01-04T12:29:41.106+0000] {logging_mixin.py:190} INFO - [2026-01-04T12:29:41.105+0000] {dag.py:4180} INFO - Setting next_dagrun for example_workday_timetable to 2021-01-04 00:00:00+00:00, run_after=2021-01-05 00:00:00+00:00
[2026-01-04T12:29:41.120+0000] {processor.py:208} INFO - Processing /workspaces/f1_data_team/venv/lib/python3.12/site-packages/airflow/example_dags/example_workday_timetable.py took 0.084 seconds
[2026-01-04T12:30:24.568+0000] {processor.py:186} INFO - Started process (PID=27499) to work on /workspaces/f1_data_team/venv/lib/python3.12/site-packages/airflow/example_dags/example_workday_timetable.py
[2026-01-04T12:30:24.569+0000] {processor.py:914} INFO - Processing file /workspaces/f1_data_team/venv/lib/python3.12/site-packages/airflow/example_dags/example_workday_timetable.py for tasks to queue
[2026-01-04T12:30:24.571+0000] {logging_mixin.py:190} INFO - [2026-01-04T12:30:24.570+0000] {dagbag.py:588} INFO - Filling up the DagBag from /workspaces/f1_data_team/venv/lib/python3.12/site-packages/airflow/example_dags/example_workday_timetable.py
[2026-01-04T12:30:24.576+0000] {processor.py:925} INFO - DAG(s) 'example_workday_timetable' retrieved from /workspaces/f1_data_team/venv/lib/python3.12/site-packages/airflow/example_dags/example_workday_timetable.py
[2026-01-04T12:30:24.592+0000] {logging_mixin.py:190} INFO - [2026-01-04T12:30:24.591+0000] {dag.py:3239} INFO - Sync 1 DAGs
[2026-01-04T12:30:24.637+0000] {logging_mixin.py:190} INFO - [2026-01-04T12:30:24.637+0000] {dag.py:4180} INFO - Setting next_dagrun for example_workday_timetable to 2021-01-04 00:00:00+00:00, run_after=2021-01-05 00:00:00+00:00
[2026-01-04T12:30:24.652+0000] {processor.py:208} INFO - Processing /workspaces/f1_data_team/venv/lib/python3.12/site-packages/airflow/example_dags/example_workday_timetable.py took 0.089 seconds
[2026-01-04T12:31:22.877+0000] {processor.py:186} INFO - Started process (PID=28496) to work on /workspaces/f1_data_team/venv/lib/python3.12/site-packages/airflow/example_dags/example_workday_timetable.py
[2026-01-04T12:31:22.877+0000] {processor.py:914} INFO - Processing file /workspaces/f1_data_team/venv/lib/python3.12/site-packages/airflow/example_dags/example_workday_timetable.py for tasks to queue
[2026-01-04T12:31:22.885+0000] {logging_mixin.py:190} INFO - [2026-01-04T12:31:22.881+0000] {dagbag.py:588} INFO - Filling up the DagBag from /workspaces/f1_data_team/venv/lib/python3.12/site-packages/airflow/example_dags/example_workday_timetable.py
[2026-01-04T12:31:22.899+0000] {processor.py:925} INFO - DAG(s) 'example_workday_timetable' retrieved from /workspaces/f1_data_team/venv/lib/python3.12/site-packages/airflow/example_dags/example_workday_timetable.py
[2026-01-04T12:31:22.933+0000] {logging_mixin.py:190} INFO - [2026-01-04T12:31:22.932+0000] {dag.py:3239} INFO - Sync 1 DAGs
[2026-01-04T12:31:23.005+0000] {logging_mixin.py:190} INFO - [2026-01-04T12:31:23.005+0000] {dag.py:4180} INFO - Setting next_dagrun for example_workday_timetable to 2021-01-04 00:00:00+00:00, run_after=2021-01-05 00:00:00+00:00
[2026-01-04T12:31:23.021+0000] {processor.py:208} INFO - Processing /workspaces/f1_data_team/venv/lib/python3.12/site-packages/airflow/example_dags/example_workday_timetable.py took 0.159 seconds
[2026-01-04T12:32:31.418+0000] {processor.py:186} INFO - Started process (PID=29540) to work on /workspaces/f1_data_team/venv/lib/python3.12/site-packages/airflow/example_dags/example_workday_timetable.py
[2026-01-04T12:32:31.419+0000] {processor.py:914} INFO - Processing file /workspaces/f1_data_team/venv/lib/python3.12/site-packages/airflow/example_dags/example_workday_timetable.py for tasks to queue
[2026-01-04T12:32:31.421+0000] {logging_mixin.py:190} INFO - [2026-01-04T12:32:31.421+0000] {dagbag.py:588} INFO - Filling up the DagBag from /workspaces/f1_data_team/venv/lib/python3.12/site-packages/airflow/example_dags/example_workday_timetable.py
[2026-01-04T12:32:31.426+0000] {processor.py:925} INFO - DAG(s) 'example_workday_timetable' retrieved from /workspaces/f1_data_team/venv/lib/python3.12/site-packages/airflow/example_dags/example_workday_timetable.py
[2026-01-04T12:32:31.444+0000] {logging_mixin.py:190} INFO - [2026-01-04T12:32:31.444+0000] {dag.py:3239} INFO - Sync 1 DAGs
[2026-01-04T12:32:31.488+0000] {logging_mixin.py:190} INFO - [2026-01-04T12:32:31.488+0000] {dag.py:4180} INFO - Setting next_dagrun for example_workday_timetable to 2021-01-04 00:00:00+00:00, run_after=2021-01-05 00:00:00+00:00
[2026-01-04T12:32:31.505+0000] {processor.py:208} INFO - Processing /workspaces/f1_data_team/venv/lib/python3.12/site-packages/airflow/example_dags/example_workday_timetable.py took 0.092 seconds
[2026-01-04T12:33:30.691+0000] {processor.py:186} INFO - Started process (PID=30566) to work on /workspaces/f1_data_team/venv/lib/python3.12/site-packages/airflow/example_dags/example_workday_timetable.py
[2026-01-04T12:33:30.691+0000] {processor.py:914} INFO - Processing file /workspaces/f1_data_team/venv/lib/python3.12/site-packages/airflow/example_dags/example_workday_timetable.py for tasks to queue
[2026-01-04T12:33:30.694+0000] {logging_mixin.py:190} INFO - [2026-01-04T12:33:30.693+0000] {dagbag.py:588} INFO - Filling up the DagBag from /workspaces/f1_data_team/venv/lib/python3.12/site-packages/airflow/example_dags/example_workday_timetable.py
[2026-01-04T12:33:30.699+0000] {processor.py:925} INFO - DAG(s) 'example_workday_timetable' retrieved from /workspaces/f1_data_team/venv/lib/python3.12/site-packages/airflow/example_dags/example_workday_timetable.py
[2026-01-04T12:33:30.711+0000] {logging_mixin.py:190} INFO - [2026-01-04T12:33:30.711+0000] {dag.py:3239} INFO - Sync 1 DAGs
[2026-01-04T12:33:30.756+0000] {logging_mixin.py:190} INFO - [2026-01-04T12:33:30.755+0000] {dag.py:4180} INFO - Setting next_dagrun for example_workday_timetable to 2021-01-04 00:00:00+00:00, run_after=2021-01-05 00:00:00+00:00
[2026-01-04T12:33:30.771+0000] {processor.py:208} INFO - Processing /workspaces/f1_data_team/venv/lib/python3.12/site-packages/airflow/example_dags/example_workday_timetable.py took 0.084 seconds
[2026-01-04T12:34:28.306+0000] {processor.py:186} INFO - Started process (PID=31076) to work on /workspaces/f1_data_team/venv/lib/python3.12/site-packages/airflow/example_dags/example_workday_timetable.py
[2026-01-04T12:34:28.307+0000] {processor.py:914} INFO - Processing file /workspaces/f1_data_team/venv/lib/python3.12/site-packages/airflow/example_dags/example_workday_timetable.py for tasks to queue
[2026-01-04T12:34:28.309+0000] {logging_mixin.py:190} INFO - [2026-01-04T12:34:28.309+0000] {dagbag.py:588} INFO - Filling up the DagBag from /workspaces/f1_data_team/venv/lib/python3.12/site-packages/airflow/example_dags/example_workday_timetable.py
[2026-01-04T12:34:28.314+0000] {processor.py:925} INFO - DAG(s) 'example_workday_timetable' retrieved from /workspaces/f1_data_team/venv/lib/python3.12/site-packages/airflow/example_dags/example_workday_timetable.py
[2026-01-04T12:34:28.326+0000] {logging_mixin.py:190} INFO - [2026-01-04T12:34:28.325+0000] {dag.py:3239} INFO - Sync 1 DAGs
[2026-01-04T12:34:28.371+0000] {logging_mixin.py:190} INFO - [2026-01-04T12:34:28.370+0000] {dag.py:4180} INFO - Setting next_dagrun for example_workday_timetable to 2021-01-04 00:00:00+00:00, run_after=2021-01-05 00:00:00+00:00
[2026-01-04T12:34:28.386+0000] {processor.py:208} INFO - Processing /workspaces/f1_data_team/venv/lib/python3.12/site-packages/airflow/example_dags/example_workday_timetable.py took 0.084 seconds
[2026-01-04T12:35:17.049+0000] {processor.py:186} INFO - Started process (PID=31524) to work on /workspaces/f1_data_team/venv/lib/python3.12/site-packages/airflow/example_dags/example_workday_timetable.py
[2026-01-04T12:35:17.050+0000] {processor.py:914} INFO - Processing file /workspaces/f1_data_team/venv/lib/python3.12/site-packages/airflow/example_dags/example_workday_timetable.py for tasks to queue
[2026-01-04T12:35:17.051+0000] {logging_mixin.py:190} INFO - [2026-01-04T12:35:17.051+0000] {dagbag.py:588} INFO - Filling up the DagBag from /workspaces/f1_data_team/venv/lib/python3.12/site-packages/airflow/example_dags/example_workday_timetable.py
[2026-01-04T12:35:17.056+0000] {processor.py:925} INFO - DAG(s) 'example_workday_timetable' retrieved from /workspaces/f1_data_team/venv/lib/python3.12/site-packages/airflow/example_dags/example_workday_timetable.py
[2026-01-04T12:35:17.071+0000] {logging_mixin.py:190} INFO - [2026-01-04T12:35:17.071+0000] {dag.py:3239} INFO - Sync 1 DAGs
[2026-01-04T12:35:17.116+0000] {logging_mixin.py:190} INFO - [2026-01-04T12:35:17.116+0000] {dag.py:4180} INFO - Setting next_dagrun for example_workday_timetable to 2021-01-04 00:00:00+00:00, run_after=2021-01-05 00:00:00+00:00
[2026-01-04T12:35:17.131+0000] {processor.py:208} INFO - Processing /workspaces/f1_data_team/venv/lib/python3.12/site-packages/airflow/example_dags/example_workday_timetable.py took 0.086 seconds
[2026-01-04T12:36:09.735+0000] {processor.py:186} INFO - Started process (PID=32176) to work on /workspaces/f1_data_team/venv/lib/python3.12/site-packages/airflow/example_dags/example_workday_timetable.py
[2026-01-04T12:36:09.736+0000] {processor.py:914} INFO - Processing file /workspaces/f1_data_team/venv/lib/python3.12/site-packages/airflow/example_dags/example_workday_timetable.py for tasks to queue
[2026-01-04T12:36:09.738+0000] {logging_mixin.py:190} INFO - [2026-01-04T12:36:09.737+0000] {dagbag.py:588} INFO - Filling up the DagBag from /workspaces/f1_data_team/venv/lib/python3.12/site-packages/airflow/example_dags/example_workday_timetable.py
[2026-01-04T12:36:09.743+0000] {processor.py:925} INFO - DAG(s) 'example_workday_timetable' retrieved from /workspaces/f1_data_team/venv/lib/python3.12/site-packages/airflow/example_dags/example_workday_timetable.py
[2026-01-04T12:36:09.754+0000] {logging_mixin.py:190} INFO - [2026-01-04T12:36:09.754+0000] {dag.py:3239} INFO - Sync 1 DAGs
[2026-01-04T12:36:09.798+0000] {logging_mixin.py:190} INFO - [2026-01-04T12:36:09.798+0000] {dag.py:4180} INFO - Setting next_dagrun for example_workday_timetable to 2021-01-04 00:00:00+00:00, run_after=2021-01-05 00:00:00+00:00
[2026-01-04T12:36:09.812+0000] {processor.py:208} INFO - Processing /workspaces/f1_data_team/venv/lib/python3.12/site-packages/airflow/example_dags/example_workday_timetable.py took 0.082 seconds
[2026-01-04T12:37:01.132+0000] {processor.py:186} INFO - Started process (PID=32641) to work on /workspaces/f1_data_team/venv/lib/python3.12/site-packages/airflow/example_dags/example_workday_timetable.py
[2026-01-04T12:37:01.132+0000] {processor.py:914} INFO - Processing file /workspaces/f1_data_team/venv/lib/python3.12/site-packages/airflow/example_dags/example_workday_timetable.py for tasks to queue
[2026-01-04T12:37:01.134+0000] {logging_mixin.py:190} INFO - [2026-01-04T12:37:01.134+0000] {dagbag.py:588} INFO - Filling up the DagBag from /workspaces/f1_data_team/venv/lib/python3.12/site-packages/airflow/example_dags/example_workday_timetable.py
[2026-01-04T12:37:01.139+0000] {processor.py:925} INFO - DAG(s) 'example_workday_timetable' retrieved from /workspaces/f1_data_team/venv/lib/python3.12/site-packages/airflow/example_dags/example_workday_timetable.py
[2026-01-04T12:37:01.151+0000] {logging_mixin.py:190} INFO - [2026-01-04T12:37:01.151+0000] {dag.py:3239} INFO - Sync 1 DAGs
[2026-01-04T12:37:01.200+0000] {logging_mixin.py:190} INFO - [2026-01-04T12:37:01.200+0000] {dag.py:4180} INFO - Setting next_dagrun for example_workday_timetable to 2021-01-04 00:00:00+00:00, run_after=2021-01-05 00:00:00+00:00
[2026-01-04T12:37:01.215+0000] {processor.py:208} INFO - Processing /workspaces/f1_data_team/venv/lib/python3.12/site-packages/airflow/example_dags/example_workday_timetable.py took 0.088 seconds
[2026-01-04T12:37:55.035+0000] {processor.py:186} INFO - Started process (PID=33562) to work on /workspaces/f1_data_team/venv/lib/python3.12/site-packages/airflow/example_dags/example_workday_timetable.py
[2026-01-04T12:37:55.036+0000] {processor.py:914} INFO - Processing file /workspaces/f1_data_team/venv/lib/python3.12/site-packages/airflow/example_dags/example_workday_timetable.py for tasks to queue
[2026-01-04T12:37:55.038+0000] {logging_mixin.py:190} INFO - [2026-01-04T12:37:55.037+0000] {dagbag.py:588} INFO - Filling up the DagBag from /workspaces/f1_data_team/venv/lib/python3.12/site-packages/airflow/example_dags/example_workday_timetable.py
[2026-01-04T12:37:55.043+0000] {processor.py:925} INFO - DAG(s) 'example_workday_timetable' retrieved from /workspaces/f1_data_team/venv/lib/python3.12/site-packages/airflow/example_dags/example_workday_timetable.py
[2026-01-04T12:37:55.054+0000] {logging_mixin.py:190} INFO - [2026-01-04T12:37:55.054+0000] {dag.py:3239} INFO - Sync 1 DAGs
[2026-01-04T12:37:55.098+0000] {logging_mixin.py:190} INFO - [2026-01-04T12:37:55.098+0000] {dag.py:4180} INFO - Setting next_dagrun for example_workday_timetable to 2021-01-04 00:00:00+00:00, run_after=2021-01-05 00:00:00+00:00
[2026-01-04T12:37:55.113+0000] {processor.py:208} INFO - Processing /workspaces/f1_data_team/venv/lib/python3.12/site-packages/airflow/example_dags/example_workday_timetable.py took 0.083 seconds
[2026-01-04T12:38:46.805+0000] {processor.py:186} INFO - Started process (PID=34028) to work on /workspaces/f1_data_team/venv/lib/python3.12/site-packages/airflow/example_dags/example_workday_timetable.py
[2026-01-04T12:38:46.806+0000] {processor.py:914} INFO - Processing file /workspaces/f1_data_team/venv/lib/python3.12/site-packages/airflow/example_dags/example_workday_timetable.py for tasks to queue
[2026-01-04T12:38:46.808+0000] {logging_mixin.py:190} INFO - [2026-01-04T12:38:46.807+0000] {dagbag.py:588} INFO - Filling up the DagBag from /workspaces/f1_data_team/venv/lib/python3.12/site-packages/airflow/example_dags/example_workday_timetable.py
[2026-01-04T12:38:46.813+0000] {processor.py:925} INFO - DAG(s) 'example_workday_timetable' retrieved from /workspaces/f1_data_team/venv/lib/python3.12/site-packages/airflow/example_dags/example_workday_timetable.py
[2026-01-04T12:38:46.824+0000] {logging_mixin.py:190} INFO - [2026-01-04T12:38:46.824+0000] {dag.py:3239} INFO - Sync 1 DAGs
[2026-01-04T12:38:46.868+0000] {logging_mixin.py:190} INFO - [2026-01-04T12:38:46.868+0000] {dag.py:4180} INFO - Setting next_dagrun for example_workday_timetable to 2021-01-04 00:00:00+00:00, run_after=2021-01-05 00:00:00+00:00
[2026-01-04T12:38:46.883+0000] {processor.py:208} INFO - Processing /workspaces/f1_data_team/venv/lib/python3.12/site-packages/airflow/example_dags/example_workday_timetable.py took 0.082 seconds
[2026-01-04T12:39:41.309+0000] {processor.py:186} INFO - Started process (PID=34556) to work on /workspaces/f1_data_team/venv/lib/python3.12/site-packages/airflow/example_dags/example_workday_timetable.py
[2026-01-04T12:39:41.310+0000] {processor.py:914} INFO - Processing file /workspaces/f1_data_team/venv/lib/python3.12/site-packages/airflow/example_dags/example_workday_timetable.py for tasks to queue
[2026-01-04T12:39:41.312+0000] {logging_mixin.py:190} INFO - [2026-01-04T12:39:41.311+0000] {dagbag.py:588} INFO - Filling up the DagBag from /workspaces/f1_data_team/venv/lib/python3.12/site-packages/airflow/example_dags/example_workday_timetable.py
[2026-01-04T12:39:41.317+0000] {processor.py:925} INFO - DAG(s) 'example_workday_timetable' retrieved from /workspaces/f1_data_team/venv/lib/python3.12/site-packages/airflow/example_dags/example_workday_timetable.py
[2026-01-04T12:39:41.329+0000] {logging_mixin.py:190} INFO - [2026-01-04T12:39:41.328+0000] {dag.py:3239} INFO - Sync 1 DAGs
[2026-01-04T12:39:41.373+0000] {logging_mixin.py:190} INFO - [2026-01-04T12:39:41.373+0000] {dag.py:4180} INFO - Setting next_dagrun for example_workday_timetable to 2021-01-04 00:00:00+00:00, run_after=2021-01-05 00:00:00+00:00
[2026-01-04T12:39:41.389+0000] {processor.py:208} INFO - Processing /workspaces/f1_data_team/venv/lib/python3.12/site-packages/airflow/example_dags/example_workday_timetable.py took 0.084 seconds
[2026-01-04T12:40:35.977+0000] {processor.py:186} INFO - Started process (PID=35095) to work on /workspaces/f1_data_team/venv/lib/python3.12/site-packages/airflow/example_dags/example_workday_timetable.py
[2026-01-04T12:40:35.978+0000] {processor.py:914} INFO - Processing file /workspaces/f1_data_team/venv/lib/python3.12/site-packages/airflow/example_dags/example_workday_timetable.py for tasks to queue
[2026-01-04T12:40:35.980+0000] {logging_mixin.py:190} INFO - [2026-01-04T12:40:35.979+0000] {dagbag.py:588} INFO - Filling up the DagBag from /workspaces/f1_data_team/venv/lib/python3.12/site-packages/airflow/example_dags/example_workday_timetable.py
[2026-01-04T12:40:35.985+0000] {processor.py:925} INFO - DAG(s) 'example_workday_timetable' retrieved from /workspaces/f1_data_team/venv/lib/python3.12/site-packages/airflow/example_dags/example_workday_timetable.py
[2026-01-04T12:40:35.997+0000] {logging_mixin.py:190} INFO - [2026-01-04T12:40:35.996+0000] {dag.py:3239} INFO - Sync 1 DAGs
[2026-01-04T12:40:36.044+0000] {logging_mixin.py:190} INFO - [2026-01-04T12:40:36.044+0000] {dag.py:4180} INFO - Setting next_dagrun for example_workday_timetable to 2021-01-04 00:00:00+00:00, run_after=2021-01-05 00:00:00+00:00
[2026-01-04T12:40:36.060+0000] {processor.py:208} INFO - Processing /workspaces/f1_data_team/venv/lib/python3.12/site-packages/airflow/example_dags/example_workday_timetable.py took 0.087 seconds
[2026-01-04T12:41:29.913+0000] {processor.py:186} INFO - Started process (PID=35807) to work on /workspaces/f1_data_team/venv/lib/python3.12/site-packages/airflow/example_dags/example_workday_timetable.py
[2026-01-04T12:41:29.914+0000] {processor.py:914} INFO - Processing file /workspaces/f1_data_team/venv/lib/python3.12/site-packages/airflow/example_dags/example_workday_timetable.py for tasks to queue
[2026-01-04T12:41:29.916+0000] {logging_mixin.py:190} INFO - [2026-01-04T12:41:29.916+0000] {dagbag.py:588} INFO - Filling up the DagBag from /workspaces/f1_data_team/venv/lib/python3.12/site-packages/airflow/example_dags/example_workday_timetable.py
[2026-01-04T12:41:29.921+0000] {processor.py:925} INFO - DAG(s) 'example_workday_timetable' retrieved from /workspaces/f1_data_team/venv/lib/python3.12/site-packages/airflow/example_dags/example_workday_timetable.py
[2026-01-04T12:41:29.937+0000] {logging_mixin.py:190} INFO - [2026-01-04T12:41:29.937+0000] {dag.py:3239} INFO - Sync 1 DAGs
[2026-01-04T12:41:29.982+0000] {logging_mixin.py:190} INFO - [2026-01-04T12:41:29.982+0000] {dag.py:4180} INFO - Setting next_dagrun for example_workday_timetable to 2021-01-04 00:00:00+00:00, run_after=2021-01-05 00:00:00+00:00
[2026-01-04T12:41:29.996+0000] {processor.py:208} INFO - Processing /workspaces/f1_data_team/venv/lib/python3.12/site-packages/airflow/example_dags/example_workday_timetable.py took 0.087 seconds
[2026-01-04T12:42:33.420+0000] {processor.py:186} INFO - Started process (PID=36909) to work on /workspaces/f1_data_team/venv/lib/python3.12/site-packages/airflow/example_dags/example_workday_timetable.py
[2026-01-04T12:42:33.421+0000] {processor.py:914} INFO - Processing file /workspaces/f1_data_team/venv/lib/python3.12/site-packages/airflow/example_dags/example_workday_timetable.py for tasks to queue
[2026-01-04T12:42:33.423+0000] {logging_mixin.py:190} INFO - [2026-01-04T12:42:33.422+0000] {dagbag.py:588} INFO - Filling up the DagBag from /workspaces/f1_data_team/venv/lib/python3.12/site-packages/airflow/example_dags/example_workday_timetable.py
[2026-01-04T12:42:33.427+0000] {processor.py:925} INFO - DAG(s) 'example_workday_timetable' retrieved from /workspaces/f1_data_team/venv/lib/python3.12/site-packages/airflow/example_dags/example_workday_timetable.py
[2026-01-04T12:42:33.439+0000] {logging_mixin.py:190} INFO - [2026-01-04T12:42:33.439+0000] {dag.py:3239} INFO - Sync 1 DAGs
[2026-01-04T12:42:33.485+0000] {logging_mixin.py:190} INFO - [2026-01-04T12:42:33.485+0000] {dag.py:4180} INFO - Setting next_dagrun for example_workday_timetable to 2021-01-04 00:00:00+00:00, run_after=2021-01-05 00:00:00+00:00
[2026-01-04T12:42:33.500+0000] {processor.py:208} INFO - Processing /workspaces/f1_data_team/venv/lib/python3.12/site-packages/airflow/example_dags/example_workday_timetable.py took 0.085 seconds
[2026-01-04T12:43:30.079+0000] {processor.py:186} INFO - Started process (PID=37588) to work on /workspaces/f1_data_team/venv/lib/python3.12/site-packages/airflow/example_dags/example_workday_timetable.py
[2026-01-04T12:43:30.080+0000] {processor.py:914} INFO - Processing file /workspaces/f1_data_team/venv/lib/python3.12/site-packages/airflow/example_dags/example_workday_timetable.py for tasks to queue
[2026-01-04T12:43:30.082+0000] {logging_mixin.py:190} INFO - [2026-01-04T12:43:30.082+0000] {dagbag.py:588} INFO - Filling up the DagBag from /workspaces/f1_data_team/venv/lib/python3.12/site-packages/airflow/example_dags/example_workday_timetable.py
[2026-01-04T12:43:30.087+0000] {processor.py:925} INFO - DAG(s) 'example_workday_timetable' retrieved from /workspaces/f1_data_team/venv/lib/python3.12/site-packages/airflow/example_dags/example_workday_timetable.py
[2026-01-04T12:43:30.100+0000] {logging_mixin.py:190} INFO - [2026-01-04T12:43:30.099+0000] {dag.py:3239} INFO - Sync 1 DAGs
[2026-01-04T12:43:30.146+0000] {logging_mixin.py:190} INFO - [2026-01-04T12:43:30.145+0000] {dag.py:4180} INFO - Setting next_dagrun for example_workday_timetable to 2021-01-04 00:00:00+00:00, run_after=2021-01-05 00:00:00+00:00
[2026-01-04T12:43:30.160+0000] {processor.py:208} INFO - Processing /workspaces/f1_data_team/venv/lib/python3.12/site-packages/airflow/example_dags/example_workday_timetable.py took 0.086 seconds
[2026-01-04T12:44:21.856+0000] {processor.py:186} INFO - Started process (PID=38190) to work on /workspaces/f1_data_team/venv/lib/python3.12/site-packages/airflow/example_dags/example_workday_timetable.py
[2026-01-04T12:44:21.857+0000] {processor.py:914} INFO - Processing file /workspaces/f1_data_team/venv/lib/python3.12/site-packages/airflow/example_dags/example_workday_timetable.py for tasks to queue
[2026-01-04T12:44:21.859+0000] {logging_mixin.py:190} INFO - [2026-01-04T12:44:21.858+0000] {dagbag.py:588} INFO - Filling up the DagBag from /workspaces/f1_data_team/venv/lib/python3.12/site-packages/airflow/example_dags/example_workday_timetable.py
[2026-01-04T12:44:21.863+0000] {processor.py:925} INFO - DAG(s) 'example_workday_timetable' retrieved from /workspaces/f1_data_team/venv/lib/python3.12/site-packages/airflow/example_dags/example_workday_timetable.py
[2026-01-04T12:44:21.875+0000] {logging_mixin.py:190} INFO - [2026-01-04T12:44:21.875+0000] {dag.py:3239} INFO - Sync 1 DAGs
[2026-01-04T12:44:21.919+0000] {logging_mixin.py:190} INFO - [2026-01-04T12:44:21.919+0000] {dag.py:4180} INFO - Setting next_dagrun for example_workday_timetable to 2021-01-04 00:00:00+00:00, run_after=2021-01-05 00:00:00+00:00
[2026-01-04T12:44:21.933+0000] {processor.py:208} INFO - Processing /workspaces/f1_data_team/venv/lib/python3.12/site-packages/airflow/example_dags/example_workday_timetable.py took 0.082 seconds
[2026-01-04T12:45:19.819+0000] {processor.py:186} INFO - Started process (PID=39228) to work on /workspaces/f1_data_team/venv/lib/python3.12/site-packages/airflow/example_dags/example_workday_timetable.py
[2026-01-04T12:45:19.820+0000] {processor.py:914} INFO - Processing file /workspaces/f1_data_team/venv/lib/python3.12/site-packages/airflow/example_dags/example_workday_timetable.py for tasks to queue
[2026-01-04T12:45:19.822+0000] {logging_mixin.py:190} INFO - [2026-01-04T12:45:19.822+0000] {dagbag.py:588} INFO - Filling up the DagBag from /workspaces/f1_data_team/venv/lib/python3.12/site-packages/airflow/example_dags/example_workday_timetable.py
[2026-01-04T12:45:19.827+0000] {processor.py:925} INFO - DAG(s) 'example_workday_timetable' retrieved from /workspaces/f1_data_team/venv/lib/python3.12/site-packages/airflow/example_dags/example_workday_timetable.py
[2026-01-04T12:45:19.838+0000] {logging_mixin.py:190} INFO - [2026-01-04T12:45:19.838+0000] {dag.py:3239} INFO - Sync 1 DAGs
[2026-01-04T12:45:19.884+0000] {logging_mixin.py:190} INFO - [2026-01-04T12:45:19.884+0000] {dag.py:4180} INFO - Setting next_dagrun for example_workday_timetable to 2021-01-04 00:00:00+00:00, run_after=2021-01-05 00:00:00+00:00
[2026-01-04T12:45:19.899+0000] {processor.py:208} INFO - Processing /workspaces/f1_data_team/venv/lib/python3.12/site-packages/airflow/example_dags/example_workday_timetable.py took 0.084 seconds
[2026-01-04T12:46:15.260+0000] {processor.py:186} INFO - Started process (PID=39759) to work on /workspaces/f1_data_team/venv/lib/python3.12/site-packages/airflow/example_dags/example_workday_timetable.py
[2026-01-04T12:46:15.261+0000] {processor.py:914} INFO - Processing file /workspaces/f1_data_team/venv/lib/python3.12/site-packages/airflow/example_dags/example_workday_timetable.py for tasks to queue
[2026-01-04T12:46:15.263+0000] {logging_mixin.py:190} INFO - [2026-01-04T12:46:15.263+0000] {dagbag.py:588} INFO - Filling up the DagBag from /workspaces/f1_data_team/venv/lib/python3.12/site-packages/airflow/example_dags/example_workday_timetable.py
[2026-01-04T12:46:15.268+0000] {processor.py:925} INFO - DAG(s) 'example_workday_timetable' retrieved from /workspaces/f1_data_team/venv/lib/python3.12/site-packages/airflow/example_dags/example_workday_timetable.py
[2026-01-04T12:46:15.279+0000] {logging_mixin.py:190} INFO - [2026-01-04T12:46:15.279+0000] {dag.py:3239} INFO - Sync 1 DAGs
[2026-01-04T12:46:15.326+0000] {logging_mixin.py:190} INFO - [2026-01-04T12:46:15.326+0000] {dag.py:4180} INFO - Setting next_dagrun for example_workday_timetable to 2021-01-04 00:00:00+00:00, run_after=2021-01-05 00:00:00+00:00
[2026-01-04T12:46:15.342+0000] {processor.py:208} INFO - Processing /workspaces/f1_data_team/venv/lib/python3.12/site-packages/airflow/example_dags/example_workday_timetable.py took 0.086 seconds
[2026-01-04T12:47:06.785+0000] {processor.py:186} INFO - Started process (PID=40321) to work on /workspaces/f1_data_team/venv/lib/python3.12/site-packages/airflow/example_dags/example_workday_timetable.py
[2026-01-04T12:47:06.786+0000] {processor.py:914} INFO - Processing file /workspaces/f1_data_team/venv/lib/python3.12/site-packages/airflow/example_dags/example_workday_timetable.py for tasks to queue
[2026-01-04T12:47:06.790+0000] {logging_mixin.py:190} INFO - [2026-01-04T12:47:06.789+0000] {dagbag.py:588} INFO - Filling up the DagBag from /workspaces/f1_data_team/venv/lib/python3.12/site-packages/airflow/example_dags/example_workday_timetable.py
[2026-01-04T12:47:06.796+0000] {processor.py:925} INFO - DAG(s) 'example_workday_timetable' retrieved from /workspaces/f1_data_team/venv/lib/python3.12/site-packages/airflow/example_dags/example_workday_timetable.py
[2026-01-04T12:47:06.808+0000] {logging_mixin.py:190} INFO - [2026-01-04T12:47:06.807+0000] {dag.py:3239} INFO - Sync 1 DAGs
[2026-01-04T12:47:06.855+0000] {logging_mixin.py:190} INFO - [2026-01-04T12:47:06.855+0000] {dag.py:4180} INFO - Setting next_dagrun for example_workday_timetable to 2021-01-04 00:00:00+00:00, run_after=2021-01-05 00:00:00+00:00
[2026-01-04T12:47:06.870+0000] {processor.py:208} INFO - Processing /workspaces/f1_data_team/venv/lib/python3.12/site-packages/airflow/example_dags/example_workday_timetable.py took 0.090 seconds
[2026-01-04T12:47:57.558+0000] {processor.py:186} INFO - Started process (PID=40833) to work on /workspaces/f1_data_team/venv/lib/python3.12/site-packages/airflow/example_dags/example_workday_timetable.py
[2026-01-04T12:47:57.559+0000] {processor.py:914} INFO - Processing file /workspaces/f1_data_team/venv/lib/python3.12/site-packages/airflow/example_dags/example_workday_timetable.py for tasks to queue
[2026-01-04T12:47:57.560+0000] {logging_mixin.py:190} INFO - [2026-01-04T12:47:57.560+0000] {dagbag.py:588} INFO - Filling up the DagBag from /workspaces/f1_data_team/venv/lib/python3.12/site-packages/airflow/example_dags/example_workday_timetable.py
[2026-01-04T12:47:57.566+0000] {processor.py:925} INFO - DAG(s) 'example_workday_timetable' retrieved from /workspaces/f1_data_team/venv/lib/python3.12/site-packages/airflow/example_dags/example_workday_timetable.py
[2026-01-04T12:47:57.578+0000] {logging_mixin.py:190} INFO - [2026-01-04T12:47:57.577+0000] {dag.py:3239} INFO - Sync 1 DAGs
[2026-01-04T12:47:57.622+0000] {logging_mixin.py:190} INFO - [2026-01-04T12:47:57.622+0000] {dag.py:4180} INFO - Setting next_dagrun for example_workday_timetable to 2021-01-04 00:00:00+00:00, run_after=2021-01-05 00:00:00+00:00
[2026-01-04T12:47:57.637+0000] {processor.py:208} INFO - Processing /workspaces/f1_data_team/venv/lib/python3.12/site-packages/airflow/example_dags/example_workday_timetable.py took 0.084 seconds
[2026-01-04T12:48:43.175+0000] {processor.py:186} INFO - Started process (PID=41578) to work on /workspaces/f1_data_team/venv/lib/python3.12/site-packages/airflow/example_dags/example_workday_timetable.py
[2026-01-04T12:48:43.176+0000] {processor.py:914} INFO - Processing file /workspaces/f1_data_team/venv/lib/python3.12/site-packages/airflow/example_dags/example_workday_timetable.py for tasks to queue
[2026-01-04T12:48:43.182+0000] {logging_mixin.py:190} INFO - [2026-01-04T12:48:43.182+0000] {dagbag.py:588} INFO - Filling up the DagBag from /workspaces/f1_data_team/venv/lib/python3.12/site-packages/airflow/example_dags/example_workday_timetable.py
[2026-01-04T12:48:43.189+0000] {processor.py:925} INFO - DAG(s) 'example_workday_timetable' retrieved from /workspaces/f1_data_team/venv/lib/python3.12/site-packages/airflow/example_dags/example_workday_timetable.py
[2026-01-04T12:48:43.220+0000] {logging_mixin.py:190} INFO - [2026-01-04T12:48:43.220+0000] {dag.py:3239} INFO - Sync 1 DAGs
[2026-01-04T12:48:43.278+0000] {logging_mixin.py:190} INFO - [2026-01-04T12:48:43.278+0000] {dag.py:4180} INFO - Setting next_dagrun for example_workday_timetable to 2021-01-04 00:00:00+00:00, run_after=2021-01-05 00:00:00+00:00
[2026-01-04T12:48:43.292+0000] {processor.py:208} INFO - Processing /workspaces/f1_data_team/venv/lib/python3.12/site-packages/airflow/example_dags/example_workday_timetable.py took 0.125 seconds
[2026-01-04T12:49:46.079+0000] {processor.py:186} INFO - Started process (PID=42505) to work on /workspaces/f1_data_team/venv/lib/python3.12/site-packages/airflow/example_dags/example_workday_timetable.py
[2026-01-04T12:49:46.080+0000] {processor.py:914} INFO - Processing file /workspaces/f1_data_team/venv/lib/python3.12/site-packages/airflow/example_dags/example_workday_timetable.py for tasks to queue
[2026-01-04T12:49:46.082+0000] {logging_mixin.py:190} INFO - [2026-01-04T12:49:46.082+0000] {dagbag.py:588} INFO - Filling up the DagBag from /workspaces/f1_data_team/venv/lib/python3.12/site-packages/airflow/example_dags/example_workday_timetable.py
[2026-01-04T12:49:46.087+0000] {processor.py:925} INFO - DAG(s) 'example_workday_timetable' retrieved from /workspaces/f1_data_team/venv/lib/python3.12/site-packages/airflow/example_dags/example_workday_timetable.py
[2026-01-04T12:49:46.099+0000] {logging_mixin.py:190} INFO - [2026-01-04T12:49:46.099+0000] {dag.py:3239} INFO - Sync 1 DAGs
[2026-01-04T12:49:46.144+0000] {logging_mixin.py:190} INFO - [2026-01-04T12:49:46.143+0000] {dag.py:4180} INFO - Setting next_dagrun for example_workday_timetable to 2021-01-04 00:00:00+00:00, run_after=2021-01-05 00:00:00+00:00
[2026-01-04T12:49:46.158+0000] {processor.py:208} INFO - Processing /workspaces/f1_data_team/venv/lib/python3.12/site-packages/airflow/example_dags/example_workday_timetable.py took 0.083 seconds
[2026-01-04T12:50:40.323+0000] {processor.py:186} INFO - Started process (PID=43029) to work on /workspaces/f1_data_team/venv/lib/python3.12/site-packages/airflow/example_dags/example_workday_timetable.py
[2026-01-04T12:50:40.324+0000] {processor.py:914} INFO - Processing file /workspaces/f1_data_team/venv/lib/python3.12/site-packages/airflow/example_dags/example_workday_timetable.py for tasks to queue
[2026-01-04T12:50:40.326+0000] {logging_mixin.py:190} INFO - [2026-01-04T12:50:40.325+0000] {dagbag.py:588} INFO - Filling up the DagBag from /workspaces/f1_data_team/venv/lib/python3.12/site-packages/airflow/example_dags/example_workday_timetable.py
[2026-01-04T12:50:40.330+0000] {processor.py:925} INFO - DAG(s) 'example_workday_timetable' retrieved from /workspaces/f1_data_team/venv/lib/python3.12/site-packages/airflow/example_dags/example_workday_timetable.py
[2026-01-04T12:50:40.342+0000] {logging_mixin.py:190} INFO - [2026-01-04T12:50:40.342+0000] {dag.py:3239} INFO - Sync 1 DAGs
[2026-01-04T12:50:40.387+0000] {logging_mixin.py:190} INFO - [2026-01-04T12:50:40.387+0000] {dag.py:4180} INFO - Setting next_dagrun for example_workday_timetable to 2021-01-04 00:00:00+00:00, run_after=2021-01-05 00:00:00+00:00
[2026-01-04T12:50:40.402+0000] {processor.py:208} INFO - Processing /workspaces/f1_data_team/venv/lib/python3.12/site-packages/airflow/example_dags/example_workday_timetable.py took 0.083 seconds
[2026-01-04T12:51:18.253+0000] {processor.py:186} INFO - Started process (PID=43658) to work on /workspaces/f1_data_team/venv/lib/python3.12/site-packages/airflow/example_dags/example_workday_timetable.py
[2026-01-04T12:51:18.254+0000] {processor.py:914} INFO - Processing file /workspaces/f1_data_team/venv/lib/python3.12/site-packages/airflow/example_dags/example_workday_timetable.py for tasks to queue
[2026-01-04T12:51:18.257+0000] {logging_mixin.py:190} INFO - [2026-01-04T12:51:18.256+0000] {dagbag.py:588} INFO - Filling up the DagBag from /workspaces/f1_data_team/venv/lib/python3.12/site-packages/airflow/example_dags/example_workday_timetable.py
[2026-01-04T12:51:18.264+0000] {processor.py:925} INFO - DAG(s) 'example_workday_timetable' retrieved from /workspaces/f1_data_team/venv/lib/python3.12/site-packages/airflow/example_dags/example_workday_timetable.py
[2026-01-04T12:51:18.281+0000] {logging_mixin.py:190} INFO - [2026-01-04T12:51:18.280+0000] {dag.py:3239} INFO - Sync 1 DAGs
[2026-01-04T12:51:18.325+0000] {logging_mixin.py:190} INFO - [2026-01-04T12:51:18.325+0000] {dag.py:4180} INFO - Setting next_dagrun for example_workday_timetable to 2021-01-04 00:00:00+00:00, run_after=2021-01-05 00:00:00+00:00
[2026-01-04T12:51:18.340+0000] {processor.py:208} INFO - Processing /workspaces/f1_data_team/venv/lib/python3.12/site-packages/airflow/example_dags/example_workday_timetable.py took 0.094 seconds
[2026-01-04T12:52:21.077+0000] {processor.py:186} INFO - Started process (PID=44842) to work on /workspaces/f1_data_team/venv/lib/python3.12/site-packages/airflow/example_dags/example_workday_timetable.py
[2026-01-04T12:52:21.078+0000] {processor.py:914} INFO - Processing file /workspaces/f1_data_team/venv/lib/python3.12/site-packages/airflow/example_dags/example_workday_timetable.py for tasks to queue
[2026-01-04T12:52:21.080+0000] {logging_mixin.py:190} INFO - [2026-01-04T12:52:21.080+0000] {dagbag.py:588} INFO - Filling up the DagBag from /workspaces/f1_data_team/venv/lib/python3.12/site-packages/airflow/example_dags/example_workday_timetable.py
[2026-01-04T12:52:21.085+0000] {processor.py:925} INFO - DAG(s) 'example_workday_timetable' retrieved from /workspaces/f1_data_team/venv/lib/python3.12/site-packages/airflow/example_dags/example_workday_timetable.py
[2026-01-04T12:52:21.098+0000] {logging_mixin.py:190} INFO - [2026-01-04T12:52:21.098+0000] {dag.py:3239} INFO - Sync 1 DAGs
[2026-01-04T12:52:21.144+0000] {logging_mixin.py:190} INFO - [2026-01-04T12:52:21.143+0000] {dag.py:4180} INFO - Setting next_dagrun for example_workday_timetable to 2021-01-04 00:00:00+00:00, run_after=2021-01-05 00:00:00+00:00
[2026-01-04T12:52:21.158+0000] {processor.py:208} INFO - Processing /workspaces/f1_data_team/venv/lib/python3.12/site-packages/airflow/example_dags/example_workday_timetable.py took 0.086 seconds
[2026-01-04T12:53:17.760+0000] {processor.py:186} INFO - Started process (PID=45646) to work on /workspaces/f1_data_team/venv/lib/python3.12/site-packages/airflow/example_dags/example_workday_timetable.py
[2026-01-04T12:53:17.761+0000] {processor.py:914} INFO - Processing file /workspaces/f1_data_team/venv/lib/python3.12/site-packages/airflow/example_dags/example_workday_timetable.py for tasks to queue
[2026-01-04T12:53:17.763+0000] {logging_mixin.py:190} INFO - [2026-01-04T12:53:17.762+0000] {dagbag.py:588} INFO - Filling up the DagBag from /workspaces/f1_data_team/venv/lib/python3.12/site-packages/airflow/example_dags/example_workday_timetable.py
[2026-01-04T12:53:17.768+0000] {processor.py:925} INFO - DAG(s) 'example_workday_timetable' retrieved from /workspaces/f1_data_team/venv/lib/python3.12/site-packages/airflow/example_dags/example_workday_timetable.py
[2026-01-04T12:53:17.782+0000] {logging_mixin.py:190} INFO - [2026-01-04T12:53:17.782+0000] {dag.py:3239} INFO - Sync 1 DAGs
[2026-01-04T12:53:17.832+0000] {logging_mixin.py:190} INFO - [2026-01-04T12:53:17.832+0000] {dag.py:4180} INFO - Setting next_dagrun for example_workday_timetable to 2021-01-04 00:00:00+00:00, run_after=2021-01-05 00:00:00+00:00
[2026-01-04T12:53:17.854+0000] {processor.py:208} INFO - Processing /workspaces/f1_data_team/venv/lib/python3.12/site-packages/airflow/example_dags/example_workday_timetable.py took 0.099 seconds
[2026-01-04T12:54:12.531+0000] {processor.py:186} INFO - Started process (PID=46325) to work on /workspaces/f1_data_team/venv/lib/python3.12/site-packages/airflow/example_dags/example_workday_timetable.py
[2026-01-04T12:54:12.531+0000] {processor.py:914} INFO - Processing file /workspaces/f1_data_team/venv/lib/python3.12/site-packages/airflow/example_dags/example_workday_timetable.py for tasks to queue
[2026-01-04T12:54:12.533+0000] {logging_mixin.py:190} INFO - [2026-01-04T12:54:12.533+0000] {dagbag.py:588} INFO - Filling up the DagBag from /workspaces/f1_data_team/venv/lib/python3.12/site-packages/airflow/example_dags/example_workday_timetable.py
[2026-01-04T12:54:12.538+0000] {processor.py:925} INFO - DAG(s) 'example_workday_timetable' retrieved from /workspaces/f1_data_team/venv/lib/python3.12/site-packages/airflow/example_dags/example_workday_timetable.py
[2026-01-04T12:54:12.550+0000] {logging_mixin.py:190} INFO - [2026-01-04T12:54:12.550+0000] {dag.py:3239} INFO - Sync 1 DAGs
[2026-01-04T12:54:12.602+0000] {logging_mixin.py:190} INFO - [2026-01-04T12:54:12.602+0000] {dag.py:4180} INFO - Setting next_dagrun for example_workday_timetable to 2021-01-04 00:00:00+00:00, run_after=2021-01-05 00:00:00+00:00
[2026-01-04T12:54:12.624+0000] {processor.py:208} INFO - Processing /workspaces/f1_data_team/venv/lib/python3.12/site-packages/airflow/example_dags/example_workday_timetable.py took 0.098 seconds
[2026-01-04T12:55:18.756+0000] {processor.py:186} INFO - Started process (PID=47601) to work on /workspaces/f1_data_team/venv/lib/python3.12/site-packages/airflow/example_dags/example_workday_timetable.py
[2026-01-04T12:55:18.757+0000] {processor.py:914} INFO - Processing file /workspaces/f1_data_team/venv/lib/python3.12/site-packages/airflow/example_dags/example_workday_timetable.py for tasks to queue
[2026-01-04T12:55:18.758+0000] {logging_mixin.py:190} INFO - [2026-01-04T12:55:18.758+0000] {dagbag.py:588} INFO - Filling up the DagBag from /workspaces/f1_data_team/venv/lib/python3.12/site-packages/airflow/example_dags/example_workday_timetable.py
[2026-01-04T12:55:18.763+0000] {processor.py:925} INFO - DAG(s) 'example_workday_timetable' retrieved from /workspaces/f1_data_team/venv/lib/python3.12/site-packages/airflow/example_dags/example_workday_timetable.py
[2026-01-04T12:55:18.775+0000] {logging_mixin.py:190} INFO - [2026-01-04T12:55:18.775+0000] {dag.py:3239} INFO - Sync 1 DAGs
[2026-01-04T12:55:18.819+0000] {logging_mixin.py:190} INFO - [2026-01-04T12:55:18.819+0000] {dag.py:4180} INFO - Setting next_dagrun for example_workday_timetable to 2021-01-04 00:00:00+00:00, run_after=2021-01-05 00:00:00+00:00
[2026-01-04T12:55:18.834+0000] {processor.py:208} INFO - Processing /workspaces/f1_data_team/venv/lib/python3.12/site-packages/airflow/example_dags/example_workday_timetable.py took 0.083 seconds
[2026-01-04T12:56:15.571+0000] {processor.py:186} INFO - Started process (PID=48176) to work on /workspaces/f1_data_team/venv/lib/python3.12/site-packages/airflow/example_dags/example_workday_timetable.py
[2026-01-04T12:56:15.572+0000] {processor.py:914} INFO - Processing file /workspaces/f1_data_team/venv/lib/python3.12/site-packages/airflow/example_dags/example_workday_timetable.py for tasks to queue
[2026-01-04T12:56:15.574+0000] {logging_mixin.py:190} INFO - [2026-01-04T12:56:15.574+0000] {dagbag.py:588} INFO - Filling up the DagBag from /workspaces/f1_data_team/venv/lib/python3.12/site-packages/airflow/example_dags/example_workday_timetable.py
[2026-01-04T12:56:15.579+0000] {processor.py:925} INFO - DAG(s) 'example_workday_timetable' retrieved from /workspaces/f1_data_team/venv/lib/python3.12/site-packages/airflow/example_dags/example_workday_timetable.py
[2026-01-04T12:56:15.591+0000] {logging_mixin.py:190} INFO - [2026-01-04T12:56:15.590+0000] {dag.py:3239} INFO - Sync 1 DAGs
[2026-01-04T12:56:15.635+0000] {logging_mixin.py:190} INFO - [2026-01-04T12:56:15.635+0000] {dag.py:4180} INFO - Setting next_dagrun for example_workday_timetable to 2021-01-04 00:00:00+00:00, run_after=2021-01-05 00:00:00+00:00
[2026-01-04T12:56:15.650+0000] {processor.py:208} INFO - Processing /workspaces/f1_data_team/venv/lib/python3.12/site-packages/airflow/example_dags/example_workday_timetable.py took 0.083 seconds
[2026-01-04T12:57:06.783+0000] {processor.py:186} INFO - Started process (PID=48641) to work on /workspaces/f1_data_team/venv/lib/python3.12/site-packages/airflow/example_dags/example_workday_timetable.py
[2026-01-04T12:57:06.784+0000] {processor.py:914} INFO - Processing file /workspaces/f1_data_team/venv/lib/python3.12/site-packages/airflow/example_dags/example_workday_timetable.py for tasks to queue
[2026-01-04T12:57:06.786+0000] {logging_mixin.py:190} INFO - [2026-01-04T12:57:06.786+0000] {dagbag.py:588} INFO - Filling up the DagBag from /workspaces/f1_data_team/venv/lib/python3.12/site-packages/airflow/example_dags/example_workday_timetable.py
[2026-01-04T12:57:06.791+0000] {processor.py:925} INFO - DAG(s) 'example_workday_timetable' retrieved from /workspaces/f1_data_team/venv/lib/python3.12/site-packages/airflow/example_dags/example_workday_timetable.py
[2026-01-04T12:57:06.803+0000] {logging_mixin.py:190} INFO - [2026-01-04T12:57:06.802+0000] {dag.py:3239} INFO - Sync 1 DAGs
[2026-01-04T12:57:06.848+0000] {logging_mixin.py:190} INFO - [2026-01-04T12:57:06.848+0000] {dag.py:4180} INFO - Setting next_dagrun for example_workday_timetable to 2021-01-04 00:00:00+00:00, run_after=2021-01-05 00:00:00+00:00
[2026-01-04T12:57:06.863+0000] {processor.py:208} INFO - Processing /workspaces/f1_data_team/venv/lib/python3.12/site-packages/airflow/example_dags/example_workday_timetable.py took 0.084 seconds
[2026-01-04T12:57:57.748+0000] {processor.py:186} INFO - Started process (PID=49078) to work on /workspaces/f1_data_team/venv/lib/python3.12/site-packages/airflow/example_dags/example_workday_timetable.py
[2026-01-04T12:57:57.749+0000] {processor.py:914} INFO - Processing file /workspaces/f1_data_team/venv/lib/python3.12/site-packages/airflow/example_dags/example_workday_timetable.py for tasks to queue
[2026-01-04T12:57:57.751+0000] {logging_mixin.py:190} INFO - [2026-01-04T12:57:57.751+0000] {dagbag.py:588} INFO - Filling up the DagBag from /workspaces/f1_data_team/venv/lib/python3.12/site-packages/airflow/example_dags/example_workday_timetable.py
[2026-01-04T12:57:57.756+0000] {processor.py:925} INFO - DAG(s) 'example_workday_timetable' retrieved from /workspaces/f1_data_team/venv/lib/python3.12/site-packages/airflow/example_dags/example_workday_timetable.py
[2026-01-04T12:57:57.768+0000] {logging_mixin.py:190} INFO - [2026-01-04T12:57:57.768+0000] {dag.py:3239} INFO - Sync 1 DAGs
[2026-01-04T12:57:57.814+0000] {logging_mixin.py:190} INFO - [2026-01-04T12:57:57.814+0000] {dag.py:4180} INFO - Setting next_dagrun for example_workday_timetable to 2021-01-04 00:00:00+00:00, run_after=2021-01-05 00:00:00+00:00
[2026-01-04T12:57:57.829+0000] {processor.py:208} INFO - Processing /workspaces/f1_data_team/venv/lib/python3.12/site-packages/airflow/example_dags/example_workday_timetable.py took 0.086 seconds
[2026-01-04T12:58:50.893+0000] {processor.py:186} INFO - Started process (PID=49588) to work on /workspaces/f1_data_team/venv/lib/python3.12/site-packages/airflow/example_dags/example_workday_timetable.py
[2026-01-04T12:58:50.894+0000] {processor.py:914} INFO - Processing file /workspaces/f1_data_team/venv/lib/python3.12/site-packages/airflow/example_dags/example_workday_timetable.py for tasks to queue
[2026-01-04T12:58:50.896+0000] {logging_mixin.py:190} INFO - [2026-01-04T12:58:50.895+0000] {dagbag.py:588} INFO - Filling up the DagBag from /workspaces/f1_data_team/venv/lib/python3.12/site-packages/airflow/example_dags/example_workday_timetable.py
[2026-01-04T12:58:50.901+0000] {processor.py:925} INFO - DAG(s) 'example_workday_timetable' retrieved from /workspaces/f1_data_team/venv/lib/python3.12/site-packages/airflow/example_dags/example_workday_timetable.py
[2026-01-04T12:58:50.913+0000] {logging_mixin.py:190} INFO - [2026-01-04T12:58:50.912+0000] {dag.py:3239} INFO - Sync 1 DAGs
[2026-01-04T12:58:50.957+0000] {logging_mixin.py:190} INFO - [2026-01-04T12:58:50.957+0000] {dag.py:4180} INFO - Setting next_dagrun for example_workday_timetable to 2021-01-04 00:00:00+00:00, run_after=2021-01-05 00:00:00+00:00
[2026-01-04T12:58:50.975+0000] {processor.py:208} INFO - Processing /workspaces/f1_data_team/venv/lib/python3.12/site-packages/airflow/example_dags/example_workday_timetable.py took 0.087 seconds
[2026-01-04T12:59:45.889+0000] {processor.py:186} INFO - Started process (PID=50140) to work on /workspaces/f1_data_team/venv/lib/python3.12/site-packages/airflow/example_dags/example_workday_timetable.py
[2026-01-04T12:59:45.890+0000] {processor.py:914} INFO - Processing file /workspaces/f1_data_team/venv/lib/python3.12/site-packages/airflow/example_dags/example_workday_timetable.py for tasks to queue
[2026-01-04T12:59:45.892+0000] {logging_mixin.py:190} INFO - [2026-01-04T12:59:45.891+0000] {dagbag.py:588} INFO - Filling up the DagBag from /workspaces/f1_data_team/venv/lib/python3.12/site-packages/airflow/example_dags/example_workday_timetable.py
[2026-01-04T12:59:45.896+0000] {processor.py:925} INFO - DAG(s) 'example_workday_timetable' retrieved from /workspaces/f1_data_team/venv/lib/python3.12/site-packages/airflow/example_dags/example_workday_timetable.py
[2026-01-04T12:59:45.909+0000] {logging_mixin.py:190} INFO - [2026-01-04T12:59:45.908+0000] {dag.py:3239} INFO - Sync 1 DAGs
[2026-01-04T12:59:45.954+0000] {logging_mixin.py:190} INFO - [2026-01-04T12:59:45.954+0000] {dag.py:4180} INFO - Setting next_dagrun for example_workday_timetable to 2021-01-04 00:00:00+00:00, run_after=2021-01-05 00:00:00+00:00
[2026-01-04T12:59:45.969+0000] {processor.py:208} INFO - Processing /workspaces/f1_data_team/venv/lib/python3.12/site-packages/airflow/example_dags/example_workday_timetable.py took 0.085 seconds
[2026-01-04T13:00:42.386+0000] {processor.py:186} INFO - Started process (PID=50791) to work on /workspaces/f1_data_team/venv/lib/python3.12/site-packages/airflow/example_dags/example_workday_timetable.py
[2026-01-04T13:00:42.387+0000] {processor.py:914} INFO - Processing file /workspaces/f1_data_team/venv/lib/python3.12/site-packages/airflow/example_dags/example_workday_timetable.py for tasks to queue
[2026-01-04T13:00:42.389+0000] {logging_mixin.py:190} INFO - [2026-01-04T13:00:42.388+0000] {dagbag.py:588} INFO - Filling up the DagBag from /workspaces/f1_data_team/venv/lib/python3.12/site-packages/airflow/example_dags/example_workday_timetable.py
[2026-01-04T13:00:42.394+0000] {processor.py:925} INFO - DAG(s) 'example_workday_timetable' retrieved from /workspaces/f1_data_team/venv/lib/python3.12/site-packages/airflow/example_dags/example_workday_timetable.py
[2026-01-04T13:00:42.406+0000] {logging_mixin.py:190} INFO - [2026-01-04T13:00:42.406+0000] {dag.py:3239} INFO - Sync 1 DAGs
[2026-01-04T13:00:42.451+0000] {logging_mixin.py:190} INFO - [2026-01-04T13:00:42.451+0000] {dag.py:4180} INFO - Setting next_dagrun for example_workday_timetable to 2021-01-04 00:00:00+00:00, run_after=2021-01-05 00:00:00+00:00
[2026-01-04T13:00:42.466+0000] {processor.py:208} INFO - Processing /workspaces/f1_data_team/venv/lib/python3.12/site-packages/airflow/example_dags/example_workday_timetable.py took 0.084 seconds
[2026-01-04T13:01:29.245+0000] {processor.py:186} INFO - Started process (PID=51368) to work on /workspaces/f1_data_team/venv/lib/python3.12/site-packages/airflow/example_dags/example_workday_timetable.py
[2026-01-04T13:01:29.245+0000] {processor.py:914} INFO - Processing file /workspaces/f1_data_team/venv/lib/python3.12/site-packages/airflow/example_dags/example_workday_timetable.py for tasks to queue
[2026-01-04T13:01:29.247+0000] {logging_mixin.py:190} INFO - [2026-01-04T13:01:29.247+0000] {dagbag.py:588} INFO - Filling up the DagBag from /workspaces/f1_data_team/venv/lib/python3.12/site-packages/airflow/example_dags/example_workday_timetable.py
[2026-01-04T13:01:29.252+0000] {processor.py:925} INFO - DAG(s) 'example_workday_timetable' retrieved from /workspaces/f1_data_team/venv/lib/python3.12/site-packages/airflow/example_dags/example_workday_timetable.py
[2026-01-04T13:01:29.265+0000] {logging_mixin.py:190} INFO - [2026-01-04T13:01:29.264+0000] {dag.py:3239} INFO - Sync 1 DAGs
[2026-01-04T13:01:29.314+0000] {logging_mixin.py:190} INFO - [2026-01-04T13:01:29.314+0000] {dag.py:4180} INFO - Setting next_dagrun for example_workday_timetable to 2021-01-04 00:00:00+00:00, run_after=2021-01-05 00:00:00+00:00
[2026-01-04T13:01:29.329+0000] {processor.py:208} INFO - Processing /workspaces/f1_data_team/venv/lib/python3.12/site-packages/airflow/example_dags/example_workday_timetable.py took 0.089 seconds
