[2026-01-04T12:26:59.147+0000] {processor.py:186} INFO - Started process (PID=24650) to work on /workspaces/f1_data_team/venv/lib/python3.12/site-packages/airflow/example_dags/example_python_decorator.py
[2026-01-04T12:26:59.148+0000] {processor.py:914} INFO - Processing file /workspaces/f1_data_team/venv/lib/python3.12/site-packages/airflow/example_dags/example_python_decorator.py for tasks to queue
[2026-01-04T12:26:59.149+0000] {logging_mixin.py:190} INFO - [2026-01-04T12:26:59.149+0000] {dagbag.py:588} INFO - Filling up the DagBag from /workspaces/f1_data_team/venv/lib/python3.12/site-packages/airflow/example_dags/example_python_decorator.py
[2026-01-04T12:26:59.162+0000] {processor.py:925} INFO - DAG(s) 'example_python_decorator' retrieved from /workspaces/f1_data_team/venv/lib/python3.12/site-packages/airflow/example_dags/example_python_decorator.py
[2026-01-04T12:26:59.239+0000] {logging_mixin.py:190} INFO - [2026-01-04T12:26:59.239+0000] {override.py:1911} INFO - Created Permission View: can read on DAG:example_python_decorator
[2026-01-04T12:26:59.247+0000] {logging_mixin.py:190} INFO - [2026-01-04T12:26:59.247+0000] {override.py:1911} INFO - Created Permission View: can edit on DAG:example_python_decorator
[2026-01-04T12:26:59.252+0000] {logging_mixin.py:190} INFO - [2026-01-04T12:26:59.252+0000] {override.py:1911} INFO - Created Permission View: can delete on DAG:example_python_decorator
[2026-01-04T12:26:59.260+0000] {logging_mixin.py:190} INFO - [2026-01-04T12:26:59.260+0000] {override.py:1911} INFO - Created Permission View: can read on DAG Run:example_python_decorator
[2026-01-04T12:26:59.266+0000] {logging_mixin.py:190} INFO - [2026-01-04T12:26:59.265+0000] {override.py:1911} INFO - Created Permission View: menu access on DAG Run:example_python_decorator
[2026-01-04T12:26:59.271+0000] {logging_mixin.py:190} INFO - [2026-01-04T12:26:59.270+0000] {override.py:1911} INFO - Created Permission View: can create on DAG Run:example_python_decorator
[2026-01-04T12:26:59.277+0000] {logging_mixin.py:190} INFO - [2026-01-04T12:26:59.277+0000] {override.py:1911} INFO - Created Permission View: can delete on DAG Run:example_python_decorator
[2026-01-04T12:26:59.278+0000] {logging_mixin.py:190} INFO - [2026-01-04T12:26:59.278+0000] {dag.py:3239} INFO - Sync 1 DAGs
[2026-01-04T12:26:59.286+0000] {logging_mixin.py:190} INFO - [2026-01-04T12:26:59.286+0000] {dag.py:3262} INFO - Creating ORM DAG for example_python_decorator
[2026-01-04T12:26:59.287+0000] {logging_mixin.py:190} INFO - [2026-01-04T12:26:59.287+0000] {dag.py:4180} INFO - Setting next_dagrun for example_python_decorator to None, run_after=None
[2026-01-04T12:26:59.301+0000] {processor.py:208} INFO - Processing /workspaces/f1_data_team/venv/lib/python3.12/site-packages/airflow/example_dags/example_python_decorator.py took 0.158 seconds
[2026-01-04T12:28:00.085+0000] {processor.py:186} INFO - Started process (PID=25181) to work on /workspaces/f1_data_team/venv/lib/python3.12/site-packages/airflow/example_dags/example_python_decorator.py
[2026-01-04T12:28:00.086+0000] {processor.py:914} INFO - Processing file /workspaces/f1_data_team/venv/lib/python3.12/site-packages/airflow/example_dags/example_python_decorator.py for tasks to queue
[2026-01-04T12:28:00.088+0000] {logging_mixin.py:190} INFO - [2026-01-04T12:28:00.087+0000] {dagbag.py:588} INFO - Filling up the DagBag from /workspaces/f1_data_team/venv/lib/python3.12/site-packages/airflow/example_dags/example_python_decorator.py
[2026-01-04T12:28:00.099+0000] {processor.py:925} INFO - DAG(s) 'example_python_decorator' retrieved from /workspaces/f1_data_team/venv/lib/python3.12/site-packages/airflow/example_dags/example_python_decorator.py
[2026-01-04T12:28:00.113+0000] {logging_mixin.py:190} INFO - [2026-01-04T12:28:00.113+0000] {dag.py:3239} INFO - Sync 1 DAGs
[2026-01-04T12:28:00.123+0000] {logging_mixin.py:190} INFO - [2026-01-04T12:28:00.122+0000] {dag.py:4180} INFO - Setting next_dagrun for example_python_decorator to None, run_after=None
[2026-01-04T12:28:00.137+0000] {processor.py:208} INFO - Processing /workspaces/f1_data_team/venv/lib/python3.12/site-packages/airflow/example_dags/example_python_decorator.py took 0.057 seconds
[2026-01-04T12:28:57.344+0000] {processor.py:186} INFO - Started process (PID=25705) to work on /workspaces/f1_data_team/venv/lib/python3.12/site-packages/airflow/example_dags/example_python_decorator.py
[2026-01-04T12:28:57.345+0000] {processor.py:914} INFO - Processing file /workspaces/f1_data_team/venv/lib/python3.12/site-packages/airflow/example_dags/example_python_decorator.py for tasks to queue
[2026-01-04T12:28:57.347+0000] {logging_mixin.py:190} INFO - [2026-01-04T12:28:57.346+0000] {dagbag.py:588} INFO - Filling up the DagBag from /workspaces/f1_data_team/venv/lib/python3.12/site-packages/airflow/example_dags/example_python_decorator.py
[2026-01-04T12:28:57.361+0000] {processor.py:925} INFO - DAG(s) 'example_python_decorator' retrieved from /workspaces/f1_data_team/venv/lib/python3.12/site-packages/airflow/example_dags/example_python_decorator.py
[2026-01-04T12:28:57.380+0000] {logging_mixin.py:190} INFO - [2026-01-04T12:28:57.380+0000] {dag.py:3239} INFO - Sync 1 DAGs
[2026-01-04T12:28:57.393+0000] {logging_mixin.py:190} INFO - [2026-01-04T12:28:57.393+0000] {dag.py:4180} INFO - Setting next_dagrun for example_python_decorator to None, run_after=None
[2026-01-04T12:28:57.408+0000] {processor.py:208} INFO - Processing /workspaces/f1_data_team/venv/lib/python3.12/site-packages/airflow/example_dags/example_python_decorator.py took 0.069 seconds
[2026-01-04T12:30:37.623+0000] {processor.py:186} INFO - Started process (PID=27604) to work on /workspaces/f1_data_team/venv/lib/python3.12/site-packages/airflow/example_dags/example_python_decorator.py
[2026-01-04T12:30:37.624+0000] {processor.py:914} INFO - Processing file /workspaces/f1_data_team/venv/lib/python3.12/site-packages/airflow/example_dags/example_python_decorator.py for tasks to queue
[2026-01-04T12:30:37.625+0000] {logging_mixin.py:190} INFO - [2026-01-04T12:30:37.625+0000] {dagbag.py:588} INFO - Filling up the DagBag from /workspaces/f1_data_team/venv/lib/python3.12/site-packages/airflow/example_dags/example_python_decorator.py
[2026-01-04T12:30:37.638+0000] {processor.py:925} INFO - DAG(s) 'example_python_decorator' retrieved from /workspaces/f1_data_team/venv/lib/python3.12/site-packages/airflow/example_dags/example_python_decorator.py
[2026-01-04T12:30:37.727+0000] {logging_mixin.py:190} INFO - [2026-01-04T12:30:37.727+0000] {dag.py:3239} INFO - Sync 1 DAGs
[2026-01-04T12:30:37.735+0000] {logging_mixin.py:190} INFO - [2026-01-04T12:30:37.735+0000] {dag.py:4180} INFO - Setting next_dagrun for example_python_decorator to None, run_after=None
[2026-01-04T12:30:37.749+0000] {processor.py:208} INFO - Processing /workspaces/f1_data_team/venv/lib/python3.12/site-packages/airflow/example_dags/example_python_decorator.py took 0.131 seconds
[2026-01-04T12:31:36.795+0000] {processor.py:186} INFO - Started process (PID=28658) to work on /workspaces/f1_data_team/venv/lib/python3.12/site-packages/airflow/example_dags/example_python_decorator.py
[2026-01-04T12:31:36.796+0000] {processor.py:914} INFO - Processing file /workspaces/f1_data_team/venv/lib/python3.12/site-packages/airflow/example_dags/example_python_decorator.py for tasks to queue
[2026-01-04T12:31:36.798+0000] {logging_mixin.py:190} INFO - [2026-01-04T12:31:36.797+0000] {dagbag.py:588} INFO - Filling up the DagBag from /workspaces/f1_data_team/venv/lib/python3.12/site-packages/airflow/example_dags/example_python_decorator.py
[2026-01-04T12:31:36.810+0000] {processor.py:925} INFO - DAG(s) 'example_python_decorator' retrieved from /workspaces/f1_data_team/venv/lib/python3.12/site-packages/airflow/example_dags/example_python_decorator.py
[2026-01-04T12:31:36.823+0000] {logging_mixin.py:190} INFO - [2026-01-04T12:31:36.823+0000] {dag.py:3239} INFO - Sync 1 DAGs
[2026-01-04T12:31:36.832+0000] {logging_mixin.py:190} INFO - [2026-01-04T12:31:36.832+0000] {dag.py:4180} INFO - Setting next_dagrun for example_python_decorator to None, run_after=None
[2026-01-04T12:31:36.846+0000] {processor.py:208} INFO - Processing /workspaces/f1_data_team/venv/lib/python3.12/site-packages/airflow/example_dags/example_python_decorator.py took 0.056 seconds
[2026-01-04T12:32:45.472+0000] {processor.py:186} INFO - Started process (PID=29845) to work on /workspaces/f1_data_team/venv/lib/python3.12/site-packages/airflow/example_dags/example_python_decorator.py
[2026-01-04T12:32:45.473+0000] {processor.py:914} INFO - Processing file /workspaces/f1_data_team/venv/lib/python3.12/site-packages/airflow/example_dags/example_python_decorator.py for tasks to queue
[2026-01-04T12:32:45.475+0000] {logging_mixin.py:190} INFO - [2026-01-04T12:32:45.475+0000] {dagbag.py:588} INFO - Filling up the DagBag from /workspaces/f1_data_team/venv/lib/python3.12/site-packages/airflow/example_dags/example_python_decorator.py
[2026-01-04T12:32:45.493+0000] {processor.py:925} INFO - DAG(s) 'example_python_decorator' retrieved from /workspaces/f1_data_team/venv/lib/python3.12/site-packages/airflow/example_dags/example_python_decorator.py
[2026-01-04T12:32:45.573+0000] {logging_mixin.py:190} INFO - [2026-01-04T12:32:45.573+0000] {dag.py:3239} INFO - Sync 1 DAGs
[2026-01-04T12:32:45.581+0000] {logging_mixin.py:190} INFO - [2026-01-04T12:32:45.581+0000] {dag.py:4180} INFO - Setting next_dagrun for example_python_decorator to None, run_after=None
[2026-01-04T12:32:45.596+0000] {processor.py:208} INFO - Processing /workspaces/f1_data_team/venv/lib/python3.12/site-packages/airflow/example_dags/example_python_decorator.py took 0.128 seconds
[2026-01-04T12:33:45.514+0000] {processor.py:186} INFO - Started process (PID=30691) to work on /workspaces/f1_data_team/venv/lib/python3.12/site-packages/airflow/example_dags/example_python_decorator.py
[2026-01-04T12:33:45.515+0000] {processor.py:914} INFO - Processing file /workspaces/f1_data_team/venv/lib/python3.12/site-packages/airflow/example_dags/example_python_decorator.py for tasks to queue
[2026-01-04T12:33:45.518+0000] {logging_mixin.py:190} INFO - [2026-01-04T12:33:45.517+0000] {dagbag.py:588} INFO - Filling up the DagBag from /workspaces/f1_data_team/venv/lib/python3.12/site-packages/airflow/example_dags/example_python_decorator.py
[2026-01-04T12:33:45.531+0000] {processor.py:925} INFO - DAG(s) 'example_python_decorator' retrieved from /workspaces/f1_data_team/venv/lib/python3.12/site-packages/airflow/example_dags/example_python_decorator.py
[2026-01-04T12:33:45.545+0000] {logging_mixin.py:190} INFO - [2026-01-04T12:33:45.545+0000] {dag.py:3239} INFO - Sync 1 DAGs
[2026-01-04T12:33:45.555+0000] {logging_mixin.py:190} INFO - [2026-01-04T12:33:45.554+0000] {dag.py:4180} INFO - Setting next_dagrun for example_python_decorator to None, run_after=None
[2026-01-04T12:33:45.569+0000] {processor.py:208} INFO - Processing /workspaces/f1_data_team/venv/lib/python3.12/site-packages/airflow/example_dags/example_python_decorator.py took 0.062 seconds
[2026-01-04T12:34:41.161+0000] {processor.py:186} INFO - Started process (PID=31241) to work on /workspaces/f1_data_team/venv/lib/python3.12/site-packages/airflow/example_dags/example_python_decorator.py
[2026-01-04T12:34:41.161+0000] {processor.py:914} INFO - Processing file /workspaces/f1_data_team/venv/lib/python3.12/site-packages/airflow/example_dags/example_python_decorator.py for tasks to queue
[2026-01-04T12:34:41.163+0000] {logging_mixin.py:190} INFO - [2026-01-04T12:34:41.163+0000] {dagbag.py:588} INFO - Filling up the DagBag from /workspaces/f1_data_team/venv/lib/python3.12/site-packages/airflow/example_dags/example_python_decorator.py
[2026-01-04T12:34:41.175+0000] {processor.py:925} INFO - DAG(s) 'example_python_decorator' retrieved from /workspaces/f1_data_team/venv/lib/python3.12/site-packages/airflow/example_dags/example_python_decorator.py
[2026-01-04T12:34:41.189+0000] {logging_mixin.py:190} INFO - [2026-01-04T12:34:41.188+0000] {dag.py:3239} INFO - Sync 1 DAGs
[2026-01-04T12:34:41.199+0000] {logging_mixin.py:190} INFO - [2026-01-04T12:34:41.199+0000] {dag.py:4180} INFO - Setting next_dagrun for example_python_decorator to None, run_after=None
[2026-01-04T12:34:41.213+0000] {processor.py:208} INFO - Processing /workspaces/f1_data_team/venv/lib/python3.12/site-packages/airflow/example_dags/example_python_decorator.py took 0.057 seconds
[2026-01-04T12:35:38.511+0000] {processor.py:186} INFO - Started process (PID=31755) to work on /workspaces/f1_data_team/venv/lib/python3.12/site-packages/airflow/example_dags/example_python_decorator.py
[2026-01-04T12:35:38.512+0000] {processor.py:914} INFO - Processing file /workspaces/f1_data_team/venv/lib/python3.12/site-packages/airflow/example_dags/example_python_decorator.py for tasks to queue
[2026-01-04T12:35:38.514+0000] {logging_mixin.py:190} INFO - [2026-01-04T12:35:38.514+0000] {dagbag.py:588} INFO - Filling up the DagBag from /workspaces/f1_data_team/venv/lib/python3.12/site-packages/airflow/example_dags/example_python_decorator.py
[2026-01-04T12:35:38.526+0000] {processor.py:925} INFO - DAG(s) 'example_python_decorator' retrieved from /workspaces/f1_data_team/venv/lib/python3.12/site-packages/airflow/example_dags/example_python_decorator.py
[2026-01-04T12:35:38.539+0000] {logging_mixin.py:190} INFO - [2026-01-04T12:35:38.539+0000] {dag.py:3239} INFO - Sync 1 DAGs
[2026-01-04T12:35:38.549+0000] {logging_mixin.py:190} INFO - [2026-01-04T12:35:38.549+0000] {dag.py:4180} INFO - Setting next_dagrun for example_python_decorator to None, run_after=None
[2026-01-04T12:35:38.564+0000] {processor.py:208} INFO - Processing /workspaces/f1_data_team/venv/lib/python3.12/site-packages/airflow/example_dags/example_python_decorator.py took 0.057 seconds
[2026-01-04T12:36:31.426+0000] {processor.py:186} INFO - Started process (PID=32409) to work on /workspaces/f1_data_team/venv/lib/python3.12/site-packages/airflow/example_dags/example_python_decorator.py
[2026-01-04T12:36:31.427+0000] {processor.py:914} INFO - Processing file /workspaces/f1_data_team/venv/lib/python3.12/site-packages/airflow/example_dags/example_python_decorator.py for tasks to queue
[2026-01-04T12:36:31.429+0000] {logging_mixin.py:190} INFO - [2026-01-04T12:36:31.428+0000] {dagbag.py:588} INFO - Filling up the DagBag from /workspaces/f1_data_team/venv/lib/python3.12/site-packages/airflow/example_dags/example_python_decorator.py
[2026-01-04T12:36:31.440+0000] {processor.py:925} INFO - DAG(s) 'example_python_decorator' retrieved from /workspaces/f1_data_team/venv/lib/python3.12/site-packages/airflow/example_dags/example_python_decorator.py
[2026-01-04T12:36:31.454+0000] {logging_mixin.py:190} INFO - [2026-01-04T12:36:31.453+0000] {dag.py:3239} INFO - Sync 1 DAGs
[2026-01-04T12:36:31.463+0000] {logging_mixin.py:190} INFO - [2026-01-04T12:36:31.463+0000] {dag.py:4180} INFO - Setting next_dagrun for example_python_decorator to None, run_after=None
[2026-01-04T12:36:31.478+0000] {processor.py:208} INFO - Processing /workspaces/f1_data_team/venv/lib/python3.12/site-packages/airflow/example_dags/example_python_decorator.py took 0.056 seconds
[2026-01-04T12:37:23.479+0000] {processor.py:186} INFO - Started process (PID=32921) to work on /workspaces/f1_data_team/venv/lib/python3.12/site-packages/airflow/example_dags/example_python_decorator.py
[2026-01-04T12:37:23.480+0000] {processor.py:914} INFO - Processing file /workspaces/f1_data_team/venv/lib/python3.12/site-packages/airflow/example_dags/example_python_decorator.py for tasks to queue
[2026-01-04T12:37:23.482+0000] {logging_mixin.py:190} INFO - [2026-01-04T12:37:23.481+0000] {dagbag.py:588} INFO - Filling up the DagBag from /workspaces/f1_data_team/venv/lib/python3.12/site-packages/airflow/example_dags/example_python_decorator.py
[2026-01-04T12:37:23.493+0000] {processor.py:925} INFO - DAG(s) 'example_python_decorator' retrieved from /workspaces/f1_data_team/venv/lib/python3.12/site-packages/airflow/example_dags/example_python_decorator.py
[2026-01-04T12:37:23.507+0000] {logging_mixin.py:190} INFO - [2026-01-04T12:37:23.507+0000] {dag.py:3239} INFO - Sync 1 DAGs
[2026-01-04T12:37:23.517+0000] {logging_mixin.py:190} INFO - [2026-01-04T12:37:23.517+0000] {dag.py:4180} INFO - Setting next_dagrun for example_python_decorator to None, run_after=None
[2026-01-04T12:37:23.531+0000] {processor.py:208} INFO - Processing /workspaces/f1_data_team/venv/lib/python3.12/site-packages/airflow/example_dags/example_python_decorator.py took 0.056 seconds
[2026-01-04T12:38:17.484+0000] {processor.py:186} INFO - Started process (PID=33733) to work on /workspaces/f1_data_team/venv/lib/python3.12/site-packages/airflow/example_dags/example_python_decorator.py
[2026-01-04T12:38:17.485+0000] {processor.py:914} INFO - Processing file /workspaces/f1_data_team/venv/lib/python3.12/site-packages/airflow/example_dags/example_python_decorator.py for tasks to queue
[2026-01-04T12:38:17.487+0000] {logging_mixin.py:190} INFO - [2026-01-04T12:38:17.487+0000] {dagbag.py:588} INFO - Filling up the DagBag from /workspaces/f1_data_team/venv/lib/python3.12/site-packages/airflow/example_dags/example_python_decorator.py
[2026-01-04T12:38:17.498+0000] {processor.py:925} INFO - DAG(s) 'example_python_decorator' retrieved from /workspaces/f1_data_team/venv/lib/python3.12/site-packages/airflow/example_dags/example_python_decorator.py
[2026-01-04T12:38:17.512+0000] {logging_mixin.py:190} INFO - [2026-01-04T12:38:17.512+0000] {dag.py:3239} INFO - Sync 1 DAGs
[2026-01-04T12:38:17.522+0000] {logging_mixin.py:190} INFO - [2026-01-04T12:38:17.522+0000] {dag.py:4180} INFO - Setting next_dagrun for example_python_decorator to None, run_after=None
[2026-01-04T12:38:17.536+0000] {processor.py:208} INFO - Processing /workspaces/f1_data_team/venv/lib/python3.12/site-packages/airflow/example_dags/example_python_decorator.py took 0.057 seconds
[2026-01-04T12:39:09.517+0000] {processor.py:186} INFO - Started process (PID=34219) to work on /workspaces/f1_data_team/venv/lib/python3.12/site-packages/airflow/example_dags/example_python_decorator.py
[2026-01-04T12:39:09.518+0000] {processor.py:914} INFO - Processing file /workspaces/f1_data_team/venv/lib/python3.12/site-packages/airflow/example_dags/example_python_decorator.py for tasks to queue
[2026-01-04T12:39:09.520+0000] {logging_mixin.py:190} INFO - [2026-01-04T12:39:09.519+0000] {dagbag.py:588} INFO - Filling up the DagBag from /workspaces/f1_data_team/venv/lib/python3.12/site-packages/airflow/example_dags/example_python_decorator.py
[2026-01-04T12:39:09.539+0000] {processor.py:925} INFO - DAG(s) 'example_python_decorator' retrieved from /workspaces/f1_data_team/venv/lib/python3.12/site-packages/airflow/example_dags/example_python_decorator.py
[2026-01-04T12:39:09.563+0000] {logging_mixin.py:190} INFO - [2026-01-04T12:39:09.561+0000] {dag.py:3239} INFO - Sync 1 DAGs
[2026-01-04T12:39:09.579+0000] {logging_mixin.py:190} INFO - [2026-01-04T12:39:09.579+0000] {dag.py:4180} INFO - Setting next_dagrun for example_python_decorator to None, run_after=None
[2026-01-04T12:39:09.604+0000] {processor.py:208} INFO - Processing /workspaces/f1_data_team/venv/lib/python3.12/site-packages/airflow/example_dags/example_python_decorator.py took 0.095 seconds
[2026-01-04T12:40:05.247+0000] {processor.py:186} INFO - Started process (PID=34747) to work on /workspaces/f1_data_team/venv/lib/python3.12/site-packages/airflow/example_dags/example_python_decorator.py
[2026-01-04T12:40:05.247+0000] {processor.py:914} INFO - Processing file /workspaces/f1_data_team/venv/lib/python3.12/site-packages/airflow/example_dags/example_python_decorator.py for tasks to queue
[2026-01-04T12:40:05.249+0000] {logging_mixin.py:190} INFO - [2026-01-04T12:40:05.249+0000] {dagbag.py:588} INFO - Filling up the DagBag from /workspaces/f1_data_team/venv/lib/python3.12/site-packages/airflow/example_dags/example_python_decorator.py
[2026-01-04T12:40:05.263+0000] {processor.py:925} INFO - DAG(s) 'example_python_decorator' retrieved from /workspaces/f1_data_team/venv/lib/python3.12/site-packages/airflow/example_dags/example_python_decorator.py
[2026-01-04T12:40:05.277+0000] {logging_mixin.py:190} INFO - [2026-01-04T12:40:05.276+0000] {dag.py:3239} INFO - Sync 1 DAGs
[2026-01-04T12:40:05.286+0000] {logging_mixin.py:190} INFO - [2026-01-04T12:40:05.286+0000] {dag.py:4180} INFO - Setting next_dagrun for example_python_decorator to None, run_after=None
[2026-01-04T12:40:05.301+0000] {processor.py:208} INFO - Processing /workspaces/f1_data_team/venv/lib/python3.12/site-packages/airflow/example_dags/example_python_decorator.py took 0.059 seconds
[2026-01-04T12:41:42.947+0000] {processor.py:186} INFO - Started process (PID=36023) to work on /workspaces/f1_data_team/venv/lib/python3.12/site-packages/airflow/example_dags/example_python_decorator.py
[2026-01-04T12:41:42.948+0000] {processor.py:914} INFO - Processing file /workspaces/f1_data_team/venv/lib/python3.12/site-packages/airflow/example_dags/example_python_decorator.py for tasks to queue
[2026-01-04T12:41:42.950+0000] {logging_mixin.py:190} INFO - [2026-01-04T12:41:42.949+0000] {dagbag.py:588} INFO - Filling up the DagBag from /workspaces/f1_data_team/venv/lib/python3.12/site-packages/airflow/example_dags/example_python_decorator.py
[2026-01-04T12:41:42.961+0000] {processor.py:925} INFO - DAG(s) 'example_python_decorator' retrieved from /workspaces/f1_data_team/venv/lib/python3.12/site-packages/airflow/example_dags/example_python_decorator.py
[2026-01-04T12:41:43.039+0000] {logging_mixin.py:190} INFO - [2026-01-04T12:41:43.039+0000] {dag.py:3239} INFO - Sync 1 DAGs
[2026-01-04T12:41:43.047+0000] {logging_mixin.py:190} INFO - [2026-01-04T12:41:43.047+0000] {dag.py:4180} INFO - Setting next_dagrun for example_python_decorator to None, run_after=None
[2026-01-04T12:41:43.061+0000] {processor.py:208} INFO - Processing /workspaces/f1_data_team/venv/lib/python3.12/site-packages/airflow/example_dags/example_python_decorator.py took 0.119 seconds
[2026-01-04T12:42:48.558+0000] {processor.py:186} INFO - Started process (PID=37023) to work on /workspaces/f1_data_team/venv/lib/python3.12/site-packages/airflow/example_dags/example_python_decorator.py
[2026-01-04T12:42:48.559+0000] {processor.py:914} INFO - Processing file /workspaces/f1_data_team/venv/lib/python3.12/site-packages/airflow/example_dags/example_python_decorator.py for tasks to queue
[2026-01-04T12:42:48.561+0000] {logging_mixin.py:190} INFO - [2026-01-04T12:42:48.561+0000] {dagbag.py:588} INFO - Filling up the DagBag from /workspaces/f1_data_team/venv/lib/python3.12/site-packages/airflow/example_dags/example_python_decorator.py
[2026-01-04T12:42:48.573+0000] {processor.py:925} INFO - DAG(s) 'example_python_decorator' retrieved from /workspaces/f1_data_team/venv/lib/python3.12/site-packages/airflow/example_dags/example_python_decorator.py
[2026-01-04T12:42:48.586+0000] {logging_mixin.py:190} INFO - [2026-01-04T12:42:48.586+0000] {dag.py:3239} INFO - Sync 1 DAGs
[2026-01-04T12:42:48.596+0000] {logging_mixin.py:190} INFO - [2026-01-04T12:42:48.596+0000] {dag.py:4180} INFO - Setting next_dagrun for example_python_decorator to None, run_after=None
[2026-01-04T12:42:48.611+0000] {processor.py:208} INFO - Processing /workspaces/f1_data_team/venv/lib/python3.12/site-packages/airflow/example_dags/example_python_decorator.py took 0.057 seconds
[2026-01-04T12:43:45.877+0000] {processor.py:186} INFO - Started process (PID=37719) to work on /workspaces/f1_data_team/venv/lib/python3.12/site-packages/airflow/example_dags/example_python_decorator.py
[2026-01-04T12:43:45.878+0000] {processor.py:914} INFO - Processing file /workspaces/f1_data_team/venv/lib/python3.12/site-packages/airflow/example_dags/example_python_decorator.py for tasks to queue
[2026-01-04T12:43:45.880+0000] {logging_mixin.py:190} INFO - [2026-01-04T12:43:45.880+0000] {dagbag.py:588} INFO - Filling up the DagBag from /workspaces/f1_data_team/venv/lib/python3.12/site-packages/airflow/example_dags/example_python_decorator.py
[2026-01-04T12:43:45.892+0000] {processor.py:925} INFO - DAG(s) 'example_python_decorator' retrieved from /workspaces/f1_data_team/venv/lib/python3.12/site-packages/airflow/example_dags/example_python_decorator.py
[2026-01-04T12:43:45.905+0000] {logging_mixin.py:190} INFO - [2026-01-04T12:43:45.905+0000] {dag.py:3239} INFO - Sync 1 DAGs
[2026-01-04T12:43:45.915+0000] {logging_mixin.py:190} INFO - [2026-01-04T12:43:45.915+0000] {dag.py:4180} INFO - Setting next_dagrun for example_python_decorator to None, run_after=None
[2026-01-04T12:43:45.929+0000] {processor.py:208} INFO - Processing /workspaces/f1_data_team/venv/lib/python3.12/site-packages/airflow/example_dags/example_python_decorator.py took 0.057 seconds
[2026-01-04T12:44:36.012+0000] {processor.py:186} INFO - Started process (PID=38375) to work on /workspaces/f1_data_team/venv/lib/python3.12/site-packages/airflow/example_dags/example_python_decorator.py
[2026-01-04T12:44:36.012+0000] {processor.py:914} INFO - Processing file /workspaces/f1_data_team/venv/lib/python3.12/site-packages/airflow/example_dags/example_python_decorator.py for tasks to queue
[2026-01-04T12:44:36.014+0000] {logging_mixin.py:190} INFO - [2026-01-04T12:44:36.014+0000] {dagbag.py:588} INFO - Filling up the DagBag from /workspaces/f1_data_team/venv/lib/python3.12/site-packages/airflow/example_dags/example_python_decorator.py
[2026-01-04T12:44:36.026+0000] {processor.py:925} INFO - DAG(s) 'example_python_decorator' retrieved from /workspaces/f1_data_team/venv/lib/python3.12/site-packages/airflow/example_dags/example_python_decorator.py
[2026-01-04T12:44:36.039+0000] {logging_mixin.py:190} INFO - [2026-01-04T12:44:36.039+0000] {dag.py:3239} INFO - Sync 1 DAGs
[2026-01-04T12:44:36.049+0000] {logging_mixin.py:190} INFO - [2026-01-04T12:44:36.049+0000] {dag.py:4180} INFO - Setting next_dagrun for example_python_decorator to None, run_after=None
[2026-01-04T12:44:36.064+0000] {processor.py:208} INFO - Processing /workspaces/f1_data_team/venv/lib/python3.12/site-packages/airflow/example_dags/example_python_decorator.py took 0.057 seconds
[2026-01-04T12:45:34.570+0000] {processor.py:186} INFO - Started process (PID=39430) to work on /workspaces/f1_data_team/venv/lib/python3.12/site-packages/airflow/example_dags/example_python_decorator.py
[2026-01-04T12:45:34.570+0000] {processor.py:914} INFO - Processing file /workspaces/f1_data_team/venv/lib/python3.12/site-packages/airflow/example_dags/example_python_decorator.py for tasks to queue
[2026-01-04T12:45:34.572+0000] {logging_mixin.py:190} INFO - [2026-01-04T12:45:34.572+0000] {dagbag.py:588} INFO - Filling up the DagBag from /workspaces/f1_data_team/venv/lib/python3.12/site-packages/airflow/example_dags/example_python_decorator.py
[2026-01-04T12:45:34.584+0000] {processor.py:925} INFO - DAG(s) 'example_python_decorator' retrieved from /workspaces/f1_data_team/venv/lib/python3.12/site-packages/airflow/example_dags/example_python_decorator.py
[2026-01-04T12:45:34.598+0000] {logging_mixin.py:190} INFO - [2026-01-04T12:45:34.597+0000] {dag.py:3239} INFO - Sync 1 DAGs
[2026-01-04T12:45:34.607+0000] {logging_mixin.py:190} INFO - [2026-01-04T12:45:34.607+0000] {dag.py:4180} INFO - Setting next_dagrun for example_python_decorator to None, run_after=None
[2026-01-04T12:45:34.622+0000] {processor.py:208} INFO - Processing /workspaces/f1_data_team/venv/lib/python3.12/site-packages/airflow/example_dags/example_python_decorator.py took 0.057 seconds
[2026-01-04T12:46:30.084+0000] {processor.py:186} INFO - Started process (PID=40023) to work on /workspaces/f1_data_team/venv/lib/python3.12/site-packages/airflow/example_dags/example_python_decorator.py
[2026-01-04T12:46:30.085+0000] {processor.py:914} INFO - Processing file /workspaces/f1_data_team/venv/lib/python3.12/site-packages/airflow/example_dags/example_python_decorator.py for tasks to queue
[2026-01-04T12:46:30.087+0000] {logging_mixin.py:190} INFO - [2026-01-04T12:46:30.087+0000] {dagbag.py:588} INFO - Filling up the DagBag from /workspaces/f1_data_team/venv/lib/python3.12/site-packages/airflow/example_dags/example_python_decorator.py
[2026-01-04T12:46:30.099+0000] {processor.py:925} INFO - DAG(s) 'example_python_decorator' retrieved from /workspaces/f1_data_team/venv/lib/python3.12/site-packages/airflow/example_dags/example_python_decorator.py
[2026-01-04T12:46:30.112+0000] {logging_mixin.py:190} INFO - [2026-01-04T12:46:30.112+0000] {dag.py:3239} INFO - Sync 1 DAGs
[2026-01-04T12:46:30.122+0000] {logging_mixin.py:190} INFO - [2026-01-04T12:46:30.122+0000] {dag.py:4180} INFO - Setting next_dagrun for example_python_decorator to None, run_after=None
[2026-01-04T12:46:30.137+0000] {processor.py:208} INFO - Processing /workspaces/f1_data_team/venv/lib/python3.12/site-packages/airflow/example_dags/example_python_decorator.py took 0.058 seconds
[2026-01-04T12:47:21.590+0000] {processor.py:186} INFO - Started process (PID=40506) to work on /workspaces/f1_data_team/venv/lib/python3.12/site-packages/airflow/example_dags/example_python_decorator.py
[2026-01-04T12:47:21.592+0000] {processor.py:914} INFO - Processing file /workspaces/f1_data_team/venv/lib/python3.12/site-packages/airflow/example_dags/example_python_decorator.py for tasks to queue
[2026-01-04T12:47:21.599+0000] {logging_mixin.py:190} INFO - [2026-01-04T12:47:21.599+0000] {dagbag.py:588} INFO - Filling up the DagBag from /workspaces/f1_data_team/venv/lib/python3.12/site-packages/airflow/example_dags/example_python_decorator.py
[2026-01-04T12:47:21.631+0000] {processor.py:925} INFO - DAG(s) 'example_python_decorator' retrieved from /workspaces/f1_data_team/venv/lib/python3.12/site-packages/airflow/example_dags/example_python_decorator.py
[2026-01-04T12:47:21.645+0000] {logging_mixin.py:190} INFO - [2026-01-04T12:47:21.645+0000] {dag.py:3239} INFO - Sync 1 DAGs
[2026-01-04T12:47:21.659+0000] {logging_mixin.py:190} INFO - [2026-01-04T12:47:21.659+0000] {dag.py:4180} INFO - Setting next_dagrun for example_python_decorator to None, run_after=None
[2026-01-04T12:47:21.677+0000] {processor.py:208} INFO - Processing /workspaces/f1_data_team/venv/lib/python3.12/site-packages/airflow/example_dags/example_python_decorator.py took 0.106 seconds
[2026-01-04T12:49:03.805+0000] {processor.py:186} INFO - Started process (PID=41995) to work on /workspaces/f1_data_team/venv/lib/python3.12/site-packages/airflow/example_dags/example_python_decorator.py
[2026-01-04T12:49:03.805+0000] {processor.py:914} INFO - Processing file /workspaces/f1_data_team/venv/lib/python3.12/site-packages/airflow/example_dags/example_python_decorator.py for tasks to queue
[2026-01-04T12:49:03.807+0000] {logging_mixin.py:190} INFO - [2026-01-04T12:49:03.807+0000] {dagbag.py:588} INFO - Filling up the DagBag from /workspaces/f1_data_team/venv/lib/python3.12/site-packages/airflow/example_dags/example_python_decorator.py
[2026-01-04T12:49:03.819+0000] {processor.py:925} INFO - DAG(s) 'example_python_decorator' retrieved from /workspaces/f1_data_team/venv/lib/python3.12/site-packages/airflow/example_dags/example_python_decorator.py
[2026-01-04T12:49:03.893+0000] {logging_mixin.py:190} INFO - [2026-01-04T12:49:03.893+0000] {dag.py:3239} INFO - Sync 1 DAGs
[2026-01-04T12:49:03.902+0000] {logging_mixin.py:190} INFO - [2026-01-04T12:49:03.902+0000] {dag.py:4180} INFO - Setting next_dagrun for example_python_decorator to None, run_after=None
[2026-01-04T12:49:03.920+0000] {processor.py:208} INFO - Processing /workspaces/f1_data_team/venv/lib/python3.12/site-packages/airflow/example_dags/example_python_decorator.py took 0.120 seconds
[2026-01-04T12:50:01.221+0000] {processor.py:186} INFO - Started process (PID=42629) to work on /workspaces/f1_data_team/venv/lib/python3.12/site-packages/airflow/example_dags/example_python_decorator.py
[2026-01-04T12:50:01.221+0000] {processor.py:914} INFO - Processing file /workspaces/f1_data_team/venv/lib/python3.12/site-packages/airflow/example_dags/example_python_decorator.py for tasks to queue
[2026-01-04T12:50:01.223+0000] {logging_mixin.py:190} INFO - [2026-01-04T12:50:01.223+0000] {dagbag.py:588} INFO - Filling up the DagBag from /workspaces/f1_data_team/venv/lib/python3.12/site-packages/airflow/example_dags/example_python_decorator.py
[2026-01-04T12:50:01.236+0000] {processor.py:925} INFO - DAG(s) 'example_python_decorator' retrieved from /workspaces/f1_data_team/venv/lib/python3.12/site-packages/airflow/example_dags/example_python_decorator.py
[2026-01-04T12:50:01.250+0000] {logging_mixin.py:190} INFO - [2026-01-04T12:50:01.250+0000] {dag.py:3239} INFO - Sync 1 DAGs
[2026-01-04T12:50:01.260+0000] {logging_mixin.py:190} INFO - [2026-01-04T12:50:01.260+0000] {dag.py:4180} INFO - Setting next_dagrun for example_python_decorator to None, run_after=None
[2026-01-04T12:50:01.278+0000] {processor.py:208} INFO - Processing /workspaces/f1_data_team/venv/lib/python3.12/site-packages/airflow/example_dags/example_python_decorator.py took 0.062 seconds
[2026-01-04T12:51:35.796+0000] {processor.py:186} INFO - Started process (PID=44009) to work on /workspaces/f1_data_team/venv/lib/python3.12/site-packages/airflow/example_dags/example_python_decorator.py
[2026-01-04T12:51:35.796+0000] {processor.py:914} INFO - Processing file /workspaces/f1_data_team/venv/lib/python3.12/site-packages/airflow/example_dags/example_python_decorator.py for tasks to queue
[2026-01-04T12:51:35.798+0000] {logging_mixin.py:190} INFO - [2026-01-04T12:51:35.798+0000] {dagbag.py:588} INFO - Filling up the DagBag from /workspaces/f1_data_team/venv/lib/python3.12/site-packages/airflow/example_dags/example_python_decorator.py
[2026-01-04T12:51:35.811+0000] {processor.py:925} INFO - DAG(s) 'example_python_decorator' retrieved from /workspaces/f1_data_team/venv/lib/python3.12/site-packages/airflow/example_dags/example_python_decorator.py
[2026-01-04T12:51:35.888+0000] {logging_mixin.py:190} INFO - [2026-01-04T12:51:35.888+0000] {dag.py:3239} INFO - Sync 1 DAGs
[2026-01-04T12:51:35.896+0000] {logging_mixin.py:190} INFO - [2026-01-04T12:51:35.896+0000] {dag.py:4180} INFO - Setting next_dagrun for example_python_decorator to None, run_after=None
[2026-01-04T12:51:35.912+0000] {processor.py:208} INFO - Processing /workspaces/f1_data_team/venv/lib/python3.12/site-packages/airflow/example_dags/example_python_decorator.py took 0.121 seconds
[2026-01-04T12:52:36.211+0000] {processor.py:186} INFO - Started process (PID=45027) to work on /workspaces/f1_data_team/venv/lib/python3.12/site-packages/airflow/example_dags/example_python_decorator.py
[2026-01-04T12:52:36.212+0000] {processor.py:914} INFO - Processing file /workspaces/f1_data_team/venv/lib/python3.12/site-packages/airflow/example_dags/example_python_decorator.py for tasks to queue
[2026-01-04T12:52:36.214+0000] {logging_mixin.py:190} INFO - [2026-01-04T12:52:36.213+0000] {dagbag.py:588} INFO - Filling up the DagBag from /workspaces/f1_data_team/venv/lib/python3.12/site-packages/airflow/example_dags/example_python_decorator.py
[2026-01-04T12:52:36.226+0000] {processor.py:925} INFO - DAG(s) 'example_python_decorator' retrieved from /workspaces/f1_data_team/venv/lib/python3.12/site-packages/airflow/example_dags/example_python_decorator.py
[2026-01-04T12:52:36.239+0000] {logging_mixin.py:190} INFO - [2026-01-04T12:52:36.239+0000] {dag.py:3239} INFO - Sync 1 DAGs
[2026-01-04T12:52:36.249+0000] {logging_mixin.py:190} INFO - [2026-01-04T12:52:36.248+0000] {dag.py:4180} INFO - Setting next_dagrun for example_python_decorator to None, run_after=None
[2026-01-04T12:52:36.263+0000] {processor.py:208} INFO - Processing /workspaces/f1_data_team/venv/lib/python3.12/site-packages/airflow/example_dags/example_python_decorator.py took 0.057 seconds
[2026-01-04T12:53:33.042+0000] {processor.py:186} INFO - Started process (PID=45838) to work on /workspaces/f1_data_team/venv/lib/python3.12/site-packages/airflow/example_dags/example_python_decorator.py
[2026-01-04T12:53:33.042+0000] {processor.py:914} INFO - Processing file /workspaces/f1_data_team/venv/lib/python3.12/site-packages/airflow/example_dags/example_python_decorator.py for tasks to queue
[2026-01-04T12:53:33.044+0000] {logging_mixin.py:190} INFO - [2026-01-04T12:53:33.044+0000] {dagbag.py:588} INFO - Filling up the DagBag from /workspaces/f1_data_team/venv/lib/python3.12/site-packages/airflow/example_dags/example_python_decorator.py
[2026-01-04T12:53:33.056+0000] {processor.py:925} INFO - DAG(s) 'example_python_decorator' retrieved from /workspaces/f1_data_team/venv/lib/python3.12/site-packages/airflow/example_dags/example_python_decorator.py
[2026-01-04T12:53:33.070+0000] {logging_mixin.py:190} INFO - [2026-01-04T12:53:33.069+0000] {dag.py:3239} INFO - Sync 1 DAGs
[2026-01-04T12:53:33.080+0000] {logging_mixin.py:190} INFO - [2026-01-04T12:53:33.079+0000] {dag.py:4180} INFO - Setting next_dagrun for example_python_decorator to None, run_after=None
[2026-01-04T12:53:33.093+0000] {processor.py:208} INFO - Processing /workspaces/f1_data_team/venv/lib/python3.12/site-packages/airflow/example_dags/example_python_decorator.py took 0.057 seconds
[2026-01-04T12:54:30.716+0000] {processor.py:186} INFO - Started process (PID=46658) to work on /workspaces/f1_data_team/venv/lib/python3.12/site-packages/airflow/example_dags/example_python_decorator.py
[2026-01-04T12:54:30.717+0000] {processor.py:914} INFO - Processing file /workspaces/f1_data_team/venv/lib/python3.12/site-packages/airflow/example_dags/example_python_decorator.py for tasks to queue
[2026-01-04T12:54:30.719+0000] {logging_mixin.py:190} INFO - [2026-01-04T12:54:30.719+0000] {dagbag.py:588} INFO - Filling up the DagBag from /workspaces/f1_data_team/venv/lib/python3.12/site-packages/airflow/example_dags/example_python_decorator.py
[2026-01-04T12:54:30.731+0000] {processor.py:925} INFO - DAG(s) 'example_python_decorator' retrieved from /workspaces/f1_data_team/venv/lib/python3.12/site-packages/airflow/example_dags/example_python_decorator.py
[2026-01-04T12:54:30.744+0000] {logging_mixin.py:190} INFO - [2026-01-04T12:54:30.744+0000] {dag.py:3239} INFO - Sync 1 DAGs
[2026-01-04T12:54:30.755+0000] {logging_mixin.py:190} INFO - [2026-01-04T12:54:30.754+0000] {dag.py:4180} INFO - Setting next_dagrun for example_python_decorator to None, run_after=None
[2026-01-04T12:54:30.769+0000] {processor.py:208} INFO - Processing /workspaces/f1_data_team/venv/lib/python3.12/site-packages/airflow/example_dags/example_python_decorator.py took 0.058 seconds
[2026-01-04T12:55:33.963+0000] {processor.py:186} INFO - Started process (PID=47707) to work on /workspaces/f1_data_team/venv/lib/python3.12/site-packages/airflow/example_dags/example_python_decorator.py
[2026-01-04T12:55:33.964+0000] {processor.py:914} INFO - Processing file /workspaces/f1_data_team/venv/lib/python3.12/site-packages/airflow/example_dags/example_python_decorator.py for tasks to queue
[2026-01-04T12:55:33.966+0000] {logging_mixin.py:190} INFO - [2026-01-04T12:55:33.965+0000] {dagbag.py:588} INFO - Filling up the DagBag from /workspaces/f1_data_team/venv/lib/python3.12/site-packages/airflow/example_dags/example_python_decorator.py
[2026-01-04T12:55:33.977+0000] {processor.py:925} INFO - DAG(s) 'example_python_decorator' retrieved from /workspaces/f1_data_team/venv/lib/python3.12/site-packages/airflow/example_dags/example_python_decorator.py
[2026-01-04T12:55:33.991+0000] {logging_mixin.py:190} INFO - [2026-01-04T12:55:33.991+0000] {dag.py:3239} INFO - Sync 1 DAGs
[2026-01-04T12:55:34.001+0000] {logging_mixin.py:190} INFO - [2026-01-04T12:55:34.000+0000] {dag.py:4180} INFO - Setting next_dagrun for example_python_decorator to None, run_after=None
[2026-01-04T12:55:34.015+0000] {processor.py:208} INFO - Processing /workspaces/f1_data_team/venv/lib/python3.12/site-packages/airflow/example_dags/example_python_decorator.py took 0.056 seconds
[2026-01-04T12:56:29.562+0000] {processor.py:186} INFO - Started process (PID=48283) to work on /workspaces/f1_data_team/venv/lib/python3.12/site-packages/airflow/example_dags/example_python_decorator.py
[2026-01-04T12:56:29.563+0000] {processor.py:914} INFO - Processing file /workspaces/f1_data_team/venv/lib/python3.12/site-packages/airflow/example_dags/example_python_decorator.py for tasks to queue
[2026-01-04T12:56:29.565+0000] {logging_mixin.py:190} INFO - [2026-01-04T12:56:29.565+0000] {dagbag.py:588} INFO - Filling up the DagBag from /workspaces/f1_data_team/venv/lib/python3.12/site-packages/airflow/example_dags/example_python_decorator.py
[2026-01-04T12:56:29.577+0000] {processor.py:925} INFO - DAG(s) 'example_python_decorator' retrieved from /workspaces/f1_data_team/venv/lib/python3.12/site-packages/airflow/example_dags/example_python_decorator.py
[2026-01-04T12:56:29.594+0000] {logging_mixin.py:190} INFO - [2026-01-04T12:56:29.594+0000] {dag.py:3239} INFO - Sync 1 DAGs
[2026-01-04T12:56:29.609+0000] {logging_mixin.py:190} INFO - [2026-01-04T12:56:29.609+0000] {dag.py:4180} INFO - Setting next_dagrun for example_python_decorator to None, run_after=None
[2026-01-04T12:56:29.629+0000] {processor.py:208} INFO - Processing /workspaces/f1_data_team/venv/lib/python3.12/site-packages/airflow/example_dags/example_python_decorator.py took 0.072 seconds
[2026-01-04T12:57:20.224+0000] {processor.py:186} INFO - Started process (PID=48747) to work on /workspaces/f1_data_team/venv/lib/python3.12/site-packages/airflow/example_dags/example_python_decorator.py
[2026-01-04T12:57:20.224+0000] {processor.py:914} INFO - Processing file /workspaces/f1_data_team/venv/lib/python3.12/site-packages/airflow/example_dags/example_python_decorator.py for tasks to queue
[2026-01-04T12:57:20.226+0000] {logging_mixin.py:190} INFO - [2026-01-04T12:57:20.226+0000] {dagbag.py:588} INFO - Filling up the DagBag from /workspaces/f1_data_team/venv/lib/python3.12/site-packages/airflow/example_dags/example_python_decorator.py
[2026-01-04T12:57:20.238+0000] {processor.py:925} INFO - DAG(s) 'example_python_decorator' retrieved from /workspaces/f1_data_team/venv/lib/python3.12/site-packages/airflow/example_dags/example_python_decorator.py
[2026-01-04T12:57:20.251+0000] {logging_mixin.py:190} INFO - [2026-01-04T12:57:20.251+0000] {dag.py:3239} INFO - Sync 1 DAGs
[2026-01-04T12:57:20.261+0000] {logging_mixin.py:190} INFO - [2026-01-04T12:57:20.261+0000] {dag.py:4180} INFO - Setting next_dagrun for example_python_decorator to None, run_after=None
[2026-01-04T12:57:20.276+0000] {processor.py:208} INFO - Processing /workspaces/f1_data_team/venv/lib/python3.12/site-packages/airflow/example_dags/example_python_decorator.py took 0.057 seconds
[2026-01-04T12:58:12.035+0000] {processor.py:186} INFO - Started process (PID=49250) to work on /workspaces/f1_data_team/venv/lib/python3.12/site-packages/airflow/example_dags/example_python_decorator.py
[2026-01-04T12:58:12.035+0000] {processor.py:914} INFO - Processing file /workspaces/f1_data_team/venv/lib/python3.12/site-packages/airflow/example_dags/example_python_decorator.py for tasks to queue
[2026-01-04T12:58:12.037+0000] {logging_mixin.py:190} INFO - [2026-01-04T12:58:12.037+0000] {dagbag.py:588} INFO - Filling up the DagBag from /workspaces/f1_data_team/venv/lib/python3.12/site-packages/airflow/example_dags/example_python_decorator.py
[2026-01-04T12:58:12.049+0000] {processor.py:925} INFO - DAG(s) 'example_python_decorator' retrieved from /workspaces/f1_data_team/venv/lib/python3.12/site-packages/airflow/example_dags/example_python_decorator.py
[2026-01-04T12:58:12.063+0000] {logging_mixin.py:190} INFO - [2026-01-04T12:58:12.063+0000] {dag.py:3239} INFO - Sync 1 DAGs
[2026-01-04T12:58:12.073+0000] {logging_mixin.py:190} INFO - [2026-01-04T12:58:12.073+0000] {dag.py:4180} INFO - Setting next_dagrun for example_python_decorator to None, run_after=None
[2026-01-04T12:58:12.088+0000] {processor.py:208} INFO - Processing /workspaces/f1_data_team/venv/lib/python3.12/site-packages/airflow/example_dags/example_python_decorator.py took 0.058 seconds
[2026-01-04T12:59:05.236+0000] {processor.py:186} INFO - Started process (PID=49731) to work on /workspaces/f1_data_team/venv/lib/python3.12/site-packages/airflow/example_dags/example_python_decorator.py
[2026-01-04T12:59:05.237+0000] {processor.py:914} INFO - Processing file /workspaces/f1_data_team/venv/lib/python3.12/site-packages/airflow/example_dags/example_python_decorator.py for tasks to queue
[2026-01-04T12:59:05.239+0000] {logging_mixin.py:190} INFO - [2026-01-04T12:59:05.239+0000] {dagbag.py:588} INFO - Filling up the DagBag from /workspaces/f1_data_team/venv/lib/python3.12/site-packages/airflow/example_dags/example_python_decorator.py
[2026-01-04T12:59:05.251+0000] {processor.py:925} INFO - DAG(s) 'example_python_decorator' retrieved from /workspaces/f1_data_team/venv/lib/python3.12/site-packages/airflow/example_dags/example_python_decorator.py
[2026-01-04T12:59:05.264+0000] {logging_mixin.py:190} INFO - [2026-01-04T12:59:05.264+0000] {dag.py:3239} INFO - Sync 1 DAGs
[2026-01-04T12:59:05.274+0000] {logging_mixin.py:190} INFO - [2026-01-04T12:59:05.273+0000] {dag.py:4180} INFO - Setting next_dagrun for example_python_decorator to None, run_after=None
[2026-01-04T12:59:05.288+0000] {processor.py:208} INFO - Processing /workspaces/f1_data_team/venv/lib/python3.12/site-packages/airflow/example_dags/example_python_decorator.py took 0.057 seconds
[2026-01-04T13:00:01.023+0000] {processor.py:186} INFO - Started process (PID=50280) to work on /workspaces/f1_data_team/venv/lib/python3.12/site-packages/airflow/example_dags/example_python_decorator.py
[2026-01-04T13:00:01.023+0000] {processor.py:914} INFO - Processing file /workspaces/f1_data_team/venv/lib/python3.12/site-packages/airflow/example_dags/example_python_decorator.py for tasks to queue
[2026-01-04T13:00:01.025+0000] {logging_mixin.py:190} INFO - [2026-01-04T13:00:01.025+0000] {dagbag.py:588} INFO - Filling up the DagBag from /workspaces/f1_data_team/venv/lib/python3.12/site-packages/airflow/example_dags/example_python_decorator.py
[2026-01-04T13:00:01.038+0000] {processor.py:925} INFO - DAG(s) 'example_python_decorator' retrieved from /workspaces/f1_data_team/venv/lib/python3.12/site-packages/airflow/example_dags/example_python_decorator.py
[2026-01-04T13:00:01.053+0000] {logging_mixin.py:190} INFO - [2026-01-04T13:00:01.052+0000] {dag.py:3239} INFO - Sync 1 DAGs
[2026-01-04T13:00:01.063+0000] {logging_mixin.py:190} INFO - [2026-01-04T13:00:01.063+0000] {dag.py:4180} INFO - Setting next_dagrun for example_python_decorator to None, run_after=None
[2026-01-04T13:00:01.078+0000] {processor.py:208} INFO - Processing /workspaces/f1_data_team/venv/lib/python3.12/site-packages/airflow/example_dags/example_python_decorator.py took 0.060 seconds
[2026-01-04T13:00:55.694+0000] {processor.py:186} INFO - Started process (PID=50897) to work on /workspaces/f1_data_team/venv/lib/python3.12/site-packages/airflow/example_dags/example_python_decorator.py
[2026-01-04T13:00:55.695+0000] {processor.py:914} INFO - Processing file /workspaces/f1_data_team/venv/lib/python3.12/site-packages/airflow/example_dags/example_python_decorator.py for tasks to queue
[2026-01-04T13:00:55.697+0000] {logging_mixin.py:190} INFO - [2026-01-04T13:00:55.697+0000] {dagbag.py:588} INFO - Filling up the DagBag from /workspaces/f1_data_team/venv/lib/python3.12/site-packages/airflow/example_dags/example_python_decorator.py
[2026-01-04T13:00:55.709+0000] {processor.py:925} INFO - DAG(s) 'example_python_decorator' retrieved from /workspaces/f1_data_team/venv/lib/python3.12/site-packages/airflow/example_dags/example_python_decorator.py
[2026-01-04T13:00:55.723+0000] {logging_mixin.py:190} INFO - [2026-01-04T13:00:55.723+0000] {dag.py:3239} INFO - Sync 1 DAGs
[2026-01-04T13:00:55.732+0000] {logging_mixin.py:190} INFO - [2026-01-04T13:00:55.732+0000] {dag.py:4180} INFO - Setting next_dagrun for example_python_decorator to None, run_after=None
[2026-01-04T13:00:55.747+0000] {processor.py:208} INFO - Processing /workspaces/f1_data_team/venv/lib/python3.12/site-packages/airflow/example_dags/example_python_decorator.py took 0.058 seconds
[2026-01-04T13:01:44.083+0000] {processor.py:186} INFO - Started process (PID=51614) to work on /workspaces/f1_data_team/venv/lib/python3.12/site-packages/airflow/example_dags/example_python_decorator.py
[2026-01-04T13:01:44.087+0000] {processor.py:914} INFO - Processing file /workspaces/f1_data_team/venv/lib/python3.12/site-packages/airflow/example_dags/example_python_decorator.py for tasks to queue
[2026-01-04T13:01:44.090+0000] {logging_mixin.py:190} INFO - [2026-01-04T13:01:44.089+0000] {dagbag.py:588} INFO - Filling up the DagBag from /workspaces/f1_data_team/venv/lib/python3.12/site-packages/airflow/example_dags/example_python_decorator.py
[2026-01-04T13:01:44.110+0000] {processor.py:925} INFO - DAG(s) 'example_python_decorator' retrieved from /workspaces/f1_data_team/venv/lib/python3.12/site-packages/airflow/example_dags/example_python_decorator.py
[2026-01-04T13:01:44.139+0000] {logging_mixin.py:190} INFO - [2026-01-04T13:01:44.138+0000] {dag.py:3239} INFO - Sync 1 DAGs
[2026-01-04T13:01:44.163+0000] {logging_mixin.py:190} INFO - [2026-01-04T13:01:44.163+0000] {dag.py:4180} INFO - Setting next_dagrun for example_python_decorator to None, run_after=None
[2026-01-04T13:01:44.178+0000] {processor.py:208} INFO - Processing /workspaces/f1_data_team/venv/lib/python3.12/site-packages/airflow/example_dags/example_python_decorator.py took 0.103 seconds
