[2026-01-04T12:26:58.593+0000] {processor.py:186} INFO - Started process (PID=24631) to work on /workspaces/f1_data_team/venv/lib/python3.12/site-packages/airflow/example_dags/example_sensors.py
[2026-01-04T12:26:58.594+0000] {processor.py:914} INFO - Processing file /workspaces/f1_data_team/venv/lib/python3.12/site-packages/airflow/example_dags/example_sensors.py for tasks to queue
[2026-01-04T12:26:58.597+0000] {logging_mixin.py:190} INFO - [2026-01-04T12:26:58.596+0000] {dagbag.py:588} INFO - Filling up the DagBag from /workspaces/f1_data_team/venv/lib/python3.12/site-packages/airflow/example_dags/example_sensors.py
[2026-01-04T12:26:58.610+0000] {processor.py:925} INFO - DAG(s) 'example_sensors' retrieved from /workspaces/f1_data_team/venv/lib/python3.12/site-packages/airflow/example_dags/example_sensors.py
[2026-01-04T12:26:58.745+0000] {logging_mixin.py:190} INFO - [2026-01-04T12:26:58.744+0000] {override.py:1911} INFO - Created Permission View: can read on DAG:example_sensors
[2026-01-04T12:26:58.758+0000] {logging_mixin.py:190} INFO - [2026-01-04T12:26:58.757+0000] {override.py:1911} INFO - Created Permission View: can edit on DAG:example_sensors
[2026-01-04T12:26:58.765+0000] {logging_mixin.py:190} INFO - [2026-01-04T12:26:58.765+0000] {override.py:1911} INFO - Created Permission View: can delete on DAG:example_sensors
[2026-01-04T12:26:58.774+0000] {logging_mixin.py:190} INFO - [2026-01-04T12:26:58.774+0000] {override.py:1911} INFO - Created Permission View: can read on DAG Run:example_sensors
[2026-01-04T12:26:58.780+0000] {logging_mixin.py:190} INFO - [2026-01-04T12:26:58.780+0000] {override.py:1911} INFO - Created Permission View: menu access on DAG Run:example_sensors
[2026-01-04T12:26:58.789+0000] {logging_mixin.py:190} INFO - [2026-01-04T12:26:58.789+0000] {override.py:1911} INFO - Created Permission View: can create on DAG Run:example_sensors
[2026-01-04T12:26:58.796+0000] {logging_mixin.py:190} INFO - [2026-01-04T12:26:58.795+0000] {override.py:1911} INFO - Created Permission View: can delete on DAG Run:example_sensors
[2026-01-04T12:26:58.796+0000] {logging_mixin.py:190} INFO - [2026-01-04T12:26:58.796+0000] {dag.py:3239} INFO - Sync 1 DAGs
[2026-01-04T12:26:58.808+0000] {logging_mixin.py:190} INFO - [2026-01-04T12:26:58.808+0000] {dag.py:3262} INFO - Creating ORM DAG for example_sensors
[2026-01-04T12:26:58.809+0000] {logging_mixin.py:190} INFO - [2026-01-04T12:26:58.808+0000] {dag.py:4180} INFO - Setting next_dagrun for example_sensors to None, run_after=None
[2026-01-04T12:26:58.828+0000] {processor.py:208} INFO - Processing /workspaces/f1_data_team/venv/lib/python3.12/site-packages/airflow/example_dags/example_sensors.py took 0.240 seconds
[2026-01-04T12:27:58.954+0000] {processor.py:186} INFO - Started process (PID=25161) to work on /workspaces/f1_data_team/venv/lib/python3.12/site-packages/airflow/example_dags/example_sensors.py
[2026-01-04T12:27:58.957+0000] {processor.py:914} INFO - Processing file /workspaces/f1_data_team/venv/lib/python3.12/site-packages/airflow/example_dags/example_sensors.py for tasks to queue
[2026-01-04T12:27:58.960+0000] {logging_mixin.py:190} INFO - [2026-01-04T12:27:58.959+0000] {dagbag.py:588} INFO - Filling up the DagBag from /workspaces/f1_data_team/venv/lib/python3.12/site-packages/airflow/example_dags/example_sensors.py
[2026-01-04T12:27:58.973+0000] {processor.py:925} INFO - DAG(s) 'example_sensors' retrieved from /workspaces/f1_data_team/venv/lib/python3.12/site-packages/airflow/example_dags/example_sensors.py
[2026-01-04T12:27:58.996+0000] {logging_mixin.py:190} INFO - [2026-01-04T12:27:58.996+0000] {dag.py:3239} INFO - Sync 1 DAGs
[2026-01-04T12:27:59.006+0000] {logging_mixin.py:190} INFO - [2026-01-04T12:27:59.006+0000] {dag.py:4180} INFO - Setting next_dagrun for example_sensors to None, run_after=None
[2026-01-04T12:27:59.020+0000] {processor.py:208} INFO - Processing /workspaces/f1_data_team/venv/lib/python3.12/site-packages/airflow/example_dags/example_sensors.py took 0.071 seconds
[2026-01-04T12:28:56.209+0000] {processor.py:186} INFO - Started process (PID=25702) to work on /workspaces/f1_data_team/venv/lib/python3.12/site-packages/airflow/example_dags/example_sensors.py
[2026-01-04T12:28:56.210+0000] {processor.py:914} INFO - Processing file /workspaces/f1_data_team/venv/lib/python3.12/site-packages/airflow/example_dags/example_sensors.py for tasks to queue
[2026-01-04T12:28:56.212+0000] {logging_mixin.py:190} INFO - [2026-01-04T12:28:56.212+0000] {dagbag.py:588} INFO - Filling up the DagBag from /workspaces/f1_data_team/venv/lib/python3.12/site-packages/airflow/example_dags/example_sensors.py
[2026-01-04T12:28:56.221+0000] {processor.py:925} INFO - DAG(s) 'example_sensors' retrieved from /workspaces/f1_data_team/venv/lib/python3.12/site-packages/airflow/example_dags/example_sensors.py
[2026-01-04T12:28:56.237+0000] {logging_mixin.py:190} INFO - [2026-01-04T12:28:56.236+0000] {dag.py:3239} INFO - Sync 1 DAGs
[2026-01-04T12:28:56.249+0000] {logging_mixin.py:190} INFO - [2026-01-04T12:28:56.249+0000] {dag.py:4180} INFO - Setting next_dagrun for example_sensors to None, run_after=None
[2026-01-04T12:28:56.265+0000] {processor.py:208} INFO - Processing /workspaces/f1_data_team/venv/lib/python3.12/site-packages/airflow/example_dags/example_sensors.py took 0.064 seconds
[2026-01-04T12:30:36.485+0000] {processor.py:186} INFO - Started process (PID=27602) to work on /workspaces/f1_data_team/venv/lib/python3.12/site-packages/airflow/example_dags/example_sensors.py
[2026-01-04T12:30:36.487+0000] {processor.py:914} INFO - Processing file /workspaces/f1_data_team/venv/lib/python3.12/site-packages/airflow/example_dags/example_sensors.py for tasks to queue
[2026-01-04T12:30:36.488+0000] {logging_mixin.py:190} INFO - [2026-01-04T12:30:36.488+0000] {dagbag.py:588} INFO - Filling up the DagBag from /workspaces/f1_data_team/venv/lib/python3.12/site-packages/airflow/example_dags/example_sensors.py
[2026-01-04T12:30:36.498+0000] {processor.py:925} INFO - DAG(s) 'example_sensors' retrieved from /workspaces/f1_data_team/venv/lib/python3.12/site-packages/airflow/example_dags/example_sensors.py
[2026-01-04T12:30:36.515+0000] {logging_mixin.py:190} INFO - [2026-01-04T12:30:36.515+0000] {dag.py:3239} INFO - Sync 1 DAGs
[2026-01-04T12:30:36.524+0000] {logging_mixin.py:190} INFO - [2026-01-04T12:30:36.524+0000] {dag.py:4180} INFO - Setting next_dagrun for example_sensors to None, run_after=None
[2026-01-04T12:30:36.538+0000] {processor.py:208} INFO - Processing /workspaces/f1_data_team/venv/lib/python3.12/site-packages/airflow/example_dags/example_sensors.py took 0.058 seconds
[2026-01-04T12:31:35.664+0000] {processor.py:186} INFO - Started process (PID=28646) to work on /workspaces/f1_data_team/venv/lib/python3.12/site-packages/airflow/example_dags/example_sensors.py
[2026-01-04T12:31:35.665+0000] {processor.py:914} INFO - Processing file /workspaces/f1_data_team/venv/lib/python3.12/site-packages/airflow/example_dags/example_sensors.py for tasks to queue
[2026-01-04T12:31:35.667+0000] {logging_mixin.py:190} INFO - [2026-01-04T12:31:35.667+0000] {dagbag.py:588} INFO - Filling up the DagBag from /workspaces/f1_data_team/venv/lib/python3.12/site-packages/airflow/example_dags/example_sensors.py
[2026-01-04T12:31:35.675+0000] {processor.py:925} INFO - DAG(s) 'example_sensors' retrieved from /workspaces/f1_data_team/venv/lib/python3.12/site-packages/airflow/example_dags/example_sensors.py
[2026-01-04T12:31:35.691+0000] {logging_mixin.py:190} INFO - [2026-01-04T12:31:35.691+0000] {dag.py:3239} INFO - Sync 1 DAGs
[2026-01-04T12:31:35.700+0000] {logging_mixin.py:190} INFO - [2026-01-04T12:31:35.700+0000] {dag.py:4180} INFO - Setting next_dagrun for example_sensors to None, run_after=None
[2026-01-04T12:31:35.715+0000] {processor.py:208} INFO - Processing /workspaces/f1_data_team/venv/lib/python3.12/site-packages/airflow/example_dags/example_sensors.py took 0.055 seconds
[2026-01-04T12:32:44.341+0000] {processor.py:186} INFO - Started process (PID=29796) to work on /workspaces/f1_data_team/venv/lib/python3.12/site-packages/airflow/example_dags/example_sensors.py
[2026-01-04T12:32:44.342+0000] {processor.py:914} INFO - Processing file /workspaces/f1_data_team/venv/lib/python3.12/site-packages/airflow/example_dags/example_sensors.py for tasks to queue
[2026-01-04T12:32:44.344+0000] {logging_mixin.py:190} INFO - [2026-01-04T12:32:44.344+0000] {dagbag.py:588} INFO - Filling up the DagBag from /workspaces/f1_data_team/venv/lib/python3.12/site-packages/airflow/example_dags/example_sensors.py
[2026-01-04T12:32:44.353+0000] {processor.py:925} INFO - DAG(s) 'example_sensors' retrieved from /workspaces/f1_data_team/venv/lib/python3.12/site-packages/airflow/example_dags/example_sensors.py
[2026-01-04T12:32:44.371+0000] {logging_mixin.py:190} INFO - [2026-01-04T12:32:44.371+0000] {dag.py:3239} INFO - Sync 1 DAGs
[2026-01-04T12:32:44.380+0000] {logging_mixin.py:190} INFO - [2026-01-04T12:32:44.380+0000] {dag.py:4180} INFO - Setting next_dagrun for example_sensors to None, run_after=None
[2026-01-04T12:32:44.395+0000] {processor.py:208} INFO - Processing /workspaces/f1_data_team/venv/lib/python3.12/site-packages/airflow/example_dags/example_sensors.py took 0.059 seconds
[2026-01-04T12:33:44.377+0000] {processor.py:186} INFO - Started process (PID=30665) to work on /workspaces/f1_data_team/venv/lib/python3.12/site-packages/airflow/example_dags/example_sensors.py
[2026-01-04T12:33:44.378+0000] {processor.py:914} INFO - Processing file /workspaces/f1_data_team/venv/lib/python3.12/site-packages/airflow/example_dags/example_sensors.py for tasks to queue
[2026-01-04T12:33:44.380+0000] {logging_mixin.py:190} INFO - [2026-01-04T12:33:44.380+0000] {dagbag.py:588} INFO - Filling up the DagBag from /workspaces/f1_data_team/venv/lib/python3.12/site-packages/airflow/example_dags/example_sensors.py
[2026-01-04T12:33:44.390+0000] {processor.py:925} INFO - DAG(s) 'example_sensors' retrieved from /workspaces/f1_data_team/venv/lib/python3.12/site-packages/airflow/example_dags/example_sensors.py
[2026-01-04T12:33:44.406+0000] {logging_mixin.py:190} INFO - [2026-01-04T12:33:44.406+0000] {dag.py:3239} INFO - Sync 1 DAGs
[2026-01-04T12:33:44.415+0000] {logging_mixin.py:190} INFO - [2026-01-04T12:33:44.415+0000] {dag.py:4180} INFO - Setting next_dagrun for example_sensors to None, run_after=None
[2026-01-04T12:33:44.430+0000] {processor.py:208} INFO - Processing /workspaces/f1_data_team/venv/lib/python3.12/site-packages/airflow/example_dags/example_sensors.py took 0.057 seconds
[2026-01-04T12:34:40.851+0000] {processor.py:186} INFO - Started process (PID=31240) to work on /workspaces/f1_data_team/venv/lib/python3.12/site-packages/airflow/example_dags/example_sensors.py
[2026-01-04T12:34:40.852+0000] {processor.py:914} INFO - Processing file /workspaces/f1_data_team/venv/lib/python3.12/site-packages/airflow/example_dags/example_sensors.py for tasks to queue
[2026-01-04T12:34:40.854+0000] {logging_mixin.py:190} INFO - [2026-01-04T12:34:40.854+0000] {dagbag.py:588} INFO - Filling up the DagBag from /workspaces/f1_data_team/venv/lib/python3.12/site-packages/airflow/example_dags/example_sensors.py
[2026-01-04T12:34:40.863+0000] {processor.py:925} INFO - DAG(s) 'example_sensors' retrieved from /workspaces/f1_data_team/venv/lib/python3.12/site-packages/airflow/example_dags/example_sensors.py
[2026-01-04T12:34:40.879+0000] {logging_mixin.py:190} INFO - [2026-01-04T12:34:40.879+0000] {dag.py:3239} INFO - Sync 1 DAGs
[2026-01-04T12:34:40.888+0000] {logging_mixin.py:190} INFO - [2026-01-04T12:34:40.888+0000] {dag.py:4180} INFO - Setting next_dagrun for example_sensors to None, run_after=None
[2026-01-04T12:34:40.902+0000] {processor.py:208} INFO - Processing /workspaces/f1_data_team/venv/lib/python3.12/site-packages/airflow/example_dags/example_sensors.py took 0.056 seconds
[2026-01-04T12:35:37.379+0000] {processor.py:186} INFO - Started process (PID=31747) to work on /workspaces/f1_data_team/venv/lib/python3.12/site-packages/airflow/example_dags/example_sensors.py
[2026-01-04T12:35:37.379+0000] {processor.py:914} INFO - Processing file /workspaces/f1_data_team/venv/lib/python3.12/site-packages/airflow/example_dags/example_sensors.py for tasks to queue
[2026-01-04T12:35:37.381+0000] {logging_mixin.py:190} INFO - [2026-01-04T12:35:37.381+0000] {dagbag.py:588} INFO - Filling up the DagBag from /workspaces/f1_data_team/venv/lib/python3.12/site-packages/airflow/example_dags/example_sensors.py
[2026-01-04T12:35:37.390+0000] {processor.py:925} INFO - DAG(s) 'example_sensors' retrieved from /workspaces/f1_data_team/venv/lib/python3.12/site-packages/airflow/example_dags/example_sensors.py
[2026-01-04T12:35:37.406+0000] {logging_mixin.py:190} INFO - [2026-01-04T12:35:37.405+0000] {dag.py:3239} INFO - Sync 1 DAGs
[2026-01-04T12:35:37.415+0000] {logging_mixin.py:190} INFO - [2026-01-04T12:35:37.415+0000] {dag.py:4180} INFO - Setting next_dagrun for example_sensors to None, run_after=None
[2026-01-04T12:35:37.429+0000] {processor.py:208} INFO - Processing /workspaces/f1_data_team/venv/lib/python3.12/site-packages/airflow/example_dags/example_sensors.py took 0.055 seconds
[2026-01-04T12:36:30.287+0000] {processor.py:186} INFO - Started process (PID=32400) to work on /workspaces/f1_data_team/venv/lib/python3.12/site-packages/airflow/example_dags/example_sensors.py
[2026-01-04T12:36:30.288+0000] {processor.py:914} INFO - Processing file /workspaces/f1_data_team/venv/lib/python3.12/site-packages/airflow/example_dags/example_sensors.py for tasks to queue
[2026-01-04T12:36:30.289+0000] {logging_mixin.py:190} INFO - [2026-01-04T12:36:30.289+0000] {dagbag.py:588} INFO - Filling up the DagBag from /workspaces/f1_data_team/venv/lib/python3.12/site-packages/airflow/example_dags/example_sensors.py
[2026-01-04T12:36:30.298+0000] {processor.py:925} INFO - DAG(s) 'example_sensors' retrieved from /workspaces/f1_data_team/venv/lib/python3.12/site-packages/airflow/example_dags/example_sensors.py
[2026-01-04T12:36:30.314+0000] {logging_mixin.py:190} INFO - [2026-01-04T12:36:30.314+0000] {dag.py:3239} INFO - Sync 1 DAGs
[2026-01-04T12:36:30.323+0000] {logging_mixin.py:190} INFO - [2026-01-04T12:36:30.323+0000] {dag.py:4180} INFO - Setting next_dagrun for example_sensors to None, run_after=None
[2026-01-04T12:36:30.338+0000] {processor.py:208} INFO - Processing /workspaces/f1_data_team/venv/lib/python3.12/site-packages/airflow/example_dags/example_sensors.py took 0.055 seconds
[2026-01-04T12:37:22.931+0000] {processor.py:186} INFO - Started process (PID=32913) to work on /workspaces/f1_data_team/venv/lib/python3.12/site-packages/airflow/example_dags/example_sensors.py
[2026-01-04T12:37:22.932+0000] {processor.py:914} INFO - Processing file /workspaces/f1_data_team/venv/lib/python3.12/site-packages/airflow/example_dags/example_sensors.py for tasks to queue
[2026-01-04T12:37:22.933+0000] {logging_mixin.py:190} INFO - [2026-01-04T12:37:22.933+0000] {dagbag.py:588} INFO - Filling up the DagBag from /workspaces/f1_data_team/venv/lib/python3.12/site-packages/airflow/example_dags/example_sensors.py
[2026-01-04T12:37:22.942+0000] {processor.py:925} INFO - DAG(s) 'example_sensors' retrieved from /workspaces/f1_data_team/venv/lib/python3.12/site-packages/airflow/example_dags/example_sensors.py
[2026-01-04T12:37:22.959+0000] {logging_mixin.py:190} INFO - [2026-01-04T12:37:22.958+0000] {dag.py:3239} INFO - Sync 1 DAGs
[2026-01-04T12:37:22.968+0000] {logging_mixin.py:190} INFO - [2026-01-04T12:37:22.968+0000] {dag.py:4180} INFO - Setting next_dagrun for example_sensors to None, run_after=None
[2026-01-04T12:37:22.983+0000] {processor.py:208} INFO - Processing /workspaces/f1_data_team/venv/lib/python3.12/site-packages/airflow/example_dags/example_sensors.py took 0.057 seconds
[2026-01-04T12:38:17.050+0000] {processor.py:186} INFO - Started process (PID=33732) to work on /workspaces/f1_data_team/venv/lib/python3.12/site-packages/airflow/example_dags/example_sensors.py
[2026-01-04T12:38:17.051+0000] {processor.py:914} INFO - Processing file /workspaces/f1_data_team/venv/lib/python3.12/site-packages/airflow/example_dags/example_sensors.py for tasks to queue
[2026-01-04T12:38:17.053+0000] {logging_mixin.py:190} INFO - [2026-01-04T12:38:17.053+0000] {dagbag.py:588} INFO - Filling up the DagBag from /workspaces/f1_data_team/venv/lib/python3.12/site-packages/airflow/example_dags/example_sensors.py
[2026-01-04T12:38:17.062+0000] {processor.py:925} INFO - DAG(s) 'example_sensors' retrieved from /workspaces/f1_data_team/venv/lib/python3.12/site-packages/airflow/example_dags/example_sensors.py
[2026-01-04T12:38:17.078+0000] {logging_mixin.py:190} INFO - [2026-01-04T12:38:17.078+0000] {dag.py:3239} INFO - Sync 1 DAGs
[2026-01-04T12:38:17.091+0000] {logging_mixin.py:190} INFO - [2026-01-04T12:38:17.091+0000] {dag.py:4180} INFO - Setting next_dagrun for example_sensors to None, run_after=None
[2026-01-04T12:38:17.106+0000] {processor.py:208} INFO - Processing /workspaces/f1_data_team/venv/lib/python3.12/site-packages/airflow/example_dags/example_sensors.py took 0.060 seconds
[2026-01-04T12:39:08.474+0000] {processor.py:186} INFO - Started process (PID=34205) to work on /workspaces/f1_data_team/venv/lib/python3.12/site-packages/airflow/example_dags/example_sensors.py
[2026-01-04T12:39:08.476+0000] {processor.py:914} INFO - Processing file /workspaces/f1_data_team/venv/lib/python3.12/site-packages/airflow/example_dags/example_sensors.py for tasks to queue
[2026-01-04T12:39:08.478+0000] {logging_mixin.py:190} INFO - [2026-01-04T12:39:08.478+0000] {dagbag.py:588} INFO - Filling up the DagBag from /workspaces/f1_data_team/venv/lib/python3.12/site-packages/airflow/example_dags/example_sensors.py
[2026-01-04T12:39:08.487+0000] {processor.py:925} INFO - DAG(s) 'example_sensors' retrieved from /workspaces/f1_data_team/venv/lib/python3.12/site-packages/airflow/example_dags/example_sensors.py
[2026-01-04T12:39:08.504+0000] {logging_mixin.py:190} INFO - [2026-01-04T12:39:08.504+0000] {dag.py:3239} INFO - Sync 1 DAGs
[2026-01-04T12:39:08.514+0000] {logging_mixin.py:190} INFO - [2026-01-04T12:39:08.513+0000] {dag.py:4180} INFO - Setting next_dagrun for example_sensors to None, run_after=None
[2026-01-04T12:39:08.528+0000] {processor.py:208} INFO - Processing /workspaces/f1_data_team/venv/lib/python3.12/site-packages/airflow/example_dags/example_sensors.py took 0.061 seconds
[2026-01-04T12:40:04.115+0000] {processor.py:186} INFO - Started process (PID=34739) to work on /workspaces/f1_data_team/venv/lib/python3.12/site-packages/airflow/example_dags/example_sensors.py
[2026-01-04T12:40:04.116+0000] {processor.py:914} INFO - Processing file /workspaces/f1_data_team/venv/lib/python3.12/site-packages/airflow/example_dags/example_sensors.py for tasks to queue
[2026-01-04T12:40:04.118+0000] {logging_mixin.py:190} INFO - [2026-01-04T12:40:04.118+0000] {dagbag.py:588} INFO - Filling up the DagBag from /workspaces/f1_data_team/venv/lib/python3.12/site-packages/airflow/example_dags/example_sensors.py
[2026-01-04T12:40:04.127+0000] {processor.py:925} INFO - DAG(s) 'example_sensors' retrieved from /workspaces/f1_data_team/venv/lib/python3.12/site-packages/airflow/example_dags/example_sensors.py
[2026-01-04T12:40:04.143+0000] {logging_mixin.py:190} INFO - [2026-01-04T12:40:04.143+0000] {dag.py:3239} INFO - Sync 1 DAGs
[2026-01-04T12:40:04.154+0000] {logging_mixin.py:190} INFO - [2026-01-04T12:40:04.153+0000] {dag.py:4180} INFO - Setting next_dagrun for example_sensors to None, run_after=None
[2026-01-04T12:40:04.169+0000] {processor.py:208} INFO - Processing /workspaces/f1_data_team/venv/lib/python3.12/site-packages/airflow/example_dags/example_sensors.py took 0.059 seconds
[2026-01-04T12:40:57.219+0000] {processor.py:186} INFO - Started process (PID=35274) to work on /workspaces/f1_data_team/venv/lib/python3.12/site-packages/airflow/example_dags/example_sensors.py
[2026-01-04T12:40:57.219+0000] {processor.py:914} INFO - Processing file /workspaces/f1_data_team/venv/lib/python3.12/site-packages/airflow/example_dags/example_sensors.py for tasks to queue
[2026-01-04T12:40:57.221+0000] {logging_mixin.py:190} INFO - [2026-01-04T12:40:57.221+0000] {dagbag.py:588} INFO - Filling up the DagBag from /workspaces/f1_data_team/venv/lib/python3.12/site-packages/airflow/example_dags/example_sensors.py
[2026-01-04T12:40:57.230+0000] {processor.py:925} INFO - DAG(s) 'example_sensors' retrieved from /workspaces/f1_data_team/venv/lib/python3.12/site-packages/airflow/example_dags/example_sensors.py
[2026-01-04T12:40:57.246+0000] {logging_mixin.py:190} INFO - [2026-01-04T12:40:57.246+0000] {dag.py:3239} INFO - Sync 1 DAGs
[2026-01-04T12:40:57.256+0000] {logging_mixin.py:190} INFO - [2026-01-04T12:40:57.255+0000] {dag.py:4180} INFO - Setting next_dagrun for example_sensors to None, run_after=None
[2026-01-04T12:40:57.270+0000] {processor.py:208} INFO - Processing /workspaces/f1_data_team/venv/lib/python3.12/site-packages/airflow/example_dags/example_sensors.py took 0.056 seconds
[2026-01-04T12:41:41.809+0000] {processor.py:186} INFO - Started process (PID=35997) to work on /workspaces/f1_data_team/venv/lib/python3.12/site-packages/airflow/example_dags/example_sensors.py
[2026-01-04T12:41:41.810+0000] {processor.py:914} INFO - Processing file /workspaces/f1_data_team/venv/lib/python3.12/site-packages/airflow/example_dags/example_sensors.py for tasks to queue
[2026-01-04T12:41:41.812+0000] {logging_mixin.py:190} INFO - [2026-01-04T12:41:41.812+0000] {dagbag.py:588} INFO - Filling up the DagBag from /workspaces/f1_data_team/venv/lib/python3.12/site-packages/airflow/example_dags/example_sensors.py
[2026-01-04T12:41:41.827+0000] {processor.py:925} INFO - DAG(s) 'example_sensors' retrieved from /workspaces/f1_data_team/venv/lib/python3.12/site-packages/airflow/example_dags/example_sensors.py
[2026-01-04T12:41:41.855+0000] {logging_mixin.py:190} INFO - [2026-01-04T12:41:41.855+0000] {dag.py:3239} INFO - Sync 1 DAGs
[2026-01-04T12:41:41.869+0000] {logging_mixin.py:190} INFO - [2026-01-04T12:41:41.869+0000] {dag.py:4180} INFO - Setting next_dagrun for example_sensors to None, run_after=None
[2026-01-04T12:41:41.891+0000] {processor.py:208} INFO - Processing /workspaces/f1_data_team/venv/lib/python3.12/site-packages/airflow/example_dags/example_sensors.py took 0.088 seconds
[2026-01-04T12:42:47.420+0000] {processor.py:186} INFO - Started process (PID=37015) to work on /workspaces/f1_data_team/venv/lib/python3.12/site-packages/airflow/example_dags/example_sensors.py
[2026-01-04T12:42:47.421+0000] {processor.py:914} INFO - Processing file /workspaces/f1_data_team/venv/lib/python3.12/site-packages/airflow/example_dags/example_sensors.py for tasks to queue
[2026-01-04T12:42:47.423+0000] {logging_mixin.py:190} INFO - [2026-01-04T12:42:47.423+0000] {dagbag.py:588} INFO - Filling up the DagBag from /workspaces/f1_data_team/venv/lib/python3.12/site-packages/airflow/example_dags/example_sensors.py
[2026-01-04T12:42:47.432+0000] {processor.py:925} INFO - DAG(s) 'example_sensors' retrieved from /workspaces/f1_data_team/venv/lib/python3.12/site-packages/airflow/example_dags/example_sensors.py
[2026-01-04T12:42:47.448+0000] {logging_mixin.py:190} INFO - [2026-01-04T12:42:47.448+0000] {dag.py:3239} INFO - Sync 1 DAGs
[2026-01-04T12:42:47.457+0000] {logging_mixin.py:190} INFO - [2026-01-04T12:42:47.457+0000] {dag.py:4180} INFO - Setting next_dagrun for example_sensors to None, run_after=None
[2026-01-04T12:42:47.472+0000] {processor.py:208} INFO - Processing /workspaces/f1_data_team/venv/lib/python3.12/site-packages/airflow/example_dags/example_sensors.py took 0.056 seconds
[2026-01-04T12:43:44.745+0000] {processor.py:186} INFO - Started process (PID=37705) to work on /workspaces/f1_data_team/venv/lib/python3.12/site-packages/airflow/example_dags/example_sensors.py
[2026-01-04T12:43:44.746+0000] {processor.py:914} INFO - Processing file /workspaces/f1_data_team/venv/lib/python3.12/site-packages/airflow/example_dags/example_sensors.py for tasks to queue
[2026-01-04T12:43:44.748+0000] {logging_mixin.py:190} INFO - [2026-01-04T12:43:44.747+0000] {dagbag.py:588} INFO - Filling up the DagBag from /workspaces/f1_data_team/venv/lib/python3.12/site-packages/airflow/example_dags/example_sensors.py
[2026-01-04T12:43:44.757+0000] {processor.py:925} INFO - DAG(s) 'example_sensors' retrieved from /workspaces/f1_data_team/venv/lib/python3.12/site-packages/airflow/example_dags/example_sensors.py
[2026-01-04T12:43:44.773+0000] {logging_mixin.py:190} INFO - [2026-01-04T12:43:44.773+0000] {dag.py:3239} INFO - Sync 1 DAGs
[2026-01-04T12:43:44.783+0000] {logging_mixin.py:190} INFO - [2026-01-04T12:43:44.782+0000] {dag.py:4180} INFO - Setting next_dagrun for example_sensors to None, run_after=None
[2026-01-04T12:43:44.797+0000] {processor.py:208} INFO - Processing /workspaces/f1_data_team/venv/lib/python3.12/site-packages/airflow/example_dags/example_sensors.py took 0.057 seconds
[2026-01-04T12:44:34.880+0000] {processor.py:186} INFO - Started process (PID=38332) to work on /workspaces/f1_data_team/venv/lib/python3.12/site-packages/airflow/example_dags/example_sensors.py
[2026-01-04T12:44:34.881+0000] {processor.py:914} INFO - Processing file /workspaces/f1_data_team/venv/lib/python3.12/site-packages/airflow/example_dags/example_sensors.py for tasks to queue
[2026-01-04T12:44:34.883+0000] {logging_mixin.py:190} INFO - [2026-01-04T12:44:34.882+0000] {dagbag.py:588} INFO - Filling up the DagBag from /workspaces/f1_data_team/venv/lib/python3.12/site-packages/airflow/example_dags/example_sensors.py
[2026-01-04T12:44:34.892+0000] {processor.py:925} INFO - DAG(s) 'example_sensors' retrieved from /workspaces/f1_data_team/venv/lib/python3.12/site-packages/airflow/example_dags/example_sensors.py
[2026-01-04T12:44:34.908+0000] {logging_mixin.py:190} INFO - [2026-01-04T12:44:34.907+0000] {dag.py:3239} INFO - Sync 1 DAGs
[2026-01-04T12:44:34.917+0000] {logging_mixin.py:190} INFO - [2026-01-04T12:44:34.917+0000] {dag.py:4180} INFO - Setting next_dagrun for example_sensors to None, run_after=None
[2026-01-04T12:44:34.932+0000] {processor.py:208} INFO - Processing /workspaces/f1_data_team/venv/lib/python3.12/site-packages/airflow/example_dags/example_sensors.py took 0.056 seconds
[2026-01-04T12:45:33.438+0000] {processor.py:186} INFO - Started process (PID=39422) to work on /workspaces/f1_data_team/venv/lib/python3.12/site-packages/airflow/example_dags/example_sensors.py
[2026-01-04T12:45:33.439+0000] {processor.py:914} INFO - Processing file /workspaces/f1_data_team/venv/lib/python3.12/site-packages/airflow/example_dags/example_sensors.py for tasks to queue
[2026-01-04T12:45:33.441+0000] {logging_mixin.py:190} INFO - [2026-01-04T12:45:33.440+0000] {dagbag.py:588} INFO - Filling up the DagBag from /workspaces/f1_data_team/venv/lib/python3.12/site-packages/airflow/example_dags/example_sensors.py
[2026-01-04T12:45:33.449+0000] {processor.py:925} INFO - DAG(s) 'example_sensors' retrieved from /workspaces/f1_data_team/venv/lib/python3.12/site-packages/airflow/example_dags/example_sensors.py
[2026-01-04T12:45:33.465+0000] {logging_mixin.py:190} INFO - [2026-01-04T12:45:33.465+0000] {dag.py:3239} INFO - Sync 1 DAGs
[2026-01-04T12:45:33.475+0000] {logging_mixin.py:190} INFO - [2026-01-04T12:45:33.475+0000] {dag.py:4180} INFO - Setting next_dagrun for example_sensors to None, run_after=None
[2026-01-04T12:45:33.490+0000] {processor.py:208} INFO - Processing /workspaces/f1_data_team/venv/lib/python3.12/site-packages/airflow/example_dags/example_sensors.py took 0.056 seconds
[2026-01-04T12:46:28.946+0000] {processor.py:186} INFO - Started process (PID=40015) to work on /workspaces/f1_data_team/venv/lib/python3.12/site-packages/airflow/example_dags/example_sensors.py
[2026-01-04T12:46:28.947+0000] {processor.py:914} INFO - Processing file /workspaces/f1_data_team/venv/lib/python3.12/site-packages/airflow/example_dags/example_sensors.py for tasks to queue
[2026-01-04T12:46:28.949+0000] {logging_mixin.py:190} INFO - [2026-01-04T12:46:28.949+0000] {dagbag.py:588} INFO - Filling up the DagBag from /workspaces/f1_data_team/venv/lib/python3.12/site-packages/airflow/example_dags/example_sensors.py
[2026-01-04T12:46:28.963+0000] {processor.py:925} INFO - DAG(s) 'example_sensors' retrieved from /workspaces/f1_data_team/venv/lib/python3.12/site-packages/airflow/example_dags/example_sensors.py
[2026-01-04T12:46:28.991+0000] {logging_mixin.py:190} INFO - [2026-01-04T12:46:28.990+0000] {dag.py:3239} INFO - Sync 1 DAGs
[2026-01-04T12:46:29.006+0000] {logging_mixin.py:190} INFO - [2026-01-04T12:46:29.006+0000] {dag.py:4180} INFO - Setting next_dagrun for example_sensors to None, run_after=None
[2026-01-04T12:46:29.024+0000] {processor.py:208} INFO - Processing /workspaces/f1_data_team/venv/lib/python3.12/site-packages/airflow/example_dags/example_sensors.py took 0.082 seconds
[2026-01-04T12:47:20.389+0000] {processor.py:186} INFO - Started process (PID=40498) to work on /workspaces/f1_data_team/venv/lib/python3.12/site-packages/airflow/example_dags/example_sensors.py
[2026-01-04T12:47:20.390+0000] {processor.py:914} INFO - Processing file /workspaces/f1_data_team/venv/lib/python3.12/site-packages/airflow/example_dags/example_sensors.py for tasks to queue
[2026-01-04T12:47:20.392+0000] {logging_mixin.py:190} INFO - [2026-01-04T12:47:20.392+0000] {dagbag.py:588} INFO - Filling up the DagBag from /workspaces/f1_data_team/venv/lib/python3.12/site-packages/airflow/example_dags/example_sensors.py
[2026-01-04T12:47:20.401+0000] {processor.py:925} INFO - DAG(s) 'example_sensors' retrieved from /workspaces/f1_data_team/venv/lib/python3.12/site-packages/airflow/example_dags/example_sensors.py
[2026-01-04T12:47:20.417+0000] {logging_mixin.py:190} INFO - [2026-01-04T12:47:20.417+0000] {dag.py:3239} INFO - Sync 1 DAGs
[2026-01-04T12:47:20.431+0000] {logging_mixin.py:190} INFO - [2026-01-04T12:47:20.431+0000] {dag.py:4180} INFO - Setting next_dagrun for example_sensors to None, run_after=None
[2026-01-04T12:47:20.449+0000] {processor.py:208} INFO - Processing /workspaces/f1_data_team/venv/lib/python3.12/site-packages/airflow/example_dags/example_sensors.py took 0.065 seconds
[2026-01-04T12:49:02.666+0000] {processor.py:186} INFO - Started process (PID=41987) to work on /workspaces/f1_data_team/venv/lib/python3.12/site-packages/airflow/example_dags/example_sensors.py
[2026-01-04T12:49:02.667+0000] {processor.py:914} INFO - Processing file /workspaces/f1_data_team/venv/lib/python3.12/site-packages/airflow/example_dags/example_sensors.py for tasks to queue
[2026-01-04T12:49:02.670+0000] {logging_mixin.py:190} INFO - [2026-01-04T12:49:02.669+0000] {dagbag.py:588} INFO - Filling up the DagBag from /workspaces/f1_data_team/venv/lib/python3.12/site-packages/airflow/example_dags/example_sensors.py
[2026-01-04T12:49:02.680+0000] {processor.py:925} INFO - DAG(s) 'example_sensors' retrieved from /workspaces/f1_data_team/venv/lib/python3.12/site-packages/airflow/example_dags/example_sensors.py
[2026-01-04T12:49:02.697+0000] {logging_mixin.py:190} INFO - [2026-01-04T12:49:02.697+0000] {dag.py:3239} INFO - Sync 1 DAGs
[2026-01-04T12:49:02.707+0000] {logging_mixin.py:190} INFO - [2026-01-04T12:49:02.707+0000] {dag.py:4180} INFO - Setting next_dagrun for example_sensors to None, run_after=None
[2026-01-04T12:49:02.722+0000] {processor.py:208} INFO - Processing /workspaces/f1_data_team/venv/lib/python3.12/site-packages/airflow/example_dags/example_sensors.py took 0.060 seconds
[2026-01-04T12:50:00.082+0000] {processor.py:186} INFO - Started process (PID=42617) to work on /workspaces/f1_data_team/venv/lib/python3.12/site-packages/airflow/example_dags/example_sensors.py
[2026-01-04T12:50:00.082+0000] {processor.py:914} INFO - Processing file /workspaces/f1_data_team/venv/lib/python3.12/site-packages/airflow/example_dags/example_sensors.py for tasks to queue
[2026-01-04T12:50:00.084+0000] {logging_mixin.py:190} INFO - [2026-01-04T12:50:00.084+0000] {dagbag.py:588} INFO - Filling up the DagBag from /workspaces/f1_data_team/venv/lib/python3.12/site-packages/airflow/example_dags/example_sensors.py
[2026-01-04T12:50:00.093+0000] {processor.py:925} INFO - DAG(s) 'example_sensors' retrieved from /workspaces/f1_data_team/venv/lib/python3.12/site-packages/airflow/example_dags/example_sensors.py
[2026-01-04T12:50:00.109+0000] {logging_mixin.py:190} INFO - [2026-01-04T12:50:00.109+0000] {dag.py:3239} INFO - Sync 1 DAGs
[2026-01-04T12:50:00.118+0000] {logging_mixin.py:190} INFO - [2026-01-04T12:50:00.118+0000] {dag.py:4180} INFO - Setting next_dagrun for example_sensors to None, run_after=None
[2026-01-04T12:50:00.135+0000] {processor.py:208} INFO - Processing /workspaces/f1_data_team/venv/lib/python3.12/site-packages/airflow/example_dags/example_sensors.py took 0.058 seconds
[2026-01-04T12:51:32.761+0000] {processor.py:186} INFO - Started process (PID=43924) to work on /workspaces/f1_data_team/venv/lib/python3.12/site-packages/airflow/example_dags/example_sensors.py
[2026-01-04T12:51:32.761+0000] {processor.py:914} INFO - Processing file /workspaces/f1_data_team/venv/lib/python3.12/site-packages/airflow/example_dags/example_sensors.py for tasks to queue
[2026-01-04T12:51:32.763+0000] {logging_mixin.py:190} INFO - [2026-01-04T12:51:32.763+0000] {dagbag.py:588} INFO - Filling up the DagBag from /workspaces/f1_data_team/venv/lib/python3.12/site-packages/airflow/example_dags/example_sensors.py
[2026-01-04T12:51:32.772+0000] {processor.py:925} INFO - DAG(s) 'example_sensors' retrieved from /workspaces/f1_data_team/venv/lib/python3.12/site-packages/airflow/example_dags/example_sensors.py
[2026-01-04T12:51:32.793+0000] {logging_mixin.py:190} INFO - [2026-01-04T12:51:32.792+0000] {dag.py:3239} INFO - Sync 1 DAGs
[2026-01-04T12:51:32.802+0000] {logging_mixin.py:190} INFO - [2026-01-04T12:51:32.802+0000] {dag.py:4180} INFO - Setting next_dagrun for example_sensors to None, run_after=None
[2026-01-04T12:51:32.816+0000] {processor.py:208} INFO - Processing /workspaces/f1_data_team/venv/lib/python3.12/site-packages/airflow/example_dags/example_sensors.py took 0.061 seconds
[2026-01-04T12:52:35.412+0000] {processor.py:186} INFO - Started process (PID=45025) to work on /workspaces/f1_data_team/venv/lib/python3.12/site-packages/airflow/example_dags/example_sensors.py
[2026-01-04T12:52:35.413+0000] {processor.py:914} INFO - Processing file /workspaces/f1_data_team/venv/lib/python3.12/site-packages/airflow/example_dags/example_sensors.py for tasks to queue
[2026-01-04T12:52:35.415+0000] {logging_mixin.py:190} INFO - [2026-01-04T12:52:35.414+0000] {dagbag.py:588} INFO - Filling up the DagBag from /workspaces/f1_data_team/venv/lib/python3.12/site-packages/airflow/example_dags/example_sensors.py
[2026-01-04T12:52:35.423+0000] {processor.py:925} INFO - DAG(s) 'example_sensors' retrieved from /workspaces/f1_data_team/venv/lib/python3.12/site-packages/airflow/example_dags/example_sensors.py
[2026-01-04T12:52:35.439+0000] {logging_mixin.py:190} INFO - [2026-01-04T12:52:35.439+0000] {dag.py:3239} INFO - Sync 1 DAGs
[2026-01-04T12:52:35.449+0000] {logging_mixin.py:190} INFO - [2026-01-04T12:52:35.449+0000] {dag.py:4180} INFO - Setting next_dagrun for example_sensors to None, run_after=None
[2026-01-04T12:52:35.463+0000] {processor.py:208} INFO - Processing /workspaces/f1_data_team/venv/lib/python3.12/site-packages/airflow/example_dags/example_sensors.py took 0.055 seconds
[2026-01-04T12:53:31.901+0000] {processor.py:186} INFO - Started process (PID=45812) to work on /workspaces/f1_data_team/venv/lib/python3.12/site-packages/airflow/example_dags/example_sensors.py
[2026-01-04T12:53:31.902+0000] {processor.py:914} INFO - Processing file /workspaces/f1_data_team/venv/lib/python3.12/site-packages/airflow/example_dags/example_sensors.py for tasks to queue
[2026-01-04T12:53:31.904+0000] {logging_mixin.py:190} INFO - [2026-01-04T12:53:31.904+0000] {dagbag.py:588} INFO - Filling up the DagBag from /workspaces/f1_data_team/venv/lib/python3.12/site-packages/airflow/example_dags/example_sensors.py
[2026-01-04T12:53:31.913+0000] {processor.py:925} INFO - DAG(s) 'example_sensors' retrieved from /workspaces/f1_data_team/venv/lib/python3.12/site-packages/airflow/example_dags/example_sensors.py
[2026-01-04T12:53:31.929+0000] {logging_mixin.py:190} INFO - [2026-01-04T12:53:31.929+0000] {dag.py:3239} INFO - Sync 1 DAGs
[2026-01-04T12:53:31.938+0000] {logging_mixin.py:190} INFO - [2026-01-04T12:53:31.938+0000] {dag.py:4180} INFO - Setting next_dagrun for example_sensors to None, run_after=None
[2026-01-04T12:53:31.953+0000] {processor.py:208} INFO - Processing /workspaces/f1_data_team/venv/lib/python3.12/site-packages/airflow/example_dags/example_sensors.py took 0.056 seconds
[2026-01-04T12:54:29.584+0000] {processor.py:186} INFO - Started process (PID=46656) to work on /workspaces/f1_data_team/venv/lib/python3.12/site-packages/airflow/example_dags/example_sensors.py
[2026-01-04T12:54:29.585+0000] {processor.py:914} INFO - Processing file /workspaces/f1_data_team/venv/lib/python3.12/site-packages/airflow/example_dags/example_sensors.py for tasks to queue
[2026-01-04T12:54:29.587+0000] {logging_mixin.py:190} INFO - [2026-01-04T12:54:29.587+0000] {dagbag.py:588} INFO - Filling up the DagBag from /workspaces/f1_data_team/venv/lib/python3.12/site-packages/airflow/example_dags/example_sensors.py
[2026-01-04T12:54:29.596+0000] {processor.py:925} INFO - DAG(s) 'example_sensors' retrieved from /workspaces/f1_data_team/venv/lib/python3.12/site-packages/airflow/example_dags/example_sensors.py
[2026-01-04T12:54:29.612+0000] {logging_mixin.py:190} INFO - [2026-01-04T12:54:29.611+0000] {dag.py:3239} INFO - Sync 1 DAGs
[2026-01-04T12:54:29.621+0000] {logging_mixin.py:190} INFO - [2026-01-04T12:54:29.621+0000] {dag.py:4180} INFO - Setting next_dagrun for example_sensors to None, run_after=None
[2026-01-04T12:54:29.637+0000] {processor.py:208} INFO - Processing /workspaces/f1_data_team/venv/lib/python3.12/site-packages/airflow/example_dags/example_sensors.py took 0.057 seconds
[2026-01-04T12:55:32.831+0000] {processor.py:186} INFO - Started process (PID=47705) to work on /workspaces/f1_data_team/venv/lib/python3.12/site-packages/airflow/example_dags/example_sensors.py
[2026-01-04T12:55:32.832+0000] {processor.py:914} INFO - Processing file /workspaces/f1_data_team/venv/lib/python3.12/site-packages/airflow/example_dags/example_sensors.py for tasks to queue
[2026-01-04T12:55:32.834+0000] {logging_mixin.py:190} INFO - [2026-01-04T12:55:32.833+0000] {dagbag.py:588} INFO - Filling up the DagBag from /workspaces/f1_data_team/venv/lib/python3.12/site-packages/airflow/example_dags/example_sensors.py
[2026-01-04T12:55:32.843+0000] {processor.py:925} INFO - DAG(s) 'example_sensors' retrieved from /workspaces/f1_data_team/venv/lib/python3.12/site-packages/airflow/example_dags/example_sensors.py
[2026-01-04T12:55:32.859+0000] {logging_mixin.py:190} INFO - [2026-01-04T12:55:32.859+0000] {dag.py:3239} INFO - Sync 1 DAGs
[2026-01-04T12:55:32.868+0000] {logging_mixin.py:190} INFO - [2026-01-04T12:55:32.868+0000] {dag.py:4180} INFO - Setting next_dagrun for example_sensors to None, run_after=None
[2026-01-04T12:55:32.883+0000] {processor.py:208} INFO - Processing /workspaces/f1_data_team/venv/lib/python3.12/site-packages/airflow/example_dags/example_sensors.py took 0.057 seconds
[2026-01-04T12:56:29.262+0000] {processor.py:186} INFO - Started process (PID=48281) to work on /workspaces/f1_data_team/venv/lib/python3.12/site-packages/airflow/example_dags/example_sensors.py
[2026-01-04T12:56:29.263+0000] {processor.py:914} INFO - Processing file /workspaces/f1_data_team/venv/lib/python3.12/site-packages/airflow/example_dags/example_sensors.py for tasks to queue
[2026-01-04T12:56:29.265+0000] {logging_mixin.py:190} INFO - [2026-01-04T12:56:29.265+0000] {dagbag.py:588} INFO - Filling up the DagBag from /workspaces/f1_data_team/venv/lib/python3.12/site-packages/airflow/example_dags/example_sensors.py
[2026-01-04T12:56:29.275+0000] {processor.py:925} INFO - DAG(s) 'example_sensors' retrieved from /workspaces/f1_data_team/venv/lib/python3.12/site-packages/airflow/example_dags/example_sensors.py
[2026-01-04T12:56:29.292+0000] {logging_mixin.py:190} INFO - [2026-01-04T12:56:29.292+0000] {dag.py:3239} INFO - Sync 1 DAGs
[2026-01-04T12:56:29.302+0000] {logging_mixin.py:190} INFO - [2026-01-04T12:56:29.302+0000] {dag.py:4180} INFO - Setting next_dagrun for example_sensors to None, run_after=None
[2026-01-04T12:56:29.318+0000] {processor.py:208} INFO - Processing /workspaces/f1_data_team/venv/lib/python3.12/site-packages/airflow/example_dags/example_sensors.py took 0.060 seconds
[2026-01-04T12:57:19.534+0000] {processor.py:186} INFO - Started process (PID=48740) to work on /workspaces/f1_data_team/venv/lib/python3.12/site-packages/airflow/example_dags/example_sensors.py
[2026-01-04T12:57:19.535+0000] {processor.py:914} INFO - Processing file /workspaces/f1_data_team/venv/lib/python3.12/site-packages/airflow/example_dags/example_sensors.py for tasks to queue
[2026-01-04T12:57:19.537+0000] {logging_mixin.py:190} INFO - [2026-01-04T12:57:19.537+0000] {dagbag.py:588} INFO - Filling up the DagBag from /workspaces/f1_data_team/venv/lib/python3.12/site-packages/airflow/example_dags/example_sensors.py
[2026-01-04T12:57:19.546+0000] {processor.py:925} INFO - DAG(s) 'example_sensors' retrieved from /workspaces/f1_data_team/venv/lib/python3.12/site-packages/airflow/example_dags/example_sensors.py
[2026-01-04T12:57:19.562+0000] {logging_mixin.py:190} INFO - [2026-01-04T12:57:19.562+0000] {dag.py:3239} INFO - Sync 1 DAGs
[2026-01-04T12:57:19.572+0000] {logging_mixin.py:190} INFO - [2026-01-04T12:57:19.572+0000] {dag.py:4180} INFO - Setting next_dagrun for example_sensors to None, run_after=None
[2026-01-04T12:57:19.587+0000] {processor.py:208} INFO - Processing /workspaces/f1_data_team/venv/lib/python3.12/site-packages/airflow/example_dags/example_sensors.py took 0.057 seconds
[2026-01-04T12:58:10.897+0000] {processor.py:186} INFO - Started process (PID=49242) to work on /workspaces/f1_data_team/venv/lib/python3.12/site-packages/airflow/example_dags/example_sensors.py
[2026-01-04T12:58:10.898+0000] {processor.py:914} INFO - Processing file /workspaces/f1_data_team/venv/lib/python3.12/site-packages/airflow/example_dags/example_sensors.py for tasks to queue
[2026-01-04T12:58:10.900+0000] {logging_mixin.py:190} INFO - [2026-01-04T12:58:10.900+0000] {dagbag.py:588} INFO - Filling up the DagBag from /workspaces/f1_data_team/venv/lib/python3.12/site-packages/airflow/example_dags/example_sensors.py
[2026-01-04T12:58:10.909+0000] {processor.py:925} INFO - DAG(s) 'example_sensors' retrieved from /workspaces/f1_data_team/venv/lib/python3.12/site-packages/airflow/example_dags/example_sensors.py
[2026-01-04T12:58:10.925+0000] {logging_mixin.py:190} INFO - [2026-01-04T12:58:10.925+0000] {dag.py:3239} INFO - Sync 1 DAGs
[2026-01-04T12:58:10.934+0000] {logging_mixin.py:190} INFO - [2026-01-04T12:58:10.934+0000] {dag.py:4180} INFO - Setting next_dagrun for example_sensors to None, run_after=None
[2026-01-04T12:58:10.950+0000] {processor.py:208} INFO - Processing /workspaces/f1_data_team/venv/lib/python3.12/site-packages/airflow/example_dags/example_sensors.py took 0.058 seconds
[2026-01-04T12:59:04.687+0000] {processor.py:186} INFO - Started process (PID=49730) to work on /workspaces/f1_data_team/venv/lib/python3.12/site-packages/airflow/example_dags/example_sensors.py
[2026-01-04T12:59:04.687+0000] {processor.py:914} INFO - Processing file /workspaces/f1_data_team/venv/lib/python3.12/site-packages/airflow/example_dags/example_sensors.py for tasks to queue
[2026-01-04T12:59:04.689+0000] {logging_mixin.py:190} INFO - [2026-01-04T12:59:04.689+0000] {dagbag.py:588} INFO - Filling up the DagBag from /workspaces/f1_data_team/venv/lib/python3.12/site-packages/airflow/example_dags/example_sensors.py
[2026-01-04T12:59:04.699+0000] {processor.py:925} INFO - DAG(s) 'example_sensors' retrieved from /workspaces/f1_data_team/venv/lib/python3.12/site-packages/airflow/example_dags/example_sensors.py
[2026-01-04T12:59:04.715+0000] {logging_mixin.py:190} INFO - [2026-01-04T12:59:04.715+0000] {dag.py:3239} INFO - Sync 1 DAGs
[2026-01-04T12:59:04.724+0000] {logging_mixin.py:190} INFO - [2026-01-04T12:59:04.724+0000] {dag.py:4180} INFO - Setting next_dagrun for example_sensors to None, run_after=None
[2026-01-04T12:59:04.739+0000] {processor.py:208} INFO - Processing /workspaces/f1_data_team/venv/lib/python3.12/site-packages/airflow/example_dags/example_sensors.py took 0.057 seconds
[2026-01-04T13:00:00.168+0000] {processor.py:186} INFO - Started process (PID=50278) to work on /workspaces/f1_data_team/venv/lib/python3.12/site-packages/airflow/example_dags/example_sensors.py
[2026-01-04T13:00:00.169+0000] {processor.py:914} INFO - Processing file /workspaces/f1_data_team/venv/lib/python3.12/site-packages/airflow/example_dags/example_sensors.py for tasks to queue
[2026-01-04T13:00:00.171+0000] {logging_mixin.py:190} INFO - [2026-01-04T13:00:00.170+0000] {dagbag.py:588} INFO - Filling up the DagBag from /workspaces/f1_data_team/venv/lib/python3.12/site-packages/airflow/example_dags/example_sensors.py
[2026-01-04T13:00:00.180+0000] {processor.py:925} INFO - DAG(s) 'example_sensors' retrieved from /workspaces/f1_data_team/venv/lib/python3.12/site-packages/airflow/example_dags/example_sensors.py
[2026-01-04T13:00:00.196+0000] {logging_mixin.py:190} INFO - [2026-01-04T13:00:00.195+0000] {dag.py:3239} INFO - Sync 1 DAGs
[2026-01-04T13:00:00.205+0000] {logging_mixin.py:190} INFO - [2026-01-04T13:00:00.205+0000] {dag.py:4180} INFO - Setting next_dagrun for example_sensors to None, run_after=None
[2026-01-04T13:00:00.220+0000] {processor.py:208} INFO - Processing /workspaces/f1_data_team/venv/lib/python3.12/site-packages/airflow/example_dags/example_sensors.py took 0.056 seconds
[2026-01-04T13:00:54.562+0000] {processor.py:186} INFO - Started process (PID=50895) to work on /workspaces/f1_data_team/venv/lib/python3.12/site-packages/airflow/example_dags/example_sensors.py
[2026-01-04T13:00:54.563+0000] {processor.py:914} INFO - Processing file /workspaces/f1_data_team/venv/lib/python3.12/site-packages/airflow/example_dags/example_sensors.py for tasks to queue
[2026-01-04T13:00:54.565+0000] {logging_mixin.py:190} INFO - [2026-01-04T13:00:54.565+0000] {dagbag.py:588} INFO - Filling up the DagBag from /workspaces/f1_data_team/venv/lib/python3.12/site-packages/airflow/example_dags/example_sensors.py
[2026-01-04T13:00:54.575+0000] {processor.py:925} INFO - DAG(s) 'example_sensors' retrieved from /workspaces/f1_data_team/venv/lib/python3.12/site-packages/airflow/example_dags/example_sensors.py
[2026-01-04T13:00:54.591+0000] {logging_mixin.py:190} INFO - [2026-01-04T13:00:54.591+0000] {dag.py:3239} INFO - Sync 1 DAGs
[2026-01-04T13:00:54.600+0000] {logging_mixin.py:190} INFO - [2026-01-04T13:00:54.600+0000] {dag.py:4180} INFO - Setting next_dagrun for example_sensors to None, run_after=None
[2026-01-04T13:00:54.615+0000] {processor.py:208} INFO - Processing /workspaces/f1_data_team/venv/lib/python3.12/site-packages/airflow/example_dags/example_sensors.py took 0.057 seconds
[2026-01-04T13:01:42.943+0000] {processor.py:186} INFO - Started process (PID=51599) to work on /workspaces/f1_data_team/venv/lib/python3.12/site-packages/airflow/example_dags/example_sensors.py
[2026-01-04T13:01:42.944+0000] {processor.py:914} INFO - Processing file /workspaces/f1_data_team/venv/lib/python3.12/site-packages/airflow/example_dags/example_sensors.py for tasks to queue
[2026-01-04T13:01:42.946+0000] {logging_mixin.py:190} INFO - [2026-01-04T13:01:42.945+0000] {dagbag.py:588} INFO - Filling up the DagBag from /workspaces/f1_data_team/venv/lib/python3.12/site-packages/airflow/example_dags/example_sensors.py
[2026-01-04T13:01:42.958+0000] {processor.py:925} INFO - DAG(s) 'example_sensors' retrieved from /workspaces/f1_data_team/venv/lib/python3.12/site-packages/airflow/example_dags/example_sensors.py
[2026-01-04T13:01:42.982+0000] {logging_mixin.py:190} INFO - [2026-01-04T13:01:42.982+0000] {dag.py:3239} INFO - Sync 1 DAGs
[2026-01-04T13:01:42.995+0000] {logging_mixin.py:190} INFO - [2026-01-04T13:01:42.994+0000] {dag.py:4180} INFO - Setting next_dagrun for example_sensors to None, run_after=None
[2026-01-04T13:01:43.010+0000] {processor.py:208} INFO - Processing /workspaces/f1_data_team/venv/lib/python3.12/site-packages/airflow/example_dags/example_sensors.py took 0.071 seconds
