[2026-01-04T12:26:49.690+0000] {processor.py:186} INFO - Started process (PID=24567) to work on /workspaces/f1_data_team/venv/lib/python3.12/site-packages/airflow/example_dags/example_skip_dag.py
[2026-01-04T12:26:49.691+0000] {processor.py:914} INFO - Processing file /workspaces/f1_data_team/venv/lib/python3.12/site-packages/airflow/example_dags/example_skip_dag.py for tasks to queue
[2026-01-04T12:26:49.693+0000] {logging_mixin.py:190} INFO - [2026-01-04T12:26:49.692+0000] {dagbag.py:588} INFO - Filling up the DagBag from /workspaces/f1_data_team/venv/lib/python3.12/site-packages/airflow/example_dags/example_skip_dag.py
[2026-01-04T12:26:49.699+0000] {processor.py:925} INFO - DAG(s) 'example_skip_dag' retrieved from /workspaces/f1_data_team/venv/lib/python3.12/site-packages/airflow/example_dags/example_skip_dag.py
[2026-01-04T12:26:49.777+0000] {logging_mixin.py:190} INFO - [2026-01-04T12:26:49.776+0000] {override.py:1911} INFO - Created Permission View: can read on DAG:example_skip_dag
[2026-01-04T12:26:49.784+0000] {logging_mixin.py:190} INFO - [2026-01-04T12:26:49.784+0000] {override.py:1911} INFO - Created Permission View: can edit on DAG:example_skip_dag
[2026-01-04T12:26:49.789+0000] {logging_mixin.py:190} INFO - [2026-01-04T12:26:49.789+0000] {override.py:1911} INFO - Created Permission View: can delete on DAG:example_skip_dag
[2026-01-04T12:26:49.797+0000] {logging_mixin.py:190} INFO - [2026-01-04T12:26:49.797+0000] {override.py:1911} INFO - Created Permission View: can read on DAG Run:example_skip_dag
[2026-01-04T12:26:49.802+0000] {logging_mixin.py:190} INFO - [2026-01-04T12:26:49.802+0000] {override.py:1911} INFO - Created Permission View: menu access on DAG Run:example_skip_dag
[2026-01-04T12:26:49.808+0000] {logging_mixin.py:190} INFO - [2026-01-04T12:26:49.807+0000] {override.py:1911} INFO - Created Permission View: can create on DAG Run:example_skip_dag
[2026-01-04T12:26:49.813+0000] {logging_mixin.py:190} INFO - [2026-01-04T12:26:49.812+0000] {override.py:1911} INFO - Created Permission View: can delete on DAG Run:example_skip_dag
[2026-01-04T12:26:49.813+0000] {logging_mixin.py:190} INFO - [2026-01-04T12:26:49.813+0000] {dag.py:3239} INFO - Sync 1 DAGs
[2026-01-04T12:26:49.822+0000] {logging_mixin.py:190} INFO - [2026-01-04T12:26:49.822+0000] {dag.py:3262} INFO - Creating ORM DAG for example_skip_dag
[2026-01-04T12:26:49.828+0000] {logging_mixin.py:190} INFO - [2026-01-04T12:26:49.828+0000] {dag.py:4180} INFO - Setting next_dagrun for example_skip_dag to 2026-01-03 00:00:00+00:00, run_after=2026-01-04 00:00:00+00:00
[2026-01-04T12:26:49.845+0000] {processor.py:208} INFO - Processing /workspaces/f1_data_team/venv/lib/python3.12/site-packages/airflow/example_dags/example_skip_dag.py took 0.159 seconds
[2026-01-04T12:27:52.544+0000] {processor.py:186} INFO - Started process (PID=25124) to work on /workspaces/f1_data_team/venv/lib/python3.12/site-packages/airflow/example_dags/example_skip_dag.py
[2026-01-04T12:27:52.545+0000] {processor.py:914} INFO - Processing file /workspaces/f1_data_team/venv/lib/python3.12/site-packages/airflow/example_dags/example_skip_dag.py for tasks to queue
[2026-01-04T12:27:52.547+0000] {logging_mixin.py:190} INFO - [2026-01-04T12:27:52.546+0000] {dagbag.py:588} INFO - Filling up the DagBag from /workspaces/f1_data_team/venv/lib/python3.12/site-packages/airflow/example_dags/example_skip_dag.py
[2026-01-04T12:27:52.553+0000] {processor.py:925} INFO - DAG(s) 'example_skip_dag' retrieved from /workspaces/f1_data_team/venv/lib/python3.12/site-packages/airflow/example_dags/example_skip_dag.py
[2026-01-04T12:27:52.565+0000] {logging_mixin.py:190} INFO - [2026-01-04T12:27:52.565+0000] {dag.py:3239} INFO - Sync 1 DAGs
[2026-01-04T12:27:52.580+0000] {logging_mixin.py:190} INFO - [2026-01-04T12:27:52.580+0000] {dag.py:4180} INFO - Setting next_dagrun for example_skip_dag to 2026-01-03 00:00:00+00:00, run_after=2026-01-04 00:00:00+00:00
[2026-01-04T12:27:52.595+0000] {processor.py:208} INFO - Processing /workspaces/f1_data_team/venv/lib/python3.12/site-packages/airflow/example_dags/example_skip_dag.py took 0.056 seconds
[2026-01-04T12:28:49.248+0000] {processor.py:186} INFO - Started process (PID=25630) to work on /workspaces/f1_data_team/venv/lib/python3.12/site-packages/airflow/example_dags/example_skip_dag.py
[2026-01-04T12:28:49.249+0000] {processor.py:914} INFO - Processing file /workspaces/f1_data_team/venv/lib/python3.12/site-packages/airflow/example_dags/example_skip_dag.py for tasks to queue
[2026-01-04T12:28:49.251+0000] {logging_mixin.py:190} INFO - [2026-01-04T12:28:49.251+0000] {dagbag.py:588} INFO - Filling up the DagBag from /workspaces/f1_data_team/venv/lib/python3.12/site-packages/airflow/example_dags/example_skip_dag.py
[2026-01-04T12:28:49.257+0000] {processor.py:925} INFO - DAG(s) 'example_skip_dag' retrieved from /workspaces/f1_data_team/venv/lib/python3.12/site-packages/airflow/example_dags/example_skip_dag.py
[2026-01-04T12:28:49.270+0000] {logging_mixin.py:190} INFO - [2026-01-04T12:28:49.270+0000] {dag.py:3239} INFO - Sync 1 DAGs
[2026-01-04T12:28:49.285+0000] {logging_mixin.py:190} INFO - [2026-01-04T12:28:49.285+0000] {dag.py:4180} INFO - Setting next_dagrun for example_skip_dag to 2026-01-03 00:00:00+00:00, run_after=2026-01-04 00:00:00+00:00
[2026-01-04T12:28:49.301+0000] {processor.py:208} INFO - Processing /workspaces/f1_data_team/venv/lib/python3.12/site-packages/airflow/example_dags/example_skip_dag.py took 0.059 seconds
[2026-01-04T12:29:47.848+0000] {processor.py:186} INFO - Started process (PID=26897) to work on /workspaces/f1_data_team/venv/lib/python3.12/site-packages/airflow/example_dags/example_skip_dag.py
[2026-01-04T12:29:47.849+0000] {processor.py:914} INFO - Processing file /workspaces/f1_data_team/venv/lib/python3.12/site-packages/airflow/example_dags/example_skip_dag.py for tasks to queue
[2026-01-04T12:29:47.851+0000] {logging_mixin.py:190} INFO - [2026-01-04T12:29:47.851+0000] {dagbag.py:588} INFO - Filling up the DagBag from /workspaces/f1_data_team/venv/lib/python3.12/site-packages/airflow/example_dags/example_skip_dag.py
[2026-01-04T12:29:47.857+0000] {processor.py:925} INFO - DAG(s) 'example_skip_dag' retrieved from /workspaces/f1_data_team/venv/lib/python3.12/site-packages/airflow/example_dags/example_skip_dag.py
[2026-01-04T12:29:47.869+0000] {logging_mixin.py:190} INFO - [2026-01-04T12:29:47.869+0000] {dag.py:3239} INFO - Sync 1 DAGs
[2026-01-04T12:29:47.884+0000] {logging_mixin.py:190} INFO - [2026-01-04T12:29:47.884+0000] {dag.py:4180} INFO - Setting next_dagrun for example_skip_dag to 2026-01-03 00:00:00+00:00, run_after=2026-01-04 00:00:00+00:00
[2026-01-04T12:29:47.898+0000] {processor.py:208} INFO - Processing /workspaces/f1_data_team/venv/lib/python3.12/site-packages/airflow/example_dags/example_skip_dag.py took 0.056 seconds
[2026-01-04T12:30:30.741+0000] {processor.py:186} INFO - Started process (PID=27539) to work on /workspaces/f1_data_team/venv/lib/python3.12/site-packages/airflow/example_dags/example_skip_dag.py
[2026-01-04T12:30:30.742+0000] {processor.py:914} INFO - Processing file /workspaces/f1_data_team/venv/lib/python3.12/site-packages/airflow/example_dags/example_skip_dag.py for tasks to queue
[2026-01-04T12:30:30.744+0000] {logging_mixin.py:190} INFO - [2026-01-04T12:30:30.743+0000] {dagbag.py:588} INFO - Filling up the DagBag from /workspaces/f1_data_team/venv/lib/python3.12/site-packages/airflow/example_dags/example_skip_dag.py
[2026-01-04T12:30:30.750+0000] {processor.py:925} INFO - DAG(s) 'example_skip_dag' retrieved from /workspaces/f1_data_team/venv/lib/python3.12/site-packages/airflow/example_dags/example_skip_dag.py
[2026-01-04T12:30:30.766+0000] {logging_mixin.py:190} INFO - [2026-01-04T12:30:30.766+0000] {dag.py:3239} INFO - Sync 1 DAGs
[2026-01-04T12:30:30.780+0000] {logging_mixin.py:190} INFO - [2026-01-04T12:30:30.780+0000] {dag.py:4180} INFO - Setting next_dagrun for example_skip_dag to 2026-01-03 00:00:00+00:00, run_after=2026-01-04 00:00:00+00:00
[2026-01-04T12:30:30.795+0000] {processor.py:208} INFO - Processing /workspaces/f1_data_team/venv/lib/python3.12/site-packages/airflow/example_dags/example_skip_dag.py took 0.059 seconds
[2026-01-04T12:31:29.398+0000] {processor.py:186} INFO - Started process (PID=28587) to work on /workspaces/f1_data_team/venv/lib/python3.12/site-packages/airflow/example_dags/example_skip_dag.py
[2026-01-04T12:31:29.399+0000] {processor.py:914} INFO - Processing file /workspaces/f1_data_team/venv/lib/python3.12/site-packages/airflow/example_dags/example_skip_dag.py for tasks to queue
[2026-01-04T12:31:29.400+0000] {logging_mixin.py:190} INFO - [2026-01-04T12:31:29.400+0000] {dagbag.py:588} INFO - Filling up the DagBag from /workspaces/f1_data_team/venv/lib/python3.12/site-packages/airflow/example_dags/example_skip_dag.py
[2026-01-04T12:31:29.407+0000] {processor.py:925} INFO - DAG(s) 'example_skip_dag' retrieved from /workspaces/f1_data_team/venv/lib/python3.12/site-packages/airflow/example_dags/example_skip_dag.py
[2026-01-04T12:31:29.420+0000] {logging_mixin.py:190} INFO - [2026-01-04T12:31:29.419+0000] {dag.py:3239} INFO - Sync 1 DAGs
[2026-01-04T12:31:29.434+0000] {logging_mixin.py:190} INFO - [2026-01-04T12:31:29.434+0000] {dag.py:4180} INFO - Setting next_dagrun for example_skip_dag to 2026-01-03 00:00:00+00:00, run_after=2026-01-04 00:00:00+00:00
[2026-01-04T12:31:29.449+0000] {processor.py:208} INFO - Processing /workspaces/f1_data_team/venv/lib/python3.12/site-packages/airflow/example_dags/example_skip_dag.py took 0.056 seconds
[2026-01-04T12:32:36.918+0000] {processor.py:186} INFO - Started process (PID=29654) to work on /workspaces/f1_data_team/venv/lib/python3.12/site-packages/airflow/example_dags/example_skip_dag.py
[2026-01-04T12:32:36.919+0000] {processor.py:914} INFO - Processing file /workspaces/f1_data_team/venv/lib/python3.12/site-packages/airflow/example_dags/example_skip_dag.py for tasks to queue
[2026-01-04T12:32:36.921+0000] {logging_mixin.py:190} INFO - [2026-01-04T12:32:36.921+0000] {dagbag.py:588} INFO - Filling up the DagBag from /workspaces/f1_data_team/venv/lib/python3.12/site-packages/airflow/example_dags/example_skip_dag.py
[2026-01-04T12:32:36.929+0000] {processor.py:925} INFO - DAG(s) 'example_skip_dag' retrieved from /workspaces/f1_data_team/venv/lib/python3.12/site-packages/airflow/example_dags/example_skip_dag.py
[2026-01-04T12:32:36.943+0000] {logging_mixin.py:190} INFO - [2026-01-04T12:32:36.943+0000] {dag.py:3239} INFO - Sync 1 DAGs
[2026-01-04T12:32:36.957+0000] {logging_mixin.py:190} INFO - [2026-01-04T12:32:36.957+0000] {dag.py:4180} INFO - Setting next_dagrun for example_skip_dag to 2026-01-03 00:00:00+00:00, run_after=2026-01-04 00:00:00+00:00
[2026-01-04T12:32:36.972+0000] {processor.py:208} INFO - Processing /workspaces/f1_data_team/venv/lib/python3.12/site-packages/airflow/example_dags/example_skip_dag.py took 0.058 seconds
[2026-01-04T12:33:36.967+0000] {processor.py:186} INFO - Started process (PID=30621) to work on /workspaces/f1_data_team/venv/lib/python3.12/site-packages/airflow/example_dags/example_skip_dag.py
[2026-01-04T12:33:36.968+0000] {processor.py:914} INFO - Processing file /workspaces/f1_data_team/venv/lib/python3.12/site-packages/airflow/example_dags/example_skip_dag.py for tasks to queue
[2026-01-04T12:33:36.970+0000] {logging_mixin.py:190} INFO - [2026-01-04T12:33:36.970+0000] {dagbag.py:588} INFO - Filling up the DagBag from /workspaces/f1_data_team/venv/lib/python3.12/site-packages/airflow/example_dags/example_skip_dag.py
[2026-01-04T12:33:36.976+0000] {processor.py:925} INFO - DAG(s) 'example_skip_dag' retrieved from /workspaces/f1_data_team/venv/lib/python3.12/site-packages/airflow/example_dags/example_skip_dag.py
[2026-01-04T12:33:36.990+0000] {logging_mixin.py:190} INFO - [2026-01-04T12:33:36.990+0000] {dag.py:3239} INFO - Sync 1 DAGs
[2026-01-04T12:33:37.006+0000] {logging_mixin.py:190} INFO - [2026-01-04T12:33:37.006+0000] {dag.py:4180} INFO - Setting next_dagrun for example_skip_dag to 2026-01-03 00:00:00+00:00, run_after=2026-01-04 00:00:00+00:00
[2026-01-04T12:33:37.028+0000] {processor.py:208} INFO - Processing /workspaces/f1_data_team/venv/lib/python3.12/site-packages/airflow/example_dags/example_skip_dag.py took 0.065 seconds
[2026-01-04T12:34:33.794+0000] {processor.py:186} INFO - Started process (PID=31112) to work on /workspaces/f1_data_team/venv/lib/python3.12/site-packages/airflow/example_dags/example_skip_dag.py
[2026-01-04T12:34:33.795+0000] {processor.py:914} INFO - Processing file /workspaces/f1_data_team/venv/lib/python3.12/site-packages/airflow/example_dags/example_skip_dag.py for tasks to queue
[2026-01-04T12:34:33.797+0000] {logging_mixin.py:190} INFO - [2026-01-04T12:34:33.796+0000] {dagbag.py:588} INFO - Filling up the DagBag from /workspaces/f1_data_team/venv/lib/python3.12/site-packages/airflow/example_dags/example_skip_dag.py
[2026-01-04T12:34:33.803+0000] {processor.py:925} INFO - DAG(s) 'example_skip_dag' retrieved from /workspaces/f1_data_team/venv/lib/python3.12/site-packages/airflow/example_dags/example_skip_dag.py
[2026-01-04T12:34:33.816+0000] {logging_mixin.py:190} INFO - [2026-01-04T12:34:33.816+0000] {dag.py:3239} INFO - Sync 1 DAGs
[2026-01-04T12:34:33.831+0000] {logging_mixin.py:190} INFO - [2026-01-04T12:34:33.831+0000] {dag.py:4180} INFO - Setting next_dagrun for example_skip_dag to 2026-01-03 00:00:00+00:00, run_after=2026-01-04 00:00:00+00:00
[2026-01-04T12:34:33.846+0000] {processor.py:208} INFO - Processing /workspaces/f1_data_team/venv/lib/python3.12/site-packages/airflow/example_dags/example_skip_dag.py took 0.056 seconds
[2026-01-04T12:35:23.704+0000] {processor.py:186} INFO - Started process (PID=31634) to work on /workspaces/f1_data_team/venv/lib/python3.12/site-packages/airflow/example_dags/example_skip_dag.py
[2026-01-04T12:35:23.705+0000] {processor.py:914} INFO - Processing file /workspaces/f1_data_team/venv/lib/python3.12/site-packages/airflow/example_dags/example_skip_dag.py for tasks to queue
[2026-01-04T12:35:23.707+0000] {logging_mixin.py:190} INFO - [2026-01-04T12:35:23.707+0000] {dagbag.py:588} INFO - Filling up the DagBag from /workspaces/f1_data_team/venv/lib/python3.12/site-packages/airflow/example_dags/example_skip_dag.py
[2026-01-04T12:35:23.714+0000] {processor.py:925} INFO - DAG(s) 'example_skip_dag' retrieved from /workspaces/f1_data_team/venv/lib/python3.12/site-packages/airflow/example_dags/example_skip_dag.py
[2026-01-04T12:35:23.731+0000] {logging_mixin.py:190} INFO - [2026-01-04T12:35:23.730+0000] {dag.py:3239} INFO - Sync 1 DAGs
[2026-01-04T12:35:23.753+0000] {logging_mixin.py:190} INFO - [2026-01-04T12:35:23.753+0000] {dag.py:4180} INFO - Setting next_dagrun for example_skip_dag to 2026-01-03 00:00:00+00:00, run_after=2026-01-04 00:00:00+00:00
[2026-01-04T12:35:23.775+0000] {processor.py:208} INFO - Processing /workspaces/f1_data_team/venv/lib/python3.12/site-packages/airflow/example_dags/example_skip_dag.py took 0.075 seconds
[2026-01-04T12:36:16.011+0000] {processor.py:186} INFO - Started process (PID=32213) to work on /workspaces/f1_data_team/venv/lib/python3.12/site-packages/airflow/example_dags/example_skip_dag.py
[2026-01-04T12:36:16.011+0000] {processor.py:914} INFO - Processing file /workspaces/f1_data_team/venv/lib/python3.12/site-packages/airflow/example_dags/example_skip_dag.py for tasks to queue
[2026-01-04T12:36:16.014+0000] {logging_mixin.py:190} INFO - [2026-01-04T12:36:16.013+0000] {dagbag.py:588} INFO - Filling up the DagBag from /workspaces/f1_data_team/venv/lib/python3.12/site-packages/airflow/example_dags/example_skip_dag.py
[2026-01-04T12:36:16.020+0000] {processor.py:925} INFO - DAG(s) 'example_skip_dag' retrieved from /workspaces/f1_data_team/venv/lib/python3.12/site-packages/airflow/example_dags/example_skip_dag.py
[2026-01-04T12:36:16.034+0000] {logging_mixin.py:190} INFO - [2026-01-04T12:36:16.034+0000] {dag.py:3239} INFO - Sync 1 DAGs
[2026-01-04T12:36:16.049+0000] {logging_mixin.py:190} INFO - [2026-01-04T12:36:16.049+0000] {dag.py:4180} INFO - Setting next_dagrun for example_skip_dag to 2026-01-03 00:00:00+00:00, run_after=2026-01-04 00:00:00+00:00
[2026-01-04T12:36:16.065+0000] {processor.py:208} INFO - Processing /workspaces/f1_data_team/venv/lib/python3.12/site-packages/airflow/example_dags/example_skip_dag.py took 0.059 seconds
[2026-01-04T12:37:08.538+0000] {processor.py:186} INFO - Started process (PID=32719) to work on /workspaces/f1_data_team/venv/lib/python3.12/site-packages/airflow/example_dags/example_skip_dag.py
[2026-01-04T12:37:08.539+0000] {processor.py:914} INFO - Processing file /workspaces/f1_data_team/venv/lib/python3.12/site-packages/airflow/example_dags/example_skip_dag.py for tasks to queue
[2026-01-04T12:37:08.541+0000] {logging_mixin.py:190} INFO - [2026-01-04T12:37:08.541+0000] {dagbag.py:588} INFO - Filling up the DagBag from /workspaces/f1_data_team/venv/lib/python3.12/site-packages/airflow/example_dags/example_skip_dag.py
[2026-01-04T12:37:08.547+0000] {processor.py:925} INFO - DAG(s) 'example_skip_dag' retrieved from /workspaces/f1_data_team/venv/lib/python3.12/site-packages/airflow/example_dags/example_skip_dag.py
[2026-01-04T12:37:08.563+0000] {logging_mixin.py:190} INFO - [2026-01-04T12:37:08.563+0000] {dag.py:3239} INFO - Sync 1 DAGs
[2026-01-04T12:37:08.579+0000] {logging_mixin.py:190} INFO - [2026-01-04T12:37:08.579+0000] {dag.py:4180} INFO - Setting next_dagrun for example_skip_dag to 2026-01-03 00:00:00+00:00, run_after=2026-01-04 00:00:00+00:00
[2026-01-04T12:37:08.594+0000] {processor.py:208} INFO - Processing /workspaces/f1_data_team/venv/lib/python3.12/site-packages/airflow/example_dags/example_skip_dag.py took 0.061 seconds
[2026-01-04T12:38:02.255+0000] {processor.py:186} INFO - Started process (PID=33630) to work on /workspaces/f1_data_team/venv/lib/python3.12/site-packages/airflow/example_dags/example_skip_dag.py
[2026-01-04T12:38:02.256+0000] {processor.py:914} INFO - Processing file /workspaces/f1_data_team/venv/lib/python3.12/site-packages/airflow/example_dags/example_skip_dag.py for tasks to queue
[2026-01-04T12:38:02.258+0000] {logging_mixin.py:190} INFO - [2026-01-04T12:38:02.258+0000] {dagbag.py:588} INFO - Filling up the DagBag from /workspaces/f1_data_team/venv/lib/python3.12/site-packages/airflow/example_dags/example_skip_dag.py
[2026-01-04T12:38:02.265+0000] {processor.py:925} INFO - DAG(s) 'example_skip_dag' retrieved from /workspaces/f1_data_team/venv/lib/python3.12/site-packages/airflow/example_dags/example_skip_dag.py
[2026-01-04T12:38:02.278+0000] {logging_mixin.py:190} INFO - [2026-01-04T12:38:02.277+0000] {dag.py:3239} INFO - Sync 1 DAGs
[2026-01-04T12:38:02.292+0000] {logging_mixin.py:190} INFO - [2026-01-04T12:38:02.292+0000] {dag.py:4180} INFO - Setting next_dagrun for example_skip_dag to 2026-01-03 00:00:00+00:00, run_after=2026-01-04 00:00:00+00:00
[2026-01-04T12:38:02.308+0000] {processor.py:208} INFO - Processing /workspaces/f1_data_team/venv/lib/python3.12/site-packages/airflow/example_dags/example_skip_dag.py took 0.057 seconds
[2026-01-04T12:38:54.213+0000] {processor.py:186} INFO - Started process (PID=34090) to work on /workspaces/f1_data_team/venv/lib/python3.12/site-packages/airflow/example_dags/example_skip_dag.py
[2026-01-04T12:38:54.214+0000] {processor.py:914} INFO - Processing file /workspaces/f1_data_team/venv/lib/python3.12/site-packages/airflow/example_dags/example_skip_dag.py for tasks to queue
[2026-01-04T12:38:54.216+0000] {logging_mixin.py:190} INFO - [2026-01-04T12:38:54.215+0000] {dagbag.py:588} INFO - Filling up the DagBag from /workspaces/f1_data_team/venv/lib/python3.12/site-packages/airflow/example_dags/example_skip_dag.py
[2026-01-04T12:38:54.222+0000] {processor.py:925} INFO - DAG(s) 'example_skip_dag' retrieved from /workspaces/f1_data_team/venv/lib/python3.12/site-packages/airflow/example_dags/example_skip_dag.py
[2026-01-04T12:38:54.235+0000] {logging_mixin.py:190} INFO - [2026-01-04T12:38:54.235+0000] {dag.py:3239} INFO - Sync 1 DAGs
[2026-01-04T12:38:54.252+0000] {logging_mixin.py:190} INFO - [2026-01-04T12:38:54.252+0000] {dag.py:4180} INFO - Setting next_dagrun for example_skip_dag to 2026-01-03 00:00:00+00:00, run_after=2026-01-04 00:00:00+00:00
[2026-01-04T12:38:54.269+0000] {processor.py:208} INFO - Processing /workspaces/f1_data_team/venv/lib/python3.12/site-packages/airflow/example_dags/example_skip_dag.py took 0.061 seconds
[2026-01-04T12:39:48.689+0000] {processor.py:186} INFO - Started process (PID=34601) to work on /workspaces/f1_data_team/venv/lib/python3.12/site-packages/airflow/example_dags/example_skip_dag.py
[2026-01-04T12:39:48.689+0000] {processor.py:914} INFO - Processing file /workspaces/f1_data_team/venv/lib/python3.12/site-packages/airflow/example_dags/example_skip_dag.py for tasks to queue
[2026-01-04T12:39:48.692+0000] {logging_mixin.py:190} INFO - [2026-01-04T12:39:48.691+0000] {dagbag.py:588} INFO - Filling up the DagBag from /workspaces/f1_data_team/venv/lib/python3.12/site-packages/airflow/example_dags/example_skip_dag.py
[2026-01-04T12:39:48.698+0000] {processor.py:925} INFO - DAG(s) 'example_skip_dag' retrieved from /workspaces/f1_data_team/venv/lib/python3.12/site-packages/airflow/example_dags/example_skip_dag.py
[2026-01-04T12:39:48.711+0000] {logging_mixin.py:190} INFO - [2026-01-04T12:39:48.711+0000] {dag.py:3239} INFO - Sync 1 DAGs
[2026-01-04T12:39:48.726+0000] {logging_mixin.py:190} INFO - [2026-01-04T12:39:48.726+0000] {dag.py:4180} INFO - Setting next_dagrun for example_skip_dag to 2026-01-03 00:00:00+00:00, run_after=2026-01-04 00:00:00+00:00
[2026-01-04T12:39:48.740+0000] {processor.py:208} INFO - Processing /workspaces/f1_data_team/venv/lib/python3.12/site-packages/airflow/example_dags/example_skip_dag.py took 0.056 seconds
[2026-01-04T12:40:41.721+0000] {processor.py:186} INFO - Started process (PID=35153) to work on /workspaces/f1_data_team/venv/lib/python3.12/site-packages/airflow/example_dags/example_skip_dag.py
[2026-01-04T12:40:41.722+0000] {processor.py:914} INFO - Processing file /workspaces/f1_data_team/venv/lib/python3.12/site-packages/airflow/example_dags/example_skip_dag.py for tasks to queue
[2026-01-04T12:40:41.724+0000] {logging_mixin.py:190} INFO - [2026-01-04T12:40:41.724+0000] {dagbag.py:588} INFO - Filling up the DagBag from /workspaces/f1_data_team/venv/lib/python3.12/site-packages/airflow/example_dags/example_skip_dag.py
[2026-01-04T12:40:41.731+0000] {processor.py:925} INFO - DAG(s) 'example_skip_dag' retrieved from /workspaces/f1_data_team/venv/lib/python3.12/site-packages/airflow/example_dags/example_skip_dag.py
[2026-01-04T12:40:41.744+0000] {logging_mixin.py:190} INFO - [2026-01-04T12:40:41.744+0000] {dag.py:3239} INFO - Sync 1 DAGs
[2026-01-04T12:40:41.759+0000] {logging_mixin.py:190} INFO - [2026-01-04T12:40:41.759+0000] {dag.py:4180} INFO - Setting next_dagrun for example_skip_dag to 2026-01-03 00:00:00+00:00, run_after=2026-01-04 00:00:00+00:00
[2026-01-04T12:40:41.774+0000] {processor.py:208} INFO - Processing /workspaces/f1_data_team/venv/lib/python3.12/site-packages/airflow/example_dags/example_skip_dag.py took 0.058 seconds
[2026-01-04T12:41:35.395+0000] {processor.py:186} INFO - Started process (PID=35956) to work on /workspaces/f1_data_team/venv/lib/python3.12/site-packages/airflow/example_dags/example_skip_dag.py
[2026-01-04T12:41:35.396+0000] {processor.py:914} INFO - Processing file /workspaces/f1_data_team/venv/lib/python3.12/site-packages/airflow/example_dags/example_skip_dag.py for tasks to queue
[2026-01-04T12:41:35.398+0000] {logging_mixin.py:190} INFO - [2026-01-04T12:41:35.398+0000] {dagbag.py:588} INFO - Filling up the DagBag from /workspaces/f1_data_team/venv/lib/python3.12/site-packages/airflow/example_dags/example_skip_dag.py
[2026-01-04T12:41:35.406+0000] {processor.py:925} INFO - DAG(s) 'example_skip_dag' retrieved from /workspaces/f1_data_team/venv/lib/python3.12/site-packages/airflow/example_dags/example_skip_dag.py
[2026-01-04T12:41:35.421+0000] {logging_mixin.py:190} INFO - [2026-01-04T12:41:35.420+0000] {dag.py:3239} INFO - Sync 1 DAGs
[2026-01-04T12:41:35.437+0000] {logging_mixin.py:190} INFO - [2026-01-04T12:41:35.436+0000] {dag.py:4180} INFO - Setting next_dagrun for example_skip_dag to 2026-01-03 00:00:00+00:00, run_after=2026-01-04 00:00:00+00:00
[2026-01-04T12:41:35.451+0000] {processor.py:208} INFO - Processing /workspaces/f1_data_team/venv/lib/python3.12/site-packages/airflow/example_dags/example_skip_dag.py took 0.060 seconds
[2026-01-04T12:42:40.737+0000] {processor.py:186} INFO - Started process (PID=36959) to work on /workspaces/f1_data_team/venv/lib/python3.12/site-packages/airflow/example_dags/example_skip_dag.py
[2026-01-04T12:42:40.738+0000] {processor.py:914} INFO - Processing file /workspaces/f1_data_team/venv/lib/python3.12/site-packages/airflow/example_dags/example_skip_dag.py for tasks to queue
[2026-01-04T12:42:40.740+0000] {logging_mixin.py:190} INFO - [2026-01-04T12:42:40.739+0000] {dagbag.py:588} INFO - Filling up the DagBag from /workspaces/f1_data_team/venv/lib/python3.12/site-packages/airflow/example_dags/example_skip_dag.py
[2026-01-04T12:42:40.747+0000] {processor.py:925} INFO - DAG(s) 'example_skip_dag' retrieved from /workspaces/f1_data_team/venv/lib/python3.12/site-packages/airflow/example_dags/example_skip_dag.py
[2026-01-04T12:42:40.764+0000] {logging_mixin.py:190} INFO - [2026-01-04T12:42:40.764+0000] {dag.py:3239} INFO - Sync 1 DAGs
[2026-01-04T12:42:40.779+0000] {logging_mixin.py:190} INFO - [2026-01-04T12:42:40.779+0000] {dag.py:4180} INFO - Setting next_dagrun for example_skip_dag to 2026-01-03 00:00:00+00:00, run_after=2026-01-04 00:00:00+00:00
[2026-01-04T12:42:40.794+0000] {processor.py:208} INFO - Processing /workspaces/f1_data_team/venv/lib/python3.12/site-packages/airflow/example_dags/example_skip_dag.py took 0.062 seconds
[2026-01-04T12:43:37.337+0000] {processor.py:186} INFO - Started process (PID=37650) to work on /workspaces/f1_data_team/venv/lib/python3.12/site-packages/airflow/example_dags/example_skip_dag.py
[2026-01-04T12:43:37.338+0000] {processor.py:914} INFO - Processing file /workspaces/f1_data_team/venv/lib/python3.12/site-packages/airflow/example_dags/example_skip_dag.py for tasks to queue
[2026-01-04T12:43:37.340+0000] {logging_mixin.py:190} INFO - [2026-01-04T12:43:37.339+0000] {dagbag.py:588} INFO - Filling up the DagBag from /workspaces/f1_data_team/venv/lib/python3.12/site-packages/airflow/example_dags/example_skip_dag.py
[2026-01-04T12:43:37.346+0000] {processor.py:925} INFO - DAG(s) 'example_skip_dag' retrieved from /workspaces/f1_data_team/venv/lib/python3.12/site-packages/airflow/example_dags/example_skip_dag.py
[2026-01-04T12:43:37.359+0000] {logging_mixin.py:190} INFO - [2026-01-04T12:43:37.359+0000] {dag.py:3239} INFO - Sync 1 DAGs
[2026-01-04T12:43:37.374+0000] {logging_mixin.py:190} INFO - [2026-01-04T12:43:37.374+0000] {dag.py:4180} INFO - Setting next_dagrun for example_skip_dag to 2026-01-03 00:00:00+00:00, run_after=2026-01-04 00:00:00+00:00
[2026-01-04T12:43:37.389+0000] {processor.py:208} INFO - Processing /workspaces/f1_data_team/venv/lib/python3.12/site-packages/airflow/example_dags/example_skip_dag.py took 0.056 seconds
[2026-01-04T12:44:28.591+0000] {processor.py:186} INFO - Started process (PID=38246) to work on /workspaces/f1_data_team/venv/lib/python3.12/site-packages/airflow/example_dags/example_skip_dag.py
[2026-01-04T12:44:28.591+0000] {processor.py:914} INFO - Processing file /workspaces/f1_data_team/venv/lib/python3.12/site-packages/airflow/example_dags/example_skip_dag.py for tasks to queue
[2026-01-04T12:44:28.593+0000] {logging_mixin.py:190} INFO - [2026-01-04T12:44:28.593+0000] {dagbag.py:588} INFO - Filling up the DagBag from /workspaces/f1_data_team/venv/lib/python3.12/site-packages/airflow/example_dags/example_skip_dag.py
[2026-01-04T12:44:28.600+0000] {processor.py:925} INFO - DAG(s) 'example_skip_dag' retrieved from /workspaces/f1_data_team/venv/lib/python3.12/site-packages/airflow/example_dags/example_skip_dag.py
[2026-01-04T12:44:28.614+0000] {logging_mixin.py:190} INFO - [2026-01-04T12:44:28.613+0000] {dag.py:3239} INFO - Sync 1 DAGs
[2026-01-04T12:44:28.629+0000] {logging_mixin.py:190} INFO - [2026-01-04T12:44:28.629+0000] {dag.py:4180} INFO - Setting next_dagrun for example_skip_dag to 2026-01-03 00:00:00+00:00, run_after=2026-01-04 00:00:00+00:00
[2026-01-04T12:44:28.644+0000] {processor.py:208} INFO - Processing /workspaces/f1_data_team/venv/lib/python3.12/site-packages/airflow/example_dags/example_skip_dag.py took 0.058 seconds
[2026-01-04T12:45:27.158+0000] {processor.py:186} INFO - Started process (PID=39385) to work on /workspaces/f1_data_team/venv/lib/python3.12/site-packages/airflow/example_dags/example_skip_dag.py
[2026-01-04T12:45:27.159+0000] {processor.py:914} INFO - Processing file /workspaces/f1_data_team/venv/lib/python3.12/site-packages/airflow/example_dags/example_skip_dag.py for tasks to queue
[2026-01-04T12:45:27.161+0000] {logging_mixin.py:190} INFO - [2026-01-04T12:45:27.160+0000] {dagbag.py:588} INFO - Filling up the DagBag from /workspaces/f1_data_team/venv/lib/python3.12/site-packages/airflow/example_dags/example_skip_dag.py
[2026-01-04T12:45:27.167+0000] {processor.py:925} INFO - DAG(s) 'example_skip_dag' retrieved from /workspaces/f1_data_team/venv/lib/python3.12/site-packages/airflow/example_dags/example_skip_dag.py
[2026-01-04T12:45:27.180+0000] {logging_mixin.py:190} INFO - [2026-01-04T12:45:27.180+0000] {dag.py:3239} INFO - Sync 1 DAGs
[2026-01-04T12:45:27.195+0000] {logging_mixin.py:190} INFO - [2026-01-04T12:45:27.195+0000] {dag.py:4180} INFO - Setting next_dagrun for example_skip_dag to 2026-01-03 00:00:00+00:00, run_after=2026-01-04 00:00:00+00:00
[2026-01-04T12:45:27.210+0000] {processor.py:208} INFO - Processing /workspaces/f1_data_team/venv/lib/python3.12/site-packages/airflow/example_dags/example_skip_dag.py took 0.057 seconds
[2026-01-04T12:46:22.520+0000] {processor.py:186} INFO - Started process (PID=39946) to work on /workspaces/f1_data_team/venv/lib/python3.12/site-packages/airflow/example_dags/example_skip_dag.py
[2026-01-04T12:46:22.521+0000] {processor.py:914} INFO - Processing file /workspaces/f1_data_team/venv/lib/python3.12/site-packages/airflow/example_dags/example_skip_dag.py for tasks to queue
[2026-01-04T12:46:22.523+0000] {logging_mixin.py:190} INFO - [2026-01-04T12:46:22.522+0000] {dagbag.py:588} INFO - Filling up the DagBag from /workspaces/f1_data_team/venv/lib/python3.12/site-packages/airflow/example_dags/example_skip_dag.py
[2026-01-04T12:46:22.531+0000] {processor.py:925} INFO - DAG(s) 'example_skip_dag' retrieved from /workspaces/f1_data_team/venv/lib/python3.12/site-packages/airflow/example_dags/example_skip_dag.py
[2026-01-04T12:46:22.545+0000] {logging_mixin.py:190} INFO - [2026-01-04T12:46:22.545+0000] {dag.py:3239} INFO - Sync 1 DAGs
[2026-01-04T12:46:22.562+0000] {logging_mixin.py:190} INFO - [2026-01-04T12:46:22.561+0000] {dag.py:4180} INFO - Setting next_dagrun for example_skip_dag to 2026-01-03 00:00:00+00:00, run_after=2026-01-04 00:00:00+00:00
[2026-01-04T12:46:22.578+0000] {processor.py:208} INFO - Processing /workspaces/f1_data_team/venv/lib/python3.12/site-packages/airflow/example_dags/example_skip_dag.py took 0.064 seconds
[2026-01-04T12:47:14.605+0000] {processor.py:186} INFO - Started process (PID=40374) to work on /workspaces/f1_data_team/venv/lib/python3.12/site-packages/airflow/example_dags/example_skip_dag.py
[2026-01-04T12:47:14.605+0000] {processor.py:914} INFO - Processing file /workspaces/f1_data_team/venv/lib/python3.12/site-packages/airflow/example_dags/example_skip_dag.py for tasks to queue
[2026-01-04T12:47:14.607+0000] {logging_mixin.py:190} INFO - [2026-01-04T12:47:14.607+0000] {dagbag.py:588} INFO - Filling up the DagBag from /workspaces/f1_data_team/venv/lib/python3.12/site-packages/airflow/example_dags/example_skip_dag.py
[2026-01-04T12:47:14.613+0000] {processor.py:925} INFO - DAG(s) 'example_skip_dag' retrieved from /workspaces/f1_data_team/venv/lib/python3.12/site-packages/airflow/example_dags/example_skip_dag.py
[2026-01-04T12:47:14.626+0000] {logging_mixin.py:190} INFO - [2026-01-04T12:47:14.626+0000] {dag.py:3239} INFO - Sync 1 DAGs
[2026-01-04T12:47:14.641+0000] {logging_mixin.py:190} INFO - [2026-01-04T12:47:14.641+0000] {dag.py:4180} INFO - Setting next_dagrun for example_skip_dag to 2026-01-03 00:00:00+00:00, run_after=2026-01-04 00:00:00+00:00
[2026-01-04T12:47:14.655+0000] {processor.py:208} INFO - Processing /workspaces/f1_data_team/venv/lib/python3.12/site-packages/airflow/example_dags/example_skip_dag.py took 0.056 seconds
[2026-01-04T12:48:04.141+0000] {processor.py:186} INFO - Started process (PID=40881) to work on /workspaces/f1_data_team/venv/lib/python3.12/site-packages/airflow/example_dags/example_skip_dag.py
[2026-01-04T12:48:04.142+0000] {processor.py:914} INFO - Processing file /workspaces/f1_data_team/venv/lib/python3.12/site-packages/airflow/example_dags/example_skip_dag.py for tasks to queue
[2026-01-04T12:48:04.144+0000] {logging_mixin.py:190} INFO - [2026-01-04T12:48:04.144+0000] {dagbag.py:588} INFO - Filling up the DagBag from /workspaces/f1_data_team/venv/lib/python3.12/site-packages/airflow/example_dags/example_skip_dag.py
[2026-01-04T12:48:04.150+0000] {processor.py:925} INFO - DAG(s) 'example_skip_dag' retrieved from /workspaces/f1_data_team/venv/lib/python3.12/site-packages/airflow/example_dags/example_skip_dag.py
[2026-01-04T12:48:04.164+0000] {logging_mixin.py:190} INFO - [2026-01-04T12:48:04.163+0000] {dag.py:3239} INFO - Sync 1 DAGs
[2026-01-04T12:48:04.178+0000] {logging_mixin.py:190} INFO - [2026-01-04T12:48:04.178+0000] {dag.py:4180} INFO - Setting next_dagrun for example_skip_dag to 2026-01-03 00:00:00+00:00, run_after=2026-01-04 00:00:00+00:00
[2026-01-04T12:48:04.193+0000] {processor.py:208} INFO - Processing /workspaces/f1_data_team/venv/lib/python3.12/site-packages/airflow/example_dags/example_skip_dag.py took 0.057 seconds
[2026-01-04T12:48:57.059+0000] {processor.py:186} INFO - Started process (PID=41873) to work on /workspaces/f1_data_team/venv/lib/python3.12/site-packages/airflow/example_dags/example_skip_dag.py
[2026-01-04T12:48:57.060+0000] {processor.py:914} INFO - Processing file /workspaces/f1_data_team/venv/lib/python3.12/site-packages/airflow/example_dags/example_skip_dag.py for tasks to queue
[2026-01-04T12:48:57.062+0000] {logging_mixin.py:190} INFO - [2026-01-04T12:48:57.061+0000] {dagbag.py:588} INFO - Filling up the DagBag from /workspaces/f1_data_team/venv/lib/python3.12/site-packages/airflow/example_dags/example_skip_dag.py
[2026-01-04T12:48:57.070+0000] {processor.py:925} INFO - DAG(s) 'example_skip_dag' retrieved from /workspaces/f1_data_team/venv/lib/python3.12/site-packages/airflow/example_dags/example_skip_dag.py
[2026-01-04T12:48:57.090+0000] {logging_mixin.py:190} INFO - [2026-01-04T12:48:57.089+0000] {dag.py:3239} INFO - Sync 1 DAGs
[2026-01-04T12:48:57.114+0000] {logging_mixin.py:190} INFO - [2026-01-04T12:48:57.114+0000] {dag.py:4180} INFO - Setting next_dagrun for example_skip_dag to 2026-01-03 00:00:00+00:00, run_after=2026-01-04 00:00:00+00:00
[2026-01-04T12:48:57.129+0000] {processor.py:208} INFO - Processing /workspaces/f1_data_team/venv/lib/python3.12/site-packages/airflow/example_dags/example_skip_dag.py took 0.074 seconds
[2026-01-04T12:49:53.353+0000] {processor.py:186} INFO - Started process (PID=42561) to work on /workspaces/f1_data_team/venv/lib/python3.12/site-packages/airflow/example_dags/example_skip_dag.py
[2026-01-04T12:49:53.354+0000] {processor.py:914} INFO - Processing file /workspaces/f1_data_team/venv/lib/python3.12/site-packages/airflow/example_dags/example_skip_dag.py for tasks to queue
[2026-01-04T12:49:53.356+0000] {logging_mixin.py:190} INFO - [2026-01-04T12:49:53.355+0000] {dagbag.py:588} INFO - Filling up the DagBag from /workspaces/f1_data_team/venv/lib/python3.12/site-packages/airflow/example_dags/example_skip_dag.py
[2026-01-04T12:49:53.362+0000] {processor.py:925} INFO - DAG(s) 'example_skip_dag' retrieved from /workspaces/f1_data_team/venv/lib/python3.12/site-packages/airflow/example_dags/example_skip_dag.py
[2026-01-04T12:49:53.376+0000] {logging_mixin.py:190} INFO - [2026-01-04T12:49:53.375+0000] {dag.py:3239} INFO - Sync 1 DAGs
[2026-01-04T12:49:53.390+0000] {logging_mixin.py:190} INFO - [2026-01-04T12:49:53.390+0000] {dag.py:4180} INFO - Setting next_dagrun for example_skip_dag to 2026-01-03 00:00:00+00:00, run_after=2026-01-04 00:00:00+00:00
[2026-01-04T12:49:53.405+0000] {processor.py:208} INFO - Processing /workspaces/f1_data_team/venv/lib/python3.12/site-packages/airflow/example_dags/example_skip_dag.py took 0.056 seconds
[2026-01-04T12:50:46.614+0000] {processor.py:186} INFO - Started process (PID=43089) to work on /workspaces/f1_data_team/venv/lib/python3.12/site-packages/airflow/example_dags/example_skip_dag.py
[2026-01-04T12:50:46.615+0000] {processor.py:914} INFO - Processing file /workspaces/f1_data_team/venv/lib/python3.12/site-packages/airflow/example_dags/example_skip_dag.py for tasks to queue
[2026-01-04T12:50:46.617+0000] {logging_mixin.py:190} INFO - [2026-01-04T12:50:46.617+0000] {dagbag.py:588} INFO - Filling up the DagBag from /workspaces/f1_data_team/venv/lib/python3.12/site-packages/airflow/example_dags/example_skip_dag.py
[2026-01-04T12:50:46.623+0000] {processor.py:925} INFO - DAG(s) 'example_skip_dag' retrieved from /workspaces/f1_data_team/venv/lib/python3.12/site-packages/airflow/example_dags/example_skip_dag.py
[2026-01-04T12:50:46.637+0000] {logging_mixin.py:190} INFO - [2026-01-04T12:50:46.636+0000] {dag.py:3239} INFO - Sync 1 DAGs
[2026-01-04T12:50:46.652+0000] {logging_mixin.py:190} INFO - [2026-01-04T12:50:46.652+0000] {dag.py:4180} INFO - Setting next_dagrun for example_skip_dag to 2026-01-03 00:00:00+00:00, run_after=2026-01-04 00:00:00+00:00
[2026-01-04T12:50:46.667+0000] {processor.py:208} INFO - Processing /workspaces/f1_data_team/venv/lib/python3.12/site-packages/airflow/example_dags/example_skip_dag.py took 0.057 seconds
[2026-01-04T12:51:23.749+0000] {processor.py:186} INFO - Started process (PID=43750) to work on /workspaces/f1_data_team/venv/lib/python3.12/site-packages/airflow/example_dags/example_skip_dag.py
[2026-01-04T12:51:23.749+0000] {processor.py:914} INFO - Processing file /workspaces/f1_data_team/venv/lib/python3.12/site-packages/airflow/example_dags/example_skip_dag.py for tasks to queue
[2026-01-04T12:51:23.752+0000] {logging_mixin.py:190} INFO - [2026-01-04T12:51:23.751+0000] {dagbag.py:588} INFO - Filling up the DagBag from /workspaces/f1_data_team/venv/lib/python3.12/site-packages/airflow/example_dags/example_skip_dag.py
[2026-01-04T12:51:23.760+0000] {processor.py:925} INFO - DAG(s) 'example_skip_dag' retrieved from /workspaces/f1_data_team/venv/lib/python3.12/site-packages/airflow/example_dags/example_skip_dag.py
[2026-01-04T12:51:23.774+0000] {logging_mixin.py:190} INFO - [2026-01-04T12:51:23.774+0000] {dag.py:3239} INFO - Sync 1 DAGs
[2026-01-04T12:51:23.789+0000] {logging_mixin.py:190} INFO - [2026-01-04T12:51:23.789+0000] {dag.py:4180} INFO - Setting next_dagrun for example_skip_dag to 2026-01-03 00:00:00+00:00, run_after=2026-01-04 00:00:00+00:00
[2026-01-04T12:51:23.803+0000] {processor.py:208} INFO - Processing /workspaces/f1_data_team/venv/lib/python3.12/site-packages/airflow/example_dags/example_skip_dag.py took 0.059 seconds
[2026-01-04T12:52:28.408+0000] {processor.py:186} INFO - Started process (PID=44958) to work on /workspaces/f1_data_team/venv/lib/python3.12/site-packages/airflow/example_dags/example_skip_dag.py
[2026-01-04T12:52:28.409+0000] {processor.py:914} INFO - Processing file /workspaces/f1_data_team/venv/lib/python3.12/site-packages/airflow/example_dags/example_skip_dag.py for tasks to queue
[2026-01-04T12:52:28.412+0000] {logging_mixin.py:190} INFO - [2026-01-04T12:52:28.412+0000] {dagbag.py:588} INFO - Filling up the DagBag from /workspaces/f1_data_team/venv/lib/python3.12/site-packages/airflow/example_dags/example_skip_dag.py
[2026-01-04T12:52:28.420+0000] {processor.py:925} INFO - DAG(s) 'example_skip_dag' retrieved from /workspaces/f1_data_team/venv/lib/python3.12/site-packages/airflow/example_dags/example_skip_dag.py
[2026-01-04T12:52:28.434+0000] {logging_mixin.py:190} INFO - [2026-01-04T12:52:28.434+0000] {dag.py:3239} INFO - Sync 1 DAGs
[2026-01-04T12:52:28.449+0000] {logging_mixin.py:190} INFO - [2026-01-04T12:52:28.449+0000] {dag.py:4180} INFO - Setting next_dagrun for example_skip_dag to 2026-01-03 00:00:00+00:00, run_after=2026-01-04 00:00:00+00:00
[2026-01-04T12:52:28.464+0000] {processor.py:208} INFO - Processing /workspaces/f1_data_team/venv/lib/python3.12/site-packages/airflow/example_dags/example_skip_dag.py took 0.060 seconds
[2026-01-04T12:53:25.042+0000] {processor.py:186} INFO - Started process (PID=45775) to work on /workspaces/f1_data_team/venv/lib/python3.12/site-packages/airflow/example_dags/example_skip_dag.py
[2026-01-04T12:53:25.043+0000] {processor.py:914} INFO - Processing file /workspaces/f1_data_team/venv/lib/python3.12/site-packages/airflow/example_dags/example_skip_dag.py for tasks to queue
[2026-01-04T12:53:25.045+0000] {logging_mixin.py:190} INFO - [2026-01-04T12:53:25.045+0000] {dagbag.py:588} INFO - Filling up the DagBag from /workspaces/f1_data_team/venv/lib/python3.12/site-packages/airflow/example_dags/example_skip_dag.py
[2026-01-04T12:53:25.053+0000] {processor.py:925} INFO - DAG(s) 'example_skip_dag' retrieved from /workspaces/f1_data_team/venv/lib/python3.12/site-packages/airflow/example_dags/example_skip_dag.py
[2026-01-04T12:53:25.073+0000] {logging_mixin.py:190} INFO - [2026-01-04T12:53:25.072+0000] {dag.py:3239} INFO - Sync 1 DAGs
[2026-01-04T12:53:25.088+0000] {logging_mixin.py:190} INFO - [2026-01-04T12:53:25.088+0000] {dag.py:4180} INFO - Setting next_dagrun for example_skip_dag to 2026-01-03 00:00:00+00:00, run_after=2026-01-04 00:00:00+00:00
[2026-01-04T12:53:25.103+0000] {processor.py:208} INFO - Processing /workspaces/f1_data_team/venv/lib/python3.12/site-packages/airflow/example_dags/example_skip_dag.py took 0.065 seconds
[2026-01-04T12:54:19.411+0000] {processor.py:186} INFO - Started process (PID=46456) to work on /workspaces/f1_data_team/venv/lib/python3.12/site-packages/airflow/example_dags/example_skip_dag.py
[2026-01-04T12:54:19.412+0000] {processor.py:914} INFO - Processing file /workspaces/f1_data_team/venv/lib/python3.12/site-packages/airflow/example_dags/example_skip_dag.py for tasks to queue
[2026-01-04T12:54:19.414+0000] {logging_mixin.py:190} INFO - [2026-01-04T12:54:19.414+0000] {dagbag.py:588} INFO - Filling up the DagBag from /workspaces/f1_data_team/venv/lib/python3.12/site-packages/airflow/example_dags/example_skip_dag.py
[2026-01-04T12:54:19.421+0000] {processor.py:925} INFO - DAG(s) 'example_skip_dag' retrieved from /workspaces/f1_data_team/venv/lib/python3.12/site-packages/airflow/example_dags/example_skip_dag.py
[2026-01-04T12:54:19.434+0000] {logging_mixin.py:190} INFO - [2026-01-04T12:54:19.433+0000] {dag.py:3239} INFO - Sync 1 DAGs
[2026-01-04T12:54:19.448+0000] {logging_mixin.py:190} INFO - [2026-01-04T12:54:19.448+0000] {dag.py:4180} INFO - Setting next_dagrun for example_skip_dag to 2026-01-03 00:00:00+00:00, run_after=2026-01-04 00:00:00+00:00
[2026-01-04T12:54:19.463+0000] {processor.py:208} INFO - Processing /workspaces/f1_data_team/venv/lib/python3.12/site-packages/airflow/example_dags/example_skip_dag.py took 0.056 seconds
[2026-01-04T12:55:25.427+0000] {processor.py:186} INFO - Started process (PID=47657) to work on /workspaces/f1_data_team/venv/lib/python3.12/site-packages/airflow/example_dags/example_skip_dag.py
[2026-01-04T12:55:25.428+0000] {processor.py:914} INFO - Processing file /workspaces/f1_data_team/venv/lib/python3.12/site-packages/airflow/example_dags/example_skip_dag.py for tasks to queue
[2026-01-04T12:55:25.430+0000] {logging_mixin.py:190} INFO - [2026-01-04T12:55:25.430+0000] {dagbag.py:588} INFO - Filling up the DagBag from /workspaces/f1_data_team/venv/lib/python3.12/site-packages/airflow/example_dags/example_skip_dag.py
[2026-01-04T12:55:25.436+0000] {processor.py:925} INFO - DAG(s) 'example_skip_dag' retrieved from /workspaces/f1_data_team/venv/lib/python3.12/site-packages/airflow/example_dags/example_skip_dag.py
[2026-01-04T12:55:25.450+0000] {logging_mixin.py:190} INFO - [2026-01-04T12:55:25.449+0000] {dag.py:3239} INFO - Sync 1 DAGs
[2026-01-04T12:55:25.465+0000] {logging_mixin.py:190} INFO - [2026-01-04T12:55:25.464+0000] {dag.py:4180} INFO - Setting next_dagrun for example_skip_dag to 2026-01-03 00:00:00+00:00, run_after=2026-01-04 00:00:00+00:00
[2026-01-04T12:55:25.479+0000] {processor.py:208} INFO - Processing /workspaces/f1_data_team/venv/lib/python3.12/site-packages/airflow/example_dags/example_skip_dag.py took 0.057 seconds
[2026-01-04T12:56:21.852+0000] {processor.py:186} INFO - Started process (PID=48213) to work on /workspaces/f1_data_team/venv/lib/python3.12/site-packages/airflow/example_dags/example_skip_dag.py
[2026-01-04T12:56:21.853+0000] {processor.py:914} INFO - Processing file /workspaces/f1_data_team/venv/lib/python3.12/site-packages/airflow/example_dags/example_skip_dag.py for tasks to queue
[2026-01-04T12:56:21.855+0000] {logging_mixin.py:190} INFO - [2026-01-04T12:56:21.855+0000] {dagbag.py:588} INFO - Filling up the DagBag from /workspaces/f1_data_team/venv/lib/python3.12/site-packages/airflow/example_dags/example_skip_dag.py
[2026-01-04T12:56:21.861+0000] {processor.py:925} INFO - DAG(s) 'example_skip_dag' retrieved from /workspaces/f1_data_team/venv/lib/python3.12/site-packages/airflow/example_dags/example_skip_dag.py
[2026-01-04T12:56:21.875+0000] {logging_mixin.py:190} INFO - [2026-01-04T12:56:21.875+0000] {dag.py:3239} INFO - Sync 1 DAGs
[2026-01-04T12:56:21.890+0000] {logging_mixin.py:190} INFO - [2026-01-04T12:56:21.890+0000] {dag.py:4180} INFO - Setting next_dagrun for example_skip_dag to 2026-01-03 00:00:00+00:00, run_after=2026-01-04 00:00:00+00:00
[2026-01-04T12:56:21.905+0000] {processor.py:208} INFO - Processing /workspaces/f1_data_team/venv/lib/python3.12/site-packages/airflow/example_dags/example_skip_dag.py took 0.058 seconds
[2026-01-04T12:57:13.264+0000] {processor.py:186} INFO - Started process (PID=48684) to work on /workspaces/f1_data_team/venv/lib/python3.12/site-packages/airflow/example_dags/example_skip_dag.py
[2026-01-04T12:57:13.265+0000] {processor.py:914} INFO - Processing file /workspaces/f1_data_team/venv/lib/python3.12/site-packages/airflow/example_dags/example_skip_dag.py for tasks to queue
[2026-01-04T12:57:13.267+0000] {logging_mixin.py:190} INFO - [2026-01-04T12:57:13.267+0000] {dagbag.py:588} INFO - Filling up the DagBag from /workspaces/f1_data_team/venv/lib/python3.12/site-packages/airflow/example_dags/example_skip_dag.py
[2026-01-04T12:57:13.274+0000] {processor.py:925} INFO - DAG(s) 'example_skip_dag' retrieved from /workspaces/f1_data_team/venv/lib/python3.12/site-packages/airflow/example_dags/example_skip_dag.py
[2026-01-04T12:57:13.287+0000] {logging_mixin.py:190} INFO - [2026-01-04T12:57:13.287+0000] {dag.py:3239} INFO - Sync 1 DAGs
[2026-01-04T12:57:13.303+0000] {logging_mixin.py:190} INFO - [2026-01-04T12:57:13.303+0000] {dag.py:4180} INFO - Setting next_dagrun for example_skip_dag to 2026-01-03 00:00:00+00:00, run_after=2026-01-04 00:00:00+00:00
[2026-01-04T12:57:13.317+0000] {processor.py:208} INFO - Processing /workspaces/f1_data_team/venv/lib/python3.12/site-packages/airflow/example_dags/example_skip_dag.py took 0.058 seconds
[2026-01-04T12:58:03.488+0000] {processor.py:186} INFO - Started process (PID=49122) to work on /workspaces/f1_data_team/venv/lib/python3.12/site-packages/airflow/example_dags/example_skip_dag.py
[2026-01-04T12:58:03.489+0000] {processor.py:914} INFO - Processing file /workspaces/f1_data_team/venv/lib/python3.12/site-packages/airflow/example_dags/example_skip_dag.py for tasks to queue
[2026-01-04T12:58:03.492+0000] {logging_mixin.py:190} INFO - [2026-01-04T12:58:03.491+0000] {dagbag.py:588} INFO - Filling up the DagBag from /workspaces/f1_data_team/venv/lib/python3.12/site-packages/airflow/example_dags/example_skip_dag.py
[2026-01-04T12:58:03.499+0000] {processor.py:925} INFO - DAG(s) 'example_skip_dag' retrieved from /workspaces/f1_data_team/venv/lib/python3.12/site-packages/airflow/example_dags/example_skip_dag.py
[2026-01-04T12:58:03.513+0000] {logging_mixin.py:190} INFO - [2026-01-04T12:58:03.513+0000] {dag.py:3239} INFO - Sync 1 DAGs
[2026-01-04T12:58:03.530+0000] {logging_mixin.py:190} INFO - [2026-01-04T12:58:03.530+0000] {dag.py:4180} INFO - Setting next_dagrun for example_skip_dag to 2026-01-03 00:00:00+00:00, run_after=2026-01-04 00:00:00+00:00
[2026-01-04T12:58:03.546+0000] {processor.py:208} INFO - Processing /workspaces/f1_data_team/venv/lib/python3.12/site-packages/airflow/example_dags/example_skip_dag.py took 0.064 seconds
[2026-01-04T12:58:58.313+0000] {processor.py:186} INFO - Started process (PID=49664) to work on /workspaces/f1_data_team/venv/lib/python3.12/site-packages/airflow/example_dags/example_skip_dag.py
[2026-01-04T12:58:58.314+0000] {processor.py:914} INFO - Processing file /workspaces/f1_data_team/venv/lib/python3.12/site-packages/airflow/example_dags/example_skip_dag.py for tasks to queue
[2026-01-04T12:58:58.316+0000] {logging_mixin.py:190} INFO - [2026-01-04T12:58:58.316+0000] {dagbag.py:588} INFO - Filling up the DagBag from /workspaces/f1_data_team/venv/lib/python3.12/site-packages/airflow/example_dags/example_skip_dag.py
[2026-01-04T12:58:58.327+0000] {processor.py:925} INFO - DAG(s) 'example_skip_dag' retrieved from /workspaces/f1_data_team/venv/lib/python3.12/site-packages/airflow/example_dags/example_skip_dag.py
[2026-01-04T12:58:58.347+0000] {logging_mixin.py:190} INFO - [2026-01-04T12:58:58.346+0000] {dag.py:3239} INFO - Sync 1 DAGs
[2026-01-04T12:58:58.369+0000] {logging_mixin.py:190} INFO - [2026-01-04T12:58:58.369+0000] {dag.py:4180} INFO - Setting next_dagrun for example_skip_dag to 2026-01-03 00:00:00+00:00, run_after=2026-01-04 00:00:00+00:00
[2026-01-04T12:58:58.390+0000] {processor.py:208} INFO - Processing /workspaces/f1_data_team/venv/lib/python3.12/site-packages/airflow/example_dags/example_skip_dag.py took 0.083 seconds
[2026-01-04T12:59:52.614+0000] {processor.py:186} INFO - Started process (PID=50207) to work on /workspaces/f1_data_team/venv/lib/python3.12/site-packages/airflow/example_dags/example_skip_dag.py
[2026-01-04T12:59:52.615+0000] {processor.py:914} INFO - Processing file /workspaces/f1_data_team/venv/lib/python3.12/site-packages/airflow/example_dags/example_skip_dag.py for tasks to queue
[2026-01-04T12:59:52.617+0000] {logging_mixin.py:190} INFO - [2026-01-04T12:59:52.617+0000] {dagbag.py:588} INFO - Filling up the DagBag from /workspaces/f1_data_team/venv/lib/python3.12/site-packages/airflow/example_dags/example_skip_dag.py
[2026-01-04T12:59:52.624+0000] {processor.py:925} INFO - DAG(s) 'example_skip_dag' retrieved from /workspaces/f1_data_team/venv/lib/python3.12/site-packages/airflow/example_dags/example_skip_dag.py
[2026-01-04T12:59:52.637+0000] {logging_mixin.py:190} INFO - [2026-01-04T12:59:52.637+0000] {dag.py:3239} INFO - Sync 1 DAGs
[2026-01-04T12:59:52.654+0000] {logging_mixin.py:190} INFO - [2026-01-04T12:59:52.654+0000] {dag.py:4180} INFO - Setting next_dagrun for example_skip_dag to 2026-01-03 00:00:00+00:00, run_after=2026-01-04 00:00:00+00:00
[2026-01-04T12:59:52.669+0000] {processor.py:208} INFO - Processing /workspaces/f1_data_team/venv/lib/python3.12/site-packages/airflow/example_dags/example_skip_dag.py took 0.059 seconds
[2026-01-04T13:00:48.136+0000] {processor.py:186} INFO - Started process (PID=50832) to work on /workspaces/f1_data_team/venv/lib/python3.12/site-packages/airflow/example_dags/example_skip_dag.py
[2026-01-04T13:00:48.137+0000] {processor.py:914} INFO - Processing file /workspaces/f1_data_team/venv/lib/python3.12/site-packages/airflow/example_dags/example_skip_dag.py for tasks to queue
[2026-01-04T13:00:48.139+0000] {logging_mixin.py:190} INFO - [2026-01-04T13:00:48.139+0000] {dagbag.py:588} INFO - Filling up the DagBag from /workspaces/f1_data_team/venv/lib/python3.12/site-packages/airflow/example_dags/example_skip_dag.py
[2026-01-04T13:00:48.146+0000] {processor.py:925} INFO - DAG(s) 'example_skip_dag' retrieved from /workspaces/f1_data_team/venv/lib/python3.12/site-packages/airflow/example_dags/example_skip_dag.py
[2026-01-04T13:00:48.158+0000] {logging_mixin.py:190} INFO - [2026-01-04T13:00:48.158+0000] {dag.py:3239} INFO - Sync 1 DAGs
[2026-01-04T13:00:48.173+0000] {logging_mixin.py:190} INFO - [2026-01-04T13:00:48.173+0000] {dag.py:4180} INFO - Setting next_dagrun for example_skip_dag to 2026-01-03 00:00:00+00:00, run_after=2026-01-04 00:00:00+00:00
[2026-01-04T13:00:48.188+0000] {processor.py:208} INFO - Processing /workspaces/f1_data_team/venv/lib/python3.12/site-packages/airflow/example_dags/example_skip_dag.py took 0.057 seconds
[2026-01-04T13:01:35.526+0000] {processor.py:186} INFO - Started process (PID=51485) to work on /workspaces/f1_data_team/venv/lib/python3.12/site-packages/airflow/example_dags/example_skip_dag.py
[2026-01-04T13:01:35.527+0000] {processor.py:914} INFO - Processing file /workspaces/f1_data_team/venv/lib/python3.12/site-packages/airflow/example_dags/example_skip_dag.py for tasks to queue
[2026-01-04T13:01:35.530+0000] {logging_mixin.py:190} INFO - [2026-01-04T13:01:35.529+0000] {dagbag.py:588} INFO - Filling up the DagBag from /workspaces/f1_data_team/venv/lib/python3.12/site-packages/airflow/example_dags/example_skip_dag.py
[2026-01-04T13:01:35.537+0000] {processor.py:925} INFO - DAG(s) 'example_skip_dag' retrieved from /workspaces/f1_data_team/venv/lib/python3.12/site-packages/airflow/example_dags/example_skip_dag.py
[2026-01-04T13:01:35.552+0000] {logging_mixin.py:190} INFO - [2026-01-04T13:01:35.551+0000] {dag.py:3239} INFO - Sync 1 DAGs
[2026-01-04T13:01:35.570+0000] {logging_mixin.py:190} INFO - [2026-01-04T13:01:35.570+0000] {dag.py:4180} INFO - Setting next_dagrun for example_skip_dag to 2026-01-03 00:00:00+00:00, run_after=2026-01-04 00:00:00+00:00
[2026-01-04T13:01:35.586+0000] {processor.py:208} INFO - Processing /workspaces/f1_data_team/venv/lib/python3.12/site-packages/airflow/example_dags/example_skip_dag.py took 0.064 seconds
