[2026-01-04T12:27:20.926+0000] {processor.py:186} INFO - Started process (PID=24815) to work on /workspaces/f1_data_team/venv/lib/python3.12/site-packages/airflow/example_dags/example_external_task_marker_dag.py
[2026-01-04T12:27:20.927+0000] {processor.py:914} INFO - Processing file /workspaces/f1_data_team/venv/lib/python3.12/site-packages/airflow/example_dags/example_external_task_marker_dag.py for tasks to queue
[2026-01-04T12:27:20.929+0000] {logging_mixin.py:190} INFO - [2026-01-04T12:27:20.929+0000] {dagbag.py:588} INFO - Filling up the DagBag from /workspaces/f1_data_team/venv/lib/python3.12/site-packages/airflow/example_dags/example_external_task_marker_dag.py
[2026-01-04T12:27:20.935+0000] {processor.py:925} INFO - DAG(s) 'example_external_task_marker_parent', 'example_external_task_marker_child' retrieved from /workspaces/f1_data_team/venv/lib/python3.12/site-packages/airflow/example_dags/example_external_task_marker_dag.py
[2026-01-04T12:27:21.009+0000] {logging_mixin.py:190} INFO - [2026-01-04T12:27:21.008+0000] {override.py:1911} INFO - Created Permission View: can read on DAG:example_external_task_marker_parent
[2026-01-04T12:27:21.017+0000] {logging_mixin.py:190} INFO - [2026-01-04T12:27:21.016+0000] {override.py:1911} INFO - Created Permission View: can edit on DAG:example_external_task_marker_parent
[2026-01-04T12:27:21.022+0000] {logging_mixin.py:190} INFO - [2026-01-04T12:27:21.022+0000] {override.py:1911} INFO - Created Permission View: can delete on DAG:example_external_task_marker_parent
[2026-01-04T12:27:21.030+0000] {logging_mixin.py:190} INFO - [2026-01-04T12:27:21.030+0000] {override.py:1911} INFO - Created Permission View: can read on DAG Run:example_external_task_marker_parent
[2026-01-04T12:27:21.035+0000] {logging_mixin.py:190} INFO - [2026-01-04T12:27:21.035+0000] {override.py:1911} INFO - Created Permission View: menu access on DAG Run:example_external_task_marker_parent
[2026-01-04T12:27:21.040+0000] {logging_mixin.py:190} INFO - [2026-01-04T12:27:21.040+0000] {override.py:1911} INFO - Created Permission View: can create on DAG Run:example_external_task_marker_parent
[2026-01-04T12:27:21.045+0000] {logging_mixin.py:190} INFO - [2026-01-04T12:27:21.045+0000] {override.py:1911} INFO - Created Permission View: can delete on DAG Run:example_external_task_marker_parent
[2026-01-04T12:27:21.058+0000] {logging_mixin.py:190} INFO - [2026-01-04T12:27:21.057+0000] {override.py:1911} INFO - Created Permission View: can read on DAG:example_external_task_marker_child
[2026-01-04T12:27:21.063+0000] {logging_mixin.py:190} INFO - [2026-01-04T12:27:21.062+0000] {override.py:1911} INFO - Created Permission View: can edit on DAG:example_external_task_marker_child
[2026-01-04T12:27:21.068+0000] {logging_mixin.py:190} INFO - [2026-01-04T12:27:21.068+0000] {override.py:1911} INFO - Created Permission View: can delete on DAG:example_external_task_marker_child
[2026-01-04T12:27:21.076+0000] {logging_mixin.py:190} INFO - [2026-01-04T12:27:21.075+0000] {override.py:1911} INFO - Created Permission View: can read on DAG Run:example_external_task_marker_child
[2026-01-04T12:27:21.082+0000] {logging_mixin.py:190} INFO - [2026-01-04T12:27:21.082+0000] {override.py:1911} INFO - Created Permission View: menu access on DAG Run:example_external_task_marker_child
[2026-01-04T12:27:21.087+0000] {logging_mixin.py:190} INFO - [2026-01-04T12:27:21.087+0000] {override.py:1911} INFO - Created Permission View: can create on DAG Run:example_external_task_marker_child
[2026-01-04T12:27:21.092+0000] {logging_mixin.py:190} INFO - [2026-01-04T12:27:21.092+0000] {override.py:1911} INFO - Created Permission View: can delete on DAG Run:example_external_task_marker_child
[2026-01-04T12:27:21.092+0000] {logging_mixin.py:190} INFO - [2026-01-04T12:27:21.092+0000] {dag.py:3239} INFO - Sync 2 DAGs
[2026-01-04T12:27:21.103+0000] {logging_mixin.py:190} INFO - [2026-01-04T12:27:21.103+0000] {dag.py:3262} INFO - Creating ORM DAG for example_external_task_marker_child
[2026-01-04T12:27:21.103+0000] {logging_mixin.py:190} INFO - [2026-01-04T12:27:21.103+0000] {dag.py:3262} INFO - Creating ORM DAG for example_external_task_marker_parent
[2026-01-04T12:27:21.104+0000] {logging_mixin.py:190} INFO - [2026-01-04T12:27:21.104+0000] {dag.py:4180} INFO - Setting next_dagrun for example_external_task_marker_child to None, run_after=None
[2026-01-04T12:27:21.104+0000] {logging_mixin.py:190} INFO - [2026-01-04T12:27:21.104+0000] {dag.py:4180} INFO - Setting next_dagrun for example_external_task_marker_parent to None, run_after=None
[2026-01-04T12:27:21.119+0000] {processor.py:208} INFO - Processing /workspaces/f1_data_team/venv/lib/python3.12/site-packages/airflow/example_dags/example_external_task_marker_dag.py took 0.197 seconds
[2026-01-04T12:28:19.177+0000] {processor.py:186} INFO - Started process (PID=25320) to work on /workspaces/f1_data_team/venv/lib/python3.12/site-packages/airflow/example_dags/example_external_task_marker_dag.py
[2026-01-04T12:28:19.178+0000] {processor.py:914} INFO - Processing file /workspaces/f1_data_team/venv/lib/python3.12/site-packages/airflow/example_dags/example_external_task_marker_dag.py for tasks to queue
[2026-01-04T12:28:19.180+0000] {logging_mixin.py:190} INFO - [2026-01-04T12:28:19.180+0000] {dagbag.py:588} INFO - Filling up the DagBag from /workspaces/f1_data_team/venv/lib/python3.12/site-packages/airflow/example_dags/example_external_task_marker_dag.py
[2026-01-04T12:28:19.186+0000] {processor.py:925} INFO - DAG(s) 'example_external_task_marker_child', 'example_external_task_marker_parent' retrieved from /workspaces/f1_data_team/venv/lib/python3.12/site-packages/airflow/example_dags/example_external_task_marker_dag.py
[2026-01-04T12:28:19.200+0000] {logging_mixin.py:190} INFO - [2026-01-04T12:28:19.199+0000] {dag.py:3239} INFO - Sync 2 DAGs
[2026-01-04T12:28:19.209+0000] {logging_mixin.py:190} INFO - [2026-01-04T12:28:19.209+0000] {dag.py:4180} INFO - Setting next_dagrun for example_external_task_marker_child to None, run_after=None
[2026-01-04T12:28:19.212+0000] {logging_mixin.py:190} INFO - [2026-01-04T12:28:19.212+0000] {dag.py:4180} INFO - Setting next_dagrun for example_external_task_marker_parent to None, run_after=None
[2026-01-04T12:28:19.224+0000] {processor.py:208} INFO - Processing /workspaces/f1_data_team/venv/lib/python3.12/site-packages/airflow/example_dags/example_external_task_marker_dag.py took 0.052 seconds
[2026-01-04T12:29:16.441+0000] {processor.py:186} INFO - Started process (PID=26423) to work on /workspaces/f1_data_team/venv/lib/python3.12/site-packages/airflow/example_dags/example_external_task_marker_dag.py
[2026-01-04T12:29:16.442+0000] {processor.py:914} INFO - Processing file /workspaces/f1_data_team/venv/lib/python3.12/site-packages/airflow/example_dags/example_external_task_marker_dag.py for tasks to queue
[2026-01-04T12:29:16.444+0000] {logging_mixin.py:190} INFO - [2026-01-04T12:29:16.444+0000] {dagbag.py:588} INFO - Filling up the DagBag from /workspaces/f1_data_team/venv/lib/python3.12/site-packages/airflow/example_dags/example_external_task_marker_dag.py
[2026-01-04T12:29:16.451+0000] {processor.py:925} INFO - DAG(s) 'example_external_task_marker_parent', 'example_external_task_marker_child' retrieved from /workspaces/f1_data_team/venv/lib/python3.12/site-packages/airflow/example_dags/example_external_task_marker_dag.py
[2026-01-04T12:29:16.466+0000] {logging_mixin.py:190} INFO - [2026-01-04T12:29:16.466+0000] {dag.py:3239} INFO - Sync 2 DAGs
[2026-01-04T12:29:16.476+0000] {logging_mixin.py:190} INFO - [2026-01-04T12:29:16.475+0000] {dag.py:4180} INFO - Setting next_dagrun for example_external_task_marker_child to None, run_after=None
[2026-01-04T12:29:16.478+0000] {logging_mixin.py:190} INFO - [2026-01-04T12:29:16.478+0000] {dag.py:4180} INFO - Setting next_dagrun for example_external_task_marker_parent to None, run_after=None
[2026-01-04T12:29:16.491+0000] {processor.py:208} INFO - Processing /workspaces/f1_data_team/venv/lib/python3.12/site-packages/airflow/example_dags/example_external_task_marker_dag.py took 0.054 seconds
[2026-01-04T12:30:57.437+0000] {processor.py:186} INFO - Started process (PID=27974) to work on /workspaces/f1_data_team/venv/lib/python3.12/site-packages/airflow/example_dags/example_external_task_marker_dag.py
[2026-01-04T12:30:57.438+0000] {processor.py:914} INFO - Processing file /workspaces/f1_data_team/venv/lib/python3.12/site-packages/airflow/example_dags/example_external_task_marker_dag.py for tasks to queue
[2026-01-04T12:30:57.440+0000] {logging_mixin.py:190} INFO - [2026-01-04T12:30:57.440+0000] {dagbag.py:588} INFO - Filling up the DagBag from /workspaces/f1_data_team/venv/lib/python3.12/site-packages/airflow/example_dags/example_external_task_marker_dag.py
[2026-01-04T12:30:57.446+0000] {processor.py:925} INFO - DAG(s) 'example_external_task_marker_child', 'example_external_task_marker_parent' retrieved from /workspaces/f1_data_team/venv/lib/python3.12/site-packages/airflow/example_dags/example_external_task_marker_dag.py
[2026-01-04T12:30:57.459+0000] {logging_mixin.py:190} INFO - [2026-01-04T12:30:57.459+0000] {dag.py:3239} INFO - Sync 2 DAGs
[2026-01-04T12:30:57.469+0000] {logging_mixin.py:190} INFO - [2026-01-04T12:30:57.469+0000] {dag.py:4180} INFO - Setting next_dagrun for example_external_task_marker_child to None, run_after=None
[2026-01-04T12:30:57.471+0000] {logging_mixin.py:190} INFO - [2026-01-04T12:30:57.471+0000] {dag.py:4180} INFO - Setting next_dagrun for example_external_task_marker_parent to None, run_after=None
[2026-01-04T12:30:57.484+0000] {processor.py:208} INFO - Processing /workspaces/f1_data_team/venv/lib/python3.12/site-packages/airflow/example_dags/example_external_task_marker_dag.py took 0.051 seconds
[2026-01-04T12:31:55.706+0000] {processor.py:186} INFO - Started process (PID=28953) to work on /workspaces/f1_data_team/venv/lib/python3.12/site-packages/airflow/example_dags/example_external_task_marker_dag.py
[2026-01-04T12:31:55.707+0000] {processor.py:914} INFO - Processing file /workspaces/f1_data_team/venv/lib/python3.12/site-packages/airflow/example_dags/example_external_task_marker_dag.py for tasks to queue
[2026-01-04T12:31:55.709+0000] {logging_mixin.py:190} INFO - [2026-01-04T12:31:55.708+0000] {dagbag.py:588} INFO - Filling up the DagBag from /workspaces/f1_data_team/venv/lib/python3.12/site-packages/airflow/example_dags/example_external_task_marker_dag.py
[2026-01-04T12:31:55.715+0000] {processor.py:925} INFO - DAG(s) 'example_external_task_marker_child', 'example_external_task_marker_parent' retrieved from /workspaces/f1_data_team/venv/lib/python3.12/site-packages/airflow/example_dags/example_external_task_marker_dag.py
[2026-01-04T12:31:55.728+0000] {logging_mixin.py:190} INFO - [2026-01-04T12:31:55.728+0000] {dag.py:3239} INFO - Sync 2 DAGs
[2026-01-04T12:31:55.737+0000] {logging_mixin.py:190} INFO - [2026-01-04T12:31:55.737+0000] {dag.py:4180} INFO - Setting next_dagrun for example_external_task_marker_child to None, run_after=None
[2026-01-04T12:31:55.740+0000] {logging_mixin.py:190} INFO - [2026-01-04T12:31:55.739+0000] {dag.py:4180} INFO - Setting next_dagrun for example_external_task_marker_parent to None, run_after=None
[2026-01-04T12:31:55.752+0000] {processor.py:208} INFO - Processing /workspaces/f1_data_team/venv/lib/python3.12/site-packages/airflow/example_dags/example_external_task_marker_dag.py took 0.051 seconds
[2026-01-04T12:33:01.947+0000] {processor.py:186} INFO - Started process (PID=30023) to work on /workspaces/f1_data_team/venv/lib/python3.12/site-packages/airflow/example_dags/example_external_task_marker_dag.py
[2026-01-04T12:33:01.947+0000] {processor.py:914} INFO - Processing file /workspaces/f1_data_team/venv/lib/python3.12/site-packages/airflow/example_dags/example_external_task_marker_dag.py for tasks to queue
[2026-01-04T12:33:01.950+0000] {logging_mixin.py:190} INFO - [2026-01-04T12:33:01.949+0000] {dagbag.py:588} INFO - Filling up the DagBag from /workspaces/f1_data_team/venv/lib/python3.12/site-packages/airflow/example_dags/example_external_task_marker_dag.py
[2026-01-04T12:33:01.956+0000] {processor.py:925} INFO - DAG(s) 'example_external_task_marker_child', 'example_external_task_marker_parent' retrieved from /workspaces/f1_data_team/venv/lib/python3.12/site-packages/airflow/example_dags/example_external_task_marker_dag.py
[2026-01-04T12:33:01.970+0000] {logging_mixin.py:190} INFO - [2026-01-04T12:33:01.969+0000] {dag.py:3239} INFO - Sync 2 DAGs
[2026-01-04T12:33:01.979+0000] {logging_mixin.py:190} INFO - [2026-01-04T12:33:01.979+0000] {dag.py:4180} INFO - Setting next_dagrun for example_external_task_marker_child to None, run_after=None
[2026-01-04T12:33:01.982+0000] {logging_mixin.py:190} INFO - [2026-01-04T12:33:01.981+0000] {dag.py:4180} INFO - Setting next_dagrun for example_external_task_marker_parent to None, run_after=None
[2026-01-04T12:33:01.997+0000] {processor.py:208} INFO - Processing /workspaces/f1_data_team/venv/lib/python3.12/site-packages/airflow/example_dags/example_external_task_marker_dag.py took 0.054 seconds
[2026-01-04T12:34:05.790+0000] {processor.py:186} INFO - Started process (PID=30845) to work on /workspaces/f1_data_team/venv/lib/python3.12/site-packages/airflow/example_dags/example_external_task_marker_dag.py
[2026-01-04T12:34:05.791+0000] {processor.py:914} INFO - Processing file /workspaces/f1_data_team/venv/lib/python3.12/site-packages/airflow/example_dags/example_external_task_marker_dag.py for tasks to queue
[2026-01-04T12:34:05.792+0000] {logging_mixin.py:190} INFO - [2026-01-04T12:34:05.792+0000] {dagbag.py:588} INFO - Filling up the DagBag from /workspaces/f1_data_team/venv/lib/python3.12/site-packages/airflow/example_dags/example_external_task_marker_dag.py
[2026-01-04T12:34:05.799+0000] {processor.py:925} INFO - DAG(s) 'example_external_task_marker_parent', 'example_external_task_marker_child' retrieved from /workspaces/f1_data_team/venv/lib/python3.12/site-packages/airflow/example_dags/example_external_task_marker_dag.py
[2026-01-04T12:34:05.813+0000] {logging_mixin.py:190} INFO - [2026-01-04T12:34:05.813+0000] {dag.py:3239} INFO - Sync 2 DAGs
[2026-01-04T12:34:05.822+0000] {logging_mixin.py:190} INFO - [2026-01-04T12:34:05.822+0000] {dag.py:4180} INFO - Setting next_dagrun for example_external_task_marker_child to None, run_after=None
[2026-01-04T12:34:05.825+0000] {logging_mixin.py:190} INFO - [2026-01-04T12:34:05.825+0000] {dag.py:4180} INFO - Setting next_dagrun for example_external_task_marker_parent to None, run_after=None
[2026-01-04T12:34:05.837+0000] {processor.py:208} INFO - Processing /workspaces/f1_data_team/venv/lib/python3.12/site-packages/airflow/example_dags/example_external_task_marker_dag.py took 0.052 seconds
[2026-01-04T12:35:00.286+0000] {processor.py:186} INFO - Started process (PID=31389) to work on /workspaces/f1_data_team/venv/lib/python3.12/site-packages/airflow/example_dags/example_external_task_marker_dag.py
[2026-01-04T12:35:00.287+0000] {processor.py:914} INFO - Processing file /workspaces/f1_data_team/venv/lib/python3.12/site-packages/airflow/example_dags/example_external_task_marker_dag.py for tasks to queue
[2026-01-04T12:35:00.288+0000] {logging_mixin.py:190} INFO - [2026-01-04T12:35:00.288+0000] {dagbag.py:588} INFO - Filling up the DagBag from /workspaces/f1_data_team/venv/lib/python3.12/site-packages/airflow/example_dags/example_external_task_marker_dag.py
[2026-01-04T12:35:00.295+0000] {processor.py:925} INFO - DAG(s) 'example_external_task_marker_parent', 'example_external_task_marker_child' retrieved from /workspaces/f1_data_team/venv/lib/python3.12/site-packages/airflow/example_dags/example_external_task_marker_dag.py
[2026-01-04T12:35:00.309+0000] {logging_mixin.py:190} INFO - [2026-01-04T12:35:00.309+0000] {dag.py:3239} INFO - Sync 2 DAGs
[2026-01-04T12:35:00.318+0000] {logging_mixin.py:190} INFO - [2026-01-04T12:35:00.318+0000] {dag.py:4180} INFO - Setting next_dagrun for example_external_task_marker_child to None, run_after=None
[2026-01-04T12:35:00.321+0000] {logging_mixin.py:190} INFO - [2026-01-04T12:35:00.321+0000] {dag.py:4180} INFO - Setting next_dagrun for example_external_task_marker_parent to None, run_after=None
[2026-01-04T12:35:00.333+0000] {processor.py:208} INFO - Processing /workspaces/f1_data_team/venv/lib/python3.12/site-packages/airflow/example_dags/example_external_task_marker_dag.py took 0.052 seconds
[2026-01-04T12:35:56.729+0000] {processor.py:186} INFO - Started process (PID=32067) to work on /workspaces/f1_data_team/venv/lib/python3.12/site-packages/airflow/example_dags/example_external_task_marker_dag.py
[2026-01-04T12:35:56.730+0000] {processor.py:914} INFO - Processing file /workspaces/f1_data_team/venv/lib/python3.12/site-packages/airflow/example_dags/example_external_task_marker_dag.py for tasks to queue
[2026-01-04T12:35:56.732+0000] {logging_mixin.py:190} INFO - [2026-01-04T12:35:56.731+0000] {dagbag.py:588} INFO - Filling up the DagBag from /workspaces/f1_data_team/venv/lib/python3.12/site-packages/airflow/example_dags/example_external_task_marker_dag.py
[2026-01-04T12:35:56.743+0000] {processor.py:925} INFO - DAG(s) 'example_external_task_marker_parent', 'example_external_task_marker_child' retrieved from /workspaces/f1_data_team/venv/lib/python3.12/site-packages/airflow/example_dags/example_external_task_marker_dag.py
[2026-01-04T12:35:56.764+0000] {logging_mixin.py:190} INFO - [2026-01-04T12:35:56.763+0000] {dag.py:3239} INFO - Sync 2 DAGs
[2026-01-04T12:35:56.779+0000] {logging_mixin.py:190} INFO - [2026-01-04T12:35:56.778+0000] {dag.py:4180} INFO - Setting next_dagrun for example_external_task_marker_child to None, run_after=None
[2026-01-04T12:35:56.783+0000] {logging_mixin.py:190} INFO - [2026-01-04T12:35:56.782+0000] {dag.py:4180} INFO - Setting next_dagrun for example_external_task_marker_parent to None, run_after=None
[2026-01-04T12:35:56.800+0000] {processor.py:208} INFO - Processing /workspaces/f1_data_team/venv/lib/python3.12/site-packages/airflow/example_dags/example_external_task_marker_dag.py took 0.078 seconds
[2026-01-04T12:37:12.652+0000] {processor.py:186} INFO - Started process (PID=32749) to work on /workspaces/f1_data_team/venv/lib/python3.12/site-packages/airflow/example_dags/example_external_task_marker_dag.py
[2026-01-04T12:37:12.653+0000] {processor.py:914} INFO - Processing file /workspaces/f1_data_team/venv/lib/python3.12/site-packages/airflow/example_dags/example_external_task_marker_dag.py for tasks to queue
[2026-01-04T12:37:12.655+0000] {logging_mixin.py:190} INFO - [2026-01-04T12:37:12.655+0000] {dagbag.py:588} INFO - Filling up the DagBag from /workspaces/f1_data_team/venv/lib/python3.12/site-packages/airflow/example_dags/example_external_task_marker_dag.py
[2026-01-04T12:37:12.662+0000] {processor.py:925} INFO - DAG(s) 'example_external_task_marker_child', 'example_external_task_marker_parent' retrieved from /workspaces/f1_data_team/venv/lib/python3.12/site-packages/airflow/example_dags/example_external_task_marker_dag.py
[2026-01-04T12:37:12.679+0000] {logging_mixin.py:190} INFO - [2026-01-04T12:37:12.678+0000] {dag.py:3239} INFO - Sync 2 DAGs
[2026-01-04T12:37:12.689+0000] {logging_mixin.py:190} INFO - [2026-01-04T12:37:12.688+0000] {dag.py:4180} INFO - Setting next_dagrun for example_external_task_marker_child to None, run_after=None
[2026-01-04T12:37:12.691+0000] {logging_mixin.py:190} INFO - [2026-01-04T12:37:12.691+0000] {dag.py:4180} INFO - Setting next_dagrun for example_external_task_marker_parent to None, run_after=None
[2026-01-04T12:37:12.704+0000] {processor.py:208} INFO - Processing /workspaces/f1_data_team/venv/lib/python3.12/site-packages/airflow/example_dags/example_external_task_marker_dag.py took 0.057 seconds
[2026-01-04T12:38:05.683+0000] {processor.py:186} INFO - Started process (PID=33644) to work on /workspaces/f1_data_team/venv/lib/python3.12/site-packages/airflow/example_dags/example_external_task_marker_dag.py
[2026-01-04T12:38:05.684+0000] {processor.py:914} INFO - Processing file /workspaces/f1_data_team/venv/lib/python3.12/site-packages/airflow/example_dags/example_external_task_marker_dag.py for tasks to queue
[2026-01-04T12:38:05.686+0000] {logging_mixin.py:190} INFO - [2026-01-04T12:38:05.686+0000] {dagbag.py:588} INFO - Filling up the DagBag from /workspaces/f1_data_team/venv/lib/python3.12/site-packages/airflow/example_dags/example_external_task_marker_dag.py
[2026-01-04T12:38:05.693+0000] {processor.py:925} INFO - DAG(s) 'example_external_task_marker_parent', 'example_external_task_marker_child' retrieved from /workspaces/f1_data_team/venv/lib/python3.12/site-packages/airflow/example_dags/example_external_task_marker_dag.py
[2026-01-04T12:38:05.706+0000] {logging_mixin.py:190} INFO - [2026-01-04T12:38:05.706+0000] {dag.py:3239} INFO - Sync 2 DAGs
[2026-01-04T12:38:05.716+0000] {logging_mixin.py:190} INFO - [2026-01-04T12:38:05.716+0000] {dag.py:4180} INFO - Setting next_dagrun for example_external_task_marker_child to None, run_after=None
[2026-01-04T12:38:05.718+0000] {logging_mixin.py:190} INFO - [2026-01-04T12:38:05.718+0000] {dag.py:4180} INFO - Setting next_dagrun for example_external_task_marker_parent to None, run_after=None
[2026-01-04T12:38:05.732+0000] {processor.py:208} INFO - Processing /workspaces/f1_data_team/venv/lib/python3.12/site-packages/airflow/example_dags/example_external_task_marker_dag.py took 0.055 seconds
[2026-01-04T12:38:58.082+0000] {processor.py:186} INFO - Started process (PID=34120) to work on /workspaces/f1_data_team/venv/lib/python3.12/site-packages/airflow/example_dags/example_external_task_marker_dag.py
[2026-01-04T12:38:58.083+0000] {processor.py:914} INFO - Processing file /workspaces/f1_data_team/venv/lib/python3.12/site-packages/airflow/example_dags/example_external_task_marker_dag.py for tasks to queue
[2026-01-04T12:38:58.084+0000] {logging_mixin.py:190} INFO - [2026-01-04T12:38:58.084+0000] {dagbag.py:588} INFO - Filling up the DagBag from /workspaces/f1_data_team/venv/lib/python3.12/site-packages/airflow/example_dags/example_external_task_marker_dag.py
[2026-01-04T12:38:58.091+0000] {processor.py:925} INFO - DAG(s) 'example_external_task_marker_child', 'example_external_task_marker_parent' retrieved from /workspaces/f1_data_team/venv/lib/python3.12/site-packages/airflow/example_dags/example_external_task_marker_dag.py
[2026-01-04T12:38:58.105+0000] {logging_mixin.py:190} INFO - [2026-01-04T12:38:58.105+0000] {dag.py:3239} INFO - Sync 2 DAGs
[2026-01-04T12:38:58.115+0000] {logging_mixin.py:190} INFO - [2026-01-04T12:38:58.115+0000] {dag.py:4180} INFO - Setting next_dagrun for example_external_task_marker_child to None, run_after=None
[2026-01-04T12:38:58.117+0000] {logging_mixin.py:190} INFO - [2026-01-04T12:38:58.117+0000] {dag.py:4180} INFO - Setting next_dagrun for example_external_task_marker_parent to None, run_after=None
[2026-01-04T12:38:58.130+0000] {processor.py:208} INFO - Processing /workspaces/f1_data_team/venv/lib/python3.12/site-packages/airflow/example_dags/example_external_task_marker_dag.py took 0.053 seconds
[2026-01-04T12:39:52.014+0000] {processor.py:186} INFO - Started process (PID=34642) to work on /workspaces/f1_data_team/venv/lib/python3.12/site-packages/airflow/example_dags/example_external_task_marker_dag.py
[2026-01-04T12:39:52.015+0000] {processor.py:914} INFO - Processing file /workspaces/f1_data_team/venv/lib/python3.12/site-packages/airflow/example_dags/example_external_task_marker_dag.py for tasks to queue
[2026-01-04T12:39:52.017+0000] {logging_mixin.py:190} INFO - [2026-01-04T12:39:52.016+0000] {dagbag.py:588} INFO - Filling up the DagBag from /workspaces/f1_data_team/venv/lib/python3.12/site-packages/airflow/example_dags/example_external_task_marker_dag.py
[2026-01-04T12:39:52.023+0000] {processor.py:925} INFO - DAG(s) 'example_external_task_marker_child', 'example_external_task_marker_parent' retrieved from /workspaces/f1_data_team/venv/lib/python3.12/site-packages/airflow/example_dags/example_external_task_marker_dag.py
[2026-01-04T12:39:52.038+0000] {logging_mixin.py:190} INFO - [2026-01-04T12:39:52.038+0000] {dag.py:3239} INFO - Sync 2 DAGs
[2026-01-04T12:39:52.048+0000] {logging_mixin.py:190} INFO - [2026-01-04T12:39:52.048+0000] {dag.py:4180} INFO - Setting next_dagrun for example_external_task_marker_child to None, run_after=None
[2026-01-04T12:39:52.051+0000] {logging_mixin.py:190} INFO - [2026-01-04T12:39:52.050+0000] {dag.py:4180} INFO - Setting next_dagrun for example_external_task_marker_parent to None, run_after=None
[2026-01-04T12:39:52.066+0000] {processor.py:208} INFO - Processing /workspaces/f1_data_team/venv/lib/python3.12/site-packages/airflow/example_dags/example_external_task_marker_dag.py took 0.056 seconds
[2026-01-04T12:40:46.112+0000] {processor.py:186} INFO - Started process (PID=35184) to work on /workspaces/f1_data_team/venv/lib/python3.12/site-packages/airflow/example_dags/example_external_task_marker_dag.py
[2026-01-04T12:40:46.113+0000] {processor.py:914} INFO - Processing file /workspaces/f1_data_team/venv/lib/python3.12/site-packages/airflow/example_dags/example_external_task_marker_dag.py for tasks to queue
[2026-01-04T12:40:46.115+0000] {logging_mixin.py:190} INFO - [2026-01-04T12:40:46.115+0000] {dagbag.py:588} INFO - Filling up the DagBag from /workspaces/f1_data_team/venv/lib/python3.12/site-packages/airflow/example_dags/example_external_task_marker_dag.py
[2026-01-04T12:40:46.123+0000] {processor.py:925} INFO - DAG(s) 'example_external_task_marker_parent', 'example_external_task_marker_child' retrieved from /workspaces/f1_data_team/venv/lib/python3.12/site-packages/airflow/example_dags/example_external_task_marker_dag.py
[2026-01-04T12:40:46.138+0000] {logging_mixin.py:190} INFO - [2026-01-04T12:40:46.137+0000] {dag.py:3239} INFO - Sync 2 DAGs
[2026-01-04T12:40:46.150+0000] {logging_mixin.py:190} INFO - [2026-01-04T12:40:46.150+0000] {dag.py:4180} INFO - Setting next_dagrun for example_external_task_marker_child to None, run_after=None
[2026-01-04T12:40:46.153+0000] {logging_mixin.py:190} INFO - [2026-01-04T12:40:46.153+0000] {dag.py:4180} INFO - Setting next_dagrun for example_external_task_marker_parent to None, run_after=None
[2026-01-04T12:40:46.167+0000] {processor.py:208} INFO - Processing /workspaces/f1_data_team/venv/lib/python3.12/site-packages/airflow/example_dags/example_external_task_marker_dag.py took 0.060 seconds
[2026-01-04T12:42:01.228+0000] {processor.py:186} INFO - Started process (PID=36242) to work on /workspaces/f1_data_team/venv/lib/python3.12/site-packages/airflow/example_dags/example_external_task_marker_dag.py
[2026-01-04T12:42:01.228+0000] {processor.py:914} INFO - Processing file /workspaces/f1_data_team/venv/lib/python3.12/site-packages/airflow/example_dags/example_external_task_marker_dag.py for tasks to queue
[2026-01-04T12:42:01.231+0000] {logging_mixin.py:190} INFO - [2026-01-04T12:42:01.230+0000] {dagbag.py:588} INFO - Filling up the DagBag from /workspaces/f1_data_team/venv/lib/python3.12/site-packages/airflow/example_dags/example_external_task_marker_dag.py
[2026-01-04T12:42:01.237+0000] {processor.py:925} INFO - DAG(s) 'example_external_task_marker_parent', 'example_external_task_marker_child' retrieved from /workspaces/f1_data_team/venv/lib/python3.12/site-packages/airflow/example_dags/example_external_task_marker_dag.py
[2026-01-04T12:42:01.251+0000] {logging_mixin.py:190} INFO - [2026-01-04T12:42:01.251+0000] {dag.py:3239} INFO - Sync 2 DAGs
[2026-01-04T12:42:01.261+0000] {logging_mixin.py:190} INFO - [2026-01-04T12:42:01.260+0000] {dag.py:4180} INFO - Setting next_dagrun for example_external_task_marker_child to None, run_after=None
[2026-01-04T12:42:01.263+0000] {logging_mixin.py:190} INFO - [2026-01-04T12:42:01.263+0000] {dag.py:4180} INFO - Setting next_dagrun for example_external_task_marker_parent to None, run_after=None
[2026-01-04T12:42:01.276+0000] {processor.py:208} INFO - Processing /workspaces/f1_data_team/venv/lib/python3.12/site-packages/airflow/example_dags/example_external_task_marker_dag.py took 0.053 seconds
[2026-01-04T12:43:12.805+0000] {processor.py:186} INFO - Started process (PID=37330) to work on /workspaces/f1_data_team/venv/lib/python3.12/site-packages/airflow/example_dags/example_external_task_marker_dag.py
[2026-01-04T12:43:12.806+0000] {processor.py:914} INFO - Processing file /workspaces/f1_data_team/venv/lib/python3.12/site-packages/airflow/example_dags/example_external_task_marker_dag.py for tasks to queue
[2026-01-04T12:43:12.807+0000] {logging_mixin.py:190} INFO - [2026-01-04T12:43:12.807+0000] {dagbag.py:588} INFO - Filling up the DagBag from /workspaces/f1_data_team/venv/lib/python3.12/site-packages/airflow/example_dags/example_external_task_marker_dag.py
[2026-01-04T12:43:12.816+0000] {processor.py:925} INFO - DAG(s) 'example_external_task_marker_child', 'example_external_task_marker_parent' retrieved from /workspaces/f1_data_team/venv/lib/python3.12/site-packages/airflow/example_dags/example_external_task_marker_dag.py
[2026-01-04T12:43:12.836+0000] {logging_mixin.py:190} INFO - [2026-01-04T12:43:12.835+0000] {dag.py:3239} INFO - Sync 2 DAGs
[2026-01-04T12:43:12.851+0000] {logging_mixin.py:190} INFO - [2026-01-04T12:43:12.850+0000] {dag.py:4180} INFO - Setting next_dagrun for example_external_task_marker_child to None, run_after=None
[2026-01-04T12:43:12.854+0000] {logging_mixin.py:190} INFO - [2026-01-04T12:43:12.854+0000] {dag.py:4180} INFO - Setting next_dagrun for example_external_task_marker_parent to None, run_after=None
[2026-01-04T12:43:12.870+0000] {processor.py:208} INFO - Processing /workspaces/f1_data_team/venv/lib/python3.12/site-packages/airflow/example_dags/example_external_task_marker_dag.py took 0.070 seconds
[2026-01-04T12:44:08.167+0000] {processor.py:186} INFO - Started process (PID=37920) to work on /workspaces/f1_data_team/venv/lib/python3.12/site-packages/airflow/example_dags/example_external_task_marker_dag.py
[2026-01-04T12:44:08.168+0000] {processor.py:914} INFO - Processing file /workspaces/f1_data_team/venv/lib/python3.12/site-packages/airflow/example_dags/example_external_task_marker_dag.py for tasks to queue
[2026-01-04T12:44:08.170+0000] {logging_mixin.py:190} INFO - [2026-01-04T12:44:08.170+0000] {dagbag.py:588} INFO - Filling up the DagBag from /workspaces/f1_data_team/venv/lib/python3.12/site-packages/airflow/example_dags/example_external_task_marker_dag.py
[2026-01-04T12:44:08.177+0000] {processor.py:925} INFO - DAG(s) 'example_external_task_marker_child', 'example_external_task_marker_parent' retrieved from /workspaces/f1_data_team/venv/lib/python3.12/site-packages/airflow/example_dags/example_external_task_marker_dag.py
[2026-01-04T12:44:08.191+0000] {logging_mixin.py:190} INFO - [2026-01-04T12:44:08.191+0000] {dag.py:3239} INFO - Sync 2 DAGs
[2026-01-04T12:44:08.201+0000] {logging_mixin.py:190} INFO - [2026-01-04T12:44:08.201+0000] {dag.py:4180} INFO - Setting next_dagrun for example_external_task_marker_child to None, run_after=None
[2026-01-04T12:44:08.203+0000] {logging_mixin.py:190} INFO - [2026-01-04T12:44:08.203+0000] {dag.py:4180} INFO - Setting next_dagrun for example_external_task_marker_parent to None, run_after=None
[2026-01-04T12:44:08.217+0000] {processor.py:208} INFO - Processing /workspaces/f1_data_team/venv/lib/python3.12/site-packages/airflow/example_dags/example_external_task_marker_dag.py took 0.054 seconds
[2026-01-04T12:45:06.014+0000] {processor.py:186} INFO - Started process (PID=38970) to work on /workspaces/f1_data_team/venv/lib/python3.12/site-packages/airflow/example_dags/example_external_task_marker_dag.py
[2026-01-04T12:45:06.015+0000] {processor.py:914} INFO - Processing file /workspaces/f1_data_team/venv/lib/python3.12/site-packages/airflow/example_dags/example_external_task_marker_dag.py for tasks to queue
[2026-01-04T12:45:06.017+0000] {logging_mixin.py:190} INFO - [2026-01-04T12:45:06.017+0000] {dagbag.py:588} INFO - Filling up the DagBag from /workspaces/f1_data_team/venv/lib/python3.12/site-packages/airflow/example_dags/example_external_task_marker_dag.py
[2026-01-04T12:45:06.024+0000] {processor.py:925} INFO - DAG(s) 'example_external_task_marker_child', 'example_external_task_marker_parent' retrieved from /workspaces/f1_data_team/venv/lib/python3.12/site-packages/airflow/example_dags/example_external_task_marker_dag.py
[2026-01-04T12:45:06.037+0000] {logging_mixin.py:190} INFO - [2026-01-04T12:45:06.037+0000] {dag.py:3239} INFO - Sync 2 DAGs
[2026-01-04T12:45:06.047+0000] {logging_mixin.py:190} INFO - [2026-01-04T12:45:06.047+0000] {dag.py:4180} INFO - Setting next_dagrun for example_external_task_marker_child to None, run_after=None
[2026-01-04T12:45:06.050+0000] {logging_mixin.py:190} INFO - [2026-01-04T12:45:06.050+0000] {dag.py:4180} INFO - Setting next_dagrun for example_external_task_marker_parent to None, run_after=None
[2026-01-04T12:45:06.062+0000] {processor.py:208} INFO - Processing /workspaces/f1_data_team/venv/lib/python3.12/site-packages/airflow/example_dags/example_external_task_marker_dag.py took 0.052 seconds
[2026-01-04T12:46:07.385+0000] {processor.py:186} INFO - Started process (PID=39716) to work on /workspaces/f1_data_team/venv/lib/python3.12/site-packages/airflow/example_dags/example_external_task_marker_dag.py
[2026-01-04T12:46:07.386+0000] {processor.py:914} INFO - Processing file /workspaces/f1_data_team/venv/lib/python3.12/site-packages/airflow/example_dags/example_external_task_marker_dag.py for tasks to queue
[2026-01-04T12:46:07.388+0000] {logging_mixin.py:190} INFO - [2026-01-04T12:46:07.387+0000] {dagbag.py:588} INFO - Filling up the DagBag from /workspaces/f1_data_team/venv/lib/python3.12/site-packages/airflow/example_dags/example_external_task_marker_dag.py
[2026-01-04T12:46:07.394+0000] {processor.py:925} INFO - DAG(s) 'example_external_task_marker_child', 'example_external_task_marker_parent' retrieved from /workspaces/f1_data_team/venv/lib/python3.12/site-packages/airflow/example_dags/example_external_task_marker_dag.py
[2026-01-04T12:46:07.408+0000] {logging_mixin.py:190} INFO - [2026-01-04T12:46:07.408+0000] {dag.py:3239} INFO - Sync 2 DAGs
[2026-01-04T12:46:07.417+0000] {logging_mixin.py:190} INFO - [2026-01-04T12:46:07.417+0000] {dag.py:4180} INFO - Setting next_dagrun for example_external_task_marker_child to None, run_after=None
[2026-01-04T12:46:07.420+0000] {logging_mixin.py:190} INFO - [2026-01-04T12:46:07.420+0000] {dag.py:4180} INFO - Setting next_dagrun for example_external_task_marker_parent to None, run_after=None
[2026-01-04T12:46:07.433+0000] {processor.py:208} INFO - Processing /workspaces/f1_data_team/venv/lib/python3.12/site-packages/airflow/example_dags/example_external_task_marker_dag.py took 0.052 seconds
[2026-01-04T12:47:23.153+0000] {processor.py:186} INFO - Started process (PID=40524) to work on /workspaces/f1_data_team/venv/lib/python3.12/site-packages/airflow/example_dags/example_external_task_marker_dag.py
[2026-01-04T12:47:23.154+0000] {processor.py:914} INFO - Processing file /workspaces/f1_data_team/venv/lib/python3.12/site-packages/airflow/example_dags/example_external_task_marker_dag.py for tasks to queue
[2026-01-04T12:47:23.156+0000] {logging_mixin.py:190} INFO - [2026-01-04T12:47:23.155+0000] {dagbag.py:588} INFO - Filling up the DagBag from /workspaces/f1_data_team/venv/lib/python3.12/site-packages/airflow/example_dags/example_external_task_marker_dag.py
[2026-01-04T12:47:23.163+0000] {processor.py:925} INFO - DAG(s) 'example_external_task_marker_child', 'example_external_task_marker_parent' retrieved from /workspaces/f1_data_team/venv/lib/python3.12/site-packages/airflow/example_dags/example_external_task_marker_dag.py
[2026-01-04T12:47:23.177+0000] {logging_mixin.py:190} INFO - [2026-01-04T12:47:23.177+0000] {dag.py:3239} INFO - Sync 2 DAGs
[2026-01-04T12:47:23.188+0000] {logging_mixin.py:190} INFO - [2026-01-04T12:47:23.187+0000] {dag.py:4180} INFO - Setting next_dagrun for example_external_task_marker_child to None, run_after=None
[2026-01-04T12:47:23.191+0000] {logging_mixin.py:190} INFO - [2026-01-04T12:47:23.191+0000] {dag.py:4180} INFO - Setting next_dagrun for example_external_task_marker_parent to None, run_after=None
[2026-01-04T12:47:23.207+0000] {processor.py:208} INFO - Processing /workspaces/f1_data_team/venv/lib/python3.12/site-packages/airflow/example_dags/example_external_task_marker_dag.py took 0.059 seconds
[2026-01-04T12:49:20.780+0000] {processor.py:186} INFO - Started process (PID=42251) to work on /workspaces/f1_data_team/venv/lib/python3.12/site-packages/airflow/example_dags/example_external_task_marker_dag.py
[2026-01-04T12:49:20.781+0000] {processor.py:914} INFO - Processing file /workspaces/f1_data_team/venv/lib/python3.12/site-packages/airflow/example_dags/example_external_task_marker_dag.py for tasks to queue
[2026-01-04T12:49:20.783+0000] {logging_mixin.py:190} INFO - [2026-01-04T12:49:20.783+0000] {dagbag.py:588} INFO - Filling up the DagBag from /workspaces/f1_data_team/venv/lib/python3.12/site-packages/airflow/example_dags/example_external_task_marker_dag.py
[2026-01-04T12:49:20.789+0000] {processor.py:925} INFO - DAG(s) 'example_external_task_marker_child', 'example_external_task_marker_parent' retrieved from /workspaces/f1_data_team/venv/lib/python3.12/site-packages/airflow/example_dags/example_external_task_marker_dag.py
[2026-01-04T12:49:20.803+0000] {logging_mixin.py:190} INFO - [2026-01-04T12:49:20.803+0000] {dag.py:3239} INFO - Sync 2 DAGs
[2026-01-04T12:49:20.813+0000] {logging_mixin.py:190} INFO - [2026-01-04T12:49:20.812+0000] {dag.py:4180} INFO - Setting next_dagrun for example_external_task_marker_child to None, run_after=None
[2026-01-04T12:49:20.815+0000] {logging_mixin.py:190} INFO - [2026-01-04T12:49:20.815+0000] {dag.py:4180} INFO - Setting next_dagrun for example_external_task_marker_parent to None, run_after=None
[2026-01-04T12:49:20.828+0000] {processor.py:208} INFO - Processing /workspaces/f1_data_team/venv/lib/python3.12/site-packages/airflow/example_dags/example_external_task_marker_dag.py took 0.052 seconds
[2026-01-04T12:50:19.292+0000] {processor.py:186} INFO - Started process (PID=42784) to work on /workspaces/f1_data_team/venv/lib/python3.12/site-packages/airflow/example_dags/example_external_task_marker_dag.py
[2026-01-04T12:50:19.293+0000] {processor.py:914} INFO - Processing file /workspaces/f1_data_team/venv/lib/python3.12/site-packages/airflow/example_dags/example_external_task_marker_dag.py for tasks to queue
[2026-01-04T12:50:19.296+0000] {logging_mixin.py:190} INFO - [2026-01-04T12:50:19.296+0000] {dagbag.py:588} INFO - Filling up the DagBag from /workspaces/f1_data_team/venv/lib/python3.12/site-packages/airflow/example_dags/example_external_task_marker_dag.py
[2026-01-04T12:50:19.306+0000] {processor.py:925} INFO - DAG(s) 'example_external_task_marker_parent', 'example_external_task_marker_child' retrieved from /workspaces/f1_data_team/venv/lib/python3.12/site-packages/airflow/example_dags/example_external_task_marker_dag.py
[2026-01-04T12:50:19.326+0000] {logging_mixin.py:190} INFO - [2026-01-04T12:50:19.325+0000] {dag.py:3239} INFO - Sync 2 DAGs
[2026-01-04T12:50:19.335+0000] {logging_mixin.py:190} INFO - [2026-01-04T12:50:19.335+0000] {dag.py:4180} INFO - Setting next_dagrun for example_external_task_marker_child to None, run_after=None
[2026-01-04T12:50:19.338+0000] {logging_mixin.py:190} INFO - [2026-01-04T12:50:19.338+0000] {dag.py:4180} INFO - Setting next_dagrun for example_external_task_marker_parent to None, run_after=None
[2026-01-04T12:50:19.350+0000] {processor.py:208} INFO - Processing /workspaces/f1_data_team/venv/lib/python3.12/site-packages/airflow/example_dags/example_external_task_marker_dag.py took 0.066 seconds
[2026-01-04T12:51:55.932+0000] {processor.py:186} INFO - Started process (PID=44408) to work on /workspaces/f1_data_team/venv/lib/python3.12/site-packages/airflow/example_dags/example_external_task_marker_dag.py
[2026-01-04T12:51:55.933+0000] {processor.py:914} INFO - Processing file /workspaces/f1_data_team/venv/lib/python3.12/site-packages/airflow/example_dags/example_external_task_marker_dag.py for tasks to queue
[2026-01-04T12:51:55.935+0000] {logging_mixin.py:190} INFO - [2026-01-04T12:51:55.935+0000] {dagbag.py:588} INFO - Filling up the DagBag from /workspaces/f1_data_team/venv/lib/python3.12/site-packages/airflow/example_dags/example_external_task_marker_dag.py
[2026-01-04T12:51:55.941+0000] {processor.py:925} INFO - DAG(s) 'example_external_task_marker_child', 'example_external_task_marker_parent' retrieved from /workspaces/f1_data_team/venv/lib/python3.12/site-packages/airflow/example_dags/example_external_task_marker_dag.py
[2026-01-04T12:51:55.955+0000] {logging_mixin.py:190} INFO - [2026-01-04T12:51:55.955+0000] {dag.py:3239} INFO - Sync 2 DAGs
[2026-01-04T12:51:55.964+0000] {logging_mixin.py:190} INFO - [2026-01-04T12:51:55.964+0000] {dag.py:4180} INFO - Setting next_dagrun for example_external_task_marker_child to None, run_after=None
[2026-01-04T12:51:55.967+0000] {logging_mixin.py:190} INFO - [2026-01-04T12:51:55.967+0000] {dag.py:4180} INFO - Setting next_dagrun for example_external_task_marker_parent to None, run_after=None
[2026-01-04T12:51:55.981+0000] {processor.py:208} INFO - Processing /workspaces/f1_data_team/venv/lib/python3.12/site-packages/airflow/example_dags/example_external_task_marker_dag.py took 0.053 seconds
[2026-01-04T12:52:54.867+0000] {processor.py:186} INFO - Started process (PID=45196) to work on /workspaces/f1_data_team/venv/lib/python3.12/site-packages/airflow/example_dags/example_external_task_marker_dag.py
[2026-01-04T12:52:54.868+0000] {processor.py:914} INFO - Processing file /workspaces/f1_data_team/venv/lib/python3.12/site-packages/airflow/example_dags/example_external_task_marker_dag.py for tasks to queue
[2026-01-04T12:52:54.870+0000] {logging_mixin.py:190} INFO - [2026-01-04T12:52:54.870+0000] {dagbag.py:588} INFO - Filling up the DagBag from /workspaces/f1_data_team/venv/lib/python3.12/site-packages/airflow/example_dags/example_external_task_marker_dag.py
[2026-01-04T12:52:54.877+0000] {processor.py:925} INFO - DAG(s) 'example_external_task_marker_parent', 'example_external_task_marker_child' retrieved from /workspaces/f1_data_team/venv/lib/python3.12/site-packages/airflow/example_dags/example_external_task_marker_dag.py
[2026-01-04T12:52:54.890+0000] {logging_mixin.py:190} INFO - [2026-01-04T12:52:54.890+0000] {dag.py:3239} INFO - Sync 2 DAGs
[2026-01-04T12:52:54.900+0000] {logging_mixin.py:190} INFO - [2026-01-04T12:52:54.900+0000] {dag.py:4180} INFO - Setting next_dagrun for example_external_task_marker_child to None, run_after=None
[2026-01-04T12:52:54.902+0000] {logging_mixin.py:190} INFO - [2026-01-04T12:52:54.902+0000] {dag.py:4180} INFO - Setting next_dagrun for example_external_task_marker_parent to None, run_after=None
[2026-01-04T12:52:54.915+0000] {processor.py:208} INFO - Processing /workspaces/f1_data_team/venv/lib/python3.12/site-packages/airflow/example_dags/example_external_task_marker_dag.py took 0.053 seconds
[2026-01-04T12:53:49.598+0000] {processor.py:186} INFO - Started process (PID=46079) to work on /workspaces/f1_data_team/venv/lib/python3.12/site-packages/airflow/example_dags/example_external_task_marker_dag.py
[2026-01-04T12:53:49.599+0000] {processor.py:914} INFO - Processing file /workspaces/f1_data_team/venv/lib/python3.12/site-packages/airflow/example_dags/example_external_task_marker_dag.py for tasks to queue
[2026-01-04T12:53:49.601+0000] {logging_mixin.py:190} INFO - [2026-01-04T12:53:49.600+0000] {dagbag.py:588} INFO - Filling up the DagBag from /workspaces/f1_data_team/venv/lib/python3.12/site-packages/airflow/example_dags/example_external_task_marker_dag.py
[2026-01-04T12:53:49.607+0000] {processor.py:925} INFO - DAG(s) 'example_external_task_marker_child', 'example_external_task_marker_parent' retrieved from /workspaces/f1_data_team/venv/lib/python3.12/site-packages/airflow/example_dags/example_external_task_marker_dag.py
[2026-01-04T12:53:49.621+0000] {logging_mixin.py:190} INFO - [2026-01-04T12:53:49.621+0000] {dag.py:3239} INFO - Sync 2 DAGs
[2026-01-04T12:53:49.631+0000] {logging_mixin.py:190} INFO - [2026-01-04T12:53:49.631+0000] {dag.py:4180} INFO - Setting next_dagrun for example_external_task_marker_child to None, run_after=None
[2026-01-04T12:53:49.634+0000] {logging_mixin.py:190} INFO - [2026-01-04T12:53:49.633+0000] {dag.py:4180} INFO - Setting next_dagrun for example_external_task_marker_parent to None, run_after=None
[2026-01-04T12:53:49.647+0000] {processor.py:208} INFO - Processing /workspaces/f1_data_team/venv/lib/python3.12/site-packages/airflow/example_dags/example_external_task_marker_dag.py took 0.053 seconds
[2026-01-04T12:55:00.894+0000] {processor.py:186} INFO - Started process (PID=47270) to work on /workspaces/f1_data_team/venv/lib/python3.12/site-packages/airflow/example_dags/example_external_task_marker_dag.py
[2026-01-04T12:55:00.894+0000] {processor.py:914} INFO - Processing file /workspaces/f1_data_team/venv/lib/python3.12/site-packages/airflow/example_dags/example_external_task_marker_dag.py for tasks to queue
[2026-01-04T12:55:00.896+0000] {logging_mixin.py:190} INFO - [2026-01-04T12:55:00.896+0000] {dagbag.py:588} INFO - Filling up the DagBag from /workspaces/f1_data_team/venv/lib/python3.12/site-packages/airflow/example_dags/example_external_task_marker_dag.py
[2026-01-04T12:55:00.903+0000] {processor.py:925} INFO - DAG(s) 'example_external_task_marker_parent', 'example_external_task_marker_child' retrieved from /workspaces/f1_data_team/venv/lib/python3.12/site-packages/airflow/example_dags/example_external_task_marker_dag.py
[2026-01-04T12:55:00.916+0000] {logging_mixin.py:190} INFO - [2026-01-04T12:55:00.916+0000] {dag.py:3239} INFO - Sync 2 DAGs
[2026-01-04T12:55:00.926+0000] {logging_mixin.py:190} INFO - [2026-01-04T12:55:00.926+0000] {dag.py:4180} INFO - Setting next_dagrun for example_external_task_marker_child to None, run_after=None
[2026-01-04T12:55:00.929+0000] {logging_mixin.py:190} INFO - [2026-01-04T12:55:00.929+0000] {dag.py:4180} INFO - Setting next_dagrun for example_external_task_marker_parent to None, run_after=None
[2026-01-04T12:55:00.941+0000] {processor.py:208} INFO - Processing /workspaces/f1_data_team/venv/lib/python3.12/site-packages/airflow/example_dags/example_external_task_marker_dag.py took 0.052 seconds
[2026-01-04T12:56:07.679+0000] {processor.py:186} INFO - Started process (PID=48051) to work on /workspaces/f1_data_team/venv/lib/python3.12/site-packages/airflow/example_dags/example_external_task_marker_dag.py
[2026-01-04T12:56:07.680+0000] {processor.py:914} INFO - Processing file /workspaces/f1_data_team/venv/lib/python3.12/site-packages/airflow/example_dags/example_external_task_marker_dag.py for tasks to queue
[2026-01-04T12:56:07.682+0000] {logging_mixin.py:190} INFO - [2026-01-04T12:56:07.681+0000] {dagbag.py:588} INFO - Filling up the DagBag from /workspaces/f1_data_team/venv/lib/python3.12/site-packages/airflow/example_dags/example_external_task_marker_dag.py
[2026-01-04T12:56:07.688+0000] {processor.py:925} INFO - DAG(s) 'example_external_task_marker_parent', 'example_external_task_marker_child' retrieved from /workspaces/f1_data_team/venv/lib/python3.12/site-packages/airflow/example_dags/example_external_task_marker_dag.py
[2026-01-04T12:56:07.702+0000] {logging_mixin.py:190} INFO - [2026-01-04T12:56:07.702+0000] {dag.py:3239} INFO - Sync 2 DAGs
[2026-01-04T12:56:07.712+0000] {logging_mixin.py:190} INFO - [2026-01-04T12:56:07.712+0000] {dag.py:4180} INFO - Setting next_dagrun for example_external_task_marker_child to None, run_after=None
[2026-01-04T12:56:07.715+0000] {logging_mixin.py:190} INFO - [2026-01-04T12:56:07.714+0000] {dag.py:4180} INFO - Setting next_dagrun for example_external_task_marker_parent to None, run_after=None
[2026-01-04T12:56:07.728+0000] {processor.py:208} INFO - Processing /workspaces/f1_data_team/venv/lib/python3.12/site-packages/airflow/example_dags/example_external_task_marker_dag.py took 0.053 seconds
[2026-01-04T12:56:59.954+0000] {processor.py:186} INFO - Started process (PID=48527) to work on /workspaces/f1_data_team/venv/lib/python3.12/site-packages/airflow/example_dags/example_external_task_marker_dag.py
[2026-01-04T12:56:59.954+0000] {processor.py:914} INFO - Processing file /workspaces/f1_data_team/venv/lib/python3.12/site-packages/airflow/example_dags/example_external_task_marker_dag.py for tasks to queue
[2026-01-04T12:56:59.956+0000] {logging_mixin.py:190} INFO - [2026-01-04T12:56:59.956+0000] {dagbag.py:588} INFO - Filling up the DagBag from /workspaces/f1_data_team/venv/lib/python3.12/site-packages/airflow/example_dags/example_external_task_marker_dag.py
[2026-01-04T12:56:59.963+0000] {processor.py:925} INFO - DAG(s) 'example_external_task_marker_child', 'example_external_task_marker_parent' retrieved from /workspaces/f1_data_team/venv/lib/python3.12/site-packages/airflow/example_dags/example_external_task_marker_dag.py
[2026-01-04T12:56:59.977+0000] {logging_mixin.py:190} INFO - [2026-01-04T12:56:59.977+0000] {dag.py:3239} INFO - Sync 2 DAGs
[2026-01-04T12:56:59.987+0000] {logging_mixin.py:190} INFO - [2026-01-04T12:56:59.987+0000] {dag.py:4180} INFO - Setting next_dagrun for example_external_task_marker_child to None, run_after=None
[2026-01-04T12:56:59.989+0000] {logging_mixin.py:190} INFO - [2026-01-04T12:56:59.989+0000] {dag.py:4180} INFO - Setting next_dagrun for example_external_task_marker_parent to None, run_after=None
[2026-01-04T12:57:00.003+0000] {processor.py:208} INFO - Processing /workspaces/f1_data_team/venv/lib/python3.12/site-packages/airflow/example_dags/example_external_task_marker_dag.py took 0.054 seconds
[2026-01-04T12:58:16.347+0000] {processor.py:186} INFO - Started process (PID=49281) to work on /workspaces/f1_data_team/venv/lib/python3.12/site-packages/airflow/example_dags/example_external_task_marker_dag.py
[2026-01-04T12:58:16.348+0000] {processor.py:914} INFO - Processing file /workspaces/f1_data_team/venv/lib/python3.12/site-packages/airflow/example_dags/example_external_task_marker_dag.py for tasks to queue
[2026-01-04T12:58:16.350+0000] {logging_mixin.py:190} INFO - [2026-01-04T12:58:16.349+0000] {dagbag.py:588} INFO - Filling up the DagBag from /workspaces/f1_data_team/venv/lib/python3.12/site-packages/airflow/example_dags/example_external_task_marker_dag.py
[2026-01-04T12:58:16.357+0000] {processor.py:925} INFO - DAG(s) 'example_external_task_marker_parent', 'example_external_task_marker_child' retrieved from /workspaces/f1_data_team/venv/lib/python3.12/site-packages/airflow/example_dags/example_external_task_marker_dag.py
[2026-01-04T12:58:16.370+0000] {logging_mixin.py:190} INFO - [2026-01-04T12:58:16.370+0000] {dag.py:3239} INFO - Sync 2 DAGs
[2026-01-04T12:58:16.382+0000] {logging_mixin.py:190} INFO - [2026-01-04T12:58:16.382+0000] {dag.py:4180} INFO - Setting next_dagrun for example_external_task_marker_child to None, run_after=None
[2026-01-04T12:58:16.384+0000] {logging_mixin.py:190} INFO - [2026-01-04T12:58:16.384+0000] {dag.py:4180} INFO - Setting next_dagrun for example_external_task_marker_parent to None, run_after=None
[2026-01-04T12:58:16.397+0000] {processor.py:208} INFO - Processing /workspaces/f1_data_team/venv/lib/python3.12/site-packages/airflow/example_dags/example_external_task_marker_dag.py took 0.054 seconds
[2026-01-04T12:59:11.641+0000] {processor.py:186} INFO - Started process (PID=49824) to work on /workspaces/f1_data_team/venv/lib/python3.12/site-packages/airflow/example_dags/example_external_task_marker_dag.py
[2026-01-04T12:59:11.642+0000] {processor.py:914} INFO - Processing file /workspaces/f1_data_team/venv/lib/python3.12/site-packages/airflow/example_dags/example_external_task_marker_dag.py for tasks to queue
[2026-01-04T12:59:11.644+0000] {logging_mixin.py:190} INFO - [2026-01-04T12:59:11.644+0000] {dagbag.py:588} INFO - Filling up the DagBag from /workspaces/f1_data_team/venv/lib/python3.12/site-packages/airflow/example_dags/example_external_task_marker_dag.py
[2026-01-04T12:59:11.652+0000] {processor.py:925} INFO - DAG(s) 'example_external_task_marker_parent', 'example_external_task_marker_child' retrieved from /workspaces/f1_data_team/venv/lib/python3.12/site-packages/airflow/example_dags/example_external_task_marker_dag.py
[2026-01-04T12:59:11.668+0000] {logging_mixin.py:190} INFO - [2026-01-04T12:59:11.668+0000] {dag.py:3239} INFO - Sync 2 DAGs
[2026-01-04T12:59:11.678+0000] {logging_mixin.py:190} INFO - [2026-01-04T12:59:11.678+0000] {dag.py:4180} INFO - Setting next_dagrun for example_external_task_marker_child to None, run_after=None
[2026-01-04T12:59:11.680+0000] {logging_mixin.py:190} INFO - [2026-01-04T12:59:11.680+0000] {dag.py:4180} INFO - Setting next_dagrun for example_external_task_marker_parent to None, run_after=None
[2026-01-04T12:59:11.696+0000] {processor.py:208} INFO - Processing /workspaces/f1_data_team/venv/lib/python3.12/site-packages/airflow/example_dags/example_external_task_marker_dag.py took 0.060 seconds
[2026-01-04T13:00:07.040+0000] {processor.py:186} INFO - Started process (PID=50405) to work on /workspaces/f1_data_team/venv/lib/python3.12/site-packages/airflow/example_dags/example_external_task_marker_dag.py
[2026-01-04T13:00:07.041+0000] {processor.py:914} INFO - Processing file /workspaces/f1_data_team/venv/lib/python3.12/site-packages/airflow/example_dags/example_external_task_marker_dag.py for tasks to queue
[2026-01-04T13:00:07.043+0000] {logging_mixin.py:190} INFO - [2026-01-04T13:00:07.043+0000] {dagbag.py:588} INFO - Filling up the DagBag from /workspaces/f1_data_team/venv/lib/python3.12/site-packages/airflow/example_dags/example_external_task_marker_dag.py
[2026-01-04T13:00:07.050+0000] {processor.py:925} INFO - DAG(s) 'example_external_task_marker_child', 'example_external_task_marker_parent' retrieved from /workspaces/f1_data_team/venv/lib/python3.12/site-packages/airflow/example_dags/example_external_task_marker_dag.py
[2026-01-04T13:00:07.064+0000] {logging_mixin.py:190} INFO - [2026-01-04T13:00:07.063+0000] {dag.py:3239} INFO - Sync 2 DAGs
[2026-01-04T13:00:07.073+0000] {logging_mixin.py:190} INFO - [2026-01-04T13:00:07.073+0000] {dag.py:4180} INFO - Setting next_dagrun for example_external_task_marker_child to None, run_after=None
[2026-01-04T13:00:07.076+0000] {logging_mixin.py:190} INFO - [2026-01-04T13:00:07.076+0000] {dag.py:4180} INFO - Setting next_dagrun for example_external_task_marker_parent to None, run_after=None
[2026-01-04T13:00:07.089+0000] {processor.py:208} INFO - Processing /workspaces/f1_data_team/venv/lib/python3.12/site-packages/airflow/example_dags/example_external_task_marker_dag.py took 0.053 seconds
[2026-01-04T13:01:01.587+0000] {processor.py:186} INFO - Started process (PID=50951) to work on /workspaces/f1_data_team/venv/lib/python3.12/site-packages/airflow/example_dags/example_external_task_marker_dag.py
[2026-01-04T13:01:01.587+0000] {processor.py:914} INFO - Processing file /workspaces/f1_data_team/venv/lib/python3.12/site-packages/airflow/example_dags/example_external_task_marker_dag.py for tasks to queue
[2026-01-04T13:01:01.589+0000] {logging_mixin.py:190} INFO - [2026-01-04T13:01:01.589+0000] {dagbag.py:588} INFO - Filling up the DagBag from /workspaces/f1_data_team/venv/lib/python3.12/site-packages/airflow/example_dags/example_external_task_marker_dag.py
[2026-01-04T13:01:01.596+0000] {processor.py:925} INFO - DAG(s) 'example_external_task_marker_child', 'example_external_task_marker_parent' retrieved from /workspaces/f1_data_team/venv/lib/python3.12/site-packages/airflow/example_dags/example_external_task_marker_dag.py
[2026-01-04T13:01:01.610+0000] {logging_mixin.py:190} INFO - [2026-01-04T13:01:01.610+0000] {dag.py:3239} INFO - Sync 2 DAGs
[2026-01-04T13:01:01.619+0000] {logging_mixin.py:190} INFO - [2026-01-04T13:01:01.619+0000] {dag.py:4180} INFO - Setting next_dagrun for example_external_task_marker_child to None, run_after=None
[2026-01-04T13:01:01.622+0000] {logging_mixin.py:190} INFO - [2026-01-04T13:01:01.622+0000] {dag.py:4180} INFO - Setting next_dagrun for example_external_task_marker_parent to None, run_after=None
[2026-01-04T13:01:01.635+0000] {processor.py:208} INFO - Processing /workspaces/f1_data_team/venv/lib/python3.12/site-packages/airflow/example_dags/example_external_task_marker_dag.py took 0.053 seconds
