[2026-01-04T12:27:05.228+0000] {processor.py:186} INFO - Started process (PID=24686) to work on /workspaces/f1_data_team/venv/lib/python3.12/site-packages/airflow/example_dags/example_latest_only_with_trigger.py
[2026-01-04T12:27:05.229+0000] {processor.py:914} INFO - Processing file /workspaces/f1_data_team/venv/lib/python3.12/site-packages/airflow/example_dags/example_latest_only_with_trigger.py for tasks to queue
[2026-01-04T12:27:05.230+0000] {logging_mixin.py:190} INFO - [2026-01-04T12:27:05.230+0000] {dagbag.py:588} INFO - Filling up the DagBag from /workspaces/f1_data_team/venv/lib/python3.12/site-packages/airflow/example_dags/example_latest_only_with_trigger.py
[2026-01-04T12:27:05.237+0000] {processor.py:925} INFO - DAG(s) 'latest_only_with_trigger' retrieved from /workspaces/f1_data_team/venv/lib/python3.12/site-packages/airflow/example_dags/example_latest_only_with_trigger.py
[2026-01-04T12:27:05.312+0000] {logging_mixin.py:190} INFO - [2026-01-04T12:27:05.311+0000] {override.py:1911} INFO - Created Permission View: can read on DAG:latest_only_with_trigger
[2026-01-04T12:27:05.319+0000] {logging_mixin.py:190} INFO - [2026-01-04T12:27:05.319+0000] {override.py:1911} INFO - Created Permission View: can edit on DAG:latest_only_with_trigger
[2026-01-04T12:27:05.327+0000] {logging_mixin.py:190} INFO - [2026-01-04T12:27:05.326+0000] {override.py:1911} INFO - Created Permission View: can delete on DAG:latest_only_with_trigger
[2026-01-04T12:27:05.335+0000] {logging_mixin.py:190} INFO - [2026-01-04T12:27:05.335+0000] {override.py:1911} INFO - Created Permission View: can read on DAG Run:latest_only_with_trigger
[2026-01-04T12:27:05.341+0000] {logging_mixin.py:190} INFO - [2026-01-04T12:27:05.340+0000] {override.py:1911} INFO - Created Permission View: menu access on DAG Run:latest_only_with_trigger
[2026-01-04T12:27:05.346+0000] {logging_mixin.py:190} INFO - [2026-01-04T12:27:05.345+0000] {override.py:1911} INFO - Created Permission View: can create on DAG Run:latest_only_with_trigger
[2026-01-04T12:27:05.351+0000] {logging_mixin.py:190} INFO - [2026-01-04T12:27:05.351+0000] {override.py:1911} INFO - Created Permission View: can delete on DAG Run:latest_only_with_trigger
[2026-01-04T12:27:05.351+0000] {logging_mixin.py:190} INFO - [2026-01-04T12:27:05.351+0000] {dag.py:3239} INFO - Sync 1 DAGs
[2026-01-04T12:27:05.359+0000] {logging_mixin.py:190} INFO - [2026-01-04T12:27:05.359+0000] {dag.py:3262} INFO - Creating ORM DAG for latest_only_with_trigger
[2026-01-04T12:27:05.366+0000] {logging_mixin.py:190} INFO - [2026-01-04T12:27:05.365+0000] {dag.py:4180} INFO - Setting next_dagrun for latest_only_with_trigger to 2026-01-04 08:00:00+00:00, run_after=2026-01-04 12:00:00+00:00
[2026-01-04T12:27:05.380+0000] {processor.py:208} INFO - Processing /workspaces/f1_data_team/venv/lib/python3.12/site-packages/airflow/example_dags/example_latest_only_with_trigger.py took 0.157 seconds
[2026-01-04T12:28:05.627+0000] {processor.py:186} INFO - Started process (PID=25217) to work on /workspaces/f1_data_team/venv/lib/python3.12/site-packages/airflow/example_dags/example_latest_only_with_trigger.py
[2026-01-04T12:28:05.628+0000] {processor.py:914} INFO - Processing file /workspaces/f1_data_team/venv/lib/python3.12/site-packages/airflow/example_dags/example_latest_only_with_trigger.py for tasks to queue
[2026-01-04T12:28:05.630+0000] {logging_mixin.py:190} INFO - [2026-01-04T12:28:05.630+0000] {dagbag.py:588} INFO - Filling up the DagBag from /workspaces/f1_data_team/venv/lib/python3.12/site-packages/airflow/example_dags/example_latest_only_with_trigger.py
[2026-01-04T12:28:05.636+0000] {processor.py:925} INFO - DAG(s) 'latest_only_with_trigger' retrieved from /workspaces/f1_data_team/venv/lib/python3.12/site-packages/airflow/example_dags/example_latest_only_with_trigger.py
[2026-01-04T12:28:05.648+0000] {logging_mixin.py:190} INFO - [2026-01-04T12:28:05.648+0000] {dag.py:3239} INFO - Sync 1 DAGs
[2026-01-04T12:28:05.663+0000] {logging_mixin.py:190} INFO - [2026-01-04T12:28:05.663+0000] {dag.py:4180} INFO - Setting next_dagrun for latest_only_with_trigger to 2026-01-04 08:00:00+00:00, run_after=2026-01-04 12:00:00+00:00
[2026-01-04T12:28:05.678+0000] {processor.py:208} INFO - Processing /workspaces/f1_data_team/venv/lib/python3.12/site-packages/airflow/example_dags/example_latest_only_with_trigger.py took 0.056 seconds
[2026-01-04T12:29:03.582+0000] {processor.py:186} INFO - Started process (PID=25986) to work on /workspaces/f1_data_team/venv/lib/python3.12/site-packages/airflow/example_dags/example_latest_only_with_trigger.py
[2026-01-04T12:29:03.583+0000] {processor.py:914} INFO - Processing file /workspaces/f1_data_team/venv/lib/python3.12/site-packages/airflow/example_dags/example_latest_only_with_trigger.py for tasks to queue
[2026-01-04T12:29:03.586+0000] {logging_mixin.py:190} INFO - [2026-01-04T12:29:03.585+0000] {dagbag.py:588} INFO - Filling up the DagBag from /workspaces/f1_data_team/venv/lib/python3.12/site-packages/airflow/example_dags/example_latest_only_with_trigger.py
[2026-01-04T12:29:03.596+0000] {processor.py:925} INFO - DAG(s) 'latest_only_with_trigger' retrieved from /workspaces/f1_data_team/venv/lib/python3.12/site-packages/airflow/example_dags/example_latest_only_with_trigger.py
[2026-01-04T12:29:03.614+0000] {logging_mixin.py:190} INFO - [2026-01-04T12:29:03.614+0000] {dag.py:3239} INFO - Sync 1 DAGs
[2026-01-04T12:29:03.637+0000] {logging_mixin.py:190} INFO - [2026-01-04T12:29:03.637+0000] {dag.py:4180} INFO - Setting next_dagrun for latest_only_with_trigger to 2026-01-04 08:00:00+00:00, run_after=2026-01-04 12:00:00+00:00
[2026-01-04T12:29:03.662+0000] {processor.py:208} INFO - Processing /workspaces/f1_data_team/venv/lib/python3.12/site-packages/airflow/example_dags/example_latest_only_with_trigger.py took 0.086 seconds
[2026-01-04T12:30:44.040+0000] {processor.py:186} INFO - Started process (PID=27741) to work on /workspaces/f1_data_team/venv/lib/python3.12/site-packages/airflow/example_dags/example_latest_only_with_trigger.py
[2026-01-04T12:30:44.041+0000] {processor.py:914} INFO - Processing file /workspaces/f1_data_team/venv/lib/python3.12/site-packages/airflow/example_dags/example_latest_only_with_trigger.py for tasks to queue
[2026-01-04T12:30:44.043+0000] {logging_mixin.py:190} INFO - [2026-01-04T12:30:44.043+0000] {dagbag.py:588} INFO - Filling up the DagBag from /workspaces/f1_data_team/venv/lib/python3.12/site-packages/airflow/example_dags/example_latest_only_with_trigger.py
[2026-01-04T12:30:44.052+0000] {processor.py:925} INFO - DAG(s) 'latest_only_with_trigger' retrieved from /workspaces/f1_data_team/venv/lib/python3.12/site-packages/airflow/example_dags/example_latest_only_with_trigger.py
[2026-01-04T12:30:44.082+0000] {logging_mixin.py:190} INFO - [2026-01-04T12:30:44.082+0000] {dag.py:3239} INFO - Sync 1 DAGs
[2026-01-04T12:30:44.106+0000] {logging_mixin.py:190} INFO - [2026-01-04T12:30:44.106+0000] {dag.py:4180} INFO - Setting next_dagrun for latest_only_with_trigger to 2026-01-04 08:00:00+00:00, run_after=2026-01-04 12:00:00+00:00
[2026-01-04T12:30:44.126+0000] {processor.py:208} INFO - Processing /workspaces/f1_data_team/venv/lib/python3.12/site-packages/airflow/example_dags/example_latest_only_with_trigger.py took 0.100 seconds
[2026-01-04T12:31:43.258+0000] {processor.py:186} INFO - Started process (PID=28732) to work on /workspaces/f1_data_team/venv/lib/python3.12/site-packages/airflow/example_dags/example_latest_only_with_trigger.py
[2026-01-04T12:31:43.312+0000] {processor.py:914} INFO - Processing file /workspaces/f1_data_team/venv/lib/python3.12/site-packages/airflow/example_dags/example_latest_only_with_trigger.py for tasks to queue
[2026-01-04T12:31:43.315+0000] {logging_mixin.py:190} INFO - [2026-01-04T12:31:43.314+0000] {dagbag.py:588} INFO - Filling up the DagBag from /workspaces/f1_data_team/venv/lib/python3.12/site-packages/airflow/example_dags/example_latest_only_with_trigger.py
[2026-01-04T12:31:43.326+0000] {processor.py:925} INFO - DAG(s) 'latest_only_with_trigger' retrieved from /workspaces/f1_data_team/venv/lib/python3.12/site-packages/airflow/example_dags/example_latest_only_with_trigger.py
[2026-01-04T12:31:43.345+0000] {logging_mixin.py:190} INFO - [2026-01-04T12:31:43.345+0000] {dag.py:3239} INFO - Sync 1 DAGs
[2026-01-04T12:31:43.377+0000] {logging_mixin.py:190} INFO - [2026-01-04T12:31:43.377+0000] {dag.py:4180} INFO - Setting next_dagrun for latest_only_with_trigger to 2026-01-04 08:00:00+00:00, run_after=2026-01-04 12:00:00+00:00
[2026-01-04T12:31:43.454+0000] {processor.py:208} INFO - Processing /workspaces/f1_data_team/venv/lib/python3.12/site-packages/airflow/example_dags/example_latest_only_with_trigger.py took 0.203 seconds
[2026-01-04T12:32:50.610+0000] {processor.py:186} INFO - Started process (PID=29928) to work on /workspaces/f1_data_team/venv/lib/python3.12/site-packages/airflow/example_dags/example_latest_only_with_trigger.py
[2026-01-04T12:32:50.611+0000] {processor.py:914} INFO - Processing file /workspaces/f1_data_team/venv/lib/python3.12/site-packages/airflow/example_dags/example_latest_only_with_trigger.py for tasks to queue
[2026-01-04T12:32:50.613+0000] {logging_mixin.py:190} INFO - [2026-01-04T12:32:50.613+0000] {dagbag.py:588} INFO - Filling up the DagBag from /workspaces/f1_data_team/venv/lib/python3.12/site-packages/airflow/example_dags/example_latest_only_with_trigger.py
[2026-01-04T12:32:50.619+0000] {processor.py:925} INFO - DAG(s) 'latest_only_with_trigger' retrieved from /workspaces/f1_data_team/venv/lib/python3.12/site-packages/airflow/example_dags/example_latest_only_with_trigger.py
[2026-01-04T12:32:50.633+0000] {logging_mixin.py:190} INFO - [2026-01-04T12:32:50.633+0000] {dag.py:3239} INFO - Sync 1 DAGs
[2026-01-04T12:32:50.649+0000] {logging_mixin.py:190} INFO - [2026-01-04T12:32:50.649+0000] {dag.py:4180} INFO - Setting next_dagrun for latest_only_with_trigger to 2026-01-04 08:00:00+00:00, run_after=2026-01-04 12:00:00+00:00
[2026-01-04T12:32:50.664+0000] {processor.py:208} INFO - Processing /workspaces/f1_data_team/venv/lib/python3.12/site-packages/airflow/example_dags/example_latest_only_with_trigger.py took 0.058 seconds
[2026-01-04T12:33:53.530+0000] {processor.py:186} INFO - Started process (PID=30737) to work on /workspaces/f1_data_team/venv/lib/python3.12/site-packages/airflow/example_dags/example_latest_only_with_trigger.py
[2026-01-04T12:33:53.531+0000] {processor.py:914} INFO - Processing file /workspaces/f1_data_team/venv/lib/python3.12/site-packages/airflow/example_dags/example_latest_only_with_trigger.py for tasks to queue
[2026-01-04T12:33:53.533+0000] {logging_mixin.py:190} INFO - [2026-01-04T12:33:53.533+0000] {dagbag.py:588} INFO - Filling up the DagBag from /workspaces/f1_data_team/venv/lib/python3.12/site-packages/airflow/example_dags/example_latest_only_with_trigger.py
[2026-01-04T12:33:53.539+0000] {processor.py:925} INFO - DAG(s) 'latest_only_with_trigger' retrieved from /workspaces/f1_data_team/venv/lib/python3.12/site-packages/airflow/example_dags/example_latest_only_with_trigger.py
[2026-01-04T12:33:53.552+0000] {logging_mixin.py:190} INFO - [2026-01-04T12:33:53.552+0000] {dag.py:3239} INFO - Sync 1 DAGs
[2026-01-04T12:33:53.566+0000] {logging_mixin.py:190} INFO - [2026-01-04T12:33:53.566+0000] {dag.py:4180} INFO - Setting next_dagrun for latest_only_with_trigger to 2026-01-04 08:00:00+00:00, run_after=2026-01-04 12:00:00+00:00
[2026-01-04T12:33:53.582+0000] {processor.py:208} INFO - Processing /workspaces/f1_data_team/venv/lib/python3.12/site-packages/airflow/example_dags/example_latest_only_with_trigger.py took 0.056 seconds
[2026-01-04T12:34:48.881+0000] {processor.py:186} INFO - Started process (PID=31299) to work on /workspaces/f1_data_team/venv/lib/python3.12/site-packages/airflow/example_dags/example_latest_only_with_trigger.py
[2026-01-04T12:34:48.882+0000] {processor.py:914} INFO - Processing file /workspaces/f1_data_team/venv/lib/python3.12/site-packages/airflow/example_dags/example_latest_only_with_trigger.py for tasks to queue
[2026-01-04T12:34:48.884+0000] {logging_mixin.py:190} INFO - [2026-01-04T12:34:48.883+0000] {dagbag.py:588} INFO - Filling up the DagBag from /workspaces/f1_data_team/venv/lib/python3.12/site-packages/airflow/example_dags/example_latest_only_with_trigger.py
[2026-01-04T12:34:48.890+0000] {processor.py:925} INFO - DAG(s) 'latest_only_with_trigger' retrieved from /workspaces/f1_data_team/venv/lib/python3.12/site-packages/airflow/example_dags/example_latest_only_with_trigger.py
[2026-01-04T12:34:48.902+0000] {logging_mixin.py:190} INFO - [2026-01-04T12:34:48.902+0000] {dag.py:3239} INFO - Sync 1 DAGs
[2026-01-04T12:34:48.917+0000] {logging_mixin.py:190} INFO - [2026-01-04T12:34:48.917+0000] {dag.py:4180} INFO - Setting next_dagrun for latest_only_with_trigger to 2026-01-04 08:00:00+00:00, run_after=2026-01-04 12:00:00+00:00
[2026-01-04T12:34:48.933+0000] {processor.py:208} INFO - Processing /workspaces/f1_data_team/venv/lib/python3.12/site-packages/airflow/example_dags/example_latest_only_with_trigger.py took 0.056 seconds
[2026-01-04T12:35:44.254+0000] {processor.py:186} INFO - Started process (PID=31815) to work on /workspaces/f1_data_team/venv/lib/python3.12/site-packages/airflow/example_dags/example_latest_only_with_trigger.py
[2026-01-04T12:35:44.255+0000] {processor.py:914} INFO - Processing file /workspaces/f1_data_team/venv/lib/python3.12/site-packages/airflow/example_dags/example_latest_only_with_trigger.py for tasks to queue
[2026-01-04T12:35:44.257+0000] {logging_mixin.py:190} INFO - [2026-01-04T12:35:44.257+0000] {dagbag.py:588} INFO - Filling up the DagBag from /workspaces/f1_data_team/venv/lib/python3.12/site-packages/airflow/example_dags/example_latest_only_with_trigger.py
[2026-01-04T12:35:44.263+0000] {processor.py:925} INFO - DAG(s) 'latest_only_with_trigger' retrieved from /workspaces/f1_data_team/venv/lib/python3.12/site-packages/airflow/example_dags/example_latest_only_with_trigger.py
[2026-01-04T12:35:44.275+0000] {logging_mixin.py:190} INFO - [2026-01-04T12:35:44.275+0000] {dag.py:3239} INFO - Sync 1 DAGs
[2026-01-04T12:35:44.290+0000] {logging_mixin.py:190} INFO - [2026-01-04T12:35:44.290+0000] {dag.py:4180} INFO - Setting next_dagrun for latest_only_with_trigger to 2026-01-04 08:00:00+00:00, run_after=2026-01-04 12:00:00+00:00
[2026-01-04T12:35:44.306+0000] {processor.py:208} INFO - Processing /workspaces/f1_data_team/venv/lib/python3.12/site-packages/airflow/example_dags/example_latest_only_with_trigger.py took 0.056 seconds
[2026-01-04T12:36:36.566+0000] {processor.py:186} INFO - Started process (PID=32438) to work on /workspaces/f1_data_team/venv/lib/python3.12/site-packages/airflow/example_dags/example_latest_only_with_trigger.py
[2026-01-04T12:36:36.566+0000] {processor.py:914} INFO - Processing file /workspaces/f1_data_team/venv/lib/python3.12/site-packages/airflow/example_dags/example_latest_only_with_trigger.py for tasks to queue
[2026-01-04T12:36:36.568+0000] {logging_mixin.py:190} INFO - [2026-01-04T12:36:36.568+0000] {dagbag.py:588} INFO - Filling up the DagBag from /workspaces/f1_data_team/venv/lib/python3.12/site-packages/airflow/example_dags/example_latest_only_with_trigger.py
[2026-01-04T12:36:36.575+0000] {processor.py:925} INFO - DAG(s) 'latest_only_with_trigger' retrieved from /workspaces/f1_data_team/venv/lib/python3.12/site-packages/airflow/example_dags/example_latest_only_with_trigger.py
[2026-01-04T12:36:36.588+0000] {logging_mixin.py:190} INFO - [2026-01-04T12:36:36.588+0000] {dag.py:3239} INFO - Sync 1 DAGs
[2026-01-04T12:36:36.603+0000] {logging_mixin.py:190} INFO - [2026-01-04T12:36:36.603+0000] {dag.py:4180} INFO - Setting next_dagrun for latest_only_with_trigger to 2026-01-04 08:00:00+00:00, run_after=2026-01-04 12:00:00+00:00
[2026-01-04T12:36:36.619+0000] {processor.py:208} INFO - Processing /workspaces/f1_data_team/venv/lib/python3.12/site-packages/airflow/example_dags/example_latest_only_with_trigger.py took 0.058 seconds
[2026-01-04T12:37:30.404+0000] {processor.py:186} INFO - Started process (PID=33078) to work on /workspaces/f1_data_team/venv/lib/python3.12/site-packages/airflow/example_dags/example_latest_only_with_trigger.py
[2026-01-04T12:37:30.404+0000] {processor.py:914} INFO - Processing file /workspaces/f1_data_team/venv/lib/python3.12/site-packages/airflow/example_dags/example_latest_only_with_trigger.py for tasks to queue
[2026-01-04T12:37:30.406+0000] {logging_mixin.py:190} INFO - [2026-01-04T12:37:30.406+0000] {dagbag.py:588} INFO - Filling up the DagBag from /workspaces/f1_data_team/venv/lib/python3.12/site-packages/airflow/example_dags/example_latest_only_with_trigger.py
[2026-01-04T12:37:30.412+0000] {processor.py:925} INFO - DAG(s) 'latest_only_with_trigger' retrieved from /workspaces/f1_data_team/venv/lib/python3.12/site-packages/airflow/example_dags/example_latest_only_with_trigger.py
[2026-01-04T12:37:30.425+0000] {logging_mixin.py:190} INFO - [2026-01-04T12:37:30.424+0000] {dag.py:3239} INFO - Sync 1 DAGs
[2026-01-04T12:37:30.440+0000] {logging_mixin.py:190} INFO - [2026-01-04T12:37:30.440+0000] {dag.py:4180} INFO - Setting next_dagrun for latest_only_with_trigger to 2026-01-04 08:00:00+00:00, run_after=2026-01-04 12:00:00+00:00
[2026-01-04T12:37:30.455+0000] {processor.py:208} INFO - Processing /workspaces/f1_data_team/venv/lib/python3.12/site-packages/airflow/example_dags/example_latest_only_with_trigger.py took 0.056 seconds
[2026-01-04T12:38:23.081+0000] {processor.py:186} INFO - Started process (PID=33847) to work on /workspaces/f1_data_team/venv/lib/python3.12/site-packages/airflow/example_dags/example_latest_only_with_trigger.py
[2026-01-04T12:38:23.082+0000] {processor.py:914} INFO - Processing file /workspaces/f1_data_team/venv/lib/python3.12/site-packages/airflow/example_dags/example_latest_only_with_trigger.py for tasks to queue
[2026-01-04T12:38:23.084+0000] {logging_mixin.py:190} INFO - [2026-01-04T12:38:23.084+0000] {dagbag.py:588} INFO - Filling up the DagBag from /workspaces/f1_data_team/venv/lib/python3.12/site-packages/airflow/example_dags/example_latest_only_with_trigger.py
[2026-01-04T12:38:23.092+0000] {processor.py:925} INFO - DAG(s) 'latest_only_with_trigger' retrieved from /workspaces/f1_data_team/venv/lib/python3.12/site-packages/airflow/example_dags/example_latest_only_with_trigger.py
[2026-01-04T12:38:23.104+0000] {logging_mixin.py:190} INFO - [2026-01-04T12:38:23.104+0000] {dag.py:3239} INFO - Sync 1 DAGs
[2026-01-04T12:38:23.119+0000] {logging_mixin.py:190} INFO - [2026-01-04T12:38:23.119+0000] {dag.py:4180} INFO - Setting next_dagrun for latest_only_with_trigger to 2026-01-04 08:00:00+00:00, run_after=2026-01-04 12:00:00+00:00
[2026-01-04T12:38:23.135+0000] {processor.py:208} INFO - Processing /workspaces/f1_data_team/venv/lib/python3.12/site-packages/airflow/example_dags/example_latest_only_with_trigger.py took 0.061 seconds
[2026-01-04T12:39:14.946+0000] {processor.py:186} INFO - Started process (PID=34265) to work on /workspaces/f1_data_team/venv/lib/python3.12/site-packages/airflow/example_dags/example_latest_only_with_trigger.py
[2026-01-04T12:39:14.947+0000] {processor.py:914} INFO - Processing file /workspaces/f1_data_team/venv/lib/python3.12/site-packages/airflow/example_dags/example_latest_only_with_trigger.py for tasks to queue
[2026-01-04T12:39:14.949+0000] {logging_mixin.py:190} INFO - [2026-01-04T12:39:14.949+0000] {dagbag.py:588} INFO - Filling up the DagBag from /workspaces/f1_data_team/venv/lib/python3.12/site-packages/airflow/example_dags/example_latest_only_with_trigger.py
[2026-01-04T12:39:14.957+0000] {processor.py:925} INFO - DAG(s) 'latest_only_with_trigger' retrieved from /workspaces/f1_data_team/venv/lib/python3.12/site-packages/airflow/example_dags/example_latest_only_with_trigger.py
[2026-01-04T12:39:14.969+0000] {logging_mixin.py:190} INFO - [2026-01-04T12:39:14.969+0000] {dag.py:3239} INFO - Sync 1 DAGs
[2026-01-04T12:39:14.989+0000] {logging_mixin.py:190} INFO - [2026-01-04T12:39:14.989+0000] {dag.py:4180} INFO - Setting next_dagrun for latest_only_with_trigger to 2026-01-04 08:00:00+00:00, run_after=2026-01-04 12:00:00+00:00
[2026-01-04T12:39:15.004+0000] {processor.py:208} INFO - Processing /workspaces/f1_data_team/venv/lib/python3.12/site-packages/airflow/example_dags/example_latest_only_with_trigger.py took 0.062 seconds
[2026-01-04T12:40:09.419+0000] {processor.py:186} INFO - Started process (PID=34790) to work on /workspaces/f1_data_team/venv/lib/python3.12/site-packages/airflow/example_dags/example_latest_only_with_trigger.py
[2026-01-04T12:40:09.420+0000] {processor.py:914} INFO - Processing file /workspaces/f1_data_team/venv/lib/python3.12/site-packages/airflow/example_dags/example_latest_only_with_trigger.py for tasks to queue
[2026-01-04T12:40:09.422+0000] {logging_mixin.py:190} INFO - [2026-01-04T12:40:09.422+0000] {dagbag.py:588} INFO - Filling up the DagBag from /workspaces/f1_data_team/venv/lib/python3.12/site-packages/airflow/example_dags/example_latest_only_with_trigger.py
[2026-01-04T12:40:09.428+0000] {processor.py:925} INFO - DAG(s) 'latest_only_with_trigger' retrieved from /workspaces/f1_data_team/venv/lib/python3.12/site-packages/airflow/example_dags/example_latest_only_with_trigger.py
[2026-01-04T12:40:09.440+0000] {logging_mixin.py:190} INFO - [2026-01-04T12:40:09.440+0000] {dag.py:3239} INFO - Sync 1 DAGs
[2026-01-04T12:40:09.455+0000] {logging_mixin.py:190} INFO - [2026-01-04T12:40:09.455+0000] {dag.py:4180} INFO - Setting next_dagrun for latest_only_with_trigger to 2026-01-04 08:00:00+00:00, run_after=2026-01-04 12:00:00+00:00
[2026-01-04T12:40:09.470+0000] {processor.py:208} INFO - Processing /workspaces/f1_data_team/venv/lib/python3.12/site-packages/airflow/example_dags/example_latest_only_with_trigger.py took 0.055 seconds
[2026-01-04T12:41:49.201+0000] {processor.py:186} INFO - Started process (PID=36063) to work on /workspaces/f1_data_team/venv/lib/python3.12/site-packages/airflow/example_dags/example_latest_only_with_trigger.py
[2026-01-04T12:41:49.202+0000] {processor.py:914} INFO - Processing file /workspaces/f1_data_team/venv/lib/python3.12/site-packages/airflow/example_dags/example_latest_only_with_trigger.py for tasks to queue
[2026-01-04T12:41:49.203+0000] {logging_mixin.py:190} INFO - [2026-01-04T12:41:49.203+0000] {dagbag.py:588} INFO - Filling up the DagBag from /workspaces/f1_data_team/venv/lib/python3.12/site-packages/airflow/example_dags/example_latest_only_with_trigger.py
[2026-01-04T12:41:49.209+0000] {processor.py:925} INFO - DAG(s) 'latest_only_with_trigger' retrieved from /workspaces/f1_data_team/venv/lib/python3.12/site-packages/airflow/example_dags/example_latest_only_with_trigger.py
[2026-01-04T12:41:49.228+0000] {logging_mixin.py:190} INFO - [2026-01-04T12:41:49.228+0000] {dag.py:3239} INFO - Sync 1 DAGs
[2026-01-04T12:41:49.243+0000] {logging_mixin.py:190} INFO - [2026-01-04T12:41:49.243+0000] {dag.py:4180} INFO - Setting next_dagrun for latest_only_with_trigger to 2026-01-04 08:00:00+00:00, run_after=2026-01-04 12:00:00+00:00
[2026-01-04T12:41:49.257+0000] {processor.py:208} INFO - Processing /workspaces/f1_data_team/venv/lib/python3.12/site-packages/airflow/example_dags/example_latest_only_with_trigger.py took 0.061 seconds
[2026-01-04T12:42:54.415+0000] {processor.py:186} INFO - Started process (PID=37077) to work on /workspaces/f1_data_team/venv/lib/python3.12/site-packages/airflow/example_dags/example_latest_only_with_trigger.py
[2026-01-04T12:42:54.416+0000] {processor.py:914} INFO - Processing file /workspaces/f1_data_team/venv/lib/python3.12/site-packages/airflow/example_dags/example_latest_only_with_trigger.py for tasks to queue
[2026-01-04T12:42:54.418+0000] {logging_mixin.py:190} INFO - [2026-01-04T12:42:54.418+0000] {dagbag.py:588} INFO - Filling up the DagBag from /workspaces/f1_data_team/venv/lib/python3.12/site-packages/airflow/example_dags/example_latest_only_with_trigger.py
[2026-01-04T12:42:54.424+0000] {processor.py:925} INFO - DAG(s) 'latest_only_with_trigger' retrieved from /workspaces/f1_data_team/venv/lib/python3.12/site-packages/airflow/example_dags/example_latest_only_with_trigger.py
[2026-01-04T12:42:54.437+0000] {logging_mixin.py:190} INFO - [2026-01-04T12:42:54.437+0000] {dag.py:3239} INFO - Sync 1 DAGs
[2026-01-04T12:42:54.452+0000] {logging_mixin.py:190} INFO - [2026-01-04T12:42:54.451+0000] {dag.py:4180} INFO - Setting next_dagrun for latest_only_with_trigger to 2026-01-04 08:00:00+00:00, run_after=2026-01-04 12:00:00+00:00
[2026-01-04T12:42:54.466+0000] {processor.py:208} INFO - Processing /workspaces/f1_data_team/venv/lib/python3.12/site-packages/airflow/example_dags/example_latest_only_with_trigger.py took 0.055 seconds
[2026-01-04T12:43:57.293+0000] {processor.py:186} INFO - Started process (PID=37812) to work on /workspaces/f1_data_team/venv/lib/python3.12/site-packages/airflow/example_dags/example_latest_only_with_trigger.py
[2026-01-04T12:43:57.294+0000] {processor.py:914} INFO - Processing file /workspaces/f1_data_team/venv/lib/python3.12/site-packages/airflow/example_dags/example_latest_only_with_trigger.py for tasks to queue
[2026-01-04T12:43:57.295+0000] {logging_mixin.py:190} INFO - [2026-01-04T12:43:57.295+0000] {dagbag.py:588} INFO - Filling up the DagBag from /workspaces/f1_data_team/venv/lib/python3.12/site-packages/airflow/example_dags/example_latest_only_with_trigger.py
[2026-01-04T12:43:57.302+0000] {processor.py:925} INFO - DAG(s) 'latest_only_with_trigger' retrieved from /workspaces/f1_data_team/venv/lib/python3.12/site-packages/airflow/example_dags/example_latest_only_with_trigger.py
[2026-01-04T12:43:57.314+0000] {logging_mixin.py:190} INFO - [2026-01-04T12:43:57.314+0000] {dag.py:3239} INFO - Sync 1 DAGs
[2026-01-04T12:43:57.329+0000] {logging_mixin.py:190} INFO - [2026-01-04T12:43:57.329+0000] {dag.py:4180} INFO - Setting next_dagrun for latest_only_with_trigger to 2026-01-04 08:00:00+00:00, run_after=2026-01-04 12:00:00+00:00
[2026-01-04T12:43:57.344+0000] {processor.py:208} INFO - Processing /workspaces/f1_data_team/venv/lib/python3.12/site-packages/airflow/example_dags/example_latest_only_with_trigger.py took 0.056 seconds
[2026-01-04T12:44:50.298+0000] {processor.py:186} INFO - Started process (PID=38623) to work on /workspaces/f1_data_team/venv/lib/python3.12/site-packages/airflow/example_dags/example_latest_only_with_trigger.py
[2026-01-04T12:44:50.298+0000] {processor.py:914} INFO - Processing file /workspaces/f1_data_team/venv/lib/python3.12/site-packages/airflow/example_dags/example_latest_only_with_trigger.py for tasks to queue
[2026-01-04T12:44:50.300+0000] {logging_mixin.py:190} INFO - [2026-01-04T12:44:50.300+0000] {dagbag.py:588} INFO - Filling up the DagBag from /workspaces/f1_data_team/venv/lib/python3.12/site-packages/airflow/example_dags/example_latest_only_with_trigger.py
[2026-01-04T12:44:50.307+0000] {processor.py:925} INFO - DAG(s) 'latest_only_with_trigger' retrieved from /workspaces/f1_data_team/venv/lib/python3.12/site-packages/airflow/example_dags/example_latest_only_with_trigger.py
[2026-01-04T12:44:50.319+0000] {logging_mixin.py:190} INFO - [2026-01-04T12:44:50.319+0000] {dag.py:3239} INFO - Sync 1 DAGs
[2026-01-04T12:44:50.334+0000] {logging_mixin.py:190} INFO - [2026-01-04T12:44:50.334+0000] {dag.py:4180} INFO - Setting next_dagrun for latest_only_with_trigger to 2026-01-04 08:00:00+00:00, run_after=2026-01-04 12:00:00+00:00
[2026-01-04T12:44:50.348+0000] {processor.py:208} INFO - Processing /workspaces/f1_data_team/venv/lib/python3.12/site-packages/airflow/example_dags/example_latest_only_with_trigger.py took 0.055 seconds
[2026-01-04T12:45:55.125+0000] {processor.py:186} INFO - Started process (PID=39587) to work on /workspaces/f1_data_team/venv/lib/python3.12/site-packages/airflow/example_dags/example_latest_only_with_trigger.py
[2026-01-04T12:45:55.125+0000] {processor.py:914} INFO - Processing file /workspaces/f1_data_team/venv/lib/python3.12/site-packages/airflow/example_dags/example_latest_only_with_trigger.py for tasks to queue
[2026-01-04T12:45:55.127+0000] {logging_mixin.py:190} INFO - [2026-01-04T12:45:55.127+0000] {dagbag.py:588} INFO - Filling up the DagBag from /workspaces/f1_data_team/venv/lib/python3.12/site-packages/airflow/example_dags/example_latest_only_with_trigger.py
[2026-01-04T12:45:55.136+0000] {processor.py:925} INFO - DAG(s) 'latest_only_with_trigger' retrieved from /workspaces/f1_data_team/venv/lib/python3.12/site-packages/airflow/example_dags/example_latest_only_with_trigger.py
[2026-01-04T12:45:55.154+0000] {logging_mixin.py:190} INFO - [2026-01-04T12:45:55.154+0000] {dag.py:3239} INFO - Sync 1 DAGs
[2026-01-04T12:45:55.173+0000] {logging_mixin.py:190} INFO - [2026-01-04T12:45:55.173+0000] {dag.py:4180} INFO - Setting next_dagrun for latest_only_with_trigger to 2026-01-04 08:00:00+00:00, run_after=2026-01-04 12:00:00+00:00
[2026-01-04T12:45:55.187+0000] {processor.py:208} INFO - Processing /workspaces/f1_data_team/venv/lib/python3.12/site-packages/airflow/example_dags/example_latest_only_with_trigger.py took 0.068 seconds
[2026-01-04T12:46:46.620+0000] {processor.py:186} INFO - Started process (PID=40160) to work on /workspaces/f1_data_team/venv/lib/python3.12/site-packages/airflow/example_dags/example_latest_only_with_trigger.py
[2026-01-04T12:46:46.621+0000] {processor.py:914} INFO - Processing file /workspaces/f1_data_team/venv/lib/python3.12/site-packages/airflow/example_dags/example_latest_only_with_trigger.py for tasks to queue
[2026-01-04T12:46:46.623+0000] {logging_mixin.py:190} INFO - [2026-01-04T12:46:46.623+0000] {dagbag.py:588} INFO - Filling up the DagBag from /workspaces/f1_data_team/venv/lib/python3.12/site-packages/airflow/example_dags/example_latest_only_with_trigger.py
[2026-01-04T12:46:46.630+0000] {processor.py:925} INFO - DAG(s) 'latest_only_with_trigger' retrieved from /workspaces/f1_data_team/venv/lib/python3.12/site-packages/airflow/example_dags/example_latest_only_with_trigger.py
[2026-01-04T12:46:46.642+0000] {logging_mixin.py:190} INFO - [2026-01-04T12:46:46.642+0000] {dag.py:3239} INFO - Sync 1 DAGs
[2026-01-04T12:46:46.658+0000] {logging_mixin.py:190} INFO - [2026-01-04T12:46:46.658+0000] {dag.py:4180} INFO - Setting next_dagrun for latest_only_with_trigger to 2026-01-04 08:00:00+00:00, run_after=2026-01-04 12:00:00+00:00
[2026-01-04T12:46:46.673+0000] {processor.py:208} INFO - Processing /workspaces/f1_data_team/venv/lib/python3.12/site-packages/airflow/example_dags/example_latest_only_with_trigger.py took 0.057 seconds
[2026-01-04T12:47:38.302+0000] {processor.py:186} INFO - Started process (PID=40656) to work on /workspaces/f1_data_team/venv/lib/python3.12/site-packages/airflow/example_dags/example_latest_only_with_trigger.py
[2026-01-04T12:47:38.303+0000] {processor.py:914} INFO - Processing file /workspaces/f1_data_team/venv/lib/python3.12/site-packages/airflow/example_dags/example_latest_only_with_trigger.py for tasks to queue
[2026-01-04T12:47:38.312+0000] {logging_mixin.py:190} INFO - [2026-01-04T12:47:38.312+0000] {dagbag.py:588} INFO - Filling up the DagBag from /workspaces/f1_data_team/venv/lib/python3.12/site-packages/airflow/example_dags/example_latest_only_with_trigger.py
[2026-01-04T12:47:38.328+0000] {processor.py:925} INFO - DAG(s) 'latest_only_with_trigger' retrieved from /workspaces/f1_data_team/venv/lib/python3.12/site-packages/airflow/example_dags/example_latest_only_with_trigger.py
[2026-01-04T12:47:38.357+0000] {logging_mixin.py:190} INFO - [2026-01-04T12:47:38.353+0000] {dag.py:3239} INFO - Sync 1 DAGs
[2026-01-04T12:47:38.389+0000] {logging_mixin.py:190} INFO - [2026-01-04T12:47:38.389+0000] {dag.py:4180} INFO - Setting next_dagrun for latest_only_with_trigger to 2026-01-04 08:00:00+00:00, run_after=2026-01-04 12:00:00+00:00
[2026-01-04T12:47:38.414+0000] {processor.py:208} INFO - Processing /workspaces/f1_data_team/venv/lib/python3.12/site-packages/airflow/example_dags/example_latest_only_with_trigger.py took 0.123 seconds
[2026-01-04T12:49:09.510+0000] {processor.py:186} INFO - Started process (PID=42108) to work on /workspaces/f1_data_team/venv/lib/python3.12/site-packages/airflow/example_dags/example_latest_only_with_trigger.py
[2026-01-04T12:49:09.511+0000] {processor.py:914} INFO - Processing file /workspaces/f1_data_team/venv/lib/python3.12/site-packages/airflow/example_dags/example_latest_only_with_trigger.py for tasks to queue
[2026-01-04T12:49:09.513+0000] {logging_mixin.py:190} INFO - [2026-01-04T12:49:09.513+0000] {dagbag.py:588} INFO - Filling up the DagBag from /workspaces/f1_data_team/venv/lib/python3.12/site-packages/airflow/example_dags/example_latest_only_with_trigger.py
[2026-01-04T12:49:09.519+0000] {processor.py:925} INFO - DAG(s) 'latest_only_with_trigger' retrieved from /workspaces/f1_data_team/venv/lib/python3.12/site-packages/airflow/example_dags/example_latest_only_with_trigger.py
[2026-01-04T12:49:09.533+0000] {logging_mixin.py:190} INFO - [2026-01-04T12:49:09.533+0000] {dag.py:3239} INFO - Sync 1 DAGs
[2026-01-04T12:49:09.548+0000] {logging_mixin.py:190} INFO - [2026-01-04T12:49:09.547+0000] {dag.py:4180} INFO - Setting next_dagrun for latest_only_with_trigger to 2026-01-04 08:00:00+00:00, run_after=2026-01-04 12:00:00+00:00
[2026-01-04T12:49:09.562+0000] {processor.py:208} INFO - Processing /workspaces/f1_data_team/venv/lib/python3.12/site-packages/airflow/example_dags/example_latest_only_with_trigger.py took 0.056 seconds
[2026-01-04T12:50:06.633+0000] {processor.py:186} INFO - Started process (PID=42668) to work on /workspaces/f1_data_team/venv/lib/python3.12/site-packages/airflow/example_dags/example_latest_only_with_trigger.py
[2026-01-04T12:50:06.634+0000] {processor.py:914} INFO - Processing file /workspaces/f1_data_team/venv/lib/python3.12/site-packages/airflow/example_dags/example_latest_only_with_trigger.py for tasks to queue
[2026-01-04T12:50:06.636+0000] {logging_mixin.py:190} INFO - [2026-01-04T12:50:06.635+0000] {dagbag.py:588} INFO - Filling up the DagBag from /workspaces/f1_data_team/venv/lib/python3.12/site-packages/airflow/example_dags/example_latest_only_with_trigger.py
[2026-01-04T12:50:06.644+0000] {processor.py:925} INFO - DAG(s) 'latest_only_with_trigger' retrieved from /workspaces/f1_data_team/venv/lib/python3.12/site-packages/airflow/example_dags/example_latest_only_with_trigger.py
[2026-01-04T12:50:06.657+0000] {logging_mixin.py:190} INFO - [2026-01-04T12:50:06.657+0000] {dag.py:3239} INFO - Sync 1 DAGs
[2026-01-04T12:50:06.672+0000] {logging_mixin.py:190} INFO - [2026-01-04T12:50:06.672+0000] {dag.py:4180} INFO - Setting next_dagrun for latest_only_with_trigger to 2026-01-04 08:00:00+00:00, run_after=2026-01-04 12:00:00+00:00
[2026-01-04T12:50:06.687+0000] {processor.py:208} INFO - Processing /workspaces/f1_data_team/venv/lib/python3.12/site-packages/airflow/example_dags/example_latest_only_with_trigger.py took 0.058 seconds
[2026-01-04T12:51:43.998+0000] {processor.py:186} INFO - Started process (PID=44163) to work on /workspaces/f1_data_team/venv/lib/python3.12/site-packages/airflow/example_dags/example_latest_only_with_trigger.py
[2026-01-04T12:51:43.998+0000] {processor.py:914} INFO - Processing file /workspaces/f1_data_team/venv/lib/python3.12/site-packages/airflow/example_dags/example_latest_only_with_trigger.py for tasks to queue
[2026-01-04T12:51:44.000+0000] {logging_mixin.py:190} INFO - [2026-01-04T12:51:44.000+0000] {dagbag.py:588} INFO - Filling up the DagBag from /workspaces/f1_data_team/venv/lib/python3.12/site-packages/airflow/example_dags/example_latest_only_with_trigger.py
[2026-01-04T12:51:44.006+0000] {processor.py:925} INFO - DAG(s) 'latest_only_with_trigger' retrieved from /workspaces/f1_data_team/venv/lib/python3.12/site-packages/airflow/example_dags/example_latest_only_with_trigger.py
[2026-01-04T12:51:44.021+0000] {logging_mixin.py:190} INFO - [2026-01-04T12:51:44.020+0000] {dag.py:3239} INFO - Sync 1 DAGs
[2026-01-04T12:51:44.036+0000] {logging_mixin.py:190} INFO - [2026-01-04T12:51:44.036+0000] {dag.py:4180} INFO - Setting next_dagrun for latest_only_with_trigger to 2026-01-04 08:00:00+00:00, run_after=2026-01-04 12:00:00+00:00
[2026-01-04T12:51:44.051+0000] {processor.py:208} INFO - Processing /workspaces/f1_data_team/venv/lib/python3.12/site-packages/airflow/example_dags/example_latest_only_with_trigger.py took 0.058 seconds
[2026-01-04T12:52:42.822+0000] {processor.py:186} INFO - Started process (PID=45081) to work on /workspaces/f1_data_team/venv/lib/python3.12/site-packages/airflow/example_dags/example_latest_only_with_trigger.py
[2026-01-04T12:52:42.823+0000] {processor.py:914} INFO - Processing file /workspaces/f1_data_team/venv/lib/python3.12/site-packages/airflow/example_dags/example_latest_only_with_trigger.py for tasks to queue
[2026-01-04T12:52:42.826+0000] {logging_mixin.py:190} INFO - [2026-01-04T12:52:42.826+0000] {dagbag.py:588} INFO - Filling up the DagBag from /workspaces/f1_data_team/venv/lib/python3.12/site-packages/airflow/example_dags/example_latest_only_with_trigger.py
[2026-01-04T12:52:42.832+0000] {processor.py:925} INFO - DAG(s) 'latest_only_with_trigger' retrieved from /workspaces/f1_data_team/venv/lib/python3.12/site-packages/airflow/example_dags/example_latest_only_with_trigger.py
[2026-01-04T12:52:42.845+0000] {logging_mixin.py:190} INFO - [2026-01-04T12:52:42.844+0000] {dag.py:3239} INFO - Sync 1 DAGs
[2026-01-04T12:52:42.860+0000] {logging_mixin.py:190} INFO - [2026-01-04T12:52:42.860+0000] {dag.py:4180} INFO - Setting next_dagrun for latest_only_with_trigger to 2026-01-04 08:00:00+00:00, run_after=2026-01-04 12:00:00+00:00
[2026-01-04T12:52:42.875+0000] {processor.py:208} INFO - Processing /workspaces/f1_data_team/venv/lib/python3.12/site-packages/airflow/example_dags/example_latest_only_with_trigger.py took 0.057 seconds
[2026-01-04T12:53:38.181+0000] {processor.py:186} INFO - Started process (PID=45928) to work on /workspaces/f1_data_team/venv/lib/python3.12/site-packages/airflow/example_dags/example_latest_only_with_trigger.py
[2026-01-04T12:53:38.182+0000] {processor.py:914} INFO - Processing file /workspaces/f1_data_team/venv/lib/python3.12/site-packages/airflow/example_dags/example_latest_only_with_trigger.py for tasks to queue
[2026-01-04T12:53:38.184+0000] {logging_mixin.py:190} INFO - [2026-01-04T12:53:38.184+0000] {dagbag.py:588} INFO - Filling up the DagBag from /workspaces/f1_data_team/venv/lib/python3.12/site-packages/airflow/example_dags/example_latest_only_with_trigger.py
[2026-01-04T12:53:38.190+0000] {processor.py:925} INFO - DAG(s) 'latest_only_with_trigger' retrieved from /workspaces/f1_data_team/venv/lib/python3.12/site-packages/airflow/example_dags/example_latest_only_with_trigger.py
[2026-01-04T12:53:38.205+0000] {logging_mixin.py:190} INFO - [2026-01-04T12:53:38.205+0000] {dag.py:3239} INFO - Sync 1 DAGs
[2026-01-04T12:53:38.228+0000] {logging_mixin.py:190} INFO - [2026-01-04T12:53:38.227+0000] {dag.py:4180} INFO - Setting next_dagrun for latest_only_with_trigger to 2026-01-04 08:00:00+00:00, run_after=2026-01-04 12:00:00+00:00
[2026-01-04T12:53:38.247+0000] {processor.py:208} INFO - Processing /workspaces/f1_data_team/venv/lib/python3.12/site-packages/airflow/example_dags/example_latest_only_with_trigger.py took 0.070 seconds
[2026-01-04T12:54:36.988+0000] {processor.py:186} INFO - Started process (PID=46771) to work on /workspaces/f1_data_team/venv/lib/python3.12/site-packages/airflow/example_dags/example_latest_only_with_trigger.py
[2026-01-04T12:54:36.989+0000] {processor.py:914} INFO - Processing file /workspaces/f1_data_team/venv/lib/python3.12/site-packages/airflow/example_dags/example_latest_only_with_trigger.py for tasks to queue
[2026-01-04T12:54:36.991+0000] {logging_mixin.py:190} INFO - [2026-01-04T12:54:36.990+0000] {dagbag.py:588} INFO - Filling up the DagBag from /workspaces/f1_data_team/venv/lib/python3.12/site-packages/airflow/example_dags/example_latest_only_with_trigger.py
[2026-01-04T12:54:36.997+0000] {processor.py:925} INFO - DAG(s) 'latest_only_with_trigger' retrieved from /workspaces/f1_data_team/venv/lib/python3.12/site-packages/airflow/example_dags/example_latest_only_with_trigger.py
[2026-01-04T12:54:37.009+0000] {logging_mixin.py:190} INFO - [2026-01-04T12:54:37.009+0000] {dag.py:3239} INFO - Sync 1 DAGs
[2026-01-04T12:54:37.024+0000] {logging_mixin.py:190} INFO - [2026-01-04T12:54:37.024+0000] {dag.py:4180} INFO - Setting next_dagrun for latest_only_with_trigger to 2026-01-04 08:00:00+00:00, run_after=2026-01-04 12:00:00+00:00
[2026-01-04T12:54:37.039+0000] {processor.py:208} INFO - Processing /workspaces/f1_data_team/venv/lib/python3.12/site-packages/airflow/example_dags/example_latest_only_with_trigger.py took 0.056 seconds
[2026-01-04T12:55:39.710+0000] {processor.py:186} INFO - Started process (PID=47761) to work on /workspaces/f1_data_team/venv/lib/python3.12/site-packages/airflow/example_dags/example_latest_only_with_trigger.py
[2026-01-04T12:55:39.711+0000] {processor.py:914} INFO - Processing file /workspaces/f1_data_team/venv/lib/python3.12/site-packages/airflow/example_dags/example_latest_only_with_trigger.py for tasks to queue
[2026-01-04T12:55:39.713+0000] {logging_mixin.py:190} INFO - [2026-01-04T12:55:39.713+0000] {dagbag.py:588} INFO - Filling up the DagBag from /workspaces/f1_data_team/venv/lib/python3.12/site-packages/airflow/example_dags/example_latest_only_with_trigger.py
[2026-01-04T12:55:39.719+0000] {processor.py:925} INFO - DAG(s) 'latest_only_with_trigger' retrieved from /workspaces/f1_data_team/venv/lib/python3.12/site-packages/airflow/example_dags/example_latest_only_with_trigger.py
[2026-01-04T12:55:39.732+0000] {logging_mixin.py:190} INFO - [2026-01-04T12:55:39.732+0000] {dag.py:3239} INFO - Sync 1 DAGs
[2026-01-04T12:55:39.747+0000] {logging_mixin.py:190} INFO - [2026-01-04T12:55:39.747+0000] {dag.py:4180} INFO - Setting next_dagrun for latest_only_with_trigger to 2026-01-04 08:00:00+00:00, run_after=2026-01-04 12:00:00+00:00
[2026-01-04T12:55:39.762+0000] {processor.py:208} INFO - Processing /workspaces/f1_data_team/venv/lib/python3.12/site-packages/airflow/example_dags/example_latest_only_with_trigger.py took 0.056 seconds
[2026-01-04T12:56:35.521+0000] {processor.py:186} INFO - Started process (PID=48337) to work on /workspaces/f1_data_team/venv/lib/python3.12/site-packages/airflow/example_dags/example_latest_only_with_trigger.py
[2026-01-04T12:56:35.521+0000] {processor.py:914} INFO - Processing file /workspaces/f1_data_team/venv/lib/python3.12/site-packages/airflow/example_dags/example_latest_only_with_trigger.py for tasks to queue
[2026-01-04T12:56:35.523+0000] {logging_mixin.py:190} INFO - [2026-01-04T12:56:35.523+0000] {dagbag.py:588} INFO - Filling up the DagBag from /workspaces/f1_data_team/venv/lib/python3.12/site-packages/airflow/example_dags/example_latest_only_with_trigger.py
[2026-01-04T12:56:35.530+0000] {processor.py:925} INFO - DAG(s) 'latest_only_with_trigger' retrieved from /workspaces/f1_data_team/venv/lib/python3.12/site-packages/airflow/example_dags/example_latest_only_with_trigger.py
[2026-01-04T12:56:35.544+0000] {logging_mixin.py:190} INFO - [2026-01-04T12:56:35.544+0000] {dag.py:3239} INFO - Sync 1 DAGs
[2026-01-04T12:56:35.559+0000] {logging_mixin.py:190} INFO - [2026-01-04T12:56:35.559+0000] {dag.py:4180} INFO - Setting next_dagrun for latest_only_with_trigger to 2026-01-04 08:00:00+00:00, run_after=2026-01-04 12:00:00+00:00
[2026-01-04T12:56:35.574+0000] {processor.py:208} INFO - Processing /workspaces/f1_data_team/venv/lib/python3.12/site-packages/airflow/example_dags/example_latest_only_with_trigger.py took 0.058 seconds
[2026-01-04T12:57:41.634+0000] {processor.py:186} INFO - Started process (PID=48932) to work on /workspaces/f1_data_team/venv/lib/python3.12/site-packages/airflow/example_dags/example_latest_only_with_trigger.py
[2026-01-04T12:57:41.635+0000] {processor.py:914} INFO - Processing file /workspaces/f1_data_team/venv/lib/python3.12/site-packages/airflow/example_dags/example_latest_only_with_trigger.py for tasks to queue
[2026-01-04T12:57:41.637+0000] {logging_mixin.py:190} INFO - [2026-01-04T12:57:41.636+0000] {dagbag.py:588} INFO - Filling up the DagBag from /workspaces/f1_data_team/venv/lib/python3.12/site-packages/airflow/example_dags/example_latest_only_with_trigger.py
[2026-01-04T12:57:41.643+0000] {processor.py:925} INFO - DAG(s) 'latest_only_with_trigger' retrieved from /workspaces/f1_data_team/venv/lib/python3.12/site-packages/airflow/example_dags/example_latest_only_with_trigger.py
[2026-01-04T12:57:41.655+0000] {logging_mixin.py:190} INFO - [2026-01-04T12:57:41.655+0000] {dag.py:3239} INFO - Sync 1 DAGs
[2026-01-04T12:57:41.670+0000] {logging_mixin.py:190} INFO - [2026-01-04T12:57:41.670+0000] {dag.py:4180} INFO - Setting next_dagrun for latest_only_with_trigger to 2026-01-04 08:00:00+00:00, run_after=2026-01-04 12:00:00+00:00
[2026-01-04T12:57:41.686+0000] {processor.py:208} INFO - Processing /workspaces/f1_data_team/venv/lib/python3.12/site-packages/airflow/example_dags/example_latest_only_with_trigger.py took 0.057 seconds
[2026-01-04T12:58:33.556+0000] {processor.py:186} INFO - Started process (PID=49442) to work on /workspaces/f1_data_team/venv/lib/python3.12/site-packages/airflow/example_dags/example_latest_only_with_trigger.py
[2026-01-04T12:58:33.557+0000] {processor.py:914} INFO - Processing file /workspaces/f1_data_team/venv/lib/python3.12/site-packages/airflow/example_dags/example_latest_only_with_trigger.py for tasks to queue
[2026-01-04T12:58:33.560+0000] {logging_mixin.py:190} INFO - [2026-01-04T12:58:33.559+0000] {dagbag.py:588} INFO - Filling up the DagBag from /workspaces/f1_data_team/venv/lib/python3.12/site-packages/airflow/example_dags/example_latest_only_with_trigger.py
[2026-01-04T12:58:33.568+0000] {processor.py:925} INFO - DAG(s) 'latest_only_with_trigger' retrieved from /workspaces/f1_data_team/venv/lib/python3.12/site-packages/airflow/example_dags/example_latest_only_with_trigger.py
[2026-01-04T12:58:33.587+0000] {logging_mixin.py:190} INFO - [2026-01-04T12:58:33.586+0000] {dag.py:3239} INFO - Sync 1 DAGs
[2026-01-04T12:58:33.607+0000] {logging_mixin.py:190} INFO - [2026-01-04T12:58:33.607+0000] {dag.py:4180} INFO - Setting next_dagrun for latest_only_with_trigger to 2026-01-04 08:00:00+00:00, run_after=2026-01-04 12:00:00+00:00
[2026-01-04T12:58:33.621+0000] {processor.py:208} INFO - Processing /workspaces/f1_data_team/venv/lib/python3.12/site-packages/airflow/example_dags/example_latest_only_with_trigger.py took 0.069 seconds
[2026-01-04T12:59:29.326+0000] {processor.py:186} INFO - Started process (PID=49999) to work on /workspaces/f1_data_team/venv/lib/python3.12/site-packages/airflow/example_dags/example_latest_only_with_trigger.py
[2026-01-04T12:59:29.327+0000] {processor.py:914} INFO - Processing file /workspaces/f1_data_team/venv/lib/python3.12/site-packages/airflow/example_dags/example_latest_only_with_trigger.py for tasks to queue
[2026-01-04T12:59:29.329+0000] {logging_mixin.py:190} INFO - [2026-01-04T12:59:29.329+0000] {dagbag.py:588} INFO - Filling up the DagBag from /workspaces/f1_data_team/venv/lib/python3.12/site-packages/airflow/example_dags/example_latest_only_with_trigger.py
[2026-01-04T12:59:29.335+0000] {processor.py:925} INFO - DAG(s) 'latest_only_with_trigger' retrieved from /workspaces/f1_data_team/venv/lib/python3.12/site-packages/airflow/example_dags/example_latest_only_with_trigger.py
[2026-01-04T12:59:29.348+0000] {logging_mixin.py:190} INFO - [2026-01-04T12:59:29.348+0000] {dag.py:3239} INFO - Sync 1 DAGs
[2026-01-04T12:59:29.366+0000] {logging_mixin.py:190} INFO - [2026-01-04T12:59:29.366+0000] {dag.py:4180} INFO - Setting next_dagrun for latest_only_with_trigger to 2026-01-04 08:00:00+00:00, run_after=2026-01-04 12:00:00+00:00
[2026-01-04T12:59:29.381+0000] {processor.py:208} INFO - Processing /workspaces/f1_data_team/venv/lib/python3.12/site-packages/airflow/example_dags/example_latest_only_with_trigger.py took 0.061 seconds
[2026-01-04T13:00:23.023+0000] {processor.py:186} INFO - Started process (PID=50586) to work on /workspaces/f1_data_team/venv/lib/python3.12/site-packages/airflow/example_dags/example_latest_only_with_trigger.py
[2026-01-04T13:00:23.024+0000] {processor.py:914} INFO - Processing file /workspaces/f1_data_team/venv/lib/python3.12/site-packages/airflow/example_dags/example_latest_only_with_trigger.py for tasks to queue
[2026-01-04T13:00:23.026+0000] {logging_mixin.py:190} INFO - [2026-01-04T13:00:23.025+0000] {dagbag.py:588} INFO - Filling up the DagBag from /workspaces/f1_data_team/venv/lib/python3.12/site-packages/airflow/example_dags/example_latest_only_with_trigger.py
[2026-01-04T13:00:23.032+0000] {processor.py:925} INFO - DAG(s) 'latest_only_with_trigger' retrieved from /workspaces/f1_data_team/venv/lib/python3.12/site-packages/airflow/example_dags/example_latest_only_with_trigger.py
[2026-01-04T13:00:23.045+0000] {logging_mixin.py:190} INFO - [2026-01-04T13:00:23.044+0000] {dag.py:3239} INFO - Sync 1 DAGs
[2026-01-04T13:00:23.060+0000] {logging_mixin.py:190} INFO - [2026-01-04T13:00:23.060+0000] {dag.py:4180} INFO - Setting next_dagrun for latest_only_with_trigger to 2026-01-04 08:00:00+00:00, run_after=2026-01-04 12:00:00+00:00
[2026-01-04T13:00:23.074+0000] {processor.py:208} INFO - Processing /workspaces/f1_data_team/venv/lib/python3.12/site-packages/airflow/example_dags/example_latest_only_with_trigger.py took 0.056 seconds
[2026-01-04T13:01:14.966+0000] {processor.py:186} INFO - Started process (PID=51185) to work on /workspaces/f1_data_team/venv/lib/python3.12/site-packages/airflow/example_dags/example_latest_only_with_trigger.py
[2026-01-04T13:01:14.966+0000] {processor.py:914} INFO - Processing file /workspaces/f1_data_team/venv/lib/python3.12/site-packages/airflow/example_dags/example_latest_only_with_trigger.py for tasks to queue
[2026-01-04T13:01:14.968+0000] {logging_mixin.py:190} INFO - [2026-01-04T13:01:14.968+0000] {dagbag.py:588} INFO - Filling up the DagBag from /workspaces/f1_data_team/venv/lib/python3.12/site-packages/airflow/example_dags/example_latest_only_with_trigger.py
[2026-01-04T13:01:14.974+0000] {processor.py:925} INFO - DAG(s) 'latest_only_with_trigger' retrieved from /workspaces/f1_data_team/venv/lib/python3.12/site-packages/airflow/example_dags/example_latest_only_with_trigger.py
[2026-01-04T13:01:14.987+0000] {logging_mixin.py:190} INFO - [2026-01-04T13:01:14.987+0000] {dag.py:3239} INFO - Sync 1 DAGs
[2026-01-04T13:01:15.002+0000] {logging_mixin.py:190} INFO - [2026-01-04T13:01:15.002+0000] {dag.py:4180} INFO - Setting next_dagrun for latest_only_with_trigger to 2026-01-04 08:00:00+00:00, run_after=2026-01-04 12:00:00+00:00
[2026-01-04T13:01:15.018+0000] {processor.py:208} INFO - Processing /workspaces/f1_data_team/venv/lib/python3.12/site-packages/airflow/example_dags/example_latest_only_with_trigger.py took 0.057 seconds
