[2026-01-04T12:27:10.466+0000] {processor.py:186} INFO - Started process (PID=24738) to work on /workspaces/f1_data_team/venv/lib/python3.12/site-packages/airflow/example_dags/example_latest_only.py
[2026-01-04T12:27:10.467+0000] {processor.py:914} INFO - Processing file /workspaces/f1_data_team/venv/lib/python3.12/site-packages/airflow/example_dags/example_latest_only.py for tasks to queue
[2026-01-04T12:27:10.469+0000] {logging_mixin.py:190} INFO - [2026-01-04T12:27:10.469+0000] {dagbag.py:588} INFO - Filling up the DagBag from /workspaces/f1_data_team/venv/lib/python3.12/site-packages/airflow/example_dags/example_latest_only.py
[2026-01-04T12:27:10.475+0000] {processor.py:925} INFO - DAG(s) 'latest_only' retrieved from /workspaces/f1_data_team/venv/lib/python3.12/site-packages/airflow/example_dags/example_latest_only.py
[2026-01-04T12:27:10.551+0000] {logging_mixin.py:190} INFO - [2026-01-04T12:27:10.550+0000] {override.py:1911} INFO - Created Permission View: can read on DAG:latest_only
[2026-01-04T12:27:10.558+0000] {logging_mixin.py:190} INFO - [2026-01-04T12:27:10.558+0000] {override.py:1911} INFO - Created Permission View: can edit on DAG:latest_only
[2026-01-04T12:27:10.563+0000] {logging_mixin.py:190} INFO - [2026-01-04T12:27:10.563+0000] {override.py:1911} INFO - Created Permission View: can delete on DAG:latest_only
[2026-01-04T12:27:10.571+0000] {logging_mixin.py:190} INFO - [2026-01-04T12:27:10.571+0000] {override.py:1911} INFO - Created Permission View: can read on DAG Run:latest_only
[2026-01-04T12:27:10.576+0000] {logging_mixin.py:190} INFO - [2026-01-04T12:27:10.576+0000] {override.py:1911} INFO - Created Permission View: menu access on DAG Run:latest_only
[2026-01-04T12:27:10.581+0000] {logging_mixin.py:190} INFO - [2026-01-04T12:27:10.581+0000] {override.py:1911} INFO - Created Permission View: can create on DAG Run:latest_only
[2026-01-04T12:27:10.586+0000] {logging_mixin.py:190} INFO - [2026-01-04T12:27:10.586+0000] {override.py:1911} INFO - Created Permission View: can delete on DAG Run:latest_only
[2026-01-04T12:27:10.586+0000] {logging_mixin.py:190} INFO - [2026-01-04T12:27:10.586+0000] {dag.py:3239} INFO - Sync 1 DAGs
[2026-01-04T12:27:10.594+0000] {logging_mixin.py:190} INFO - [2026-01-04T12:27:10.594+0000] {dag.py:3262} INFO - Creating ORM DAG for latest_only
[2026-01-04T12:27:10.600+0000] {logging_mixin.py:190} INFO - [2026-01-04T12:27:10.600+0000] {dag.py:4180} INFO - Setting next_dagrun for latest_only to 2026-01-04 08:00:00+00:00, run_after=2026-01-04 12:00:00+00:00
[2026-01-04T12:27:10.615+0000] {processor.py:208} INFO - Processing /workspaces/f1_data_team/venv/lib/python3.12/site-packages/airflow/example_dags/example_latest_only.py took 0.153 seconds
[2026-01-04T12:28:10.411+0000] {processor.py:186} INFO - Started process (PID=25262) to work on /workspaces/f1_data_team/venv/lib/python3.12/site-packages/airflow/example_dags/example_latest_only.py
[2026-01-04T12:28:10.412+0000] {processor.py:914} INFO - Processing file /workspaces/f1_data_team/venv/lib/python3.12/site-packages/airflow/example_dags/example_latest_only.py for tasks to queue
[2026-01-04T12:28:10.414+0000] {logging_mixin.py:190} INFO - [2026-01-04T12:28:10.413+0000] {dagbag.py:588} INFO - Filling up the DagBag from /workspaces/f1_data_team/venv/lib/python3.12/site-packages/airflow/example_dags/example_latest_only.py
[2026-01-04T12:28:10.420+0000] {processor.py:925} INFO - DAG(s) 'latest_only' retrieved from /workspaces/f1_data_team/venv/lib/python3.12/site-packages/airflow/example_dags/example_latest_only.py
[2026-01-04T12:28:10.431+0000] {logging_mixin.py:190} INFO - [2026-01-04T12:28:10.430+0000] {dag.py:3239} INFO - Sync 1 DAGs
[2026-01-04T12:28:10.445+0000] {logging_mixin.py:190} INFO - [2026-01-04T12:28:10.445+0000] {dag.py:4180} INFO - Setting next_dagrun for latest_only to 2026-01-04 08:00:00+00:00, run_after=2026-01-04 12:00:00+00:00
[2026-01-04T12:28:10.460+0000] {processor.py:208} INFO - Processing /workspaces/f1_data_team/venv/lib/python3.12/site-packages/airflow/example_dags/example_latest_only.py took 0.054 seconds
[2026-01-04T12:29:08.739+0000] {processor.py:186} INFO - Started process (PID=26304) to work on /workspaces/f1_data_team/venv/lib/python3.12/site-packages/airflow/example_dags/example_latest_only.py
[2026-01-04T12:29:08.740+0000] {processor.py:914} INFO - Processing file /workspaces/f1_data_team/venv/lib/python3.12/site-packages/airflow/example_dags/example_latest_only.py for tasks to queue
[2026-01-04T12:29:08.742+0000] {logging_mixin.py:190} INFO - [2026-01-04T12:29:08.741+0000] {dagbag.py:588} INFO - Filling up the DagBag from /workspaces/f1_data_team/venv/lib/python3.12/site-packages/airflow/example_dags/example_latest_only.py
[2026-01-04T12:29:08.747+0000] {processor.py:925} INFO - DAG(s) 'latest_only' retrieved from /workspaces/f1_data_team/venv/lib/python3.12/site-packages/airflow/example_dags/example_latest_only.py
[2026-01-04T12:29:08.759+0000] {logging_mixin.py:190} INFO - [2026-01-04T12:29:08.758+0000] {dag.py:3239} INFO - Sync 1 DAGs
[2026-01-04T12:29:08.774+0000] {logging_mixin.py:190} INFO - [2026-01-04T12:29:08.774+0000] {dag.py:4180} INFO - Setting next_dagrun for latest_only to 2026-01-04 08:00:00+00:00, run_after=2026-01-04 12:00:00+00:00
[2026-01-04T12:29:08.788+0000] {processor.py:208} INFO - Processing /workspaces/f1_data_team/venv/lib/python3.12/site-packages/airflow/example_dags/example_latest_only.py took 0.054 seconds
[2026-01-04T12:30:49.150+0000] {processor.py:186} INFO - Started process (PID=27834) to work on /workspaces/f1_data_team/venv/lib/python3.12/site-packages/airflow/example_dags/example_latest_only.py
[2026-01-04T12:30:49.152+0000] {processor.py:914} INFO - Processing file /workspaces/f1_data_team/venv/lib/python3.12/site-packages/airflow/example_dags/example_latest_only.py for tasks to queue
[2026-01-04T12:30:49.153+0000] {logging_mixin.py:190} INFO - [2026-01-04T12:30:49.153+0000] {dagbag.py:588} INFO - Filling up the DagBag from /workspaces/f1_data_team/venv/lib/python3.12/site-packages/airflow/example_dags/example_latest_only.py
[2026-01-04T12:30:49.159+0000] {processor.py:925} INFO - DAG(s) 'latest_only' retrieved from /workspaces/f1_data_team/venv/lib/python3.12/site-packages/airflow/example_dags/example_latest_only.py
[2026-01-04T12:30:49.172+0000] {logging_mixin.py:190} INFO - [2026-01-04T12:30:49.172+0000] {dag.py:3239} INFO - Sync 1 DAGs
[2026-01-04T12:30:49.187+0000] {logging_mixin.py:190} INFO - [2026-01-04T12:30:49.187+0000] {dag.py:4180} INFO - Setting next_dagrun for latest_only to 2026-01-04 08:00:00+00:00, run_after=2026-01-04 12:00:00+00:00
[2026-01-04T12:30:49.202+0000] {processor.py:208} INFO - Processing /workspaces/f1_data_team/venv/lib/python3.12/site-packages/airflow/example_dags/example_latest_only.py took 0.056 seconds
[2026-01-04T12:31:48.426+0000] {processor.py:186} INFO - Started process (PID=28827) to work on /workspaces/f1_data_team/venv/lib/python3.12/site-packages/airflow/example_dags/example_latest_only.py
[2026-01-04T12:31:48.427+0000] {processor.py:914} INFO - Processing file /workspaces/f1_data_team/venv/lib/python3.12/site-packages/airflow/example_dags/example_latest_only.py for tasks to queue
[2026-01-04T12:31:48.429+0000] {logging_mixin.py:190} INFO - [2026-01-04T12:31:48.429+0000] {dagbag.py:588} INFO - Filling up the DagBag from /workspaces/f1_data_team/venv/lib/python3.12/site-packages/airflow/example_dags/example_latest_only.py
[2026-01-04T12:31:48.435+0000] {processor.py:925} INFO - DAG(s) 'latest_only' retrieved from /workspaces/f1_data_team/venv/lib/python3.12/site-packages/airflow/example_dags/example_latest_only.py
[2026-01-04T12:31:48.446+0000] {logging_mixin.py:190} INFO - [2026-01-04T12:31:48.446+0000] {dag.py:3239} INFO - Sync 1 DAGs
[2026-01-04T12:31:48.460+0000] {logging_mixin.py:190} INFO - [2026-01-04T12:31:48.460+0000] {dag.py:4180} INFO - Setting next_dagrun for latest_only to 2026-01-04 08:00:00+00:00, run_after=2026-01-04 12:00:00+00:00
[2026-01-04T12:31:48.474+0000] {processor.py:208} INFO - Processing /workspaces/f1_data_team/venv/lib/python3.12/site-packages/airflow/example_dags/example_latest_only.py took 0.053 seconds
[2026-01-04T12:32:55.742+0000] {processor.py:186} INFO - Started process (PID=29980) to work on /workspaces/f1_data_team/venv/lib/python3.12/site-packages/airflow/example_dags/example_latest_only.py
[2026-01-04T12:32:55.743+0000] {processor.py:914} INFO - Processing file /workspaces/f1_data_team/venv/lib/python3.12/site-packages/airflow/example_dags/example_latest_only.py for tasks to queue
[2026-01-04T12:32:55.745+0000] {logging_mixin.py:190} INFO - [2026-01-04T12:32:55.744+0000] {dagbag.py:588} INFO - Filling up the DagBag from /workspaces/f1_data_team/venv/lib/python3.12/site-packages/airflow/example_dags/example_latest_only.py
[2026-01-04T12:32:55.750+0000] {processor.py:925} INFO - DAG(s) 'latest_only' retrieved from /workspaces/f1_data_team/venv/lib/python3.12/site-packages/airflow/example_dags/example_latest_only.py
[2026-01-04T12:32:55.764+0000] {logging_mixin.py:190} INFO - [2026-01-04T12:32:55.763+0000] {dag.py:3239} INFO - Sync 1 DAGs
[2026-01-04T12:32:55.779+0000] {logging_mixin.py:190} INFO - [2026-01-04T12:32:55.778+0000] {dag.py:4180} INFO - Setting next_dagrun for latest_only to 2026-01-04 08:00:00+00:00, run_after=2026-01-04 12:00:00+00:00
[2026-01-04T12:32:55.798+0000] {processor.py:208} INFO - Processing /workspaces/f1_data_team/venv/lib/python3.12/site-packages/airflow/example_dags/example_latest_only.py took 0.060 seconds
[2026-01-04T12:33:58.667+0000] {processor.py:186} INFO - Started process (PID=30789) to work on /workspaces/f1_data_team/venv/lib/python3.12/site-packages/airflow/example_dags/example_latest_only.py
[2026-01-04T12:33:58.667+0000] {processor.py:914} INFO - Processing file /workspaces/f1_data_team/venv/lib/python3.12/site-packages/airflow/example_dags/example_latest_only.py for tasks to queue
[2026-01-04T12:33:58.669+0000] {logging_mixin.py:190} INFO - [2026-01-04T12:33:58.669+0000] {dagbag.py:588} INFO - Filling up the DagBag from /workspaces/f1_data_team/venv/lib/python3.12/site-packages/airflow/example_dags/example_latest_only.py
[2026-01-04T12:33:58.675+0000] {processor.py:925} INFO - DAG(s) 'latest_only' retrieved from /workspaces/f1_data_team/venv/lib/python3.12/site-packages/airflow/example_dags/example_latest_only.py
[2026-01-04T12:33:58.687+0000] {logging_mixin.py:190} INFO - [2026-01-04T12:33:58.687+0000] {dag.py:3239} INFO - Sync 1 DAGs
[2026-01-04T12:33:58.702+0000] {logging_mixin.py:190} INFO - [2026-01-04T12:33:58.702+0000] {dag.py:4180} INFO - Setting next_dagrun for latest_only to 2026-01-04 08:00:00+00:00, run_after=2026-01-04 12:00:00+00:00
[2026-01-04T12:33:58.716+0000] {processor.py:208} INFO - Processing /workspaces/f1_data_team/venv/lib/python3.12/site-packages/airflow/example_dags/example_latest_only.py took 0.054 seconds
[2026-01-04T12:34:52.879+0000] {processor.py:186} INFO - Started process (PID=31326) to work on /workspaces/f1_data_team/venv/lib/python3.12/site-packages/airflow/example_dags/example_latest_only.py
[2026-01-04T12:34:52.879+0000] {processor.py:914} INFO - Processing file /workspaces/f1_data_team/venv/lib/python3.12/site-packages/airflow/example_dags/example_latest_only.py for tasks to queue
[2026-01-04T12:34:52.881+0000] {logging_mixin.py:190} INFO - [2026-01-04T12:34:52.881+0000] {dagbag.py:588} INFO - Filling up the DagBag from /workspaces/f1_data_team/venv/lib/python3.12/site-packages/airflow/example_dags/example_latest_only.py
[2026-01-04T12:34:52.887+0000] {processor.py:925} INFO - DAG(s) 'latest_only' retrieved from /workspaces/f1_data_team/venv/lib/python3.12/site-packages/airflow/example_dags/example_latest_only.py
[2026-01-04T12:34:52.899+0000] {logging_mixin.py:190} INFO - [2026-01-04T12:34:52.899+0000] {dag.py:3239} INFO - Sync 1 DAGs
[2026-01-04T12:34:52.915+0000] {logging_mixin.py:190} INFO - [2026-01-04T12:34:52.915+0000] {dag.py:4180} INFO - Setting next_dagrun for latest_only to 2026-01-04 08:00:00+00:00, run_after=2026-01-04 12:00:00+00:00
[2026-01-04T12:34:52.929+0000] {processor.py:208} INFO - Processing /workspaces/f1_data_team/venv/lib/python3.12/site-packages/airflow/example_dags/example_latest_only.py took 0.055 seconds
[2026-01-04T12:35:49.392+0000] {processor.py:186} INFO - Started process (PID=31922) to work on /workspaces/f1_data_team/venv/lib/python3.12/site-packages/airflow/example_dags/example_latest_only.py
[2026-01-04T12:35:49.392+0000] {processor.py:914} INFO - Processing file /workspaces/f1_data_team/venv/lib/python3.12/site-packages/airflow/example_dags/example_latest_only.py for tasks to queue
[2026-01-04T12:35:49.394+0000] {logging_mixin.py:190} INFO - [2026-01-04T12:35:49.394+0000] {dagbag.py:588} INFO - Filling up the DagBag from /workspaces/f1_data_team/venv/lib/python3.12/site-packages/airflow/example_dags/example_latest_only.py
[2026-01-04T12:35:49.400+0000] {processor.py:925} INFO - DAG(s) 'latest_only' retrieved from /workspaces/f1_data_team/venv/lib/python3.12/site-packages/airflow/example_dags/example_latest_only.py
[2026-01-04T12:35:49.411+0000] {logging_mixin.py:190} INFO - [2026-01-04T12:35:49.411+0000] {dag.py:3239} INFO - Sync 1 DAGs
[2026-01-04T12:35:49.426+0000] {logging_mixin.py:190} INFO - [2026-01-04T12:35:49.426+0000] {dag.py:4180} INFO - Setting next_dagrun for latest_only to 2026-01-04 08:00:00+00:00, run_after=2026-01-04 12:00:00+00:00
[2026-01-04T12:35:49.441+0000] {processor.py:208} INFO - Processing /workspaces/f1_data_team/venv/lib/python3.12/site-packages/airflow/example_dags/example_latest_only.py took 0.054 seconds
[2026-01-04T12:36:41.703+0000] {processor.py:186} INFO - Started process (PID=32490) to work on /workspaces/f1_data_team/venv/lib/python3.12/site-packages/airflow/example_dags/example_latest_only.py
[2026-01-04T12:36:41.703+0000] {processor.py:914} INFO - Processing file /workspaces/f1_data_team/venv/lib/python3.12/site-packages/airflow/example_dags/example_latest_only.py for tasks to queue
[2026-01-04T12:36:41.705+0000] {logging_mixin.py:190} INFO - [2026-01-04T12:36:41.705+0000] {dagbag.py:588} INFO - Filling up the DagBag from /workspaces/f1_data_team/venv/lib/python3.12/site-packages/airflow/example_dags/example_latest_only.py
[2026-01-04T12:36:41.711+0000] {processor.py:925} INFO - DAG(s) 'latest_only' retrieved from /workspaces/f1_data_team/venv/lib/python3.12/site-packages/airflow/example_dags/example_latest_only.py
[2026-01-04T12:36:41.723+0000] {logging_mixin.py:190} INFO - [2026-01-04T12:36:41.723+0000] {dag.py:3239} INFO - Sync 1 DAGs
[2026-01-04T12:36:41.737+0000] {logging_mixin.py:190} INFO - [2026-01-04T12:36:41.737+0000] {dag.py:4180} INFO - Setting next_dagrun for latest_only to 2026-01-04 08:00:00+00:00, run_after=2026-01-04 12:00:00+00:00
[2026-01-04T12:36:41.753+0000] {processor.py:208} INFO - Processing /workspaces/f1_data_team/venv/lib/python3.12/site-packages/airflow/example_dags/example_latest_only.py took 0.055 seconds
[2026-01-04T12:37:34.274+0000] {processor.py:186} INFO - Started process (PID=33165) to work on /workspaces/f1_data_team/venv/lib/python3.12/site-packages/airflow/example_dags/example_latest_only.py
[2026-01-04T12:37:34.275+0000] {processor.py:914} INFO - Processing file /workspaces/f1_data_team/venv/lib/python3.12/site-packages/airflow/example_dags/example_latest_only.py for tasks to queue
[2026-01-04T12:37:34.277+0000] {logging_mixin.py:190} INFO - [2026-01-04T12:37:34.277+0000] {dagbag.py:588} INFO - Filling up the DagBag from /workspaces/f1_data_team/venv/lib/python3.12/site-packages/airflow/example_dags/example_latest_only.py
[2026-01-04T12:37:34.283+0000] {processor.py:925} INFO - DAG(s) 'latest_only' retrieved from /workspaces/f1_data_team/venv/lib/python3.12/site-packages/airflow/example_dags/example_latest_only.py
[2026-01-04T12:37:34.295+0000] {logging_mixin.py:190} INFO - [2026-01-04T12:37:34.295+0000] {dag.py:3239} INFO - Sync 1 DAGs
[2026-01-04T12:37:34.310+0000] {logging_mixin.py:190} INFO - [2026-01-04T12:37:34.310+0000] {dag.py:4180} INFO - Setting next_dagrun for latest_only to 2026-01-04 08:00:00+00:00, run_after=2026-01-04 12:00:00+00:00
[2026-01-04T12:37:34.332+0000] {processor.py:208} INFO - Processing /workspaces/f1_data_team/venv/lib/python3.12/site-packages/airflow/example_dags/example_latest_only.py took 0.063 seconds
[2026-01-04T12:38:27.669+0000] {processor.py:186} INFO - Started process (PID=33875) to work on /workspaces/f1_data_team/venv/lib/python3.12/site-packages/airflow/example_dags/example_latest_only.py
[2026-01-04T12:38:27.669+0000] {processor.py:914} INFO - Processing file /workspaces/f1_data_team/venv/lib/python3.12/site-packages/airflow/example_dags/example_latest_only.py for tasks to queue
[2026-01-04T12:38:27.671+0000] {logging_mixin.py:190} INFO - [2026-01-04T12:38:27.671+0000] {dagbag.py:588} INFO - Filling up the DagBag from /workspaces/f1_data_team/venv/lib/python3.12/site-packages/airflow/example_dags/example_latest_only.py
[2026-01-04T12:38:27.677+0000] {processor.py:925} INFO - DAG(s) 'latest_only' retrieved from /workspaces/f1_data_team/venv/lib/python3.12/site-packages/airflow/example_dags/example_latest_only.py
[2026-01-04T12:38:27.690+0000] {logging_mixin.py:190} INFO - [2026-01-04T12:38:27.689+0000] {dag.py:3239} INFO - Sync 1 DAGs
[2026-01-04T12:38:27.712+0000] {logging_mixin.py:190} INFO - [2026-01-04T12:38:27.711+0000] {dag.py:4180} INFO - Setting next_dagrun for latest_only to 2026-01-04 08:00:00+00:00, run_after=2026-01-04 12:00:00+00:00
[2026-01-04T12:38:27.733+0000] {processor.py:208} INFO - Processing /workspaces/f1_data_team/venv/lib/python3.12/site-packages/airflow/example_dags/example_latest_only.py took 0.069 seconds
[2026-01-04T12:39:19.805+0000] {processor.py:186} INFO - Started process (PID=34383) to work on /workspaces/f1_data_team/venv/lib/python3.12/site-packages/airflow/example_dags/example_latest_only.py
[2026-01-04T12:39:19.806+0000] {processor.py:914} INFO - Processing file /workspaces/f1_data_team/venv/lib/python3.12/site-packages/airflow/example_dags/example_latest_only.py for tasks to queue
[2026-01-04T12:39:19.808+0000] {logging_mixin.py:190} INFO - [2026-01-04T12:39:19.808+0000] {dagbag.py:588} INFO - Filling up the DagBag from /workspaces/f1_data_team/venv/lib/python3.12/site-packages/airflow/example_dags/example_latest_only.py
[2026-01-04T12:39:19.815+0000] {processor.py:925} INFO - DAG(s) 'latest_only' retrieved from /workspaces/f1_data_team/venv/lib/python3.12/site-packages/airflow/example_dags/example_latest_only.py
[2026-01-04T12:39:19.828+0000] {logging_mixin.py:190} INFO - [2026-01-04T12:39:19.828+0000] {dag.py:3239} INFO - Sync 1 DAGs
[2026-01-04T12:39:19.850+0000] {logging_mixin.py:190} INFO - [2026-01-04T12:39:19.850+0000] {dag.py:4180} INFO - Setting next_dagrun for latest_only to 2026-01-04 08:00:00+00:00, run_after=2026-01-04 12:00:00+00:00
[2026-01-04T12:39:19.866+0000] {processor.py:208} INFO - Processing /workspaces/f1_data_team/venv/lib/python3.12/site-packages/airflow/example_dags/example_latest_only.py took 0.068 seconds
[2026-01-04T12:40:14.279+0000] {processor.py:186} INFO - Started process (PID=34843) to work on /workspaces/f1_data_team/venv/lib/python3.12/site-packages/airflow/example_dags/example_latest_only.py
[2026-01-04T12:40:14.280+0000] {processor.py:914} INFO - Processing file /workspaces/f1_data_team/venv/lib/python3.12/site-packages/airflow/example_dags/example_latest_only.py for tasks to queue
[2026-01-04T12:40:14.281+0000] {logging_mixin.py:190} INFO - [2026-01-04T12:40:14.281+0000] {dagbag.py:588} INFO - Filling up the DagBag from /workspaces/f1_data_team/venv/lib/python3.12/site-packages/airflow/example_dags/example_latest_only.py
[2026-01-04T12:40:14.287+0000] {processor.py:925} INFO - DAG(s) 'latest_only' retrieved from /workspaces/f1_data_team/venv/lib/python3.12/site-packages/airflow/example_dags/example_latest_only.py
[2026-01-04T12:40:14.299+0000] {logging_mixin.py:190} INFO - [2026-01-04T12:40:14.299+0000] {dag.py:3239} INFO - Sync 1 DAGs
[2026-01-04T12:40:14.314+0000] {logging_mixin.py:190} INFO - [2026-01-04T12:40:14.314+0000] {dag.py:4180} INFO - Setting next_dagrun for latest_only to 2026-01-04 08:00:00+00:00, run_after=2026-01-04 12:00:00+00:00
[2026-01-04T12:40:14.328+0000] {processor.py:208} INFO - Processing /workspaces/f1_data_team/venv/lib/python3.12/site-packages/airflow/example_dags/example_latest_only.py took 0.054 seconds
[2026-01-04T12:41:54.351+0000] {processor.py:186} INFO - Started process (PID=36113) to work on /workspaces/f1_data_team/venv/lib/python3.12/site-packages/airflow/example_dags/example_latest_only.py
[2026-01-04T12:41:54.352+0000] {processor.py:914} INFO - Processing file /workspaces/f1_data_team/venv/lib/python3.12/site-packages/airflow/example_dags/example_latest_only.py for tasks to queue
[2026-01-04T12:41:54.354+0000] {logging_mixin.py:190} INFO - [2026-01-04T12:41:54.353+0000] {dagbag.py:588} INFO - Filling up the DagBag from /workspaces/f1_data_team/venv/lib/python3.12/site-packages/airflow/example_dags/example_latest_only.py
[2026-01-04T12:41:54.359+0000] {processor.py:925} INFO - DAG(s) 'latest_only' retrieved from /workspaces/f1_data_team/venv/lib/python3.12/site-packages/airflow/example_dags/example_latest_only.py
[2026-01-04T12:41:54.373+0000] {logging_mixin.py:190} INFO - [2026-01-04T12:41:54.372+0000] {dag.py:3239} INFO - Sync 1 DAGs
[2026-01-04T12:41:54.387+0000] {logging_mixin.py:190} INFO - [2026-01-04T12:41:54.387+0000] {dag.py:4180} INFO - Setting next_dagrun for latest_only to 2026-01-04 08:00:00+00:00, run_after=2026-01-04 12:00:00+00:00
[2026-01-04T12:41:54.404+0000] {processor.py:208} INFO - Processing /workspaces/f1_data_team/venv/lib/python3.12/site-packages/airflow/example_dags/example_latest_only.py took 0.057 seconds
[2026-01-04T12:43:05.824+0000] {processor.py:186} INFO - Started process (PID=37185) to work on /workspaces/f1_data_team/venv/lib/python3.12/site-packages/airflow/example_dags/example_latest_only.py
[2026-01-04T12:43:05.824+0000] {processor.py:914} INFO - Processing file /workspaces/f1_data_team/venv/lib/python3.12/site-packages/airflow/example_dags/example_latest_only.py for tasks to queue
[2026-01-04T12:43:05.826+0000] {logging_mixin.py:190} INFO - [2026-01-04T12:43:05.826+0000] {dagbag.py:588} INFO - Filling up the DagBag from /workspaces/f1_data_team/venv/lib/python3.12/site-packages/airflow/example_dags/example_latest_only.py
[2026-01-04T12:43:05.832+0000] {processor.py:925} INFO - DAG(s) 'latest_only' retrieved from /workspaces/f1_data_team/venv/lib/python3.12/site-packages/airflow/example_dags/example_latest_only.py
[2026-01-04T12:43:05.844+0000] {logging_mixin.py:190} INFO - [2026-01-04T12:43:05.844+0000] {dag.py:3239} INFO - Sync 1 DAGs
[2026-01-04T12:43:05.859+0000] {logging_mixin.py:190} INFO - [2026-01-04T12:43:05.859+0000] {dag.py:4180} INFO - Setting next_dagrun for latest_only to 2026-01-04 08:00:00+00:00, run_after=2026-01-04 12:00:00+00:00
[2026-01-04T12:43:05.875+0000] {processor.py:208} INFO - Processing /workspaces/f1_data_team/venv/lib/python3.12/site-packages/airflow/example_dags/example_latest_only.py took 0.056 seconds
[2026-01-04T12:44:01.615+0000] {processor.py:186} INFO - Started process (PID=37839) to work on /workspaces/f1_data_team/venv/lib/python3.12/site-packages/airflow/example_dags/example_latest_only.py
[2026-01-04T12:44:01.616+0000] {processor.py:914} INFO - Processing file /workspaces/f1_data_team/venv/lib/python3.12/site-packages/airflow/example_dags/example_latest_only.py for tasks to queue
[2026-01-04T12:44:01.618+0000] {logging_mixin.py:190} INFO - [2026-01-04T12:44:01.617+0000] {dagbag.py:588} INFO - Filling up the DagBag from /workspaces/f1_data_team/venv/lib/python3.12/site-packages/airflow/example_dags/example_latest_only.py
[2026-01-04T12:44:01.624+0000] {processor.py:925} INFO - DAG(s) 'latest_only' retrieved from /workspaces/f1_data_team/venv/lib/python3.12/site-packages/airflow/example_dags/example_latest_only.py
[2026-01-04T12:44:01.640+0000] {logging_mixin.py:190} INFO - [2026-01-04T12:44:01.640+0000] {dag.py:3239} INFO - Sync 1 DAGs
[2026-01-04T12:44:01.664+0000] {logging_mixin.py:190} INFO - [2026-01-04T12:44:01.664+0000] {dag.py:4180} INFO - Setting next_dagrun for latest_only to 2026-01-04 08:00:00+00:00, run_after=2026-01-04 12:00:00+00:00
[2026-01-04T12:44:01.679+0000] {processor.py:208} INFO - Processing /workspaces/f1_data_team/venv/lib/python3.12/site-packages/airflow/example_dags/example_latest_only.py took 0.069 seconds
[2026-01-04T12:44:55.441+0000] {processor.py:186} INFO - Started process (PID=38729) to work on /workspaces/f1_data_team/venv/lib/python3.12/site-packages/airflow/example_dags/example_latest_only.py
[2026-01-04T12:44:55.442+0000] {processor.py:914} INFO - Processing file /workspaces/f1_data_team/venv/lib/python3.12/site-packages/airflow/example_dags/example_latest_only.py for tasks to queue
[2026-01-04T12:44:55.444+0000] {logging_mixin.py:190} INFO - [2026-01-04T12:44:55.444+0000] {dagbag.py:588} INFO - Filling up the DagBag from /workspaces/f1_data_team/venv/lib/python3.12/site-packages/airflow/example_dags/example_latest_only.py
[2026-01-04T12:44:55.450+0000] {processor.py:925} INFO - DAG(s) 'latest_only' retrieved from /workspaces/f1_data_team/venv/lib/python3.12/site-packages/airflow/example_dags/example_latest_only.py
[2026-01-04T12:44:55.462+0000] {logging_mixin.py:190} INFO - [2026-01-04T12:44:55.461+0000] {dag.py:3239} INFO - Sync 1 DAGs
[2026-01-04T12:44:55.477+0000] {logging_mixin.py:190} INFO - [2026-01-04T12:44:55.477+0000] {dag.py:4180} INFO - Setting next_dagrun for latest_only to 2026-01-04 08:00:00+00:00, run_after=2026-01-04 12:00:00+00:00
[2026-01-04T12:44:55.491+0000] {processor.py:208} INFO - Processing /workspaces/f1_data_team/venv/lib/python3.12/site-packages/airflow/example_dags/example_latest_only.py took 0.055 seconds
[2026-01-04T12:46:00.263+0000] {processor.py:186} INFO - Started process (PID=39643) to work on /workspaces/f1_data_team/venv/lib/python3.12/site-packages/airflow/example_dags/example_latest_only.py
[2026-01-04T12:46:00.264+0000] {processor.py:914} INFO - Processing file /workspaces/f1_data_team/venv/lib/python3.12/site-packages/airflow/example_dags/example_latest_only.py for tasks to queue
[2026-01-04T12:46:00.266+0000] {logging_mixin.py:190} INFO - [2026-01-04T12:46:00.266+0000] {dagbag.py:588} INFO - Filling up the DagBag from /workspaces/f1_data_team/venv/lib/python3.12/site-packages/airflow/example_dags/example_latest_only.py
[2026-01-04T12:46:00.272+0000] {processor.py:925} INFO - DAG(s) 'latest_only' retrieved from /workspaces/f1_data_team/venv/lib/python3.12/site-packages/airflow/example_dags/example_latest_only.py
[2026-01-04T12:46:00.284+0000] {logging_mixin.py:190} INFO - [2026-01-04T12:46:00.284+0000] {dag.py:3239} INFO - Sync 1 DAGs
[2026-01-04T12:46:00.308+0000] {logging_mixin.py:190} INFO - [2026-01-04T12:46:00.308+0000] {dag.py:4180} INFO - Setting next_dagrun for latest_only to 2026-01-04 08:00:00+00:00, run_after=2026-01-04 12:00:00+00:00
[2026-01-04T12:46:00.326+0000] {processor.py:208} INFO - Processing /workspaces/f1_data_team/venv/lib/python3.12/site-packages/airflow/example_dags/example_latest_only.py took 0.068 seconds
[2026-01-04T12:46:51.652+0000] {processor.py:186} INFO - Started process (PID=40188) to work on /workspaces/f1_data_team/venv/lib/python3.12/site-packages/airflow/example_dags/example_latest_only.py
[2026-01-04T12:46:51.652+0000] {processor.py:914} INFO - Processing file /workspaces/f1_data_team/venv/lib/python3.12/site-packages/airflow/example_dags/example_latest_only.py for tasks to queue
[2026-01-04T12:46:51.654+0000] {logging_mixin.py:190} INFO - [2026-01-04T12:46:51.654+0000] {dagbag.py:588} INFO - Filling up the DagBag from /workspaces/f1_data_team/venv/lib/python3.12/site-packages/airflow/example_dags/example_latest_only.py
[2026-01-04T12:46:51.660+0000] {processor.py:925} INFO - DAG(s) 'latest_only' retrieved from /workspaces/f1_data_team/venv/lib/python3.12/site-packages/airflow/example_dags/example_latest_only.py
[2026-01-04T12:46:51.672+0000] {logging_mixin.py:190} INFO - [2026-01-04T12:46:51.672+0000] {dag.py:3239} INFO - Sync 1 DAGs
[2026-01-04T12:46:51.687+0000] {logging_mixin.py:190} INFO - [2026-01-04T12:46:51.686+0000] {dag.py:4180} INFO - Setting next_dagrun for latest_only to 2026-01-04 08:00:00+00:00, run_after=2026-01-04 12:00:00+00:00
[2026-01-04T12:46:51.702+0000] {processor.py:208} INFO - Processing /workspaces/f1_data_team/venv/lib/python3.12/site-packages/airflow/example_dags/example_latest_only.py took 0.055 seconds
[2026-01-04T12:47:43.350+0000] {processor.py:186} INFO - Started process (PID=40693) to work on /workspaces/f1_data_team/venv/lib/python3.12/site-packages/airflow/example_dags/example_latest_only.py
[2026-01-04T12:47:43.351+0000] {processor.py:914} INFO - Processing file /workspaces/f1_data_team/venv/lib/python3.12/site-packages/airflow/example_dags/example_latest_only.py for tasks to queue
[2026-01-04T12:47:43.353+0000] {logging_mixin.py:190} INFO - [2026-01-04T12:47:43.353+0000] {dagbag.py:588} INFO - Filling up the DagBag from /workspaces/f1_data_team/venv/lib/python3.12/site-packages/airflow/example_dags/example_latest_only.py
[2026-01-04T12:47:43.359+0000] {processor.py:925} INFO - DAG(s) 'latest_only' retrieved from /workspaces/f1_data_team/venv/lib/python3.12/site-packages/airflow/example_dags/example_latest_only.py
[2026-01-04T12:47:43.370+0000] {logging_mixin.py:190} INFO - [2026-01-04T12:47:43.370+0000] {dag.py:3239} INFO - Sync 1 DAGs
[2026-01-04T12:47:43.386+0000] {logging_mixin.py:190} INFO - [2026-01-04T12:47:43.385+0000] {dag.py:4180} INFO - Setting next_dagrun for latest_only to 2026-01-04 08:00:00+00:00, run_after=2026-01-04 12:00:00+00:00
[2026-01-04T12:47:43.400+0000] {processor.py:208} INFO - Processing /workspaces/f1_data_team/venv/lib/python3.12/site-packages/airflow/example_dags/example_latest_only.py took 0.055 seconds
[2026-01-04T12:49:15.179+0000] {processor.py:186} INFO - Started process (PID=42197) to work on /workspaces/f1_data_team/venv/lib/python3.12/site-packages/airflow/example_dags/example_latest_only.py
[2026-01-04T12:49:15.180+0000] {processor.py:914} INFO - Processing file /workspaces/f1_data_team/venv/lib/python3.12/site-packages/airflow/example_dags/example_latest_only.py for tasks to queue
[2026-01-04T12:49:15.183+0000] {logging_mixin.py:190} INFO - [2026-01-04T12:49:15.183+0000] {dagbag.py:588} INFO - Filling up the DagBag from /workspaces/f1_data_team/venv/lib/python3.12/site-packages/airflow/example_dags/example_latest_only.py
[2026-01-04T12:49:15.189+0000] {processor.py:925} INFO - DAG(s) 'latest_only' retrieved from /workspaces/f1_data_team/venv/lib/python3.12/site-packages/airflow/example_dags/example_latest_only.py
[2026-01-04T12:49:15.203+0000] {logging_mixin.py:190} INFO - [2026-01-04T12:49:15.202+0000] {dag.py:3239} INFO - Sync 1 DAGs
[2026-01-04T12:49:15.217+0000] {logging_mixin.py:190} INFO - [2026-01-04T12:49:15.217+0000] {dag.py:4180} INFO - Setting next_dagrun for latest_only to 2026-01-04 08:00:00+00:00, run_after=2026-01-04 12:00:00+00:00
[2026-01-04T12:49:15.233+0000] {processor.py:208} INFO - Processing /workspaces/f1_data_team/venv/lib/python3.12/site-packages/airflow/example_dags/example_latest_only.py took 0.060 seconds
[2026-01-04T12:50:11.365+0000] {processor.py:186} INFO - Started process (PID=42718) to work on /workspaces/f1_data_team/venv/lib/python3.12/site-packages/airflow/example_dags/example_latest_only.py
[2026-01-04T12:50:11.366+0000] {processor.py:914} INFO - Processing file /workspaces/f1_data_team/venv/lib/python3.12/site-packages/airflow/example_dags/example_latest_only.py for tasks to queue
[2026-01-04T12:50:11.368+0000] {logging_mixin.py:190} INFO - [2026-01-04T12:50:11.367+0000] {dagbag.py:588} INFO - Filling up the DagBag from /workspaces/f1_data_team/venv/lib/python3.12/site-packages/airflow/example_dags/example_latest_only.py
[2026-01-04T12:50:11.374+0000] {processor.py:925} INFO - DAG(s) 'latest_only' retrieved from /workspaces/f1_data_team/venv/lib/python3.12/site-packages/airflow/example_dags/example_latest_only.py
[2026-01-04T12:50:11.386+0000] {logging_mixin.py:190} INFO - [2026-01-04T12:50:11.385+0000] {dag.py:3239} INFO - Sync 1 DAGs
[2026-01-04T12:50:11.401+0000] {logging_mixin.py:190} INFO - [2026-01-04T12:50:11.400+0000] {dag.py:4180} INFO - Setting next_dagrun for latest_only to 2026-01-04 08:00:00+00:00, run_after=2026-01-04 12:00:00+00:00
[2026-01-04T12:50:11.416+0000] {processor.py:208} INFO - Processing /workspaces/f1_data_team/venv/lib/python3.12/site-packages/airflow/example_dags/example_latest_only.py took 0.055 seconds
[2026-01-04T12:51:49.131+0000] {processor.py:186} INFO - Started process (PID=44257) to work on /workspaces/f1_data_team/venv/lib/python3.12/site-packages/airflow/example_dags/example_latest_only.py
[2026-01-04T12:51:49.131+0000] {processor.py:914} INFO - Processing file /workspaces/f1_data_team/venv/lib/python3.12/site-packages/airflow/example_dags/example_latest_only.py for tasks to queue
[2026-01-04T12:51:49.133+0000] {logging_mixin.py:190} INFO - [2026-01-04T12:51:49.133+0000] {dagbag.py:588} INFO - Filling up the DagBag from /workspaces/f1_data_team/venv/lib/python3.12/site-packages/airflow/example_dags/example_latest_only.py
[2026-01-04T12:51:49.139+0000] {processor.py:925} INFO - DAG(s) 'latest_only' retrieved from /workspaces/f1_data_team/venv/lib/python3.12/site-packages/airflow/example_dags/example_latest_only.py
[2026-01-04T12:51:49.152+0000] {logging_mixin.py:190} INFO - [2026-01-04T12:51:49.152+0000] {dag.py:3239} INFO - Sync 1 DAGs
[2026-01-04T12:51:49.170+0000] {logging_mixin.py:190} INFO - [2026-01-04T12:51:49.170+0000] {dag.py:4180} INFO - Setting next_dagrun for latest_only to 2026-01-04 08:00:00+00:00, run_after=2026-01-04 12:00:00+00:00
[2026-01-04T12:51:49.186+0000] {processor.py:208} INFO - Processing /workspaces/f1_data_team/venv/lib/python3.12/site-packages/airflow/example_dags/example_latest_only.py took 0.059 seconds
[2026-01-04T12:52:47.483+0000] {processor.py:186} INFO - Started process (PID=45115) to work on /workspaces/f1_data_team/venv/lib/python3.12/site-packages/airflow/example_dags/example_latest_only.py
[2026-01-04T12:52:47.484+0000] {processor.py:914} INFO - Processing file /workspaces/f1_data_team/venv/lib/python3.12/site-packages/airflow/example_dags/example_latest_only.py for tasks to queue
[2026-01-04T12:52:47.486+0000] {logging_mixin.py:190} INFO - [2026-01-04T12:52:47.485+0000] {dagbag.py:588} INFO - Filling up the DagBag from /workspaces/f1_data_team/venv/lib/python3.12/site-packages/airflow/example_dags/example_latest_only.py
[2026-01-04T12:52:47.492+0000] {processor.py:925} INFO - DAG(s) 'latest_only' retrieved from /workspaces/f1_data_team/venv/lib/python3.12/site-packages/airflow/example_dags/example_latest_only.py
[2026-01-04T12:52:47.504+0000] {logging_mixin.py:190} INFO - [2026-01-04T12:52:47.503+0000] {dag.py:3239} INFO - Sync 1 DAGs
[2026-01-04T12:52:47.518+0000] {logging_mixin.py:190} INFO - [2026-01-04T12:52:47.518+0000] {dag.py:4180} INFO - Setting next_dagrun for latest_only to 2026-01-04 08:00:00+00:00, run_after=2026-01-04 12:00:00+00:00
[2026-01-04T12:52:47.532+0000] {processor.py:208} INFO - Processing /workspaces/f1_data_team/venv/lib/python3.12/site-packages/airflow/example_dags/example_latest_only.py took 0.054 seconds
[2026-01-04T12:53:43.328+0000] {processor.py:186} INFO - Started process (PID=46042) to work on /workspaces/f1_data_team/venv/lib/python3.12/site-packages/airflow/example_dags/example_latest_only.py
[2026-01-04T12:53:43.328+0000] {processor.py:914} INFO - Processing file /workspaces/f1_data_team/venv/lib/python3.12/site-packages/airflow/example_dags/example_latest_only.py for tasks to queue
[2026-01-04T12:53:43.330+0000] {logging_mixin.py:190} INFO - [2026-01-04T12:53:43.330+0000] {dagbag.py:588} INFO - Filling up the DagBag from /workspaces/f1_data_team/venv/lib/python3.12/site-packages/airflow/example_dags/example_latest_only.py
[2026-01-04T12:53:43.336+0000] {processor.py:925} INFO - DAG(s) 'latest_only' retrieved from /workspaces/f1_data_team/venv/lib/python3.12/site-packages/airflow/example_dags/example_latest_only.py
[2026-01-04T12:53:43.348+0000] {logging_mixin.py:190} INFO - [2026-01-04T12:53:43.348+0000] {dag.py:3239} INFO - Sync 1 DAGs
[2026-01-04T12:53:43.363+0000] {logging_mixin.py:190} INFO - [2026-01-04T12:53:43.363+0000] {dag.py:4180} INFO - Setting next_dagrun for latest_only to 2026-01-04 08:00:00+00:00, run_after=2026-01-04 12:00:00+00:00
[2026-01-04T12:53:43.377+0000] {processor.py:208} INFO - Processing /workspaces/f1_data_team/venv/lib/python3.12/site-packages/airflow/example_dags/example_latest_only.py took 0.054 seconds
[2026-01-04T12:54:40.889+0000] {processor.py:186} INFO - Started process (PID=46858) to work on /workspaces/f1_data_team/venv/lib/python3.12/site-packages/airflow/example_dags/example_latest_only.py
[2026-01-04T12:54:40.890+0000] {processor.py:914} INFO - Processing file /workspaces/f1_data_team/venv/lib/python3.12/site-packages/airflow/example_dags/example_latest_only.py for tasks to queue
[2026-01-04T12:54:40.892+0000] {logging_mixin.py:190} INFO - [2026-01-04T12:54:40.891+0000] {dagbag.py:588} INFO - Filling up the DagBag from /workspaces/f1_data_team/venv/lib/python3.12/site-packages/airflow/example_dags/example_latest_only.py
[2026-01-04T12:54:40.898+0000] {processor.py:925} INFO - DAG(s) 'latest_only' retrieved from /workspaces/f1_data_team/venv/lib/python3.12/site-packages/airflow/example_dags/example_latest_only.py
[2026-01-04T12:54:40.910+0000] {logging_mixin.py:190} INFO - [2026-01-04T12:54:40.909+0000] {dag.py:3239} INFO - Sync 1 DAGs
[2026-01-04T12:54:40.925+0000] {logging_mixin.py:190} INFO - [2026-01-04T12:54:40.925+0000] {dag.py:4180} INFO - Setting next_dagrun for latest_only to 2026-01-04 08:00:00+00:00, run_after=2026-01-04 12:00:00+00:00
[2026-01-04T12:54:40.940+0000] {processor.py:208} INFO - Processing /workspaces/f1_data_team/venv/lib/python3.12/site-packages/airflow/example_dags/example_latest_only.py took 0.056 seconds
[2026-01-04T12:56:00.266+0000] {processor.py:186} INFO - Started process (PID=47923) to work on /workspaces/f1_data_team/venv/lib/python3.12/site-packages/airflow/example_dags/example_latest_only.py
[2026-01-04T12:56:00.267+0000] {processor.py:914} INFO - Processing file /workspaces/f1_data_team/venv/lib/python3.12/site-packages/airflow/example_dags/example_latest_only.py for tasks to queue
[2026-01-04T12:56:00.269+0000] {logging_mixin.py:190} INFO - [2026-01-04T12:56:00.269+0000] {dagbag.py:588} INFO - Filling up the DagBag from /workspaces/f1_data_team/venv/lib/python3.12/site-packages/airflow/example_dags/example_latest_only.py
[2026-01-04T12:56:00.275+0000] {processor.py:925} INFO - DAG(s) 'latest_only' retrieved from /workspaces/f1_data_team/venv/lib/python3.12/site-packages/airflow/example_dags/example_latest_only.py
[2026-01-04T12:56:00.287+0000] {logging_mixin.py:190} INFO - [2026-01-04T12:56:00.286+0000] {dag.py:3239} INFO - Sync 1 DAGs
[2026-01-04T12:56:00.302+0000] {logging_mixin.py:190} INFO - [2026-01-04T12:56:00.302+0000] {dag.py:4180} INFO - Setting next_dagrun for latest_only to 2026-01-04 08:00:00+00:00, run_after=2026-01-04 12:00:00+00:00
[2026-01-04T12:56:00.317+0000] {processor.py:208} INFO - Processing /workspaces/f1_data_team/venv/lib/python3.12/site-packages/airflow/example_dags/example_latest_only.py took 0.055 seconds
[2026-01-04T12:56:53.819+0000] {processor.py:186} INFO - Started process (PID=48472) to work on /workspaces/f1_data_team/venv/lib/python3.12/site-packages/airflow/example_dags/example_latest_only.py
[2026-01-04T12:56:53.819+0000] {processor.py:914} INFO - Processing file /workspaces/f1_data_team/venv/lib/python3.12/site-packages/airflow/example_dags/example_latest_only.py for tasks to queue
[2026-01-04T12:56:53.821+0000] {logging_mixin.py:190} INFO - [2026-01-04T12:56:53.821+0000] {dagbag.py:588} INFO - Filling up the DagBag from /workspaces/f1_data_team/venv/lib/python3.12/site-packages/airflow/example_dags/example_latest_only.py
[2026-01-04T12:56:53.827+0000] {processor.py:925} INFO - DAG(s) 'latest_only' retrieved from /workspaces/f1_data_team/venv/lib/python3.12/site-packages/airflow/example_dags/example_latest_only.py
[2026-01-04T12:56:53.839+0000] {logging_mixin.py:190} INFO - [2026-01-04T12:56:53.839+0000] {dag.py:3239} INFO - Sync 1 DAGs
[2026-01-04T12:56:53.854+0000] {logging_mixin.py:190} INFO - [2026-01-04T12:56:53.854+0000] {dag.py:4180} INFO - Setting next_dagrun for latest_only to 2026-01-04 08:00:00+00:00, run_after=2026-01-04 12:00:00+00:00
[2026-01-04T12:56:53.868+0000] {processor.py:208} INFO - Processing /workspaces/f1_data_team/venv/lib/python3.12/site-packages/airflow/example_dags/example_latest_only.py took 0.054 seconds
[2026-01-04T12:57:46.088+0000] {processor.py:186} INFO - Started process (PID=48962) to work on /workspaces/f1_data_team/venv/lib/python3.12/site-packages/airflow/example_dags/example_latest_only.py
[2026-01-04T12:57:46.089+0000] {processor.py:914} INFO - Processing file /workspaces/f1_data_team/venv/lib/python3.12/site-packages/airflow/example_dags/example_latest_only.py for tasks to queue
[2026-01-04T12:57:46.091+0000] {logging_mixin.py:190} INFO - [2026-01-04T12:57:46.091+0000] {dagbag.py:588} INFO - Filling up the DagBag from /workspaces/f1_data_team/venv/lib/python3.12/site-packages/airflow/example_dags/example_latest_only.py
[2026-01-04T12:57:46.107+0000] {processor.py:925} INFO - DAG(s) 'latest_only' retrieved from /workspaces/f1_data_team/venv/lib/python3.12/site-packages/airflow/example_dags/example_latest_only.py
[2026-01-04T12:57:46.151+0000] {logging_mixin.py:190} INFO - [2026-01-04T12:57:46.150+0000] {dag.py:3239} INFO - Sync 1 DAGs
[2026-01-04T12:57:46.206+0000] {logging_mixin.py:190} INFO - [2026-01-04T12:57:46.203+0000] {dag.py:4180} INFO - Setting next_dagrun for latest_only to 2026-01-04 08:00:00+00:00, run_after=2026-01-04 12:00:00+00:00
[2026-01-04T12:57:46.245+0000] {processor.py:208} INFO - Processing /workspaces/f1_data_team/venv/lib/python3.12/site-packages/airflow/example_dags/example_latest_only.py took 0.164 seconds
[2026-01-04T12:58:38.867+0000] {processor.py:186} INFO - Started process (PID=49494) to work on /workspaces/f1_data_team/venv/lib/python3.12/site-packages/airflow/example_dags/example_latest_only.py
[2026-01-04T12:58:38.868+0000] {processor.py:914} INFO - Processing file /workspaces/f1_data_team/venv/lib/python3.12/site-packages/airflow/example_dags/example_latest_only.py for tasks to queue
[2026-01-04T12:58:38.870+0000] {logging_mixin.py:190} INFO - [2026-01-04T12:58:38.869+0000] {dagbag.py:588} INFO - Filling up the DagBag from /workspaces/f1_data_team/venv/lib/python3.12/site-packages/airflow/example_dags/example_latest_only.py
[2026-01-04T12:58:38.876+0000] {processor.py:925} INFO - DAG(s) 'latest_only' retrieved from /workspaces/f1_data_team/venv/lib/python3.12/site-packages/airflow/example_dags/example_latest_only.py
[2026-01-04T12:58:38.887+0000] {logging_mixin.py:190} INFO - [2026-01-04T12:58:38.887+0000] {dag.py:3239} INFO - Sync 1 DAGs
[2026-01-04T12:58:38.903+0000] {logging_mixin.py:190} INFO - [2026-01-04T12:58:38.903+0000] {dag.py:4180} INFO - Setting next_dagrun for latest_only to 2026-01-04 08:00:00+00:00, run_after=2026-01-04 12:00:00+00:00
[2026-01-04T12:58:38.918+0000] {processor.py:208} INFO - Processing /workspaces/f1_data_team/venv/lib/python3.12/site-packages/airflow/example_dags/example_latest_only.py took 0.056 seconds
[2026-01-04T12:59:32.474+0000] {processor.py:186} INFO - Started process (PID=50022) to work on /workspaces/f1_data_team/venv/lib/python3.12/site-packages/airflow/example_dags/example_latest_only.py
[2026-01-04T12:59:32.474+0000] {processor.py:914} INFO - Processing file /workspaces/f1_data_team/venv/lib/python3.12/site-packages/airflow/example_dags/example_latest_only.py for tasks to queue
[2026-01-04T12:59:32.476+0000] {logging_mixin.py:190} INFO - [2026-01-04T12:59:32.476+0000] {dagbag.py:588} INFO - Filling up the DagBag from /workspaces/f1_data_team/venv/lib/python3.12/site-packages/airflow/example_dags/example_latest_only.py
[2026-01-04T12:59:32.482+0000] {processor.py:925} INFO - DAG(s) 'latest_only' retrieved from /workspaces/f1_data_team/venv/lib/python3.12/site-packages/airflow/example_dags/example_latest_only.py
[2026-01-04T12:59:32.494+0000] {logging_mixin.py:190} INFO - [2026-01-04T12:59:32.494+0000] {dag.py:3239} INFO - Sync 1 DAGs
[2026-01-04T12:59:32.509+0000] {logging_mixin.py:190} INFO - [2026-01-04T12:59:32.509+0000] {dag.py:4180} INFO - Setting next_dagrun for latest_only to 2026-01-04 08:00:00+00:00, run_after=2026-01-04 12:00:00+00:00
[2026-01-04T12:59:32.525+0000] {processor.py:208} INFO - Processing /workspaces/f1_data_team/venv/lib/python3.12/site-packages/airflow/example_dags/example_latest_only.py took 0.056 seconds
[2026-01-04T13:00:28.719+0000] {processor.py:186} INFO - Started process (PID=50655) to work on /workspaces/f1_data_team/venv/lib/python3.12/site-packages/airflow/example_dags/example_latest_only.py
[2026-01-04T13:00:28.720+0000] {processor.py:914} INFO - Processing file /workspaces/f1_data_team/venv/lib/python3.12/site-packages/airflow/example_dags/example_latest_only.py for tasks to queue
[2026-01-04T13:00:28.722+0000] {logging_mixin.py:190} INFO - [2026-01-04T13:00:28.722+0000] {dagbag.py:588} INFO - Filling up the DagBag from /workspaces/f1_data_team/venv/lib/python3.12/site-packages/airflow/example_dags/example_latest_only.py
[2026-01-04T13:00:28.730+0000] {processor.py:925} INFO - DAG(s) 'latest_only' retrieved from /workspaces/f1_data_team/venv/lib/python3.12/site-packages/airflow/example_dags/example_latest_only.py
[2026-01-04T13:00:28.746+0000] {logging_mixin.py:190} INFO - [2026-01-04T13:00:28.746+0000] {dag.py:3239} INFO - Sync 1 DAGs
[2026-01-04T13:00:28.764+0000] {logging_mixin.py:190} INFO - [2026-01-04T13:00:28.764+0000] {dag.py:4180} INFO - Setting next_dagrun for latest_only to 2026-01-04 08:00:00+00:00, run_after=2026-01-04 12:00:00+00:00
[2026-01-04T13:00:28.783+0000] {processor.py:208} INFO - Processing /workspaces/f1_data_team/venv/lib/python3.12/site-packages/airflow/example_dags/example_latest_only.py took 0.071 seconds
[2026-01-04T13:01:20.106+0000] {processor.py:186} INFO - Started process (PID=51250) to work on /workspaces/f1_data_team/venv/lib/python3.12/site-packages/airflow/example_dags/example_latest_only.py
[2026-01-04T13:01:20.107+0000] {processor.py:914} INFO - Processing file /workspaces/f1_data_team/venv/lib/python3.12/site-packages/airflow/example_dags/example_latest_only.py for tasks to queue
[2026-01-04T13:01:20.109+0000] {logging_mixin.py:190} INFO - [2026-01-04T13:01:20.108+0000] {dagbag.py:588} INFO - Filling up the DagBag from /workspaces/f1_data_team/venv/lib/python3.12/site-packages/airflow/example_dags/example_latest_only.py
[2026-01-04T13:01:20.114+0000] {processor.py:925} INFO - DAG(s) 'latest_only' retrieved from /workspaces/f1_data_team/venv/lib/python3.12/site-packages/airflow/example_dags/example_latest_only.py
[2026-01-04T13:01:20.127+0000] {logging_mixin.py:190} INFO - [2026-01-04T13:01:20.127+0000] {dag.py:3239} INFO - Sync 1 DAGs
[2026-01-04T13:01:20.142+0000] {logging_mixin.py:190} INFO - [2026-01-04T13:01:20.142+0000] {dag.py:4180} INFO - Setting next_dagrun for latest_only to 2026-01-04 08:00:00+00:00, run_after=2026-01-04 12:00:00+00:00
[2026-01-04T13:01:20.159+0000] {processor.py:208} INFO - Processing /workspaces/f1_data_team/venv/lib/python3.12/site-packages/airflow/example_dags/example_latest_only.py took 0.058 seconds
