[2026-01-04T12:26:50.923+0000] {processor.py:186} INFO - Started process (PID=24575) to work on /workspaces/f1_data_team/venv/lib/python3.12/site-packages/airflow/example_dags/example_sla_dag.py
[2026-01-04T12:26:50.924+0000] {processor.py:914} INFO - Processing file /workspaces/f1_data_team/venv/lib/python3.12/site-packages/airflow/example_dags/example_sla_dag.py for tasks to queue
[2026-01-04T12:26:50.925+0000] {logging_mixin.py:190} INFO - [2026-01-04T12:26:50.925+0000] {dagbag.py:588} INFO - Filling up the DagBag from /workspaces/f1_data_team/venv/lib/python3.12/site-packages/airflow/example_dags/example_sla_dag.py
[2026-01-04T12:26:50.934+0000] {processor.py:925} INFO - DAG(s) 'example_sla_dag' retrieved from /workspaces/f1_data_team/venv/lib/python3.12/site-packages/airflow/example_dags/example_sla_dag.py
[2026-01-04T12:26:51.010+0000] {logging_mixin.py:190} INFO - [2026-01-04T12:26:51.009+0000] {override.py:1911} INFO - Created Permission View: can read on DAG:example_sla_dag
[2026-01-04T12:26:51.017+0000] {logging_mixin.py:190} INFO - [2026-01-04T12:26:51.017+0000] {override.py:1911} INFO - Created Permission View: can edit on DAG:example_sla_dag
[2026-01-04T12:26:51.022+0000] {logging_mixin.py:190} INFO - [2026-01-04T12:26:51.022+0000] {override.py:1911} INFO - Created Permission View: can delete on DAG:example_sla_dag
[2026-01-04T12:26:51.030+0000] {logging_mixin.py:190} INFO - [2026-01-04T12:26:51.030+0000] {override.py:1911} INFO - Created Permission View: can read on DAG Run:example_sla_dag
[2026-01-04T12:26:51.035+0000] {logging_mixin.py:190} INFO - [2026-01-04T12:26:51.035+0000] {override.py:1911} INFO - Created Permission View: menu access on DAG Run:example_sla_dag
[2026-01-04T12:26:51.040+0000] {logging_mixin.py:190} INFO - [2026-01-04T12:26:51.040+0000] {override.py:1911} INFO - Created Permission View: can create on DAG Run:example_sla_dag
[2026-01-04T12:26:51.045+0000] {logging_mixin.py:190} INFO - [2026-01-04T12:26:51.044+0000] {override.py:1911} INFO - Created Permission View: can delete on DAG Run:example_sla_dag
[2026-01-04T12:26:51.045+0000] {logging_mixin.py:190} INFO - [2026-01-04T12:26:51.045+0000] {dag.py:3239} INFO - Sync 1 DAGs
[2026-01-04T12:26:51.053+0000] {logging_mixin.py:190} INFO - [2026-01-04T12:26:51.053+0000] {dag.py:3262} INFO - Creating ORM DAG for example_sla_dag
[2026-01-04T12:26:51.061+0000] {logging_mixin.py:190} INFO - [2026-01-04T12:26:51.061+0000] {dag.py:4180} INFO - Setting next_dagrun for example_sla_dag to 2026-01-04 12:24:00+00:00, run_after=2026-01-04 12:26:00+00:00
[2026-01-04T12:26:51.074+0000] {processor.py:208} INFO - Processing /workspaces/f1_data_team/venv/lib/python3.12/site-packages/airflow/example_dags/example_sla_dag.py took 0.155 seconds
[2026-01-04T12:27:52.680+0000] {processor.py:186} INFO - Started process (PID=25125) to work on /workspaces/f1_data_team/venv/lib/python3.12/site-packages/airflow/example_dags/example_sla_dag.py
[2026-01-04T12:27:52.681+0000] {processor.py:914} INFO - Processing file /workspaces/f1_data_team/venv/lib/python3.12/site-packages/airflow/example_dags/example_sla_dag.py for tasks to queue
[2026-01-04T12:27:52.683+0000] {logging_mixin.py:190} INFO - [2026-01-04T12:27:52.683+0000] {dagbag.py:588} INFO - Filling up the DagBag from /workspaces/f1_data_team/venv/lib/python3.12/site-packages/airflow/example_dags/example_sla_dag.py
[2026-01-04T12:27:52.691+0000] {processor.py:925} INFO - DAG(s) 'example_sla_dag' retrieved from /workspaces/f1_data_team/venv/lib/python3.12/site-packages/airflow/example_dags/example_sla_dag.py
[2026-01-04T12:27:52.702+0000] {logging_mixin.py:190} INFO - [2026-01-04T12:27:52.702+0000] {dag.py:3239} INFO - Sync 1 DAGs
[2026-01-04T12:27:52.719+0000] {logging_mixin.py:190} INFO - [2026-01-04T12:27:52.719+0000] {dag.py:4180} INFO - Setting next_dagrun for example_sla_dag to 2026-01-04 12:24:00+00:00, run_after=2026-01-04 12:26:00+00:00
[2026-01-04T12:27:52.733+0000] {processor.py:208} INFO - Processing /workspaces/f1_data_team/venv/lib/python3.12/site-packages/airflow/example_dags/example_sla_dag.py took 0.058 seconds
[2026-01-04T12:28:49.921+0000] {processor.py:186} INFO - Started process (PID=25635) to work on /workspaces/f1_data_team/venv/lib/python3.12/site-packages/airflow/example_dags/example_sla_dag.py
[2026-01-04T12:28:49.922+0000] {processor.py:914} INFO - Processing file /workspaces/f1_data_team/venv/lib/python3.12/site-packages/airflow/example_dags/example_sla_dag.py for tasks to queue
[2026-01-04T12:28:49.924+0000] {logging_mixin.py:190} INFO - [2026-01-04T12:28:49.923+0000] {dagbag.py:588} INFO - Filling up the DagBag from /workspaces/f1_data_team/venv/lib/python3.12/site-packages/airflow/example_dags/example_sla_dag.py
[2026-01-04T12:28:49.932+0000] {processor.py:925} INFO - DAG(s) 'example_sla_dag' retrieved from /workspaces/f1_data_team/venv/lib/python3.12/site-packages/airflow/example_dags/example_sla_dag.py
[2026-01-04T12:28:49.943+0000] {logging_mixin.py:190} INFO - [2026-01-04T12:28:49.943+0000] {dag.py:3239} INFO - Sync 1 DAGs
[2026-01-04T12:28:49.960+0000] {logging_mixin.py:190} INFO - [2026-01-04T12:28:49.960+0000] {dag.py:4180} INFO - Setting next_dagrun for example_sla_dag to 2026-01-04 12:26:00+00:00, run_after=2026-01-04 12:28:00+00:00
[2026-01-04T12:28:49.974+0000] {processor.py:208} INFO - Processing /workspaces/f1_data_team/venv/lib/python3.12/site-packages/airflow/example_dags/example_sla_dag.py took 0.058 seconds
[2026-01-04T12:29:48.988+0000] {processor.py:186} INFO - Started process (PID=26905) to work on /workspaces/f1_data_team/venv/lib/python3.12/site-packages/airflow/example_dags/example_sla_dag.py
[2026-01-04T12:29:48.989+0000] {processor.py:914} INFO - Processing file /workspaces/f1_data_team/venv/lib/python3.12/site-packages/airflow/example_dags/example_sla_dag.py for tasks to queue
[2026-01-04T12:29:48.991+0000] {logging_mixin.py:190} INFO - [2026-01-04T12:29:48.991+0000] {dagbag.py:588} INFO - Filling up the DagBag from /workspaces/f1_data_team/venv/lib/python3.12/site-packages/airflow/example_dags/example_sla_dag.py
[2026-01-04T12:29:49.000+0000] {processor.py:925} INFO - DAG(s) 'example_sla_dag' retrieved from /workspaces/f1_data_team/venv/lib/python3.12/site-packages/airflow/example_dags/example_sla_dag.py
[2026-01-04T12:29:49.015+0000] {logging_mixin.py:190} INFO - [2026-01-04T12:29:49.015+0000] {dag.py:3239} INFO - Sync 1 DAGs
[2026-01-04T12:29:49.042+0000] {logging_mixin.py:190} INFO - [2026-01-04T12:29:49.042+0000] {dag.py:4180} INFO - Setting next_dagrun for example_sla_dag to 2026-01-04 12:26:00+00:00, run_after=2026-01-04 12:28:00+00:00
[2026-01-04T12:29:49.062+0000] {processor.py:208} INFO - Processing /workspaces/f1_data_team/venv/lib/python3.12/site-packages/airflow/example_dags/example_sla_dag.py took 0.081 seconds
[2026-01-04T12:30:31.201+0000] {processor.py:186} INFO - Started process (PID=27545) to work on /workspaces/f1_data_team/venv/lib/python3.12/site-packages/airflow/example_dags/example_sla_dag.py
[2026-01-04T12:30:31.202+0000] {processor.py:914} INFO - Processing file /workspaces/f1_data_team/venv/lib/python3.12/site-packages/airflow/example_dags/example_sla_dag.py for tasks to queue
[2026-01-04T12:30:31.203+0000] {logging_mixin.py:190} INFO - [2026-01-04T12:30:31.203+0000] {dagbag.py:588} INFO - Filling up the DagBag from /workspaces/f1_data_team/venv/lib/python3.12/site-packages/airflow/example_dags/example_sla_dag.py
[2026-01-04T12:30:31.212+0000] {processor.py:925} INFO - DAG(s) 'example_sla_dag' retrieved from /workspaces/f1_data_team/venv/lib/python3.12/site-packages/airflow/example_dags/example_sla_dag.py
[2026-01-04T12:30:31.225+0000] {logging_mixin.py:190} INFO - [2026-01-04T12:30:31.225+0000] {dag.py:3239} INFO - Sync 1 DAGs
[2026-01-04T12:30:31.242+0000] {logging_mixin.py:190} INFO - [2026-01-04T12:30:31.242+0000] {dag.py:4180} INFO - Setting next_dagrun for example_sla_dag to 2026-01-04 12:28:00+00:00, run_after=2026-01-04 12:30:00+00:00
[2026-01-04T12:30:31.256+0000] {processor.py:208} INFO - Processing /workspaces/f1_data_team/venv/lib/python3.12/site-packages/airflow/example_dags/example_sla_dag.py took 0.059 seconds
[2026-01-04T12:31:30.538+0000] {processor.py:186} INFO - Started process (PID=28589) to work on /workspaces/f1_data_team/venv/lib/python3.12/site-packages/airflow/example_dags/example_sla_dag.py
[2026-01-04T12:31:30.539+0000] {processor.py:914} INFO - Processing file /workspaces/f1_data_team/venv/lib/python3.12/site-packages/airflow/example_dags/example_sla_dag.py for tasks to queue
[2026-01-04T12:31:30.541+0000] {logging_mixin.py:190} INFO - [2026-01-04T12:31:30.540+0000] {dagbag.py:588} INFO - Filling up the DagBag from /workspaces/f1_data_team/venv/lib/python3.12/site-packages/airflow/example_dags/example_sla_dag.py
[2026-01-04T12:31:30.549+0000] {processor.py:925} INFO - DAG(s) 'example_sla_dag' retrieved from /workspaces/f1_data_team/venv/lib/python3.12/site-packages/airflow/example_dags/example_sla_dag.py
[2026-01-04T12:31:30.559+0000] {logging_mixin.py:190} INFO - [2026-01-04T12:31:30.559+0000] {dag.py:3239} INFO - Sync 1 DAGs
[2026-01-04T12:31:30.576+0000] {logging_mixin.py:190} INFO - [2026-01-04T12:31:30.576+0000] {dag.py:4180} INFO - Setting next_dagrun for example_sla_dag to 2026-01-04 12:28:00+00:00, run_after=2026-01-04 12:30:00+00:00
[2026-01-04T12:31:30.589+0000] {processor.py:208} INFO - Processing /workspaces/f1_data_team/venv/lib/python3.12/site-packages/airflow/example_dags/example_sla_dag.py took 0.057 seconds
[2026-01-04T12:32:38.077+0000] {processor.py:186} INFO - Started process (PID=29657) to work on /workspaces/f1_data_team/venv/lib/python3.12/site-packages/airflow/example_dags/example_sla_dag.py
[2026-01-04T12:32:38.078+0000] {processor.py:914} INFO - Processing file /workspaces/f1_data_team/venv/lib/python3.12/site-packages/airflow/example_dags/example_sla_dag.py for tasks to queue
[2026-01-04T12:32:38.081+0000] {logging_mixin.py:190} INFO - [2026-01-04T12:32:38.081+0000] {dagbag.py:588} INFO - Filling up the DagBag from /workspaces/f1_data_team/venv/lib/python3.12/site-packages/airflow/example_dags/example_sla_dag.py
[2026-01-04T12:32:38.094+0000] {processor.py:925} INFO - DAG(s) 'example_sla_dag' retrieved from /workspaces/f1_data_team/venv/lib/python3.12/site-packages/airflow/example_dags/example_sla_dag.py
[2026-01-04T12:32:38.117+0000] {logging_mixin.py:190} INFO - [2026-01-04T12:32:38.117+0000] {dag.py:3239} INFO - Sync 1 DAGs
[2026-01-04T12:32:38.144+0000] {logging_mixin.py:190} INFO - [2026-01-04T12:32:38.144+0000] {dag.py:4180} INFO - Setting next_dagrun for example_sla_dag to 2026-01-04 12:30:00+00:00, run_after=2026-01-04 12:32:00+00:00
[2026-01-04T12:32:38.165+0000] {processor.py:208} INFO - Processing /workspaces/f1_data_team/venv/lib/python3.12/site-packages/airflow/example_dags/example_sla_dag.py took 0.095 seconds
[2026-01-04T12:33:38.098+0000] {processor.py:186} INFO - Started process (PID=30629) to work on /workspaces/f1_data_team/venv/lib/python3.12/site-packages/airflow/example_dags/example_sla_dag.py
[2026-01-04T12:33:38.099+0000] {processor.py:914} INFO - Processing file /workspaces/f1_data_team/venv/lib/python3.12/site-packages/airflow/example_dags/example_sla_dag.py for tasks to queue
[2026-01-04T12:33:38.101+0000] {logging_mixin.py:190} INFO - [2026-01-04T12:33:38.100+0000] {dagbag.py:588} INFO - Filling up the DagBag from /workspaces/f1_data_team/venv/lib/python3.12/site-packages/airflow/example_dags/example_sla_dag.py
[2026-01-04T12:33:38.111+0000] {processor.py:925} INFO - DAG(s) 'example_sla_dag' retrieved from /workspaces/f1_data_team/venv/lib/python3.12/site-packages/airflow/example_dags/example_sla_dag.py
[2026-01-04T12:33:38.123+0000] {logging_mixin.py:190} INFO - [2026-01-04T12:33:38.122+0000] {dag.py:3239} INFO - Sync 1 DAGs
[2026-01-04T12:33:38.141+0000] {logging_mixin.py:190} INFO - [2026-01-04T12:33:38.140+0000] {dag.py:4180} INFO - Setting next_dagrun for example_sla_dag to 2026-01-04 12:30:00+00:00, run_after=2026-01-04 12:32:00+00:00
[2026-01-04T12:33:38.158+0000] {processor.py:208} INFO - Processing /workspaces/f1_data_team/venv/lib/python3.12/site-packages/airflow/example_dags/example_sla_dag.py took 0.065 seconds
[2026-01-04T12:34:34.925+0000] {processor.py:186} INFO - Started process (PID=31126) to work on /workspaces/f1_data_team/venv/lib/python3.12/site-packages/airflow/example_dags/example_sla_dag.py
[2026-01-04T12:34:34.926+0000] {processor.py:914} INFO - Processing file /workspaces/f1_data_team/venv/lib/python3.12/site-packages/airflow/example_dags/example_sla_dag.py for tasks to queue
[2026-01-04T12:34:34.928+0000] {logging_mixin.py:190} INFO - [2026-01-04T12:34:34.928+0000] {dagbag.py:588} INFO - Filling up the DagBag from /workspaces/f1_data_team/venv/lib/python3.12/site-packages/airflow/example_dags/example_sla_dag.py
[2026-01-04T12:34:34.936+0000] {processor.py:925} INFO - DAG(s) 'example_sla_dag' retrieved from /workspaces/f1_data_team/venv/lib/python3.12/site-packages/airflow/example_dags/example_sla_dag.py
[2026-01-04T12:34:34.948+0000] {logging_mixin.py:190} INFO - [2026-01-04T12:34:34.947+0000] {dag.py:3239} INFO - Sync 1 DAGs
[2026-01-04T12:34:34.964+0000] {logging_mixin.py:190} INFO - [2026-01-04T12:34:34.964+0000] {dag.py:4180} INFO - Setting next_dagrun for example_sla_dag to 2026-01-04 12:32:00+00:00, run_after=2026-01-04 12:34:00+00:00
[2026-01-04T12:34:34.978+0000] {processor.py:208} INFO - Processing /workspaces/f1_data_team/venv/lib/python3.12/site-packages/airflow/example_dags/example_sla_dag.py took 0.058 seconds
[2026-01-04T12:35:24.842+0000] {processor.py:186} INFO - Started process (PID=31636) to work on /workspaces/f1_data_team/venv/lib/python3.12/site-packages/airflow/example_dags/example_sla_dag.py
[2026-01-04T12:35:24.843+0000] {processor.py:914} INFO - Processing file /workspaces/f1_data_team/venv/lib/python3.12/site-packages/airflow/example_dags/example_sla_dag.py for tasks to queue
[2026-01-04T12:35:24.845+0000] {logging_mixin.py:190} INFO - [2026-01-04T12:35:24.844+0000] {dagbag.py:588} INFO - Filling up the DagBag from /workspaces/f1_data_team/venv/lib/python3.12/site-packages/airflow/example_dags/example_sla_dag.py
[2026-01-04T12:35:24.853+0000] {processor.py:925} INFO - DAG(s) 'example_sla_dag' retrieved from /workspaces/f1_data_team/venv/lib/python3.12/site-packages/airflow/example_dags/example_sla_dag.py
[2026-01-04T12:35:24.864+0000] {logging_mixin.py:190} INFO - [2026-01-04T12:35:24.864+0000] {dag.py:3239} INFO - Sync 1 DAGs
[2026-01-04T12:35:24.880+0000] {logging_mixin.py:190} INFO - [2026-01-04T12:35:24.880+0000] {dag.py:4180} INFO - Setting next_dagrun for example_sla_dag to 2026-01-04 12:32:00+00:00, run_after=2026-01-04 12:34:00+00:00
[2026-01-04T12:35:24.895+0000] {processor.py:208} INFO - Processing /workspaces/f1_data_team/venv/lib/python3.12/site-packages/airflow/example_dags/example_sla_dag.py took 0.058 seconds
[2026-01-04T12:36:16.911+0000] {processor.py:186} INFO - Started process (PID=32221) to work on /workspaces/f1_data_team/venv/lib/python3.12/site-packages/airflow/example_dags/example_sla_dag.py
[2026-01-04T12:36:16.912+0000] {processor.py:914} INFO - Processing file /workspaces/f1_data_team/venv/lib/python3.12/site-packages/airflow/example_dags/example_sla_dag.py for tasks to queue
[2026-01-04T12:36:16.914+0000] {logging_mixin.py:190} INFO - [2026-01-04T12:36:16.913+0000] {dagbag.py:588} INFO - Filling up the DagBag from /workspaces/f1_data_team/venv/lib/python3.12/site-packages/airflow/example_dags/example_sla_dag.py
[2026-01-04T12:36:16.922+0000] {processor.py:925} INFO - DAG(s) 'example_sla_dag' retrieved from /workspaces/f1_data_team/venv/lib/python3.12/site-packages/airflow/example_dags/example_sla_dag.py
[2026-01-04T12:36:16.933+0000] {logging_mixin.py:190} INFO - [2026-01-04T12:36:16.933+0000] {dag.py:3239} INFO - Sync 1 DAGs
[2026-01-04T12:36:16.949+0000] {logging_mixin.py:190} INFO - [2026-01-04T12:36:16.949+0000] {dag.py:4180} INFO - Setting next_dagrun for example_sla_dag to 2026-01-04 12:34:00+00:00, run_after=2026-01-04 12:36:00+00:00
[2026-01-04T12:36:16.964+0000] {processor.py:208} INFO - Processing /workspaces/f1_data_team/venv/lib/python3.12/site-packages/airflow/example_dags/example_sla_dag.py took 0.058 seconds
[2026-01-04T12:37:09.670+0000] {processor.py:186} INFO - Started process (PID=32728) to work on /workspaces/f1_data_team/venv/lib/python3.12/site-packages/airflow/example_dags/example_sla_dag.py
[2026-01-04T12:37:09.671+0000] {processor.py:914} INFO - Processing file /workspaces/f1_data_team/venv/lib/python3.12/site-packages/airflow/example_dags/example_sla_dag.py for tasks to queue
[2026-01-04T12:37:09.673+0000] {logging_mixin.py:190} INFO - [2026-01-04T12:37:09.673+0000] {dagbag.py:588} INFO - Filling up the DagBag from /workspaces/f1_data_team/venv/lib/python3.12/site-packages/airflow/example_dags/example_sla_dag.py
[2026-01-04T12:37:09.683+0000] {processor.py:925} INFO - DAG(s) 'example_sla_dag' retrieved from /workspaces/f1_data_team/venv/lib/python3.12/site-packages/airflow/example_dags/example_sla_dag.py
[2026-01-04T12:37:09.696+0000] {logging_mixin.py:190} INFO - [2026-01-04T12:37:09.696+0000] {dag.py:3239} INFO - Sync 1 DAGs
[2026-01-04T12:37:09.721+0000] {logging_mixin.py:190} INFO - [2026-01-04T12:37:09.721+0000] {dag.py:4180} INFO - Setting next_dagrun for example_sla_dag to 2026-01-04 12:34:00+00:00, run_after=2026-01-04 12:36:00+00:00
[2026-01-04T12:37:09.737+0000] {processor.py:208} INFO - Processing /workspaces/f1_data_team/venv/lib/python3.12/site-packages/airflow/example_dags/example_sla_dag.py took 0.071 seconds
[2026-01-04T12:38:02.862+0000] {processor.py:186} INFO - Started process (PID=33632) to work on /workspaces/f1_data_team/venv/lib/python3.12/site-packages/airflow/example_dags/example_sla_dag.py
[2026-01-04T12:38:02.863+0000] {processor.py:914} INFO - Processing file /workspaces/f1_data_team/venv/lib/python3.12/site-packages/airflow/example_dags/example_sla_dag.py for tasks to queue
[2026-01-04T12:38:02.865+0000] {logging_mixin.py:190} INFO - [2026-01-04T12:38:02.865+0000] {dagbag.py:588} INFO - Filling up the DagBag from /workspaces/f1_data_team/venv/lib/python3.12/site-packages/airflow/example_dags/example_sla_dag.py
[2026-01-04T12:38:02.874+0000] {processor.py:925} INFO - DAG(s) 'example_sla_dag' retrieved from /workspaces/f1_data_team/venv/lib/python3.12/site-packages/airflow/example_dags/example_sla_dag.py
[2026-01-04T12:38:02.885+0000] {logging_mixin.py:190} INFO - [2026-01-04T12:38:02.885+0000] {dag.py:3239} INFO - Sync 1 DAGs
[2026-01-04T12:38:02.902+0000] {logging_mixin.py:190} INFO - [2026-01-04T12:38:02.902+0000] {dag.py:4180} INFO - Setting next_dagrun for example_sla_dag to 2026-01-04 12:36:00+00:00, run_after=2026-01-04 12:38:00+00:00
[2026-01-04T12:38:02.917+0000] {processor.py:208} INFO - Processing /workspaces/f1_data_team/venv/lib/python3.12/site-packages/airflow/example_dags/example_sla_dag.py took 0.060 seconds
[2026-01-04T12:38:54.674+0000] {processor.py:186} INFO - Started process (PID=34092) to work on /workspaces/f1_data_team/venv/lib/python3.12/site-packages/airflow/example_dags/example_sla_dag.py
[2026-01-04T12:38:54.675+0000] {processor.py:914} INFO - Processing file /workspaces/f1_data_team/venv/lib/python3.12/site-packages/airflow/example_dags/example_sla_dag.py for tasks to queue
[2026-01-04T12:38:54.678+0000] {logging_mixin.py:190} INFO - [2026-01-04T12:38:54.677+0000] {dagbag.py:588} INFO - Filling up the DagBag from /workspaces/f1_data_team/venv/lib/python3.12/site-packages/airflow/example_dags/example_sla_dag.py
[2026-01-04T12:38:54.686+0000] {processor.py:925} INFO - DAG(s) 'example_sla_dag' retrieved from /workspaces/f1_data_team/venv/lib/python3.12/site-packages/airflow/example_dags/example_sla_dag.py
[2026-01-04T12:38:54.698+0000] {logging_mixin.py:190} INFO - [2026-01-04T12:38:54.697+0000] {dag.py:3239} INFO - Sync 1 DAGs
[2026-01-04T12:38:54.714+0000] {logging_mixin.py:190} INFO - [2026-01-04T12:38:54.714+0000] {dag.py:4180} INFO - Setting next_dagrun for example_sla_dag to 2026-01-04 12:36:00+00:00, run_after=2026-01-04 12:38:00+00:00
[2026-01-04T12:38:54.728+0000] {processor.py:208} INFO - Processing /workspaces/f1_data_team/venv/lib/python3.12/site-packages/airflow/example_dags/example_sla_dag.py took 0.059 seconds
[2026-01-04T12:39:49.820+0000] {processor.py:186} INFO - Started process (PID=34603) to work on /workspaces/f1_data_team/venv/lib/python3.12/site-packages/airflow/example_dags/example_sla_dag.py
[2026-01-04T12:39:49.821+0000] {processor.py:914} INFO - Processing file /workspaces/f1_data_team/venv/lib/python3.12/site-packages/airflow/example_dags/example_sla_dag.py for tasks to queue
[2026-01-04T12:39:49.823+0000] {logging_mixin.py:190} INFO - [2026-01-04T12:39:49.822+0000] {dagbag.py:588} INFO - Filling up the DagBag from /workspaces/f1_data_team/venv/lib/python3.12/site-packages/airflow/example_dags/example_sla_dag.py
[2026-01-04T12:39:49.831+0000] {processor.py:925} INFO - DAG(s) 'example_sla_dag' retrieved from /workspaces/f1_data_team/venv/lib/python3.12/site-packages/airflow/example_dags/example_sla_dag.py
[2026-01-04T12:39:49.843+0000] {logging_mixin.py:190} INFO - [2026-01-04T12:39:49.842+0000] {dag.py:3239} INFO - Sync 1 DAGs
[2026-01-04T12:39:49.859+0000] {logging_mixin.py:190} INFO - [2026-01-04T12:39:49.859+0000] {dag.py:4180} INFO - Setting next_dagrun for example_sla_dag to 2026-01-04 12:36:00+00:00, run_after=2026-01-04 12:38:00+00:00
[2026-01-04T12:39:49.873+0000] {processor.py:208} INFO - Processing /workspaces/f1_data_team/venv/lib/python3.12/site-packages/airflow/example_dags/example_sla_dag.py took 0.058 seconds
[2026-01-04T12:40:42.860+0000] {processor.py:186} INFO - Started process (PID=35156) to work on /workspaces/f1_data_team/venv/lib/python3.12/site-packages/airflow/example_dags/example_sla_dag.py
[2026-01-04T12:40:42.861+0000] {processor.py:914} INFO - Processing file /workspaces/f1_data_team/venv/lib/python3.12/site-packages/airflow/example_dags/example_sla_dag.py for tasks to queue
[2026-01-04T12:40:42.863+0000] {logging_mixin.py:190} INFO - [2026-01-04T12:40:42.863+0000] {dagbag.py:588} INFO - Filling up the DagBag from /workspaces/f1_data_team/venv/lib/python3.12/site-packages/airflow/example_dags/example_sla_dag.py
[2026-01-04T12:40:42.871+0000] {processor.py:925} INFO - DAG(s) 'example_sla_dag' retrieved from /workspaces/f1_data_team/venv/lib/python3.12/site-packages/airflow/example_dags/example_sla_dag.py
[2026-01-04T12:40:42.883+0000] {logging_mixin.py:190} INFO - [2026-01-04T12:40:42.882+0000] {dag.py:3239} INFO - Sync 1 DAGs
[2026-01-04T12:40:42.899+0000] {logging_mixin.py:190} INFO - [2026-01-04T12:40:42.899+0000] {dag.py:4180} INFO - Setting next_dagrun for example_sla_dag to 2026-01-04 12:38:00+00:00, run_after=2026-01-04 12:40:00+00:00
[2026-01-04T12:40:42.915+0000] {processor.py:208} INFO - Processing /workspaces/f1_data_team/venv/lib/python3.12/site-packages/airflow/example_dags/example_sla_dag.py took 0.060 seconds
[2026-01-04T12:41:35.530+0000] {processor.py:186} INFO - Started process (PID=35957) to work on /workspaces/f1_data_team/venv/lib/python3.12/site-packages/airflow/example_dags/example_sla_dag.py
[2026-01-04T12:41:35.531+0000] {processor.py:914} INFO - Processing file /workspaces/f1_data_team/venv/lib/python3.12/site-packages/airflow/example_dags/example_sla_dag.py for tasks to queue
[2026-01-04T12:41:35.533+0000] {logging_mixin.py:190} INFO - [2026-01-04T12:41:35.533+0000] {dagbag.py:588} INFO - Filling up the DagBag from /workspaces/f1_data_team/venv/lib/python3.12/site-packages/airflow/example_dags/example_sla_dag.py
[2026-01-04T12:41:35.541+0000] {processor.py:925} INFO - DAG(s) 'example_sla_dag' retrieved from /workspaces/f1_data_team/venv/lib/python3.12/site-packages/airflow/example_dags/example_sla_dag.py
[2026-01-04T12:41:35.556+0000] {logging_mixin.py:190} INFO - [2026-01-04T12:41:35.556+0000] {dag.py:3239} INFO - Sync 1 DAGs
[2026-01-04T12:41:35.574+0000] {logging_mixin.py:190} INFO - [2026-01-04T12:41:35.573+0000] {dag.py:4180} INFO - Setting next_dagrun for example_sla_dag to 2026-01-04 12:38:00+00:00, run_after=2026-01-04 12:40:00+00:00
[2026-01-04T12:41:35.588+0000] {processor.py:208} INFO - Processing /workspaces/f1_data_team/venv/lib/python3.12/site-packages/airflow/example_dags/example_sla_dag.py took 0.063 seconds
[2026-01-04T12:42:41.877+0000] {processor.py:186} INFO - Started process (PID=36961) to work on /workspaces/f1_data_team/venv/lib/python3.12/site-packages/airflow/example_dags/example_sla_dag.py
[2026-01-04T12:42:41.878+0000] {processor.py:914} INFO - Processing file /workspaces/f1_data_team/venv/lib/python3.12/site-packages/airflow/example_dags/example_sla_dag.py for tasks to queue
[2026-01-04T12:42:41.880+0000] {logging_mixin.py:190} INFO - [2026-01-04T12:42:41.879+0000] {dagbag.py:588} INFO - Filling up the DagBag from /workspaces/f1_data_team/venv/lib/python3.12/site-packages/airflow/example_dags/example_sla_dag.py
[2026-01-04T12:42:41.888+0000] {processor.py:925} INFO - DAG(s) 'example_sla_dag' retrieved from /workspaces/f1_data_team/venv/lib/python3.12/site-packages/airflow/example_dags/example_sla_dag.py
[2026-01-04T12:42:41.899+0000] {logging_mixin.py:190} INFO - [2026-01-04T12:42:41.899+0000] {dag.py:3239} INFO - Sync 1 DAGs
[2026-01-04T12:42:41.916+0000] {logging_mixin.py:190} INFO - [2026-01-04T12:42:41.916+0000] {dag.py:4180} INFO - Setting next_dagrun for example_sla_dag to 2026-01-04 12:40:00+00:00, run_after=2026-01-04 12:42:00+00:00
[2026-01-04T12:42:41.932+0000] {processor.py:208} INFO - Processing /workspaces/f1_data_team/venv/lib/python3.12/site-packages/airflow/example_dags/example_sla_dag.py took 0.060 seconds
[2026-01-04T12:43:37.949+0000] {processor.py:186} INFO - Started process (PID=37651) to work on /workspaces/f1_data_team/venv/lib/python3.12/site-packages/airflow/example_dags/example_sla_dag.py
[2026-01-04T12:43:37.949+0000] {processor.py:914} INFO - Processing file /workspaces/f1_data_team/venv/lib/python3.12/site-packages/airflow/example_dags/example_sla_dag.py for tasks to queue
[2026-01-04T12:43:37.951+0000] {logging_mixin.py:190} INFO - [2026-01-04T12:43:37.951+0000] {dagbag.py:588} INFO - Filling up the DagBag from /workspaces/f1_data_team/venv/lib/python3.12/site-packages/airflow/example_dags/example_sla_dag.py
[2026-01-04T12:43:37.960+0000] {processor.py:925} INFO - DAG(s) 'example_sla_dag' retrieved from /workspaces/f1_data_team/venv/lib/python3.12/site-packages/airflow/example_dags/example_sla_dag.py
[2026-01-04T12:43:37.971+0000] {logging_mixin.py:190} INFO - [2026-01-04T12:43:37.971+0000] {dag.py:3239} INFO - Sync 1 DAGs
[2026-01-04T12:43:37.988+0000] {logging_mixin.py:190} INFO - [2026-01-04T12:43:37.987+0000] {dag.py:4180} INFO - Setting next_dagrun for example_sla_dag to 2026-01-04 12:40:00+00:00, run_after=2026-01-04 12:42:00+00:00
[2026-01-04T12:43:38.002+0000] {processor.py:208} INFO - Processing /workspaces/f1_data_team/venv/lib/python3.12/site-packages/airflow/example_dags/example_sla_dag.py took 0.058 seconds
[2026-01-04T12:44:29.737+0000] {processor.py:186} INFO - Started process (PID=38260) to work on /workspaces/f1_data_team/venv/lib/python3.12/site-packages/airflow/example_dags/example_sla_dag.py
[2026-01-04T12:44:29.738+0000] {processor.py:914} INFO - Processing file /workspaces/f1_data_team/venv/lib/python3.12/site-packages/airflow/example_dags/example_sla_dag.py for tasks to queue
[2026-01-04T12:44:29.740+0000] {logging_mixin.py:190} INFO - [2026-01-04T12:44:29.739+0000] {dagbag.py:588} INFO - Filling up the DagBag from /workspaces/f1_data_team/venv/lib/python3.12/site-packages/airflow/example_dags/example_sla_dag.py
[2026-01-04T12:44:29.748+0000] {processor.py:925} INFO - DAG(s) 'example_sla_dag' retrieved from /workspaces/f1_data_team/venv/lib/python3.12/site-packages/airflow/example_dags/example_sla_dag.py
[2026-01-04T12:44:29.765+0000] {logging_mixin.py:190} INFO - [2026-01-04T12:44:29.765+0000] {dag.py:3239} INFO - Sync 1 DAGs
[2026-01-04T12:44:29.793+0000] {logging_mixin.py:190} INFO - [2026-01-04T12:44:29.793+0000] {dag.py:4180} INFO - Setting next_dagrun for example_sla_dag to 2026-01-04 12:42:00+00:00, run_after=2026-01-04 12:44:00+00:00
[2026-01-04T12:44:29.809+0000] {processor.py:208} INFO - Processing /workspaces/f1_data_team/venv/lib/python3.12/site-packages/airflow/example_dags/example_sla_dag.py took 0.077 seconds
[2026-01-04T12:45:28.299+0000] {processor.py:186} INFO - Started process (PID=39388) to work on /workspaces/f1_data_team/venv/lib/python3.12/site-packages/airflow/example_dags/example_sla_dag.py
[2026-01-04T12:45:28.299+0000] {processor.py:914} INFO - Processing file /workspaces/f1_data_team/venv/lib/python3.12/site-packages/airflow/example_dags/example_sla_dag.py for tasks to queue
[2026-01-04T12:45:28.301+0000] {logging_mixin.py:190} INFO - [2026-01-04T12:45:28.301+0000] {dagbag.py:588} INFO - Filling up the DagBag from /workspaces/f1_data_team/venv/lib/python3.12/site-packages/airflow/example_dags/example_sla_dag.py
[2026-01-04T12:45:28.310+0000] {processor.py:925} INFO - DAG(s) 'example_sla_dag' retrieved from /workspaces/f1_data_team/venv/lib/python3.12/site-packages/airflow/example_dags/example_sla_dag.py
[2026-01-04T12:45:28.328+0000] {logging_mixin.py:190} INFO - [2026-01-04T12:45:28.328+0000] {dag.py:3239} INFO - Sync 1 DAGs
[2026-01-04T12:45:28.346+0000] {logging_mixin.py:190} INFO - [2026-01-04T12:45:28.346+0000] {dag.py:4180} INFO - Setting next_dagrun for example_sla_dag to 2026-01-04 12:42:00+00:00, run_after=2026-01-04 12:44:00+00:00
[2026-01-04T12:45:28.360+0000] {processor.py:208} INFO - Processing /workspaces/f1_data_team/venv/lib/python3.12/site-packages/airflow/example_dags/example_sla_dag.py took 0.067 seconds
[2026-01-04T12:46:22.802+0000] {processor.py:186} INFO - Started process (PID=39947) to work on /workspaces/f1_data_team/venv/lib/python3.12/site-packages/airflow/example_dags/example_sla_dag.py
[2026-01-04T12:46:22.803+0000] {processor.py:914} INFO - Processing file /workspaces/f1_data_team/venv/lib/python3.12/site-packages/airflow/example_dags/example_sla_dag.py for tasks to queue
[2026-01-04T12:46:22.805+0000] {logging_mixin.py:190} INFO - [2026-01-04T12:46:22.805+0000] {dagbag.py:588} INFO - Filling up the DagBag from /workspaces/f1_data_team/venv/lib/python3.12/site-packages/airflow/example_dags/example_sla_dag.py
[2026-01-04T12:46:22.814+0000] {processor.py:925} INFO - DAG(s) 'example_sla_dag' retrieved from /workspaces/f1_data_team/venv/lib/python3.12/site-packages/airflow/example_dags/example_sla_dag.py
[2026-01-04T12:46:22.826+0000] {logging_mixin.py:190} INFO - [2026-01-04T12:46:22.825+0000] {dag.py:3239} INFO - Sync 1 DAGs
[2026-01-04T12:46:22.843+0000] {logging_mixin.py:190} INFO - [2026-01-04T12:46:22.843+0000] {dag.py:4180} INFO - Setting next_dagrun for example_sla_dag to 2026-01-04 12:44:00+00:00, run_after=2026-01-04 12:46:00+00:00
[2026-01-04T12:46:22.861+0000] {processor.py:208} INFO - Processing /workspaces/f1_data_team/venv/lib/python3.12/site-packages/airflow/example_dags/example_sla_dag.py took 0.063 seconds
[2026-01-04T12:47:15.252+0000] {processor.py:186} INFO - Started process (PID=40375) to work on /workspaces/f1_data_team/venv/lib/python3.12/site-packages/airflow/example_dags/example_sla_dag.py
[2026-01-04T12:47:15.253+0000] {processor.py:914} INFO - Processing file /workspaces/f1_data_team/venv/lib/python3.12/site-packages/airflow/example_dags/example_sla_dag.py for tasks to queue
[2026-01-04T12:47:15.255+0000] {logging_mixin.py:190} INFO - [2026-01-04T12:47:15.255+0000] {dagbag.py:588} INFO - Filling up the DagBag from /workspaces/f1_data_team/venv/lib/python3.12/site-packages/airflow/example_dags/example_sla_dag.py
[2026-01-04T12:47:15.265+0000] {processor.py:925} INFO - DAG(s) 'example_sla_dag' retrieved from /workspaces/f1_data_team/venv/lib/python3.12/site-packages/airflow/example_dags/example_sla_dag.py
[2026-01-04T12:47:15.276+0000] {logging_mixin.py:190} INFO - [2026-01-04T12:47:15.276+0000] {dag.py:3239} INFO - Sync 1 DAGs
[2026-01-04T12:47:15.296+0000] {logging_mixin.py:190} INFO - [2026-01-04T12:47:15.296+0000] {dag.py:4180} INFO - Setting next_dagrun for example_sla_dag to 2026-01-04 12:44:00+00:00, run_after=2026-01-04 12:46:00+00:00
[2026-01-04T12:47:15.311+0000] {processor.py:208} INFO - Processing /workspaces/f1_data_team/venv/lib/python3.12/site-packages/airflow/example_dags/example_sla_dag.py took 0.064 seconds
[2026-01-04T12:48:05.275+0000] {processor.py:186} INFO - Started process (PID=40883) to work on /workspaces/f1_data_team/venv/lib/python3.12/site-packages/airflow/example_dags/example_sla_dag.py
[2026-01-04T12:48:05.275+0000] {processor.py:914} INFO - Processing file /workspaces/f1_data_team/venv/lib/python3.12/site-packages/airflow/example_dags/example_sla_dag.py for tasks to queue
[2026-01-04T12:48:05.278+0000] {logging_mixin.py:190} INFO - [2026-01-04T12:48:05.277+0000] {dagbag.py:588} INFO - Filling up the DagBag from /workspaces/f1_data_team/venv/lib/python3.12/site-packages/airflow/example_dags/example_sla_dag.py
[2026-01-04T12:48:05.286+0000] {processor.py:925} INFO - DAG(s) 'example_sla_dag' retrieved from /workspaces/f1_data_team/venv/lib/python3.12/site-packages/airflow/example_dags/example_sla_dag.py
[2026-01-04T12:48:05.298+0000] {logging_mixin.py:190} INFO - [2026-01-04T12:48:05.297+0000] {dag.py:3239} INFO - Sync 1 DAGs
[2026-01-04T12:48:05.315+0000] {logging_mixin.py:190} INFO - [2026-01-04T12:48:05.315+0000] {dag.py:4180} INFO - Setting next_dagrun for example_sla_dag to 2026-01-04 12:46:00+00:00, run_after=2026-01-04 12:48:00+00:00
[2026-01-04T12:48:05.330+0000] {processor.py:208} INFO - Processing /workspaces/f1_data_team/venv/lib/python3.12/site-packages/airflow/example_dags/example_sla_dag.py took 0.060 seconds
[2026-01-04T12:48:57.524+0000] {processor.py:186} INFO - Started process (PID=41880) to work on /workspaces/f1_data_team/venv/lib/python3.12/site-packages/airflow/example_dags/example_sla_dag.py
[2026-01-04T12:48:57.525+0000] {processor.py:914} INFO - Processing file /workspaces/f1_data_team/venv/lib/python3.12/site-packages/airflow/example_dags/example_sla_dag.py for tasks to queue
[2026-01-04T12:48:57.527+0000] {logging_mixin.py:190} INFO - [2026-01-04T12:48:57.527+0000] {dagbag.py:588} INFO - Filling up the DagBag from /workspaces/f1_data_team/venv/lib/python3.12/site-packages/airflow/example_dags/example_sla_dag.py
[2026-01-04T12:48:57.536+0000] {processor.py:925} INFO - DAG(s) 'example_sla_dag' retrieved from /workspaces/f1_data_team/venv/lib/python3.12/site-packages/airflow/example_dags/example_sla_dag.py
[2026-01-04T12:48:57.550+0000] {logging_mixin.py:190} INFO - [2026-01-04T12:48:57.550+0000] {dag.py:3239} INFO - Sync 1 DAGs
[2026-01-04T12:48:57.567+0000] {logging_mixin.py:190} INFO - [2026-01-04T12:48:57.567+0000] {dag.py:4180} INFO - Setting next_dagrun for example_sla_dag to 2026-01-04 12:46:00+00:00, run_after=2026-01-04 12:48:00+00:00
[2026-01-04T12:48:57.581+0000] {processor.py:208} INFO - Processing /workspaces/f1_data_team/venv/lib/python3.12/site-packages/airflow/example_dags/example_sla_dag.py took 0.061 seconds
[2026-01-04T12:49:54.085+0000] {processor.py:186} INFO - Started process (PID=42569) to work on /workspaces/f1_data_team/venv/lib/python3.12/site-packages/airflow/example_dags/example_sla_dag.py
[2026-01-04T12:49:54.085+0000] {processor.py:914} INFO - Processing file /workspaces/f1_data_team/venv/lib/python3.12/site-packages/airflow/example_dags/example_sla_dag.py for tasks to queue
[2026-01-04T12:49:54.087+0000] {logging_mixin.py:190} INFO - [2026-01-04T12:49:54.087+0000] {dagbag.py:588} INFO - Filling up the DagBag from /workspaces/f1_data_team/venv/lib/python3.12/site-packages/airflow/example_dags/example_sla_dag.py
[2026-01-04T12:49:54.096+0000] {processor.py:925} INFO - DAG(s) 'example_sla_dag' retrieved from /workspaces/f1_data_team/venv/lib/python3.12/site-packages/airflow/example_dags/example_sla_dag.py
[2026-01-04T12:49:54.108+0000] {logging_mixin.py:190} INFO - [2026-01-04T12:49:54.108+0000] {dag.py:3239} INFO - Sync 1 DAGs
[2026-01-04T12:49:54.125+0000] {logging_mixin.py:190} INFO - [2026-01-04T12:49:54.124+0000] {dag.py:4180} INFO - Setting next_dagrun for example_sla_dag to 2026-01-04 12:46:00+00:00, run_after=2026-01-04 12:48:00+00:00
[2026-01-04T12:49:54.139+0000] {processor.py:208} INFO - Processing /workspaces/f1_data_team/venv/lib/python3.12/site-packages/airflow/example_dags/example_sla_dag.py took 0.059 seconds
[2026-01-04T12:51:23.883+0000] {processor.py:186} INFO - Started process (PID=43752) to work on /workspaces/f1_data_team/venv/lib/python3.12/site-packages/airflow/example_dags/example_sla_dag.py
[2026-01-04T12:51:23.884+0000] {processor.py:914} INFO - Processing file /workspaces/f1_data_team/venv/lib/python3.12/site-packages/airflow/example_dags/example_sla_dag.py for tasks to queue
[2026-01-04T12:51:23.886+0000] {logging_mixin.py:190} INFO - [2026-01-04T12:51:23.886+0000] {dagbag.py:588} INFO - Filling up the DagBag from /workspaces/f1_data_team/venv/lib/python3.12/site-packages/airflow/example_dags/example_sla_dag.py
[2026-01-04T12:51:23.894+0000] {processor.py:925} INFO - DAG(s) 'example_sla_dag' retrieved from /workspaces/f1_data_team/venv/lib/python3.12/site-packages/airflow/example_dags/example_sla_dag.py
[2026-01-04T12:51:23.909+0000] {logging_mixin.py:190} INFO - [2026-01-04T12:51:23.908+0000] {dag.py:3239} INFO - Sync 1 DAGs
[2026-01-04T12:51:23.928+0000] {logging_mixin.py:190} INFO - [2026-01-04T12:51:23.928+0000] {dag.py:4180} INFO - Setting next_dagrun for example_sla_dag to 2026-01-04 12:48:00+00:00, run_after=2026-01-04 12:50:00+00:00
[2026-01-04T12:51:23.965+0000] {processor.py:208} INFO - Processing /workspaces/f1_data_team/venv/lib/python3.12/site-packages/airflow/example_dags/example_sla_dag.py took 0.086 seconds
[2026-01-04T12:52:29.540+0000] {processor.py:186} INFO - Started process (PID=44972) to work on /workspaces/f1_data_team/venv/lib/python3.12/site-packages/airflow/example_dags/example_sla_dag.py
[2026-01-04T12:52:29.541+0000] {processor.py:914} INFO - Processing file /workspaces/f1_data_team/venv/lib/python3.12/site-packages/airflow/example_dags/example_sla_dag.py for tasks to queue
[2026-01-04T12:52:29.543+0000] {logging_mixin.py:190} INFO - [2026-01-04T12:52:29.543+0000] {dagbag.py:588} INFO - Filling up the DagBag from /workspaces/f1_data_team/venv/lib/python3.12/site-packages/airflow/example_dags/example_sla_dag.py
[2026-01-04T12:52:29.552+0000] {processor.py:925} INFO - DAG(s) 'example_sla_dag' retrieved from /workspaces/f1_data_team/venv/lib/python3.12/site-packages/airflow/example_dags/example_sla_dag.py
[2026-01-04T12:52:29.564+0000] {logging_mixin.py:190} INFO - [2026-01-04T12:52:29.563+0000] {dag.py:3239} INFO - Sync 1 DAGs
[2026-01-04T12:52:29.581+0000] {logging_mixin.py:190} INFO - [2026-01-04T12:52:29.581+0000] {dag.py:4180} INFO - Setting next_dagrun for example_sla_dag to 2026-01-04 12:50:00+00:00, run_after=2026-01-04 12:52:00+00:00
[2026-01-04T12:52:29.624+0000] {processor.py:208} INFO - Processing /workspaces/f1_data_team/venv/lib/python3.12/site-packages/airflow/example_dags/example_sla_dag.py took 0.088 seconds
[2026-01-04T12:53:26.174+0000] {processor.py:186} INFO - Started process (PID=45783) to work on /workspaces/f1_data_team/venv/lib/python3.12/site-packages/airflow/example_dags/example_sla_dag.py
[2026-01-04T12:53:26.175+0000] {processor.py:914} INFO - Processing file /workspaces/f1_data_team/venv/lib/python3.12/site-packages/airflow/example_dags/example_sla_dag.py for tasks to queue
[2026-01-04T12:53:26.177+0000] {logging_mixin.py:190} INFO - [2026-01-04T12:53:26.176+0000] {dagbag.py:588} INFO - Filling up the DagBag from /workspaces/f1_data_team/venv/lib/python3.12/site-packages/airflow/example_dags/example_sla_dag.py
[2026-01-04T12:53:26.185+0000] {processor.py:925} INFO - DAG(s) 'example_sla_dag' retrieved from /workspaces/f1_data_team/venv/lib/python3.12/site-packages/airflow/example_dags/example_sla_dag.py
[2026-01-04T12:53:26.197+0000] {logging_mixin.py:190} INFO - [2026-01-04T12:53:26.197+0000] {dag.py:3239} INFO - Sync 1 DAGs
[2026-01-04T12:53:26.214+0000] {logging_mixin.py:190} INFO - [2026-01-04T12:53:26.214+0000] {dag.py:4180} INFO - Setting next_dagrun for example_sla_dag to 2026-01-04 12:50:00+00:00, run_after=2026-01-04 12:52:00+00:00
[2026-01-04T12:53:26.228+0000] {processor.py:208} INFO - Processing /workspaces/f1_data_team/venv/lib/python3.12/site-packages/airflow/example_dags/example_sla_dag.py took 0.059 seconds
[2026-01-04T12:54:20.545+0000] {processor.py:186} INFO - Started process (PID=46458) to work on /workspaces/f1_data_team/venv/lib/python3.12/site-packages/airflow/example_dags/example_sla_dag.py
[2026-01-04T12:54:20.546+0000] {processor.py:914} INFO - Processing file /workspaces/f1_data_team/venv/lib/python3.12/site-packages/airflow/example_dags/example_sla_dag.py for tasks to queue
[2026-01-04T12:54:20.549+0000] {logging_mixin.py:190} INFO - [2026-01-04T12:54:20.548+0000] {dagbag.py:588} INFO - Filling up the DagBag from /workspaces/f1_data_team/venv/lib/python3.12/site-packages/airflow/example_dags/example_sla_dag.py
[2026-01-04T12:54:20.557+0000] {processor.py:925} INFO - DAG(s) 'example_sla_dag' retrieved from /workspaces/f1_data_team/venv/lib/python3.12/site-packages/airflow/example_dags/example_sla_dag.py
[2026-01-04T12:54:20.569+0000] {logging_mixin.py:190} INFO - [2026-01-04T12:54:20.568+0000] {dag.py:3239} INFO - Sync 1 DAGs
[2026-01-04T12:54:20.585+0000] {logging_mixin.py:190} INFO - [2026-01-04T12:54:20.585+0000] {dag.py:4180} INFO - Setting next_dagrun for example_sla_dag to 2026-01-04 12:52:00+00:00, run_after=2026-01-04 12:54:00+00:00
[2026-01-04T12:54:20.600+0000] {processor.py:208} INFO - Processing /workspaces/f1_data_team/venv/lib/python3.12/site-packages/airflow/example_dags/example_sla_dag.py took 0.062 seconds
[2026-01-04T12:55:26.559+0000] {processor.py:186} INFO - Started process (PID=47669) to work on /workspaces/f1_data_team/venv/lib/python3.12/site-packages/airflow/example_dags/example_sla_dag.py
[2026-01-04T12:55:26.559+0000] {processor.py:914} INFO - Processing file /workspaces/f1_data_team/venv/lib/python3.12/site-packages/airflow/example_dags/example_sla_dag.py for tasks to queue
[2026-01-04T12:55:26.562+0000] {logging_mixin.py:190} INFO - [2026-01-04T12:55:26.561+0000] {dagbag.py:588} INFO - Filling up the DagBag from /workspaces/f1_data_team/venv/lib/python3.12/site-packages/airflow/example_dags/example_sla_dag.py
[2026-01-04T12:55:26.570+0000] {processor.py:925} INFO - DAG(s) 'example_sla_dag' retrieved from /workspaces/f1_data_team/venv/lib/python3.12/site-packages/airflow/example_dags/example_sla_dag.py
[2026-01-04T12:55:26.582+0000] {logging_mixin.py:190} INFO - [2026-01-04T12:55:26.581+0000] {dag.py:3239} INFO - Sync 1 DAGs
[2026-01-04T12:55:26.598+0000] {logging_mixin.py:190} INFO - [2026-01-04T12:55:26.598+0000] {dag.py:4180} INFO - Setting next_dagrun for example_sla_dag to 2026-01-04 12:52:00+00:00, run_after=2026-01-04 12:54:00+00:00
[2026-01-04T12:55:26.612+0000] {processor.py:208} INFO - Processing /workspaces/f1_data_team/venv/lib/python3.12/site-packages/airflow/example_dags/example_sla_dag.py took 0.058 seconds
[2026-01-04T12:56:22.982+0000] {processor.py:186} INFO - Started process (PID=48215) to work on /workspaces/f1_data_team/venv/lib/python3.12/site-packages/airflow/example_dags/example_sla_dag.py
[2026-01-04T12:56:22.983+0000] {processor.py:914} INFO - Processing file /workspaces/f1_data_team/venv/lib/python3.12/site-packages/airflow/example_dags/example_sla_dag.py for tasks to queue
[2026-01-04T12:56:22.986+0000] {logging_mixin.py:190} INFO - [2026-01-04T12:56:22.985+0000] {dagbag.py:588} INFO - Filling up the DagBag from /workspaces/f1_data_team/venv/lib/python3.12/site-packages/airflow/example_dags/example_sla_dag.py
[2026-01-04T12:56:22.994+0000] {processor.py:925} INFO - DAG(s) 'example_sla_dag' retrieved from /workspaces/f1_data_team/venv/lib/python3.12/site-packages/airflow/example_dags/example_sla_dag.py
[2026-01-04T12:56:23.005+0000] {logging_mixin.py:190} INFO - [2026-01-04T12:56:23.005+0000] {dag.py:3239} INFO - Sync 1 DAGs
[2026-01-04T12:56:23.022+0000] {logging_mixin.py:190} INFO - [2026-01-04T12:56:23.022+0000] {dag.py:4180} INFO - Setting next_dagrun for example_sla_dag to 2026-01-04 12:54:00+00:00, run_after=2026-01-04 12:56:00+00:00
[2026-01-04T12:56:23.036+0000] {processor.py:208} INFO - Processing /workspaces/f1_data_team/venv/lib/python3.12/site-packages/airflow/example_dags/example_sla_dag.py took 0.059 seconds
[2026-01-04T12:57:14.395+0000] {processor.py:186} INFO - Started process (PID=48693) to work on /workspaces/f1_data_team/venv/lib/python3.12/site-packages/airflow/example_dags/example_sla_dag.py
[2026-01-04T12:57:14.396+0000] {processor.py:914} INFO - Processing file /workspaces/f1_data_team/venv/lib/python3.12/site-packages/airflow/example_dags/example_sla_dag.py for tasks to queue
[2026-01-04T12:57:14.399+0000] {logging_mixin.py:190} INFO - [2026-01-04T12:57:14.398+0000] {dagbag.py:588} INFO - Filling up the DagBag from /workspaces/f1_data_team/venv/lib/python3.12/site-packages/airflow/example_dags/example_sla_dag.py
[2026-01-04T12:57:14.407+0000] {processor.py:925} INFO - DAG(s) 'example_sla_dag' retrieved from /workspaces/f1_data_team/venv/lib/python3.12/site-packages/airflow/example_dags/example_sla_dag.py
[2026-01-04T12:57:14.418+0000] {logging_mixin.py:190} INFO - [2026-01-04T12:57:14.418+0000] {dag.py:3239} INFO - Sync 1 DAGs
[2026-01-04T12:57:14.436+0000] {logging_mixin.py:190} INFO - [2026-01-04T12:57:14.436+0000] {dag.py:4180} INFO - Setting next_dagrun for example_sla_dag to 2026-01-04 12:54:00+00:00, run_after=2026-01-04 12:56:00+00:00
[2026-01-04T12:57:14.453+0000] {processor.py:208} INFO - Processing /workspaces/f1_data_team/venv/lib/python3.12/site-packages/airflow/example_dags/example_sla_dag.py took 0.062 seconds
[2026-01-04T12:58:04.539+0000] {processor.py:186} INFO - Started process (PID=49124) to work on /workspaces/f1_data_team/venv/lib/python3.12/site-packages/airflow/example_dags/example_sla_dag.py
[2026-01-04T12:58:04.540+0000] {processor.py:914} INFO - Processing file /workspaces/f1_data_team/venv/lib/python3.12/site-packages/airflow/example_dags/example_sla_dag.py for tasks to queue
[2026-01-04T12:58:04.542+0000] {logging_mixin.py:190} INFO - [2026-01-04T12:58:04.542+0000] {dagbag.py:588} INFO - Filling up the DagBag from /workspaces/f1_data_team/venv/lib/python3.12/site-packages/airflow/example_dags/example_sla_dag.py
[2026-01-04T12:58:04.550+0000] {processor.py:925} INFO - DAG(s) 'example_sla_dag' retrieved from /workspaces/f1_data_team/venv/lib/python3.12/site-packages/airflow/example_dags/example_sla_dag.py
[2026-01-04T12:58:04.562+0000] {logging_mixin.py:190} INFO - [2026-01-04T12:58:04.562+0000] {dag.py:3239} INFO - Sync 1 DAGs
[2026-01-04T12:58:04.579+0000] {logging_mixin.py:190} INFO - [2026-01-04T12:58:04.579+0000] {dag.py:4180} INFO - Setting next_dagrun for example_sla_dag to 2026-01-04 12:56:00+00:00, run_after=2026-01-04 12:58:00+00:00
[2026-01-04T12:58:04.594+0000] {processor.py:208} INFO - Processing /workspaces/f1_data_team/venv/lib/python3.12/site-packages/airflow/example_dags/example_sla_dag.py took 0.059 seconds
[2026-01-04T12:58:59.470+0000] {processor.py:186} INFO - Started process (PID=49666) to work on /workspaces/f1_data_team/venv/lib/python3.12/site-packages/airflow/example_dags/example_sla_dag.py
[2026-01-04T12:58:59.471+0000] {processor.py:914} INFO - Processing file /workspaces/f1_data_team/venv/lib/python3.12/site-packages/airflow/example_dags/example_sla_dag.py for tasks to queue
[2026-01-04T12:58:59.474+0000] {logging_mixin.py:190} INFO - [2026-01-04T12:58:59.474+0000] {dagbag.py:588} INFO - Filling up the DagBag from /workspaces/f1_data_team/venv/lib/python3.12/site-packages/airflow/example_dags/example_sla_dag.py
[2026-01-04T12:58:59.499+0000] {processor.py:925} INFO - DAG(s) 'example_sla_dag' retrieved from /workspaces/f1_data_team/venv/lib/python3.12/site-packages/airflow/example_dags/example_sla_dag.py
[2026-01-04T12:58:59.520+0000] {logging_mixin.py:190} INFO - [2026-01-04T12:58:59.520+0000] {dag.py:3239} INFO - Sync 1 DAGs
[2026-01-04T12:58:59.557+0000] {logging_mixin.py:190} INFO - [2026-01-04T12:58:59.556+0000] {dag.py:4180} INFO - Setting next_dagrun for example_sla_dag to 2026-01-04 12:56:00+00:00, run_after=2026-01-04 12:58:00+00:00
[2026-01-04T12:58:59.579+0000] {processor.py:208} INFO - Processing /workspaces/f1_data_team/venv/lib/python3.12/site-packages/airflow/example_dags/example_sla_dag.py took 0.116 seconds
[2026-01-04T12:59:53.749+0000] {processor.py:186} INFO - Started process (PID=50220) to work on /workspaces/f1_data_team/venv/lib/python3.12/site-packages/airflow/example_dags/example_sla_dag.py
[2026-01-04T12:59:53.750+0000] {processor.py:914} INFO - Processing file /workspaces/f1_data_team/venv/lib/python3.12/site-packages/airflow/example_dags/example_sla_dag.py for tasks to queue
[2026-01-04T12:59:53.752+0000] {logging_mixin.py:190} INFO - [2026-01-04T12:59:53.752+0000] {dagbag.py:588} INFO - Filling up the DagBag from /workspaces/f1_data_team/venv/lib/python3.12/site-packages/airflow/example_dags/example_sla_dag.py
[2026-01-04T12:59:53.761+0000] {processor.py:925} INFO - DAG(s) 'example_sla_dag' retrieved from /workspaces/f1_data_team/venv/lib/python3.12/site-packages/airflow/example_dags/example_sla_dag.py
[2026-01-04T12:59:53.772+0000] {logging_mixin.py:190} INFO - [2026-01-04T12:59:53.772+0000] {dag.py:3239} INFO - Sync 1 DAGs
[2026-01-04T12:59:53.789+0000] {logging_mixin.py:190} INFO - [2026-01-04T12:59:53.789+0000] {dag.py:4180} INFO - Setting next_dagrun for example_sla_dag to 2026-01-04 12:56:00+00:00, run_after=2026-01-04 12:58:00+00:00
[2026-01-04T12:59:53.804+0000] {processor.py:208} INFO - Processing /workspaces/f1_data_team/venv/lib/python3.12/site-packages/airflow/example_dags/example_sla_dag.py took 0.059 seconds
[2026-01-04T13:00:49.273+0000] {processor.py:186} INFO - Started process (PID=50856) to work on /workspaces/f1_data_team/venv/lib/python3.12/site-packages/airflow/example_dags/example_sla_dag.py
[2026-01-04T13:00:49.274+0000] {processor.py:914} INFO - Processing file /workspaces/f1_data_team/venv/lib/python3.12/site-packages/airflow/example_dags/example_sla_dag.py for tasks to queue
[2026-01-04T13:00:49.276+0000] {logging_mixin.py:190} INFO - [2026-01-04T13:00:49.276+0000] {dagbag.py:588} INFO - Filling up the DagBag from /workspaces/f1_data_team/venv/lib/python3.12/site-packages/airflow/example_dags/example_sla_dag.py
[2026-01-04T13:00:49.284+0000] {processor.py:925} INFO - DAG(s) 'example_sla_dag' retrieved from /workspaces/f1_data_team/venv/lib/python3.12/site-packages/airflow/example_dags/example_sla_dag.py
[2026-01-04T13:00:49.296+0000] {logging_mixin.py:190} INFO - [2026-01-04T13:00:49.296+0000] {dag.py:3239} INFO - Sync 1 DAGs
[2026-01-04T13:00:49.313+0000] {logging_mixin.py:190} INFO - [2026-01-04T13:00:49.313+0000] {dag.py:4180} INFO - Setting next_dagrun for example_sla_dag to 2026-01-04 12:58:00+00:00, run_after=2026-01-04 13:00:00+00:00
[2026-01-04T13:00:49.329+0000] {processor.py:208} INFO - Processing /workspaces/f1_data_team/venv/lib/python3.12/site-packages/airflow/example_dags/example_sla_dag.py took 0.060 seconds
[2026-01-04T13:01:36.661+0000] {processor.py:186} INFO - Started process (PID=51492) to work on /workspaces/f1_data_team/venv/lib/python3.12/site-packages/airflow/example_dags/example_sla_dag.py
[2026-01-04T13:01:36.662+0000] {processor.py:914} INFO - Processing file /workspaces/f1_data_team/venv/lib/python3.12/site-packages/airflow/example_dags/example_sla_dag.py for tasks to queue
[2026-01-04T13:01:36.664+0000] {logging_mixin.py:190} INFO - [2026-01-04T13:01:36.664+0000] {dagbag.py:588} INFO - Filling up the DagBag from /workspaces/f1_data_team/venv/lib/python3.12/site-packages/airflow/example_dags/example_sla_dag.py
[2026-01-04T13:01:36.673+0000] {processor.py:925} INFO - DAG(s) 'example_sla_dag' retrieved from /workspaces/f1_data_team/venv/lib/python3.12/site-packages/airflow/example_dags/example_sla_dag.py
[2026-01-04T13:01:36.688+0000] {logging_mixin.py:190} INFO - [2026-01-04T13:01:36.688+0000] {dag.py:3239} INFO - Sync 1 DAGs
[2026-01-04T13:01:36.708+0000] {logging_mixin.py:190} INFO - [2026-01-04T13:01:36.708+0000] {dag.py:4180} INFO - Setting next_dagrun for example_sla_dag to 2026-01-04 12:58:00+00:00, run_after=2026-01-04 13:00:00+00:00
[2026-01-04T13:01:36.723+0000] {processor.py:208} INFO - Processing /workspaces/f1_data_team/venv/lib/python3.12/site-packages/airflow/example_dags/example_sla_dag.py took 0.066 seconds
