[2026-01-04T12:27:15.704+0000] {processor.py:186} INFO - Started process (PID=24771) to work on /workspaces/f1_data_team/venv/lib/python3.12/site-packages/airflow/example_dags/example_dataset_alias_with_no_taskflow.py
[2026-01-04T12:27:15.705+0000] {processor.py:914} INFO - Processing file /workspaces/f1_data_team/venv/lib/python3.12/site-packages/airflow/example_dags/example_dataset_alias_with_no_taskflow.py for tasks to queue
[2026-01-04T12:27:15.707+0000] {logging_mixin.py:190} INFO - [2026-01-04T12:27:15.707+0000] {dagbag.py:588} INFO - Filling up the DagBag from /workspaces/f1_data_team/venv/lib/python3.12/site-packages/airflow/example_dags/example_dataset_alias_with_no_taskflow.py
[2026-01-04T12:27:16.175+0000] {processor.py:925} INFO - DAG(s) 'dataset_alias_example_alias_consumer_with_no_taskflow', 'dataset_s3_bucket_consumer_with_no_taskflow', 'dataset_s3_bucket_producer_with_no_taskflow', 'dataset_alias_example_alias_producer_with_no_taskflow' retrieved from /workspaces/f1_data_team/venv/lib/python3.12/site-packages/airflow/example_dags/example_dataset_alias_with_no_taskflow.py
[2026-01-04T12:27:16.239+0000] {logging_mixin.py:190} INFO - [2026-01-04T12:27:16.238+0000] {override.py:1911} INFO - Created Permission View: can read on DAG:dataset_alias_example_alias_consumer_with_no_taskflow
[2026-01-04T12:27:16.246+0000] {logging_mixin.py:190} INFO - [2026-01-04T12:27:16.246+0000] {override.py:1911} INFO - Created Permission View: can edit on DAG:dataset_alias_example_alias_consumer_with_no_taskflow
[2026-01-04T12:27:16.252+0000] {logging_mixin.py:190} INFO - [2026-01-04T12:27:16.251+0000] {override.py:1911} INFO - Created Permission View: can delete on DAG:dataset_alias_example_alias_consumer_with_no_taskflow
[2026-01-04T12:27:16.260+0000] {logging_mixin.py:190} INFO - [2026-01-04T12:27:16.259+0000] {override.py:1911} INFO - Created Permission View: can read on DAG Run:dataset_alias_example_alias_consumer_with_no_taskflow
[2026-01-04T12:27:16.265+0000] {logging_mixin.py:190} INFO - [2026-01-04T12:27:16.264+0000] {override.py:1911} INFO - Created Permission View: menu access on DAG Run:dataset_alias_example_alias_consumer_with_no_taskflow
[2026-01-04T12:27:16.270+0000] {logging_mixin.py:190} INFO - [2026-01-04T12:27:16.269+0000] {override.py:1911} INFO - Created Permission View: can create on DAG Run:dataset_alias_example_alias_consumer_with_no_taskflow
[2026-01-04T12:27:16.275+0000] {logging_mixin.py:190} INFO - [2026-01-04T12:27:16.274+0000] {override.py:1911} INFO - Created Permission View: can delete on DAG Run:dataset_alias_example_alias_consumer_with_no_taskflow
[2026-01-04T12:27:16.286+0000] {logging_mixin.py:190} INFO - [2026-01-04T12:27:16.286+0000] {override.py:1911} INFO - Created Permission View: can read on DAG:dataset_s3_bucket_consumer_with_no_taskflow
[2026-01-04T12:27:16.291+0000] {logging_mixin.py:190} INFO - [2026-01-04T12:27:16.291+0000] {override.py:1911} INFO - Created Permission View: can edit on DAG:dataset_s3_bucket_consumer_with_no_taskflow
[2026-01-04T12:27:16.297+0000] {logging_mixin.py:190} INFO - [2026-01-04T12:27:16.296+0000] {override.py:1911} INFO - Created Permission View: can delete on DAG:dataset_s3_bucket_consumer_with_no_taskflow
[2026-01-04T12:27:16.305+0000] {logging_mixin.py:190} INFO - [2026-01-04T12:27:16.305+0000] {override.py:1911} INFO - Created Permission View: can read on DAG Run:dataset_s3_bucket_consumer_with_no_taskflow
[2026-01-04T12:27:16.311+0000] {logging_mixin.py:190} INFO - [2026-01-04T12:27:16.311+0000] {override.py:1911} INFO - Created Permission View: menu access on DAG Run:dataset_s3_bucket_consumer_with_no_taskflow
[2026-01-04T12:27:16.316+0000] {logging_mixin.py:190} INFO - [2026-01-04T12:27:16.316+0000] {override.py:1911} INFO - Created Permission View: can create on DAG Run:dataset_s3_bucket_consumer_with_no_taskflow
[2026-01-04T12:27:16.321+0000] {logging_mixin.py:190} INFO - [2026-01-04T12:27:16.321+0000] {override.py:1911} INFO - Created Permission View: can delete on DAG Run:dataset_s3_bucket_consumer_with_no_taskflow
[2026-01-04T12:27:16.334+0000] {logging_mixin.py:190} INFO - [2026-01-04T12:27:16.334+0000] {override.py:1911} INFO - Created Permission View: can read on DAG:dataset_s3_bucket_producer_with_no_taskflow
[2026-01-04T12:27:16.339+0000] {logging_mixin.py:190} INFO - [2026-01-04T12:27:16.339+0000] {override.py:1911} INFO - Created Permission View: can edit on DAG:dataset_s3_bucket_producer_with_no_taskflow
[2026-01-04T12:27:16.344+0000] {logging_mixin.py:190} INFO - [2026-01-04T12:27:16.344+0000] {override.py:1911} INFO - Created Permission View: can delete on DAG:dataset_s3_bucket_producer_with_no_taskflow
[2026-01-04T12:27:16.351+0000] {logging_mixin.py:190} INFO - [2026-01-04T12:27:16.351+0000] {override.py:1911} INFO - Created Permission View: can read on DAG Run:dataset_s3_bucket_producer_with_no_taskflow
[2026-01-04T12:27:16.356+0000] {logging_mixin.py:190} INFO - [2026-01-04T12:27:16.356+0000] {override.py:1911} INFO - Created Permission View: menu access on DAG Run:dataset_s3_bucket_producer_with_no_taskflow
[2026-01-04T12:27:16.361+0000] {logging_mixin.py:190} INFO - [2026-01-04T12:27:16.361+0000] {override.py:1911} INFO - Created Permission View: can create on DAG Run:dataset_s3_bucket_producer_with_no_taskflow
[2026-01-04T12:27:16.367+0000] {logging_mixin.py:190} INFO - [2026-01-04T12:27:16.366+0000] {override.py:1911} INFO - Created Permission View: can delete on DAG Run:dataset_s3_bucket_producer_with_no_taskflow
[2026-01-04T12:27:16.378+0000] {logging_mixin.py:190} INFO - [2026-01-04T12:27:16.378+0000] {override.py:1911} INFO - Created Permission View: can read on DAG:dataset_alias_example_alias_producer_with_no_taskflow
[2026-01-04T12:27:16.383+0000] {logging_mixin.py:190} INFO - [2026-01-04T12:27:16.383+0000] {override.py:1911} INFO - Created Permission View: can edit on DAG:dataset_alias_example_alias_producer_with_no_taskflow
[2026-01-04T12:27:16.388+0000] {logging_mixin.py:190} INFO - [2026-01-04T12:27:16.388+0000] {override.py:1911} INFO - Created Permission View: can delete on DAG:dataset_alias_example_alias_producer_with_no_taskflow
[2026-01-04T12:27:16.397+0000] {logging_mixin.py:190} INFO - [2026-01-04T12:27:16.396+0000] {override.py:1911} INFO - Created Permission View: can read on DAG Run:dataset_alias_example_alias_producer_with_no_taskflow
[2026-01-04T12:27:16.404+0000] {logging_mixin.py:190} INFO - [2026-01-04T12:27:16.403+0000] {override.py:1911} INFO - Created Permission View: menu access on DAG Run:dataset_alias_example_alias_producer_with_no_taskflow
[2026-01-04T12:27:16.408+0000] {logging_mixin.py:190} INFO - [2026-01-04T12:27:16.408+0000] {override.py:1911} INFO - Created Permission View: can create on DAG Run:dataset_alias_example_alias_producer_with_no_taskflow
[2026-01-04T12:27:16.413+0000] {logging_mixin.py:190} INFO - [2026-01-04T12:27:16.413+0000] {override.py:1911} INFO - Created Permission View: can delete on DAG Run:dataset_alias_example_alias_producer_with_no_taskflow
[2026-01-04T12:27:16.414+0000] {logging_mixin.py:190} INFO - [2026-01-04T12:27:16.413+0000] {dag.py:3239} INFO - Sync 4 DAGs
[2026-01-04T12:27:16.422+0000] {logging_mixin.py:190} INFO - [2026-01-04T12:27:16.422+0000] {dag.py:3262} INFO - Creating ORM DAG for dataset_s3_bucket_consumer_with_no_taskflow
[2026-01-04T12:27:16.423+0000] {logging_mixin.py:190} INFO - [2026-01-04T12:27:16.423+0000] {dag.py:3262} INFO - Creating ORM DAG for dataset_alias_example_alias_producer_with_no_taskflow
[2026-01-04T12:27:16.423+0000] {logging_mixin.py:190} INFO - [2026-01-04T12:27:16.423+0000] {dag.py:3262} INFO - Creating ORM DAG for dataset_alias_example_alias_consumer_with_no_taskflow
[2026-01-04T12:27:16.424+0000] {logging_mixin.py:190} INFO - [2026-01-04T12:27:16.424+0000] {dag.py:3262} INFO - Creating ORM DAG for dataset_s3_bucket_producer_with_no_taskflow
[2026-01-04T12:27:16.429+0000] {logging_mixin.py:190} INFO - [2026-01-04T12:27:16.429+0000] {dag.py:4180} INFO - Setting next_dagrun for dataset_alias_example_alias_consumer_with_no_taskflow to None, run_after=None
[2026-01-04T12:27:16.429+0000] {logging_mixin.py:190} INFO - [2026-01-04T12:27:16.429+0000] {dag.py:4180} INFO - Setting next_dagrun for dataset_alias_example_alias_producer_with_no_taskflow to None, run_after=None
[2026-01-04T12:27:16.430+0000] {logging_mixin.py:190} INFO - [2026-01-04T12:27:16.430+0000] {dag.py:4180} INFO - Setting next_dagrun for dataset_s3_bucket_consumer_with_no_taskflow to None, run_after=None
[2026-01-04T12:27:16.430+0000] {logging_mixin.py:190} INFO - [2026-01-04T12:27:16.430+0000] {dag.py:4180} INFO - Setting next_dagrun for dataset_s3_bucket_producer_with_no_taskflow to None, run_after=None
[2026-01-04T12:27:16.452+0000] {processor.py:208} INFO - Processing /workspaces/f1_data_team/venv/lib/python3.12/site-packages/airflow/example_dags/example_dataset_alias_with_no_taskflow.py took 0.753 seconds
[2026-01-04T12:28:15.177+0000] {processor.py:186} INFO - Started process (PID=25295) to work on /workspaces/f1_data_team/venv/lib/python3.12/site-packages/airflow/example_dags/example_dataset_alias_with_no_taskflow.py
[2026-01-04T12:28:15.178+0000] {processor.py:914} INFO - Processing file /workspaces/f1_data_team/venv/lib/python3.12/site-packages/airflow/example_dags/example_dataset_alias_with_no_taskflow.py for tasks to queue
[2026-01-04T12:28:15.180+0000] {logging_mixin.py:190} INFO - [2026-01-04T12:28:15.179+0000] {dagbag.py:588} INFO - Filling up the DagBag from /workspaces/f1_data_team/venv/lib/python3.12/site-packages/airflow/example_dags/example_dataset_alias_with_no_taskflow.py
[2026-01-04T12:28:15.562+0000] {processor.py:925} INFO - DAG(s) 'dataset_alias_example_alias_consumer_with_no_taskflow', 'dataset_s3_bucket_consumer_with_no_taskflow', 'dataset_s3_bucket_producer_with_no_taskflow', 'dataset_alias_example_alias_producer_with_no_taskflow' retrieved from /workspaces/f1_data_team/venv/lib/python3.12/site-packages/airflow/example_dags/example_dataset_alias_with_no_taskflow.py
[2026-01-04T12:28:15.575+0000] {logging_mixin.py:190} INFO - [2026-01-04T12:28:15.575+0000] {dag.py:3239} INFO - Sync 4 DAGs
[2026-01-04T12:28:15.587+0000] {logging_mixin.py:190} INFO - [2026-01-04T12:28:15.587+0000] {dag.py:4180} INFO - Setting next_dagrun for dataset_alias_example_alias_consumer_with_no_taskflow to None, run_after=None
[2026-01-04T12:28:15.589+0000] {logging_mixin.py:190} INFO - [2026-01-04T12:28:15.589+0000] {dag.py:4180} INFO - Setting next_dagrun for dataset_alias_example_alias_producer_with_no_taskflow to None, run_after=None
[2026-01-04T12:28:15.590+0000] {logging_mixin.py:190} INFO - [2026-01-04T12:28:15.590+0000] {dag.py:4180} INFO - Setting next_dagrun for dataset_s3_bucket_consumer_with_no_taskflow to None, run_after=None
[2026-01-04T12:28:15.590+0000] {logging_mixin.py:190} INFO - [2026-01-04T12:28:15.590+0000] {dag.py:4180} INFO - Setting next_dagrun for dataset_s3_bucket_producer_with_no_taskflow to None, run_after=None
[2026-01-04T12:28:15.607+0000] {processor.py:208} INFO - Processing /workspaces/f1_data_team/venv/lib/python3.12/site-packages/airflow/example_dags/example_dataset_alias_with_no_taskflow.py took 0.434 seconds
[2026-01-04T12:29:12.879+0000] {processor.py:186} INFO - Started process (PID=26367) to work on /workspaces/f1_data_team/venv/lib/python3.12/site-packages/airflow/example_dags/example_dataset_alias_with_no_taskflow.py
[2026-01-04T12:29:12.880+0000] {processor.py:914} INFO - Processing file /workspaces/f1_data_team/venv/lib/python3.12/site-packages/airflow/example_dags/example_dataset_alias_with_no_taskflow.py for tasks to queue
[2026-01-04T12:29:12.882+0000] {logging_mixin.py:190} INFO - [2026-01-04T12:29:12.881+0000] {dagbag.py:588} INFO - Filling up the DagBag from /workspaces/f1_data_team/venv/lib/python3.12/site-packages/airflow/example_dags/example_dataset_alias_with_no_taskflow.py
[2026-01-04T12:29:13.242+0000] {processor.py:925} INFO - DAG(s) 'dataset_s3_bucket_producer_with_no_taskflow', 'dataset_s3_bucket_consumer_with_no_taskflow', 'dataset_alias_example_alias_producer_with_no_taskflow', 'dataset_alias_example_alias_consumer_with_no_taskflow' retrieved from /workspaces/f1_data_team/venv/lib/python3.12/site-packages/airflow/example_dags/example_dataset_alias_with_no_taskflow.py
[2026-01-04T12:29:13.255+0000] {logging_mixin.py:190} INFO - [2026-01-04T12:29:13.254+0000] {dag.py:3239} INFO - Sync 4 DAGs
[2026-01-04T12:29:13.267+0000] {logging_mixin.py:190} INFO - [2026-01-04T12:29:13.267+0000] {dag.py:4180} INFO - Setting next_dagrun for dataset_alias_example_alias_consumer_with_no_taskflow to None, run_after=None
[2026-01-04T12:29:13.269+0000] {logging_mixin.py:190} INFO - [2026-01-04T12:29:13.269+0000] {dag.py:4180} INFO - Setting next_dagrun for dataset_alias_example_alias_producer_with_no_taskflow to None, run_after=None
[2026-01-04T12:29:13.270+0000] {logging_mixin.py:190} INFO - [2026-01-04T12:29:13.269+0000] {dag.py:4180} INFO - Setting next_dagrun for dataset_s3_bucket_consumer_with_no_taskflow to None, run_after=None
[2026-01-04T12:29:13.270+0000] {logging_mixin.py:190} INFO - [2026-01-04T12:29:13.270+0000] {dag.py:4180} INFO - Setting next_dagrun for dataset_s3_bucket_producer_with_no_taskflow to None, run_after=None
[2026-01-04T12:29:13.285+0000] {processor.py:208} INFO - Processing /workspaces/f1_data_team/venv/lib/python3.12/site-packages/airflow/example_dags/example_dataset_alias_with_no_taskflow.py took 0.410 seconds
[2026-01-04T12:30:53.437+0000] {processor.py:186} INFO - Started process (PID=27904) to work on /workspaces/f1_data_team/venv/lib/python3.12/site-packages/airflow/example_dags/example_dataset_alias_with_no_taskflow.py
[2026-01-04T12:30:53.437+0000] {processor.py:914} INFO - Processing file /workspaces/f1_data_team/venv/lib/python3.12/site-packages/airflow/example_dags/example_dataset_alias_with_no_taskflow.py for tasks to queue
[2026-01-04T12:30:53.439+0000] {logging_mixin.py:190} INFO - [2026-01-04T12:30:53.439+0000] {dagbag.py:588} INFO - Filling up the DagBag from /workspaces/f1_data_team/venv/lib/python3.12/site-packages/airflow/example_dags/example_dataset_alias_with_no_taskflow.py
[2026-01-04T12:30:53.780+0000] {processor.py:925} INFO - DAG(s) 'dataset_alias_example_alias_consumer_with_no_taskflow', 'dataset_s3_bucket_consumer_with_no_taskflow', 'dataset_s3_bucket_producer_with_no_taskflow', 'dataset_alias_example_alias_producer_with_no_taskflow' retrieved from /workspaces/f1_data_team/venv/lib/python3.12/site-packages/airflow/example_dags/example_dataset_alias_with_no_taskflow.py
[2026-01-04T12:30:53.794+0000] {logging_mixin.py:190} INFO - [2026-01-04T12:30:53.793+0000] {dag.py:3239} INFO - Sync 4 DAGs
[2026-01-04T12:30:53.808+0000] {logging_mixin.py:190} INFO - [2026-01-04T12:30:53.808+0000] {dag.py:4180} INFO - Setting next_dagrun for dataset_alias_example_alias_consumer_with_no_taskflow to None, run_after=None
[2026-01-04T12:30:53.809+0000] {logging_mixin.py:190} INFO - [2026-01-04T12:30:53.809+0000] {dag.py:4180} INFO - Setting next_dagrun for dataset_alias_example_alias_producer_with_no_taskflow to None, run_after=None
[2026-01-04T12:30:53.810+0000] {logging_mixin.py:190} INFO - [2026-01-04T12:30:53.810+0000] {dag.py:4180} INFO - Setting next_dagrun for dataset_s3_bucket_consumer_with_no_taskflow to None, run_after=None
[2026-01-04T12:30:53.811+0000] {logging_mixin.py:190} INFO - [2026-01-04T12:30:53.811+0000] {dag.py:4180} INFO - Setting next_dagrun for dataset_s3_bucket_producer_with_no_taskflow to None, run_after=None
[2026-01-04T12:30:53.829+0000] {processor.py:208} INFO - Processing /workspaces/f1_data_team/venv/lib/python3.12/site-packages/airflow/example_dags/example_dataset_alias_with_no_taskflow.py took 0.397 seconds
[2026-01-04T12:31:52.728+0000] {processor.py:186} INFO - Started process (PID=28878) to work on /workspaces/f1_data_team/venv/lib/python3.12/site-packages/airflow/example_dags/example_dataset_alias_with_no_taskflow.py
[2026-01-04T12:31:52.729+0000] {processor.py:914} INFO - Processing file /workspaces/f1_data_team/venv/lib/python3.12/site-packages/airflow/example_dags/example_dataset_alias_with_no_taskflow.py for tasks to queue
[2026-01-04T12:31:52.731+0000] {logging_mixin.py:190} INFO - [2026-01-04T12:31:52.730+0000] {dagbag.py:588} INFO - Filling up the DagBag from /workspaces/f1_data_team/venv/lib/python3.12/site-packages/airflow/example_dags/example_dataset_alias_with_no_taskflow.py
[2026-01-04T12:31:53.098+0000] {processor.py:925} INFO - DAG(s) 'dataset_s3_bucket_producer_with_no_taskflow', 'dataset_alias_example_alias_producer_with_no_taskflow', 'dataset_s3_bucket_consumer_with_no_taskflow', 'dataset_alias_example_alias_consumer_with_no_taskflow' retrieved from /workspaces/f1_data_team/venv/lib/python3.12/site-packages/airflow/example_dags/example_dataset_alias_with_no_taskflow.py
[2026-01-04T12:31:53.110+0000] {logging_mixin.py:190} INFO - [2026-01-04T12:31:53.110+0000] {dag.py:3239} INFO - Sync 4 DAGs
[2026-01-04T12:31:53.122+0000] {logging_mixin.py:190} INFO - [2026-01-04T12:31:53.122+0000] {dag.py:4180} INFO - Setting next_dagrun for dataset_alias_example_alias_consumer_with_no_taskflow to None, run_after=None
[2026-01-04T12:31:53.124+0000] {logging_mixin.py:190} INFO - [2026-01-04T12:31:53.123+0000] {dag.py:4180} INFO - Setting next_dagrun for dataset_alias_example_alias_producer_with_no_taskflow to None, run_after=None
[2026-01-04T12:31:53.124+0000] {logging_mixin.py:190} INFO - [2026-01-04T12:31:53.124+0000] {dag.py:4180} INFO - Setting next_dagrun for dataset_s3_bucket_consumer_with_no_taskflow to None, run_after=None
[2026-01-04T12:31:53.125+0000] {logging_mixin.py:190} INFO - [2026-01-04T12:31:53.125+0000] {dag.py:4180} INFO - Setting next_dagrun for dataset_s3_bucket_producer_with_no_taskflow to None, run_after=None
[2026-01-04T12:31:53.141+0000] {processor.py:208} INFO - Processing /workspaces/f1_data_team/venv/lib/python3.12/site-packages/airflow/example_dags/example_dataset_alias_with_no_taskflow.py took 0.417 seconds
[2026-01-04T12:32:58.618+0000] {processor.py:186} INFO - Started process (PID=29999) to work on /workspaces/f1_data_team/venv/lib/python3.12/site-packages/airflow/example_dags/example_dataset_alias_with_no_taskflow.py
[2026-01-04T12:32:58.619+0000] {processor.py:914} INFO - Processing file /workspaces/f1_data_team/venv/lib/python3.12/site-packages/airflow/example_dags/example_dataset_alias_with_no_taskflow.py for tasks to queue
[2026-01-04T12:32:58.621+0000] {logging_mixin.py:190} INFO - [2026-01-04T12:32:58.620+0000] {dagbag.py:588} INFO - Filling up the DagBag from /workspaces/f1_data_team/venv/lib/python3.12/site-packages/airflow/example_dags/example_dataset_alias_with_no_taskflow.py
[2026-01-04T12:32:58.638+0000] {processor.py:925} INFO - DAG(s) 'dataset_alias_example_alias_consumer_with_no_taskflow', 'dataset_s3_bucket_consumer_with_no_taskflow', 'dataset_s3_bucket_producer_with_no_taskflow', 'dataset_alias_example_alias_producer_with_no_taskflow' retrieved from /workspaces/f1_data_team/venv/lib/python3.12/site-packages/airflow/example_dags/example_dataset_alias_with_no_taskflow.py
[2026-01-04T12:32:58.654+0000] {logging_mixin.py:190} INFO - [2026-01-04T12:32:58.654+0000] {dag.py:3239} INFO - Sync 4 DAGs
[2026-01-04T12:32:58.668+0000] {logging_mixin.py:190} INFO - [2026-01-04T12:32:58.668+0000] {dag.py:4180} INFO - Setting next_dagrun for dataset_alias_example_alias_consumer_with_no_taskflow to None, run_after=None
[2026-01-04T12:32:58.670+0000] {logging_mixin.py:190} INFO - [2026-01-04T12:32:58.670+0000] {dag.py:4180} INFO - Setting next_dagrun for dataset_alias_example_alias_producer_with_no_taskflow to None, run_after=None
[2026-01-04T12:32:58.671+0000] {logging_mixin.py:190} INFO - [2026-01-04T12:32:58.671+0000] {dag.py:4180} INFO - Setting next_dagrun for dataset_s3_bucket_consumer_with_no_taskflow to None, run_after=None
[2026-01-04T12:32:58.671+0000] {logging_mixin.py:190} INFO - [2026-01-04T12:32:58.671+0000] {dag.py:4180} INFO - Setting next_dagrun for dataset_s3_bucket_producer_with_no_taskflow to None, run_after=None
[2026-01-04T12:32:58.687+0000] {processor.py:208} INFO - Processing /workspaces/f1_data_team/venv/lib/python3.12/site-packages/airflow/example_dags/example_dataset_alias_with_no_taskflow.py took 0.074 seconds
[2026-01-04T12:34:02.394+0000] {processor.py:186} INFO - Started process (PID=30815) to work on /workspaces/f1_data_team/venv/lib/python3.12/site-packages/airflow/example_dags/example_dataset_alias_with_no_taskflow.py
[2026-01-04T12:34:02.394+0000] {processor.py:914} INFO - Processing file /workspaces/f1_data_team/venv/lib/python3.12/site-packages/airflow/example_dags/example_dataset_alias_with_no_taskflow.py for tasks to queue
[2026-01-04T12:34:02.397+0000] {logging_mixin.py:190} INFO - [2026-01-04T12:34:02.396+0000] {dagbag.py:588} INFO - Filling up the DagBag from /workspaces/f1_data_team/venv/lib/python3.12/site-packages/airflow/example_dags/example_dataset_alias_with_no_taskflow.py
[2026-01-04T12:34:02.418+0000] {processor.py:925} INFO - DAG(s) 'dataset_alias_example_alias_consumer_with_no_taskflow', 'dataset_s3_bucket_producer_with_no_taskflow', 'dataset_alias_example_alias_producer_with_no_taskflow', 'dataset_s3_bucket_consumer_with_no_taskflow' retrieved from /workspaces/f1_data_team/venv/lib/python3.12/site-packages/airflow/example_dags/example_dataset_alias_with_no_taskflow.py
[2026-01-04T12:34:02.432+0000] {logging_mixin.py:190} INFO - [2026-01-04T12:34:02.432+0000] {dag.py:3239} INFO - Sync 4 DAGs
[2026-01-04T12:34:02.446+0000] {logging_mixin.py:190} INFO - [2026-01-04T12:34:02.446+0000] {dag.py:4180} INFO - Setting next_dagrun for dataset_alias_example_alias_consumer_with_no_taskflow to None, run_after=None
[2026-01-04T12:34:02.448+0000] {logging_mixin.py:190} INFO - [2026-01-04T12:34:02.448+0000] {dag.py:4180} INFO - Setting next_dagrun for dataset_alias_example_alias_producer_with_no_taskflow to None, run_after=None
[2026-01-04T12:34:02.448+0000] {logging_mixin.py:190} INFO - [2026-01-04T12:34:02.448+0000] {dag.py:4180} INFO - Setting next_dagrun for dataset_s3_bucket_consumer_with_no_taskflow to None, run_after=None
[2026-01-04T12:34:02.449+0000] {logging_mixin.py:190} INFO - [2026-01-04T12:34:02.449+0000] {dag.py:4180} INFO - Setting next_dagrun for dataset_s3_bucket_producer_with_no_taskflow to None, run_after=None
[2026-01-04T12:34:02.466+0000] {processor.py:208} INFO - Processing /workspaces/f1_data_team/venv/lib/python3.12/site-packages/airflow/example_dags/example_dataset_alias_with_no_taskflow.py took 0.077 seconds
[2026-01-04T12:34:57.410+0000] {processor.py:186} INFO - Started process (PID=31377) to work on /workspaces/f1_data_team/venv/lib/python3.12/site-packages/airflow/example_dags/example_dataset_alias_with_no_taskflow.py
[2026-01-04T12:34:57.410+0000] {processor.py:914} INFO - Processing file /workspaces/f1_data_team/venv/lib/python3.12/site-packages/airflow/example_dags/example_dataset_alias_with_no_taskflow.py for tasks to queue
[2026-01-04T12:34:57.413+0000] {logging_mixin.py:190} INFO - [2026-01-04T12:34:57.412+0000] {dagbag.py:588} INFO - Filling up the DagBag from /workspaces/f1_data_team/venv/lib/python3.12/site-packages/airflow/example_dags/example_dataset_alias_with_no_taskflow.py
[2026-01-04T12:34:57.431+0000] {processor.py:925} INFO - DAG(s) 'dataset_alias_example_alias_producer_with_no_taskflow', 'dataset_alias_example_alias_consumer_with_no_taskflow', 'dataset_s3_bucket_consumer_with_no_taskflow', 'dataset_s3_bucket_producer_with_no_taskflow' retrieved from /workspaces/f1_data_team/venv/lib/python3.12/site-packages/airflow/example_dags/example_dataset_alias_with_no_taskflow.py
[2026-01-04T12:34:57.445+0000] {logging_mixin.py:190} INFO - [2026-01-04T12:34:57.445+0000] {dag.py:3239} INFO - Sync 4 DAGs
[2026-01-04T12:34:57.459+0000] {logging_mixin.py:190} INFO - [2026-01-04T12:34:57.459+0000] {dag.py:4180} INFO - Setting next_dagrun for dataset_alias_example_alias_consumer_with_no_taskflow to None, run_after=None
[2026-01-04T12:34:57.461+0000] {logging_mixin.py:190} INFO - [2026-01-04T12:34:57.461+0000] {dag.py:4180} INFO - Setting next_dagrun for dataset_alias_example_alias_producer_with_no_taskflow to None, run_after=None
[2026-01-04T12:34:57.461+0000] {logging_mixin.py:190} INFO - [2026-01-04T12:34:57.461+0000] {dag.py:4180} INFO - Setting next_dagrun for dataset_s3_bucket_consumer_with_no_taskflow to None, run_after=None
[2026-01-04T12:34:57.462+0000] {logging_mixin.py:190} INFO - [2026-01-04T12:34:57.462+0000] {dag.py:4180} INFO - Setting next_dagrun for dataset_s3_bucket_producer_with_no_taskflow to None, run_after=None
[2026-01-04T12:34:57.479+0000] {processor.py:208} INFO - Processing /workspaces/f1_data_team/venv/lib/python3.12/site-packages/airflow/example_dags/example_dataset_alias_with_no_taskflow.py took 0.074 seconds
[2026-01-04T12:35:53.320+0000] {processor.py:186} INFO - Started process (PID=31983) to work on /workspaces/f1_data_team/venv/lib/python3.12/site-packages/airflow/example_dags/example_dataset_alias_with_no_taskflow.py
[2026-01-04T12:35:53.321+0000] {processor.py:914} INFO - Processing file /workspaces/f1_data_team/venv/lib/python3.12/site-packages/airflow/example_dags/example_dataset_alias_with_no_taskflow.py for tasks to queue
[2026-01-04T12:35:53.323+0000] {logging_mixin.py:190} INFO - [2026-01-04T12:35:53.323+0000] {dagbag.py:588} INFO - Filling up the DagBag from /workspaces/f1_data_team/venv/lib/python3.12/site-packages/airflow/example_dags/example_dataset_alias_with_no_taskflow.py
[2026-01-04T12:35:53.341+0000] {processor.py:925} INFO - DAG(s) 'dataset_s3_bucket_consumer_with_no_taskflow', 'dataset_alias_example_alias_consumer_with_no_taskflow', 'dataset_s3_bucket_producer_with_no_taskflow', 'dataset_alias_example_alias_producer_with_no_taskflow' retrieved from /workspaces/f1_data_team/venv/lib/python3.12/site-packages/airflow/example_dags/example_dataset_alias_with_no_taskflow.py
[2026-01-04T12:35:53.356+0000] {logging_mixin.py:190} INFO - [2026-01-04T12:35:53.355+0000] {dag.py:3239} INFO - Sync 4 DAGs
[2026-01-04T12:35:53.370+0000] {logging_mixin.py:190} INFO - [2026-01-04T12:35:53.370+0000] {dag.py:4180} INFO - Setting next_dagrun for dataset_alias_example_alias_consumer_with_no_taskflow to None, run_after=None
[2026-01-04T12:35:53.372+0000] {logging_mixin.py:190} INFO - [2026-01-04T12:35:53.372+0000] {dag.py:4180} INFO - Setting next_dagrun for dataset_alias_example_alias_producer_with_no_taskflow to None, run_after=None
[2026-01-04T12:35:53.373+0000] {logging_mixin.py:190} INFO - [2026-01-04T12:35:53.372+0000] {dag.py:4180} INFO - Setting next_dagrun for dataset_s3_bucket_consumer_with_no_taskflow to None, run_after=None
[2026-01-04T12:35:53.373+0000] {logging_mixin.py:190} INFO - [2026-01-04T12:35:53.373+0000] {dag.py:4180} INFO - Setting next_dagrun for dataset_s3_bucket_producer_with_no_taskflow to None, run_after=None
[2026-01-04T12:35:53.389+0000] {processor.py:208} INFO - Processing /workspaces/f1_data_team/venv/lib/python3.12/site-packages/airflow/example_dags/example_dataset_alias_with_no_taskflow.py took 0.073 seconds
[2026-01-04T12:36:45.703+0000] {processor.py:186} INFO - Started process (PID=32515) to work on /workspaces/f1_data_team/venv/lib/python3.12/site-packages/airflow/example_dags/example_dataset_alias_with_no_taskflow.py
[2026-01-04T12:36:45.704+0000] {processor.py:914} INFO - Processing file /workspaces/f1_data_team/venv/lib/python3.12/site-packages/airflow/example_dags/example_dataset_alias_with_no_taskflow.py for tasks to queue
[2026-01-04T12:36:45.706+0000] {logging_mixin.py:190} INFO - [2026-01-04T12:36:45.706+0000] {dagbag.py:588} INFO - Filling up the DagBag from /workspaces/f1_data_team/venv/lib/python3.12/site-packages/airflow/example_dags/example_dataset_alias_with_no_taskflow.py
[2026-01-04T12:36:45.724+0000] {processor.py:925} INFO - DAG(s) 'dataset_s3_bucket_producer_with_no_taskflow', 'dataset_s3_bucket_consumer_with_no_taskflow', 'dataset_alias_example_alias_producer_with_no_taskflow', 'dataset_alias_example_alias_consumer_with_no_taskflow' retrieved from /workspaces/f1_data_team/venv/lib/python3.12/site-packages/airflow/example_dags/example_dataset_alias_with_no_taskflow.py
[2026-01-04T12:36:45.739+0000] {logging_mixin.py:190} INFO - [2026-01-04T12:36:45.738+0000] {dag.py:3239} INFO - Sync 4 DAGs
[2026-01-04T12:36:45.753+0000] {logging_mixin.py:190} INFO - [2026-01-04T12:36:45.752+0000] {dag.py:4180} INFO - Setting next_dagrun for dataset_alias_example_alias_consumer_with_no_taskflow to None, run_after=None
[2026-01-04T12:36:45.754+0000] {logging_mixin.py:190} INFO - [2026-01-04T12:36:45.754+0000] {dag.py:4180} INFO - Setting next_dagrun for dataset_alias_example_alias_producer_with_no_taskflow to None, run_after=None
[2026-01-04T12:36:45.755+0000] {logging_mixin.py:190} INFO - [2026-01-04T12:36:45.755+0000] {dag.py:4180} INFO - Setting next_dagrun for dataset_s3_bucket_consumer_with_no_taskflow to None, run_after=None
[2026-01-04T12:36:45.755+0000] {logging_mixin.py:190} INFO - [2026-01-04T12:36:45.755+0000] {dag.py:4180} INFO - Setting next_dagrun for dataset_s3_bucket_producer_with_no_taskflow to None, run_after=None
[2026-01-04T12:36:45.771+0000] {processor.py:208} INFO - Processing /workspaces/f1_data_team/venv/lib/python3.12/site-packages/airflow/example_dags/example_dataset_alias_with_no_taskflow.py took 0.072 seconds
[2026-01-04T12:37:38.319+0000] {processor.py:186} INFO - Started process (PID=33222) to work on /workspaces/f1_data_team/venv/lib/python3.12/site-packages/airflow/example_dags/example_dataset_alias_with_no_taskflow.py
[2026-01-04T12:37:38.319+0000] {processor.py:914} INFO - Processing file /workspaces/f1_data_team/venv/lib/python3.12/site-packages/airflow/example_dags/example_dataset_alias_with_no_taskflow.py for tasks to queue
[2026-01-04T12:37:38.322+0000] {logging_mixin.py:190} INFO - [2026-01-04T12:37:38.321+0000] {dagbag.py:588} INFO - Filling up the DagBag from /workspaces/f1_data_team/venv/lib/python3.12/site-packages/airflow/example_dags/example_dataset_alias_with_no_taskflow.py
[2026-01-04T12:37:38.346+0000] {processor.py:925} INFO - DAG(s) 'dataset_alias_example_alias_producer_with_no_taskflow', 'dataset_s3_bucket_consumer_with_no_taskflow', 'dataset_alias_example_alias_consumer_with_no_taskflow', 'dataset_s3_bucket_producer_with_no_taskflow' retrieved from /workspaces/f1_data_team/venv/lib/python3.12/site-packages/airflow/example_dags/example_dataset_alias_with_no_taskflow.py
[2026-01-04T12:37:38.360+0000] {logging_mixin.py:190} INFO - [2026-01-04T12:37:38.360+0000] {dag.py:3239} INFO - Sync 4 DAGs
[2026-01-04T12:37:38.375+0000] {logging_mixin.py:190} INFO - [2026-01-04T12:37:38.375+0000] {dag.py:4180} INFO - Setting next_dagrun for dataset_alias_example_alias_consumer_with_no_taskflow to None, run_after=None
[2026-01-04T12:37:38.376+0000] {logging_mixin.py:190} INFO - [2026-01-04T12:37:38.376+0000] {dag.py:4180} INFO - Setting next_dagrun for dataset_alias_example_alias_producer_with_no_taskflow to None, run_after=None
[2026-01-04T12:37:38.377+0000] {logging_mixin.py:190} INFO - [2026-01-04T12:37:38.377+0000] {dag.py:4180} INFO - Setting next_dagrun for dataset_s3_bucket_consumer_with_no_taskflow to None, run_after=None
[2026-01-04T12:37:38.378+0000] {logging_mixin.py:190} INFO - [2026-01-04T12:37:38.378+0000] {dag.py:4180} INFO - Setting next_dagrun for dataset_s3_bucket_producer_with_no_taskflow to None, run_after=None
[2026-01-04T12:37:38.394+0000] {processor.py:208} INFO - Processing /workspaces/f1_data_team/venv/lib/python3.12/site-packages/airflow/example_dags/example_dataset_alias_with_no_taskflow.py took 0.082 seconds
[2026-01-04T12:38:31.965+0000] {processor.py:186} INFO - Started process (PID=33919) to work on /workspaces/f1_data_team/venv/lib/python3.12/site-packages/airflow/example_dags/example_dataset_alias_with_no_taskflow.py
[2026-01-04T12:38:31.966+0000] {processor.py:914} INFO - Processing file /workspaces/f1_data_team/venv/lib/python3.12/site-packages/airflow/example_dags/example_dataset_alias_with_no_taskflow.py for tasks to queue
[2026-01-04T12:38:31.968+0000] {logging_mixin.py:190} INFO - [2026-01-04T12:38:31.968+0000] {dagbag.py:588} INFO - Filling up the DagBag from /workspaces/f1_data_team/venv/lib/python3.12/site-packages/airflow/example_dags/example_dataset_alias_with_no_taskflow.py
[2026-01-04T12:38:31.986+0000] {processor.py:925} INFO - DAG(s) 'dataset_alias_example_alias_consumer_with_no_taskflow', 'dataset_s3_bucket_producer_with_no_taskflow', 'dataset_alias_example_alias_producer_with_no_taskflow', 'dataset_s3_bucket_consumer_with_no_taskflow' retrieved from /workspaces/f1_data_team/venv/lib/python3.12/site-packages/airflow/example_dags/example_dataset_alias_with_no_taskflow.py
[2026-01-04T12:38:32.000+0000] {logging_mixin.py:190} INFO - [2026-01-04T12:38:32.000+0000] {dag.py:3239} INFO - Sync 4 DAGs
[2026-01-04T12:38:32.015+0000] {logging_mixin.py:190} INFO - [2026-01-04T12:38:32.015+0000] {dag.py:4180} INFO - Setting next_dagrun for dataset_alias_example_alias_consumer_with_no_taskflow to None, run_after=None
[2026-01-04T12:38:32.017+0000] {logging_mixin.py:190} INFO - [2026-01-04T12:38:32.016+0000] {dag.py:4180} INFO - Setting next_dagrun for dataset_alias_example_alias_producer_with_no_taskflow to None, run_after=None
[2026-01-04T12:38:32.017+0000] {logging_mixin.py:190} INFO - [2026-01-04T12:38:32.017+0000] {dag.py:4180} INFO - Setting next_dagrun for dataset_s3_bucket_consumer_with_no_taskflow to None, run_after=None
[2026-01-04T12:38:32.018+0000] {logging_mixin.py:190} INFO - [2026-01-04T12:38:32.018+0000] {dag.py:4180} INFO - Setting next_dagrun for dataset_s3_bucket_producer_with_no_taskflow to None, run_after=None
[2026-01-04T12:38:32.033+0000] {processor.py:208} INFO - Processing /workspaces/f1_data_team/venv/lib/python3.12/site-packages/airflow/example_dags/example_dataset_alias_with_no_taskflow.py took 0.073 seconds
[2026-01-04T12:39:24.326+0000] {processor.py:186} INFO - Started process (PID=34409) to work on /workspaces/f1_data_team/venv/lib/python3.12/site-packages/airflow/example_dags/example_dataset_alias_with_no_taskflow.py
[2026-01-04T12:39:24.330+0000] {processor.py:914} INFO - Processing file /workspaces/f1_data_team/venv/lib/python3.12/site-packages/airflow/example_dags/example_dataset_alias_with_no_taskflow.py for tasks to queue
[2026-01-04T12:39:24.332+0000] {logging_mixin.py:190} INFO - [2026-01-04T12:39:24.332+0000] {dagbag.py:588} INFO - Filling up the DagBag from /workspaces/f1_data_team/venv/lib/python3.12/site-packages/airflow/example_dags/example_dataset_alias_with_no_taskflow.py
[2026-01-04T12:39:24.399+0000] {processor.py:925} INFO - DAG(s) 'dataset_alias_example_alias_producer_with_no_taskflow', 'dataset_alias_example_alias_consumer_with_no_taskflow', 'dataset_s3_bucket_producer_with_no_taskflow', 'dataset_s3_bucket_consumer_with_no_taskflow' retrieved from /workspaces/f1_data_team/venv/lib/python3.12/site-packages/airflow/example_dags/example_dataset_alias_with_no_taskflow.py
[2026-01-04T12:39:24.427+0000] {logging_mixin.py:190} INFO - [2026-01-04T12:39:24.426+0000] {dag.py:3239} INFO - Sync 4 DAGs
[2026-01-04T12:39:24.448+0000] {logging_mixin.py:190} INFO - [2026-01-04T12:39:24.448+0000] {dag.py:4180} INFO - Setting next_dagrun for dataset_alias_example_alias_consumer_with_no_taskflow to None, run_after=None
[2026-01-04T12:39:24.451+0000] {logging_mixin.py:190} INFO - [2026-01-04T12:39:24.451+0000] {dag.py:4180} INFO - Setting next_dagrun for dataset_alias_example_alias_producer_with_no_taskflow to None, run_after=None
[2026-01-04T12:39:24.452+0000] {logging_mixin.py:190} INFO - [2026-01-04T12:39:24.452+0000] {dag.py:4180} INFO - Setting next_dagrun for dataset_s3_bucket_consumer_with_no_taskflow to None, run_after=None
[2026-01-04T12:39:24.453+0000] {logging_mixin.py:190} INFO - [2026-01-04T12:39:24.453+0000] {dag.py:4180} INFO - Setting next_dagrun for dataset_s3_bucket_producer_with_no_taskflow to None, run_after=None
[2026-01-04T12:39:24.486+0000] {processor.py:208} INFO - Processing /workspaces/f1_data_team/venv/lib/python3.12/site-packages/airflow/example_dags/example_dataset_alias_with_no_taskflow.py took 0.169 seconds
[2026-01-04T12:40:17.152+0000] {processor.py:186} INFO - Started process (PID=34866) to work on /workspaces/f1_data_team/venv/lib/python3.12/site-packages/airflow/example_dags/example_dataset_alias_with_no_taskflow.py
[2026-01-04T12:40:17.153+0000] {processor.py:914} INFO - Processing file /workspaces/f1_data_team/venv/lib/python3.12/site-packages/airflow/example_dags/example_dataset_alias_with_no_taskflow.py for tasks to queue
[2026-01-04T12:40:17.155+0000] {logging_mixin.py:190} INFO - [2026-01-04T12:40:17.155+0000] {dagbag.py:588} INFO - Filling up the DagBag from /workspaces/f1_data_team/venv/lib/python3.12/site-packages/airflow/example_dags/example_dataset_alias_with_no_taskflow.py
[2026-01-04T12:40:17.178+0000] {processor.py:925} INFO - DAG(s) 'dataset_s3_bucket_producer_with_no_taskflow', 'dataset_alias_example_alias_consumer_with_no_taskflow', 'dataset_s3_bucket_consumer_with_no_taskflow', 'dataset_alias_example_alias_producer_with_no_taskflow' retrieved from /workspaces/f1_data_team/venv/lib/python3.12/site-packages/airflow/example_dags/example_dataset_alias_with_no_taskflow.py
[2026-01-04T12:40:17.192+0000] {logging_mixin.py:190} INFO - [2026-01-04T12:40:17.192+0000] {dag.py:3239} INFO - Sync 4 DAGs
[2026-01-04T12:40:17.207+0000] {logging_mixin.py:190} INFO - [2026-01-04T12:40:17.207+0000] {dag.py:4180} INFO - Setting next_dagrun for dataset_alias_example_alias_consumer_with_no_taskflow to None, run_after=None
[2026-01-04T12:40:17.208+0000] {logging_mixin.py:190} INFO - [2026-01-04T12:40:17.208+0000] {dag.py:4180} INFO - Setting next_dagrun for dataset_alias_example_alias_producer_with_no_taskflow to None, run_after=None
[2026-01-04T12:40:17.209+0000] {logging_mixin.py:190} INFO - [2026-01-04T12:40:17.209+0000] {dag.py:4180} INFO - Setting next_dagrun for dataset_s3_bucket_consumer_with_no_taskflow to None, run_after=None
[2026-01-04T12:40:17.210+0000] {logging_mixin.py:190} INFO - [2026-01-04T12:40:17.210+0000] {dag.py:4180} INFO - Setting next_dagrun for dataset_s3_bucket_producer_with_no_taskflow to None, run_after=None
[2026-01-04T12:40:17.228+0000] {processor.py:208} INFO - Processing /workspaces/f1_data_team/venv/lib/python3.12/site-packages/airflow/example_dags/example_dataset_alias_with_no_taskflow.py took 0.080 seconds
[2026-01-04T12:41:58.356+0000] {processor.py:186} INFO - Started process (PID=36199) to work on /workspaces/f1_data_team/venv/lib/python3.12/site-packages/airflow/example_dags/example_dataset_alias_with_no_taskflow.py
[2026-01-04T12:41:58.356+0000] {processor.py:914} INFO - Processing file /workspaces/f1_data_team/venv/lib/python3.12/site-packages/airflow/example_dags/example_dataset_alias_with_no_taskflow.py for tasks to queue
[2026-01-04T12:41:58.358+0000] {logging_mixin.py:190} INFO - [2026-01-04T12:41:58.358+0000] {dagbag.py:588} INFO - Filling up the DagBag from /workspaces/f1_data_team/venv/lib/python3.12/site-packages/airflow/example_dags/example_dataset_alias_with_no_taskflow.py
[2026-01-04T12:41:58.376+0000] {processor.py:925} INFO - DAG(s) 'dataset_s3_bucket_consumer_with_no_taskflow', 'dataset_alias_example_alias_producer_with_no_taskflow', 'dataset_s3_bucket_producer_with_no_taskflow', 'dataset_alias_example_alias_consumer_with_no_taskflow' retrieved from /workspaces/f1_data_team/venv/lib/python3.12/site-packages/airflow/example_dags/example_dataset_alias_with_no_taskflow.py
[2026-01-04T12:41:58.392+0000] {logging_mixin.py:190} INFO - [2026-01-04T12:41:58.391+0000] {dag.py:3239} INFO - Sync 4 DAGs
[2026-01-04T12:41:58.406+0000] {logging_mixin.py:190} INFO - [2026-01-04T12:41:58.406+0000] {dag.py:4180} INFO - Setting next_dagrun for dataset_alias_example_alias_consumer_with_no_taskflow to None, run_after=None
[2026-01-04T12:41:58.408+0000] {logging_mixin.py:190} INFO - [2026-01-04T12:41:58.408+0000] {dag.py:4180} INFO - Setting next_dagrun for dataset_alias_example_alias_producer_with_no_taskflow to None, run_after=None
[2026-01-04T12:41:58.409+0000] {logging_mixin.py:190} INFO - [2026-01-04T12:41:58.409+0000] {dag.py:4180} INFO - Setting next_dagrun for dataset_s3_bucket_consumer_with_no_taskflow to None, run_after=None
[2026-01-04T12:41:58.409+0000] {logging_mixin.py:190} INFO - [2026-01-04T12:41:58.409+0000] {dag.py:4180} INFO - Setting next_dagrun for dataset_s3_bucket_producer_with_no_taskflow to None, run_after=None
[2026-01-04T12:41:58.425+0000] {processor.py:208} INFO - Processing /workspaces/f1_data_team/venv/lib/python3.12/site-packages/airflow/example_dags/example_dataset_alias_with_no_taskflow.py took 0.074 seconds
[2026-01-04T12:43:09.830+0000] {processor.py:186} INFO - Started process (PID=37246) to work on /workspaces/f1_data_team/venv/lib/python3.12/site-packages/airflow/example_dags/example_dataset_alias_with_no_taskflow.py
[2026-01-04T12:43:09.831+0000] {processor.py:914} INFO - Processing file /workspaces/f1_data_team/venv/lib/python3.12/site-packages/airflow/example_dags/example_dataset_alias_with_no_taskflow.py for tasks to queue
[2026-01-04T12:43:09.834+0000] {logging_mixin.py:190} INFO - [2026-01-04T12:43:09.833+0000] {dagbag.py:588} INFO - Filling up the DagBag from /workspaces/f1_data_team/venv/lib/python3.12/site-packages/airflow/example_dags/example_dataset_alias_with_no_taskflow.py
[2026-01-04T12:43:09.852+0000] {processor.py:925} INFO - DAG(s) 'dataset_alias_example_alias_consumer_with_no_taskflow', 'dataset_s3_bucket_consumer_with_no_taskflow', 'dataset_s3_bucket_producer_with_no_taskflow', 'dataset_alias_example_alias_producer_with_no_taskflow' retrieved from /workspaces/f1_data_team/venv/lib/python3.12/site-packages/airflow/example_dags/example_dataset_alias_with_no_taskflow.py
[2026-01-04T12:43:09.867+0000] {logging_mixin.py:190} INFO - [2026-01-04T12:43:09.867+0000] {dag.py:3239} INFO - Sync 4 DAGs
[2026-01-04T12:43:09.882+0000] {logging_mixin.py:190} INFO - [2026-01-04T12:43:09.881+0000] {dag.py:4180} INFO - Setting next_dagrun for dataset_alias_example_alias_consumer_with_no_taskflow to None, run_after=None
[2026-01-04T12:43:09.883+0000] {logging_mixin.py:190} INFO - [2026-01-04T12:43:09.883+0000] {dag.py:4180} INFO - Setting next_dagrun for dataset_alias_example_alias_producer_with_no_taskflow to None, run_after=None
[2026-01-04T12:43:09.884+0000] {logging_mixin.py:190} INFO - [2026-01-04T12:43:09.884+0000] {dag.py:4180} INFO - Setting next_dagrun for dataset_s3_bucket_consumer_with_no_taskflow to None, run_after=None
[2026-01-04T12:43:09.885+0000] {logging_mixin.py:190} INFO - [2026-01-04T12:43:09.885+0000] {dag.py:4180} INFO - Setting next_dagrun for dataset_s3_bucket_producer_with_no_taskflow to None, run_after=None
[2026-01-04T12:43:09.901+0000] {processor.py:208} INFO - Processing /workspaces/f1_data_team/venv/lib/python3.12/site-packages/airflow/example_dags/example_dataset_alias_with_no_taskflow.py took 0.076 seconds
[2026-01-04T12:44:05.306+0000] {processor.py:186} INFO - Started process (PID=37877) to work on /workspaces/f1_data_team/venv/lib/python3.12/site-packages/airflow/example_dags/example_dataset_alias_with_no_taskflow.py
[2026-01-04T12:44:05.307+0000] {processor.py:914} INFO - Processing file /workspaces/f1_data_team/venv/lib/python3.12/site-packages/airflow/example_dags/example_dataset_alias_with_no_taskflow.py for tasks to queue
[2026-01-04T12:44:05.309+0000] {logging_mixin.py:190} INFO - [2026-01-04T12:44:05.309+0000] {dagbag.py:588} INFO - Filling up the DagBag from /workspaces/f1_data_team/venv/lib/python3.12/site-packages/airflow/example_dags/example_dataset_alias_with_no_taskflow.py
[2026-01-04T12:44:05.327+0000] {processor.py:925} INFO - DAG(s) 'dataset_alias_example_alias_consumer_with_no_taskflow', 'dataset_alias_example_alias_producer_with_no_taskflow', 'dataset_s3_bucket_producer_with_no_taskflow', 'dataset_s3_bucket_consumer_with_no_taskflow' retrieved from /workspaces/f1_data_team/venv/lib/python3.12/site-packages/airflow/example_dags/example_dataset_alias_with_no_taskflow.py
[2026-01-04T12:44:05.342+0000] {logging_mixin.py:190} INFO - [2026-01-04T12:44:05.341+0000] {dag.py:3239} INFO - Sync 4 DAGs
[2026-01-04T12:44:05.356+0000] {logging_mixin.py:190} INFO - [2026-01-04T12:44:05.356+0000] {dag.py:4180} INFO - Setting next_dagrun for dataset_alias_example_alias_consumer_with_no_taskflow to None, run_after=None
[2026-01-04T12:44:05.357+0000] {logging_mixin.py:190} INFO - [2026-01-04T12:44:05.357+0000] {dag.py:4180} INFO - Setting next_dagrun for dataset_alias_example_alias_producer_with_no_taskflow to None, run_after=None
[2026-01-04T12:44:05.358+0000] {logging_mixin.py:190} INFO - [2026-01-04T12:44:05.358+0000] {dag.py:4180} INFO - Setting next_dagrun for dataset_s3_bucket_consumer_with_no_taskflow to None, run_after=None
[2026-01-04T12:44:05.359+0000] {logging_mixin.py:190} INFO - [2026-01-04T12:44:05.359+0000] {dag.py:4180} INFO - Setting next_dagrun for dataset_s3_bucket_producer_with_no_taskflow to None, run_after=None
[2026-01-04T12:44:05.375+0000] {processor.py:208} INFO - Processing /workspaces/f1_data_team/venv/lib/python3.12/site-packages/airflow/example_dags/example_dataset_alias_with_no_taskflow.py took 0.073 seconds
[2026-01-04T12:45:00.579+0000] {processor.py:186} INFO - Started process (PID=38823) to work on /workspaces/f1_data_team/venv/lib/python3.12/site-packages/airflow/example_dags/example_dataset_alias_with_no_taskflow.py
[2026-01-04T12:45:00.580+0000] {processor.py:914} INFO - Processing file /workspaces/f1_data_team/venv/lib/python3.12/site-packages/airflow/example_dags/example_dataset_alias_with_no_taskflow.py for tasks to queue
[2026-01-04T12:45:00.582+0000] {logging_mixin.py:190} INFO - [2026-01-04T12:45:00.582+0000] {dagbag.py:588} INFO - Filling up the DagBag from /workspaces/f1_data_team/venv/lib/python3.12/site-packages/airflow/example_dags/example_dataset_alias_with_no_taskflow.py
[2026-01-04T12:45:00.600+0000] {processor.py:925} INFO - DAG(s) 'dataset_alias_example_alias_producer_with_no_taskflow', 'dataset_s3_bucket_consumer_with_no_taskflow', 'dataset_alias_example_alias_consumer_with_no_taskflow', 'dataset_s3_bucket_producer_with_no_taskflow' retrieved from /workspaces/f1_data_team/venv/lib/python3.12/site-packages/airflow/example_dags/example_dataset_alias_with_no_taskflow.py
[2026-01-04T12:45:00.614+0000] {logging_mixin.py:190} INFO - [2026-01-04T12:45:00.614+0000] {dag.py:3239} INFO - Sync 4 DAGs
[2026-01-04T12:45:00.629+0000] {logging_mixin.py:190} INFO - [2026-01-04T12:45:00.629+0000] {dag.py:4180} INFO - Setting next_dagrun for dataset_alias_example_alias_consumer_with_no_taskflow to None, run_after=None
[2026-01-04T12:45:00.630+0000] {logging_mixin.py:190} INFO - [2026-01-04T12:45:00.630+0000] {dag.py:4180} INFO - Setting next_dagrun for dataset_alias_example_alias_producer_with_no_taskflow to None, run_after=None
[2026-01-04T12:45:00.631+0000] {logging_mixin.py:190} INFO - [2026-01-04T12:45:00.631+0000] {dag.py:4180} INFO - Setting next_dagrun for dataset_s3_bucket_consumer_with_no_taskflow to None, run_after=None
[2026-01-04T12:45:00.632+0000] {logging_mixin.py:190} INFO - [2026-01-04T12:45:00.632+0000] {dag.py:4180} INFO - Setting next_dagrun for dataset_s3_bucket_producer_with_no_taskflow to None, run_after=None
[2026-01-04T12:45:00.647+0000] {processor.py:208} INFO - Processing /workspaces/f1_data_team/venv/lib/python3.12/site-packages/airflow/example_dags/example_dataset_alias_with_no_taskflow.py took 0.073 seconds
[2026-01-04T12:46:04.267+0000] {processor.py:186} INFO - Started process (PID=39673) to work on /workspaces/f1_data_team/venv/lib/python3.12/site-packages/airflow/example_dags/example_dataset_alias_with_no_taskflow.py
[2026-01-04T12:46:04.268+0000] {processor.py:914} INFO - Processing file /workspaces/f1_data_team/venv/lib/python3.12/site-packages/airflow/example_dags/example_dataset_alias_with_no_taskflow.py for tasks to queue
[2026-01-04T12:46:04.270+0000] {logging_mixin.py:190} INFO - [2026-01-04T12:46:04.270+0000] {dagbag.py:588} INFO - Filling up the DagBag from /workspaces/f1_data_team/venv/lib/python3.12/site-packages/airflow/example_dags/example_dataset_alias_with_no_taskflow.py
[2026-01-04T12:46:04.288+0000] {processor.py:925} INFO - DAG(s) 'dataset_s3_bucket_producer_with_no_taskflow', 'dataset_alias_example_alias_producer_with_no_taskflow', 'dataset_alias_example_alias_consumer_with_no_taskflow', 'dataset_s3_bucket_consumer_with_no_taskflow' retrieved from /workspaces/f1_data_team/venv/lib/python3.12/site-packages/airflow/example_dags/example_dataset_alias_with_no_taskflow.py
[2026-01-04T12:46:04.306+0000] {logging_mixin.py:190} INFO - [2026-01-04T12:46:04.306+0000] {dag.py:3239} INFO - Sync 4 DAGs
[2026-01-04T12:46:04.325+0000] {logging_mixin.py:190} INFO - [2026-01-04T12:46:04.325+0000] {dag.py:4180} INFO - Setting next_dagrun for dataset_alias_example_alias_consumer_with_no_taskflow to None, run_after=None
[2026-01-04T12:46:04.327+0000] {logging_mixin.py:190} INFO - [2026-01-04T12:46:04.327+0000] {dag.py:4180} INFO - Setting next_dagrun for dataset_alias_example_alias_producer_with_no_taskflow to None, run_after=None
[2026-01-04T12:46:04.327+0000] {logging_mixin.py:190} INFO - [2026-01-04T12:46:04.327+0000] {dag.py:4180} INFO - Setting next_dagrun for dataset_s3_bucket_consumer_with_no_taskflow to None, run_after=None
[2026-01-04T12:46:04.328+0000] {logging_mixin.py:190} INFO - [2026-01-04T12:46:04.328+0000] {dag.py:4180} INFO - Setting next_dagrun for dataset_s3_bucket_producer_with_no_taskflow to None, run_after=None
[2026-01-04T12:46:04.345+0000] {processor.py:208} INFO - Processing /workspaces/f1_data_team/venv/lib/python3.12/site-packages/airflow/example_dags/example_dataset_alias_with_no_taskflow.py took 0.082 seconds
[2026-01-04T12:46:54.624+0000] {processor.py:186} INFO - Started process (PID=40207) to work on /workspaces/f1_data_team/venv/lib/python3.12/site-packages/airflow/example_dags/example_dataset_alias_with_no_taskflow.py
[2026-01-04T12:46:54.625+0000] {processor.py:914} INFO - Processing file /workspaces/f1_data_team/venv/lib/python3.12/site-packages/airflow/example_dags/example_dataset_alias_with_no_taskflow.py for tasks to queue
[2026-01-04T12:46:54.627+0000] {logging_mixin.py:190} INFO - [2026-01-04T12:46:54.626+0000] {dagbag.py:588} INFO - Filling up the DagBag from /workspaces/f1_data_team/venv/lib/python3.12/site-packages/airflow/example_dags/example_dataset_alias_with_no_taskflow.py
[2026-01-04T12:46:54.645+0000] {processor.py:925} INFO - DAG(s) 'dataset_alias_example_alias_producer_with_no_taskflow', 'dataset_s3_bucket_consumer_with_no_taskflow', 'dataset_alias_example_alias_consumer_with_no_taskflow', 'dataset_s3_bucket_producer_with_no_taskflow' retrieved from /workspaces/f1_data_team/venv/lib/python3.12/site-packages/airflow/example_dags/example_dataset_alias_with_no_taskflow.py
[2026-01-04T12:46:54.659+0000] {logging_mixin.py:190} INFO - [2026-01-04T12:46:54.658+0000] {dag.py:3239} INFO - Sync 4 DAGs
[2026-01-04T12:46:54.674+0000] {logging_mixin.py:190} INFO - [2026-01-04T12:46:54.674+0000] {dag.py:4180} INFO - Setting next_dagrun for dataset_alias_example_alias_consumer_with_no_taskflow to None, run_after=None
[2026-01-04T12:46:54.675+0000] {logging_mixin.py:190} INFO - [2026-01-04T12:46:54.675+0000] {dag.py:4180} INFO - Setting next_dagrun for dataset_alias_example_alias_producer_with_no_taskflow to None, run_after=None
[2026-01-04T12:46:54.676+0000] {logging_mixin.py:190} INFO - [2026-01-04T12:46:54.676+0000] {dag.py:4180} INFO - Setting next_dagrun for dataset_s3_bucket_consumer_with_no_taskflow to None, run_after=None
[2026-01-04T12:46:54.677+0000] {logging_mixin.py:190} INFO - [2026-01-04T12:46:54.677+0000] {dag.py:4180} INFO - Setting next_dagrun for dataset_s3_bucket_producer_with_no_taskflow to None, run_after=None
[2026-01-04T12:46:54.692+0000] {processor.py:208} INFO - Processing /workspaces/f1_data_team/venv/lib/python3.12/site-packages/airflow/example_dags/example_dataset_alias_with_no_taskflow.py took 0.073 seconds
[2026-01-04T12:47:47.279+0000] {processor.py:186} INFO - Started process (PID=40740) to work on /workspaces/f1_data_team/venv/lib/python3.12/site-packages/airflow/example_dags/example_dataset_alias_with_no_taskflow.py
[2026-01-04T12:47:47.280+0000] {processor.py:914} INFO - Processing file /workspaces/f1_data_team/venv/lib/python3.12/site-packages/airflow/example_dags/example_dataset_alias_with_no_taskflow.py for tasks to queue
[2026-01-04T12:47:47.282+0000] {logging_mixin.py:190} INFO - [2026-01-04T12:47:47.282+0000] {dagbag.py:588} INFO - Filling up the DagBag from /workspaces/f1_data_team/venv/lib/python3.12/site-packages/airflow/example_dags/example_dataset_alias_with_no_taskflow.py
[2026-01-04T12:47:47.300+0000] {processor.py:925} INFO - DAG(s) 'dataset_alias_example_alias_consumer_with_no_taskflow', 'dataset_alias_example_alias_producer_with_no_taskflow', 'dataset_s3_bucket_consumer_with_no_taskflow', 'dataset_s3_bucket_producer_with_no_taskflow' retrieved from /workspaces/f1_data_team/venv/lib/python3.12/site-packages/airflow/example_dags/example_dataset_alias_with_no_taskflow.py
[2026-01-04T12:47:47.314+0000] {logging_mixin.py:190} INFO - [2026-01-04T12:47:47.314+0000] {dag.py:3239} INFO - Sync 4 DAGs
[2026-01-04T12:47:47.329+0000] {logging_mixin.py:190} INFO - [2026-01-04T12:47:47.328+0000] {dag.py:4180} INFO - Setting next_dagrun for dataset_alias_example_alias_consumer_with_no_taskflow to None, run_after=None
[2026-01-04T12:47:47.330+0000] {logging_mixin.py:190} INFO - [2026-01-04T12:47:47.330+0000] {dag.py:4180} INFO - Setting next_dagrun for dataset_alias_example_alias_producer_with_no_taskflow to None, run_after=None
[2026-01-04T12:47:47.331+0000] {logging_mixin.py:190} INFO - [2026-01-04T12:47:47.331+0000] {dag.py:4180} INFO - Setting next_dagrun for dataset_s3_bucket_consumer_with_no_taskflow to None, run_after=None
[2026-01-04T12:47:47.331+0000] {logging_mixin.py:190} INFO - [2026-01-04T12:47:47.331+0000] {dag.py:4180} INFO - Setting next_dagrun for dataset_s3_bucket_producer_with_no_taskflow to None, run_after=None
[2026-01-04T12:47:47.347+0000] {processor.py:208} INFO - Processing /workspaces/f1_data_team/venv/lib/python3.12/site-packages/airflow/example_dags/example_dataset_alias_with_no_taskflow.py took 0.073 seconds
[2026-01-04T12:49:18.046+0000] {processor.py:186} INFO - Started process (PID=42216) to work on /workspaces/f1_data_team/venv/lib/python3.12/site-packages/airflow/example_dags/example_dataset_alias_with_no_taskflow.py
[2026-01-04T12:49:18.047+0000] {processor.py:914} INFO - Processing file /workspaces/f1_data_team/venv/lib/python3.12/site-packages/airflow/example_dags/example_dataset_alias_with_no_taskflow.py for tasks to queue
[2026-01-04T12:49:18.049+0000] {logging_mixin.py:190} INFO - [2026-01-04T12:49:18.049+0000] {dagbag.py:588} INFO - Filling up the DagBag from /workspaces/f1_data_team/venv/lib/python3.12/site-packages/airflow/example_dags/example_dataset_alias_with_no_taskflow.py
[2026-01-04T12:49:18.069+0000] {processor.py:925} INFO - DAG(s) 'dataset_alias_example_alias_producer_with_no_taskflow', 'dataset_s3_bucket_consumer_with_no_taskflow', 'dataset_alias_example_alias_consumer_with_no_taskflow', 'dataset_s3_bucket_producer_with_no_taskflow' retrieved from /workspaces/f1_data_team/venv/lib/python3.12/site-packages/airflow/example_dags/example_dataset_alias_with_no_taskflow.py
[2026-01-04T12:49:18.094+0000] {logging_mixin.py:190} INFO - [2026-01-04T12:49:18.093+0000] {dag.py:3239} INFO - Sync 4 DAGs
[2026-01-04T12:49:18.116+0000] {logging_mixin.py:190} INFO - [2026-01-04T12:49:18.116+0000] {dag.py:4180} INFO - Setting next_dagrun for dataset_alias_example_alias_consumer_with_no_taskflow to None, run_after=None
[2026-01-04T12:49:18.119+0000] {logging_mixin.py:190} INFO - [2026-01-04T12:49:18.118+0000] {dag.py:4180} INFO - Setting next_dagrun for dataset_alias_example_alias_producer_with_no_taskflow to None, run_after=None
[2026-01-04T12:49:18.119+0000] {logging_mixin.py:190} INFO - [2026-01-04T12:49:18.119+0000] {dag.py:4180} INFO - Setting next_dagrun for dataset_s3_bucket_consumer_with_no_taskflow to None, run_after=None
[2026-01-04T12:49:18.120+0000] {logging_mixin.py:190} INFO - [2026-01-04T12:49:18.120+0000] {dag.py:4180} INFO - Setting next_dagrun for dataset_s3_bucket_producer_with_no_taskflow to None, run_after=None
[2026-01-04T12:49:18.136+0000] {processor.py:208} INFO - Processing /workspaces/f1_data_team/venv/lib/python3.12/site-packages/airflow/example_dags/example_dataset_alias_with_no_taskflow.py took 0.094 seconds
[2026-01-04T12:50:15.784+0000] {processor.py:186} INFO - Started process (PID=42749) to work on /workspaces/f1_data_team/venv/lib/python3.12/site-packages/airflow/example_dags/example_dataset_alias_with_no_taskflow.py
[2026-01-04T12:50:15.785+0000] {processor.py:914} INFO - Processing file /workspaces/f1_data_team/venv/lib/python3.12/site-packages/airflow/example_dags/example_dataset_alias_with_no_taskflow.py for tasks to queue
[2026-01-04T12:50:15.787+0000] {logging_mixin.py:190} INFO - [2026-01-04T12:50:15.786+0000] {dagbag.py:588} INFO - Filling up the DagBag from /workspaces/f1_data_team/venv/lib/python3.12/site-packages/airflow/example_dags/example_dataset_alias_with_no_taskflow.py
[2026-01-04T12:50:15.805+0000] {processor.py:925} INFO - DAG(s) 'dataset_alias_example_alias_producer_with_no_taskflow', 'dataset_s3_bucket_consumer_with_no_taskflow', 'dataset_s3_bucket_producer_with_no_taskflow', 'dataset_alias_example_alias_consumer_with_no_taskflow' retrieved from /workspaces/f1_data_team/venv/lib/python3.12/site-packages/airflow/example_dags/example_dataset_alias_with_no_taskflow.py
[2026-01-04T12:50:15.820+0000] {logging_mixin.py:190} INFO - [2026-01-04T12:50:15.819+0000] {dag.py:3239} INFO - Sync 4 DAGs
[2026-01-04T12:50:15.834+0000] {logging_mixin.py:190} INFO - [2026-01-04T12:50:15.834+0000] {dag.py:4180} INFO - Setting next_dagrun for dataset_alias_example_alias_consumer_with_no_taskflow to None, run_after=None
[2026-01-04T12:50:15.836+0000] {logging_mixin.py:190} INFO - [2026-01-04T12:50:15.835+0000] {dag.py:4180} INFO - Setting next_dagrun for dataset_alias_example_alias_producer_with_no_taskflow to None, run_after=None
[2026-01-04T12:50:15.836+0000] {logging_mixin.py:190} INFO - [2026-01-04T12:50:15.836+0000] {dag.py:4180} INFO - Setting next_dagrun for dataset_s3_bucket_consumer_with_no_taskflow to None, run_after=None
[2026-01-04T12:50:15.837+0000] {logging_mixin.py:190} INFO - [2026-01-04T12:50:15.837+0000] {dag.py:4180} INFO - Setting next_dagrun for dataset_s3_bucket_producer_with_no_taskflow to None, run_after=None
[2026-01-04T12:50:15.854+0000] {processor.py:208} INFO - Processing /workspaces/f1_data_team/venv/lib/python3.12/site-packages/airflow/example_dags/example_dataset_alias_with_no_taskflow.py took 0.076 seconds
[2026-01-04T12:51:53.075+0000] {processor.py:186} INFO - Started process (PID=44336) to work on /workspaces/f1_data_team/venv/lib/python3.12/site-packages/airflow/example_dags/example_dataset_alias_with_no_taskflow.py
[2026-01-04T12:51:53.075+0000] {processor.py:914} INFO - Processing file /workspaces/f1_data_team/venv/lib/python3.12/site-packages/airflow/example_dags/example_dataset_alias_with_no_taskflow.py for tasks to queue
[2026-01-04T12:51:53.078+0000] {logging_mixin.py:190} INFO - [2026-01-04T12:51:53.077+0000] {dagbag.py:588} INFO - Filling up the DagBag from /workspaces/f1_data_team/venv/lib/python3.12/site-packages/airflow/example_dags/example_dataset_alias_with_no_taskflow.py
[2026-01-04T12:51:53.095+0000] {processor.py:925} INFO - DAG(s) 'dataset_s3_bucket_consumer_with_no_taskflow', 'dataset_alias_example_alias_consumer_with_no_taskflow', 'dataset_alias_example_alias_producer_with_no_taskflow', 'dataset_s3_bucket_producer_with_no_taskflow' retrieved from /workspaces/f1_data_team/venv/lib/python3.12/site-packages/airflow/example_dags/example_dataset_alias_with_no_taskflow.py
[2026-01-04T12:51:53.111+0000] {logging_mixin.py:190} INFO - [2026-01-04T12:51:53.111+0000] {dag.py:3239} INFO - Sync 4 DAGs
[2026-01-04T12:51:53.126+0000] {logging_mixin.py:190} INFO - [2026-01-04T12:51:53.126+0000] {dag.py:4180} INFO - Setting next_dagrun for dataset_alias_example_alias_consumer_with_no_taskflow to None, run_after=None
[2026-01-04T12:51:53.127+0000] {logging_mixin.py:190} INFO - [2026-01-04T12:51:53.127+0000] {dag.py:4180} INFO - Setting next_dagrun for dataset_alias_example_alias_producer_with_no_taskflow to None, run_after=None
[2026-01-04T12:51:53.128+0000] {logging_mixin.py:190} INFO - [2026-01-04T12:51:53.128+0000] {dag.py:4180} INFO - Setting next_dagrun for dataset_s3_bucket_consumer_with_no_taskflow to None, run_after=None
[2026-01-04T12:51:53.129+0000] {logging_mixin.py:190} INFO - [2026-01-04T12:51:53.129+0000] {dag.py:4180} INFO - Setting next_dagrun for dataset_s3_bucket_producer_with_no_taskflow to None, run_after=None
[2026-01-04T12:51:53.145+0000] {processor.py:208} INFO - Processing /workspaces/f1_data_team/venv/lib/python3.12/site-packages/airflow/example_dags/example_dataset_alias_with_no_taskflow.py took 0.075 seconds
[2026-01-04T12:52:51.348+0000] {processor.py:186} INFO - Started process (PID=45135) to work on /workspaces/f1_data_team/venv/lib/python3.12/site-packages/airflow/example_dags/example_dataset_alias_with_no_taskflow.py
[2026-01-04T12:52:51.349+0000] {processor.py:914} INFO - Processing file /workspaces/f1_data_team/venv/lib/python3.12/site-packages/airflow/example_dags/example_dataset_alias_with_no_taskflow.py for tasks to queue
[2026-01-04T12:52:51.351+0000] {logging_mixin.py:190} INFO - [2026-01-04T12:52:51.350+0000] {dagbag.py:588} INFO - Filling up the DagBag from /workspaces/f1_data_team/venv/lib/python3.12/site-packages/airflow/example_dags/example_dataset_alias_with_no_taskflow.py
[2026-01-04T12:52:51.376+0000] {processor.py:925} INFO - DAG(s) 'dataset_s3_bucket_producer_with_no_taskflow', 'dataset_alias_example_alias_consumer_with_no_taskflow', 'dataset_alias_example_alias_producer_with_no_taskflow', 'dataset_s3_bucket_consumer_with_no_taskflow' retrieved from /workspaces/f1_data_team/venv/lib/python3.12/site-packages/airflow/example_dags/example_dataset_alias_with_no_taskflow.py
[2026-01-04T12:52:51.398+0000] {logging_mixin.py:190} INFO - [2026-01-04T12:52:51.398+0000] {dag.py:3239} INFO - Sync 4 DAGs
[2026-01-04T12:52:51.419+0000] {logging_mixin.py:190} INFO - [2026-01-04T12:52:51.419+0000] {dag.py:4180} INFO - Setting next_dagrun for dataset_alias_example_alias_consumer_with_no_taskflow to None, run_after=None
[2026-01-04T12:52:51.421+0000] {logging_mixin.py:190} INFO - [2026-01-04T12:52:51.420+0000] {dag.py:4180} INFO - Setting next_dagrun for dataset_alias_example_alias_producer_with_no_taskflow to None, run_after=None
[2026-01-04T12:52:51.421+0000] {logging_mixin.py:190} INFO - [2026-01-04T12:52:51.421+0000] {dag.py:4180} INFO - Setting next_dagrun for dataset_s3_bucket_consumer_with_no_taskflow to None, run_after=None
[2026-01-04T12:52:51.422+0000] {logging_mixin.py:190} INFO - [2026-01-04T12:52:51.422+0000] {dag.py:4180} INFO - Setting next_dagrun for dataset_s3_bucket_producer_with_no_taskflow to None, run_after=None
[2026-01-04T12:52:51.438+0000] {processor.py:208} INFO - Processing /workspaces/f1_data_team/venv/lib/python3.12/site-packages/airflow/example_dags/example_dataset_alias_with_no_taskflow.py took 0.095 seconds
[2026-01-04T12:53:46.902+0000] {processor.py:186} INFO - Started process (PID=46067) to work on /workspaces/f1_data_team/venv/lib/python3.12/site-packages/airflow/example_dags/example_dataset_alias_with_no_taskflow.py
[2026-01-04T12:53:46.903+0000] {processor.py:914} INFO - Processing file /workspaces/f1_data_team/venv/lib/python3.12/site-packages/airflow/example_dags/example_dataset_alias_with_no_taskflow.py for tasks to queue
[2026-01-04T12:53:46.906+0000] {logging_mixin.py:190} INFO - [2026-01-04T12:53:46.905+0000] {dagbag.py:588} INFO - Filling up the DagBag from /workspaces/f1_data_team/venv/lib/python3.12/site-packages/airflow/example_dags/example_dataset_alias_with_no_taskflow.py
[2026-01-04T12:53:46.924+0000] {processor.py:925} INFO - DAG(s) 'dataset_s3_bucket_consumer_with_no_taskflow', 'dataset_alias_example_alias_producer_with_no_taskflow', 'dataset_alias_example_alias_consumer_with_no_taskflow', 'dataset_s3_bucket_producer_with_no_taskflow' retrieved from /workspaces/f1_data_team/venv/lib/python3.12/site-packages/airflow/example_dags/example_dataset_alias_with_no_taskflow.py
[2026-01-04T12:53:46.940+0000] {logging_mixin.py:190} INFO - [2026-01-04T12:53:46.940+0000] {dag.py:3239} INFO - Sync 4 DAGs
[2026-01-04T12:53:46.956+0000] {logging_mixin.py:190} INFO - [2026-01-04T12:53:46.956+0000] {dag.py:4180} INFO - Setting next_dagrun for dataset_alias_example_alias_consumer_with_no_taskflow to None, run_after=None
[2026-01-04T12:53:46.958+0000] {logging_mixin.py:190} INFO - [2026-01-04T12:53:46.958+0000] {dag.py:4180} INFO - Setting next_dagrun for dataset_alias_example_alias_producer_with_no_taskflow to None, run_after=None
[2026-01-04T12:53:46.959+0000] {logging_mixin.py:190} INFO - [2026-01-04T12:53:46.959+0000] {dag.py:4180} INFO - Setting next_dagrun for dataset_s3_bucket_consumer_with_no_taskflow to None, run_after=None
[2026-01-04T12:53:46.960+0000] {logging_mixin.py:190} INFO - [2026-01-04T12:53:46.960+0000] {dag.py:4180} INFO - Setting next_dagrun for dataset_s3_bucket_producer_with_no_taskflow to None, run_after=None
[2026-01-04T12:53:46.976+0000] {processor.py:208} INFO - Processing /workspaces/f1_data_team/venv/lib/python3.12/site-packages/airflow/example_dags/example_dataset_alias_with_no_taskflow.py took 0.079 seconds
[2026-01-04T12:54:51.582+0000] {processor.py:186} INFO - Started process (PID=47081) to work on /workspaces/f1_data_team/venv/lib/python3.12/site-packages/airflow/example_dags/example_dataset_alias_with_no_taskflow.py
[2026-01-04T12:54:51.582+0000] {processor.py:914} INFO - Processing file /workspaces/f1_data_team/venv/lib/python3.12/site-packages/airflow/example_dags/example_dataset_alias_with_no_taskflow.py for tasks to queue
[2026-01-04T12:54:51.585+0000] {logging_mixin.py:190} INFO - [2026-01-04T12:54:51.584+0000] {dagbag.py:588} INFO - Filling up the DagBag from /workspaces/f1_data_team/venv/lib/python3.12/site-packages/airflow/example_dags/example_dataset_alias_with_no_taskflow.py
[2026-01-04T12:54:51.604+0000] {processor.py:925} INFO - DAG(s) 'dataset_alias_example_alias_consumer_with_no_taskflow', 'dataset_s3_bucket_consumer_with_no_taskflow', 'dataset_alias_example_alias_producer_with_no_taskflow', 'dataset_s3_bucket_producer_with_no_taskflow' retrieved from /workspaces/f1_data_team/venv/lib/python3.12/site-packages/airflow/example_dags/example_dataset_alias_with_no_taskflow.py
[2026-01-04T12:54:51.621+0000] {logging_mixin.py:190} INFO - [2026-01-04T12:54:51.620+0000] {dag.py:3239} INFO - Sync 4 DAGs
[2026-01-04T12:54:51.637+0000] {logging_mixin.py:190} INFO - [2026-01-04T12:54:51.637+0000] {dag.py:4180} INFO - Setting next_dagrun for dataset_alias_example_alias_consumer_with_no_taskflow to None, run_after=None
[2026-01-04T12:54:51.639+0000] {logging_mixin.py:190} INFO - [2026-01-04T12:54:51.639+0000] {dag.py:4180} INFO - Setting next_dagrun for dataset_alias_example_alias_producer_with_no_taskflow to None, run_after=None
[2026-01-04T12:54:51.640+0000] {logging_mixin.py:190} INFO - [2026-01-04T12:54:51.640+0000] {dag.py:4180} INFO - Setting next_dagrun for dataset_s3_bucket_consumer_with_no_taskflow to None, run_after=None
[2026-01-04T12:54:51.641+0000] {logging_mixin.py:190} INFO - [2026-01-04T12:54:51.640+0000] {dag.py:4180} INFO - Setting next_dagrun for dataset_s3_bucket_producer_with_no_taskflow to None, run_after=None
[2026-01-04T12:54:51.656+0000] {processor.py:208} INFO - Processing /workspaces/f1_data_team/venv/lib/python3.12/site-packages/airflow/example_dags/example_dataset_alias_with_no_taskflow.py took 0.079 seconds
[2026-01-04T12:56:04.270+0000] {processor.py:186} INFO - Started process (PID=47949) to work on /workspaces/f1_data_team/venv/lib/python3.12/site-packages/airflow/example_dags/example_dataset_alias_with_no_taskflow.py
[2026-01-04T12:56:04.271+0000] {processor.py:914} INFO - Processing file /workspaces/f1_data_team/venv/lib/python3.12/site-packages/airflow/example_dags/example_dataset_alias_with_no_taskflow.py for tasks to queue
[2026-01-04T12:56:04.273+0000] {logging_mixin.py:190} INFO - [2026-01-04T12:56:04.272+0000] {dagbag.py:588} INFO - Filling up the DagBag from /workspaces/f1_data_team/venv/lib/python3.12/site-packages/airflow/example_dags/example_dataset_alias_with_no_taskflow.py
[2026-01-04T12:56:04.292+0000] {processor.py:925} INFO - DAG(s) 'dataset_s3_bucket_consumer_with_no_taskflow', 'dataset_alias_example_alias_consumer_with_no_taskflow', 'dataset_alias_example_alias_producer_with_no_taskflow', 'dataset_s3_bucket_producer_with_no_taskflow' retrieved from /workspaces/f1_data_team/venv/lib/python3.12/site-packages/airflow/example_dags/example_dataset_alias_with_no_taskflow.py
[2026-01-04T12:56:04.306+0000] {logging_mixin.py:190} INFO - [2026-01-04T12:56:04.306+0000] {dag.py:3239} INFO - Sync 4 DAGs
[2026-01-04T12:56:04.322+0000] {logging_mixin.py:190} INFO - [2026-01-04T12:56:04.322+0000] {dag.py:4180} INFO - Setting next_dagrun for dataset_alias_example_alias_consumer_with_no_taskflow to None, run_after=None
[2026-01-04T12:56:04.324+0000] {logging_mixin.py:190} INFO - [2026-01-04T12:56:04.324+0000] {dag.py:4180} INFO - Setting next_dagrun for dataset_alias_example_alias_producer_with_no_taskflow to None, run_after=None
[2026-01-04T12:56:04.325+0000] {logging_mixin.py:190} INFO - [2026-01-04T12:56:04.325+0000] {dag.py:4180} INFO - Setting next_dagrun for dataset_s3_bucket_consumer_with_no_taskflow to None, run_after=None
[2026-01-04T12:56:04.325+0000] {logging_mixin.py:190} INFO - [2026-01-04T12:56:04.325+0000] {dag.py:4180} INFO - Setting next_dagrun for dataset_s3_bucket_producer_with_no_taskflow to None, run_after=None
[2026-01-04T12:56:04.343+0000] {processor.py:208} INFO - Processing /workspaces/f1_data_team/venv/lib/python3.12/site-packages/airflow/example_dags/example_dataset_alias_with_no_taskflow.py took 0.077 seconds
[2026-01-04T12:56:57.827+0000] {processor.py:186} INFO - Started process (PID=48516) to work on /workspaces/f1_data_team/venv/lib/python3.12/site-packages/airflow/example_dags/example_dataset_alias_with_no_taskflow.py
[2026-01-04T12:56:57.828+0000] {processor.py:914} INFO - Processing file /workspaces/f1_data_team/venv/lib/python3.12/site-packages/airflow/example_dags/example_dataset_alias_with_no_taskflow.py for tasks to queue
[2026-01-04T12:56:57.830+0000] {logging_mixin.py:190} INFO - [2026-01-04T12:56:57.830+0000] {dagbag.py:588} INFO - Filling up the DagBag from /workspaces/f1_data_team/venv/lib/python3.12/site-packages/airflow/example_dags/example_dataset_alias_with_no_taskflow.py
[2026-01-04T12:56:57.848+0000] {processor.py:925} INFO - DAG(s) 'dataset_s3_bucket_producer_with_no_taskflow', 'dataset_alias_example_alias_producer_with_no_taskflow', 'dataset_s3_bucket_consumer_with_no_taskflow', 'dataset_alias_example_alias_consumer_with_no_taskflow' retrieved from /workspaces/f1_data_team/venv/lib/python3.12/site-packages/airflow/example_dags/example_dataset_alias_with_no_taskflow.py
[2026-01-04T12:56:57.862+0000] {logging_mixin.py:190} INFO - [2026-01-04T12:56:57.862+0000] {dag.py:3239} INFO - Sync 4 DAGs
[2026-01-04T12:56:57.877+0000] {logging_mixin.py:190} INFO - [2026-01-04T12:56:57.877+0000] {dag.py:4180} INFO - Setting next_dagrun for dataset_alias_example_alias_consumer_with_no_taskflow to None, run_after=None
[2026-01-04T12:56:57.878+0000] {logging_mixin.py:190} INFO - [2026-01-04T12:56:57.878+0000] {dag.py:4180} INFO - Setting next_dagrun for dataset_alias_example_alias_producer_with_no_taskflow to None, run_after=None
[2026-01-04T12:56:57.879+0000] {logging_mixin.py:190} INFO - [2026-01-04T12:56:57.879+0000] {dag.py:4180} INFO - Setting next_dagrun for dataset_s3_bucket_consumer_with_no_taskflow to None, run_after=None
[2026-01-04T12:56:57.880+0000] {logging_mixin.py:190} INFO - [2026-01-04T12:56:57.880+0000] {dag.py:4180} INFO - Setting next_dagrun for dataset_s3_bucket_producer_with_no_taskflow to None, run_after=None
[2026-01-04T12:56:57.895+0000] {processor.py:208} INFO - Processing /workspaces/f1_data_team/venv/lib/python3.12/site-packages/airflow/example_dags/example_dataset_alias_with_no_taskflow.py took 0.073 seconds
[2026-01-04T12:57:50.364+0000] {processor.py:186} INFO - Started process (PID=49004) to work on /workspaces/f1_data_team/venv/lib/python3.12/site-packages/airflow/example_dags/example_dataset_alias_with_no_taskflow.py
[2026-01-04T12:57:50.365+0000] {processor.py:914} INFO - Processing file /workspaces/f1_data_team/venv/lib/python3.12/site-packages/airflow/example_dags/example_dataset_alias_with_no_taskflow.py for tasks to queue
[2026-01-04T12:57:50.367+0000] {logging_mixin.py:190} INFO - [2026-01-04T12:57:50.366+0000] {dagbag.py:588} INFO - Filling up the DagBag from /workspaces/f1_data_team/venv/lib/python3.12/site-packages/airflow/example_dags/example_dataset_alias_with_no_taskflow.py
[2026-01-04T12:57:50.386+0000] {processor.py:925} INFO - DAG(s) 'dataset_alias_example_alias_consumer_with_no_taskflow', 'dataset_s3_bucket_producer_with_no_taskflow', 'dataset_s3_bucket_consumer_with_no_taskflow', 'dataset_alias_example_alias_producer_with_no_taskflow' retrieved from /workspaces/f1_data_team/venv/lib/python3.12/site-packages/airflow/example_dags/example_dataset_alias_with_no_taskflow.py
[2026-01-04T12:57:50.404+0000] {logging_mixin.py:190} INFO - [2026-01-04T12:57:50.404+0000] {dag.py:3239} INFO - Sync 4 DAGs
[2026-01-04T12:57:50.420+0000] {logging_mixin.py:190} INFO - [2026-01-04T12:57:50.420+0000] {dag.py:4180} INFO - Setting next_dagrun for dataset_alias_example_alias_consumer_with_no_taskflow to None, run_after=None
[2026-01-04T12:57:50.422+0000] {logging_mixin.py:190} INFO - [2026-01-04T12:57:50.422+0000] {dag.py:4180} INFO - Setting next_dagrun for dataset_alias_example_alias_producer_with_no_taskflow to None, run_after=None
[2026-01-04T12:57:50.423+0000] {logging_mixin.py:190} INFO - [2026-01-04T12:57:50.423+0000] {dag.py:4180} INFO - Setting next_dagrun for dataset_s3_bucket_consumer_with_no_taskflow to None, run_after=None
[2026-01-04T12:57:50.424+0000] {logging_mixin.py:190} INFO - [2026-01-04T12:57:50.424+0000] {dag.py:4180} INFO - Setting next_dagrun for dataset_s3_bucket_producer_with_no_taskflow to None, run_after=None
[2026-01-04T12:57:50.440+0000] {processor.py:208} INFO - Processing /workspaces/f1_data_team/venv/lib/python3.12/site-packages/airflow/example_dags/example_dataset_alias_with_no_taskflow.py took 0.081 seconds
[2026-01-04T12:58:42.562+0000] {processor.py:186} INFO - Started process (PID=49520) to work on /workspaces/f1_data_team/venv/lib/python3.12/site-packages/airflow/example_dags/example_dataset_alias_with_no_taskflow.py
[2026-01-04T12:58:42.562+0000] {processor.py:914} INFO - Processing file /workspaces/f1_data_team/venv/lib/python3.12/site-packages/airflow/example_dags/example_dataset_alias_with_no_taskflow.py for tasks to queue
[2026-01-04T12:58:42.564+0000] {logging_mixin.py:190} INFO - [2026-01-04T12:58:42.564+0000] {dagbag.py:588} INFO - Filling up the DagBag from /workspaces/f1_data_team/venv/lib/python3.12/site-packages/airflow/example_dags/example_dataset_alias_with_no_taskflow.py
[2026-01-04T12:58:42.589+0000] {processor.py:925} INFO - DAG(s) 'dataset_s3_bucket_consumer_with_no_taskflow', 'dataset_alias_example_alias_consumer_with_no_taskflow', 'dataset_alias_example_alias_producer_with_no_taskflow', 'dataset_s3_bucket_producer_with_no_taskflow' retrieved from /workspaces/f1_data_team/venv/lib/python3.12/site-packages/airflow/example_dags/example_dataset_alias_with_no_taskflow.py
[2026-01-04T12:58:42.603+0000] {logging_mixin.py:190} INFO - [2026-01-04T12:58:42.603+0000] {dag.py:3239} INFO - Sync 4 DAGs
[2026-01-04T12:58:42.618+0000] {logging_mixin.py:190} INFO - [2026-01-04T12:58:42.618+0000] {dag.py:4180} INFO - Setting next_dagrun for dataset_alias_example_alias_consumer_with_no_taskflow to None, run_after=None
[2026-01-04T12:58:42.619+0000] {logging_mixin.py:190} INFO - [2026-01-04T12:58:42.619+0000] {dag.py:4180} INFO - Setting next_dagrun for dataset_alias_example_alias_producer_with_no_taskflow to None, run_after=None
[2026-01-04T12:58:42.620+0000] {logging_mixin.py:190} INFO - [2026-01-04T12:58:42.620+0000] {dag.py:4180} INFO - Setting next_dagrun for dataset_s3_bucket_consumer_with_no_taskflow to None, run_after=None
[2026-01-04T12:58:42.621+0000] {logging_mixin.py:190} INFO - [2026-01-04T12:58:42.620+0000] {dag.py:4180} INFO - Setting next_dagrun for dataset_s3_bucket_producer_with_no_taskflow to None, run_after=None
[2026-01-04T12:58:42.637+0000] {processor.py:208} INFO - Processing /workspaces/f1_data_team/venv/lib/python3.12/site-packages/airflow/example_dags/example_dataset_alias_with_no_taskflow.py took 0.080 seconds
[2026-01-04T12:59:36.200+0000] {processor.py:186} INFO - Started process (PID=50053) to work on /workspaces/f1_data_team/venv/lib/python3.12/site-packages/airflow/example_dags/example_dataset_alias_with_no_taskflow.py
[2026-01-04T12:59:36.200+0000] {processor.py:914} INFO - Processing file /workspaces/f1_data_team/venv/lib/python3.12/site-packages/airflow/example_dags/example_dataset_alias_with_no_taskflow.py for tasks to queue
[2026-01-04T12:59:36.202+0000] {logging_mixin.py:190} INFO - [2026-01-04T12:59:36.202+0000] {dagbag.py:588} INFO - Filling up the DagBag from /workspaces/f1_data_team/venv/lib/python3.12/site-packages/airflow/example_dags/example_dataset_alias_with_no_taskflow.py
[2026-01-04T12:59:36.221+0000] {processor.py:925} INFO - DAG(s) 'dataset_alias_example_alias_consumer_with_no_taskflow', 'dataset_alias_example_alias_producer_with_no_taskflow', 'dataset_s3_bucket_producer_with_no_taskflow', 'dataset_s3_bucket_consumer_with_no_taskflow' retrieved from /workspaces/f1_data_team/venv/lib/python3.12/site-packages/airflow/example_dags/example_dataset_alias_with_no_taskflow.py
[2026-01-04T12:59:36.235+0000] {logging_mixin.py:190} INFO - [2026-01-04T12:59:36.235+0000] {dag.py:3239} INFO - Sync 4 DAGs
[2026-01-04T12:59:36.250+0000] {logging_mixin.py:190} INFO - [2026-01-04T12:59:36.250+0000] {dag.py:4180} INFO - Setting next_dagrun for dataset_alias_example_alias_consumer_with_no_taskflow to None, run_after=None
[2026-01-04T12:59:36.251+0000] {logging_mixin.py:190} INFO - [2026-01-04T12:59:36.251+0000] {dag.py:4180} INFO - Setting next_dagrun for dataset_alias_example_alias_producer_with_no_taskflow to None, run_after=None
[2026-01-04T12:59:36.252+0000] {logging_mixin.py:190} INFO - [2026-01-04T12:59:36.252+0000] {dag.py:4180} INFO - Setting next_dagrun for dataset_s3_bucket_consumer_with_no_taskflow to None, run_after=None
[2026-01-04T12:59:36.253+0000] {logging_mixin.py:190} INFO - [2026-01-04T12:59:36.253+0000] {dag.py:4180} INFO - Setting next_dagrun for dataset_s3_bucket_producer_with_no_taskflow to None, run_after=None
[2026-01-04T12:59:36.269+0000] {processor.py:208} INFO - Processing /workspaces/f1_data_team/venv/lib/python3.12/site-packages/airflow/example_dags/example_dataset_alias_with_no_taskflow.py took 0.074 seconds
[2026-01-04T13:00:32.453+0000] {processor.py:186} INFO - Started process (PID=50685) to work on /workspaces/f1_data_team/venv/lib/python3.12/site-packages/airflow/example_dags/example_dataset_alias_with_no_taskflow.py
[2026-01-04T13:00:32.453+0000] {processor.py:914} INFO - Processing file /workspaces/f1_data_team/venv/lib/python3.12/site-packages/airflow/example_dags/example_dataset_alias_with_no_taskflow.py for tasks to queue
[2026-01-04T13:00:32.455+0000] {logging_mixin.py:190} INFO - [2026-01-04T13:00:32.455+0000] {dagbag.py:588} INFO - Filling up the DagBag from /workspaces/f1_data_team/venv/lib/python3.12/site-packages/airflow/example_dags/example_dataset_alias_with_no_taskflow.py
[2026-01-04T13:00:32.474+0000] {processor.py:925} INFO - DAG(s) 'dataset_alias_example_alias_consumer_with_no_taskflow', 'dataset_s3_bucket_producer_with_no_taskflow', 'dataset_s3_bucket_consumer_with_no_taskflow', 'dataset_alias_example_alias_producer_with_no_taskflow' retrieved from /workspaces/f1_data_team/venv/lib/python3.12/site-packages/airflow/example_dags/example_dataset_alias_with_no_taskflow.py
[2026-01-04T13:00:32.488+0000] {logging_mixin.py:190} INFO - [2026-01-04T13:00:32.487+0000] {dag.py:3239} INFO - Sync 4 DAGs
[2026-01-04T13:00:32.502+0000] {logging_mixin.py:190} INFO - [2026-01-04T13:00:32.502+0000] {dag.py:4180} INFO - Setting next_dagrun for dataset_alias_example_alias_consumer_with_no_taskflow to None, run_after=None
[2026-01-04T13:00:32.503+0000] {logging_mixin.py:190} INFO - [2026-01-04T13:00:32.503+0000] {dag.py:4180} INFO - Setting next_dagrun for dataset_alias_example_alias_producer_with_no_taskflow to None, run_after=None
[2026-01-04T13:00:32.504+0000] {logging_mixin.py:190} INFO - [2026-01-04T13:00:32.504+0000] {dag.py:4180} INFO - Setting next_dagrun for dataset_s3_bucket_consumer_with_no_taskflow to None, run_after=None
[2026-01-04T13:00:32.505+0000] {logging_mixin.py:190} INFO - [2026-01-04T13:00:32.505+0000] {dag.py:4180} INFO - Setting next_dagrun for dataset_s3_bucket_producer_with_no_taskflow to None, run_after=None
[2026-01-04T13:00:32.521+0000] {processor.py:208} INFO - Processing /workspaces/f1_data_team/venv/lib/python3.12/site-packages/airflow/example_dags/example_dataset_alias_with_no_taskflow.py took 0.073 seconds
[2026-01-04T13:01:23.831+0000] {processor.py:186} INFO - Started process (PID=51298) to work on /workspaces/f1_data_team/venv/lib/python3.12/site-packages/airflow/example_dags/example_dataset_alias_with_no_taskflow.py
[2026-01-04T13:01:23.832+0000] {processor.py:914} INFO - Processing file /workspaces/f1_data_team/venv/lib/python3.12/site-packages/airflow/example_dags/example_dataset_alias_with_no_taskflow.py for tasks to queue
[2026-01-04T13:01:23.834+0000] {logging_mixin.py:190} INFO - [2026-01-04T13:01:23.834+0000] {dagbag.py:588} INFO - Filling up the DagBag from /workspaces/f1_data_team/venv/lib/python3.12/site-packages/airflow/example_dags/example_dataset_alias_with_no_taskflow.py
[2026-01-04T13:01:23.856+0000] {processor.py:925} INFO - DAG(s) 'dataset_s3_bucket_consumer_with_no_taskflow', 'dataset_alias_example_alias_producer_with_no_taskflow', 'dataset_alias_example_alias_consumer_with_no_taskflow', 'dataset_s3_bucket_producer_with_no_taskflow' retrieved from /workspaces/f1_data_team/venv/lib/python3.12/site-packages/airflow/example_dags/example_dataset_alias_with_no_taskflow.py
[2026-01-04T13:01:23.881+0000] {logging_mixin.py:190} INFO - [2026-01-04T13:01:23.881+0000] {dag.py:3239} INFO - Sync 4 DAGs
[2026-01-04T13:01:23.905+0000] {logging_mixin.py:190} INFO - [2026-01-04T13:01:23.905+0000] {dag.py:4180} INFO - Setting next_dagrun for dataset_alias_example_alias_consumer_with_no_taskflow to None, run_after=None
[2026-01-04T13:01:23.911+0000] {logging_mixin.py:190} INFO - [2026-01-04T13:01:23.911+0000] {dag.py:4180} INFO - Setting next_dagrun for dataset_alias_example_alias_producer_with_no_taskflow to None, run_after=None
[2026-01-04T13:01:23.912+0000] {logging_mixin.py:190} INFO - [2026-01-04T13:01:23.912+0000] {dag.py:4180} INFO - Setting next_dagrun for dataset_s3_bucket_consumer_with_no_taskflow to None, run_after=None
[2026-01-04T13:01:23.913+0000] {logging_mixin.py:190} INFO - [2026-01-04T13:01:23.913+0000] {dag.py:4180} INFO - Setting next_dagrun for dataset_s3_bucket_producer_with_no_taskflow to None, run_after=None
[2026-01-04T13:01:23.945+0000] {processor.py:208} INFO - Processing /workspaces/f1_data_team/venv/lib/python3.12/site-packages/airflow/example_dags/example_dataset_alias_with_no_taskflow.py took 0.121 seconds
