[2026-01-04T12:27:33.362+0000] {processor.py:186} INFO - Started process (PID=24964) to work on /workspaces/f1_data_team/venv/lib/python3.12/site-packages/airflow/example_dags/example_bash_operator.py
[2026-01-04T12:27:33.363+0000] {processor.py:914} INFO - Processing file /workspaces/f1_data_team/venv/lib/python3.12/site-packages/airflow/example_dags/example_bash_operator.py for tasks to queue
[2026-01-04T12:27:33.365+0000] {logging_mixin.py:190} INFO - [2026-01-04T12:27:33.364+0000] {dagbag.py:588} INFO - Filling up the DagBag from /workspaces/f1_data_team/venv/lib/python3.12/site-packages/airflow/example_dags/example_bash_operator.py
[2026-01-04T12:27:33.376+0000] {processor.py:925} INFO - DAG(s) 'example_bash_operator' retrieved from /workspaces/f1_data_team/venv/lib/python3.12/site-packages/airflow/example_dags/example_bash_operator.py
[2026-01-04T12:27:33.461+0000] {logging_mixin.py:190} INFO - [2026-01-04T12:27:33.460+0000] {override.py:1911} INFO - Created Permission View: can read on DAG:example_bash_operator
[2026-01-04T12:27:33.468+0000] {logging_mixin.py:190} INFO - [2026-01-04T12:27:33.468+0000] {override.py:1911} INFO - Created Permission View: can edit on DAG:example_bash_operator
[2026-01-04T12:27:33.474+0000] {logging_mixin.py:190} INFO - [2026-01-04T12:27:33.473+0000] {override.py:1911} INFO - Created Permission View: can delete on DAG:example_bash_operator
[2026-01-04T12:27:33.481+0000] {logging_mixin.py:190} INFO - [2026-01-04T12:27:33.481+0000] {override.py:1911} INFO - Created Permission View: can read on DAG Run:example_bash_operator
[2026-01-04T12:27:33.487+0000] {logging_mixin.py:190} INFO - [2026-01-04T12:27:33.486+0000] {override.py:1911} INFO - Created Permission View: menu access on DAG Run:example_bash_operator
[2026-01-04T12:27:33.492+0000] {logging_mixin.py:190} INFO - [2026-01-04T12:27:33.491+0000] {override.py:1911} INFO - Created Permission View: can create on DAG Run:example_bash_operator
[2026-01-04T12:27:33.497+0000] {logging_mixin.py:190} INFO - [2026-01-04T12:27:33.496+0000] {override.py:1911} INFO - Created Permission View: can delete on DAG Run:example_bash_operator
[2026-01-04T12:27:33.497+0000] {logging_mixin.py:190} INFO - [2026-01-04T12:27:33.497+0000] {dag.py:3239} INFO - Sync 1 DAGs
[2026-01-04T12:27:33.506+0000] {logging_mixin.py:190} INFO - [2026-01-04T12:27:33.506+0000] {dag.py:3262} INFO - Creating ORM DAG for example_bash_operator
[2026-01-04T12:27:33.513+0000] {logging_mixin.py:190} INFO - [2026-01-04T12:27:33.513+0000] {dag.py:4180} INFO - Setting next_dagrun for example_bash_operator to 2026-01-03 00:00:00+00:00, run_after=2026-01-04 00:00:00+00:00
[2026-01-04T12:27:33.528+0000] {processor.py:208} INFO - Processing /workspaces/f1_data_team/venv/lib/python3.12/site-packages/airflow/example_dags/example_bash_operator.py took 0.170 seconds
[2026-01-04T12:28:29.354+0000] {processor.py:186} INFO - Started process (PID=25401) to work on /workspaces/f1_data_team/venv/lib/python3.12/site-packages/airflow/example_dags/example_bash_operator.py
[2026-01-04T12:28:29.355+0000] {processor.py:914} INFO - Processing file /workspaces/f1_data_team/venv/lib/python3.12/site-packages/airflow/example_dags/example_bash_operator.py for tasks to queue
[2026-01-04T12:28:29.356+0000] {logging_mixin.py:190} INFO - [2026-01-04T12:28:29.356+0000] {dagbag.py:588} INFO - Filling up the DagBag from /workspaces/f1_data_team/venv/lib/python3.12/site-packages/airflow/example_dags/example_bash_operator.py
[2026-01-04T12:28:29.367+0000] {processor.py:925} INFO - DAG(s) 'example_bash_operator' retrieved from /workspaces/f1_data_team/venv/lib/python3.12/site-packages/airflow/example_dags/example_bash_operator.py
[2026-01-04T12:28:29.384+0000] {logging_mixin.py:190} INFO - [2026-01-04T12:28:29.384+0000] {dag.py:3239} INFO - Sync 1 DAGs
[2026-01-04T12:28:29.402+0000] {logging_mixin.py:190} INFO - [2026-01-04T12:28:29.401+0000] {dag.py:4180} INFO - Setting next_dagrun for example_bash_operator to 2026-01-03 00:00:00+00:00, run_after=2026-01-04 00:00:00+00:00
[2026-01-04T12:28:29.418+0000] {processor.py:208} INFO - Processing /workspaces/f1_data_team/venv/lib/python3.12/site-packages/airflow/example_dags/example_bash_operator.py took 0.069 seconds
[2026-01-04T12:29:28.490+0000] {processor.py:186} INFO - Started process (PID=26616) to work on /workspaces/f1_data_team/venv/lib/python3.12/site-packages/airflow/example_dags/example_bash_operator.py
[2026-01-04T12:29:28.491+0000] {processor.py:914} INFO - Processing file /workspaces/f1_data_team/venv/lib/python3.12/site-packages/airflow/example_dags/example_bash_operator.py for tasks to queue
[2026-01-04T12:29:28.493+0000] {logging_mixin.py:190} INFO - [2026-01-04T12:29:28.493+0000] {dagbag.py:588} INFO - Filling up the DagBag from /workspaces/f1_data_team/venv/lib/python3.12/site-packages/airflow/example_dags/example_bash_operator.py
[2026-01-04T12:29:28.504+0000] {processor.py:925} INFO - DAG(s) 'example_bash_operator' retrieved from /workspaces/f1_data_team/venv/lib/python3.12/site-packages/airflow/example_dags/example_bash_operator.py
[2026-01-04T12:29:28.520+0000] {logging_mixin.py:190} INFO - [2026-01-04T12:29:28.520+0000] {dag.py:3239} INFO - Sync 1 DAGs
[2026-01-04T12:29:28.536+0000] {logging_mixin.py:190} INFO - [2026-01-04T12:29:28.535+0000] {dag.py:4180} INFO - Setting next_dagrun for example_bash_operator to 2026-01-03 00:00:00+00:00, run_after=2026-01-04 00:00:00+00:00
[2026-01-04T12:29:28.550+0000] {processor.py:208} INFO - Processing /workspaces/f1_data_team/venv/lib/python3.12/site-packages/airflow/example_dags/example_bash_operator.py took 0.065 seconds
[2026-01-04T12:31:09.957+0000] {processor.py:186} INFO - Started process (PID=28243) to work on /workspaces/f1_data_team/venv/lib/python3.12/site-packages/airflow/example_dags/example_bash_operator.py
[2026-01-04T12:31:09.958+0000] {processor.py:914} INFO - Processing file /workspaces/f1_data_team/venv/lib/python3.12/site-packages/airflow/example_dags/example_bash_operator.py for tasks to queue
[2026-01-04T12:31:09.960+0000] {logging_mixin.py:190} INFO - [2026-01-04T12:31:09.959+0000] {dagbag.py:588} INFO - Filling up the DagBag from /workspaces/f1_data_team/venv/lib/python3.12/site-packages/airflow/example_dags/example_bash_operator.py
[2026-01-04T12:31:09.970+0000] {processor.py:925} INFO - DAG(s) 'example_bash_operator' retrieved from /workspaces/f1_data_team/venv/lib/python3.12/site-packages/airflow/example_dags/example_bash_operator.py
[2026-01-04T12:31:09.986+0000] {logging_mixin.py:190} INFO - [2026-01-04T12:31:09.986+0000] {dag.py:3239} INFO - Sync 1 DAGs
[2026-01-04T12:31:10.006+0000] {logging_mixin.py:190} INFO - [2026-01-04T12:31:10.006+0000] {dag.py:4180} INFO - Setting next_dagrun for example_bash_operator to 2026-01-03 00:00:00+00:00, run_after=2026-01-04 00:00:00+00:00
[2026-01-04T12:31:10.022+0000] {processor.py:208} INFO - Processing /workspaces/f1_data_team/venv/lib/python3.12/site-packages/airflow/example_dags/example_bash_operator.py took 0.070 seconds
[2026-01-04T12:33:18.215+0000] {processor.py:186} INFO - Started process (PID=30380) to work on /workspaces/f1_data_team/venv/lib/python3.12/site-packages/airflow/example_dags/example_bash_operator.py
[2026-01-04T12:33:18.216+0000] {processor.py:914} INFO - Processing file /workspaces/f1_data_team/venv/lib/python3.12/site-packages/airflow/example_dags/example_bash_operator.py for tasks to queue
[2026-01-04T12:33:18.217+0000] {logging_mixin.py:190} INFO - [2026-01-04T12:33:18.217+0000] {dagbag.py:588} INFO - Filling up the DagBag from /workspaces/f1_data_team/venv/lib/python3.12/site-packages/airflow/example_dags/example_bash_operator.py
[2026-01-04T12:33:18.228+0000] {processor.py:925} INFO - DAG(s) 'example_bash_operator' retrieved from /workspaces/f1_data_team/venv/lib/python3.12/site-packages/airflow/example_dags/example_bash_operator.py
[2026-01-04T12:33:18.245+0000] {logging_mixin.py:190} INFO - [2026-01-04T12:33:18.245+0000] {dag.py:3239} INFO - Sync 1 DAGs
[2026-01-04T12:33:18.261+0000] {logging_mixin.py:190} INFO - [2026-01-04T12:33:18.260+0000] {dag.py:4180} INFO - Setting next_dagrun for example_bash_operator to 2026-01-03 00:00:00+00:00, run_after=2026-01-04 00:00:00+00:00
[2026-01-04T12:33:18.276+0000] {processor.py:208} INFO - Processing /workspaces/f1_data_team/venv/lib/python3.12/site-packages/airflow/example_dags/example_bash_operator.py took 0.065 seconds
[2026-01-04T12:34:16.777+0000] {processor.py:186} INFO - Started process (PID=30933) to work on /workspaces/f1_data_team/venv/lib/python3.12/site-packages/airflow/example_dags/example_bash_operator.py
[2026-01-04T12:34:16.778+0000] {processor.py:914} INFO - Processing file /workspaces/f1_data_team/venv/lib/python3.12/site-packages/airflow/example_dags/example_bash_operator.py for tasks to queue
[2026-01-04T12:34:16.780+0000] {logging_mixin.py:190} INFO - [2026-01-04T12:34:16.780+0000] {dagbag.py:588} INFO - Filling up the DagBag from /workspaces/f1_data_team/venv/lib/python3.12/site-packages/airflow/example_dags/example_bash_operator.py
[2026-01-04T12:34:16.791+0000] {processor.py:925} INFO - DAG(s) 'example_bash_operator' retrieved from /workspaces/f1_data_team/venv/lib/python3.12/site-packages/airflow/example_dags/example_bash_operator.py
[2026-01-04T12:34:16.807+0000] {logging_mixin.py:190} INFO - [2026-01-04T12:34:16.807+0000] {dag.py:3239} INFO - Sync 1 DAGs
[2026-01-04T12:34:16.822+0000] {logging_mixin.py:190} INFO - [2026-01-04T12:34:16.822+0000] {dag.py:4180} INFO - Setting next_dagrun for example_bash_operator to 2026-01-03 00:00:00+00:00, run_after=2026-01-04 00:00:00+00:00
[2026-01-04T12:34:16.837+0000] {processor.py:208} INFO - Processing /workspaces/f1_data_team/venv/lib/python3.12/site-packages/airflow/example_dags/example_bash_operator.py took 0.065 seconds
[2026-01-04T12:35:31.110+0000] {processor.py:186} INFO - Started process (PID=31691) to work on /workspaces/f1_data_team/venv/lib/python3.12/site-packages/airflow/example_dags/example_bash_operator.py
[2026-01-04T12:35:31.111+0000] {processor.py:914} INFO - Processing file /workspaces/f1_data_team/venv/lib/python3.12/site-packages/airflow/example_dags/example_bash_operator.py for tasks to queue
[2026-01-04T12:35:31.113+0000] {logging_mixin.py:190} INFO - [2026-01-04T12:35:31.113+0000] {dagbag.py:588} INFO - Filling up the DagBag from /workspaces/f1_data_team/venv/lib/python3.12/site-packages/airflow/example_dags/example_bash_operator.py
[2026-01-04T12:35:31.124+0000] {processor.py:925} INFO - DAG(s) 'example_bash_operator' retrieved from /workspaces/f1_data_team/venv/lib/python3.12/site-packages/airflow/example_dags/example_bash_operator.py
[2026-01-04T12:35:31.140+0000] {logging_mixin.py:190} INFO - [2026-01-04T12:35:31.140+0000] {dag.py:3239} INFO - Sync 1 DAGs
[2026-01-04T12:35:31.156+0000] {logging_mixin.py:190} INFO - [2026-01-04T12:35:31.155+0000] {dag.py:4180} INFO - Setting next_dagrun for example_bash_operator to 2026-01-03 00:00:00+00:00, run_after=2026-01-04 00:00:00+00:00
[2026-01-04T12:35:31.170+0000] {processor.py:208} INFO - Processing /workspaces/f1_data_team/venv/lib/python3.12/site-packages/airflow/example_dags/example_bash_operator.py took 0.064 seconds
[2026-01-04T12:36:48.878+0000] {processor.py:186} INFO - Started process (PID=32548) to work on /workspaces/f1_data_team/venv/lib/python3.12/site-packages/airflow/example_dags/example_bash_operator.py
[2026-01-04T12:36:48.879+0000] {processor.py:914} INFO - Processing file /workspaces/f1_data_team/venv/lib/python3.12/site-packages/airflow/example_dags/example_bash_operator.py for tasks to queue
[2026-01-04T12:36:48.882+0000] {logging_mixin.py:190} INFO - [2026-01-04T12:36:48.882+0000] {dagbag.py:588} INFO - Filling up the DagBag from /workspaces/f1_data_team/venv/lib/python3.12/site-packages/airflow/example_dags/example_bash_operator.py
[2026-01-04T12:36:48.893+0000] {processor.py:925} INFO - DAG(s) 'example_bash_operator' retrieved from /workspaces/f1_data_team/venv/lib/python3.12/site-packages/airflow/example_dags/example_bash_operator.py
[2026-01-04T12:36:48.910+0000] {logging_mixin.py:190} INFO - [2026-01-04T12:36:48.910+0000] {dag.py:3239} INFO - Sync 1 DAGs
[2026-01-04T12:36:48.926+0000] {logging_mixin.py:190} INFO - [2026-01-04T12:36:48.925+0000] {dag.py:4180} INFO - Setting next_dagrun for example_bash_operator to 2026-01-03 00:00:00+00:00, run_after=2026-01-04 00:00:00+00:00
[2026-01-04T12:36:48.940+0000] {processor.py:208} INFO - Processing /workspaces/f1_data_team/venv/lib/python3.12/site-packages/airflow/example_dags/example_bash_operator.py took 0.067 seconds
[2026-01-04T12:38:10.268+0000] {processor.py:186} INFO - Started process (PID=33688) to work on /workspaces/f1_data_team/venv/lib/python3.12/site-packages/airflow/example_dags/example_bash_operator.py
[2026-01-04T12:38:10.269+0000] {processor.py:914} INFO - Processing file /workspaces/f1_data_team/venv/lib/python3.12/site-packages/airflow/example_dags/example_bash_operator.py for tasks to queue
[2026-01-04T12:38:10.271+0000] {logging_mixin.py:190} INFO - [2026-01-04T12:38:10.271+0000] {dagbag.py:588} INFO - Filling up the DagBag from /workspaces/f1_data_team/venv/lib/python3.12/site-packages/airflow/example_dags/example_bash_operator.py
[2026-01-04T12:38:10.282+0000] {processor.py:925} INFO - DAG(s) 'example_bash_operator' retrieved from /workspaces/f1_data_team/venv/lib/python3.12/site-packages/airflow/example_dags/example_bash_operator.py
[2026-01-04T12:38:10.298+0000] {logging_mixin.py:190} INFO - [2026-01-04T12:38:10.298+0000] {dag.py:3239} INFO - Sync 1 DAGs
[2026-01-04T12:38:10.313+0000] {logging_mixin.py:190} INFO - [2026-01-04T12:38:10.313+0000] {dag.py:4180} INFO - Setting next_dagrun for example_bash_operator to 2026-01-03 00:00:00+00:00, run_after=2026-01-04 00:00:00+00:00
[2026-01-04T12:38:10.329+0000] {processor.py:208} INFO - Processing /workspaces/f1_data_team/venv/lib/python3.12/site-packages/airflow/example_dags/example_bash_operator.py took 0.065 seconds
[2026-01-04T12:39:29.658+0000] {processor.py:186} INFO - Started process (PID=34442) to work on /workspaces/f1_data_team/venv/lib/python3.12/site-packages/airflow/example_dags/example_bash_operator.py
[2026-01-04T12:39:29.659+0000] {processor.py:914} INFO - Processing file /workspaces/f1_data_team/venv/lib/python3.12/site-packages/airflow/example_dags/example_bash_operator.py for tasks to queue
[2026-01-04T12:39:29.661+0000] {logging_mixin.py:190} INFO - [2026-01-04T12:39:29.660+0000] {dagbag.py:588} INFO - Filling up the DagBag from /workspaces/f1_data_team/venv/lib/python3.12/site-packages/airflow/example_dags/example_bash_operator.py
[2026-01-04T12:39:29.672+0000] {processor.py:925} INFO - DAG(s) 'example_bash_operator' retrieved from /workspaces/f1_data_team/venv/lib/python3.12/site-packages/airflow/example_dags/example_bash_operator.py
[2026-01-04T12:39:29.689+0000] {logging_mixin.py:190} INFO - [2026-01-04T12:39:29.688+0000] {dag.py:3239} INFO - Sync 1 DAGs
[2026-01-04T12:39:29.705+0000] {logging_mixin.py:190} INFO - [2026-01-04T12:39:29.705+0000] {dag.py:4180} INFO - Setting next_dagrun for example_bash_operator to 2026-01-03 00:00:00+00:00, run_after=2026-01-04 00:00:00+00:00
[2026-01-04T12:39:29.720+0000] {processor.py:208} INFO - Processing /workspaces/f1_data_team/venv/lib/python3.12/site-packages/airflow/example_dags/example_bash_operator.py took 0.067 seconds
[2026-01-04T12:40:50.266+0000] {processor.py:186} INFO - Started process (PID=35204) to work on /workspaces/f1_data_team/venv/lib/python3.12/site-packages/airflow/example_dags/example_bash_operator.py
[2026-01-04T12:40:50.266+0000] {processor.py:914} INFO - Processing file /workspaces/f1_data_team/venv/lib/python3.12/site-packages/airflow/example_dags/example_bash_operator.py for tasks to queue
[2026-01-04T12:40:50.269+0000] {logging_mixin.py:190} INFO - [2026-01-04T12:40:50.268+0000] {dagbag.py:588} INFO - Filling up the DagBag from /workspaces/f1_data_team/venv/lib/python3.12/site-packages/airflow/example_dags/example_bash_operator.py
[2026-01-04T12:40:50.280+0000] {processor.py:925} INFO - DAG(s) 'example_bash_operator' retrieved from /workspaces/f1_data_team/venv/lib/python3.12/site-packages/airflow/example_dags/example_bash_operator.py
[2026-01-04T12:40:50.296+0000] {logging_mixin.py:190} INFO - [2026-01-04T12:40:50.296+0000] {dag.py:3239} INFO - Sync 1 DAGs
[2026-01-04T12:40:50.312+0000] {logging_mixin.py:190} INFO - [2026-01-04T12:40:50.312+0000] {dag.py:4180} INFO - Setting next_dagrun for example_bash_operator to 2026-01-03 00:00:00+00:00, run_after=2026-01-04 00:00:00+00:00
[2026-01-04T12:40:50.326+0000] {processor.py:208} INFO - Processing /workspaces/f1_data_team/venv/lib/python3.12/site-packages/airflow/example_dags/example_bash_operator.py took 0.066 seconds
[2026-01-04T12:42:20.319+0000] {processor.py:186} INFO - Started process (PID=36620) to work on /workspaces/f1_data_team/venv/lib/python3.12/site-packages/airflow/example_dags/example_bash_operator.py
[2026-01-04T12:42:20.319+0000] {processor.py:914} INFO - Processing file /workspaces/f1_data_team/venv/lib/python3.12/site-packages/airflow/example_dags/example_bash_operator.py for tasks to queue
[2026-01-04T12:42:20.321+0000] {logging_mixin.py:190} INFO - [2026-01-04T12:42:20.321+0000] {dagbag.py:588} INFO - Filling up the DagBag from /workspaces/f1_data_team/venv/lib/python3.12/site-packages/airflow/example_dags/example_bash_operator.py
[2026-01-04T12:42:20.332+0000] {processor.py:925} INFO - DAG(s) 'example_bash_operator' retrieved from /workspaces/f1_data_team/venv/lib/python3.12/site-packages/airflow/example_dags/example_bash_operator.py
[2026-01-04T12:42:20.356+0000] {logging_mixin.py:190} INFO - [2026-01-04T12:42:20.355+0000] {dag.py:3239} INFO - Sync 1 DAGs
[2026-01-04T12:42:20.374+0000] {logging_mixin.py:190} INFO - [2026-01-04T12:42:20.374+0000] {dag.py:4180} INFO - Setting next_dagrun for example_bash_operator to 2026-01-03 00:00:00+00:00, run_after=2026-01-04 00:00:00+00:00
[2026-01-04T12:42:20.389+0000] {processor.py:208} INFO - Processing /workspaces/f1_data_team/venv/lib/python3.12/site-packages/airflow/example_dags/example_bash_operator.py took 0.075 seconds
[2026-01-04T12:43:23.080+0000] {processor.py:186} INFO - Started process (PID=37526) to work on /workspaces/f1_data_team/venv/lib/python3.12/site-packages/airflow/example_dags/example_bash_operator.py
[2026-01-04T12:43:23.081+0000] {processor.py:914} INFO - Processing file /workspaces/f1_data_team/venv/lib/python3.12/site-packages/airflow/example_dags/example_bash_operator.py for tasks to queue
[2026-01-04T12:43:23.082+0000] {logging_mixin.py:190} INFO - [2026-01-04T12:43:23.082+0000] {dagbag.py:588} INFO - Filling up the DagBag from /workspaces/f1_data_team/venv/lib/python3.12/site-packages/airflow/example_dags/example_bash_operator.py
[2026-01-04T12:43:23.093+0000] {processor.py:925} INFO - DAG(s) 'example_bash_operator' retrieved from /workspaces/f1_data_team/venv/lib/python3.12/site-packages/airflow/example_dags/example_bash_operator.py
[2026-01-04T12:43:23.110+0000] {logging_mixin.py:190} INFO - [2026-01-04T12:43:23.110+0000] {dag.py:3239} INFO - Sync 1 DAGs
[2026-01-04T12:43:23.126+0000] {logging_mixin.py:190} INFO - [2026-01-04T12:43:23.126+0000] {dag.py:4180} INFO - Setting next_dagrun for example_bash_operator to 2026-01-03 00:00:00+00:00, run_after=2026-01-04 00:00:00+00:00
[2026-01-04T12:43:23.141+0000] {processor.py:208} INFO - Processing /workspaces/f1_data_team/venv/lib/python3.12/site-packages/airflow/example_dags/example_bash_operator.py took 0.065 seconds
[2026-01-04T12:44:38.736+0000] {processor.py:186} INFO - Started process (PID=38387) to work on /workspaces/f1_data_team/venv/lib/python3.12/site-packages/airflow/example_dags/example_bash_operator.py
[2026-01-04T12:44:38.737+0000] {processor.py:914} INFO - Processing file /workspaces/f1_data_team/venv/lib/python3.12/site-packages/airflow/example_dags/example_bash_operator.py for tasks to queue
[2026-01-04T12:44:38.739+0000] {logging_mixin.py:190} INFO - [2026-01-04T12:44:38.738+0000] {dagbag.py:588} INFO - Filling up the DagBag from /workspaces/f1_data_team/venv/lib/python3.12/site-packages/airflow/example_dags/example_bash_operator.py
[2026-01-04T12:44:38.749+0000] {processor.py:925} INFO - DAG(s) 'example_bash_operator' retrieved from /workspaces/f1_data_team/venv/lib/python3.12/site-packages/airflow/example_dags/example_bash_operator.py
[2026-01-04T12:44:38.766+0000] {logging_mixin.py:190} INFO - [2026-01-04T12:44:38.766+0000] {dag.py:3239} INFO - Sync 1 DAGs
[2026-01-04T12:44:38.781+0000] {logging_mixin.py:190} INFO - [2026-01-04T12:44:38.781+0000] {dag.py:4180} INFO - Setting next_dagrun for example_bash_operator to 2026-01-03 00:00:00+00:00, run_after=2026-01-04 00:00:00+00:00
[2026-01-04T12:44:38.795+0000] {processor.py:208} INFO - Processing /workspaces/f1_data_team/venv/lib/python3.12/site-packages/airflow/example_dags/example_bash_operator.py took 0.065 seconds
[2026-01-04T12:45:42.578+0000] {processor.py:186} INFO - Started process (PID=39496) to work on /workspaces/f1_data_team/venv/lib/python3.12/site-packages/airflow/example_dags/example_bash_operator.py
[2026-01-04T12:45:42.579+0000] {processor.py:914} INFO - Processing file /workspaces/f1_data_team/venv/lib/python3.12/site-packages/airflow/example_dags/example_bash_operator.py for tasks to queue
[2026-01-04T12:45:42.581+0000] {logging_mixin.py:190} INFO - [2026-01-04T12:45:42.581+0000] {dagbag.py:588} INFO - Filling up the DagBag from /workspaces/f1_data_team/venv/lib/python3.12/site-packages/airflow/example_dags/example_bash_operator.py
[2026-01-04T12:45:42.594+0000] {processor.py:925} INFO - DAG(s) 'example_bash_operator' retrieved from /workspaces/f1_data_team/venv/lib/python3.12/site-packages/airflow/example_dags/example_bash_operator.py
[2026-01-04T12:45:42.611+0000] {logging_mixin.py:190} INFO - [2026-01-04T12:45:42.611+0000] {dag.py:3239} INFO - Sync 1 DAGs
[2026-01-04T12:45:42.626+0000] {logging_mixin.py:190} INFO - [2026-01-04T12:45:42.626+0000] {dag.py:4180} INFO - Setting next_dagrun for example_bash_operator to 2026-01-03 00:00:00+00:00, run_after=2026-01-04 00:00:00+00:00
[2026-01-04T12:45:42.640+0000] {processor.py:208} INFO - Processing /workspaces/f1_data_team/venv/lib/python3.12/site-packages/airflow/example_dags/example_bash_operator.py took 0.068 seconds
[2026-01-04T12:47:00.900+0000] {processor.py:186} INFO - Started process (PID=40261) to work on /workspaces/f1_data_team/venv/lib/python3.12/site-packages/airflow/example_dags/example_bash_operator.py
[2026-01-04T12:47:00.901+0000] {processor.py:914} INFO - Processing file /workspaces/f1_data_team/venv/lib/python3.12/site-packages/airflow/example_dags/example_bash_operator.py for tasks to queue
[2026-01-04T12:47:00.903+0000] {logging_mixin.py:190} INFO - [2026-01-04T12:47:00.902+0000] {dagbag.py:588} INFO - Filling up the DagBag from /workspaces/f1_data_team/venv/lib/python3.12/site-packages/airflow/example_dags/example_bash_operator.py
[2026-01-04T12:47:00.914+0000] {processor.py:925} INFO - DAG(s) 'example_bash_operator' retrieved from /workspaces/f1_data_team/venv/lib/python3.12/site-packages/airflow/example_dags/example_bash_operator.py
[2026-01-04T12:47:00.930+0000] {logging_mixin.py:190} INFO - [2026-01-04T12:47:00.930+0000] {dag.py:3239} INFO - Sync 1 DAGs
[2026-01-04T12:47:00.946+0000] {logging_mixin.py:190} INFO - [2026-01-04T12:47:00.946+0000] {dag.py:4180} INFO - Setting next_dagrun for example_bash_operator to 2026-01-03 00:00:00+00:00, run_after=2026-01-04 00:00:00+00:00
[2026-01-04T12:47:00.961+0000] {processor.py:208} INFO - Processing /workspaces/f1_data_team/venv/lib/python3.12/site-packages/airflow/example_dags/example_bash_operator.py took 0.066 seconds
[2026-01-04T12:49:31.617+0000] {processor.py:186} INFO - Started process (PID=42392) to work on /workspaces/f1_data_team/venv/lib/python3.12/site-packages/airflow/example_dags/example_bash_operator.py
[2026-01-04T12:49:31.617+0000] {processor.py:914} INFO - Processing file /workspaces/f1_data_team/venv/lib/python3.12/site-packages/airflow/example_dags/example_bash_operator.py for tasks to queue
[2026-01-04T12:49:31.619+0000] {logging_mixin.py:190} INFO - [2026-01-04T12:49:31.619+0000] {dagbag.py:588} INFO - Filling up the DagBag from /workspaces/f1_data_team/venv/lib/python3.12/site-packages/airflow/example_dags/example_bash_operator.py
[2026-01-04T12:49:31.630+0000] {processor.py:925} INFO - DAG(s) 'example_bash_operator' retrieved from /workspaces/f1_data_team/venv/lib/python3.12/site-packages/airflow/example_dags/example_bash_operator.py
[2026-01-04T12:49:31.647+0000] {logging_mixin.py:190} INFO - [2026-01-04T12:49:31.647+0000] {dag.py:3239} INFO - Sync 1 DAGs
[2026-01-04T12:49:31.670+0000] {logging_mixin.py:190} INFO - [2026-01-04T12:49:31.670+0000] {dag.py:4180} INFO - Setting next_dagrun for example_bash_operator to 2026-01-03 00:00:00+00:00, run_after=2026-01-04 00:00:00+00:00
[2026-01-04T12:49:31.689+0000] {processor.py:208} INFO - Processing /workspaces/f1_data_team/venv/lib/python3.12/site-packages/airflow/example_dags/example_bash_operator.py took 0.077 seconds
[2026-01-04T12:52:07.079+0000] {processor.py:186} INFO - Started process (PID=44616) to work on /workspaces/f1_data_team/venv/lib/python3.12/site-packages/airflow/example_dags/example_bash_operator.py
[2026-01-04T12:52:07.080+0000] {processor.py:914} INFO - Processing file /workspaces/f1_data_team/venv/lib/python3.12/site-packages/airflow/example_dags/example_bash_operator.py for tasks to queue
[2026-01-04T12:52:07.082+0000] {logging_mixin.py:190} INFO - [2026-01-04T12:52:07.081+0000] {dagbag.py:588} INFO - Filling up the DagBag from /workspaces/f1_data_team/venv/lib/python3.12/site-packages/airflow/example_dags/example_bash_operator.py
[2026-01-04T12:52:07.092+0000] {processor.py:925} INFO - DAG(s) 'example_bash_operator' retrieved from /workspaces/f1_data_team/venv/lib/python3.12/site-packages/airflow/example_dags/example_bash_operator.py
[2026-01-04T12:52:07.109+0000] {logging_mixin.py:190} INFO - [2026-01-04T12:52:07.109+0000] {dag.py:3239} INFO - Sync 1 DAGs
[2026-01-04T12:52:07.125+0000] {logging_mixin.py:190} INFO - [2026-01-04T12:52:07.125+0000] {dag.py:4180} INFO - Setting next_dagrun for example_bash_operator to 2026-01-03 00:00:00+00:00, run_after=2026-01-04 00:00:00+00:00
[2026-01-04T12:52:07.140+0000] {processor.py:208} INFO - Processing /workspaces/f1_data_team/venv/lib/python3.12/site-packages/airflow/example_dags/example_bash_operator.py took 0.066 seconds
[2026-01-04T12:53:04.983+0000] {processor.py:186} INFO - Started process (PID=45398) to work on /workspaces/f1_data_team/venv/lib/python3.12/site-packages/airflow/example_dags/example_bash_operator.py
[2026-01-04T12:53:04.983+0000] {processor.py:914} INFO - Processing file /workspaces/f1_data_team/venv/lib/python3.12/site-packages/airflow/example_dags/example_bash_operator.py for tasks to queue
[2026-01-04T12:53:04.985+0000] {logging_mixin.py:190} INFO - [2026-01-04T12:53:04.985+0000] {dagbag.py:588} INFO - Filling up the DagBag from /workspaces/f1_data_team/venv/lib/python3.12/site-packages/airflow/example_dags/example_bash_operator.py
[2026-01-04T12:53:04.996+0000] {processor.py:925} INFO - DAG(s) 'example_bash_operator' retrieved from /workspaces/f1_data_team/venv/lib/python3.12/site-packages/airflow/example_dags/example_bash_operator.py
[2026-01-04T12:53:05.013+0000] {logging_mixin.py:190} INFO - [2026-01-04T12:53:05.013+0000] {dag.py:3239} INFO - Sync 1 DAGs
[2026-01-04T12:53:05.037+0000] {logging_mixin.py:190} INFO - [2026-01-04T12:53:05.037+0000] {dag.py:4180} INFO - Setting next_dagrun for example_bash_operator to 2026-01-03 00:00:00+00:00, run_after=2026-01-04 00:00:00+00:00
[2026-01-04T12:53:05.051+0000] {processor.py:208} INFO - Processing /workspaces/f1_data_team/venv/lib/python3.12/site-packages/airflow/example_dags/example_bash_operator.py took 0.073 seconds
[2026-01-04T12:54:25.628+0000] {processor.py:186} INFO - Started process (PID=46570) to work on /workspaces/f1_data_team/venv/lib/python3.12/site-packages/airflow/example_dags/example_bash_operator.py
[2026-01-04T12:54:25.629+0000] {processor.py:914} INFO - Processing file /workspaces/f1_data_team/venv/lib/python3.12/site-packages/airflow/example_dags/example_bash_operator.py for tasks to queue
[2026-01-04T12:54:25.631+0000] {logging_mixin.py:190} INFO - [2026-01-04T12:54:25.630+0000] {dagbag.py:588} INFO - Filling up the DagBag from /workspaces/f1_data_team/venv/lib/python3.12/site-packages/airflow/example_dags/example_bash_operator.py
[2026-01-04T12:54:25.641+0000] {processor.py:925} INFO - DAG(s) 'example_bash_operator' retrieved from /workspaces/f1_data_team/venv/lib/python3.12/site-packages/airflow/example_dags/example_bash_operator.py
[2026-01-04T12:54:25.658+0000] {logging_mixin.py:190} INFO - [2026-01-04T12:54:25.658+0000] {dag.py:3239} INFO - Sync 1 DAGs
[2026-01-04T12:54:25.675+0000] {logging_mixin.py:190} INFO - [2026-01-04T12:54:25.675+0000] {dag.py:4180} INFO - Setting next_dagrun for example_bash_operator to 2026-01-03 00:00:00+00:00, run_after=2026-01-04 00:00:00+00:00
[2026-01-04T12:54:25.689+0000] {processor.py:208} INFO - Processing /workspaces/f1_data_team/venv/lib/python3.12/site-packages/airflow/example_dags/example_bash_operator.py took 0.066 seconds
[2026-01-04T12:55:45.988+0000] {processor.py:186} INFO - Started process (PID=47821) to work on /workspaces/f1_data_team/venv/lib/python3.12/site-packages/airflow/example_dags/example_bash_operator.py
[2026-01-04T12:55:45.989+0000] {processor.py:914} INFO - Processing file /workspaces/f1_data_team/venv/lib/python3.12/site-packages/airflow/example_dags/example_bash_operator.py for tasks to queue
[2026-01-04T12:55:45.991+0000] {logging_mixin.py:190} INFO - [2026-01-04T12:55:45.990+0000] {dagbag.py:588} INFO - Filling up the DagBag from /workspaces/f1_data_team/venv/lib/python3.12/site-packages/airflow/example_dags/example_bash_operator.py
[2026-01-04T12:55:46.006+0000] {processor.py:925} INFO - DAG(s) 'example_bash_operator' retrieved from /workspaces/f1_data_team/venv/lib/python3.12/site-packages/airflow/example_dags/example_bash_operator.py
[2026-01-04T12:55:46.032+0000] {logging_mixin.py:190} INFO - [2026-01-04T12:55:46.032+0000] {dag.py:3239} INFO - Sync 1 DAGs
[2026-01-04T12:55:46.055+0000] {logging_mixin.py:190} INFO - [2026-01-04T12:55:46.055+0000] {dag.py:4180} INFO - Setting next_dagrun for example_bash_operator to 2026-01-03 00:00:00+00:00, run_after=2026-01-04 00:00:00+00:00
[2026-01-04T12:55:46.070+0000] {processor.py:208} INFO - Processing /workspaces/f1_data_team/venv/lib/python3.12/site-packages/airflow/example_dags/example_bash_operator.py took 0.087 seconds
[2026-01-04T12:57:03.767+0000] {processor.py:186} INFO - Started process (PID=48546) to work on /workspaces/f1_data_team/venv/lib/python3.12/site-packages/airflow/example_dags/example_bash_operator.py
[2026-01-04T12:57:03.768+0000] {processor.py:914} INFO - Processing file /workspaces/f1_data_team/venv/lib/python3.12/site-packages/airflow/example_dags/example_bash_operator.py for tasks to queue
[2026-01-04T12:57:03.770+0000] {logging_mixin.py:190} INFO - [2026-01-04T12:57:03.770+0000] {dagbag.py:588} INFO - Filling up the DagBag from /workspaces/f1_data_team/venv/lib/python3.12/site-packages/airflow/example_dags/example_bash_operator.py
[2026-01-04T12:57:03.781+0000] {processor.py:925} INFO - DAG(s) 'example_bash_operator' retrieved from /workspaces/f1_data_team/venv/lib/python3.12/site-packages/airflow/example_dags/example_bash_operator.py
[2026-01-04T12:57:03.804+0000] {logging_mixin.py:190} INFO - [2026-01-04T12:57:03.804+0000] {dag.py:3239} INFO - Sync 1 DAGs
[2026-01-04T12:57:03.829+0000] {logging_mixin.py:190} INFO - [2026-01-04T12:57:03.829+0000] {dag.py:4180} INFO - Setting next_dagrun for example_bash_operator to 2026-01-03 00:00:00+00:00, run_after=2026-01-04 00:00:00+00:00
[2026-01-04T12:57:03.844+0000] {processor.py:208} INFO - Processing /workspaces/f1_data_team/venv/lib/python3.12/site-packages/airflow/example_dags/example_bash_operator.py took 0.081 seconds
[2026-01-04T12:58:20.040+0000] {processor.py:186} INFO - Started process (PID=49330) to work on /workspaces/f1_data_team/venv/lib/python3.12/site-packages/airflow/example_dags/example_bash_operator.py
[2026-01-04T12:58:20.040+0000] {processor.py:914} INFO - Processing file /workspaces/f1_data_team/venv/lib/python3.12/site-packages/airflow/example_dags/example_bash_operator.py for tasks to queue
[2026-01-04T12:58:20.042+0000] {logging_mixin.py:190} INFO - [2026-01-04T12:58:20.042+0000] {dagbag.py:588} INFO - Filling up the DagBag from /workspaces/f1_data_team/venv/lib/python3.12/site-packages/airflow/example_dags/example_bash_operator.py
[2026-01-04T12:58:20.053+0000] {processor.py:925} INFO - DAG(s) 'example_bash_operator' retrieved from /workspaces/f1_data_team/venv/lib/python3.12/site-packages/airflow/example_dags/example_bash_operator.py
[2026-01-04T12:58:20.070+0000] {logging_mixin.py:190} INFO - [2026-01-04T12:58:20.070+0000] {dag.py:3239} INFO - Sync 1 DAGs
[2026-01-04T12:58:20.085+0000] {logging_mixin.py:190} INFO - [2026-01-04T12:58:20.085+0000] {dag.py:4180} INFO - Setting next_dagrun for example_bash_operator to 2026-01-03 00:00:00+00:00, run_after=2026-01-04 00:00:00+00:00
[2026-01-04T12:58:20.100+0000] {processor.py:208} INFO - Processing /workspaces/f1_data_team/venv/lib/python3.12/site-packages/airflow/example_dags/example_bash_operator.py took 0.065 seconds
[2026-01-04T12:59:42.477+0000] {processor.py:186} INFO - Started process (PID=50111) to work on /workspaces/f1_data_team/venv/lib/python3.12/site-packages/airflow/example_dags/example_bash_operator.py
[2026-01-04T12:59:42.478+0000] {processor.py:914} INFO - Processing file /workspaces/f1_data_team/venv/lib/python3.12/site-packages/airflow/example_dags/example_bash_operator.py for tasks to queue
[2026-01-04T12:59:42.480+0000] {logging_mixin.py:190} INFO - [2026-01-04T12:59:42.480+0000] {dagbag.py:588} INFO - Filling up the DagBag from /workspaces/f1_data_team/venv/lib/python3.12/site-packages/airflow/example_dags/example_bash_operator.py
[2026-01-04T12:59:42.491+0000] {processor.py:925} INFO - DAG(s) 'example_bash_operator' retrieved from /workspaces/f1_data_team/venv/lib/python3.12/site-packages/airflow/example_dags/example_bash_operator.py
[2026-01-04T12:59:42.508+0000] {logging_mixin.py:190} INFO - [2026-01-04T12:59:42.508+0000] {dag.py:3239} INFO - Sync 1 DAGs
[2026-01-04T12:59:42.527+0000] {logging_mixin.py:190} INFO - [2026-01-04T12:59:42.526+0000] {dag.py:4180} INFO - Setting next_dagrun for example_bash_operator to 2026-01-03 00:00:00+00:00, run_after=2026-01-04 00:00:00+00:00
[2026-01-04T12:59:42.541+0000] {processor.py:208} INFO - Processing /workspaces/f1_data_team/venv/lib/python3.12/site-packages/airflow/example_dags/example_bash_operator.py took 0.068 seconds
[2026-01-04T13:01:03.744+0000] {processor.py:186} INFO - Started process (PID=50969) to work on /workspaces/f1_data_team/venv/lib/python3.12/site-packages/airflow/example_dags/example_bash_operator.py
[2026-01-04T13:01:03.745+0000] {processor.py:914} INFO - Processing file /workspaces/f1_data_team/venv/lib/python3.12/site-packages/airflow/example_dags/example_bash_operator.py for tasks to queue
[2026-01-04T13:01:03.747+0000] {logging_mixin.py:190} INFO - [2026-01-04T13:01:03.747+0000] {dagbag.py:588} INFO - Filling up the DagBag from /workspaces/f1_data_team/venv/lib/python3.12/site-packages/airflow/example_dags/example_bash_operator.py
[2026-01-04T13:01:03.758+0000] {processor.py:925} INFO - DAG(s) 'example_bash_operator' retrieved from /workspaces/f1_data_team/venv/lib/python3.12/site-packages/airflow/example_dags/example_bash_operator.py
[2026-01-04T13:01:03.775+0000] {logging_mixin.py:190} INFO - [2026-01-04T13:01:03.775+0000] {dag.py:3239} INFO - Sync 1 DAGs
[2026-01-04T13:01:03.793+0000] {logging_mixin.py:190} INFO - [2026-01-04T13:01:03.793+0000] {dag.py:4180} INFO - Setting next_dagrun for example_bash_operator to 2026-01-03 00:00:00+00:00, run_after=2026-01-04 00:00:00+00:00
[2026-01-04T13:01:03.810+0000] {processor.py:208} INFO - Processing /workspaces/f1_data_team/venv/lib/python3.12/site-packages/airflow/example_dags/example_bash_operator.py took 0.070 seconds
[2026-01-04T13:02:17.269+0000] {processor.py:186} INFO - Started process (PID=52054) to work on /workspaces/f1_data_team/venv/lib/python3.12/site-packages/airflow/example_dags/example_bash_operator.py
[2026-01-04T13:02:17.270+0000] {processor.py:914} INFO - Processing file /workspaces/f1_data_team/venv/lib/python3.12/site-packages/airflow/example_dags/example_bash_operator.py for tasks to queue
[2026-01-04T13:02:17.272+0000] {logging_mixin.py:190} INFO - [2026-01-04T13:02:17.272+0000] {dagbag.py:588} INFO - Filling up the DagBag from /workspaces/f1_data_team/venv/lib/python3.12/site-packages/airflow/example_dags/example_bash_operator.py
[2026-01-04T13:02:17.284+0000] {processor.py:925} INFO - DAG(s) 'example_bash_operator' retrieved from /workspaces/f1_data_team/venv/lib/python3.12/site-packages/airflow/example_dags/example_bash_operator.py
[2026-01-04T13:02:17.305+0000] {logging_mixin.py:190} INFO - [2026-01-04T13:02:17.305+0000] {dag.py:3239} INFO - Sync 1 DAGs
[2026-01-04T13:02:17.321+0000] {logging_mixin.py:190} INFO - [2026-01-04T13:02:17.321+0000] {dag.py:4180} INFO - Setting next_dagrun for example_bash_operator to 2026-01-03 00:00:00+00:00, run_after=2026-01-04 00:00:00+00:00
[2026-01-04T13:02:17.347+0000] {processor.py:208} INFO - Processing /workspaces/f1_data_team/venv/lib/python3.12/site-packages/airflow/example_dags/example_bash_operator.py took 0.082 seconds
[2026-01-04T13:03:32.789+0000] {processor.py:186} INFO - Started process (PID=52792) to work on /workspaces/f1_data_team/venv/lib/python3.12/site-packages/airflow/example_dags/example_bash_operator.py
[2026-01-04T13:03:32.790+0000] {processor.py:914} INFO - Processing file /workspaces/f1_data_team/venv/lib/python3.12/site-packages/airflow/example_dags/example_bash_operator.py for tasks to queue
[2026-01-04T13:03:32.791+0000] {logging_mixin.py:190} INFO - [2026-01-04T13:03:32.791+0000] {dagbag.py:588} INFO - Filling up the DagBag from /workspaces/f1_data_team/venv/lib/python3.12/site-packages/airflow/example_dags/example_bash_operator.py
[2026-01-04T13:03:32.804+0000] {processor.py:925} INFO - DAG(s) 'example_bash_operator' retrieved from /workspaces/f1_data_team/venv/lib/python3.12/site-packages/airflow/example_dags/example_bash_operator.py
[2026-01-04T13:03:32.821+0000] {logging_mixin.py:190} INFO - [2026-01-04T13:03:32.820+0000] {dag.py:3239} INFO - Sync 1 DAGs
[2026-01-04T13:03:32.837+0000] {logging_mixin.py:190} INFO - [2026-01-04T13:03:32.837+0000] {dag.py:4180} INFO - Setting next_dagrun for example_bash_operator to 2026-01-03 00:00:00+00:00, run_after=2026-01-04 00:00:00+00:00
[2026-01-04T13:03:32.852+0000] {processor.py:208} INFO - Processing /workspaces/f1_data_team/venv/lib/python3.12/site-packages/airflow/example_dags/example_bash_operator.py took 0.068 seconds
[2026-01-04T13:04:46.448+0000] {processor.py:186} INFO - Started process (PID=53436) to work on /workspaces/f1_data_team/venv/lib/python3.12/site-packages/airflow/example_dags/example_bash_operator.py
[2026-01-04T13:04:46.448+0000] {processor.py:914} INFO - Processing file /workspaces/f1_data_team/venv/lib/python3.12/site-packages/airflow/example_dags/example_bash_operator.py for tasks to queue
[2026-01-04T13:04:46.450+0000] {logging_mixin.py:190} INFO - [2026-01-04T13:04:46.450+0000] {dagbag.py:588} INFO - Filling up the DagBag from /workspaces/f1_data_team/venv/lib/python3.12/site-packages/airflow/example_dags/example_bash_operator.py
[2026-01-04T13:04:46.461+0000] {processor.py:925} INFO - DAG(s) 'example_bash_operator' retrieved from /workspaces/f1_data_team/venv/lib/python3.12/site-packages/airflow/example_dags/example_bash_operator.py
[2026-01-04T13:04:46.478+0000] {logging_mixin.py:190} INFO - [2026-01-04T13:04:46.478+0000] {dag.py:3239} INFO - Sync 1 DAGs
[2026-01-04T13:04:46.500+0000] {logging_mixin.py:190} INFO - [2026-01-04T13:04:46.500+0000] {dag.py:4180} INFO - Setting next_dagrun for example_bash_operator to 2026-01-03 00:00:00+00:00, run_after=2026-01-04 00:00:00+00:00
[2026-01-04T13:04:46.524+0000] {processor.py:208} INFO - Processing /workspaces/f1_data_team/venv/lib/python3.12/site-packages/airflow/example_dags/example_bash_operator.py took 0.082 seconds
[2026-01-04T13:06:08.502+0000] {processor.py:186} INFO - Started process (PID=54419) to work on /workspaces/f1_data_team/venv/lib/python3.12/site-packages/airflow/example_dags/example_bash_operator.py
[2026-01-04T13:06:08.503+0000] {processor.py:914} INFO - Processing file /workspaces/f1_data_team/venv/lib/python3.12/site-packages/airflow/example_dags/example_bash_operator.py for tasks to queue
[2026-01-04T13:06:08.504+0000] {logging_mixin.py:190} INFO - [2026-01-04T13:06:08.504+0000] {dagbag.py:588} INFO - Filling up the DagBag from /workspaces/f1_data_team/venv/lib/python3.12/site-packages/airflow/example_dags/example_bash_operator.py
[2026-01-04T13:06:08.516+0000] {processor.py:925} INFO - DAG(s) 'example_bash_operator' retrieved from /workspaces/f1_data_team/venv/lib/python3.12/site-packages/airflow/example_dags/example_bash_operator.py
[2026-01-04T13:06:08.533+0000] {logging_mixin.py:190} INFO - [2026-01-04T13:06:08.533+0000] {dag.py:3239} INFO - Sync 1 DAGs
[2026-01-04T13:06:08.549+0000] {logging_mixin.py:190} INFO - [2026-01-04T13:06:08.549+0000] {dag.py:4180} INFO - Setting next_dagrun for example_bash_operator to 2026-01-03 00:00:00+00:00, run_after=2026-01-04 00:00:00+00:00
[2026-01-04T13:06:08.564+0000] {processor.py:208} INFO - Processing /workspaces/f1_data_team/venv/lib/python3.12/site-packages/airflow/example_dags/example_bash_operator.py took 0.067 seconds
[2026-01-04T13:07:29.007+0000] {processor.py:186} INFO - Started process (PID=55101) to work on /workspaces/f1_data_team/venv/lib/python3.12/site-packages/airflow/example_dags/example_bash_operator.py
[2026-01-04T13:07:29.008+0000] {processor.py:914} INFO - Processing file /workspaces/f1_data_team/venv/lib/python3.12/site-packages/airflow/example_dags/example_bash_operator.py for tasks to queue
[2026-01-04T13:07:29.010+0000] {logging_mixin.py:190} INFO - [2026-01-04T13:07:29.009+0000] {dagbag.py:588} INFO - Filling up the DagBag from /workspaces/f1_data_team/venv/lib/python3.12/site-packages/airflow/example_dags/example_bash_operator.py
[2026-01-04T13:07:29.021+0000] {processor.py:925} INFO - DAG(s) 'example_bash_operator' retrieved from /workspaces/f1_data_team/venv/lib/python3.12/site-packages/airflow/example_dags/example_bash_operator.py
[2026-01-04T13:07:29.038+0000] {logging_mixin.py:190} INFO - [2026-01-04T13:07:29.038+0000] {dag.py:3239} INFO - Sync 1 DAGs
[2026-01-04T13:07:29.054+0000] {logging_mixin.py:190} INFO - [2026-01-04T13:07:29.054+0000] {dag.py:4180} INFO - Setting next_dagrun for example_bash_operator to 2026-01-03 00:00:00+00:00, run_after=2026-01-04 00:00:00+00:00
[2026-01-04T13:07:29.069+0000] {processor.py:208} INFO - Processing /workspaces/f1_data_team/venv/lib/python3.12/site-packages/airflow/example_dags/example_bash_operator.py took 0.067 seconds
[2026-01-04T13:08:51.297+0000] {processor.py:186} INFO - Started process (PID=55798) to work on /workspaces/f1_data_team/venv/lib/python3.12/site-packages/airflow/example_dags/example_bash_operator.py
[2026-01-04T13:08:51.298+0000] {processor.py:914} INFO - Processing file /workspaces/f1_data_team/venv/lib/python3.12/site-packages/airflow/example_dags/example_bash_operator.py for tasks to queue
[2026-01-04T13:08:51.300+0000] {logging_mixin.py:190} INFO - [2026-01-04T13:08:51.299+0000] {dagbag.py:588} INFO - Filling up the DagBag from /workspaces/f1_data_team/venv/lib/python3.12/site-packages/airflow/example_dags/example_bash_operator.py
[2026-01-04T13:08:51.311+0000] {processor.py:925} INFO - DAG(s) 'example_bash_operator' retrieved from /workspaces/f1_data_team/venv/lib/python3.12/site-packages/airflow/example_dags/example_bash_operator.py
[2026-01-04T13:08:51.328+0000] {logging_mixin.py:190} INFO - [2026-01-04T13:08:51.327+0000] {dag.py:3239} INFO - Sync 1 DAGs
[2026-01-04T13:08:51.343+0000] {logging_mixin.py:190} INFO - [2026-01-04T13:08:51.343+0000] {dag.py:4180} INFO - Setting next_dagrun for example_bash_operator to 2026-01-03 00:00:00+00:00, run_after=2026-01-04 00:00:00+00:00
[2026-01-04T13:08:51.357+0000] {processor.py:208} INFO - Processing /workspaces/f1_data_team/venv/lib/python3.12/site-packages/airflow/example_dags/example_bash_operator.py took 0.065 seconds
[2026-01-04T13:10:07.338+0000] {processor.py:186} INFO - Started process (PID=56451) to work on /workspaces/f1_data_team/venv/lib/python3.12/site-packages/airflow/example_dags/example_bash_operator.py
[2026-01-04T13:10:07.339+0000] {processor.py:914} INFO - Processing file /workspaces/f1_data_team/venv/lib/python3.12/site-packages/airflow/example_dags/example_bash_operator.py for tasks to queue
[2026-01-04T13:10:07.341+0000] {logging_mixin.py:190} INFO - [2026-01-04T13:10:07.341+0000] {dagbag.py:588} INFO - Filling up the DagBag from /workspaces/f1_data_team/venv/lib/python3.12/site-packages/airflow/example_dags/example_bash_operator.py
[2026-01-04T13:10:07.352+0000] {processor.py:925} INFO - DAG(s) 'example_bash_operator' retrieved from /workspaces/f1_data_team/venv/lib/python3.12/site-packages/airflow/example_dags/example_bash_operator.py
[2026-01-04T13:10:07.368+0000] {logging_mixin.py:190} INFO - [2026-01-04T13:10:07.368+0000] {dag.py:3239} INFO - Sync 1 DAGs
[2026-01-04T13:10:07.384+0000] {logging_mixin.py:190} INFO - [2026-01-04T13:10:07.384+0000] {dag.py:4180} INFO - Setting next_dagrun for example_bash_operator to 2026-01-03 00:00:00+00:00, run_after=2026-01-04 00:00:00+00:00
[2026-01-04T13:10:07.398+0000] {processor.py:208} INFO - Processing /workspaces/f1_data_team/venv/lib/python3.12/site-packages/airflow/example_dags/example_bash_operator.py took 0.064 seconds
[2026-01-04T13:11:27.536+0000] {processor.py:186} INFO - Started process (PID=57104) to work on /workspaces/f1_data_team/venv/lib/python3.12/site-packages/airflow/example_dags/example_bash_operator.py
[2026-01-04T13:11:27.537+0000] {processor.py:914} INFO - Processing file /workspaces/f1_data_team/venv/lib/python3.12/site-packages/airflow/example_dags/example_bash_operator.py for tasks to queue
[2026-01-04T13:11:27.539+0000] {logging_mixin.py:190} INFO - [2026-01-04T13:11:27.538+0000] {dagbag.py:588} INFO - Filling up the DagBag from /workspaces/f1_data_team/venv/lib/python3.12/site-packages/airflow/example_dags/example_bash_operator.py
[2026-01-04T13:11:27.550+0000] {processor.py:925} INFO - DAG(s) 'example_bash_operator' retrieved from /workspaces/f1_data_team/venv/lib/python3.12/site-packages/airflow/example_dags/example_bash_operator.py
[2026-01-04T13:11:27.567+0000] {logging_mixin.py:190} INFO - [2026-01-04T13:11:27.567+0000] {dag.py:3239} INFO - Sync 1 DAGs
[2026-01-04T13:11:27.583+0000] {logging_mixin.py:190} INFO - [2026-01-04T13:11:27.583+0000] {dag.py:4180} INFO - Setting next_dagrun for example_bash_operator to 2026-01-03 00:00:00+00:00, run_after=2026-01-04 00:00:00+00:00
[2026-01-04T13:11:27.598+0000] {processor.py:208} INFO - Processing /workspaces/f1_data_team/venv/lib/python3.12/site-packages/airflow/example_dags/example_bash_operator.py took 0.067 seconds
[2026-01-04T13:12:45.817+0000] {processor.py:186} INFO - Started process (PID=57702) to work on /workspaces/f1_data_team/venv/lib/python3.12/site-packages/airflow/example_dags/example_bash_operator.py
[2026-01-04T13:12:45.817+0000] {processor.py:914} INFO - Processing file /workspaces/f1_data_team/venv/lib/python3.12/site-packages/airflow/example_dags/example_bash_operator.py for tasks to queue
[2026-01-04T13:12:45.819+0000] {logging_mixin.py:190} INFO - [2026-01-04T13:12:45.819+0000] {dagbag.py:588} INFO - Filling up the DagBag from /workspaces/f1_data_team/venv/lib/python3.12/site-packages/airflow/example_dags/example_bash_operator.py
[2026-01-04T13:12:45.830+0000] {processor.py:925} INFO - DAG(s) 'example_bash_operator' retrieved from /workspaces/f1_data_team/venv/lib/python3.12/site-packages/airflow/example_dags/example_bash_operator.py
[2026-01-04T13:12:45.847+0000] {logging_mixin.py:190} INFO - [2026-01-04T13:12:45.846+0000] {dag.py:3239} INFO - Sync 1 DAGs
[2026-01-04T13:12:45.862+0000] {logging_mixin.py:190} INFO - [2026-01-04T13:12:45.862+0000] {dag.py:4180} INFO - Setting next_dagrun for example_bash_operator to 2026-01-03 00:00:00+00:00, run_after=2026-01-04 00:00:00+00:00
[2026-01-04T13:12:45.877+0000] {processor.py:208} INFO - Processing /workspaces/f1_data_team/venv/lib/python3.12/site-packages/airflow/example_dags/example_bash_operator.py took 0.064 seconds
[2026-01-04T13:14:04.575+0000] {processor.py:186} INFO - Started process (PID=58311) to work on /workspaces/f1_data_team/venv/lib/python3.12/site-packages/airflow/example_dags/example_bash_operator.py
[2026-01-04T13:14:04.576+0000] {processor.py:914} INFO - Processing file /workspaces/f1_data_team/venv/lib/python3.12/site-packages/airflow/example_dags/example_bash_operator.py for tasks to queue
[2026-01-04T13:14:04.578+0000] {logging_mixin.py:190} INFO - [2026-01-04T13:14:04.578+0000] {dagbag.py:588} INFO - Filling up the DagBag from /workspaces/f1_data_team/venv/lib/python3.12/site-packages/airflow/example_dags/example_bash_operator.py
[2026-01-04T13:14:04.589+0000] {processor.py:925} INFO - DAG(s) 'example_bash_operator' retrieved from /workspaces/f1_data_team/venv/lib/python3.12/site-packages/airflow/example_dags/example_bash_operator.py
[2026-01-04T13:14:04.606+0000] {logging_mixin.py:190} INFO - [2026-01-04T13:14:04.605+0000] {dag.py:3239} INFO - Sync 1 DAGs
[2026-01-04T13:14:04.621+0000] {logging_mixin.py:190} INFO - [2026-01-04T13:14:04.621+0000] {dag.py:4180} INFO - Setting next_dagrun for example_bash_operator to 2026-01-03 00:00:00+00:00, run_after=2026-01-04 00:00:00+00:00
[2026-01-04T13:14:04.636+0000] {processor.py:208} INFO - Processing /workspaces/f1_data_team/venv/lib/python3.12/site-packages/airflow/example_dags/example_bash_operator.py took 0.065 seconds
[2026-01-04T13:15:21.132+0000] {processor.py:186} INFO - Started process (PID=58960) to work on /workspaces/f1_data_team/venv/lib/python3.12/site-packages/airflow/example_dags/example_bash_operator.py
[2026-01-04T13:15:21.133+0000] {processor.py:914} INFO - Processing file /workspaces/f1_data_team/venv/lib/python3.12/site-packages/airflow/example_dags/example_bash_operator.py for tasks to queue
[2026-01-04T13:15:21.135+0000] {logging_mixin.py:190} INFO - [2026-01-04T13:15:21.135+0000] {dagbag.py:588} INFO - Filling up the DagBag from /workspaces/f1_data_team/venv/lib/python3.12/site-packages/airflow/example_dags/example_bash_operator.py
[2026-01-04T13:15:21.146+0000] {processor.py:925} INFO - DAG(s) 'example_bash_operator' retrieved from /workspaces/f1_data_team/venv/lib/python3.12/site-packages/airflow/example_dags/example_bash_operator.py
[2026-01-04T13:15:21.162+0000] {logging_mixin.py:190} INFO - [2026-01-04T13:15:21.162+0000] {dag.py:3239} INFO - Sync 1 DAGs
[2026-01-04T13:15:21.178+0000] {logging_mixin.py:190} INFO - [2026-01-04T13:15:21.178+0000] {dag.py:4180} INFO - Setting next_dagrun for example_bash_operator to 2026-01-03 00:00:00+00:00, run_after=2026-01-04 00:00:00+00:00
[2026-01-04T13:15:21.193+0000] {processor.py:208} INFO - Processing /workspaces/f1_data_team/venv/lib/python3.12/site-packages/airflow/example_dags/example_bash_operator.py took 0.065 seconds
[2026-01-04T13:16:38.779+0000] {processor.py:186} INFO - Started process (PID=59600) to work on /workspaces/f1_data_team/venv/lib/python3.12/site-packages/airflow/example_dags/example_bash_operator.py
[2026-01-04T13:16:38.780+0000] {processor.py:914} INFO - Processing file /workspaces/f1_data_team/venv/lib/python3.12/site-packages/airflow/example_dags/example_bash_operator.py for tasks to queue
[2026-01-04T13:16:38.782+0000] {logging_mixin.py:190} INFO - [2026-01-04T13:16:38.782+0000] {dagbag.py:588} INFO - Filling up the DagBag from /workspaces/f1_data_team/venv/lib/python3.12/site-packages/airflow/example_dags/example_bash_operator.py
[2026-01-04T13:16:38.793+0000] {processor.py:925} INFO - DAG(s) 'example_bash_operator' retrieved from /workspaces/f1_data_team/venv/lib/python3.12/site-packages/airflow/example_dags/example_bash_operator.py
[2026-01-04T13:16:38.809+0000] {logging_mixin.py:190} INFO - [2026-01-04T13:16:38.809+0000] {dag.py:3239} INFO - Sync 1 DAGs
[2026-01-04T13:16:38.825+0000] {logging_mixin.py:190} INFO - [2026-01-04T13:16:38.825+0000] {dag.py:4180} INFO - Setting next_dagrun for example_bash_operator to 2026-01-03 00:00:00+00:00, run_after=2026-01-04 00:00:00+00:00
[2026-01-04T13:16:38.839+0000] {processor.py:208} INFO - Processing /workspaces/f1_data_team/venv/lib/python3.12/site-packages/airflow/example_dags/example_bash_operator.py took 0.065 seconds
[2026-01-04T13:17:55.036+0000] {processor.py:186} INFO - Started process (PID=60193) to work on /workspaces/f1_data_team/venv/lib/python3.12/site-packages/airflow/example_dags/example_bash_operator.py
[2026-01-04T13:17:55.037+0000] {processor.py:914} INFO - Processing file /workspaces/f1_data_team/venv/lib/python3.12/site-packages/airflow/example_dags/example_bash_operator.py for tasks to queue
[2026-01-04T13:17:55.038+0000] {logging_mixin.py:190} INFO - [2026-01-04T13:17:55.038+0000] {dagbag.py:588} INFO - Filling up the DagBag from /workspaces/f1_data_team/venv/lib/python3.12/site-packages/airflow/example_dags/example_bash_operator.py
[2026-01-04T13:17:55.050+0000] {processor.py:925} INFO - DAG(s) 'example_bash_operator' retrieved from /workspaces/f1_data_team/venv/lib/python3.12/site-packages/airflow/example_dags/example_bash_operator.py
[2026-01-04T13:17:55.067+0000] {logging_mixin.py:190} INFO - [2026-01-04T13:17:55.067+0000] {dag.py:3239} INFO - Sync 1 DAGs
[2026-01-04T13:17:55.083+0000] {logging_mixin.py:190} INFO - [2026-01-04T13:17:55.082+0000] {dag.py:4180} INFO - Setting next_dagrun for example_bash_operator to 2026-01-03 00:00:00+00:00, run_after=2026-01-04 00:00:00+00:00
[2026-01-04T13:17:55.099+0000] {processor.py:208} INFO - Processing /workspaces/f1_data_team/venv/lib/python3.12/site-packages/airflow/example_dags/example_bash_operator.py took 0.068 seconds
[2026-01-04T13:19:12.755+0000] {processor.py:186} INFO - Started process (PID=60839) to work on /workspaces/f1_data_team/venv/lib/python3.12/site-packages/airflow/example_dags/example_bash_operator.py
[2026-01-04T13:19:12.756+0000] {processor.py:914} INFO - Processing file /workspaces/f1_data_team/venv/lib/python3.12/site-packages/airflow/example_dags/example_bash_operator.py for tasks to queue
[2026-01-04T13:19:12.758+0000] {logging_mixin.py:190} INFO - [2026-01-04T13:19:12.758+0000] {dagbag.py:588} INFO - Filling up the DagBag from /workspaces/f1_data_team/venv/lib/python3.12/site-packages/airflow/example_dags/example_bash_operator.py
[2026-01-04T13:19:12.769+0000] {processor.py:925} INFO - DAG(s) 'example_bash_operator' retrieved from /workspaces/f1_data_team/venv/lib/python3.12/site-packages/airflow/example_dags/example_bash_operator.py
[2026-01-04T13:19:12.785+0000] {logging_mixin.py:190} INFO - [2026-01-04T13:19:12.785+0000] {dag.py:3239} INFO - Sync 1 DAGs
[2026-01-04T13:19:12.801+0000] {logging_mixin.py:190} INFO - [2026-01-04T13:19:12.801+0000] {dag.py:4180} INFO - Setting next_dagrun for example_bash_operator to 2026-01-03 00:00:00+00:00, run_after=2026-01-04 00:00:00+00:00
[2026-01-04T13:19:12.816+0000] {processor.py:208} INFO - Processing /workspaces/f1_data_team/venv/lib/python3.12/site-packages/airflow/example_dags/example_bash_operator.py took 0.065 seconds
[2026-01-04T13:20:34.438+0000] {processor.py:186} INFO - Started process (PID=61454) to work on /workspaces/f1_data_team/venv/lib/python3.12/site-packages/airflow/example_dags/example_bash_operator.py
[2026-01-04T13:20:34.439+0000] {processor.py:914} INFO - Processing file /workspaces/f1_data_team/venv/lib/python3.12/site-packages/airflow/example_dags/example_bash_operator.py for tasks to queue
[2026-01-04T13:20:34.441+0000] {logging_mixin.py:190} INFO - [2026-01-04T13:20:34.440+0000] {dagbag.py:588} INFO - Filling up the DagBag from /workspaces/f1_data_team/venv/lib/python3.12/site-packages/airflow/example_dags/example_bash_operator.py
[2026-01-04T13:20:34.451+0000] {processor.py:925} INFO - DAG(s) 'example_bash_operator' retrieved from /workspaces/f1_data_team/venv/lib/python3.12/site-packages/airflow/example_dags/example_bash_operator.py
[2026-01-04T13:20:34.468+0000] {logging_mixin.py:190} INFO - [2026-01-04T13:20:34.468+0000] {dag.py:3239} INFO - Sync 1 DAGs
[2026-01-04T13:20:34.483+0000] {logging_mixin.py:190} INFO - [2026-01-04T13:20:34.483+0000] {dag.py:4180} INFO - Setting next_dagrun for example_bash_operator to 2026-01-03 00:00:00+00:00, run_after=2026-01-04 00:00:00+00:00
[2026-01-04T13:20:34.498+0000] {processor.py:208} INFO - Processing /workspaces/f1_data_team/venv/lib/python3.12/site-packages/airflow/example_dags/example_bash_operator.py took 0.065 seconds
[2026-01-04T13:21:56.466+0000] {processor.py:186} INFO - Started process (PID=62149) to work on /workspaces/f1_data_team/venv/lib/python3.12/site-packages/airflow/example_dags/example_bash_operator.py
[2026-01-04T13:21:56.467+0000] {processor.py:914} INFO - Processing file /workspaces/f1_data_team/venv/lib/python3.12/site-packages/airflow/example_dags/example_bash_operator.py for tasks to queue
[2026-01-04T13:21:56.469+0000] {logging_mixin.py:190} INFO - [2026-01-04T13:21:56.469+0000] {dagbag.py:588} INFO - Filling up the DagBag from /workspaces/f1_data_team/venv/lib/python3.12/site-packages/airflow/example_dags/example_bash_operator.py
[2026-01-04T13:21:56.480+0000] {processor.py:925} INFO - DAG(s) 'example_bash_operator' retrieved from /workspaces/f1_data_team/venv/lib/python3.12/site-packages/airflow/example_dags/example_bash_operator.py
[2026-01-04T13:21:56.497+0000] {logging_mixin.py:190} INFO - [2026-01-04T13:21:56.497+0000] {dag.py:3239} INFO - Sync 1 DAGs
[2026-01-04T13:21:56.513+0000] {logging_mixin.py:190} INFO - [2026-01-04T13:21:56.513+0000] {dag.py:4180} INFO - Setting next_dagrun for example_bash_operator to 2026-01-03 00:00:00+00:00, run_after=2026-01-04 00:00:00+00:00
[2026-01-04T13:21:56.531+0000] {processor.py:208} INFO - Processing /workspaces/f1_data_team/venv/lib/python3.12/site-packages/airflow/example_dags/example_bash_operator.py took 0.069 seconds
[2026-01-04T13:23:12.702+0000] {processor.py:186} INFO - Started process (PID=62793) to work on /workspaces/f1_data_team/venv/lib/python3.12/site-packages/airflow/example_dags/example_bash_operator.py
[2026-01-04T13:23:12.703+0000] {processor.py:914} INFO - Processing file /workspaces/f1_data_team/venv/lib/python3.12/site-packages/airflow/example_dags/example_bash_operator.py for tasks to queue
[2026-01-04T13:23:12.705+0000] {logging_mixin.py:190} INFO - [2026-01-04T13:23:12.705+0000] {dagbag.py:588} INFO - Filling up the DagBag from /workspaces/f1_data_team/venv/lib/python3.12/site-packages/airflow/example_dags/example_bash_operator.py
[2026-01-04T13:23:12.716+0000] {processor.py:925} INFO - DAG(s) 'example_bash_operator' retrieved from /workspaces/f1_data_team/venv/lib/python3.12/site-packages/airflow/example_dags/example_bash_operator.py
[2026-01-04T13:23:12.734+0000] {logging_mixin.py:190} INFO - [2026-01-04T13:23:12.734+0000] {dag.py:3239} INFO - Sync 1 DAGs
[2026-01-04T13:23:12.750+0000] {logging_mixin.py:190} INFO - [2026-01-04T13:23:12.750+0000] {dag.py:4180} INFO - Setting next_dagrun for example_bash_operator to 2026-01-03 00:00:00+00:00, run_after=2026-01-04 00:00:00+00:00
[2026-01-04T13:23:12.764+0000] {processor.py:208} INFO - Processing /workspaces/f1_data_team/venv/lib/python3.12/site-packages/airflow/example_dags/example_bash_operator.py took 0.067 seconds
[2026-01-04T13:24:31.145+0000] {processor.py:186} INFO - Started process (PID=63390) to work on /workspaces/f1_data_team/venv/lib/python3.12/site-packages/airflow/example_dags/example_bash_operator.py
[2026-01-04T13:24:31.146+0000] {processor.py:914} INFO - Processing file /workspaces/f1_data_team/venv/lib/python3.12/site-packages/airflow/example_dags/example_bash_operator.py for tasks to queue
[2026-01-04T13:24:31.148+0000] {logging_mixin.py:190} INFO - [2026-01-04T13:24:31.148+0000] {dagbag.py:588} INFO - Filling up the DagBag from /workspaces/f1_data_team/venv/lib/python3.12/site-packages/airflow/example_dags/example_bash_operator.py
[2026-01-04T13:24:31.159+0000] {processor.py:925} INFO - DAG(s) 'example_bash_operator' retrieved from /workspaces/f1_data_team/venv/lib/python3.12/site-packages/airflow/example_dags/example_bash_operator.py
[2026-01-04T13:24:31.176+0000] {logging_mixin.py:190} INFO - [2026-01-04T13:24:31.175+0000] {dag.py:3239} INFO - Sync 1 DAGs
[2026-01-04T13:24:31.191+0000] {logging_mixin.py:190} INFO - [2026-01-04T13:24:31.191+0000] {dag.py:4180} INFO - Setting next_dagrun for example_bash_operator to 2026-01-03 00:00:00+00:00, run_after=2026-01-04 00:00:00+00:00
[2026-01-04T13:24:31.206+0000] {processor.py:208} INFO - Processing /workspaces/f1_data_team/venv/lib/python3.12/site-packages/airflow/example_dags/example_bash_operator.py took 0.065 seconds
[2026-01-04T13:25:49.177+0000] {processor.py:186} INFO - Started process (PID=63974) to work on /workspaces/f1_data_team/venv/lib/python3.12/site-packages/airflow/example_dags/example_bash_operator.py
[2026-01-04T13:25:49.178+0000] {processor.py:914} INFO - Processing file /workspaces/f1_data_team/venv/lib/python3.12/site-packages/airflow/example_dags/example_bash_operator.py for tasks to queue
[2026-01-04T13:25:49.180+0000] {logging_mixin.py:190} INFO - [2026-01-04T13:25:49.179+0000] {dagbag.py:588} INFO - Filling up the DagBag from /workspaces/f1_data_team/venv/lib/python3.12/site-packages/airflow/example_dags/example_bash_operator.py
[2026-01-04T13:25:49.190+0000] {processor.py:925} INFO - DAG(s) 'example_bash_operator' retrieved from /workspaces/f1_data_team/venv/lib/python3.12/site-packages/airflow/example_dags/example_bash_operator.py
[2026-01-04T13:25:49.207+0000] {logging_mixin.py:190} INFO - [2026-01-04T13:25:49.207+0000] {dag.py:3239} INFO - Sync 1 DAGs
[2026-01-04T13:25:49.223+0000] {logging_mixin.py:190} INFO - [2026-01-04T13:25:49.223+0000] {dag.py:4180} INFO - Setting next_dagrun for example_bash_operator to 2026-01-03 00:00:00+00:00, run_after=2026-01-04 00:00:00+00:00
[2026-01-04T13:25:49.237+0000] {processor.py:208} INFO - Processing /workspaces/f1_data_team/venv/lib/python3.12/site-packages/airflow/example_dags/example_bash_operator.py took 0.065 seconds
[2026-01-04T13:27:11.315+0000] {processor.py:186} INFO - Started process (PID=64734) to work on /workspaces/f1_data_team/venv/lib/python3.12/site-packages/airflow/example_dags/example_bash_operator.py
[2026-01-04T13:27:11.316+0000] {processor.py:914} INFO - Processing file /workspaces/f1_data_team/venv/lib/python3.12/site-packages/airflow/example_dags/example_bash_operator.py for tasks to queue
[2026-01-04T13:27:11.318+0000] {logging_mixin.py:190} INFO - [2026-01-04T13:27:11.317+0000] {dagbag.py:588} INFO - Filling up the DagBag from /workspaces/f1_data_team/venv/lib/python3.12/site-packages/airflow/example_dags/example_bash_operator.py
[2026-01-04T13:27:11.330+0000] {processor.py:925} INFO - DAG(s) 'example_bash_operator' retrieved from /workspaces/f1_data_team/venv/lib/python3.12/site-packages/airflow/example_dags/example_bash_operator.py
[2026-01-04T13:27:11.348+0000] {logging_mixin.py:190} INFO - [2026-01-04T13:27:11.348+0000] {dag.py:3239} INFO - Sync 1 DAGs
[2026-01-04T13:27:11.364+0000] {logging_mixin.py:190} INFO - [2026-01-04T13:27:11.364+0000] {dag.py:4180} INFO - Setting next_dagrun for example_bash_operator to 2026-01-03 00:00:00+00:00, run_after=2026-01-04 00:00:00+00:00
[2026-01-04T13:27:11.378+0000] {processor.py:208} INFO - Processing /workspaces/f1_data_team/venv/lib/python3.12/site-packages/airflow/example_dags/example_bash_operator.py took 0.067 seconds
[2026-01-04T13:28:28.153+0000] {processor.py:186} INFO - Started process (PID=65310) to work on /workspaces/f1_data_team/venv/lib/python3.12/site-packages/airflow/example_dags/example_bash_operator.py
[2026-01-04T13:28:28.154+0000] {processor.py:914} INFO - Processing file /workspaces/f1_data_team/venv/lib/python3.12/site-packages/airflow/example_dags/example_bash_operator.py for tasks to queue
[2026-01-04T13:28:28.156+0000] {logging_mixin.py:190} INFO - [2026-01-04T13:28:28.156+0000] {dagbag.py:588} INFO - Filling up the DagBag from /workspaces/f1_data_team/venv/lib/python3.12/site-packages/airflow/example_dags/example_bash_operator.py
[2026-01-04T13:28:28.167+0000] {processor.py:925} INFO - DAG(s) 'example_bash_operator' retrieved from /workspaces/f1_data_team/venv/lib/python3.12/site-packages/airflow/example_dags/example_bash_operator.py
[2026-01-04T13:28:28.184+0000] {logging_mixin.py:190} INFO - [2026-01-04T13:28:28.184+0000] {dag.py:3239} INFO - Sync 1 DAGs
[2026-01-04T13:28:28.200+0000] {logging_mixin.py:190} INFO - [2026-01-04T13:28:28.200+0000] {dag.py:4180} INFO - Setting next_dagrun for example_bash_operator to 2026-01-03 00:00:00+00:00, run_after=2026-01-04 00:00:00+00:00
[2026-01-04T13:28:28.216+0000] {processor.py:208} INFO - Processing /workspaces/f1_data_team/venv/lib/python3.12/site-packages/airflow/example_dags/example_bash_operator.py took 0.067 seconds
[2026-01-04T13:29:47.203+0000] {processor.py:186} INFO - Started process (PID=65913) to work on /workspaces/f1_data_team/venv/lib/python3.12/site-packages/airflow/example_dags/example_bash_operator.py
[2026-01-04T13:29:47.204+0000] {processor.py:914} INFO - Processing file /workspaces/f1_data_team/venv/lib/python3.12/site-packages/airflow/example_dags/example_bash_operator.py for tasks to queue
[2026-01-04T13:29:47.206+0000] {logging_mixin.py:190} INFO - [2026-01-04T13:29:47.206+0000] {dagbag.py:588} INFO - Filling up the DagBag from /workspaces/f1_data_team/venv/lib/python3.12/site-packages/airflow/example_dags/example_bash_operator.py
[2026-01-04T13:29:47.217+0000] {processor.py:925} INFO - DAG(s) 'example_bash_operator' retrieved from /workspaces/f1_data_team/venv/lib/python3.12/site-packages/airflow/example_dags/example_bash_operator.py
[2026-01-04T13:29:47.233+0000] {logging_mixin.py:190} INFO - [2026-01-04T13:29:47.233+0000] {dag.py:3239} INFO - Sync 1 DAGs
[2026-01-04T13:29:47.249+0000] {logging_mixin.py:190} INFO - [2026-01-04T13:29:47.248+0000] {dag.py:4180} INFO - Setting next_dagrun for example_bash_operator to 2026-01-03 00:00:00+00:00, run_after=2026-01-04 00:00:00+00:00
[2026-01-04T13:29:47.263+0000] {processor.py:208} INFO - Processing /workspaces/f1_data_team/venv/lib/python3.12/site-packages/airflow/example_dags/example_bash_operator.py took 0.064 seconds
[2026-01-04T13:31:06.131+0000] {processor.py:186} INFO - Started process (PID=66544) to work on /workspaces/f1_data_team/venv/lib/python3.12/site-packages/airflow/example_dags/example_bash_operator.py
[2026-01-04T13:31:06.132+0000] {processor.py:914} INFO - Processing file /workspaces/f1_data_team/venv/lib/python3.12/site-packages/airflow/example_dags/example_bash_operator.py for tasks to queue
[2026-01-04T13:31:06.134+0000] {logging_mixin.py:190} INFO - [2026-01-04T13:31:06.134+0000] {dagbag.py:588} INFO - Filling up the DagBag from /workspaces/f1_data_team/venv/lib/python3.12/site-packages/airflow/example_dags/example_bash_operator.py
[2026-01-04T13:31:06.145+0000] {processor.py:925} INFO - DAG(s) 'example_bash_operator' retrieved from /workspaces/f1_data_team/venv/lib/python3.12/site-packages/airflow/example_dags/example_bash_operator.py
[2026-01-04T13:31:06.162+0000] {logging_mixin.py:190} INFO - [2026-01-04T13:31:06.162+0000] {dag.py:3239} INFO - Sync 1 DAGs
[2026-01-04T13:31:06.178+0000] {logging_mixin.py:190} INFO - [2026-01-04T13:31:06.178+0000] {dag.py:4180} INFO - Setting next_dagrun for example_bash_operator to 2026-01-03 00:00:00+00:00, run_after=2026-01-04 00:00:00+00:00
[2026-01-04T13:31:06.192+0000] {processor.py:208} INFO - Processing /workspaces/f1_data_team/venv/lib/python3.12/site-packages/airflow/example_dags/example_bash_operator.py took 0.065 seconds
[2026-01-04T13:32:17.373+0000] {processor.py:186} INFO - Started process (PID=67191) to work on /workspaces/f1_data_team/venv/lib/python3.12/site-packages/airflow/example_dags/example_bash_operator.py
[2026-01-04T13:32:17.373+0000] {processor.py:914} INFO - Processing file /workspaces/f1_data_team/venv/lib/python3.12/site-packages/airflow/example_dags/example_bash_operator.py for tasks to queue
[2026-01-04T13:32:17.375+0000] {logging_mixin.py:190} INFO - [2026-01-04T13:32:17.375+0000] {dagbag.py:588} INFO - Filling up the DagBag from /workspaces/f1_data_team/venv/lib/python3.12/site-packages/airflow/example_dags/example_bash_operator.py
[2026-01-04T13:32:17.386+0000] {processor.py:925} INFO - DAG(s) 'example_bash_operator' retrieved from /workspaces/f1_data_team/venv/lib/python3.12/site-packages/airflow/example_dags/example_bash_operator.py
[2026-01-04T13:32:17.405+0000] {logging_mixin.py:190} INFO - [2026-01-04T13:32:17.404+0000] {dag.py:3239} INFO - Sync 1 DAGs
[2026-01-04T13:32:17.427+0000] {logging_mixin.py:190} INFO - [2026-01-04T13:32:17.427+0000] {dag.py:4180} INFO - Setting next_dagrun for example_bash_operator to 2026-01-03 00:00:00+00:00, run_after=2026-01-04 00:00:00+00:00
[2026-01-04T13:32:17.445+0000] {processor.py:208} INFO - Processing /workspaces/f1_data_team/venv/lib/python3.12/site-packages/airflow/example_dags/example_bash_operator.py took 0.077 seconds
[2026-01-04T13:33:34.080+0000] {processor.py:186} INFO - Started process (PID=67766) to work on /workspaces/f1_data_team/venv/lib/python3.12/site-packages/airflow/example_dags/example_bash_operator.py
[2026-01-04T13:33:34.081+0000] {processor.py:914} INFO - Processing file /workspaces/f1_data_team/venv/lib/python3.12/site-packages/airflow/example_dags/example_bash_operator.py for tasks to queue
[2026-01-04T13:33:34.083+0000] {logging_mixin.py:190} INFO - [2026-01-04T13:33:34.083+0000] {dagbag.py:588} INFO - Filling up the DagBag from /workspaces/f1_data_team/venv/lib/python3.12/site-packages/airflow/example_dags/example_bash_operator.py
[2026-01-04T13:33:34.094+0000] {processor.py:925} INFO - DAG(s) 'example_bash_operator' retrieved from /workspaces/f1_data_team/venv/lib/python3.12/site-packages/airflow/example_dags/example_bash_operator.py
[2026-01-04T13:33:34.110+0000] {logging_mixin.py:190} INFO - [2026-01-04T13:33:34.110+0000] {dag.py:3239} INFO - Sync 1 DAGs
[2026-01-04T13:33:34.126+0000] {logging_mixin.py:190} INFO - [2026-01-04T13:33:34.126+0000] {dag.py:4180} INFO - Setting next_dagrun for example_bash_operator to 2026-01-03 00:00:00+00:00, run_after=2026-01-04 00:00:00+00:00
[2026-01-04T13:33:34.140+0000] {processor.py:208} INFO - Processing /workspaces/f1_data_team/venv/lib/python3.12/site-packages/airflow/example_dags/example_bash_operator.py took 0.064 seconds
[2026-01-04T13:34:53.166+0000] {processor.py:186} INFO - Started process (PID=68371) to work on /workspaces/f1_data_team/venv/lib/python3.12/site-packages/airflow/example_dags/example_bash_operator.py
[2026-01-04T13:34:53.166+0000] {processor.py:914} INFO - Processing file /workspaces/f1_data_team/venv/lib/python3.12/site-packages/airflow/example_dags/example_bash_operator.py for tasks to queue
[2026-01-04T13:34:53.168+0000] {logging_mixin.py:190} INFO - [2026-01-04T13:34:53.168+0000] {dagbag.py:588} INFO - Filling up the DagBag from /workspaces/f1_data_team/venv/lib/python3.12/site-packages/airflow/example_dags/example_bash_operator.py
[2026-01-04T13:34:53.180+0000] {processor.py:925} INFO - DAG(s) 'example_bash_operator' retrieved from /workspaces/f1_data_team/venv/lib/python3.12/site-packages/airflow/example_dags/example_bash_operator.py
[2026-01-04T13:34:53.197+0000] {logging_mixin.py:190} INFO - [2026-01-04T13:34:53.196+0000] {dag.py:3239} INFO - Sync 1 DAGs
[2026-01-04T13:34:53.212+0000] {logging_mixin.py:190} INFO - [2026-01-04T13:34:53.212+0000] {dag.py:4180} INFO - Setting next_dagrun for example_bash_operator to 2026-01-03 00:00:00+00:00, run_after=2026-01-04 00:00:00+00:00
[2026-01-04T13:34:53.227+0000] {processor.py:208} INFO - Processing /workspaces/f1_data_team/venv/lib/python3.12/site-packages/airflow/example_dags/example_bash_operator.py took 0.066 seconds
[2026-01-04T13:36:11.028+0000] {processor.py:186} INFO - Started process (PID=69062) to work on /workspaces/f1_data_team/venv/lib/python3.12/site-packages/airflow/example_dags/example_bash_operator.py
[2026-01-04T13:36:11.028+0000] {processor.py:914} INFO - Processing file /workspaces/f1_data_team/venv/lib/python3.12/site-packages/airflow/example_dags/example_bash_operator.py for tasks to queue
[2026-01-04T13:36:11.030+0000] {logging_mixin.py:190} INFO - [2026-01-04T13:36:11.030+0000] {dagbag.py:588} INFO - Filling up the DagBag from /workspaces/f1_data_team/venv/lib/python3.12/site-packages/airflow/example_dags/example_bash_operator.py
[2026-01-04T13:36:11.041+0000] {processor.py:925} INFO - DAG(s) 'example_bash_operator' retrieved from /workspaces/f1_data_team/venv/lib/python3.12/site-packages/airflow/example_dags/example_bash_operator.py
[2026-01-04T13:36:11.057+0000] {logging_mixin.py:190} INFO - [2026-01-04T13:36:11.057+0000] {dag.py:3239} INFO - Sync 1 DAGs
[2026-01-04T13:36:11.073+0000] {logging_mixin.py:190} INFO - [2026-01-04T13:36:11.073+0000] {dag.py:4180} INFO - Setting next_dagrun for example_bash_operator to 2026-01-03 00:00:00+00:00, run_after=2026-01-04 00:00:00+00:00
[2026-01-04T13:36:11.088+0000] {processor.py:208} INFO - Processing /workspaces/f1_data_team/venv/lib/python3.12/site-packages/airflow/example_dags/example_bash_operator.py took 0.065 seconds
[2026-01-04T13:37:28.235+0000] {processor.py:186} INFO - Started process (PID=69674) to work on /workspaces/f1_data_team/venv/lib/python3.12/site-packages/airflow/example_dags/example_bash_operator.py
[2026-01-04T13:37:28.236+0000] {processor.py:914} INFO - Processing file /workspaces/f1_data_team/venv/lib/python3.12/site-packages/airflow/example_dags/example_bash_operator.py for tasks to queue
[2026-01-04T13:37:28.238+0000] {logging_mixin.py:190} INFO - [2026-01-04T13:37:28.237+0000] {dagbag.py:588} INFO - Filling up the DagBag from /workspaces/f1_data_team/venv/lib/python3.12/site-packages/airflow/example_dags/example_bash_operator.py
[2026-01-04T13:37:28.248+0000] {processor.py:925} INFO - DAG(s) 'example_bash_operator' retrieved from /workspaces/f1_data_team/venv/lib/python3.12/site-packages/airflow/example_dags/example_bash_operator.py
[2026-01-04T13:37:28.265+0000] {logging_mixin.py:190} INFO - [2026-01-04T13:37:28.265+0000] {dag.py:3239} INFO - Sync 1 DAGs
[2026-01-04T13:37:28.281+0000] {logging_mixin.py:190} INFO - [2026-01-04T13:37:28.281+0000] {dag.py:4180} INFO - Setting next_dagrun for example_bash_operator to 2026-01-03 00:00:00+00:00, run_after=2026-01-04 00:00:00+00:00
[2026-01-04T13:37:28.295+0000] {processor.py:208} INFO - Processing /workspaces/f1_data_team/venv/lib/python3.12/site-packages/airflow/example_dags/example_bash_operator.py took 0.064 seconds
