[2026-01-04T12:26:52.162+0000] {processor.py:186} INFO - Started process (PID=24587) to work on /workspaces/f1_data_team/venv/lib/python3.12/site-packages/airflow/example_dags/example_trigger_target_dag.py
[2026-01-04T12:26:52.163+0000] {processor.py:914} INFO - Processing file /workspaces/f1_data_team/venv/lib/python3.12/site-packages/airflow/example_dags/example_trigger_target_dag.py for tasks to queue
[2026-01-04T12:26:52.164+0000] {logging_mixin.py:190} INFO - [2026-01-04T12:26:52.164+0000] {dagbag.py:588} INFO - Filling up the DagBag from /workspaces/f1_data_team/venv/lib/python3.12/site-packages/airflow/example_dags/example_trigger_target_dag.py
[2026-01-04T12:26:52.173+0000] {processor.py:925} INFO - DAG(s) 'example_trigger_target_dag' retrieved from /workspaces/f1_data_team/venv/lib/python3.12/site-packages/airflow/example_dags/example_trigger_target_dag.py
[2026-01-04T12:26:52.254+0000] {logging_mixin.py:190} INFO - [2026-01-04T12:26:52.253+0000] {override.py:1911} INFO - Created Permission View: can read on DAG:example_trigger_target_dag
[2026-01-04T12:26:52.262+0000] {logging_mixin.py:190} INFO - [2026-01-04T12:26:52.261+0000] {override.py:1911} INFO - Created Permission View: can edit on DAG:example_trigger_target_dag
[2026-01-04T12:26:52.267+0000] {logging_mixin.py:190} INFO - [2026-01-04T12:26:52.267+0000] {override.py:1911} INFO - Created Permission View: can delete on DAG:example_trigger_target_dag
[2026-01-04T12:26:52.275+0000] {logging_mixin.py:190} INFO - [2026-01-04T12:26:52.274+0000] {override.py:1911} INFO - Created Permission View: can read on DAG Run:example_trigger_target_dag
[2026-01-04T12:26:52.280+0000] {logging_mixin.py:190} INFO - [2026-01-04T12:26:52.280+0000] {override.py:1911} INFO - Created Permission View: menu access on DAG Run:example_trigger_target_dag
[2026-01-04T12:26:52.285+0000] {logging_mixin.py:190} INFO - [2026-01-04T12:26:52.285+0000] {override.py:1911} INFO - Created Permission View: can create on DAG Run:example_trigger_target_dag
[2026-01-04T12:26:52.290+0000] {logging_mixin.py:190} INFO - [2026-01-04T12:26:52.290+0000] {override.py:1911} INFO - Created Permission View: can delete on DAG Run:example_trigger_target_dag
[2026-01-04T12:26:52.291+0000] {logging_mixin.py:190} INFO - [2026-01-04T12:26:52.291+0000] {dag.py:3239} INFO - Sync 1 DAGs
[2026-01-04T12:26:52.299+0000] {logging_mixin.py:190} INFO - [2026-01-04T12:26:52.299+0000] {dag.py:3262} INFO - Creating ORM DAG for example_trigger_target_dag
[2026-01-04T12:26:52.300+0000] {logging_mixin.py:190} INFO - [2026-01-04T12:26:52.300+0000] {dag.py:4180} INFO - Setting next_dagrun for example_trigger_target_dag to None, run_after=None
[2026-01-04T12:26:52.312+0000] {processor.py:208} INFO - Processing /workspaces/f1_data_team/venv/lib/python3.12/site-packages/airflow/example_dags/example_trigger_target_dag.py took 0.156 seconds
[2026-01-04T12:27:53.815+0000] {processor.py:186} INFO - Started process (PID=25127) to work on /workspaces/f1_data_team/venv/lib/python3.12/site-packages/airflow/example_dags/example_trigger_target_dag.py
[2026-01-04T12:27:53.816+0000] {processor.py:914} INFO - Processing file /workspaces/f1_data_team/venv/lib/python3.12/site-packages/airflow/example_dags/example_trigger_target_dag.py for tasks to queue
[2026-01-04T12:27:53.818+0000] {logging_mixin.py:190} INFO - [2026-01-04T12:27:53.818+0000] {dagbag.py:588} INFO - Filling up the DagBag from /workspaces/f1_data_team/venv/lib/python3.12/site-packages/airflow/example_dags/example_trigger_target_dag.py
[2026-01-04T12:27:53.825+0000] {processor.py:925} INFO - DAG(s) 'example_trigger_target_dag' retrieved from /workspaces/f1_data_team/venv/lib/python3.12/site-packages/airflow/example_dags/example_trigger_target_dag.py
[2026-01-04T12:27:53.837+0000] {logging_mixin.py:190} INFO - [2026-01-04T12:27:53.837+0000] {dag.py:3239} INFO - Sync 1 DAGs
[2026-01-04T12:27:53.848+0000] {logging_mixin.py:190} INFO - [2026-01-04T12:27:53.848+0000] {dag.py:4180} INFO - Setting next_dagrun for example_trigger_target_dag to None, run_after=None
[2026-01-04T12:27:53.863+0000] {processor.py:208} INFO - Processing /workspaces/f1_data_team/venv/lib/python3.12/site-packages/airflow/example_dags/example_trigger_target_dag.py took 0.052 seconds
[2026-01-04T12:28:50.766+0000] {processor.py:186} INFO - Started process (PID=25661) to work on /workspaces/f1_data_team/venv/lib/python3.12/site-packages/airflow/example_dags/example_trigger_target_dag.py
[2026-01-04T12:28:50.768+0000] {processor.py:914} INFO - Processing file /workspaces/f1_data_team/venv/lib/python3.12/site-packages/airflow/example_dags/example_trigger_target_dag.py for tasks to queue
[2026-01-04T12:28:50.770+0000] {logging_mixin.py:190} INFO - [2026-01-04T12:28:50.769+0000] {dagbag.py:588} INFO - Filling up the DagBag from /workspaces/f1_data_team/venv/lib/python3.12/site-packages/airflow/example_dags/example_trigger_target_dag.py
[2026-01-04T12:28:50.776+0000] {processor.py:925} INFO - DAG(s) 'example_trigger_target_dag' retrieved from /workspaces/f1_data_team/venv/lib/python3.12/site-packages/airflow/example_dags/example_trigger_target_dag.py
[2026-01-04T12:28:50.787+0000] {logging_mixin.py:190} INFO - [2026-01-04T12:28:50.787+0000] {dag.py:3239} INFO - Sync 1 DAGs
[2026-01-04T12:28:50.797+0000] {logging_mixin.py:190} INFO - [2026-01-04T12:28:50.797+0000] {dag.py:4180} INFO - Setting next_dagrun for example_trigger_target_dag to None, run_after=None
[2026-01-04T12:28:50.811+0000] {processor.py:208} INFO - Processing /workspaces/f1_data_team/venv/lib/python3.12/site-packages/airflow/example_dags/example_trigger_target_dag.py took 0.050 seconds
[2026-01-04T12:30:31.345+0000] {processor.py:186} INFO - Started process (PID=27546) to work on /workspaces/f1_data_team/venv/lib/python3.12/site-packages/airflow/example_dags/example_trigger_target_dag.py
[2026-01-04T12:30:31.346+0000] {processor.py:914} INFO - Processing file /workspaces/f1_data_team/venv/lib/python3.12/site-packages/airflow/example_dags/example_trigger_target_dag.py for tasks to queue
[2026-01-04T12:30:31.348+0000] {logging_mixin.py:190} INFO - [2026-01-04T12:30:31.347+0000] {dagbag.py:588} INFO - Filling up the DagBag from /workspaces/f1_data_team/venv/lib/python3.12/site-packages/airflow/example_dags/example_trigger_target_dag.py
[2026-01-04T12:30:31.354+0000] {processor.py:925} INFO - DAG(s) 'example_trigger_target_dag' retrieved from /workspaces/f1_data_team/venv/lib/python3.12/site-packages/airflow/example_dags/example_trigger_target_dag.py
[2026-01-04T12:30:31.367+0000] {logging_mixin.py:190} INFO - [2026-01-04T12:30:31.367+0000] {dag.py:3239} INFO - Sync 1 DAGs
[2026-01-04T12:30:31.379+0000] {logging_mixin.py:190} INFO - [2026-01-04T12:30:31.379+0000] {dag.py:4180} INFO - Setting next_dagrun for example_trigger_target_dag to None, run_after=None
[2026-01-04T12:30:31.395+0000] {processor.py:208} INFO - Processing /workspaces/f1_data_team/venv/lib/python3.12/site-packages/airflow/example_dags/example_trigger_target_dag.py took 0.055 seconds
[2026-01-04T12:31:31.672+0000] {processor.py:186} INFO - Started process (PID=28601) to work on /workspaces/f1_data_team/venv/lib/python3.12/site-packages/airflow/example_dags/example_trigger_target_dag.py
[2026-01-04T12:31:31.672+0000] {processor.py:914} INFO - Processing file /workspaces/f1_data_team/venv/lib/python3.12/site-packages/airflow/example_dags/example_trigger_target_dag.py for tasks to queue
[2026-01-04T12:31:31.674+0000] {logging_mixin.py:190} INFO - [2026-01-04T12:31:31.674+0000] {dagbag.py:588} INFO - Filling up the DagBag from /workspaces/f1_data_team/venv/lib/python3.12/site-packages/airflow/example_dags/example_trigger_target_dag.py
[2026-01-04T12:31:31.680+0000] {processor.py:925} INFO - DAG(s) 'example_trigger_target_dag' retrieved from /workspaces/f1_data_team/venv/lib/python3.12/site-packages/airflow/example_dags/example_trigger_target_dag.py
[2026-01-04T12:31:31.691+0000] {logging_mixin.py:190} INFO - [2026-01-04T12:31:31.691+0000] {dag.py:3239} INFO - Sync 1 DAGs
[2026-01-04T12:31:31.701+0000] {logging_mixin.py:190} INFO - [2026-01-04T12:31:31.701+0000] {dag.py:4180} INFO - Setting next_dagrun for example_trigger_target_dag to None, run_after=None
[2026-01-04T12:31:31.715+0000] {processor.py:208} INFO - Processing /workspaces/f1_data_team/venv/lib/python3.12/site-packages/airflow/example_dags/example_trigger_target_dag.py took 0.049 seconds
[2026-01-04T12:32:39.220+0000] {processor.py:186} INFO - Started process (PID=29690) to work on /workspaces/f1_data_team/venv/lib/python3.12/site-packages/airflow/example_dags/example_trigger_target_dag.py
[2026-01-04T12:32:39.220+0000] {processor.py:914} INFO - Processing file /workspaces/f1_data_team/venv/lib/python3.12/site-packages/airflow/example_dags/example_trigger_target_dag.py for tasks to queue
[2026-01-04T12:32:39.222+0000] {logging_mixin.py:190} INFO - [2026-01-04T12:32:39.222+0000] {dagbag.py:588} INFO - Filling up the DagBag from /workspaces/f1_data_team/venv/lib/python3.12/site-packages/airflow/example_dags/example_trigger_target_dag.py
[2026-01-04T12:32:39.231+0000] {processor.py:925} INFO - DAG(s) 'example_trigger_target_dag' retrieved from /workspaces/f1_data_team/venv/lib/python3.12/site-packages/airflow/example_dags/example_trigger_target_dag.py
[2026-01-04T12:32:39.246+0000] {logging_mixin.py:190} INFO - [2026-01-04T12:32:39.246+0000] {dag.py:3239} INFO - Sync 1 DAGs
[2026-01-04T12:32:39.255+0000] {logging_mixin.py:190} INFO - [2026-01-04T12:32:39.255+0000] {dag.py:4180} INFO - Setting next_dagrun for example_trigger_target_dag to None, run_after=None
[2026-01-04T12:32:39.270+0000] {processor.py:208} INFO - Processing /workspaces/f1_data_team/venv/lib/python3.12/site-packages/airflow/example_dags/example_trigger_target_dag.py took 0.055 seconds
[2026-01-04T12:33:39.229+0000] {processor.py:186} INFO - Started process (PID=30632) to work on /workspaces/f1_data_team/venv/lib/python3.12/site-packages/airflow/example_dags/example_trigger_target_dag.py
[2026-01-04T12:33:39.230+0000] {processor.py:914} INFO - Processing file /workspaces/f1_data_team/venv/lib/python3.12/site-packages/airflow/example_dags/example_trigger_target_dag.py for tasks to queue
[2026-01-04T12:33:39.232+0000] {logging_mixin.py:190} INFO - [2026-01-04T12:33:39.231+0000] {dagbag.py:588} INFO - Filling up the DagBag from /workspaces/f1_data_team/venv/lib/python3.12/site-packages/airflow/example_dags/example_trigger_target_dag.py
[2026-01-04T12:33:39.239+0000] {processor.py:925} INFO - DAG(s) 'example_trigger_target_dag' retrieved from /workspaces/f1_data_team/venv/lib/python3.12/site-packages/airflow/example_dags/example_trigger_target_dag.py
[2026-01-04T12:33:39.250+0000] {logging_mixin.py:190} INFO - [2026-01-04T12:33:39.250+0000] {dag.py:3239} INFO - Sync 1 DAGs
[2026-01-04T12:33:39.263+0000] {logging_mixin.py:190} INFO - [2026-01-04T12:33:39.263+0000] {dag.py:4180} INFO - Setting next_dagrun for example_trigger_target_dag to None, run_after=None
[2026-01-04T12:33:39.278+0000] {processor.py:208} INFO - Processing /workspaces/f1_data_team/venv/lib/python3.12/site-packages/airflow/example_dags/example_trigger_target_dag.py took 0.053 seconds
[2026-01-04T12:34:36.057+0000] {processor.py:186} INFO - Started process (PID=31146) to work on /workspaces/f1_data_team/venv/lib/python3.12/site-packages/airflow/example_dags/example_trigger_target_dag.py
[2026-01-04T12:34:36.058+0000] {processor.py:914} INFO - Processing file /workspaces/f1_data_team/venv/lib/python3.12/site-packages/airflow/example_dags/example_trigger_target_dag.py for tasks to queue
[2026-01-04T12:34:36.059+0000] {logging_mixin.py:190} INFO - [2026-01-04T12:34:36.059+0000] {dagbag.py:588} INFO - Filling up the DagBag from /workspaces/f1_data_team/venv/lib/python3.12/site-packages/airflow/example_dags/example_trigger_target_dag.py
[2026-01-04T12:34:36.066+0000] {processor.py:925} INFO - DAG(s) 'example_trigger_target_dag' retrieved from /workspaces/f1_data_team/venv/lib/python3.12/site-packages/airflow/example_dags/example_trigger_target_dag.py
[2026-01-04T12:34:36.077+0000] {logging_mixin.py:190} INFO - [2026-01-04T12:34:36.077+0000] {dag.py:3239} INFO - Sync 1 DAGs
[2026-01-04T12:34:36.087+0000] {logging_mixin.py:190} INFO - [2026-01-04T12:34:36.087+0000] {dag.py:4180} INFO - Setting next_dagrun for example_trigger_target_dag to None, run_after=None
[2026-01-04T12:34:36.101+0000] {processor.py:208} INFO - Processing /workspaces/f1_data_team/venv/lib/python3.12/site-packages/airflow/example_dags/example_trigger_target_dag.py took 0.049 seconds
[2026-01-04T12:35:25.975+0000] {processor.py:186} INFO - Started process (PID=31644) to work on /workspaces/f1_data_team/venv/lib/python3.12/site-packages/airflow/example_dags/example_trigger_target_dag.py
[2026-01-04T12:35:25.976+0000] {processor.py:914} INFO - Processing file /workspaces/f1_data_team/venv/lib/python3.12/site-packages/airflow/example_dags/example_trigger_target_dag.py for tasks to queue
[2026-01-04T12:35:25.978+0000] {logging_mixin.py:190} INFO - [2026-01-04T12:35:25.978+0000] {dagbag.py:588} INFO - Filling up the DagBag from /workspaces/f1_data_team/venv/lib/python3.12/site-packages/airflow/example_dags/example_trigger_target_dag.py
[2026-01-04T12:35:25.985+0000] {processor.py:925} INFO - DAG(s) 'example_trigger_target_dag' retrieved from /workspaces/f1_data_team/venv/lib/python3.12/site-packages/airflow/example_dags/example_trigger_target_dag.py
[2026-01-04T12:35:25.996+0000] {logging_mixin.py:190} INFO - [2026-01-04T12:35:25.996+0000] {dag.py:3239} INFO - Sync 1 DAGs
[2026-01-04T12:35:26.006+0000] {logging_mixin.py:190} INFO - [2026-01-04T12:35:26.005+0000] {dag.py:4180} INFO - Setting next_dagrun for example_trigger_target_dag to None, run_after=None
[2026-01-04T12:35:26.021+0000] {processor.py:208} INFO - Processing /workspaces/f1_data_team/venv/lib/python3.12/site-packages/airflow/example_dags/example_trigger_target_dag.py took 0.053 seconds
[2026-01-04T12:36:17.194+0000] {processor.py:186} INFO - Started process (PID=32234) to work on /workspaces/f1_data_team/venv/lib/python3.12/site-packages/airflow/example_dags/example_trigger_target_dag.py
[2026-01-04T12:36:17.195+0000] {processor.py:914} INFO - Processing file /workspaces/f1_data_team/venv/lib/python3.12/site-packages/airflow/example_dags/example_trigger_target_dag.py for tasks to queue
[2026-01-04T12:36:17.198+0000] {logging_mixin.py:190} INFO - [2026-01-04T12:36:17.197+0000] {dagbag.py:588} INFO - Filling up the DagBag from /workspaces/f1_data_team/venv/lib/python3.12/site-packages/airflow/example_dags/example_trigger_target_dag.py
[2026-01-04T12:36:17.207+0000] {processor.py:925} INFO - DAG(s) 'example_trigger_target_dag' retrieved from /workspaces/f1_data_team/venv/lib/python3.12/site-packages/airflow/example_dags/example_trigger_target_dag.py
[2026-01-04T12:36:17.224+0000] {logging_mixin.py:190} INFO - [2026-01-04T12:36:17.224+0000] {dag.py:3239} INFO - Sync 1 DAGs
[2026-01-04T12:36:17.237+0000] {logging_mixin.py:190} INFO - [2026-01-04T12:36:17.237+0000] {dag.py:4180} INFO - Setting next_dagrun for example_trigger_target_dag to None, run_after=None
[2026-01-04T12:36:17.252+0000] {processor.py:208} INFO - Processing /workspaces/f1_data_team/venv/lib/python3.12/site-packages/airflow/example_dags/example_trigger_target_dag.py took 0.066 seconds
[2026-01-04T12:37:10.803+0000] {processor.py:186} INFO - Started process (PID=32733) to work on /workspaces/f1_data_team/venv/lib/python3.12/site-packages/airflow/example_dags/example_trigger_target_dag.py
[2026-01-04T12:37:10.804+0000] {processor.py:914} INFO - Processing file /workspaces/f1_data_team/venv/lib/python3.12/site-packages/airflow/example_dags/example_trigger_target_dag.py for tasks to queue
[2026-01-04T12:37:10.806+0000] {logging_mixin.py:190} INFO - [2026-01-04T12:37:10.805+0000] {dagbag.py:588} INFO - Filling up the DagBag from /workspaces/f1_data_team/venv/lib/python3.12/site-packages/airflow/example_dags/example_trigger_target_dag.py
[2026-01-04T12:37:10.812+0000] {processor.py:925} INFO - DAG(s) 'example_trigger_target_dag' retrieved from /workspaces/f1_data_team/venv/lib/python3.12/site-packages/airflow/example_dags/example_trigger_target_dag.py
[2026-01-04T12:37:10.824+0000] {logging_mixin.py:190} INFO - [2026-01-04T12:37:10.824+0000] {dag.py:3239} INFO - Sync 1 DAGs
[2026-01-04T12:37:10.833+0000] {logging_mixin.py:190} INFO - [2026-01-04T12:37:10.833+0000] {dag.py:4180} INFO - Setting next_dagrun for example_trigger_target_dag to None, run_after=None
[2026-01-04T12:37:10.848+0000] {processor.py:208} INFO - Processing /workspaces/f1_data_team/venv/lib/python3.12/site-packages/airflow/example_dags/example_trigger_target_dag.py took 0.050 seconds
[2026-01-04T12:38:04.000+0000] {processor.py:186} INFO - Started process (PID=33634) to work on /workspaces/f1_data_team/venv/lib/python3.12/site-packages/airflow/example_dags/example_trigger_target_dag.py
[2026-01-04T12:38:04.001+0000] {processor.py:914} INFO - Processing file /workspaces/f1_data_team/venv/lib/python3.12/site-packages/airflow/example_dags/example_trigger_target_dag.py for tasks to queue
[2026-01-04T12:38:04.004+0000] {logging_mixin.py:190} INFO - [2026-01-04T12:38:04.003+0000] {dagbag.py:588} INFO - Filling up the DagBag from /workspaces/f1_data_team/venv/lib/python3.12/site-packages/airflow/example_dags/example_trigger_target_dag.py
[2026-01-04T12:38:04.011+0000] {processor.py:925} INFO - DAG(s) 'example_trigger_target_dag' retrieved from /workspaces/f1_data_team/venv/lib/python3.12/site-packages/airflow/example_dags/example_trigger_target_dag.py
[2026-01-04T12:38:04.022+0000] {logging_mixin.py:190} INFO - [2026-01-04T12:38:04.022+0000] {dag.py:3239} INFO - Sync 1 DAGs
[2026-01-04T12:38:04.032+0000] {logging_mixin.py:190} INFO - [2026-01-04T12:38:04.031+0000] {dag.py:4180} INFO - Setting next_dagrun for example_trigger_target_dag to None, run_after=None
[2026-01-04T12:38:04.046+0000] {processor.py:208} INFO - Processing /workspaces/f1_data_team/venv/lib/python3.12/site-packages/airflow/example_dags/example_trigger_target_dag.py took 0.051 seconds
[2026-01-04T12:38:55.811+0000] {processor.py:186} INFO - Started process (PID=34106) to work on /workspaces/f1_data_team/venv/lib/python3.12/site-packages/airflow/example_dags/example_trigger_target_dag.py
[2026-01-04T12:38:55.812+0000] {processor.py:914} INFO - Processing file /workspaces/f1_data_team/venv/lib/python3.12/site-packages/airflow/example_dags/example_trigger_target_dag.py for tasks to queue
[2026-01-04T12:38:55.814+0000] {logging_mixin.py:190} INFO - [2026-01-04T12:38:55.814+0000] {dagbag.py:588} INFO - Filling up the DagBag from /workspaces/f1_data_team/venv/lib/python3.12/site-packages/airflow/example_dags/example_trigger_target_dag.py
[2026-01-04T12:38:55.821+0000] {processor.py:925} INFO - DAG(s) 'example_trigger_target_dag' retrieved from /workspaces/f1_data_team/venv/lib/python3.12/site-packages/airflow/example_dags/example_trigger_target_dag.py
[2026-01-04T12:38:55.832+0000] {logging_mixin.py:190} INFO - [2026-01-04T12:38:55.832+0000] {dag.py:3239} INFO - Sync 1 DAGs
[2026-01-04T12:38:55.841+0000] {logging_mixin.py:190} INFO - [2026-01-04T12:38:55.841+0000] {dag.py:4180} INFO - Setting next_dagrun for example_trigger_target_dag to None, run_after=None
[2026-01-04T12:38:55.855+0000] {processor.py:208} INFO - Processing /workspaces/f1_data_team/venv/lib/python3.12/site-packages/airflow/example_dags/example_trigger_target_dag.py took 0.049 seconds
[2026-01-04T12:39:50.426+0000] {processor.py:186} INFO - Started process (PID=34628) to work on /workspaces/f1_data_team/venv/lib/python3.12/site-packages/airflow/example_dags/example_trigger_target_dag.py
[2026-01-04T12:39:50.426+0000] {processor.py:914} INFO - Processing file /workspaces/f1_data_team/venv/lib/python3.12/site-packages/airflow/example_dags/example_trigger_target_dag.py for tasks to queue
[2026-01-04T12:39:50.429+0000] {logging_mixin.py:190} INFO - [2026-01-04T12:39:50.428+0000] {dagbag.py:588} INFO - Filling up the DagBag from /workspaces/f1_data_team/venv/lib/python3.12/site-packages/airflow/example_dags/example_trigger_target_dag.py
[2026-01-04T12:39:50.435+0000] {processor.py:925} INFO - DAG(s) 'example_trigger_target_dag' retrieved from /workspaces/f1_data_team/venv/lib/python3.12/site-packages/airflow/example_dags/example_trigger_target_dag.py
[2026-01-04T12:39:50.448+0000] {logging_mixin.py:190} INFO - [2026-01-04T12:39:50.447+0000] {dag.py:3239} INFO - Sync 1 DAGs
[2026-01-04T12:39:50.462+0000] {logging_mixin.py:190} INFO - [2026-01-04T12:39:50.462+0000] {dag.py:4180} INFO - Setting next_dagrun for example_trigger_target_dag to None, run_after=None
[2026-01-04T12:39:50.497+0000] {processor.py:208} INFO - Processing /workspaces/f1_data_team/venv/lib/python3.12/site-packages/airflow/example_dags/example_trigger_target_dag.py took 0.076 seconds
[2026-01-04T12:40:43.992+0000] {processor.py:186} INFO - Started process (PID=35164) to work on /workspaces/f1_data_team/venv/lib/python3.12/site-packages/airflow/example_dags/example_trigger_target_dag.py
[2026-01-04T12:40:43.992+0000] {processor.py:914} INFO - Processing file /workspaces/f1_data_team/venv/lib/python3.12/site-packages/airflow/example_dags/example_trigger_target_dag.py for tasks to queue
[2026-01-04T12:40:43.995+0000] {logging_mixin.py:190} INFO - [2026-01-04T12:40:43.994+0000] {dagbag.py:588} INFO - Filling up the DagBag from /workspaces/f1_data_team/venv/lib/python3.12/site-packages/airflow/example_dags/example_trigger_target_dag.py
[2026-01-04T12:40:44.001+0000] {processor.py:925} INFO - DAG(s) 'example_trigger_target_dag' retrieved from /workspaces/f1_data_team/venv/lib/python3.12/site-packages/airflow/example_dags/example_trigger_target_dag.py
[2026-01-04T12:40:44.019+0000] {logging_mixin.py:190} INFO - [2026-01-04T12:40:44.019+0000] {dag.py:3239} INFO - Sync 1 DAGs
[2026-01-04T12:40:44.028+0000] {logging_mixin.py:190} INFO - [2026-01-04T12:40:44.028+0000] {dag.py:4180} INFO - Setting next_dagrun for example_trigger_target_dag to None, run_after=None
[2026-01-04T12:40:44.043+0000] {processor.py:208} INFO - Processing /workspaces/f1_data_team/venv/lib/python3.12/site-packages/airflow/example_dags/example_trigger_target_dag.py took 0.056 seconds
[2026-01-04T12:41:36.667+0000] {processor.py:186} INFO - Started process (PID=35959) to work on /workspaces/f1_data_team/venv/lib/python3.12/site-packages/airflow/example_dags/example_trigger_target_dag.py
[2026-01-04T12:41:36.668+0000] {processor.py:914} INFO - Processing file /workspaces/f1_data_team/venv/lib/python3.12/site-packages/airflow/example_dags/example_trigger_target_dag.py for tasks to queue
[2026-01-04T12:41:36.670+0000] {logging_mixin.py:190} INFO - [2026-01-04T12:41:36.669+0000] {dagbag.py:588} INFO - Filling up the DagBag from /workspaces/f1_data_team/venv/lib/python3.12/site-packages/airflow/example_dags/example_trigger_target_dag.py
[2026-01-04T12:41:36.678+0000] {processor.py:925} INFO - DAG(s) 'example_trigger_target_dag' retrieved from /workspaces/f1_data_team/venv/lib/python3.12/site-packages/airflow/example_dags/example_trigger_target_dag.py
[2026-01-04T12:41:36.690+0000] {logging_mixin.py:190} INFO - [2026-01-04T12:41:36.690+0000] {dag.py:3239} INFO - Sync 1 DAGs
[2026-01-04T12:41:36.700+0000] {logging_mixin.py:190} INFO - [2026-01-04T12:41:36.700+0000] {dag.py:4180} INFO - Setting next_dagrun for example_trigger_target_dag to None, run_after=None
[2026-01-04T12:41:36.715+0000] {processor.py:208} INFO - Processing /workspaces/f1_data_team/venv/lib/python3.12/site-packages/airflow/example_dags/example_trigger_target_dag.py took 0.053 seconds
[2026-01-04T12:42:43.009+0000] {processor.py:186} INFO - Started process (PID=36988) to work on /workspaces/f1_data_team/venv/lib/python3.12/site-packages/airflow/example_dags/example_trigger_target_dag.py
[2026-01-04T12:42:43.009+0000] {processor.py:914} INFO - Processing file /workspaces/f1_data_team/venv/lib/python3.12/site-packages/airflow/example_dags/example_trigger_target_dag.py for tasks to queue
[2026-01-04T12:42:43.011+0000] {logging_mixin.py:190} INFO - [2026-01-04T12:42:43.011+0000] {dagbag.py:588} INFO - Filling up the DagBag from /workspaces/f1_data_team/venv/lib/python3.12/site-packages/airflow/example_dags/example_trigger_target_dag.py
[2026-01-04T12:42:43.018+0000] {processor.py:925} INFO - DAG(s) 'example_trigger_target_dag' retrieved from /workspaces/f1_data_team/venv/lib/python3.12/site-packages/airflow/example_dags/example_trigger_target_dag.py
[2026-01-04T12:42:43.029+0000] {logging_mixin.py:190} INFO - [2026-01-04T12:42:43.029+0000] {dag.py:3239} INFO - Sync 1 DAGs
[2026-01-04T12:42:43.039+0000] {logging_mixin.py:190} INFO - [2026-01-04T12:42:43.039+0000] {dag.py:4180} INFO - Setting next_dagrun for example_trigger_target_dag to None, run_after=None
[2026-01-04T12:42:43.053+0000] {processor.py:208} INFO - Processing /workspaces/f1_data_team/venv/lib/python3.12/site-packages/airflow/example_dags/example_trigger_target_dag.py took 0.049 seconds
[2026-01-04T12:43:39.082+0000] {processor.py:186} INFO - Started process (PID=37660) to work on /workspaces/f1_data_team/venv/lib/python3.12/site-packages/airflow/example_dags/example_trigger_target_dag.py
[2026-01-04T12:43:39.083+0000] {processor.py:914} INFO - Processing file /workspaces/f1_data_team/venv/lib/python3.12/site-packages/airflow/example_dags/example_trigger_target_dag.py for tasks to queue
[2026-01-04T12:43:39.085+0000] {logging_mixin.py:190} INFO - [2026-01-04T12:43:39.085+0000] {dagbag.py:588} INFO - Filling up the DagBag from /workspaces/f1_data_team/venv/lib/python3.12/site-packages/airflow/example_dags/example_trigger_target_dag.py
[2026-01-04T12:43:39.091+0000] {processor.py:925} INFO - DAG(s) 'example_trigger_target_dag' retrieved from /workspaces/f1_data_team/venv/lib/python3.12/site-packages/airflow/example_dags/example_trigger_target_dag.py
[2026-01-04T12:43:39.103+0000] {logging_mixin.py:190} INFO - [2026-01-04T12:43:39.102+0000] {dag.py:3239} INFO - Sync 1 DAGs
[2026-01-04T12:43:39.112+0000] {logging_mixin.py:190} INFO - [2026-01-04T12:43:39.112+0000] {dag.py:4180} INFO - Setting next_dagrun for example_trigger_target_dag to None, run_after=None
[2026-01-04T12:43:39.127+0000] {processor.py:208} INFO - Processing /workspaces/f1_data_team/venv/lib/python3.12/site-packages/airflow/example_dags/example_trigger_target_dag.py took 0.050 seconds
[2026-01-04T12:44:30.868+0000] {processor.py:186} INFO - Started process (PID=38262) to work on /workspaces/f1_data_team/venv/lib/python3.12/site-packages/airflow/example_dags/example_trigger_target_dag.py
[2026-01-04T12:44:30.869+0000] {processor.py:914} INFO - Processing file /workspaces/f1_data_team/venv/lib/python3.12/site-packages/airflow/example_dags/example_trigger_target_dag.py for tasks to queue
[2026-01-04T12:44:30.871+0000] {logging_mixin.py:190} INFO - [2026-01-04T12:44:30.870+0000] {dagbag.py:588} INFO - Filling up the DagBag from /workspaces/f1_data_team/venv/lib/python3.12/site-packages/airflow/example_dags/example_trigger_target_dag.py
[2026-01-04T12:44:30.877+0000] {processor.py:925} INFO - DAG(s) 'example_trigger_target_dag' retrieved from /workspaces/f1_data_team/venv/lib/python3.12/site-packages/airflow/example_dags/example_trigger_target_dag.py
[2026-01-04T12:44:30.889+0000] {logging_mixin.py:190} INFO - [2026-01-04T12:44:30.889+0000] {dag.py:3239} INFO - Sync 1 DAGs
[2026-01-04T12:44:30.898+0000] {logging_mixin.py:190} INFO - [2026-01-04T12:44:30.898+0000] {dag.py:4180} INFO - Setting next_dagrun for example_trigger_target_dag to None, run_after=None
[2026-01-04T12:44:30.913+0000] {processor.py:208} INFO - Processing /workspaces/f1_data_team/venv/lib/python3.12/site-packages/airflow/example_dags/example_trigger_target_dag.py took 0.050 seconds
[2026-01-04T12:45:29.430+0000] {processor.py:186} INFO - Started process (PID=39401) to work on /workspaces/f1_data_team/venv/lib/python3.12/site-packages/airflow/example_dags/example_trigger_target_dag.py
[2026-01-04T12:45:29.431+0000] {processor.py:914} INFO - Processing file /workspaces/f1_data_team/venv/lib/python3.12/site-packages/airflow/example_dags/example_trigger_target_dag.py for tasks to queue
[2026-01-04T12:45:29.433+0000] {logging_mixin.py:190} INFO - [2026-01-04T12:45:29.432+0000] {dagbag.py:588} INFO - Filling up the DagBag from /workspaces/f1_data_team/venv/lib/python3.12/site-packages/airflow/example_dags/example_trigger_target_dag.py
[2026-01-04T12:45:29.439+0000] {processor.py:925} INFO - DAG(s) 'example_trigger_target_dag' retrieved from /workspaces/f1_data_team/venv/lib/python3.12/site-packages/airflow/example_dags/example_trigger_target_dag.py
[2026-01-04T12:45:29.451+0000] {logging_mixin.py:190} INFO - [2026-01-04T12:45:29.451+0000] {dag.py:3239} INFO - Sync 1 DAGs
[2026-01-04T12:45:29.461+0000] {logging_mixin.py:190} INFO - [2026-01-04T12:45:29.460+0000] {dag.py:4180} INFO - Setting next_dagrun for example_trigger_target_dag to None, run_after=None
[2026-01-04T12:45:29.475+0000] {processor.py:208} INFO - Processing /workspaces/f1_data_team/venv/lib/python3.12/site-packages/airflow/example_dags/example_trigger_target_dag.py took 0.051 seconds
[2026-01-04T12:46:23.796+0000] {processor.py:186} INFO - Started process (PID=39961) to work on /workspaces/f1_data_team/venv/lib/python3.12/site-packages/airflow/example_dags/example_trigger_target_dag.py
[2026-01-04T12:46:23.797+0000] {processor.py:914} INFO - Processing file /workspaces/f1_data_team/venv/lib/python3.12/site-packages/airflow/example_dags/example_trigger_target_dag.py for tasks to queue
[2026-01-04T12:46:23.800+0000] {logging_mixin.py:190} INFO - [2026-01-04T12:46:23.799+0000] {dagbag.py:588} INFO - Filling up the DagBag from /workspaces/f1_data_team/venv/lib/python3.12/site-packages/airflow/example_dags/example_trigger_target_dag.py
[2026-01-04T12:46:23.808+0000] {processor.py:925} INFO - DAG(s) 'example_trigger_target_dag' retrieved from /workspaces/f1_data_team/venv/lib/python3.12/site-packages/airflow/example_dags/example_trigger_target_dag.py
[2026-01-04T12:46:23.819+0000] {logging_mixin.py:190} INFO - [2026-01-04T12:46:23.819+0000] {dag.py:3239} INFO - Sync 1 DAGs
[2026-01-04T12:46:23.829+0000] {logging_mixin.py:190} INFO - [2026-01-04T12:46:23.828+0000] {dag.py:4180} INFO - Setting next_dagrun for example_trigger_target_dag to None, run_after=None
[2026-01-04T12:46:23.844+0000] {processor.py:208} INFO - Processing /workspaces/f1_data_team/venv/lib/python3.12/site-packages/airflow/example_dags/example_trigger_target_dag.py took 0.052 seconds
[2026-01-04T12:47:15.434+0000] {processor.py:186} INFO - Started process (PID=40377) to work on /workspaces/f1_data_team/venv/lib/python3.12/site-packages/airflow/example_dags/example_trigger_target_dag.py
[2026-01-04T12:47:15.435+0000] {processor.py:914} INFO - Processing file /workspaces/f1_data_team/venv/lib/python3.12/site-packages/airflow/example_dags/example_trigger_target_dag.py for tasks to queue
[2026-01-04T12:47:15.437+0000] {logging_mixin.py:190} INFO - [2026-01-04T12:47:15.437+0000] {dagbag.py:588} INFO - Filling up the DagBag from /workspaces/f1_data_team/venv/lib/python3.12/site-packages/airflow/example_dags/example_trigger_target_dag.py
[2026-01-04T12:47:15.443+0000] {processor.py:925} INFO - DAG(s) 'example_trigger_target_dag' retrieved from /workspaces/f1_data_team/venv/lib/python3.12/site-packages/airflow/example_dags/example_trigger_target_dag.py
[2026-01-04T12:47:15.455+0000] {logging_mixin.py:190} INFO - [2026-01-04T12:47:15.455+0000] {dag.py:3239} INFO - Sync 1 DAGs
[2026-01-04T12:47:15.464+0000] {logging_mixin.py:190} INFO - [2026-01-04T12:47:15.464+0000] {dag.py:4180} INFO - Setting next_dagrun for example_trigger_target_dag to None, run_after=None
[2026-01-04T12:47:15.478+0000] {processor.py:208} INFO - Processing /workspaces/f1_data_team/venv/lib/python3.12/site-packages/airflow/example_dags/example_trigger_target_dag.py took 0.049 seconds
[2026-01-04T12:48:06.406+0000] {processor.py:186} INFO - Started process (PID=40891) to work on /workspaces/f1_data_team/venv/lib/python3.12/site-packages/airflow/example_dags/example_trigger_target_dag.py
[2026-01-04T12:48:06.407+0000] {processor.py:914} INFO - Processing file /workspaces/f1_data_team/venv/lib/python3.12/site-packages/airflow/example_dags/example_trigger_target_dag.py for tasks to queue
[2026-01-04T12:48:06.409+0000] {logging_mixin.py:190} INFO - [2026-01-04T12:48:06.409+0000] {dagbag.py:588} INFO - Filling up the DagBag from /workspaces/f1_data_team/venv/lib/python3.12/site-packages/airflow/example_dags/example_trigger_target_dag.py
[2026-01-04T12:48:06.415+0000] {processor.py:925} INFO - DAG(s) 'example_trigger_target_dag' retrieved from /workspaces/f1_data_team/venv/lib/python3.12/site-packages/airflow/example_dags/example_trigger_target_dag.py
[2026-01-04T12:48:06.427+0000] {logging_mixin.py:190} INFO - [2026-01-04T12:48:06.427+0000] {dag.py:3239} INFO - Sync 1 DAGs
[2026-01-04T12:48:06.436+0000] {logging_mixin.py:190} INFO - [2026-01-04T12:48:06.436+0000] {dag.py:4180} INFO - Setting next_dagrun for example_trigger_target_dag to None, run_after=None
[2026-01-04T12:48:06.450+0000] {processor.py:208} INFO - Processing /workspaces/f1_data_team/venv/lib/python3.12/site-packages/airflow/example_dags/example_trigger_target_dag.py took 0.049 seconds
[2026-01-04T12:48:58.663+0000] {processor.py:186} INFO - Started process (PID=41901) to work on /workspaces/f1_data_team/venv/lib/python3.12/site-packages/airflow/example_dags/example_trigger_target_dag.py
[2026-01-04T12:48:58.664+0000] {processor.py:914} INFO - Processing file /workspaces/f1_data_team/venv/lib/python3.12/site-packages/airflow/example_dags/example_trigger_target_dag.py for tasks to queue
[2026-01-04T12:48:58.666+0000] {logging_mixin.py:190} INFO - [2026-01-04T12:48:58.665+0000] {dagbag.py:588} INFO - Filling up the DagBag from /workspaces/f1_data_team/venv/lib/python3.12/site-packages/airflow/example_dags/example_trigger_target_dag.py
[2026-01-04T12:48:58.674+0000] {processor.py:925} INFO - DAG(s) 'example_trigger_target_dag' retrieved from /workspaces/f1_data_team/venv/lib/python3.12/site-packages/airflow/example_dags/example_trigger_target_dag.py
[2026-01-04T12:48:58.687+0000] {logging_mixin.py:190} INFO - [2026-01-04T12:48:58.686+0000] {dag.py:3239} INFO - Sync 1 DAGs
[2026-01-04T12:48:58.696+0000] {logging_mixin.py:190} INFO - [2026-01-04T12:48:58.696+0000] {dag.py:4180} INFO - Setting next_dagrun for example_trigger_target_dag to None, run_after=None
[2026-01-04T12:48:58.711+0000] {processor.py:208} INFO - Processing /workspaces/f1_data_team/venv/lib/python3.12/site-packages/airflow/example_dags/example_trigger_target_dag.py took 0.053 seconds
[2026-01-04T12:49:55.224+0000] {processor.py:186} INFO - Started process (PID=42571) to work on /workspaces/f1_data_team/venv/lib/python3.12/site-packages/airflow/example_dags/example_trigger_target_dag.py
[2026-01-04T12:49:55.225+0000] {processor.py:914} INFO - Processing file /workspaces/f1_data_team/venv/lib/python3.12/site-packages/airflow/example_dags/example_trigger_target_dag.py for tasks to queue
[2026-01-04T12:49:55.228+0000] {logging_mixin.py:190} INFO - [2026-01-04T12:49:55.227+0000] {dagbag.py:588} INFO - Filling up the DagBag from /workspaces/f1_data_team/venv/lib/python3.12/site-packages/airflow/example_dags/example_trigger_target_dag.py
[2026-01-04T12:49:55.235+0000] {processor.py:925} INFO - DAG(s) 'example_trigger_target_dag' retrieved from /workspaces/f1_data_team/venv/lib/python3.12/site-packages/airflow/example_dags/example_trigger_target_dag.py
[2026-01-04T12:49:55.246+0000] {logging_mixin.py:190} INFO - [2026-01-04T12:49:55.246+0000] {dag.py:3239} INFO - Sync 1 DAGs
[2026-01-04T12:49:55.256+0000] {logging_mixin.py:190} INFO - [2026-01-04T12:49:55.256+0000] {dag.py:4180} INFO - Setting next_dagrun for example_trigger_target_dag to None, run_after=None
[2026-01-04T12:49:55.271+0000] {processor.py:208} INFO - Processing /workspaces/f1_data_team/venv/lib/python3.12/site-packages/airflow/example_dags/example_trigger_target_dag.py took 0.052 seconds
[2026-01-04T12:51:25.024+0000] {processor.py:186} INFO - Started process (PID=43798) to work on /workspaces/f1_data_team/venv/lib/python3.12/site-packages/airflow/example_dags/example_trigger_target_dag.py
[2026-01-04T12:51:25.024+0000] {processor.py:914} INFO - Processing file /workspaces/f1_data_team/venv/lib/python3.12/site-packages/airflow/example_dags/example_trigger_target_dag.py for tasks to queue
[2026-01-04T12:51:25.027+0000] {logging_mixin.py:190} INFO - [2026-01-04T12:51:25.026+0000] {dagbag.py:588} INFO - Filling up the DagBag from /workspaces/f1_data_team/venv/lib/python3.12/site-packages/airflow/example_dags/example_trigger_target_dag.py
[2026-01-04T12:51:25.035+0000] {processor.py:925} INFO - DAG(s) 'example_trigger_target_dag' retrieved from /workspaces/f1_data_team/venv/lib/python3.12/site-packages/airflow/example_dags/example_trigger_target_dag.py
[2026-01-04T12:51:25.048+0000] {logging_mixin.py:190} INFO - [2026-01-04T12:51:25.048+0000] {dag.py:3239} INFO - Sync 1 DAGs
[2026-01-04T12:51:25.058+0000] {logging_mixin.py:190} INFO - [2026-01-04T12:51:25.057+0000] {dag.py:4180} INFO - Setting next_dagrun for example_trigger_target_dag to None, run_after=None
[2026-01-04T12:51:25.072+0000] {processor.py:208} INFO - Processing /workspaces/f1_data_team/venv/lib/python3.12/site-packages/airflow/example_dags/example_trigger_target_dag.py took 0.054 seconds
[2026-01-04T12:52:30.279+0000] {processor.py:186} INFO - Started process (PID=44974) to work on /workspaces/f1_data_team/venv/lib/python3.12/site-packages/airflow/example_dags/example_trigger_target_dag.py
[2026-01-04T12:52:30.280+0000] {processor.py:914} INFO - Processing file /workspaces/f1_data_team/venv/lib/python3.12/site-packages/airflow/example_dags/example_trigger_target_dag.py for tasks to queue
[2026-01-04T12:52:30.281+0000] {logging_mixin.py:190} INFO - [2026-01-04T12:52:30.281+0000] {dagbag.py:588} INFO - Filling up the DagBag from /workspaces/f1_data_team/venv/lib/python3.12/site-packages/airflow/example_dags/example_trigger_target_dag.py
[2026-01-04T12:52:30.288+0000] {processor.py:925} INFO - DAG(s) 'example_trigger_target_dag' retrieved from /workspaces/f1_data_team/venv/lib/python3.12/site-packages/airflow/example_dags/example_trigger_target_dag.py
[2026-01-04T12:52:30.300+0000] {logging_mixin.py:190} INFO - [2026-01-04T12:52:30.300+0000] {dag.py:3239} INFO - Sync 1 DAGs
[2026-01-04T12:52:30.310+0000] {logging_mixin.py:190} INFO - [2026-01-04T12:52:30.310+0000] {dag.py:4180} INFO - Setting next_dagrun for example_trigger_target_dag to None, run_after=None
[2026-01-04T12:52:30.325+0000] {processor.py:208} INFO - Processing /workspaces/f1_data_team/venv/lib/python3.12/site-packages/airflow/example_dags/example_trigger_target_dag.py took 0.050 seconds
[2026-01-04T12:53:26.761+0000] {processor.py:186} INFO - Started process (PID=45784) to work on /workspaces/f1_data_team/venv/lib/python3.12/site-packages/airflow/example_dags/example_trigger_target_dag.py
[2026-01-04T12:53:26.761+0000] {processor.py:914} INFO - Processing file /workspaces/f1_data_team/venv/lib/python3.12/site-packages/airflow/example_dags/example_trigger_target_dag.py for tasks to queue
[2026-01-04T12:53:26.763+0000] {logging_mixin.py:190} INFO - [2026-01-04T12:53:26.763+0000] {dagbag.py:588} INFO - Filling up the DagBag from /workspaces/f1_data_team/venv/lib/python3.12/site-packages/airflow/example_dags/example_trigger_target_dag.py
[2026-01-04T12:53:26.770+0000] {processor.py:925} INFO - DAG(s) 'example_trigger_target_dag' retrieved from /workspaces/f1_data_team/venv/lib/python3.12/site-packages/airflow/example_dags/example_trigger_target_dag.py
[2026-01-04T12:53:26.782+0000] {logging_mixin.py:190} INFO - [2026-01-04T12:53:26.781+0000] {dag.py:3239} INFO - Sync 1 DAGs
[2026-01-04T12:53:26.791+0000] {logging_mixin.py:190} INFO - [2026-01-04T12:53:26.791+0000] {dag.py:4180} INFO - Setting next_dagrun for example_trigger_target_dag to None, run_after=None
[2026-01-04T12:53:26.806+0000] {processor.py:208} INFO - Processing /workspaces/f1_data_team/venv/lib/python3.12/site-packages/airflow/example_dags/example_trigger_target_dag.py took 0.050 seconds
[2026-01-04T12:54:21.675+0000] {processor.py:186} INFO - Started process (PID=46466) to work on /workspaces/f1_data_team/venv/lib/python3.12/site-packages/airflow/example_dags/example_trigger_target_dag.py
[2026-01-04T12:54:21.676+0000] {processor.py:914} INFO - Processing file /workspaces/f1_data_team/venv/lib/python3.12/site-packages/airflow/example_dags/example_trigger_target_dag.py for tasks to queue
[2026-01-04T12:54:21.678+0000] {logging_mixin.py:190} INFO - [2026-01-04T12:54:21.678+0000] {dagbag.py:588} INFO - Filling up the DagBag from /workspaces/f1_data_team/venv/lib/python3.12/site-packages/airflow/example_dags/example_trigger_target_dag.py
[2026-01-04T12:54:21.685+0000] {processor.py:925} INFO - DAG(s) 'example_trigger_target_dag' retrieved from /workspaces/f1_data_team/venv/lib/python3.12/site-packages/airflow/example_dags/example_trigger_target_dag.py
[2026-01-04T12:54:21.702+0000] {logging_mixin.py:190} INFO - [2026-01-04T12:54:21.702+0000] {dag.py:3239} INFO - Sync 1 DAGs
[2026-01-04T12:54:21.718+0000] {logging_mixin.py:190} INFO - [2026-01-04T12:54:21.718+0000] {dag.py:4180} INFO - Setting next_dagrun for example_trigger_target_dag to None, run_after=None
[2026-01-04T12:54:21.741+0000] {processor.py:208} INFO - Processing /workspaces/f1_data_team/venv/lib/python3.12/site-packages/airflow/example_dags/example_trigger_target_dag.py took 0.070 seconds
[2026-01-04T12:55:27.695+0000] {processor.py:186} INFO - Started process (PID=47671) to work on /workspaces/f1_data_team/venv/lib/python3.12/site-packages/airflow/example_dags/example_trigger_target_dag.py
[2026-01-04T12:55:27.696+0000] {processor.py:914} INFO - Processing file /workspaces/f1_data_team/venv/lib/python3.12/site-packages/airflow/example_dags/example_trigger_target_dag.py for tasks to queue
[2026-01-04T12:55:27.698+0000] {logging_mixin.py:190} INFO - [2026-01-04T12:55:27.697+0000] {dagbag.py:588} INFO - Filling up the DagBag from /workspaces/f1_data_team/venv/lib/python3.12/site-packages/airflow/example_dags/example_trigger_target_dag.py
[2026-01-04T12:55:27.704+0000] {processor.py:925} INFO - DAG(s) 'example_trigger_target_dag' retrieved from /workspaces/f1_data_team/venv/lib/python3.12/site-packages/airflow/example_dags/example_trigger_target_dag.py
[2026-01-04T12:55:27.716+0000] {logging_mixin.py:190} INFO - [2026-01-04T12:55:27.716+0000] {dag.py:3239} INFO - Sync 1 DAGs
[2026-01-04T12:55:27.726+0000] {logging_mixin.py:190} INFO - [2026-01-04T12:55:27.726+0000] {dag.py:4180} INFO - Setting next_dagrun for example_trigger_target_dag to None, run_after=None
[2026-01-04T12:55:27.741+0000] {processor.py:208} INFO - Processing /workspaces/f1_data_team/venv/lib/python3.12/site-packages/airflow/example_dags/example_trigger_target_dag.py took 0.051 seconds
[2026-01-04T12:56:24.114+0000] {processor.py:186} INFO - Started process (PID=48229) to work on /workspaces/f1_data_team/venv/lib/python3.12/site-packages/airflow/example_dags/example_trigger_target_dag.py
[2026-01-04T12:56:24.114+0000] {processor.py:914} INFO - Processing file /workspaces/f1_data_team/venv/lib/python3.12/site-packages/airflow/example_dags/example_trigger_target_dag.py for tasks to queue
[2026-01-04T12:56:24.117+0000] {logging_mixin.py:190} INFO - [2026-01-04T12:56:24.116+0000] {dagbag.py:588} INFO - Filling up the DagBag from /workspaces/f1_data_team/venv/lib/python3.12/site-packages/airflow/example_dags/example_trigger_target_dag.py
[2026-01-04T12:56:24.125+0000] {processor.py:925} INFO - DAG(s) 'example_trigger_target_dag' retrieved from /workspaces/f1_data_team/venv/lib/python3.12/site-packages/airflow/example_dags/example_trigger_target_dag.py
[2026-01-04T12:56:24.144+0000] {logging_mixin.py:190} INFO - [2026-01-04T12:56:24.144+0000] {dag.py:3239} INFO - Sync 1 DAGs
[2026-01-04T12:56:24.159+0000] {logging_mixin.py:190} INFO - [2026-01-04T12:56:24.158+0000] {dag.py:4180} INFO - Setting next_dagrun for example_trigger_target_dag to None, run_after=None
[2026-01-04T12:56:24.186+0000] {processor.py:208} INFO - Processing /workspaces/f1_data_team/venv/lib/python3.12/site-packages/airflow/example_dags/example_trigger_target_dag.py took 0.077 seconds
[2026-01-04T12:57:14.670+0000] {processor.py:186} INFO - Started process (PID=48694) to work on /workspaces/f1_data_team/venv/lib/python3.12/site-packages/airflow/example_dags/example_trigger_target_dag.py
[2026-01-04T12:57:14.671+0000] {processor.py:914} INFO - Processing file /workspaces/f1_data_team/venv/lib/python3.12/site-packages/airflow/example_dags/example_trigger_target_dag.py for tasks to queue
[2026-01-04T12:57:14.673+0000] {logging_mixin.py:190} INFO - [2026-01-04T12:57:14.672+0000] {dagbag.py:588} INFO - Filling up the DagBag from /workspaces/f1_data_team/venv/lib/python3.12/site-packages/airflow/example_dags/example_trigger_target_dag.py
[2026-01-04T12:57:14.679+0000] {processor.py:925} INFO - DAG(s) 'example_trigger_target_dag' retrieved from /workspaces/f1_data_team/venv/lib/python3.12/site-packages/airflow/example_dags/example_trigger_target_dag.py
[2026-01-04T12:57:14.691+0000] {logging_mixin.py:190} INFO - [2026-01-04T12:57:14.691+0000] {dag.py:3239} INFO - Sync 1 DAGs
[2026-01-04T12:57:14.700+0000] {logging_mixin.py:190} INFO - [2026-01-04T12:57:14.700+0000] {dag.py:4180} INFO - Setting next_dagrun for example_trigger_target_dag to None, run_after=None
[2026-01-04T12:57:14.716+0000] {processor.py:208} INFO - Processing /workspaces/f1_data_team/venv/lib/python3.12/site-packages/airflow/example_dags/example_trigger_target_dag.py took 0.051 seconds
[2026-01-04T12:58:05.700+0000] {processor.py:186} INFO - Started process (PID=49171) to work on /workspaces/f1_data_team/venv/lib/python3.12/site-packages/airflow/example_dags/example_trigger_target_dag.py
[2026-01-04T12:58:05.701+0000] {processor.py:914} INFO - Processing file /workspaces/f1_data_team/venv/lib/python3.12/site-packages/airflow/example_dags/example_trigger_target_dag.py for tasks to queue
[2026-01-04T12:58:05.704+0000] {logging_mixin.py:190} INFO - [2026-01-04T12:58:05.703+0000] {dagbag.py:588} INFO - Filling up the DagBag from /workspaces/f1_data_team/venv/lib/python3.12/site-packages/airflow/example_dags/example_trigger_target_dag.py
[2026-01-04T12:58:05.712+0000] {processor.py:925} INFO - DAG(s) 'example_trigger_target_dag' retrieved from /workspaces/f1_data_team/venv/lib/python3.12/site-packages/airflow/example_dags/example_trigger_target_dag.py
[2026-01-04T12:58:05.724+0000] {logging_mixin.py:190} INFO - [2026-01-04T12:58:05.724+0000] {dag.py:3239} INFO - Sync 1 DAGs
[2026-01-04T12:58:05.733+0000] {logging_mixin.py:190} INFO - [2026-01-04T12:58:05.733+0000] {dag.py:4180} INFO - Setting next_dagrun for example_trigger_target_dag to None, run_after=None
[2026-01-04T12:58:05.748+0000] {processor.py:208} INFO - Processing /workspaces/f1_data_team/venv/lib/python3.12/site-packages/airflow/example_dags/example_trigger_target_dag.py took 0.054 seconds
[2026-01-04T12:59:00.067+0000] {processor.py:186} INFO - Started process (PID=49671) to work on /workspaces/f1_data_team/venv/lib/python3.12/site-packages/airflow/example_dags/example_trigger_target_dag.py
[2026-01-04T12:59:00.068+0000] {processor.py:914} INFO - Processing file /workspaces/f1_data_team/venv/lib/python3.12/site-packages/airflow/example_dags/example_trigger_target_dag.py for tasks to queue
[2026-01-04T12:59:00.074+0000] {logging_mixin.py:190} INFO - [2026-01-04T12:59:00.073+0000] {dagbag.py:588} INFO - Filling up the DagBag from /workspaces/f1_data_team/venv/lib/python3.12/site-packages/airflow/example_dags/example_trigger_target_dag.py
[2026-01-04T12:59:00.088+0000] {processor.py:925} INFO - DAG(s) 'example_trigger_target_dag' retrieved from /workspaces/f1_data_team/venv/lib/python3.12/site-packages/airflow/example_dags/example_trigger_target_dag.py
[2026-01-04T12:59:00.107+0000] {logging_mixin.py:190} INFO - [2026-01-04T12:59:00.107+0000] {dag.py:3239} INFO - Sync 1 DAGs
[2026-01-04T12:59:00.124+0000] {logging_mixin.py:190} INFO - [2026-01-04T12:59:00.124+0000] {dag.py:4180} INFO - Setting next_dagrun for example_trigger_target_dag to None, run_after=None
[2026-01-04T12:59:00.154+0000] {processor.py:208} INFO - Processing /workspaces/f1_data_team/venv/lib/python3.12/site-packages/airflow/example_dags/example_trigger_target_dag.py took 0.103 seconds
[2026-01-04T12:59:54.887+0000] {processor.py:186} INFO - Started process (PID=50222) to work on /workspaces/f1_data_team/venv/lib/python3.12/site-packages/airflow/example_dags/example_trigger_target_dag.py
[2026-01-04T12:59:54.887+0000] {processor.py:914} INFO - Processing file /workspaces/f1_data_team/venv/lib/python3.12/site-packages/airflow/example_dags/example_trigger_target_dag.py for tasks to queue
[2026-01-04T12:59:54.890+0000] {logging_mixin.py:190} INFO - [2026-01-04T12:59:54.890+0000] {dagbag.py:588} INFO - Filling up the DagBag from /workspaces/f1_data_team/venv/lib/python3.12/site-packages/airflow/example_dags/example_trigger_target_dag.py
[2026-01-04T12:59:54.897+0000] {processor.py:925} INFO - DAG(s) 'example_trigger_target_dag' retrieved from /workspaces/f1_data_team/venv/lib/python3.12/site-packages/airflow/example_dags/example_trigger_target_dag.py
[2026-01-04T12:59:54.909+0000] {logging_mixin.py:190} INFO - [2026-01-04T12:59:54.908+0000] {dag.py:3239} INFO - Sync 1 DAGs
[2026-01-04T12:59:54.918+0000] {logging_mixin.py:190} INFO - [2026-01-04T12:59:54.918+0000] {dag.py:4180} INFO - Setting next_dagrun for example_trigger_target_dag to None, run_after=None
[2026-01-04T12:59:54.935+0000] {processor.py:208} INFO - Processing /workspaces/f1_data_team/venv/lib/python3.12/site-packages/airflow/example_dags/example_trigger_target_dag.py took 0.053 seconds
[2026-01-04T13:00:50.415+0000] {processor.py:186} INFO - Started process (PID=50864) to work on /workspaces/f1_data_team/venv/lib/python3.12/site-packages/airflow/example_dags/example_trigger_target_dag.py
[2026-01-04T13:00:50.416+0000] {processor.py:914} INFO - Processing file /workspaces/f1_data_team/venv/lib/python3.12/site-packages/airflow/example_dags/example_trigger_target_dag.py for tasks to queue
[2026-01-04T13:00:50.419+0000] {logging_mixin.py:190} INFO - [2026-01-04T13:00:50.418+0000] {dagbag.py:588} INFO - Filling up the DagBag from /workspaces/f1_data_team/venv/lib/python3.12/site-packages/airflow/example_dags/example_trigger_target_dag.py
[2026-01-04T13:00:50.425+0000] {processor.py:925} INFO - DAG(s) 'example_trigger_target_dag' retrieved from /workspaces/f1_data_team/venv/lib/python3.12/site-packages/airflow/example_dags/example_trigger_target_dag.py
[2026-01-04T13:00:50.436+0000] {logging_mixin.py:190} INFO - [2026-01-04T13:00:50.436+0000] {dag.py:3239} INFO - Sync 1 DAGs
[2026-01-04T13:00:50.446+0000] {logging_mixin.py:190} INFO - [2026-01-04T13:00:50.446+0000] {dag.py:4180} INFO - Setting next_dagrun for example_trigger_target_dag to None, run_after=None
[2026-01-04T13:00:50.461+0000] {processor.py:208} INFO - Processing /workspaces/f1_data_team/venv/lib/python3.12/site-packages/airflow/example_dags/example_trigger_target_dag.py took 0.050 seconds
[2026-01-04T13:01:37.807+0000] {processor.py:186} INFO - Started process (PID=51511) to work on /workspaces/f1_data_team/venv/lib/python3.12/site-packages/airflow/example_dags/example_trigger_target_dag.py
[2026-01-04T13:01:37.807+0000] {processor.py:914} INFO - Processing file /workspaces/f1_data_team/venv/lib/python3.12/site-packages/airflow/example_dags/example_trigger_target_dag.py for tasks to queue
[2026-01-04T13:01:37.810+0000] {logging_mixin.py:190} INFO - [2026-01-04T13:01:37.810+0000] {dagbag.py:588} INFO - Filling up the DagBag from /workspaces/f1_data_team/venv/lib/python3.12/site-packages/airflow/example_dags/example_trigger_target_dag.py
[2026-01-04T13:01:37.818+0000] {processor.py:925} INFO - DAG(s) 'example_trigger_target_dag' retrieved from /workspaces/f1_data_team/venv/lib/python3.12/site-packages/airflow/example_dags/example_trigger_target_dag.py
[2026-01-04T13:01:37.835+0000] {logging_mixin.py:190} INFO - [2026-01-04T13:01:37.834+0000] {dag.py:3239} INFO - Sync 1 DAGs
[2026-01-04T13:01:37.849+0000] {logging_mixin.py:190} INFO - [2026-01-04T13:01:37.849+0000] {dag.py:4180} INFO - Setting next_dagrun for example_trigger_target_dag to None, run_after=None
[2026-01-04T13:01:37.872+0000] {processor.py:208} INFO - Processing /workspaces/f1_data_team/venv/lib/python3.12/site-packages/airflow/example_dags/example_trigger_target_dag.py took 0.072 seconds
