[2026-01-04T12:27:11.704+0000] {processor.py:186} INFO - Started process (PID=24746) to work on /workspaces/f1_data_team/venv/lib/python3.12/site-packages/airflow/example_dags/example_dynamic_task_mapping_with_no_taskflow_operators.py
[2026-01-04T12:27:11.705+0000] {processor.py:914} INFO - Processing file /workspaces/f1_data_team/venv/lib/python3.12/site-packages/airflow/example_dags/example_dynamic_task_mapping_with_no_taskflow_operators.py for tasks to queue
[2026-01-04T12:27:11.707+0000] {logging_mixin.py:190} INFO - [2026-01-04T12:27:11.707+0000] {dagbag.py:588} INFO - Filling up the DagBag from /workspaces/f1_data_team/venv/lib/python3.12/site-packages/airflow/example_dags/example_dynamic_task_mapping_with_no_taskflow_operators.py
[2026-01-04T12:27:11.714+0000] {processor.py:925} INFO - DAG(s) 'example_dynamic_task_mapping_with_no_taskflow_operators' retrieved from /workspaces/f1_data_team/venv/lib/python3.12/site-packages/airflow/example_dags/example_dynamic_task_mapping_with_no_taskflow_operators.py
[2026-01-04T12:27:11.789+0000] {logging_mixin.py:190} INFO - [2026-01-04T12:27:11.788+0000] {override.py:1911} INFO - Created Permission View: can read on DAG:example_dynamic_task_mapping_with_no_taskflow_operators
[2026-01-04T12:27:11.796+0000] {logging_mixin.py:190} INFO - [2026-01-04T12:27:11.796+0000] {override.py:1911} INFO - Created Permission View: can edit on DAG:example_dynamic_task_mapping_with_no_taskflow_operators
[2026-01-04T12:27:11.802+0000] {logging_mixin.py:190} INFO - [2026-01-04T12:27:11.801+0000] {override.py:1911} INFO - Created Permission View: can delete on DAG:example_dynamic_task_mapping_with_no_taskflow_operators
[2026-01-04T12:27:11.810+0000] {logging_mixin.py:190} INFO - [2026-01-04T12:27:11.809+0000] {override.py:1911} INFO - Created Permission View: can read on DAG Run:example_dynamic_task_mapping_with_no_taskflow_operators
[2026-01-04T12:27:11.815+0000] {logging_mixin.py:190} INFO - [2026-01-04T12:27:11.815+0000] {override.py:1911} INFO - Created Permission View: menu access on DAG Run:example_dynamic_task_mapping_with_no_taskflow_operators
[2026-01-04T12:27:11.820+0000] {logging_mixin.py:190} INFO - [2026-01-04T12:27:11.820+0000] {override.py:1911} INFO - Created Permission View: can create on DAG Run:example_dynamic_task_mapping_with_no_taskflow_operators
[2026-01-04T12:27:11.826+0000] {logging_mixin.py:190} INFO - [2026-01-04T12:27:11.825+0000] {override.py:1911} INFO - Created Permission View: can delete on DAG Run:example_dynamic_task_mapping_with_no_taskflow_operators
[2026-01-04T12:27:11.826+0000] {logging_mixin.py:190} INFO - [2026-01-04T12:27:11.826+0000] {dag.py:3239} INFO - Sync 1 DAGs
[2026-01-04T12:27:11.834+0000] {logging_mixin.py:190} INFO - [2026-01-04T12:27:11.834+0000] {dag.py:3262} INFO - Creating ORM DAG for example_dynamic_task_mapping_with_no_taskflow_operators
[2026-01-04T12:27:11.835+0000] {logging_mixin.py:190} INFO - [2026-01-04T12:27:11.835+0000] {dag.py:4180} INFO - Setting next_dagrun for example_dynamic_task_mapping_with_no_taskflow_operators to None, run_after=None
[2026-01-04T12:27:11.847+0000] {processor.py:208} INFO - Processing /workspaces/f1_data_team/venv/lib/python3.12/site-packages/airflow/example_dags/example_dynamic_task_mapping_with_no_taskflow_operators.py took 0.147 seconds
[2026-01-04T12:28:11.545+0000] {processor.py:186} INFO - Started process (PID=25271) to work on /workspaces/f1_data_team/venv/lib/python3.12/site-packages/airflow/example_dags/example_dynamic_task_mapping_with_no_taskflow_operators.py
[2026-01-04T12:28:11.546+0000] {processor.py:914} INFO - Processing file /workspaces/f1_data_team/venv/lib/python3.12/site-packages/airflow/example_dags/example_dynamic_task_mapping_with_no_taskflow_operators.py for tasks to queue
[2026-01-04T12:28:11.547+0000] {logging_mixin.py:190} INFO - [2026-01-04T12:28:11.547+0000] {dagbag.py:588} INFO - Filling up the DagBag from /workspaces/f1_data_team/venv/lib/python3.12/site-packages/airflow/example_dags/example_dynamic_task_mapping_with_no_taskflow_operators.py
[2026-01-04T12:28:11.554+0000] {processor.py:925} INFO - DAG(s) 'example_dynamic_task_mapping_with_no_taskflow_operators' retrieved from /workspaces/f1_data_team/venv/lib/python3.12/site-packages/airflow/example_dags/example_dynamic_task_mapping_with_no_taskflow_operators.py
[2026-01-04T12:28:11.565+0000] {logging_mixin.py:190} INFO - [2026-01-04T12:28:11.565+0000] {dag.py:3239} INFO - Sync 1 DAGs
[2026-01-04T12:28:11.575+0000] {logging_mixin.py:190} INFO - [2026-01-04T12:28:11.575+0000] {dag.py:4180} INFO - Setting next_dagrun for example_dynamic_task_mapping_with_no_taskflow_operators to None, run_after=None
[2026-01-04T12:28:11.589+0000] {processor.py:208} INFO - Processing /workspaces/f1_data_team/venv/lib/python3.12/site-packages/airflow/example_dags/example_dynamic_task_mapping_with_no_taskflow_operators.py took 0.049 seconds
[2026-01-04T12:29:09.870+0000] {processor.py:186} INFO - Started process (PID=26324) to work on /workspaces/f1_data_team/venv/lib/python3.12/site-packages/airflow/example_dags/example_dynamic_task_mapping_with_no_taskflow_operators.py
[2026-01-04T12:29:09.871+0000] {processor.py:914} INFO - Processing file /workspaces/f1_data_team/venv/lib/python3.12/site-packages/airflow/example_dags/example_dynamic_task_mapping_with_no_taskflow_operators.py for tasks to queue
[2026-01-04T12:29:09.873+0000] {logging_mixin.py:190} INFO - [2026-01-04T12:29:09.872+0000] {dagbag.py:588} INFO - Filling up the DagBag from /workspaces/f1_data_team/venv/lib/python3.12/site-packages/airflow/example_dags/example_dynamic_task_mapping_with_no_taskflow_operators.py
[2026-01-04T12:29:09.879+0000] {processor.py:925} INFO - DAG(s) 'example_dynamic_task_mapping_with_no_taskflow_operators' retrieved from /workspaces/f1_data_team/venv/lib/python3.12/site-packages/airflow/example_dags/example_dynamic_task_mapping_with_no_taskflow_operators.py
[2026-01-04T12:29:09.890+0000] {logging_mixin.py:190} INFO - [2026-01-04T12:29:09.890+0000] {dag.py:3239} INFO - Sync 1 DAGs
[2026-01-04T12:29:09.900+0000] {logging_mixin.py:190} INFO - [2026-01-04T12:29:09.900+0000] {dag.py:4180} INFO - Setting next_dagrun for example_dynamic_task_mapping_with_no_taskflow_operators to None, run_after=None
[2026-01-04T12:29:09.914+0000] {processor.py:208} INFO - Processing /workspaces/f1_data_team/venv/lib/python3.12/site-packages/airflow/example_dags/example_dynamic_task_mapping_with_no_taskflow_operators.py took 0.049 seconds
[2026-01-04T12:30:50.282+0000] {processor.py:186} INFO - Started process (PID=27842) to work on /workspaces/f1_data_team/venv/lib/python3.12/site-packages/airflow/example_dags/example_dynamic_task_mapping_with_no_taskflow_operators.py
[2026-01-04T12:30:50.283+0000] {processor.py:914} INFO - Processing file /workspaces/f1_data_team/venv/lib/python3.12/site-packages/airflow/example_dags/example_dynamic_task_mapping_with_no_taskflow_operators.py for tasks to queue
[2026-01-04T12:30:50.286+0000] {logging_mixin.py:190} INFO - [2026-01-04T12:30:50.285+0000] {dagbag.py:588} INFO - Filling up the DagBag from /workspaces/f1_data_team/venv/lib/python3.12/site-packages/airflow/example_dags/example_dynamic_task_mapping_with_no_taskflow_operators.py
[2026-01-04T12:30:50.295+0000] {processor.py:925} INFO - DAG(s) 'example_dynamic_task_mapping_with_no_taskflow_operators' retrieved from /workspaces/f1_data_team/venv/lib/python3.12/site-packages/airflow/example_dags/example_dynamic_task_mapping_with_no_taskflow_operators.py
[2026-01-04T12:30:50.315+0000] {logging_mixin.py:190} INFO - [2026-01-04T12:30:50.315+0000] {dag.py:3239} INFO - Sync 1 DAGs
[2026-01-04T12:30:50.331+0000] {logging_mixin.py:190} INFO - [2026-01-04T12:30:50.331+0000] {dag.py:4180} INFO - Setting next_dagrun for example_dynamic_task_mapping_with_no_taskflow_operators to None, run_after=None
[2026-01-04T12:30:50.345+0000] {processor.py:208} INFO - Processing /workspaces/f1_data_team/venv/lib/python3.12/site-packages/airflow/example_dags/example_dynamic_task_mapping_with_no_taskflow_operators.py took 0.069 seconds
[2026-01-04T12:31:49.027+0000] {processor.py:186} INFO - Started process (PID=28829) to work on /workspaces/f1_data_team/venv/lib/python3.12/site-packages/airflow/example_dags/example_dynamic_task_mapping_with_no_taskflow_operators.py
[2026-01-04T12:31:49.028+0000] {processor.py:914} INFO - Processing file /workspaces/f1_data_team/venv/lib/python3.12/site-packages/airflow/example_dags/example_dynamic_task_mapping_with_no_taskflow_operators.py for tasks to queue
[2026-01-04T12:31:49.029+0000] {logging_mixin.py:190} INFO - [2026-01-04T12:31:49.029+0000] {dagbag.py:588} INFO - Filling up the DagBag from /workspaces/f1_data_team/venv/lib/python3.12/site-packages/airflow/example_dags/example_dynamic_task_mapping_with_no_taskflow_operators.py
[2026-01-04T12:31:49.036+0000] {processor.py:925} INFO - DAG(s) 'example_dynamic_task_mapping_with_no_taskflow_operators' retrieved from /workspaces/f1_data_team/venv/lib/python3.12/site-packages/airflow/example_dags/example_dynamic_task_mapping_with_no_taskflow_operators.py
[2026-01-04T12:31:49.047+0000] {logging_mixin.py:190} INFO - [2026-01-04T12:31:49.047+0000] {dag.py:3239} INFO - Sync 1 DAGs
[2026-01-04T12:31:49.057+0000] {logging_mixin.py:190} INFO - [2026-01-04T12:31:49.056+0000] {dag.py:4180} INFO - Setting next_dagrun for example_dynamic_task_mapping_with_no_taskflow_operators to None, run_after=None
[2026-01-04T12:31:49.071+0000] {processor.py:208} INFO - Processing /workspaces/f1_data_team/venv/lib/python3.12/site-packages/airflow/example_dags/example_dynamic_task_mapping_with_no_taskflow_operators.py took 0.048 seconds
[2026-01-04T12:32:56.873+0000] {processor.py:186} INFO - Started process (PID=29988) to work on /workspaces/f1_data_team/venv/lib/python3.12/site-packages/airflow/example_dags/example_dynamic_task_mapping_with_no_taskflow_operators.py
[2026-01-04T12:32:56.874+0000] {processor.py:914} INFO - Processing file /workspaces/f1_data_team/venv/lib/python3.12/site-packages/airflow/example_dags/example_dynamic_task_mapping_with_no_taskflow_operators.py for tasks to queue
[2026-01-04T12:32:56.876+0000] {logging_mixin.py:190} INFO - [2026-01-04T12:32:56.876+0000] {dagbag.py:588} INFO - Filling up the DagBag from /workspaces/f1_data_team/venv/lib/python3.12/site-packages/airflow/example_dags/example_dynamic_task_mapping_with_no_taskflow_operators.py
[2026-01-04T12:32:56.883+0000] {processor.py:925} INFO - DAG(s) 'example_dynamic_task_mapping_with_no_taskflow_operators' retrieved from /workspaces/f1_data_team/venv/lib/python3.12/site-packages/airflow/example_dags/example_dynamic_task_mapping_with_no_taskflow_operators.py
[2026-01-04T12:32:56.896+0000] {logging_mixin.py:190} INFO - [2026-01-04T12:32:56.895+0000] {dag.py:3239} INFO - Sync 1 DAGs
[2026-01-04T12:32:56.905+0000] {logging_mixin.py:190} INFO - [2026-01-04T12:32:56.905+0000] {dag.py:4180} INFO - Setting next_dagrun for example_dynamic_task_mapping_with_no_taskflow_operators to None, run_after=None
[2026-01-04T12:32:56.921+0000] {processor.py:208} INFO - Processing /workspaces/f1_data_team/venv/lib/python3.12/site-packages/airflow/example_dags/example_dynamic_task_mapping_with_no_taskflow_operators.py took 0.053 seconds
[2026-01-04T12:33:59.798+0000] {processor.py:186} INFO - Started process (PID=30791) to work on /workspaces/f1_data_team/venv/lib/python3.12/site-packages/airflow/example_dags/example_dynamic_task_mapping_with_no_taskflow_operators.py
[2026-01-04T12:33:59.799+0000] {processor.py:914} INFO - Processing file /workspaces/f1_data_team/venv/lib/python3.12/site-packages/airflow/example_dags/example_dynamic_task_mapping_with_no_taskflow_operators.py for tasks to queue
[2026-01-04T12:33:59.801+0000] {logging_mixin.py:190} INFO - [2026-01-04T12:33:59.800+0000] {dagbag.py:588} INFO - Filling up the DagBag from /workspaces/f1_data_team/venv/lib/python3.12/site-packages/airflow/example_dags/example_dynamic_task_mapping_with_no_taskflow_operators.py
[2026-01-04T12:33:59.807+0000] {processor.py:925} INFO - DAG(s) 'example_dynamic_task_mapping_with_no_taskflow_operators' retrieved from /workspaces/f1_data_team/venv/lib/python3.12/site-packages/airflow/example_dags/example_dynamic_task_mapping_with_no_taskflow_operators.py
[2026-01-04T12:33:59.819+0000] {logging_mixin.py:190} INFO - [2026-01-04T12:33:59.819+0000] {dag.py:3239} INFO - Sync 1 DAGs
[2026-01-04T12:33:59.828+0000] {logging_mixin.py:190} INFO - [2026-01-04T12:33:59.828+0000] {dag.py:4180} INFO - Setting next_dagrun for example_dynamic_task_mapping_with_no_taskflow_operators to None, run_after=None
[2026-01-04T12:33:59.843+0000] {processor.py:208} INFO - Processing /workspaces/f1_data_team/venv/lib/python3.12/site-packages/airflow/example_dags/example_dynamic_task_mapping_with_no_taskflow_operators.py took 0.049 seconds
[2026-01-04T12:34:54.016+0000] {processor.py:186} INFO - Started process (PID=31334) to work on /workspaces/f1_data_team/venv/lib/python3.12/site-packages/airflow/example_dags/example_dynamic_task_mapping_with_no_taskflow_operators.py
[2026-01-04T12:34:54.017+0000] {processor.py:914} INFO - Processing file /workspaces/f1_data_team/venv/lib/python3.12/site-packages/airflow/example_dags/example_dynamic_task_mapping_with_no_taskflow_operators.py for tasks to queue
[2026-01-04T12:34:54.019+0000] {logging_mixin.py:190} INFO - [2026-01-04T12:34:54.019+0000] {dagbag.py:588} INFO - Filling up the DagBag from /workspaces/f1_data_team/venv/lib/python3.12/site-packages/airflow/example_dags/example_dynamic_task_mapping_with_no_taskflow_operators.py
[2026-01-04T12:34:54.026+0000] {processor.py:925} INFO - DAG(s) 'example_dynamic_task_mapping_with_no_taskflow_operators' retrieved from /workspaces/f1_data_team/venv/lib/python3.12/site-packages/airflow/example_dags/example_dynamic_task_mapping_with_no_taskflow_operators.py
[2026-01-04T12:34:54.038+0000] {logging_mixin.py:190} INFO - [2026-01-04T12:34:54.037+0000] {dag.py:3239} INFO - Sync 1 DAGs
[2026-01-04T12:34:54.047+0000] {logging_mixin.py:190} INFO - [2026-01-04T12:34:54.047+0000] {dag.py:4180} INFO - Setting next_dagrun for example_dynamic_task_mapping_with_no_taskflow_operators to None, run_after=None
[2026-01-04T12:34:54.062+0000] {processor.py:208} INFO - Processing /workspaces/f1_data_team/venv/lib/python3.12/site-packages/airflow/example_dags/example_dynamic_task_mapping_with_no_taskflow_operators.py took 0.050 seconds
[2026-01-04T12:35:50.530+0000] {processor.py:186} INFO - Started process (PID=31965) to work on /workspaces/f1_data_team/venv/lib/python3.12/site-packages/airflow/example_dags/example_dynamic_task_mapping_with_no_taskflow_operators.py
[2026-01-04T12:35:50.530+0000] {processor.py:914} INFO - Processing file /workspaces/f1_data_team/venv/lib/python3.12/site-packages/airflow/example_dags/example_dynamic_task_mapping_with_no_taskflow_operators.py for tasks to queue
[2026-01-04T12:35:50.532+0000] {logging_mixin.py:190} INFO - [2026-01-04T12:35:50.532+0000] {dagbag.py:588} INFO - Filling up the DagBag from /workspaces/f1_data_team/venv/lib/python3.12/site-packages/airflow/example_dags/example_dynamic_task_mapping_with_no_taskflow_operators.py
[2026-01-04T12:35:50.539+0000] {processor.py:925} INFO - DAG(s) 'example_dynamic_task_mapping_with_no_taskflow_operators' retrieved from /workspaces/f1_data_team/venv/lib/python3.12/site-packages/airflow/example_dags/example_dynamic_task_mapping_with_no_taskflow_operators.py
[2026-01-04T12:35:50.554+0000] {logging_mixin.py:190} INFO - [2026-01-04T12:35:50.554+0000] {dag.py:3239} INFO - Sync 1 DAGs
[2026-01-04T12:35:50.569+0000] {logging_mixin.py:190} INFO - [2026-01-04T12:35:50.569+0000] {dag.py:4180} INFO - Setting next_dagrun for example_dynamic_task_mapping_with_no_taskflow_operators to None, run_after=None
[2026-01-04T12:35:50.595+0000] {processor.py:208} INFO - Processing /workspaces/f1_data_team/venv/lib/python3.12/site-packages/airflow/example_dags/example_dynamic_task_mapping_with_no_taskflow_operators.py took 0.070 seconds
[2026-01-04T12:36:42.834+0000] {processor.py:186} INFO - Started process (PID=32498) to work on /workspaces/f1_data_team/venv/lib/python3.12/site-packages/airflow/example_dags/example_dynamic_task_mapping_with_no_taskflow_operators.py
[2026-01-04T12:36:42.835+0000] {processor.py:914} INFO - Processing file /workspaces/f1_data_team/venv/lib/python3.12/site-packages/airflow/example_dags/example_dynamic_task_mapping_with_no_taskflow_operators.py for tasks to queue
[2026-01-04T12:36:42.837+0000] {logging_mixin.py:190} INFO - [2026-01-04T12:36:42.836+0000] {dagbag.py:588} INFO - Filling up the DagBag from /workspaces/f1_data_team/venv/lib/python3.12/site-packages/airflow/example_dags/example_dynamic_task_mapping_with_no_taskflow_operators.py
[2026-01-04T12:36:42.843+0000] {processor.py:925} INFO - DAG(s) 'example_dynamic_task_mapping_with_no_taskflow_operators' retrieved from /workspaces/f1_data_team/venv/lib/python3.12/site-packages/airflow/example_dags/example_dynamic_task_mapping_with_no_taskflow_operators.py
[2026-01-04T12:36:42.855+0000] {logging_mixin.py:190} INFO - [2026-01-04T12:36:42.855+0000] {dag.py:3239} INFO - Sync 1 DAGs
[2026-01-04T12:36:42.865+0000] {logging_mixin.py:190} INFO - [2026-01-04T12:36:42.864+0000] {dag.py:4180} INFO - Setting next_dagrun for example_dynamic_task_mapping_with_no_taskflow_operators to None, run_after=None
[2026-01-04T12:36:42.879+0000] {processor.py:208} INFO - Processing /workspaces/f1_data_team/venv/lib/python3.12/site-packages/airflow/example_dags/example_dynamic_task_mapping_with_no_taskflow_operators.py took 0.050 seconds
[2026-01-04T12:37:35.408+0000] {processor.py:186} INFO - Started process (PID=33167) to work on /workspaces/f1_data_team/venv/lib/python3.12/site-packages/airflow/example_dags/example_dynamic_task_mapping_with_no_taskflow_operators.py
[2026-01-04T12:37:35.408+0000] {processor.py:914} INFO - Processing file /workspaces/f1_data_team/venv/lib/python3.12/site-packages/airflow/example_dags/example_dynamic_task_mapping_with_no_taskflow_operators.py for tasks to queue
[2026-01-04T12:37:35.410+0000] {logging_mixin.py:190} INFO - [2026-01-04T12:37:35.410+0000] {dagbag.py:588} INFO - Filling up the DagBag from /workspaces/f1_data_team/venv/lib/python3.12/site-packages/airflow/example_dags/example_dynamic_task_mapping_with_no_taskflow_operators.py
[2026-01-04T12:37:35.417+0000] {processor.py:925} INFO - DAG(s) 'example_dynamic_task_mapping_with_no_taskflow_operators' retrieved from /workspaces/f1_data_team/venv/lib/python3.12/site-packages/airflow/example_dags/example_dynamic_task_mapping_with_no_taskflow_operators.py
[2026-01-04T12:37:35.429+0000] {logging_mixin.py:190} INFO - [2026-01-04T12:37:35.428+0000] {dag.py:3239} INFO - Sync 1 DAGs
[2026-01-04T12:37:35.438+0000] {logging_mixin.py:190} INFO - [2026-01-04T12:37:35.438+0000] {dag.py:4180} INFO - Setting next_dagrun for example_dynamic_task_mapping_with_no_taskflow_operators to None, run_after=None
[2026-01-04T12:37:35.452+0000] {processor.py:208} INFO - Processing /workspaces/f1_data_team/venv/lib/python3.12/site-packages/airflow/example_dags/example_dynamic_task_mapping_with_no_taskflow_operators.py took 0.049 seconds
[2026-01-04T12:38:28.560+0000] {processor.py:186} INFO - Started process (PID=33883) to work on /workspaces/f1_data_team/venv/lib/python3.12/site-packages/airflow/example_dags/example_dynamic_task_mapping_with_no_taskflow_operators.py
[2026-01-04T12:38:28.561+0000] {processor.py:914} INFO - Processing file /workspaces/f1_data_team/venv/lib/python3.12/site-packages/airflow/example_dags/example_dynamic_task_mapping_with_no_taskflow_operators.py for tasks to queue
[2026-01-04T12:38:28.563+0000] {logging_mixin.py:190} INFO - [2026-01-04T12:38:28.563+0000] {dagbag.py:588} INFO - Filling up the DagBag from /workspaces/f1_data_team/venv/lib/python3.12/site-packages/airflow/example_dags/example_dynamic_task_mapping_with_no_taskflow_operators.py
[2026-01-04T12:38:28.570+0000] {processor.py:925} INFO - DAG(s) 'example_dynamic_task_mapping_with_no_taskflow_operators' retrieved from /workspaces/f1_data_team/venv/lib/python3.12/site-packages/airflow/example_dags/example_dynamic_task_mapping_with_no_taskflow_operators.py
[2026-01-04T12:38:28.582+0000] {logging_mixin.py:190} INFO - [2026-01-04T12:38:28.582+0000] {dag.py:3239} INFO - Sync 1 DAGs
[2026-01-04T12:38:28.592+0000] {logging_mixin.py:190} INFO - [2026-01-04T12:38:28.591+0000] {dag.py:4180} INFO - Setting next_dagrun for example_dynamic_task_mapping_with_no_taskflow_operators to None, run_after=None
[2026-01-04T12:38:28.606+0000] {processor.py:208} INFO - Processing /workspaces/f1_data_team/venv/lib/python3.12/site-packages/airflow/example_dags/example_dynamic_task_mapping_with_no_taskflow_operators.py took 0.051 seconds
[2026-01-04T12:39:20.264+0000] {processor.py:186} INFO - Started process (PID=34384) to work on /workspaces/f1_data_team/venv/lib/python3.12/site-packages/airflow/example_dags/example_dynamic_task_mapping_with_no_taskflow_operators.py
[2026-01-04T12:39:20.273+0000] {processor.py:914} INFO - Processing file /workspaces/f1_data_team/venv/lib/python3.12/site-packages/airflow/example_dags/example_dynamic_task_mapping_with_no_taskflow_operators.py for tasks to queue
[2026-01-04T12:39:20.284+0000] {logging_mixin.py:190} INFO - [2026-01-04T12:39:20.283+0000] {dagbag.py:588} INFO - Filling up the DagBag from /workspaces/f1_data_team/venv/lib/python3.12/site-packages/airflow/example_dags/example_dynamic_task_mapping_with_no_taskflow_operators.py
[2026-01-04T12:39:20.311+0000] {processor.py:925} INFO - DAG(s) 'example_dynamic_task_mapping_with_no_taskflow_operators' retrieved from /workspaces/f1_data_team/venv/lib/python3.12/site-packages/airflow/example_dags/example_dynamic_task_mapping_with_no_taskflow_operators.py
[2026-01-04T12:39:20.380+0000] {logging_mixin.py:190} INFO - [2026-01-04T12:39:20.380+0000] {dag.py:3239} INFO - Sync 1 DAGs
[2026-01-04T12:39:20.457+0000] {logging_mixin.py:190} INFO - [2026-01-04T12:39:20.457+0000] {dag.py:4180} INFO - Setting next_dagrun for example_dynamic_task_mapping_with_no_taskflow_operators to None, run_after=None
[2026-01-04T12:39:20.503+0000] {processor.py:208} INFO - Processing /workspaces/f1_data_team/venv/lib/python3.12/site-packages/airflow/example_dags/example_dynamic_task_mapping_with_no_taskflow_operators.py took 0.269 seconds
[2026-01-04T12:40:15.410+0000] {processor.py:186} INFO - Started process (PID=34851) to work on /workspaces/f1_data_team/venv/lib/python3.12/site-packages/airflow/example_dags/example_dynamic_task_mapping_with_no_taskflow_operators.py
[2026-01-04T12:40:15.411+0000] {processor.py:914} INFO - Processing file /workspaces/f1_data_team/venv/lib/python3.12/site-packages/airflow/example_dags/example_dynamic_task_mapping_with_no_taskflow_operators.py for tasks to queue
[2026-01-04T12:40:15.413+0000] {logging_mixin.py:190} INFO - [2026-01-04T12:40:15.413+0000] {dagbag.py:588} INFO - Filling up the DagBag from /workspaces/f1_data_team/venv/lib/python3.12/site-packages/airflow/example_dags/example_dynamic_task_mapping_with_no_taskflow_operators.py
[2026-01-04T12:40:15.420+0000] {processor.py:925} INFO - DAG(s) 'example_dynamic_task_mapping_with_no_taskflow_operators' retrieved from /workspaces/f1_data_team/venv/lib/python3.12/site-packages/airflow/example_dags/example_dynamic_task_mapping_with_no_taskflow_operators.py
[2026-01-04T12:40:15.432+0000] {logging_mixin.py:190} INFO - [2026-01-04T12:40:15.431+0000] {dag.py:3239} INFO - Sync 1 DAGs
[2026-01-04T12:40:15.441+0000] {logging_mixin.py:190} INFO - [2026-01-04T12:40:15.441+0000] {dag.py:4180} INFO - Setting next_dagrun for example_dynamic_task_mapping_with_no_taskflow_operators to None, run_after=None
[2026-01-04T12:40:15.456+0000] {processor.py:208} INFO - Processing /workspaces/f1_data_team/venv/lib/python3.12/site-packages/airflow/example_dags/example_dynamic_task_mapping_with_no_taskflow_operators.py took 0.050 seconds
[2026-01-04T12:41:55.485+0000] {processor.py:186} INFO - Started process (PID=36121) to work on /workspaces/f1_data_team/venv/lib/python3.12/site-packages/airflow/example_dags/example_dynamic_task_mapping_with_no_taskflow_operators.py
[2026-01-04T12:41:55.486+0000] {processor.py:914} INFO - Processing file /workspaces/f1_data_team/venv/lib/python3.12/site-packages/airflow/example_dags/example_dynamic_task_mapping_with_no_taskflow_operators.py for tasks to queue
[2026-01-04T12:41:55.488+0000] {logging_mixin.py:190} INFO - [2026-01-04T12:41:55.488+0000] {dagbag.py:588} INFO - Filling up the DagBag from /workspaces/f1_data_team/venv/lib/python3.12/site-packages/airflow/example_dags/example_dynamic_task_mapping_with_no_taskflow_operators.py
[2026-01-04T12:41:55.495+0000] {processor.py:925} INFO - DAG(s) 'example_dynamic_task_mapping_with_no_taskflow_operators' retrieved from /workspaces/f1_data_team/venv/lib/python3.12/site-packages/airflow/example_dags/example_dynamic_task_mapping_with_no_taskflow_operators.py
[2026-01-04T12:41:55.508+0000] {logging_mixin.py:190} INFO - [2026-01-04T12:41:55.508+0000] {dag.py:3239} INFO - Sync 1 DAGs
[2026-01-04T12:41:55.518+0000] {logging_mixin.py:190} INFO - [2026-01-04T12:41:55.517+0000] {dag.py:4180} INFO - Setting next_dagrun for example_dynamic_task_mapping_with_no_taskflow_operators to None, run_after=None
[2026-01-04T12:41:55.532+0000] {processor.py:208} INFO - Processing /workspaces/f1_data_team/venv/lib/python3.12/site-packages/airflow/example_dags/example_dynamic_task_mapping_with_no_taskflow_operators.py took 0.051 seconds
[2026-01-04T12:43:06.427+0000] {processor.py:186} INFO - Started process (PID=37193) to work on /workspaces/f1_data_team/venv/lib/python3.12/site-packages/airflow/example_dags/example_dynamic_task_mapping_with_no_taskflow_operators.py
[2026-01-04T12:43:06.428+0000] {processor.py:914} INFO - Processing file /workspaces/f1_data_team/venv/lib/python3.12/site-packages/airflow/example_dags/example_dynamic_task_mapping_with_no_taskflow_operators.py for tasks to queue
[2026-01-04T12:43:06.430+0000] {logging_mixin.py:190} INFO - [2026-01-04T12:43:06.429+0000] {dagbag.py:588} INFO - Filling up the DagBag from /workspaces/f1_data_team/venv/lib/python3.12/site-packages/airflow/example_dags/example_dynamic_task_mapping_with_no_taskflow_operators.py
[2026-01-04T12:43:06.436+0000] {processor.py:925} INFO - DAG(s) 'example_dynamic_task_mapping_with_no_taskflow_operators' retrieved from /workspaces/f1_data_team/venv/lib/python3.12/site-packages/airflow/example_dags/example_dynamic_task_mapping_with_no_taskflow_operators.py
[2026-01-04T12:43:06.448+0000] {logging_mixin.py:190} INFO - [2026-01-04T12:43:06.448+0000] {dag.py:3239} INFO - Sync 1 DAGs
[2026-01-04T12:43:06.458+0000] {logging_mixin.py:190} INFO - [2026-01-04T12:43:06.458+0000] {dag.py:4180} INFO - Setting next_dagrun for example_dynamic_task_mapping_with_no_taskflow_operators to None, run_after=None
[2026-01-04T12:43:06.472+0000] {processor.py:208} INFO - Processing /workspaces/f1_data_team/venv/lib/python3.12/site-packages/airflow/example_dags/example_dynamic_task_mapping_with_no_taskflow_operators.py took 0.050 seconds
[2026-01-04T12:44:02.746+0000] {processor.py:186} INFO - Started process (PID=37841) to work on /workspaces/f1_data_team/venv/lib/python3.12/site-packages/airflow/example_dags/example_dynamic_task_mapping_with_no_taskflow_operators.py
[2026-01-04T12:44:02.747+0000] {processor.py:914} INFO - Processing file /workspaces/f1_data_team/venv/lib/python3.12/site-packages/airflow/example_dags/example_dynamic_task_mapping_with_no_taskflow_operators.py for tasks to queue
[2026-01-04T12:44:02.749+0000] {logging_mixin.py:190} INFO - [2026-01-04T12:44:02.749+0000] {dagbag.py:588} INFO - Filling up the DagBag from /workspaces/f1_data_team/venv/lib/python3.12/site-packages/airflow/example_dags/example_dynamic_task_mapping_with_no_taskflow_operators.py
[2026-01-04T12:44:02.756+0000] {processor.py:925} INFO - DAG(s) 'example_dynamic_task_mapping_with_no_taskflow_operators' retrieved from /workspaces/f1_data_team/venv/lib/python3.12/site-packages/airflow/example_dags/example_dynamic_task_mapping_with_no_taskflow_operators.py
[2026-01-04T12:44:02.768+0000] {logging_mixin.py:190} INFO - [2026-01-04T12:44:02.768+0000] {dag.py:3239} INFO - Sync 1 DAGs
[2026-01-04T12:44:02.778+0000] {logging_mixin.py:190} INFO - [2026-01-04T12:44:02.778+0000] {dag.py:4180} INFO - Setting next_dagrun for example_dynamic_task_mapping_with_no_taskflow_operators to None, run_after=None
[2026-01-04T12:44:02.793+0000] {processor.py:208} INFO - Processing /workspaces/f1_data_team/venv/lib/python3.12/site-packages/airflow/example_dags/example_dynamic_task_mapping_with_no_taskflow_operators.py took 0.052 seconds
[2026-01-04T12:44:56.573+0000] {processor.py:186} INFO - Started process (PID=38778) to work on /workspaces/f1_data_team/venv/lib/python3.12/site-packages/airflow/example_dags/example_dynamic_task_mapping_with_no_taskflow_operators.py
[2026-01-04T12:44:56.574+0000] {processor.py:914} INFO - Processing file /workspaces/f1_data_team/venv/lib/python3.12/site-packages/airflow/example_dags/example_dynamic_task_mapping_with_no_taskflow_operators.py for tasks to queue
[2026-01-04T12:44:56.575+0000] {logging_mixin.py:190} INFO - [2026-01-04T12:44:56.575+0000] {dagbag.py:588} INFO - Filling up the DagBag from /workspaces/f1_data_team/venv/lib/python3.12/site-packages/airflow/example_dags/example_dynamic_task_mapping_with_no_taskflow_operators.py
[2026-01-04T12:44:56.582+0000] {processor.py:925} INFO - DAG(s) 'example_dynamic_task_mapping_with_no_taskflow_operators' retrieved from /workspaces/f1_data_team/venv/lib/python3.12/site-packages/airflow/example_dags/example_dynamic_task_mapping_with_no_taskflow_operators.py
[2026-01-04T12:44:56.595+0000] {logging_mixin.py:190} INFO - [2026-01-04T12:44:56.595+0000] {dag.py:3239} INFO - Sync 1 DAGs
[2026-01-04T12:44:56.604+0000] {logging_mixin.py:190} INFO - [2026-01-04T12:44:56.604+0000] {dag.py:4180} INFO - Setting next_dagrun for example_dynamic_task_mapping_with_no_taskflow_operators to None, run_after=None
[2026-01-04T12:44:56.619+0000] {processor.py:208} INFO - Processing /workspaces/f1_data_team/venv/lib/python3.12/site-packages/airflow/example_dags/example_dynamic_task_mapping_with_no_taskflow_operators.py took 0.051 seconds
[2026-01-04T12:46:01.394+0000] {processor.py:186} INFO - Started process (PID=39662) to work on /workspaces/f1_data_team/venv/lib/python3.12/site-packages/airflow/example_dags/example_dynamic_task_mapping_with_no_taskflow_operators.py
[2026-01-04T12:46:01.394+0000] {processor.py:914} INFO - Processing file /workspaces/f1_data_team/venv/lib/python3.12/site-packages/airflow/example_dags/example_dynamic_task_mapping_with_no_taskflow_operators.py for tasks to queue
[2026-01-04T12:46:01.396+0000] {logging_mixin.py:190} INFO - [2026-01-04T12:46:01.396+0000] {dagbag.py:588} INFO - Filling up the DagBag from /workspaces/f1_data_team/venv/lib/python3.12/site-packages/airflow/example_dags/example_dynamic_task_mapping_with_no_taskflow_operators.py
[2026-01-04T12:46:01.403+0000] {processor.py:925} INFO - DAG(s) 'example_dynamic_task_mapping_with_no_taskflow_operators' retrieved from /workspaces/f1_data_team/venv/lib/python3.12/site-packages/airflow/example_dags/example_dynamic_task_mapping_with_no_taskflow_operators.py
[2026-01-04T12:46:01.415+0000] {logging_mixin.py:190} INFO - [2026-01-04T12:46:01.415+0000] {dag.py:3239} INFO - Sync 1 DAGs
[2026-01-04T12:46:01.425+0000] {logging_mixin.py:190} INFO - [2026-01-04T12:46:01.425+0000] {dag.py:4180} INFO - Setting next_dagrun for example_dynamic_task_mapping_with_no_taskflow_operators to None, run_after=None
[2026-01-04T12:46:01.440+0000] {processor.py:208} INFO - Processing /workspaces/f1_data_team/venv/lib/python3.12/site-packages/airflow/example_dags/example_dynamic_task_mapping_with_no_taskflow_operators.py took 0.051 seconds
[2026-01-04T12:46:52.786+0000] {processor.py:186} INFO - Started process (PID=40196) to work on /workspaces/f1_data_team/venv/lib/python3.12/site-packages/airflow/example_dags/example_dynamic_task_mapping_with_no_taskflow_operators.py
[2026-01-04T12:46:52.786+0000] {processor.py:914} INFO - Processing file /workspaces/f1_data_team/venv/lib/python3.12/site-packages/airflow/example_dags/example_dynamic_task_mapping_with_no_taskflow_operators.py for tasks to queue
[2026-01-04T12:46:52.788+0000] {logging_mixin.py:190} INFO - [2026-01-04T12:46:52.788+0000] {dagbag.py:588} INFO - Filling up the DagBag from /workspaces/f1_data_team/venv/lib/python3.12/site-packages/airflow/example_dags/example_dynamic_task_mapping_with_no_taskflow_operators.py
[2026-01-04T12:46:52.795+0000] {processor.py:925} INFO - DAG(s) 'example_dynamic_task_mapping_with_no_taskflow_operators' retrieved from /workspaces/f1_data_team/venv/lib/python3.12/site-packages/airflow/example_dags/example_dynamic_task_mapping_with_no_taskflow_operators.py
[2026-01-04T12:46:52.807+0000] {logging_mixin.py:190} INFO - [2026-01-04T12:46:52.807+0000] {dag.py:3239} INFO - Sync 1 DAGs
[2026-01-04T12:46:52.817+0000] {logging_mixin.py:190} INFO - [2026-01-04T12:46:52.816+0000] {dag.py:4180} INFO - Setting next_dagrun for example_dynamic_task_mapping_with_no_taskflow_operators to None, run_after=None
[2026-01-04T12:46:52.833+0000] {processor.py:208} INFO - Processing /workspaces/f1_data_team/venv/lib/python3.12/site-packages/airflow/example_dags/example_dynamic_task_mapping_with_no_taskflow_operators.py took 0.052 seconds
[2026-01-04T12:47:43.874+0000] {processor.py:186} INFO - Started process (PID=40699) to work on /workspaces/f1_data_team/venv/lib/python3.12/site-packages/airflow/example_dags/example_dynamic_task_mapping_with_no_taskflow_operators.py
[2026-01-04T12:47:43.875+0000] {processor.py:914} INFO - Processing file /workspaces/f1_data_team/venv/lib/python3.12/site-packages/airflow/example_dags/example_dynamic_task_mapping_with_no_taskflow_operators.py for tasks to queue
[2026-01-04T12:47:43.877+0000] {logging_mixin.py:190} INFO - [2026-01-04T12:47:43.876+0000] {dagbag.py:588} INFO - Filling up the DagBag from /workspaces/f1_data_team/venv/lib/python3.12/site-packages/airflow/example_dags/example_dynamic_task_mapping_with_no_taskflow_operators.py
[2026-01-04T12:47:43.884+0000] {processor.py:925} INFO - DAG(s) 'example_dynamic_task_mapping_with_no_taskflow_operators' retrieved from /workspaces/f1_data_team/venv/lib/python3.12/site-packages/airflow/example_dags/example_dynamic_task_mapping_with_no_taskflow_operators.py
[2026-01-04T12:47:43.898+0000] {logging_mixin.py:190} INFO - [2026-01-04T12:47:43.897+0000] {dag.py:3239} INFO - Sync 1 DAGs
[2026-01-04T12:47:43.907+0000] {logging_mixin.py:190} INFO - [2026-01-04T12:47:43.907+0000] {dag.py:4180} INFO - Setting next_dagrun for example_dynamic_task_mapping_with_no_taskflow_operators to None, run_after=None
[2026-01-04T12:47:43.921+0000] {processor.py:208} INFO - Processing /workspaces/f1_data_team/venv/lib/python3.12/site-packages/airflow/example_dags/example_dynamic_task_mapping_with_no_taskflow_operators.py took 0.052 seconds
[2026-01-04T12:49:16.310+0000] {processor.py:186} INFO - Started process (PID=42205) to work on /workspaces/f1_data_team/venv/lib/python3.12/site-packages/airflow/example_dags/example_dynamic_task_mapping_with_no_taskflow_operators.py
[2026-01-04T12:49:16.311+0000] {processor.py:914} INFO - Processing file /workspaces/f1_data_team/venv/lib/python3.12/site-packages/airflow/example_dags/example_dynamic_task_mapping_with_no_taskflow_operators.py for tasks to queue
[2026-01-04T12:49:16.313+0000] {logging_mixin.py:190} INFO - [2026-01-04T12:49:16.312+0000] {dagbag.py:588} INFO - Filling up the DagBag from /workspaces/f1_data_team/venv/lib/python3.12/site-packages/airflow/example_dags/example_dynamic_task_mapping_with_no_taskflow_operators.py
[2026-01-04T12:49:16.320+0000] {processor.py:925} INFO - DAG(s) 'example_dynamic_task_mapping_with_no_taskflow_operators' retrieved from /workspaces/f1_data_team/venv/lib/python3.12/site-packages/airflow/example_dags/example_dynamic_task_mapping_with_no_taskflow_operators.py
[2026-01-04T12:49:16.333+0000] {logging_mixin.py:190} INFO - [2026-01-04T12:49:16.333+0000] {dag.py:3239} INFO - Sync 1 DAGs
[2026-01-04T12:49:16.343+0000] {logging_mixin.py:190} INFO - [2026-01-04T12:49:16.343+0000] {dag.py:4180} INFO - Setting next_dagrun for example_dynamic_task_mapping_with_no_taskflow_operators to None, run_after=None
[2026-01-04T12:49:16.357+0000] {processor.py:208} INFO - Processing /workspaces/f1_data_team/venv/lib/python3.12/site-packages/airflow/example_dags/example_dynamic_task_mapping_with_no_taskflow_operators.py took 0.051 seconds
[2026-01-04T12:50:12.504+0000] {processor.py:186} INFO - Started process (PID=42726) to work on /workspaces/f1_data_team/venv/lib/python3.12/site-packages/airflow/example_dags/example_dynamic_task_mapping_with_no_taskflow_operators.py
[2026-01-04T12:50:12.505+0000] {processor.py:914} INFO - Processing file /workspaces/f1_data_team/venv/lib/python3.12/site-packages/airflow/example_dags/example_dynamic_task_mapping_with_no_taskflow_operators.py for tasks to queue
[2026-01-04T12:50:12.506+0000] {logging_mixin.py:190} INFO - [2026-01-04T12:50:12.506+0000] {dagbag.py:588} INFO - Filling up the DagBag from /workspaces/f1_data_team/venv/lib/python3.12/site-packages/airflow/example_dags/example_dynamic_task_mapping_with_no_taskflow_operators.py
[2026-01-04T12:50:12.513+0000] {processor.py:925} INFO - DAG(s) 'example_dynamic_task_mapping_with_no_taskflow_operators' retrieved from /workspaces/f1_data_team/venv/lib/python3.12/site-packages/airflow/example_dags/example_dynamic_task_mapping_with_no_taskflow_operators.py
[2026-01-04T12:50:12.525+0000] {logging_mixin.py:190} INFO - [2026-01-04T12:50:12.525+0000] {dag.py:3239} INFO - Sync 1 DAGs
[2026-01-04T12:50:12.535+0000] {logging_mixin.py:190} INFO - [2026-01-04T12:50:12.535+0000] {dag.py:4180} INFO - Setting next_dagrun for example_dynamic_task_mapping_with_no_taskflow_operators to None, run_after=None
[2026-01-04T12:50:12.550+0000] {processor.py:208} INFO - Processing /workspaces/f1_data_team/venv/lib/python3.12/site-packages/airflow/example_dags/example_dynamic_task_mapping_with_no_taskflow_operators.py took 0.050 seconds
[2026-01-04T12:51:50.265+0000] {processor.py:186} INFO - Started process (PID=44294) to work on /workspaces/f1_data_team/venv/lib/python3.12/site-packages/airflow/example_dags/example_dynamic_task_mapping_with_no_taskflow_operators.py
[2026-01-04T12:51:50.266+0000] {processor.py:914} INFO - Processing file /workspaces/f1_data_team/venv/lib/python3.12/site-packages/airflow/example_dags/example_dynamic_task_mapping_with_no_taskflow_operators.py for tasks to queue
[2026-01-04T12:51:50.268+0000] {logging_mixin.py:190} INFO - [2026-01-04T12:51:50.267+0000] {dagbag.py:588} INFO - Filling up the DagBag from /workspaces/f1_data_team/venv/lib/python3.12/site-packages/airflow/example_dags/example_dynamic_task_mapping_with_no_taskflow_operators.py
[2026-01-04T12:51:50.274+0000] {processor.py:925} INFO - DAG(s) 'example_dynamic_task_mapping_with_no_taskflow_operators' retrieved from /workspaces/f1_data_team/venv/lib/python3.12/site-packages/airflow/example_dags/example_dynamic_task_mapping_with_no_taskflow_operators.py
[2026-01-04T12:51:50.287+0000] {logging_mixin.py:190} INFO - [2026-01-04T12:51:50.287+0000] {dag.py:3239} INFO - Sync 1 DAGs
[2026-01-04T12:51:50.296+0000] {logging_mixin.py:190} INFO - [2026-01-04T12:51:50.296+0000] {dag.py:4180} INFO - Setting next_dagrun for example_dynamic_task_mapping_with_no_taskflow_operators to None, run_after=None
[2026-01-04T12:51:50.311+0000] {processor.py:208} INFO - Processing /workspaces/f1_data_team/venv/lib/python3.12/site-packages/airflow/example_dags/example_dynamic_task_mapping_with_no_taskflow_operators.py took 0.051 seconds
[2026-01-04T12:52:48.615+0000] {processor.py:186} INFO - Started process (PID=45117) to work on /workspaces/f1_data_team/venv/lib/python3.12/site-packages/airflow/example_dags/example_dynamic_task_mapping_with_no_taskflow_operators.py
[2026-01-04T12:52:48.616+0000] {processor.py:914} INFO - Processing file /workspaces/f1_data_team/venv/lib/python3.12/site-packages/airflow/example_dags/example_dynamic_task_mapping_with_no_taskflow_operators.py for tasks to queue
[2026-01-04T12:52:48.617+0000] {logging_mixin.py:190} INFO - [2026-01-04T12:52:48.617+0000] {dagbag.py:588} INFO - Filling up the DagBag from /workspaces/f1_data_team/venv/lib/python3.12/site-packages/airflow/example_dags/example_dynamic_task_mapping_with_no_taskflow_operators.py
[2026-01-04T12:52:48.624+0000] {processor.py:925} INFO - DAG(s) 'example_dynamic_task_mapping_with_no_taskflow_operators' retrieved from /workspaces/f1_data_team/venv/lib/python3.12/site-packages/airflow/example_dags/example_dynamic_task_mapping_with_no_taskflow_operators.py
[2026-01-04T12:52:48.636+0000] {logging_mixin.py:190} INFO - [2026-01-04T12:52:48.636+0000] {dag.py:3239} INFO - Sync 1 DAGs
[2026-01-04T12:52:48.645+0000] {logging_mixin.py:190} INFO - [2026-01-04T12:52:48.645+0000] {dag.py:4180} INFO - Setting next_dagrun for example_dynamic_task_mapping_with_no_taskflow_operators to None, run_after=None
[2026-01-04T12:52:48.660+0000] {processor.py:208} INFO - Processing /workspaces/f1_data_team/venv/lib/python3.12/site-packages/airflow/example_dags/example_dynamic_task_mapping_with_no_taskflow_operators.py took 0.050 seconds
[2026-01-04T12:53:44.459+0000] {processor.py:186} INFO - Started process (PID=46050) to work on /workspaces/f1_data_team/venv/lib/python3.12/site-packages/airflow/example_dags/example_dynamic_task_mapping_with_no_taskflow_operators.py
[2026-01-04T12:53:44.460+0000] {processor.py:914} INFO - Processing file /workspaces/f1_data_team/venv/lib/python3.12/site-packages/airflow/example_dags/example_dynamic_task_mapping_with_no_taskflow_operators.py for tasks to queue
[2026-01-04T12:53:44.461+0000] {logging_mixin.py:190} INFO - [2026-01-04T12:53:44.461+0000] {dagbag.py:588} INFO - Filling up the DagBag from /workspaces/f1_data_team/venv/lib/python3.12/site-packages/airflow/example_dags/example_dynamic_task_mapping_with_no_taskflow_operators.py
[2026-01-04T12:53:44.468+0000] {processor.py:925} INFO - DAG(s) 'example_dynamic_task_mapping_with_no_taskflow_operators' retrieved from /workspaces/f1_data_team/venv/lib/python3.12/site-packages/airflow/example_dags/example_dynamic_task_mapping_with_no_taskflow_operators.py
[2026-01-04T12:53:44.480+0000] {logging_mixin.py:190} INFO - [2026-01-04T12:53:44.480+0000] {dag.py:3239} INFO - Sync 1 DAGs
[2026-01-04T12:53:44.489+0000] {logging_mixin.py:190} INFO - [2026-01-04T12:53:44.489+0000] {dag.py:4180} INFO - Setting next_dagrun for example_dynamic_task_mapping_with_no_taskflow_operators to None, run_after=None
[2026-01-04T12:53:44.504+0000] {processor.py:208} INFO - Processing /workspaces/f1_data_team/venv/lib/python3.12/site-packages/airflow/example_dags/example_dynamic_task_mapping_with_no_taskflow_operators.py took 0.050 seconds
[2026-01-04T12:54:42.027+0000] {processor.py:186} INFO - Started process (PID=46866) to work on /workspaces/f1_data_team/venv/lib/python3.12/site-packages/airflow/example_dags/example_dynamic_task_mapping_with_no_taskflow_operators.py
[2026-01-04T12:54:42.028+0000] {processor.py:914} INFO - Processing file /workspaces/f1_data_team/venv/lib/python3.12/site-packages/airflow/example_dags/example_dynamic_task_mapping_with_no_taskflow_operators.py for tasks to queue
[2026-01-04T12:54:42.030+0000] {logging_mixin.py:190} INFO - [2026-01-04T12:54:42.030+0000] {dagbag.py:588} INFO - Filling up the DagBag from /workspaces/f1_data_team/venv/lib/python3.12/site-packages/airflow/example_dags/example_dynamic_task_mapping_with_no_taskflow_operators.py
[2026-01-04T12:54:42.037+0000] {processor.py:925} INFO - DAG(s) 'example_dynamic_task_mapping_with_no_taskflow_operators' retrieved from /workspaces/f1_data_team/venv/lib/python3.12/site-packages/airflow/example_dags/example_dynamic_task_mapping_with_no_taskflow_operators.py
[2026-01-04T12:54:42.050+0000] {logging_mixin.py:190} INFO - [2026-01-04T12:54:42.049+0000] {dag.py:3239} INFO - Sync 1 DAGs
[2026-01-04T12:54:42.060+0000] {logging_mixin.py:190} INFO - [2026-01-04T12:54:42.059+0000] {dag.py:4180} INFO - Setting next_dagrun for example_dynamic_task_mapping_with_no_taskflow_operators to None, run_after=None
[2026-01-04T12:54:42.075+0000] {processor.py:208} INFO - Processing /workspaces/f1_data_team/venv/lib/python3.12/site-packages/airflow/example_dags/example_dynamic_task_mapping_with_no_taskflow_operators.py took 0.054 seconds
[2026-01-04T12:56:01.412+0000] {processor.py:186} INFO - Started process (PID=47931) to work on /workspaces/f1_data_team/venv/lib/python3.12/site-packages/airflow/example_dags/example_dynamic_task_mapping_with_no_taskflow_operators.py
[2026-01-04T12:56:01.413+0000] {processor.py:914} INFO - Processing file /workspaces/f1_data_team/venv/lib/python3.12/site-packages/airflow/example_dags/example_dynamic_task_mapping_with_no_taskflow_operators.py for tasks to queue
[2026-01-04T12:56:01.415+0000] {logging_mixin.py:190} INFO - [2026-01-04T12:56:01.414+0000] {dagbag.py:588} INFO - Filling up the DagBag from /workspaces/f1_data_team/venv/lib/python3.12/site-packages/airflow/example_dags/example_dynamic_task_mapping_with_no_taskflow_operators.py
[2026-01-04T12:56:01.421+0000] {processor.py:925} INFO - DAG(s) 'example_dynamic_task_mapping_with_no_taskflow_operators' retrieved from /workspaces/f1_data_team/venv/lib/python3.12/site-packages/airflow/example_dags/example_dynamic_task_mapping_with_no_taskflow_operators.py
[2026-01-04T12:56:01.434+0000] {logging_mixin.py:190} INFO - [2026-01-04T12:56:01.433+0000] {dag.py:3239} INFO - Sync 1 DAGs
[2026-01-04T12:56:01.444+0000] {logging_mixin.py:190} INFO - [2026-01-04T12:56:01.444+0000] {dag.py:4180} INFO - Setting next_dagrun for example_dynamic_task_mapping_with_no_taskflow_operators to None, run_after=None
[2026-01-04T12:56:01.458+0000] {processor.py:208} INFO - Processing /workspaces/f1_data_team/venv/lib/python3.12/site-packages/airflow/example_dags/example_dynamic_task_mapping_with_no_taskflow_operators.py took 0.051 seconds
[2026-01-04T12:56:54.950+0000] {processor.py:186} INFO - Started process (PID=48474) to work on /workspaces/f1_data_team/venv/lib/python3.12/site-packages/airflow/example_dags/example_dynamic_task_mapping_with_no_taskflow_operators.py
[2026-01-04T12:56:54.951+0000] {processor.py:914} INFO - Processing file /workspaces/f1_data_team/venv/lib/python3.12/site-packages/airflow/example_dags/example_dynamic_task_mapping_with_no_taskflow_operators.py for tasks to queue
[2026-01-04T12:56:54.953+0000] {logging_mixin.py:190} INFO - [2026-01-04T12:56:54.953+0000] {dagbag.py:588} INFO - Filling up the DagBag from /workspaces/f1_data_team/venv/lib/python3.12/site-packages/airflow/example_dags/example_dynamic_task_mapping_with_no_taskflow_operators.py
[2026-01-04T12:56:54.960+0000] {processor.py:925} INFO - DAG(s) 'example_dynamic_task_mapping_with_no_taskflow_operators' retrieved from /workspaces/f1_data_team/venv/lib/python3.12/site-packages/airflow/example_dags/example_dynamic_task_mapping_with_no_taskflow_operators.py
[2026-01-04T12:56:54.973+0000] {logging_mixin.py:190} INFO - [2026-01-04T12:56:54.972+0000] {dag.py:3239} INFO - Sync 1 DAGs
[2026-01-04T12:56:54.982+0000] {logging_mixin.py:190} INFO - [2026-01-04T12:56:54.982+0000] {dag.py:4180} INFO - Setting next_dagrun for example_dynamic_task_mapping_with_no_taskflow_operators to None, run_after=None
[2026-01-04T12:56:54.998+0000] {processor.py:208} INFO - Processing /workspaces/f1_data_team/venv/lib/python3.12/site-packages/airflow/example_dags/example_dynamic_task_mapping_with_no_taskflow_operators.py took 0.052 seconds
[2026-01-04T12:57:47.387+0000] {processor.py:186} INFO - Started process (PID=48988) to work on /workspaces/f1_data_team/venv/lib/python3.12/site-packages/airflow/example_dags/example_dynamic_task_mapping_with_no_taskflow_operators.py
[2026-01-04T12:57:47.388+0000] {processor.py:914} INFO - Processing file /workspaces/f1_data_team/venv/lib/python3.12/site-packages/airflow/example_dags/example_dynamic_task_mapping_with_no_taskflow_operators.py for tasks to queue
[2026-01-04T12:57:47.389+0000] {logging_mixin.py:190} INFO - [2026-01-04T12:57:47.389+0000] {dagbag.py:588} INFO - Filling up the DagBag from /workspaces/f1_data_team/venv/lib/python3.12/site-packages/airflow/example_dags/example_dynamic_task_mapping_with_no_taskflow_operators.py
[2026-01-04T12:57:47.405+0000] {processor.py:925} INFO - DAG(s) 'example_dynamic_task_mapping_with_no_taskflow_operators' retrieved from /workspaces/f1_data_team/venv/lib/python3.12/site-packages/airflow/example_dags/example_dynamic_task_mapping_with_no_taskflow_operators.py
[2026-01-04T12:57:47.431+0000] {logging_mixin.py:190} INFO - [2026-01-04T12:57:47.431+0000] {dag.py:3239} INFO - Sync 1 DAGs
[2026-01-04T12:57:47.453+0000] {logging_mixin.py:190} INFO - [2026-01-04T12:57:47.453+0000] {dag.py:4180} INFO - Setting next_dagrun for example_dynamic_task_mapping_with_no_taskflow_operators to None, run_after=None
[2026-01-04T12:57:47.535+0000] {processor.py:208} INFO - Processing /workspaces/f1_data_team/venv/lib/python3.12/site-packages/airflow/example_dags/example_dynamic_task_mapping_with_no_taskflow_operators.py took 0.153 seconds
[2026-01-04T12:58:39.472+0000] {processor.py:186} INFO - Started process (PID=49495) to work on /workspaces/f1_data_team/venv/lib/python3.12/site-packages/airflow/example_dags/example_dynamic_task_mapping_with_no_taskflow_operators.py
[2026-01-04T12:58:39.473+0000] {processor.py:914} INFO - Processing file /workspaces/f1_data_team/venv/lib/python3.12/site-packages/airflow/example_dags/example_dynamic_task_mapping_with_no_taskflow_operators.py for tasks to queue
[2026-01-04T12:58:39.475+0000] {logging_mixin.py:190} INFO - [2026-01-04T12:58:39.474+0000] {dagbag.py:588} INFO - Filling up the DagBag from /workspaces/f1_data_team/venv/lib/python3.12/site-packages/airflow/example_dags/example_dynamic_task_mapping_with_no_taskflow_operators.py
[2026-01-04T12:58:39.481+0000] {processor.py:925} INFO - DAG(s) 'example_dynamic_task_mapping_with_no_taskflow_operators' retrieved from /workspaces/f1_data_team/venv/lib/python3.12/site-packages/airflow/example_dags/example_dynamic_task_mapping_with_no_taskflow_operators.py
[2026-01-04T12:58:39.494+0000] {logging_mixin.py:190} INFO - [2026-01-04T12:58:39.493+0000] {dag.py:3239} INFO - Sync 1 DAGs
[2026-01-04T12:58:39.503+0000] {logging_mixin.py:190} INFO - [2026-01-04T12:58:39.503+0000] {dag.py:4180} INFO - Setting next_dagrun for example_dynamic_task_mapping_with_no_taskflow_operators to None, run_after=None
[2026-01-04T12:58:39.518+0000] {processor.py:208} INFO - Processing /workspaces/f1_data_team/venv/lib/python3.12/site-packages/airflow/example_dags/example_dynamic_task_mapping_with_no_taskflow_operators.py took 0.051 seconds
[2026-01-04T12:59:33.623+0000] {processor.py:186} INFO - Started process (PID=50036) to work on /workspaces/f1_data_team/venv/lib/python3.12/site-packages/airflow/example_dags/example_dynamic_task_mapping_with_no_taskflow_operators.py
[2026-01-04T12:59:33.625+0000] {processor.py:914} INFO - Processing file /workspaces/f1_data_team/venv/lib/python3.12/site-packages/airflow/example_dags/example_dynamic_task_mapping_with_no_taskflow_operators.py for tasks to queue
[2026-01-04T12:59:33.629+0000] {logging_mixin.py:190} INFO - [2026-01-04T12:59:33.628+0000] {dagbag.py:588} INFO - Filling up the DagBag from /workspaces/f1_data_team/venv/lib/python3.12/site-packages/airflow/example_dags/example_dynamic_task_mapping_with_no_taskflow_operators.py
[2026-01-04T12:59:33.638+0000] {processor.py:925} INFO - DAG(s) 'example_dynamic_task_mapping_with_no_taskflow_operators' retrieved from /workspaces/f1_data_team/venv/lib/python3.12/site-packages/airflow/example_dags/example_dynamic_task_mapping_with_no_taskflow_operators.py
[2026-01-04T12:59:33.651+0000] {logging_mixin.py:190} INFO - [2026-01-04T12:59:33.650+0000] {dag.py:3239} INFO - Sync 1 DAGs
[2026-01-04T12:59:33.661+0000] {logging_mixin.py:190} INFO - [2026-01-04T12:59:33.660+0000] {dag.py:4180} INFO - Setting next_dagrun for example_dynamic_task_mapping_with_no_taskflow_operators to None, run_after=None
[2026-01-04T12:59:33.675+0000] {processor.py:208} INFO - Processing /workspaces/f1_data_team/venv/lib/python3.12/site-packages/airflow/example_dags/example_dynamic_task_mapping_with_no_taskflow_operators.py took 0.063 seconds
[2026-01-04T13:00:29.847+0000] {processor.py:186} INFO - Started process (PID=50672) to work on /workspaces/f1_data_team/venv/lib/python3.12/site-packages/airflow/example_dags/example_dynamic_task_mapping_with_no_taskflow_operators.py
[2026-01-04T13:00:29.848+0000] {processor.py:914} INFO - Processing file /workspaces/f1_data_team/venv/lib/python3.12/site-packages/airflow/example_dags/example_dynamic_task_mapping_with_no_taskflow_operators.py for tasks to queue
[2026-01-04T13:00:29.850+0000] {logging_mixin.py:190} INFO - [2026-01-04T13:00:29.849+0000] {dagbag.py:588} INFO - Filling up the DagBag from /workspaces/f1_data_team/venv/lib/python3.12/site-packages/airflow/example_dags/example_dynamic_task_mapping_with_no_taskflow_operators.py
[2026-01-04T13:00:29.857+0000] {processor.py:925} INFO - DAG(s) 'example_dynamic_task_mapping_with_no_taskflow_operators' retrieved from /workspaces/f1_data_team/venv/lib/python3.12/site-packages/airflow/example_dags/example_dynamic_task_mapping_with_no_taskflow_operators.py
[2026-01-04T13:00:29.868+0000] {logging_mixin.py:190} INFO - [2026-01-04T13:00:29.868+0000] {dag.py:3239} INFO - Sync 1 DAGs
[2026-01-04T13:00:29.879+0000] {logging_mixin.py:190} INFO - [2026-01-04T13:00:29.879+0000] {dag.py:4180} INFO - Setting next_dagrun for example_dynamic_task_mapping_with_no_taskflow_operators to None, run_after=None
[2026-01-04T13:00:29.901+0000] {processor.py:208} INFO - Processing /workspaces/f1_data_team/venv/lib/python3.12/site-packages/airflow/example_dags/example_dynamic_task_mapping_with_no_taskflow_operators.py took 0.059 seconds
[2026-01-04T13:01:21.243+0000] {processor.py:186} INFO - Started process (PID=51269) to work on /workspaces/f1_data_team/venv/lib/python3.12/site-packages/airflow/example_dags/example_dynamic_task_mapping_with_no_taskflow_operators.py
[2026-01-04T13:01:21.244+0000] {processor.py:914} INFO - Processing file /workspaces/f1_data_team/venv/lib/python3.12/site-packages/airflow/example_dags/example_dynamic_task_mapping_with_no_taskflow_operators.py for tasks to queue
[2026-01-04T13:01:21.246+0000] {logging_mixin.py:190} INFO - [2026-01-04T13:01:21.245+0000] {dagbag.py:588} INFO - Filling up the DagBag from /workspaces/f1_data_team/venv/lib/python3.12/site-packages/airflow/example_dags/example_dynamic_task_mapping_with_no_taskflow_operators.py
[2026-01-04T13:01:21.253+0000] {processor.py:925} INFO - DAG(s) 'example_dynamic_task_mapping_with_no_taskflow_operators' retrieved from /workspaces/f1_data_team/venv/lib/python3.12/site-packages/airflow/example_dags/example_dynamic_task_mapping_with_no_taskflow_operators.py
[2026-01-04T13:01:21.265+0000] {logging_mixin.py:190} INFO - [2026-01-04T13:01:21.265+0000] {dag.py:3239} INFO - Sync 1 DAGs
[2026-01-04T13:01:21.275+0000] {logging_mixin.py:190} INFO - [2026-01-04T13:01:21.274+0000] {dag.py:4180} INFO - Setting next_dagrun for example_dynamic_task_mapping_with_no_taskflow_operators to None, run_after=None
[2026-01-04T13:01:21.290+0000] {processor.py:208} INFO - Processing /workspaces/f1_data_team/venv/lib/python3.12/site-packages/airflow/example_dags/example_dynamic_task_mapping_with_no_taskflow_operators.py took 0.053 seconds
