[2026-01-04T12:27:26.785+0000] {processor.py:186} INFO - Started process (PID=24850) to work on /workspaces/f1_data_team/venv/lib/python3.12/site-packages/airflow/example_dags/example_complex.py
[2026-01-04T12:27:26.786+0000] {processor.py:914} INFO - Processing file /workspaces/f1_data_team/venv/lib/python3.12/site-packages/airflow/example_dags/example_complex.py for tasks to queue
[2026-01-04T12:27:26.788+0000] {logging_mixin.py:190} INFO - [2026-01-04T12:27:26.788+0000] {dagbag.py:588} INFO - Filling up the DagBag from /workspaces/f1_data_team/venv/lib/python3.12/site-packages/airflow/example_dags/example_complex.py
[2026-01-04T12:27:26.797+0000] {processor.py:925} INFO - DAG(s) 'example_complex' retrieved from /workspaces/f1_data_team/venv/lib/python3.12/site-packages/airflow/example_dags/example_complex.py
[2026-01-04T12:27:26.881+0000] {logging_mixin.py:190} INFO - [2026-01-04T12:27:26.880+0000] {override.py:1911} INFO - Created Permission View: can read on DAG:example_complex
[2026-01-04T12:27:26.888+0000] {logging_mixin.py:190} INFO - [2026-01-04T12:27:26.888+0000] {override.py:1911} INFO - Created Permission View: can edit on DAG:example_complex
[2026-01-04T12:27:26.894+0000] {logging_mixin.py:190} INFO - [2026-01-04T12:27:26.893+0000] {override.py:1911} INFO - Created Permission View: can delete on DAG:example_complex
[2026-01-04T12:27:26.901+0000] {logging_mixin.py:190} INFO - [2026-01-04T12:27:26.901+0000] {override.py:1911} INFO - Created Permission View: can read on DAG Run:example_complex
[2026-01-04T12:27:26.906+0000] {logging_mixin.py:190} INFO - [2026-01-04T12:27:26.906+0000] {override.py:1911} INFO - Created Permission View: menu access on DAG Run:example_complex
[2026-01-04T12:27:26.912+0000] {logging_mixin.py:190} INFO - [2026-01-04T12:27:26.911+0000] {override.py:1911} INFO - Created Permission View: can create on DAG Run:example_complex
[2026-01-04T12:27:26.917+0000] {logging_mixin.py:190} INFO - [2026-01-04T12:27:26.916+0000] {override.py:1911} INFO - Created Permission View: can delete on DAG Run:example_complex
[2026-01-04T12:27:26.917+0000] {logging_mixin.py:190} INFO - [2026-01-04T12:27:26.917+0000] {dag.py:3239} INFO - Sync 1 DAGs
[2026-01-04T12:27:26.926+0000] {logging_mixin.py:190} INFO - [2026-01-04T12:27:26.926+0000] {dag.py:3262} INFO - Creating ORM DAG for example_complex
[2026-01-04T12:27:26.927+0000] {logging_mixin.py:190} INFO - [2026-01-04T12:27:26.927+0000] {dag.py:4180} INFO - Setting next_dagrun for example_complex to None, run_after=None
[2026-01-04T12:27:26.941+0000] {processor.py:208} INFO - Processing /workspaces/f1_data_team/venv/lib/python3.12/site-packages/airflow/example_dags/example_complex.py took 0.160 seconds
[2026-01-04T12:28:25.355+0000] {processor.py:186} INFO - Started process (PID=25373) to work on /workspaces/f1_data_team/venv/lib/python3.12/site-packages/airflow/example_dags/example_complex.py
[2026-01-04T12:28:25.356+0000] {processor.py:914} INFO - Processing file /workspaces/f1_data_team/venv/lib/python3.12/site-packages/airflow/example_dags/example_complex.py for tasks to queue
[2026-01-04T12:28:25.357+0000] {logging_mixin.py:190} INFO - [2026-01-04T12:28:25.357+0000] {dagbag.py:588} INFO - Filling up the DagBag from /workspaces/f1_data_team/venv/lib/python3.12/site-packages/airflow/example_dags/example_complex.py
[2026-01-04T12:28:25.367+0000] {processor.py:925} INFO - DAG(s) 'example_complex' retrieved from /workspaces/f1_data_team/venv/lib/python3.12/site-packages/airflow/example_dags/example_complex.py
[2026-01-04T12:28:25.386+0000] {logging_mixin.py:190} INFO - [2026-01-04T12:28:25.386+0000] {dag.py:3239} INFO - Sync 1 DAGs
[2026-01-04T12:28:25.396+0000] {logging_mixin.py:190} INFO - [2026-01-04T12:28:25.395+0000] {dag.py:4180} INFO - Setting next_dagrun for example_complex to None, run_after=None
[2026-01-04T12:28:25.410+0000] {processor.py:208} INFO - Processing /workspaces/f1_data_team/venv/lib/python3.12/site-packages/airflow/example_dags/example_complex.py took 0.060 seconds
[2026-01-04T12:29:21.876+0000] {processor.py:186} INFO - Started process (PID=26539) to work on /workspaces/f1_data_team/venv/lib/python3.12/site-packages/airflow/example_dags/example_complex.py
[2026-01-04T12:29:21.877+0000] {processor.py:914} INFO - Processing file /workspaces/f1_data_team/venv/lib/python3.12/site-packages/airflow/example_dags/example_complex.py for tasks to queue
[2026-01-04T12:29:21.879+0000] {logging_mixin.py:190} INFO - [2026-01-04T12:29:21.878+0000] {dagbag.py:588} INFO - Filling up the DagBag from /workspaces/f1_data_team/venv/lib/python3.12/site-packages/airflow/example_dags/example_complex.py
[2026-01-04T12:29:21.888+0000] {processor.py:925} INFO - DAG(s) 'example_complex' retrieved from /workspaces/f1_data_team/venv/lib/python3.12/site-packages/airflow/example_dags/example_complex.py
[2026-01-04T12:29:21.907+0000] {logging_mixin.py:190} INFO - [2026-01-04T12:29:21.907+0000] {dag.py:3239} INFO - Sync 1 DAGs
[2026-01-04T12:29:21.916+0000] {logging_mixin.py:190} INFO - [2026-01-04T12:29:21.916+0000] {dag.py:4180} INFO - Setting next_dagrun for example_complex to None, run_after=None
[2026-01-04T12:29:21.931+0000] {processor.py:208} INFO - Processing /workspaces/f1_data_team/venv/lib/python3.12/site-packages/airflow/example_dags/example_complex.py took 0.060 seconds
[2026-01-04T12:31:03.689+0000] {processor.py:186} INFO - Started process (PID=28111) to work on /workspaces/f1_data_team/venv/lib/python3.12/site-packages/airflow/example_dags/example_complex.py
[2026-01-04T12:31:03.690+0000] {processor.py:914} INFO - Processing file /workspaces/f1_data_team/venv/lib/python3.12/site-packages/airflow/example_dags/example_complex.py for tasks to queue
[2026-01-04T12:31:03.692+0000] {logging_mixin.py:190} INFO - [2026-01-04T12:31:03.692+0000] {dagbag.py:588} INFO - Filling up the DagBag from /workspaces/f1_data_team/venv/lib/python3.12/site-packages/airflow/example_dags/example_complex.py
[2026-01-04T12:31:03.701+0000] {processor.py:925} INFO - DAG(s) 'example_complex' retrieved from /workspaces/f1_data_team/venv/lib/python3.12/site-packages/airflow/example_dags/example_complex.py
[2026-01-04T12:31:03.720+0000] {logging_mixin.py:190} INFO - [2026-01-04T12:31:03.720+0000] {dag.py:3239} INFO - Sync 1 DAGs
[2026-01-04T12:31:03.729+0000] {logging_mixin.py:190} INFO - [2026-01-04T12:31:03.729+0000] {dag.py:4180} INFO - Setting next_dagrun for example_complex to None, run_after=None
[2026-01-04T12:31:03.746+0000] {processor.py:208} INFO - Processing /workspaces/f1_data_team/venv/lib/python3.12/site-packages/airflow/example_dags/example_complex.py took 0.061 seconds
[2026-01-04T12:33:13.214+0000] {processor.py:186} INFO - Started process (PID=30268) to work on /workspaces/f1_data_team/venv/lib/python3.12/site-packages/airflow/example_dags/example_complex.py
[2026-01-04T12:33:13.214+0000] {processor.py:914} INFO - Processing file /workspaces/f1_data_team/venv/lib/python3.12/site-packages/airflow/example_dags/example_complex.py for tasks to queue
[2026-01-04T12:33:13.216+0000] {logging_mixin.py:190} INFO - [2026-01-04T12:33:13.216+0000] {dagbag.py:588} INFO - Filling up the DagBag from /workspaces/f1_data_team/venv/lib/python3.12/site-packages/airflow/example_dags/example_complex.py
[2026-01-04T12:33:13.226+0000] {processor.py:925} INFO - DAG(s) 'example_complex' retrieved from /workspaces/f1_data_team/venv/lib/python3.12/site-packages/airflow/example_dags/example_complex.py
[2026-01-04T12:33:13.245+0000] {logging_mixin.py:190} INFO - [2026-01-04T12:33:13.245+0000] {dag.py:3239} INFO - Sync 1 DAGs
[2026-01-04T12:33:13.256+0000] {logging_mixin.py:190} INFO - [2026-01-04T12:33:13.256+0000] {dag.py:4180} INFO - Setting next_dagrun for example_complex to None, run_after=None
[2026-01-04T12:33:13.272+0000] {processor.py:208} INFO - Processing /workspaces/f1_data_team/venv/lib/python3.12/site-packages/airflow/example_dags/example_complex.py took 0.062 seconds
[2026-01-04T12:34:10.761+0000] {processor.py:186} INFO - Started process (PID=30879) to work on /workspaces/f1_data_team/venv/lib/python3.12/site-packages/airflow/example_dags/example_complex.py
[2026-01-04T12:34:10.762+0000] {processor.py:914} INFO - Processing file /workspaces/f1_data_team/venv/lib/python3.12/site-packages/airflow/example_dags/example_complex.py for tasks to queue
[2026-01-04T12:34:10.764+0000] {logging_mixin.py:190} INFO - [2026-01-04T12:34:10.763+0000] {dagbag.py:588} INFO - Filling up the DagBag from /workspaces/f1_data_team/venv/lib/python3.12/site-packages/airflow/example_dags/example_complex.py
[2026-01-04T12:34:10.774+0000] {processor.py:925} INFO - DAG(s) 'example_complex' retrieved from /workspaces/f1_data_team/venv/lib/python3.12/site-packages/airflow/example_dags/example_complex.py
[2026-01-04T12:34:10.793+0000] {logging_mixin.py:190} INFO - [2026-01-04T12:34:10.793+0000] {dag.py:3239} INFO - Sync 1 DAGs
[2026-01-04T12:34:10.803+0000] {logging_mixin.py:190} INFO - [2026-01-04T12:34:10.803+0000] {dag.py:4180} INFO - Setting next_dagrun for example_complex to None, run_after=None
[2026-01-04T12:34:10.817+0000] {processor.py:208} INFO - Processing /workspaces/f1_data_team/venv/lib/python3.12/site-packages/airflow/example_dags/example_complex.py took 0.061 seconds
[2026-01-04T12:35:04.293+0000] {processor.py:186} INFO - Started process (PID=31415) to work on /workspaces/f1_data_team/venv/lib/python3.12/site-packages/airflow/example_dags/example_complex.py
[2026-01-04T12:35:04.294+0000] {processor.py:914} INFO - Processing file /workspaces/f1_data_team/venv/lib/python3.12/site-packages/airflow/example_dags/example_complex.py for tasks to queue
[2026-01-04T12:35:04.295+0000] {logging_mixin.py:190} INFO - [2026-01-04T12:35:04.295+0000] {dagbag.py:588} INFO - Filling up the DagBag from /workspaces/f1_data_team/venv/lib/python3.12/site-packages/airflow/example_dags/example_complex.py
[2026-01-04T12:35:04.305+0000] {processor.py:925} INFO - DAG(s) 'example_complex' retrieved from /workspaces/f1_data_team/venv/lib/python3.12/site-packages/airflow/example_dags/example_complex.py
[2026-01-04T12:35:04.325+0000] {logging_mixin.py:190} INFO - [2026-01-04T12:35:04.325+0000] {dag.py:3239} INFO - Sync 1 DAGs
[2026-01-04T12:35:04.334+0000] {logging_mixin.py:190} INFO - [2026-01-04T12:35:04.334+0000] {dag.py:4180} INFO - Setting next_dagrun for example_complex to None, run_after=None
[2026-01-04T12:35:04.350+0000] {processor.py:208} INFO - Processing /workspaces/f1_data_team/venv/lib/python3.12/site-packages/airflow/example_dags/example_complex.py took 0.061 seconds
[2026-01-04T12:36:20.012+0000] {processor.py:186} INFO - Started process (PID=32319) to work on /workspaces/f1_data_team/venv/lib/python3.12/site-packages/airflow/example_dags/example_complex.py
[2026-01-04T12:36:20.013+0000] {processor.py:914} INFO - Processing file /workspaces/f1_data_team/venv/lib/python3.12/site-packages/airflow/example_dags/example_complex.py for tasks to queue
[2026-01-04T12:36:20.014+0000] {logging_mixin.py:190} INFO - [2026-01-04T12:36:20.014+0000] {dagbag.py:588} INFO - Filling up the DagBag from /workspaces/f1_data_team/venv/lib/python3.12/site-packages/airflow/example_dags/example_complex.py
[2026-01-04T12:36:20.024+0000] {processor.py:925} INFO - DAG(s) 'example_complex' retrieved from /workspaces/f1_data_team/venv/lib/python3.12/site-packages/airflow/example_dags/example_complex.py
[2026-01-04T12:36:20.045+0000] {logging_mixin.py:190} INFO - [2026-01-04T12:36:20.044+0000] {dag.py:3239} INFO - Sync 1 DAGs
[2026-01-04T12:36:20.054+0000] {logging_mixin.py:190} INFO - [2026-01-04T12:36:20.054+0000] {dag.py:4180} INFO - Setting next_dagrun for example_complex to None, run_after=None
[2026-01-04T12:36:20.070+0000] {processor.py:208} INFO - Processing /workspaces/f1_data_team/venv/lib/python3.12/site-packages/airflow/example_dags/example_complex.py took 0.063 seconds
[2026-01-04T12:37:40.586+0000] {processor.py:186} INFO - Started process (PID=33280) to work on /workspaces/f1_data_team/venv/lib/python3.12/site-packages/airflow/example_dags/example_complex.py
[2026-01-04T12:37:40.587+0000] {processor.py:914} INFO - Processing file /workspaces/f1_data_team/venv/lib/python3.12/site-packages/airflow/example_dags/example_complex.py for tasks to queue
[2026-01-04T12:37:40.589+0000] {logging_mixin.py:190} INFO - [2026-01-04T12:37:40.589+0000] {dagbag.py:588} INFO - Filling up the DagBag from /workspaces/f1_data_team/venv/lib/python3.12/site-packages/airflow/example_dags/example_complex.py
[2026-01-04T12:37:40.598+0000] {processor.py:925} INFO - DAG(s) 'example_complex' retrieved from /workspaces/f1_data_team/venv/lib/python3.12/site-packages/airflow/example_dags/example_complex.py
[2026-01-04T12:37:40.624+0000] {logging_mixin.py:190} INFO - [2026-01-04T12:37:40.623+0000] {dag.py:3239} INFO - Sync 1 DAGs
[2026-01-04T12:37:40.633+0000] {logging_mixin.py:190} INFO - [2026-01-04T12:37:40.633+0000] {dag.py:4180} INFO - Setting next_dagrun for example_complex to None, run_after=None
[2026-01-04T12:37:40.648+0000] {processor.py:208} INFO - Processing /workspaces/f1_data_team/venv/lib/python3.12/site-packages/airflow/example_dags/example_complex.py took 0.066 seconds
[2026-01-04T12:38:34.810+0000] {processor.py:186} INFO - Started process (PID=33944) to work on /workspaces/f1_data_team/venv/lib/python3.12/site-packages/airflow/example_dags/example_complex.py
[2026-01-04T12:38:34.811+0000] {processor.py:914} INFO - Processing file /workspaces/f1_data_team/venv/lib/python3.12/site-packages/airflow/example_dags/example_complex.py for tasks to queue
[2026-01-04T12:38:34.813+0000] {logging_mixin.py:190} INFO - [2026-01-04T12:38:34.812+0000] {dagbag.py:588} INFO - Filling up the DagBag from /workspaces/f1_data_team/venv/lib/python3.12/site-packages/airflow/example_dags/example_complex.py
[2026-01-04T12:38:34.822+0000] {processor.py:925} INFO - DAG(s) 'example_complex' retrieved from /workspaces/f1_data_team/venv/lib/python3.12/site-packages/airflow/example_dags/example_complex.py
[2026-01-04T12:38:34.842+0000] {logging_mixin.py:190} INFO - [2026-01-04T12:38:34.842+0000] {dag.py:3239} INFO - Sync 1 DAGs
[2026-01-04T12:38:34.851+0000] {logging_mixin.py:190} INFO - [2026-01-04T12:38:34.851+0000] {dag.py:4180} INFO - Setting next_dagrun for example_complex to None, run_after=None
[2026-01-04T12:38:34.866+0000] {processor.py:208} INFO - Processing /workspaces/f1_data_team/venv/lib/python3.12/site-packages/airflow/example_dags/example_complex.py took 0.061 seconds
[2026-01-04T12:39:55.426+0000] {processor.py:186} INFO - Started process (PID=34660) to work on /workspaces/f1_data_team/venv/lib/python3.12/site-packages/airflow/example_dags/example_complex.py
[2026-01-04T12:39:55.427+0000] {processor.py:914} INFO - Processing file /workspaces/f1_data_team/venv/lib/python3.12/site-packages/airflow/example_dags/example_complex.py for tasks to queue
[2026-01-04T12:39:55.429+0000] {logging_mixin.py:190} INFO - [2026-01-04T12:39:55.428+0000] {dagbag.py:588} INFO - Filling up the DagBag from /workspaces/f1_data_team/venv/lib/python3.12/site-packages/airflow/example_dags/example_complex.py
[2026-01-04T12:39:55.439+0000] {processor.py:925} INFO - DAG(s) 'example_complex' retrieved from /workspaces/f1_data_team/venv/lib/python3.12/site-packages/airflow/example_dags/example_complex.py
[2026-01-04T12:39:55.460+0000] {logging_mixin.py:190} INFO - [2026-01-04T12:39:55.460+0000] {dag.py:3239} INFO - Sync 1 DAGs
[2026-01-04T12:39:55.470+0000] {logging_mixin.py:190} INFO - [2026-01-04T12:39:55.470+0000] {dag.py:4180} INFO - Setting next_dagrun for example_complex to None, run_after=None
[2026-01-04T12:39:55.486+0000] {processor.py:208} INFO - Processing /workspaces/f1_data_team/venv/lib/python3.12/site-packages/airflow/example_dags/example_complex.py took 0.065 seconds
[2026-01-04T12:42:07.508+0000] {processor.py:186} INFO - Started process (PID=36399) to work on /workspaces/f1_data_team/venv/lib/python3.12/site-packages/airflow/example_dags/example_complex.py
[2026-01-04T12:42:07.508+0000] {processor.py:914} INFO - Processing file /workspaces/f1_data_team/venv/lib/python3.12/site-packages/airflow/example_dags/example_complex.py for tasks to queue
[2026-01-04T12:42:07.510+0000] {logging_mixin.py:190} INFO - [2026-01-04T12:42:07.510+0000] {dagbag.py:588} INFO - Filling up the DagBag from /workspaces/f1_data_team/venv/lib/python3.12/site-packages/airflow/example_dags/example_complex.py
[2026-01-04T12:42:07.526+0000] {processor.py:925} INFO - DAG(s) 'example_complex' retrieved from /workspaces/f1_data_team/venv/lib/python3.12/site-packages/airflow/example_dags/example_complex.py
[2026-01-04T12:42:07.560+0000] {logging_mixin.py:190} INFO - [2026-01-04T12:42:07.559+0000] {dag.py:3239} INFO - Sync 1 DAGs
[2026-01-04T12:42:07.576+0000] {logging_mixin.py:190} INFO - [2026-01-04T12:42:07.576+0000] {dag.py:4180} INFO - Setting next_dagrun for example_complex to None, run_after=None
[2026-01-04T12:42:07.594+0000] {processor.py:208} INFO - Processing /workspaces/f1_data_team/venv/lib/python3.12/site-packages/airflow/example_dags/example_complex.py took 0.091 seconds
[2026-01-04T12:43:17.280+0000] {processor.py:186} INFO - Started process (PID=37430) to work on /workspaces/f1_data_team/venv/lib/python3.12/site-packages/airflow/example_dags/example_complex.py
[2026-01-04T12:43:17.281+0000] {processor.py:914} INFO - Processing file /workspaces/f1_data_team/venv/lib/python3.12/site-packages/airflow/example_dags/example_complex.py for tasks to queue
[2026-01-04T12:43:17.283+0000] {logging_mixin.py:190} INFO - [2026-01-04T12:43:17.283+0000] {dagbag.py:588} INFO - Filling up the DagBag from /workspaces/f1_data_team/venv/lib/python3.12/site-packages/airflow/example_dags/example_complex.py
[2026-01-04T12:43:17.292+0000] {processor.py:925} INFO - DAG(s) 'example_complex' retrieved from /workspaces/f1_data_team/venv/lib/python3.12/site-packages/airflow/example_dags/example_complex.py
[2026-01-04T12:43:17.311+0000] {logging_mixin.py:190} INFO - [2026-01-04T12:43:17.311+0000] {dag.py:3239} INFO - Sync 1 DAGs
[2026-01-04T12:43:17.321+0000] {logging_mixin.py:190} INFO - [2026-01-04T12:43:17.320+0000] {dag.py:4180} INFO - Setting next_dagrun for example_complex to None, run_after=None
[2026-01-04T12:43:17.335+0000] {processor.py:208} INFO - Processing /workspaces/f1_data_team/venv/lib/python3.12/site-packages/airflow/example_dags/example_complex.py took 0.059 seconds
[2026-01-04T12:44:12.979+0000] {processor.py:186} INFO - Started process (PID=37982) to work on /workspaces/f1_data_team/venv/lib/python3.12/site-packages/airflow/example_dags/example_complex.py
[2026-01-04T12:44:12.979+0000] {processor.py:914} INFO - Processing file /workspaces/f1_data_team/venv/lib/python3.12/site-packages/airflow/example_dags/example_complex.py for tasks to queue
[2026-01-04T12:44:12.981+0000] {logging_mixin.py:190} INFO - [2026-01-04T12:44:12.981+0000] {dagbag.py:588} INFO - Filling up the DagBag from /workspaces/f1_data_team/venv/lib/python3.12/site-packages/airflow/example_dags/example_complex.py
[2026-01-04T12:44:12.991+0000] {processor.py:925} INFO - DAG(s) 'example_complex' retrieved from /workspaces/f1_data_team/venv/lib/python3.12/site-packages/airflow/example_dags/example_complex.py
[2026-01-04T12:44:13.010+0000] {logging_mixin.py:190} INFO - [2026-01-04T12:44:13.010+0000] {dag.py:3239} INFO - Sync 1 DAGs
[2026-01-04T12:44:13.019+0000] {logging_mixin.py:190} INFO - [2026-01-04T12:44:13.019+0000] {dag.py:4180} INFO - Setting next_dagrun for example_complex to None, run_after=None
[2026-01-04T12:44:13.034+0000] {processor.py:208} INFO - Processing /workspaces/f1_data_team/venv/lib/python3.12/site-packages/airflow/example_dags/example_complex.py took 0.059 seconds
[2026-01-04T12:45:37.438+0000] {processor.py:186} INFO - Started process (PID=39467) to work on /workspaces/f1_data_team/venv/lib/python3.12/site-packages/airflow/example_dags/example_complex.py
[2026-01-04T12:45:37.439+0000] {processor.py:914} INFO - Processing file /workspaces/f1_data_team/venv/lib/python3.12/site-packages/airflow/example_dags/example_complex.py for tasks to queue
[2026-01-04T12:45:37.441+0000] {logging_mixin.py:190} INFO - [2026-01-04T12:45:37.440+0000] {dagbag.py:588} INFO - Filling up the DagBag from /workspaces/f1_data_team/venv/lib/python3.12/site-packages/airflow/example_dags/example_complex.py
[2026-01-04T12:45:37.450+0000] {processor.py:925} INFO - DAG(s) 'example_complex' retrieved from /workspaces/f1_data_team/venv/lib/python3.12/site-packages/airflow/example_dags/example_complex.py
[2026-01-04T12:45:37.470+0000] {logging_mixin.py:190} INFO - [2026-01-04T12:45:37.470+0000] {dag.py:3239} INFO - Sync 1 DAGs
[2026-01-04T12:45:37.479+0000] {logging_mixin.py:190} INFO - [2026-01-04T12:45:37.479+0000] {dag.py:4180} INFO - Setting next_dagrun for example_complex to None, run_after=None
[2026-01-04T12:45:37.494+0000] {processor.py:208} INFO - Processing /workspaces/f1_data_team/venv/lib/python3.12/site-packages/airflow/example_dags/example_complex.py took 0.061 seconds
[2026-01-04T12:46:34.072+0000] {processor.py:186} INFO - Started process (PID=40049) to work on /workspaces/f1_data_team/venv/lib/python3.12/site-packages/airflow/example_dags/example_complex.py
[2026-01-04T12:46:34.073+0000] {processor.py:914} INFO - Processing file /workspaces/f1_data_team/venv/lib/python3.12/site-packages/airflow/example_dags/example_complex.py for tasks to queue
[2026-01-04T12:46:34.075+0000] {logging_mixin.py:190} INFO - [2026-01-04T12:46:34.074+0000] {dagbag.py:588} INFO - Filling up the DagBag from /workspaces/f1_data_team/venv/lib/python3.12/site-packages/airflow/example_dags/example_complex.py
[2026-01-04T12:46:34.084+0000] {processor.py:925} INFO - DAG(s) 'example_complex' retrieved from /workspaces/f1_data_team/venv/lib/python3.12/site-packages/airflow/example_dags/example_complex.py
[2026-01-04T12:46:34.104+0000] {logging_mixin.py:190} INFO - [2026-01-04T12:46:34.104+0000] {dag.py:3239} INFO - Sync 1 DAGs
[2026-01-04T12:46:34.114+0000] {logging_mixin.py:190} INFO - [2026-01-04T12:46:34.114+0000] {dag.py:4180} INFO - Setting next_dagrun for example_complex to None, run_after=None
[2026-01-04T12:46:34.129+0000] {processor.py:208} INFO - Processing /workspaces/f1_data_team/venv/lib/python3.12/site-packages/airflow/example_dags/example_complex.py took 0.062 seconds
[2026-01-04T12:47:50.674+0000] {processor.py:186} INFO - Started process (PID=40763) to work on /workspaces/f1_data_team/venv/lib/python3.12/site-packages/airflow/example_dags/example_complex.py
[2026-01-04T12:47:50.675+0000] {processor.py:914} INFO - Processing file /workspaces/f1_data_team/venv/lib/python3.12/site-packages/airflow/example_dags/example_complex.py for tasks to queue
[2026-01-04T12:47:50.677+0000] {logging_mixin.py:190} INFO - [2026-01-04T12:47:50.677+0000] {dagbag.py:588} INFO - Filling up the DagBag from /workspaces/f1_data_team/venv/lib/python3.12/site-packages/airflow/example_dags/example_complex.py
[2026-01-04T12:47:50.694+0000] {processor.py:925} INFO - DAG(s) 'example_complex' retrieved from /workspaces/f1_data_team/venv/lib/python3.12/site-packages/airflow/example_dags/example_complex.py
[2026-01-04T12:47:50.722+0000] {logging_mixin.py:190} INFO - [2026-01-04T12:47:50.722+0000] {dag.py:3239} INFO - Sync 1 DAGs
[2026-01-04T12:47:50.732+0000] {logging_mixin.py:190} INFO - [2026-01-04T12:47:50.731+0000] {dag.py:4180} INFO - Setting next_dagrun for example_complex to None, run_after=None
[2026-01-04T12:47:50.746+0000] {processor.py:208} INFO - Processing /workspaces/f1_data_team/venv/lib/python3.12/site-packages/airflow/example_dags/example_complex.py took 0.077 seconds
[2026-01-04T12:49:26.649+0000] {processor.py:186} INFO - Started process (PID=42286) to work on /workspaces/f1_data_team/venv/lib/python3.12/site-packages/airflow/example_dags/example_complex.py
[2026-01-04T12:49:26.650+0000] {processor.py:914} INFO - Processing file /workspaces/f1_data_team/venv/lib/python3.12/site-packages/airflow/example_dags/example_complex.py for tasks to queue
[2026-01-04T12:49:26.651+0000] {logging_mixin.py:190} INFO - [2026-01-04T12:49:26.651+0000] {dagbag.py:588} INFO - Filling up the DagBag from /workspaces/f1_data_team/venv/lib/python3.12/site-packages/airflow/example_dags/example_complex.py
[2026-01-04T12:49:26.661+0000] {processor.py:925} INFO - DAG(s) 'example_complex' retrieved from /workspaces/f1_data_team/venv/lib/python3.12/site-packages/airflow/example_dags/example_complex.py
[2026-01-04T12:49:26.681+0000] {logging_mixin.py:190} INFO - [2026-01-04T12:49:26.681+0000] {dag.py:3239} INFO - Sync 1 DAGs
[2026-01-04T12:49:26.691+0000] {logging_mixin.py:190} INFO - [2026-01-04T12:49:26.691+0000] {dag.py:4180} INFO - Setting next_dagrun for example_complex to None, run_after=None
[2026-01-04T12:49:26.706+0000] {processor.py:208} INFO - Processing /workspaces/f1_data_team/venv/lib/python3.12/site-packages/airflow/example_dags/example_complex.py took 0.062 seconds
[2026-01-04T12:50:23.779+0000] {processor.py:186} INFO - Started process (PID=42833) to work on /workspaces/f1_data_team/venv/lib/python3.12/site-packages/airflow/example_dags/example_complex.py
[2026-01-04T12:50:23.780+0000] {processor.py:914} INFO - Processing file /workspaces/f1_data_team/venv/lib/python3.12/site-packages/airflow/example_dags/example_complex.py for tasks to queue
[2026-01-04T12:50:23.782+0000] {logging_mixin.py:190} INFO - [2026-01-04T12:50:23.782+0000] {dagbag.py:588} INFO - Filling up the DagBag from /workspaces/f1_data_team/venv/lib/python3.12/site-packages/airflow/example_dags/example_complex.py
[2026-01-04T12:50:23.794+0000] {processor.py:925} INFO - DAG(s) 'example_complex' retrieved from /workspaces/f1_data_team/venv/lib/python3.12/site-packages/airflow/example_dags/example_complex.py
[2026-01-04T12:50:23.817+0000] {logging_mixin.py:190} INFO - [2026-01-04T12:50:23.817+0000] {dag.py:3239} INFO - Sync 1 DAGs
[2026-01-04T12:50:23.826+0000] {logging_mixin.py:190} INFO - [2026-01-04T12:50:23.826+0000] {dag.py:4180} INFO - Setting next_dagrun for example_complex to None, run_after=None
[2026-01-04T12:50:23.840+0000] {processor.py:208} INFO - Processing /workspaces/f1_data_team/venv/lib/python3.12/site-packages/airflow/example_dags/example_complex.py took 0.068 seconds
[2026-01-04T12:52:01.723+0000] {processor.py:186} INFO - Started process (PID=44520) to work on /workspaces/f1_data_team/venv/lib/python3.12/site-packages/airflow/example_dags/example_complex.py
[2026-01-04T12:52:01.724+0000] {processor.py:914} INFO - Processing file /workspaces/f1_data_team/venv/lib/python3.12/site-packages/airflow/example_dags/example_complex.py for tasks to queue
[2026-01-04T12:52:01.726+0000] {logging_mixin.py:190} INFO - [2026-01-04T12:52:01.725+0000] {dagbag.py:588} INFO - Filling up the DagBag from /workspaces/f1_data_team/venv/lib/python3.12/site-packages/airflow/example_dags/example_complex.py
[2026-01-04T12:52:01.735+0000] {processor.py:925} INFO - DAG(s) 'example_complex' retrieved from /workspaces/f1_data_team/venv/lib/python3.12/site-packages/airflow/example_dags/example_complex.py
[2026-01-04T12:52:01.755+0000] {logging_mixin.py:190} INFO - [2026-01-04T12:52:01.755+0000] {dag.py:3239} INFO - Sync 1 DAGs
[2026-01-04T12:52:01.765+0000] {logging_mixin.py:190} INFO - [2026-01-04T12:52:01.765+0000] {dag.py:4180} INFO - Setting next_dagrun for example_complex to None, run_after=None
[2026-01-04T12:52:01.780+0000] {processor.py:208} INFO - Processing /workspaces/f1_data_team/venv/lib/python3.12/site-packages/airflow/example_dags/example_complex.py took 0.062 seconds
[2026-01-04T12:52:59.888+0000] {processor.py:186} INFO - Started process (PID=45290) to work on /workspaces/f1_data_team/venv/lib/python3.12/site-packages/airflow/example_dags/example_complex.py
[2026-01-04T12:52:59.889+0000] {processor.py:914} INFO - Processing file /workspaces/f1_data_team/venv/lib/python3.12/site-packages/airflow/example_dags/example_complex.py for tasks to queue
[2026-01-04T12:52:59.890+0000] {logging_mixin.py:190} INFO - [2026-01-04T12:52:59.890+0000] {dagbag.py:588} INFO - Filling up the DagBag from /workspaces/f1_data_team/venv/lib/python3.12/site-packages/airflow/example_dags/example_complex.py
[2026-01-04T12:52:59.900+0000] {processor.py:925} INFO - DAG(s) 'example_complex' retrieved from /workspaces/f1_data_team/venv/lib/python3.12/site-packages/airflow/example_dags/example_complex.py
[2026-01-04T12:52:59.921+0000] {logging_mixin.py:190} INFO - [2026-01-04T12:52:59.920+0000] {dag.py:3239} INFO - Sync 1 DAGs
[2026-01-04T12:52:59.930+0000] {logging_mixin.py:190} INFO - [2026-01-04T12:52:59.930+0000] {dag.py:4180} INFO - Setting next_dagrun for example_complex to None, run_after=None
[2026-01-04T12:52:59.945+0000] {processor.py:208} INFO - Processing /workspaces/f1_data_team/venv/lib/python3.12/site-packages/airflow/example_dags/example_complex.py took 0.062 seconds
[2026-01-04T12:53:54.843+0000] {processor.py:186} INFO - Started process (PID=46131) to work on /workspaces/f1_data_team/venv/lib/python3.12/site-packages/airflow/example_dags/example_complex.py
[2026-01-04T12:53:54.844+0000] {processor.py:914} INFO - Processing file /workspaces/f1_data_team/venv/lib/python3.12/site-packages/airflow/example_dags/example_complex.py for tasks to queue
[2026-01-04T12:53:54.846+0000] {logging_mixin.py:190} INFO - [2026-01-04T12:53:54.845+0000] {dagbag.py:588} INFO - Filling up the DagBag from /workspaces/f1_data_team/venv/lib/python3.12/site-packages/airflow/example_dags/example_complex.py
[2026-01-04T12:53:54.855+0000] {processor.py:925} INFO - DAG(s) 'example_complex' retrieved from /workspaces/f1_data_team/venv/lib/python3.12/site-packages/airflow/example_dags/example_complex.py
[2026-01-04T12:53:54.876+0000] {logging_mixin.py:190} INFO - [2026-01-04T12:53:54.876+0000] {dag.py:3239} INFO - Sync 1 DAGs
[2026-01-04T12:53:54.885+0000] {logging_mixin.py:190} INFO - [2026-01-04T12:53:54.885+0000] {dag.py:4180} INFO - Setting next_dagrun for example_complex to None, run_after=None
[2026-01-04T12:53:54.901+0000] {processor.py:208} INFO - Processing /workspaces/f1_data_team/venv/lib/python3.12/site-packages/airflow/example_dags/example_complex.py took 0.063 seconds
[2026-01-04T12:55:05.256+0000] {processor.py:186} INFO - Started process (PID=47375) to work on /workspaces/f1_data_team/venv/lib/python3.12/site-packages/airflow/example_dags/example_complex.py
[2026-01-04T12:55:05.257+0000] {processor.py:914} INFO - Processing file /workspaces/f1_data_team/venv/lib/python3.12/site-packages/airflow/example_dags/example_complex.py for tasks to queue
[2026-01-04T12:55:05.259+0000] {logging_mixin.py:190} INFO - [2026-01-04T12:55:05.258+0000] {dagbag.py:588} INFO - Filling up the DagBag from /workspaces/f1_data_team/venv/lib/python3.12/site-packages/airflow/example_dags/example_complex.py
[2026-01-04T12:55:05.269+0000] {processor.py:925} INFO - DAG(s) 'example_complex' retrieved from /workspaces/f1_data_team/venv/lib/python3.12/site-packages/airflow/example_dags/example_complex.py
[2026-01-04T12:55:05.288+0000] {logging_mixin.py:190} INFO - [2026-01-04T12:55:05.288+0000] {dag.py:3239} INFO - Sync 1 DAGs
[2026-01-04T12:55:05.297+0000] {logging_mixin.py:190} INFO - [2026-01-04T12:55:05.297+0000] {dag.py:4180} INFO - Setting next_dagrun for example_complex to None, run_after=None
[2026-01-04T12:55:05.312+0000] {processor.py:208} INFO - Processing /workspaces/f1_data_team/venv/lib/python3.12/site-packages/airflow/example_dags/example_complex.py took 0.060 seconds
[2026-01-04T12:56:12.705+0000] {processor.py:186} INFO - Started process (PID=48133) to work on /workspaces/f1_data_team/venv/lib/python3.12/site-packages/airflow/example_dags/example_complex.py
[2026-01-04T12:56:12.705+0000] {processor.py:914} INFO - Processing file /workspaces/f1_data_team/venv/lib/python3.12/site-packages/airflow/example_dags/example_complex.py for tasks to queue
[2026-01-04T12:56:12.707+0000] {logging_mixin.py:190} INFO - [2026-01-04T12:56:12.707+0000] {dagbag.py:588} INFO - Filling up the DagBag from /workspaces/f1_data_team/venv/lib/python3.12/site-packages/airflow/example_dags/example_complex.py
[2026-01-04T12:56:12.717+0000] {processor.py:925} INFO - DAG(s) 'example_complex' retrieved from /workspaces/f1_data_team/venv/lib/python3.12/site-packages/airflow/example_dags/example_complex.py
[2026-01-04T12:56:12.736+0000] {logging_mixin.py:190} INFO - [2026-01-04T12:56:12.736+0000] {dag.py:3239} INFO - Sync 1 DAGs
[2026-01-04T12:56:12.746+0000] {logging_mixin.py:190} INFO - [2026-01-04T12:56:12.746+0000] {dag.py:4180} INFO - Setting next_dagrun for example_complex to None, run_after=None
[2026-01-04T12:56:12.761+0000] {processor.py:208} INFO - Processing /workspaces/f1_data_team/venv/lib/python3.12/site-packages/airflow/example_dags/example_complex.py took 0.061 seconds
[2026-01-04T12:57:27.543+0000] {processor.py:186} INFO - Started process (PID=48804) to work on /workspaces/f1_data_team/venv/lib/python3.12/site-packages/airflow/example_dags/example_complex.py
[2026-01-04T12:57:27.544+0000] {processor.py:914} INFO - Processing file /workspaces/f1_data_team/venv/lib/python3.12/site-packages/airflow/example_dags/example_complex.py for tasks to queue
[2026-01-04T12:57:27.546+0000] {logging_mixin.py:190} INFO - [2026-01-04T12:57:27.546+0000] {dagbag.py:588} INFO - Filling up the DagBag from /workspaces/f1_data_team/venv/lib/python3.12/site-packages/airflow/example_dags/example_complex.py
[2026-01-04T12:57:27.556+0000] {processor.py:925} INFO - DAG(s) 'example_complex' retrieved from /workspaces/f1_data_team/venv/lib/python3.12/site-packages/airflow/example_dags/example_complex.py
[2026-01-04T12:57:27.577+0000] {logging_mixin.py:190} INFO - [2026-01-04T12:57:27.576+0000] {dag.py:3239} INFO - Sync 1 DAGs
[2026-01-04T12:57:27.587+0000] {logging_mixin.py:190} INFO - [2026-01-04T12:57:27.586+0000] {dag.py:4180} INFO - Setting next_dagrun for example_complex to None, run_after=None
[2026-01-04T12:57:27.602+0000] {processor.py:208} INFO - Processing /workspaces/f1_data_team/venv/lib/python3.12/site-packages/airflow/example_dags/example_complex.py took 0.063 seconds
[2026-01-04T12:58:46.603+0000] {processor.py:186} INFO - Started process (PID=49546) to work on /workspaces/f1_data_team/venv/lib/python3.12/site-packages/airflow/example_dags/example_complex.py
[2026-01-04T12:58:46.604+0000] {processor.py:914} INFO - Processing file /workspaces/f1_data_team/venv/lib/python3.12/site-packages/airflow/example_dags/example_complex.py for tasks to queue
[2026-01-04T12:58:46.606+0000] {logging_mixin.py:190} INFO - [2026-01-04T12:58:46.606+0000] {dagbag.py:588} INFO - Filling up the DagBag from /workspaces/f1_data_team/venv/lib/python3.12/site-packages/airflow/example_dags/example_complex.py
[2026-01-04T12:58:46.620+0000] {processor.py:925} INFO - DAG(s) 'example_complex' retrieved from /workspaces/f1_data_team/venv/lib/python3.12/site-packages/airflow/example_dags/example_complex.py
[2026-01-04T12:58:46.640+0000] {logging_mixin.py:190} INFO - [2026-01-04T12:58:46.640+0000] {dag.py:3239} INFO - Sync 1 DAGs
[2026-01-04T12:58:46.649+0000] {logging_mixin.py:190} INFO - [2026-01-04T12:58:46.649+0000] {dag.py:4180} INFO - Setting next_dagrun for example_complex to None, run_after=None
[2026-01-04T12:58:46.664+0000] {processor.py:208} INFO - Processing /workspaces/f1_data_team/venv/lib/python3.12/site-packages/airflow/example_dags/example_complex.py took 0.065 seconds
[2026-01-04T12:59:40.741+0000] {processor.py:186} INFO - Started process (PID=50102) to work on /workspaces/f1_data_team/venv/lib/python3.12/site-packages/airflow/example_dags/example_complex.py
[2026-01-04T12:59:40.741+0000] {processor.py:914} INFO - Processing file /workspaces/f1_data_team/venv/lib/python3.12/site-packages/airflow/example_dags/example_complex.py for tasks to queue
[2026-01-04T12:59:40.743+0000] {logging_mixin.py:190} INFO - [2026-01-04T12:59:40.743+0000] {dagbag.py:588} INFO - Filling up the DagBag from /workspaces/f1_data_team/venv/lib/python3.12/site-packages/airflow/example_dags/example_complex.py
[2026-01-04T12:59:40.753+0000] {processor.py:925} INFO - DAG(s) 'example_complex' retrieved from /workspaces/f1_data_team/venv/lib/python3.12/site-packages/airflow/example_dags/example_complex.py
[2026-01-04T12:59:40.773+0000] {logging_mixin.py:190} INFO - [2026-01-04T12:59:40.773+0000] {dag.py:3239} INFO - Sync 1 DAGs
[2026-01-04T12:59:40.783+0000] {logging_mixin.py:190} INFO - [2026-01-04T12:59:40.783+0000] {dag.py:4180} INFO - Setting next_dagrun for example_complex to None, run_after=None
[2026-01-04T12:59:40.813+0000] {processor.py:208} INFO - Processing /workspaces/f1_data_team/venv/lib/python3.12/site-packages/airflow/example_dags/example_complex.py took 0.077 seconds
[2026-01-04T13:00:35.435+0000] {processor.py:186} INFO - Started process (PID=50725) to work on /workspaces/f1_data_team/venv/lib/python3.12/site-packages/airflow/example_dags/example_complex.py
[2026-01-04T13:00:35.436+0000] {processor.py:914} INFO - Processing file /workspaces/f1_data_team/venv/lib/python3.12/site-packages/airflow/example_dags/example_complex.py for tasks to queue
[2026-01-04T13:00:35.439+0000] {logging_mixin.py:190} INFO - [2026-01-04T13:00:35.438+0000] {dagbag.py:588} INFO - Filling up the DagBag from /workspaces/f1_data_team/venv/lib/python3.12/site-packages/airflow/example_dags/example_complex.py
[2026-01-04T13:00:35.451+0000] {processor.py:925} INFO - DAG(s) 'example_complex' retrieved from /workspaces/f1_data_team/venv/lib/python3.12/site-packages/airflow/example_dags/example_complex.py
[2026-01-04T13:00:35.470+0000] {logging_mixin.py:190} INFO - [2026-01-04T13:00:35.470+0000] {dag.py:3239} INFO - Sync 1 DAGs
[2026-01-04T13:00:35.480+0000] {logging_mixin.py:190} INFO - [2026-01-04T13:00:35.479+0000] {dag.py:4180} INFO - Setting next_dagrun for example_complex to None, run_after=None
[2026-01-04T13:00:35.494+0000] {processor.py:208} INFO - Processing /workspaces/f1_data_team/venv/lib/python3.12/site-packages/airflow/example_dags/example_complex.py took 0.067 seconds
[2026-01-04T13:01:46.995+0000] {processor.py:186} INFO - Started process (PID=51653) to work on /workspaces/f1_data_team/venv/lib/python3.12/site-packages/airflow/example_dags/example_complex.py
[2026-01-04T13:01:46.995+0000] {processor.py:914} INFO - Processing file /workspaces/f1_data_team/venv/lib/python3.12/site-packages/airflow/example_dags/example_complex.py for tasks to queue
[2026-01-04T13:01:46.997+0000] {logging_mixin.py:190} INFO - [2026-01-04T13:01:46.997+0000] {dagbag.py:588} INFO - Filling up the DagBag from /workspaces/f1_data_team/venv/lib/python3.12/site-packages/airflow/example_dags/example_complex.py
[2026-01-04T13:01:47.007+0000] {processor.py:925} INFO - DAG(s) 'example_complex' retrieved from /workspaces/f1_data_team/venv/lib/python3.12/site-packages/airflow/example_dags/example_complex.py
[2026-01-04T13:01:47.027+0000] {logging_mixin.py:190} INFO - [2026-01-04T13:01:47.027+0000] {dag.py:3239} INFO - Sync 1 DAGs
[2026-01-04T13:01:47.037+0000] {logging_mixin.py:190} INFO - [2026-01-04T13:01:47.037+0000] {dag.py:4180} INFO - Setting next_dagrun for example_complex to None, run_after=None
[2026-01-04T13:01:47.052+0000] {processor.py:208} INFO - Processing /workspaces/f1_data_team/venv/lib/python3.12/site-packages/airflow/example_dags/example_complex.py took 0.062 seconds
[2026-01-04T13:02:40.904+0000] {processor.py:186} INFO - Started process (PID=52297) to work on /workspaces/f1_data_team/venv/lib/python3.12/site-packages/airflow/example_dags/example_complex.py
[2026-01-04T13:02:40.905+0000] {processor.py:914} INFO - Processing file /workspaces/f1_data_team/venv/lib/python3.12/site-packages/airflow/example_dags/example_complex.py for tasks to queue
[2026-01-04T13:02:40.906+0000] {logging_mixin.py:190} INFO - [2026-01-04T13:02:40.906+0000] {dagbag.py:588} INFO - Filling up the DagBag from /workspaces/f1_data_team/venv/lib/python3.12/site-packages/airflow/example_dags/example_complex.py
[2026-01-04T13:02:40.916+0000] {processor.py:925} INFO - DAG(s) 'example_complex' retrieved from /workspaces/f1_data_team/venv/lib/python3.12/site-packages/airflow/example_dags/example_complex.py
[2026-01-04T13:02:40.936+0000] {logging_mixin.py:190} INFO - [2026-01-04T13:02:40.936+0000] {dag.py:3239} INFO - Sync 1 DAGs
[2026-01-04T13:02:40.946+0000] {logging_mixin.py:190} INFO - [2026-01-04T13:02:40.945+0000] {dag.py:4180} INFO - Setting next_dagrun for example_complex to None, run_after=None
[2026-01-04T13:02:40.961+0000] {processor.py:208} INFO - Processing /workspaces/f1_data_team/venv/lib/python3.12/site-packages/airflow/example_dags/example_complex.py took 0.061 seconds
[2026-01-04T13:03:54.353+0000] {processor.py:186} INFO - Started process (PID=52964) to work on /workspaces/f1_data_team/venv/lib/python3.12/site-packages/airflow/example_dags/example_complex.py
[2026-01-04T13:03:54.354+0000] {processor.py:914} INFO - Processing file /workspaces/f1_data_team/venv/lib/python3.12/site-packages/airflow/example_dags/example_complex.py for tasks to queue
[2026-01-04T13:03:54.356+0000] {logging_mixin.py:190} INFO - [2026-01-04T13:03:54.356+0000] {dagbag.py:588} INFO - Filling up the DagBag from /workspaces/f1_data_team/venv/lib/python3.12/site-packages/airflow/example_dags/example_complex.py
[2026-01-04T13:03:54.366+0000] {processor.py:925} INFO - DAG(s) 'example_complex' retrieved from /workspaces/f1_data_team/venv/lib/python3.12/site-packages/airflow/example_dags/example_complex.py
[2026-01-04T13:03:54.386+0000] {logging_mixin.py:190} INFO - [2026-01-04T13:03:54.385+0000] {dag.py:3239} INFO - Sync 1 DAGs
[2026-01-04T13:03:54.395+0000] {logging_mixin.py:190} INFO - [2026-01-04T13:03:54.395+0000] {dag.py:4180} INFO - Setting next_dagrun for example_complex to None, run_after=None
[2026-01-04T13:03:54.410+0000] {processor.py:208} INFO - Processing /workspaces/f1_data_team/venv/lib/python3.12/site-packages/airflow/example_dags/example_complex.py took 0.061 seconds
[2026-01-04T13:05:12.533+0000] {processor.py:186} INFO - Started process (PID=53680) to work on /workspaces/f1_data_team/venv/lib/python3.12/site-packages/airflow/example_dags/example_complex.py
[2026-01-04T13:05:12.534+0000] {processor.py:914} INFO - Processing file /workspaces/f1_data_team/venv/lib/python3.12/site-packages/airflow/example_dags/example_complex.py for tasks to queue
[2026-01-04T13:05:12.536+0000] {logging_mixin.py:190} INFO - [2026-01-04T13:05:12.535+0000] {dagbag.py:588} INFO - Filling up the DagBag from /workspaces/f1_data_team/venv/lib/python3.12/site-packages/airflow/example_dags/example_complex.py
[2026-01-04T13:05:12.545+0000] {processor.py:925} INFO - DAG(s) 'example_complex' retrieved from /workspaces/f1_data_team/venv/lib/python3.12/site-packages/airflow/example_dags/example_complex.py
[2026-01-04T13:05:12.565+0000] {logging_mixin.py:190} INFO - [2026-01-04T13:05:12.565+0000] {dag.py:3239} INFO - Sync 1 DAGs
[2026-01-04T13:05:12.574+0000] {logging_mixin.py:190} INFO - [2026-01-04T13:05:12.574+0000] {dag.py:4180} INFO - Setting next_dagrun for example_complex to None, run_after=None
[2026-01-04T13:05:12.589+0000] {processor.py:208} INFO - Processing /workspaces/f1_data_team/venv/lib/python3.12/site-packages/airflow/example_dags/example_complex.py took 0.061 seconds
[2026-01-04T13:06:32.461+0000] {processor.py:186} INFO - Started process (PID=54598) to work on /workspaces/f1_data_team/venv/lib/python3.12/site-packages/airflow/example_dags/example_complex.py
[2026-01-04T13:06:32.462+0000] {processor.py:914} INFO - Processing file /workspaces/f1_data_team/venv/lib/python3.12/site-packages/airflow/example_dags/example_complex.py for tasks to queue
[2026-01-04T13:06:32.464+0000] {logging_mixin.py:190} INFO - [2026-01-04T13:06:32.464+0000] {dagbag.py:588} INFO - Filling up the DagBag from /workspaces/f1_data_team/venv/lib/python3.12/site-packages/airflow/example_dags/example_complex.py
[2026-01-04T13:06:32.474+0000] {processor.py:925} INFO - DAG(s) 'example_complex' retrieved from /workspaces/f1_data_team/venv/lib/python3.12/site-packages/airflow/example_dags/example_complex.py
[2026-01-04T13:06:32.493+0000] {logging_mixin.py:190} INFO - [2026-01-04T13:06:32.493+0000] {dag.py:3239} INFO - Sync 1 DAGs
[2026-01-04T13:06:32.502+0000] {logging_mixin.py:190} INFO - [2026-01-04T13:06:32.502+0000] {dag.py:4180} INFO - Setting next_dagrun for example_complex to None, run_after=None
[2026-01-04T13:06:32.517+0000] {processor.py:208} INFO - Processing /workspaces/f1_data_team/venv/lib/python3.12/site-packages/airflow/example_dags/example_complex.py took 0.060 seconds
[2026-01-04T13:07:28.276+0000] {processor.py:186} INFO - Started process (PID=55099) to work on /workspaces/f1_data_team/venv/lib/python3.12/site-packages/airflow/example_dags/example_complex.py
[2026-01-04T13:07:28.277+0000] {processor.py:914} INFO - Processing file /workspaces/f1_data_team/venv/lib/python3.12/site-packages/airflow/example_dags/example_complex.py for tasks to queue
[2026-01-04T13:07:28.279+0000] {logging_mixin.py:190} INFO - [2026-01-04T13:07:28.278+0000] {dagbag.py:588} INFO - Filling up the DagBag from /workspaces/f1_data_team/venv/lib/python3.12/site-packages/airflow/example_dags/example_complex.py
[2026-01-04T13:07:28.288+0000] {processor.py:925} INFO - DAG(s) 'example_complex' retrieved from /workspaces/f1_data_team/venv/lib/python3.12/site-packages/airflow/example_dags/example_complex.py
[2026-01-04T13:07:28.311+0000] {logging_mixin.py:190} INFO - [2026-01-04T13:07:28.310+0000] {dag.py:3239} INFO - Sync 1 DAGs
[2026-01-04T13:07:28.321+0000] {logging_mixin.py:190} INFO - [2026-01-04T13:07:28.320+0000] {dag.py:4180} INFO - Setting next_dagrun for example_complex to None, run_after=None
[2026-01-04T13:07:28.336+0000] {processor.py:208} INFO - Processing /workspaces/f1_data_team/venv/lib/python3.12/site-packages/airflow/example_dags/example_complex.py took 0.065 seconds
[2026-01-04T13:08:23.869+0000] {processor.py:186} INFO - Started process (PID=55589) to work on /workspaces/f1_data_team/venv/lib/python3.12/site-packages/airflow/example_dags/example_complex.py
[2026-01-04T13:08:23.870+0000] {processor.py:914} INFO - Processing file /workspaces/f1_data_team/venv/lib/python3.12/site-packages/airflow/example_dags/example_complex.py for tasks to queue
[2026-01-04T13:08:23.871+0000] {logging_mixin.py:190} INFO - [2026-01-04T13:08:23.871+0000] {dagbag.py:588} INFO - Filling up the DagBag from /workspaces/f1_data_team/venv/lib/python3.12/site-packages/airflow/example_dags/example_complex.py
[2026-01-04T13:08:23.881+0000] {processor.py:925} INFO - DAG(s) 'example_complex' retrieved from /workspaces/f1_data_team/venv/lib/python3.12/site-packages/airflow/example_dags/example_complex.py
[2026-01-04T13:08:23.901+0000] {logging_mixin.py:190} INFO - [2026-01-04T13:08:23.900+0000] {dag.py:3239} INFO - Sync 1 DAGs
[2026-01-04T13:08:23.910+0000] {logging_mixin.py:190} INFO - [2026-01-04T13:08:23.910+0000] {dag.py:4180} INFO - Setting next_dagrun for example_complex to None, run_after=None
[2026-01-04T13:08:23.925+0000] {processor.py:208} INFO - Processing /workspaces/f1_data_team/venv/lib/python3.12/site-packages/airflow/example_dags/example_complex.py took 0.060 seconds
[2026-01-04T13:09:39.754+0000] {processor.py:186} INFO - Started process (PID=56197) to work on /workspaces/f1_data_team/venv/lib/python3.12/site-packages/airflow/example_dags/example_complex.py
[2026-01-04T13:09:39.755+0000] {processor.py:914} INFO - Processing file /workspaces/f1_data_team/venv/lib/python3.12/site-packages/airflow/example_dags/example_complex.py for tasks to queue
[2026-01-04T13:09:39.757+0000] {logging_mixin.py:190} INFO - [2026-01-04T13:09:39.757+0000] {dagbag.py:588} INFO - Filling up the DagBag from /workspaces/f1_data_team/venv/lib/python3.12/site-packages/airflow/example_dags/example_complex.py
[2026-01-04T13:09:39.766+0000] {processor.py:925} INFO - DAG(s) 'example_complex' retrieved from /workspaces/f1_data_team/venv/lib/python3.12/site-packages/airflow/example_dags/example_complex.py
[2026-01-04T13:09:39.786+0000] {logging_mixin.py:190} INFO - [2026-01-04T13:09:39.786+0000] {dag.py:3239} INFO - Sync 1 DAGs
[2026-01-04T13:09:39.795+0000] {logging_mixin.py:190} INFO - [2026-01-04T13:09:39.795+0000] {dag.py:4180} INFO - Setting next_dagrun for example_complex to None, run_after=None
[2026-01-04T13:09:39.810+0000] {processor.py:208} INFO - Processing /workspaces/f1_data_team/venv/lib/python3.12/site-packages/airflow/example_dags/example_complex.py took 0.060 seconds
[2026-01-04T13:11:00.719+0000] {processor.py:186} INFO - Started process (PID=56809) to work on /workspaces/f1_data_team/venv/lib/python3.12/site-packages/airflow/example_dags/example_complex.py
[2026-01-04T13:11:00.720+0000] {processor.py:914} INFO - Processing file /workspaces/f1_data_team/venv/lib/python3.12/site-packages/airflow/example_dags/example_complex.py for tasks to queue
[2026-01-04T13:11:00.722+0000] {logging_mixin.py:190} INFO - [2026-01-04T13:11:00.722+0000] {dagbag.py:588} INFO - Filling up the DagBag from /workspaces/f1_data_team/venv/lib/python3.12/site-packages/airflow/example_dags/example_complex.py
[2026-01-04T13:11:00.732+0000] {processor.py:925} INFO - DAG(s) 'example_complex' retrieved from /workspaces/f1_data_team/venv/lib/python3.12/site-packages/airflow/example_dags/example_complex.py
[2026-01-04T13:11:00.752+0000] {logging_mixin.py:190} INFO - [2026-01-04T13:11:00.751+0000] {dag.py:3239} INFO - Sync 1 DAGs
[2026-01-04T13:11:00.761+0000] {logging_mixin.py:190} INFO - [2026-01-04T13:11:00.761+0000] {dag.py:4180} INFO - Setting next_dagrun for example_complex to None, run_after=None
[2026-01-04T13:11:00.777+0000] {processor.py:208} INFO - Processing /workspaces/f1_data_team/venv/lib/python3.12/site-packages/airflow/example_dags/example_complex.py took 0.062 seconds
[2026-01-04T13:12:17.755+0000] {processor.py:186} INFO - Started process (PID=57506) to work on /workspaces/f1_data_team/venv/lib/python3.12/site-packages/airflow/example_dags/example_complex.py
[2026-01-04T13:12:17.756+0000] {processor.py:914} INFO - Processing file /workspaces/f1_data_team/venv/lib/python3.12/site-packages/airflow/example_dags/example_complex.py for tasks to queue
[2026-01-04T13:12:17.758+0000] {logging_mixin.py:190} INFO - [2026-01-04T13:12:17.758+0000] {dagbag.py:588} INFO - Filling up the DagBag from /workspaces/f1_data_team/venv/lib/python3.12/site-packages/airflow/example_dags/example_complex.py
[2026-01-04T13:12:17.768+0000] {processor.py:925} INFO - DAG(s) 'example_complex' retrieved from /workspaces/f1_data_team/venv/lib/python3.12/site-packages/airflow/example_dags/example_complex.py
[2026-01-04T13:12:17.787+0000] {logging_mixin.py:190} INFO - [2026-01-04T13:12:17.787+0000] {dag.py:3239} INFO - Sync 1 DAGs
[2026-01-04T13:12:17.797+0000] {logging_mixin.py:190} INFO - [2026-01-04T13:12:17.797+0000] {dag.py:4180} INFO - Setting next_dagrun for example_complex to None, run_after=None
[2026-01-04T13:12:17.812+0000] {processor.py:208} INFO - Processing /workspaces/f1_data_team/venv/lib/python3.12/site-packages/airflow/example_dags/example_complex.py took 0.061 seconds
[2026-01-04T13:13:35.034+0000] {processor.py:186} INFO - Started process (PID=58101) to work on /workspaces/f1_data_team/venv/lib/python3.12/site-packages/airflow/example_dags/example_complex.py
[2026-01-04T13:13:35.034+0000] {processor.py:914} INFO - Processing file /workspaces/f1_data_team/venv/lib/python3.12/site-packages/airflow/example_dags/example_complex.py for tasks to queue
[2026-01-04T13:13:35.036+0000] {logging_mixin.py:190} INFO - [2026-01-04T13:13:35.036+0000] {dagbag.py:588} INFO - Filling up the DagBag from /workspaces/f1_data_team/venv/lib/python3.12/site-packages/airflow/example_dags/example_complex.py
[2026-01-04T13:13:35.046+0000] {processor.py:925} INFO - DAG(s) 'example_complex' retrieved from /workspaces/f1_data_team/venv/lib/python3.12/site-packages/airflow/example_dags/example_complex.py
[2026-01-04T13:13:35.066+0000] {logging_mixin.py:190} INFO - [2026-01-04T13:13:35.066+0000] {dag.py:3239} INFO - Sync 1 DAGs
[2026-01-04T13:13:35.078+0000] {logging_mixin.py:190} INFO - [2026-01-04T13:13:35.078+0000] {dag.py:4180} INFO - Setting next_dagrun for example_complex to None, run_after=None
[2026-01-04T13:13:35.093+0000] {processor.py:208} INFO - Processing /workspaces/f1_data_team/venv/lib/python3.12/site-packages/airflow/example_dags/example_complex.py took 0.064 seconds
[2026-01-04T13:14:27.412+0000] {processor.py:186} INFO - Started process (PID=58521) to work on /workspaces/f1_data_team/venv/lib/python3.12/site-packages/airflow/example_dags/example_complex.py
[2026-01-04T13:14:27.413+0000] {processor.py:914} INFO - Processing file /workspaces/f1_data_team/venv/lib/python3.12/site-packages/airflow/example_dags/example_complex.py for tasks to queue
[2026-01-04T13:14:27.415+0000] {logging_mixin.py:190} INFO - [2026-01-04T13:14:27.415+0000] {dagbag.py:588} INFO - Filling up the DagBag from /workspaces/f1_data_team/venv/lib/python3.12/site-packages/airflow/example_dags/example_complex.py
[2026-01-04T13:14:27.424+0000] {processor.py:925} INFO - DAG(s) 'example_complex' retrieved from /workspaces/f1_data_team/venv/lib/python3.12/site-packages/airflow/example_dags/example_complex.py
[2026-01-04T13:14:27.444+0000] {logging_mixin.py:190} INFO - [2026-01-04T13:14:27.444+0000] {dag.py:3239} INFO - Sync 1 DAGs
[2026-01-04T13:14:27.453+0000] {logging_mixin.py:190} INFO - [2026-01-04T13:14:27.453+0000] {dag.py:4180} INFO - Setting next_dagrun for example_complex to None, run_after=None
[2026-01-04T13:14:27.468+0000] {processor.py:208} INFO - Processing /workspaces/f1_data_team/venv/lib/python3.12/site-packages/airflow/example_dags/example_complex.py took 0.061 seconds
[2026-01-04T13:15:43.433+0000] {processor.py:186} INFO - Started process (PID=59108) to work on /workspaces/f1_data_team/venv/lib/python3.12/site-packages/airflow/example_dags/example_complex.py
[2026-01-04T13:15:43.433+0000] {processor.py:914} INFO - Processing file /workspaces/f1_data_team/venv/lib/python3.12/site-packages/airflow/example_dags/example_complex.py for tasks to queue
[2026-01-04T13:15:43.435+0000] {logging_mixin.py:190} INFO - [2026-01-04T13:15:43.435+0000] {dagbag.py:588} INFO - Filling up the DagBag from /workspaces/f1_data_team/venv/lib/python3.12/site-packages/airflow/example_dags/example_complex.py
[2026-01-04T13:15:43.445+0000] {processor.py:925} INFO - DAG(s) 'example_complex' retrieved from /workspaces/f1_data_team/venv/lib/python3.12/site-packages/airflow/example_dags/example_complex.py
[2026-01-04T13:15:43.465+0000] {logging_mixin.py:190} INFO - [2026-01-04T13:15:43.464+0000] {dag.py:3239} INFO - Sync 1 DAGs
[2026-01-04T13:15:43.474+0000] {logging_mixin.py:190} INFO - [2026-01-04T13:15:43.474+0000] {dag.py:4180} INFO - Setting next_dagrun for example_complex to None, run_after=None
[2026-01-04T13:15:43.489+0000] {processor.py:208} INFO - Processing /workspaces/f1_data_team/venv/lib/python3.12/site-packages/airflow/example_dags/example_complex.py took 0.060 seconds
[2026-01-04T13:17:03.869+0000] {processor.py:186} INFO - Started process (PID=59789) to work on /workspaces/f1_data_team/venv/lib/python3.12/site-packages/airflow/example_dags/example_complex.py
[2026-01-04T13:17:03.870+0000] {processor.py:914} INFO - Processing file /workspaces/f1_data_team/venv/lib/python3.12/site-packages/airflow/example_dags/example_complex.py for tasks to queue
[2026-01-04T13:17:03.872+0000] {logging_mixin.py:190} INFO - [2026-01-04T13:17:03.871+0000] {dagbag.py:588} INFO - Filling up the DagBag from /workspaces/f1_data_team/venv/lib/python3.12/site-packages/airflow/example_dags/example_complex.py
[2026-01-04T13:17:03.881+0000] {processor.py:925} INFO - DAG(s) 'example_complex' retrieved from /workspaces/f1_data_team/venv/lib/python3.12/site-packages/airflow/example_dags/example_complex.py
[2026-01-04T13:17:03.901+0000] {logging_mixin.py:190} INFO - [2026-01-04T13:17:03.901+0000] {dag.py:3239} INFO - Sync 1 DAGs
[2026-01-04T13:17:03.911+0000] {logging_mixin.py:190} INFO - [2026-01-04T13:17:03.911+0000] {dag.py:4180} INFO - Setting next_dagrun for example_complex to None, run_after=None
[2026-01-04T13:17:03.927+0000] {processor.py:208} INFO - Processing /workspaces/f1_data_team/venv/lib/python3.12/site-packages/airflow/example_dags/example_complex.py took 0.062 seconds
[2026-01-04T13:18:20.093+0000] {processor.py:186} INFO - Started process (PID=60418) to work on /workspaces/f1_data_team/venv/lib/python3.12/site-packages/airflow/example_dags/example_complex.py
[2026-01-04T13:18:20.094+0000] {processor.py:914} INFO - Processing file /workspaces/f1_data_team/venv/lib/python3.12/site-packages/airflow/example_dags/example_complex.py for tasks to queue
[2026-01-04T13:18:20.096+0000] {logging_mixin.py:190} INFO - [2026-01-04T13:18:20.095+0000] {dagbag.py:588} INFO - Filling up the DagBag from /workspaces/f1_data_team/venv/lib/python3.12/site-packages/airflow/example_dags/example_complex.py
[2026-01-04T13:18:20.105+0000] {processor.py:925} INFO - DAG(s) 'example_complex' retrieved from /workspaces/f1_data_team/venv/lib/python3.12/site-packages/airflow/example_dags/example_complex.py
[2026-01-04T13:18:20.125+0000] {logging_mixin.py:190} INFO - [2026-01-04T13:18:20.124+0000] {dag.py:3239} INFO - Sync 1 DAGs
[2026-01-04T13:18:20.134+0000] {logging_mixin.py:190} INFO - [2026-01-04T13:18:20.134+0000] {dag.py:4180} INFO - Setting next_dagrun for example_complex to None, run_after=None
[2026-01-04T13:18:20.150+0000] {processor.py:208} INFO - Processing /workspaces/f1_data_team/venv/lib/python3.12/site-packages/airflow/example_dags/example_complex.py took 0.061 seconds
[2026-01-04T13:19:37.562+0000] {processor.py:186} INFO - Started process (PID=61014) to work on /workspaces/f1_data_team/venv/lib/python3.12/site-packages/airflow/example_dags/example_complex.py
[2026-01-04T13:19:37.563+0000] {processor.py:914} INFO - Processing file /workspaces/f1_data_team/venv/lib/python3.12/site-packages/airflow/example_dags/example_complex.py for tasks to queue
[2026-01-04T13:19:37.565+0000] {logging_mixin.py:190} INFO - [2026-01-04T13:19:37.564+0000] {dagbag.py:588} INFO - Filling up the DagBag from /workspaces/f1_data_team/venv/lib/python3.12/site-packages/airflow/example_dags/example_complex.py
[2026-01-04T13:19:37.575+0000] {processor.py:925} INFO - DAG(s) 'example_complex' retrieved from /workspaces/f1_data_team/venv/lib/python3.12/site-packages/airflow/example_dags/example_complex.py
[2026-01-04T13:19:37.594+0000] {logging_mixin.py:190} INFO - [2026-01-04T13:19:37.594+0000] {dag.py:3239} INFO - Sync 1 DAGs
[2026-01-04T13:19:37.604+0000] {logging_mixin.py:190} INFO - [2026-01-04T13:19:37.604+0000] {dag.py:4180} INFO - Setting next_dagrun for example_complex to None, run_after=None
[2026-01-04T13:19:37.620+0000] {processor.py:208} INFO - Processing /workspaces/f1_data_team/venv/lib/python3.12/site-packages/airflow/example_dags/example_complex.py took 0.062 seconds
[2026-01-04T13:20:31.041+0000] {processor.py:186} INFO - Started process (PID=61441) to work on /workspaces/f1_data_team/venv/lib/python3.12/site-packages/airflow/example_dags/example_complex.py
[2026-01-04T13:20:31.041+0000] {processor.py:914} INFO - Processing file /workspaces/f1_data_team/venv/lib/python3.12/site-packages/airflow/example_dags/example_complex.py for tasks to queue
[2026-01-04T13:20:31.043+0000] {logging_mixin.py:190} INFO - [2026-01-04T13:20:31.043+0000] {dagbag.py:588} INFO - Filling up the DagBag from /workspaces/f1_data_team/venv/lib/python3.12/site-packages/airflow/example_dags/example_complex.py
[2026-01-04T13:20:31.053+0000] {processor.py:925} INFO - DAG(s) 'example_complex' retrieved from /workspaces/f1_data_team/venv/lib/python3.12/site-packages/airflow/example_dags/example_complex.py
[2026-01-04T13:20:31.073+0000] {logging_mixin.py:190} INFO - [2026-01-04T13:20:31.073+0000] {dag.py:3239} INFO - Sync 1 DAGs
[2026-01-04T13:20:31.083+0000] {logging_mixin.py:190} INFO - [2026-01-04T13:20:31.083+0000] {dag.py:4180} INFO - Setting next_dagrun for example_complex to None, run_after=None
[2026-01-04T13:20:31.098+0000] {processor.py:208} INFO - Processing /workspaces/f1_data_team/venv/lib/python3.12/site-packages/airflow/example_dags/example_complex.py took 0.062 seconds
[2026-01-04T13:21:27.878+0000] {processor.py:186} INFO - Started process (PID=61952) to work on /workspaces/f1_data_team/venv/lib/python3.12/site-packages/airflow/example_dags/example_complex.py
[2026-01-04T13:21:27.879+0000] {processor.py:914} INFO - Processing file /workspaces/f1_data_team/venv/lib/python3.12/site-packages/airflow/example_dags/example_complex.py for tasks to queue
[2026-01-04T13:21:27.881+0000] {logging_mixin.py:190} INFO - [2026-01-04T13:21:27.880+0000] {dagbag.py:588} INFO - Filling up the DagBag from /workspaces/f1_data_team/venv/lib/python3.12/site-packages/airflow/example_dags/example_complex.py
[2026-01-04T13:21:27.890+0000] {processor.py:925} INFO - DAG(s) 'example_complex' retrieved from /workspaces/f1_data_team/venv/lib/python3.12/site-packages/airflow/example_dags/example_complex.py
[2026-01-04T13:21:27.910+0000] {logging_mixin.py:190} INFO - [2026-01-04T13:21:27.910+0000] {dag.py:3239} INFO - Sync 1 DAGs
[2026-01-04T13:21:27.920+0000] {logging_mixin.py:190} INFO - [2026-01-04T13:21:27.920+0000] {dag.py:4180} INFO - Setting next_dagrun for example_complex to None, run_after=None
[2026-01-04T13:21:27.936+0000] {processor.py:208} INFO - Processing /workspaces/f1_data_team/venv/lib/python3.12/site-packages/airflow/example_dags/example_complex.py took 0.063 seconds
[2026-01-04T13:22:45.546+0000] {processor.py:186} INFO - Started process (PID=62537) to work on /workspaces/f1_data_team/venv/lib/python3.12/site-packages/airflow/example_dags/example_complex.py
[2026-01-04T13:22:45.547+0000] {processor.py:914} INFO - Processing file /workspaces/f1_data_team/venv/lib/python3.12/site-packages/airflow/example_dags/example_complex.py for tasks to queue
[2026-01-04T13:22:45.549+0000] {logging_mixin.py:190} INFO - [2026-01-04T13:22:45.548+0000] {dagbag.py:588} INFO - Filling up the DagBag from /workspaces/f1_data_team/venv/lib/python3.12/site-packages/airflow/example_dags/example_complex.py
[2026-01-04T13:22:45.559+0000] {processor.py:925} INFO - DAG(s) 'example_complex' retrieved from /workspaces/f1_data_team/venv/lib/python3.12/site-packages/airflow/example_dags/example_complex.py
[2026-01-04T13:22:45.579+0000] {logging_mixin.py:190} INFO - [2026-01-04T13:22:45.579+0000] {dag.py:3239} INFO - Sync 1 DAGs
[2026-01-04T13:22:45.589+0000] {logging_mixin.py:190} INFO - [2026-01-04T13:22:45.589+0000] {dag.py:4180} INFO - Setting next_dagrun for example_complex to None, run_after=None
[2026-01-04T13:22:45.604+0000] {processor.py:208} INFO - Processing /workspaces/f1_data_team/venv/lib/python3.12/site-packages/airflow/example_dags/example_complex.py took 0.063 seconds
[2026-01-04T13:24:04.182+0000] {processor.py:186} INFO - Started process (PID=63142) to work on /workspaces/f1_data_team/venv/lib/python3.12/site-packages/airflow/example_dags/example_complex.py
[2026-01-04T13:24:04.182+0000] {processor.py:914} INFO - Processing file /workspaces/f1_data_team/venv/lib/python3.12/site-packages/airflow/example_dags/example_complex.py for tasks to queue
[2026-01-04T13:24:04.184+0000] {logging_mixin.py:190} INFO - [2026-01-04T13:24:04.184+0000] {dagbag.py:588} INFO - Filling up the DagBag from /workspaces/f1_data_team/venv/lib/python3.12/site-packages/airflow/example_dags/example_complex.py
[2026-01-04T13:24:04.194+0000] {processor.py:925} INFO - DAG(s) 'example_complex' retrieved from /workspaces/f1_data_team/venv/lib/python3.12/site-packages/airflow/example_dags/example_complex.py
[2026-01-04T13:24:04.213+0000] {logging_mixin.py:190} INFO - [2026-01-04T13:24:04.213+0000] {dag.py:3239} INFO - Sync 1 DAGs
[2026-01-04T13:24:04.222+0000] {logging_mixin.py:190} INFO - [2026-01-04T13:24:04.222+0000] {dag.py:4180} INFO - Setting next_dagrun for example_complex to None, run_after=None
[2026-01-04T13:24:04.237+0000] {processor.py:208} INFO - Processing /workspaces/f1_data_team/venv/lib/python3.12/site-packages/airflow/example_dags/example_complex.py took 0.060 seconds
[2026-01-04T13:25:20.606+0000] {processor.py:186} INFO - Started process (PID=63796) to work on /workspaces/f1_data_team/venv/lib/python3.12/site-packages/airflow/example_dags/example_complex.py
[2026-01-04T13:25:20.606+0000] {processor.py:914} INFO - Processing file /workspaces/f1_data_team/venv/lib/python3.12/site-packages/airflow/example_dags/example_complex.py for tasks to queue
[2026-01-04T13:25:20.608+0000] {logging_mixin.py:190} INFO - [2026-01-04T13:25:20.608+0000] {dagbag.py:588} INFO - Filling up the DagBag from /workspaces/f1_data_team/venv/lib/python3.12/site-packages/airflow/example_dags/example_complex.py
[2026-01-04T13:25:20.619+0000] {processor.py:925} INFO - DAG(s) 'example_complex' retrieved from /workspaces/f1_data_team/venv/lib/python3.12/site-packages/airflow/example_dags/example_complex.py
[2026-01-04T13:25:20.645+0000] {logging_mixin.py:190} INFO - [2026-01-04T13:25:20.645+0000] {dag.py:3239} INFO - Sync 1 DAGs
[2026-01-04T13:25:20.655+0000] {logging_mixin.py:190} INFO - [2026-01-04T13:25:20.655+0000] {dag.py:4180} INFO - Setting next_dagrun for example_complex to None, run_after=None
[2026-01-04T13:25:20.670+0000] {processor.py:208} INFO - Processing /workspaces/f1_data_team/venv/lib/python3.12/site-packages/airflow/example_dags/example_complex.py took 0.069 seconds
[2026-01-04T13:26:39.345+0000] {processor.py:186} INFO - Started process (PID=64436) to work on /workspaces/f1_data_team/venv/lib/python3.12/site-packages/airflow/example_dags/example_complex.py
[2026-01-04T13:26:39.346+0000] {processor.py:914} INFO - Processing file /workspaces/f1_data_team/venv/lib/python3.12/site-packages/airflow/example_dags/example_complex.py for tasks to queue
[2026-01-04T13:26:39.348+0000] {logging_mixin.py:190} INFO - [2026-01-04T13:26:39.347+0000] {dagbag.py:588} INFO - Filling up the DagBag from /workspaces/f1_data_team/venv/lib/python3.12/site-packages/airflow/example_dags/example_complex.py
[2026-01-04T13:26:39.357+0000] {processor.py:925} INFO - DAG(s) 'example_complex' retrieved from /workspaces/f1_data_team/venv/lib/python3.12/site-packages/airflow/example_dags/example_complex.py
[2026-01-04T13:26:39.377+0000] {logging_mixin.py:190} INFO - [2026-01-04T13:26:39.377+0000] {dag.py:3239} INFO - Sync 1 DAGs
[2026-01-04T13:26:39.386+0000] {logging_mixin.py:190} INFO - [2026-01-04T13:26:39.386+0000] {dag.py:4180} INFO - Setting next_dagrun for example_complex to None, run_after=None
[2026-01-04T13:26:39.402+0000] {processor.py:208} INFO - Processing /workspaces/f1_data_team/venv/lib/python3.12/site-packages/airflow/example_dags/example_complex.py took 0.061 seconds
[2026-01-04T13:27:35.834+0000] {processor.py:186} INFO - Started process (PID=64890) to work on /workspaces/f1_data_team/venv/lib/python3.12/site-packages/airflow/example_dags/example_complex.py
[2026-01-04T13:27:35.834+0000] {processor.py:914} INFO - Processing file /workspaces/f1_data_team/venv/lib/python3.12/site-packages/airflow/example_dags/example_complex.py for tasks to queue
[2026-01-04T13:27:35.836+0000] {logging_mixin.py:190} INFO - [2026-01-04T13:27:35.836+0000] {dagbag.py:588} INFO - Filling up the DagBag from /workspaces/f1_data_team/venv/lib/python3.12/site-packages/airflow/example_dags/example_complex.py
[2026-01-04T13:27:35.846+0000] {processor.py:925} INFO - DAG(s) 'example_complex' retrieved from /workspaces/f1_data_team/venv/lib/python3.12/site-packages/airflow/example_dags/example_complex.py
[2026-01-04T13:27:35.866+0000] {logging_mixin.py:190} INFO - [2026-01-04T13:27:35.866+0000] {dag.py:3239} INFO - Sync 1 DAGs
[2026-01-04T13:27:35.875+0000] {logging_mixin.py:190} INFO - [2026-01-04T13:27:35.875+0000] {dag.py:4180} INFO - Setting next_dagrun for example_complex to None, run_after=None
[2026-01-04T13:27:35.891+0000] {processor.py:208} INFO - Processing /workspaces/f1_data_team/venv/lib/python3.12/site-packages/airflow/example_dags/example_complex.py took 0.062 seconds
[2026-01-04T13:28:52.705+0000] {processor.py:186} INFO - Started process (PID=65485) to work on /workspaces/f1_data_team/venv/lib/python3.12/site-packages/airflow/example_dags/example_complex.py
[2026-01-04T13:28:52.706+0000] {processor.py:914} INFO - Processing file /workspaces/f1_data_team/venv/lib/python3.12/site-packages/airflow/example_dags/example_complex.py for tasks to queue
[2026-01-04T13:28:52.708+0000] {logging_mixin.py:190} INFO - [2026-01-04T13:28:52.708+0000] {dagbag.py:588} INFO - Filling up the DagBag from /workspaces/f1_data_team/venv/lib/python3.12/site-packages/airflow/example_dags/example_complex.py
[2026-01-04T13:28:52.718+0000] {processor.py:925} INFO - DAG(s) 'example_complex' retrieved from /workspaces/f1_data_team/venv/lib/python3.12/site-packages/airflow/example_dags/example_complex.py
[2026-01-04T13:28:52.738+0000] {logging_mixin.py:190} INFO - [2026-01-04T13:28:52.738+0000] {dag.py:3239} INFO - Sync 1 DAGs
[2026-01-04T13:28:52.748+0000] {logging_mixin.py:190} INFO - [2026-01-04T13:28:52.748+0000] {dag.py:4180} INFO - Setting next_dagrun for example_complex to None, run_after=None
[2026-01-04T13:28:52.763+0000] {processor.py:208} INFO - Processing /workspaces/f1_data_team/venv/lib/python3.12/site-packages/airflow/example_dags/example_complex.py took 0.062 seconds
[2026-01-04T13:30:14.281+0000] {processor.py:186} INFO - Started process (PID=66165) to work on /workspaces/f1_data_team/venv/lib/python3.12/site-packages/airflow/example_dags/example_complex.py
[2026-01-04T13:30:14.282+0000] {processor.py:914} INFO - Processing file /workspaces/f1_data_team/venv/lib/python3.12/site-packages/airflow/example_dags/example_complex.py for tasks to queue
[2026-01-04T13:30:14.284+0000] {logging_mixin.py:190} INFO - [2026-01-04T13:30:14.283+0000] {dagbag.py:588} INFO - Filling up the DagBag from /workspaces/f1_data_team/venv/lib/python3.12/site-packages/airflow/example_dags/example_complex.py
[2026-01-04T13:30:14.293+0000] {processor.py:925} INFO - DAG(s) 'example_complex' retrieved from /workspaces/f1_data_team/venv/lib/python3.12/site-packages/airflow/example_dags/example_complex.py
[2026-01-04T13:30:14.314+0000] {logging_mixin.py:190} INFO - [2026-01-04T13:30:14.313+0000] {dag.py:3239} INFO - Sync 1 DAGs
[2026-01-04T13:30:14.323+0000] {logging_mixin.py:190} INFO - [2026-01-04T13:30:14.323+0000] {dag.py:4180} INFO - Setting next_dagrun for example_complex to None, run_after=None
[2026-01-04T13:30:14.338+0000] {processor.py:208} INFO - Processing /workspaces/f1_data_team/venv/lib/python3.12/site-packages/airflow/example_dags/example_complex.py took 0.061 seconds
[2026-01-04T13:31:27.826+0000] {processor.py:186} INFO - Started process (PID=66789) to work on /workspaces/f1_data_team/venv/lib/python3.12/site-packages/airflow/example_dags/example_complex.py
[2026-01-04T13:31:27.826+0000] {processor.py:914} INFO - Processing file /workspaces/f1_data_team/venv/lib/python3.12/site-packages/airflow/example_dags/example_complex.py for tasks to queue
[2026-01-04T13:31:27.828+0000] {logging_mixin.py:190} INFO - [2026-01-04T13:31:27.828+0000] {dagbag.py:588} INFO - Filling up the DagBag from /workspaces/f1_data_team/venv/lib/python3.12/site-packages/airflow/example_dags/example_complex.py
[2026-01-04T13:31:27.838+0000] {processor.py:925} INFO - DAG(s) 'example_complex' retrieved from /workspaces/f1_data_team/venv/lib/python3.12/site-packages/airflow/example_dags/example_complex.py
[2026-01-04T13:31:27.859+0000] {logging_mixin.py:190} INFO - [2026-01-04T13:31:27.859+0000] {dag.py:3239} INFO - Sync 1 DAGs
[2026-01-04T13:31:27.868+0000] {logging_mixin.py:190} INFO - [2026-01-04T13:31:27.868+0000] {dag.py:4180} INFO - Setting next_dagrun for example_complex to None, run_after=None
[2026-01-04T13:31:27.883+0000] {processor.py:208} INFO - Processing /workspaces/f1_data_team/venv/lib/python3.12/site-packages/airflow/example_dags/example_complex.py took 0.062 seconds
[2026-01-04T13:32:42.047+0000] {processor.py:186} INFO - Started process (PID=67354) to work on /workspaces/f1_data_team/venv/lib/python3.12/site-packages/airflow/example_dags/example_complex.py
[2026-01-04T13:32:42.048+0000] {processor.py:914} INFO - Processing file /workspaces/f1_data_team/venv/lib/python3.12/site-packages/airflow/example_dags/example_complex.py for tasks to queue
[2026-01-04T13:32:42.050+0000] {logging_mixin.py:190} INFO - [2026-01-04T13:32:42.050+0000] {dagbag.py:588} INFO - Filling up the DagBag from /workspaces/f1_data_team/venv/lib/python3.12/site-packages/airflow/example_dags/example_complex.py
[2026-01-04T13:32:42.060+0000] {processor.py:925} INFO - DAG(s) 'example_complex' retrieved from /workspaces/f1_data_team/venv/lib/python3.12/site-packages/airflow/example_dags/example_complex.py
[2026-01-04T13:32:42.080+0000] {logging_mixin.py:190} INFO - [2026-01-04T13:32:42.080+0000] {dag.py:3239} INFO - Sync 1 DAGs
[2026-01-04T13:32:42.090+0000] {logging_mixin.py:190} INFO - [2026-01-04T13:32:42.089+0000] {dag.py:4180} INFO - Setting next_dagrun for example_complex to None, run_after=None
[2026-01-04T13:32:42.104+0000] {processor.py:208} INFO - Processing /workspaces/f1_data_team/venv/lib/python3.12/site-packages/airflow/example_dags/example_complex.py took 0.062 seconds
[2026-01-04T13:34:00.481+0000] {processor.py:186} INFO - Started process (PID=67950) to work on /workspaces/f1_data_team/venv/lib/python3.12/site-packages/airflow/example_dags/example_complex.py
[2026-01-04T13:34:00.482+0000] {processor.py:914} INFO - Processing file /workspaces/f1_data_team/venv/lib/python3.12/site-packages/airflow/example_dags/example_complex.py for tasks to queue
[2026-01-04T13:34:00.484+0000] {logging_mixin.py:190} INFO - [2026-01-04T13:34:00.484+0000] {dagbag.py:588} INFO - Filling up the DagBag from /workspaces/f1_data_team/venv/lib/python3.12/site-packages/airflow/example_dags/example_complex.py
[2026-01-04T13:34:00.494+0000] {processor.py:925} INFO - DAG(s) 'example_complex' retrieved from /workspaces/f1_data_team/venv/lib/python3.12/site-packages/airflow/example_dags/example_complex.py
[2026-01-04T13:34:00.519+0000] {logging_mixin.py:190} INFO - [2026-01-04T13:34:00.519+0000] {dag.py:3239} INFO - Sync 1 DAGs
[2026-01-04T13:34:00.529+0000] {logging_mixin.py:190} INFO - [2026-01-04T13:34:00.529+0000] {dag.py:4180} INFO - Setting next_dagrun for example_complex to None, run_after=None
[2026-01-04T13:34:00.544+0000] {processor.py:208} INFO - Processing /workspaces/f1_data_team/venv/lib/python3.12/site-packages/airflow/example_dags/example_complex.py took 0.067 seconds
[2026-01-04T13:35:18.755+0000] {processor.py:186} INFO - Started process (PID=68614) to work on /workspaces/f1_data_team/venv/lib/python3.12/site-packages/airflow/example_dags/example_complex.py
[2026-01-04T13:35:18.755+0000] {processor.py:914} INFO - Processing file /workspaces/f1_data_team/venv/lib/python3.12/site-packages/airflow/example_dags/example_complex.py for tasks to queue
[2026-01-04T13:35:18.757+0000] {logging_mixin.py:190} INFO - [2026-01-04T13:35:18.757+0000] {dagbag.py:588} INFO - Filling up the DagBag from /workspaces/f1_data_team/venv/lib/python3.12/site-packages/airflow/example_dags/example_complex.py
[2026-01-04T13:35:18.771+0000] {processor.py:925} INFO - DAG(s) 'example_complex' retrieved from /workspaces/f1_data_team/venv/lib/python3.12/site-packages/airflow/example_dags/example_complex.py
[2026-01-04T13:35:18.803+0000] {logging_mixin.py:190} INFO - [2026-01-04T13:35:18.802+0000] {dag.py:3239} INFO - Sync 1 DAGs
[2026-01-04T13:35:18.812+0000] {logging_mixin.py:190} INFO - [2026-01-04T13:35:18.812+0000] {dag.py:4180} INFO - Setting next_dagrun for example_complex to None, run_after=None
[2026-01-04T13:35:18.827+0000] {processor.py:208} INFO - Processing /workspaces/f1_data_team/venv/lib/python3.12/site-packages/airflow/example_dags/example_complex.py took 0.077 seconds
[2026-01-04T13:36:34.714+0000] {processor.py:186} INFO - Started process (PID=69254) to work on /workspaces/f1_data_team/venv/lib/python3.12/site-packages/airflow/example_dags/example_complex.py
[2026-01-04T13:36:34.715+0000] {processor.py:914} INFO - Processing file /workspaces/f1_data_team/venv/lib/python3.12/site-packages/airflow/example_dags/example_complex.py for tasks to queue
[2026-01-04T13:36:34.717+0000] {logging_mixin.py:190} INFO - [2026-01-04T13:36:34.716+0000] {dagbag.py:588} INFO - Filling up the DagBag from /workspaces/f1_data_team/venv/lib/python3.12/site-packages/airflow/example_dags/example_complex.py
[2026-01-04T13:36:34.727+0000] {processor.py:925} INFO - DAG(s) 'example_complex' retrieved from /workspaces/f1_data_team/venv/lib/python3.12/site-packages/airflow/example_dags/example_complex.py
[2026-01-04T13:36:34.747+0000] {logging_mixin.py:190} INFO - [2026-01-04T13:36:34.746+0000] {dag.py:3239} INFO - Sync 1 DAGs
[2026-01-04T13:36:34.757+0000] {logging_mixin.py:190} INFO - [2026-01-04T13:36:34.756+0000] {dag.py:4180} INFO - Setting next_dagrun for example_complex to None, run_after=None
[2026-01-04T13:36:34.771+0000] {processor.py:208} INFO - Processing /workspaces/f1_data_team/venv/lib/python3.12/site-packages/airflow/example_dags/example_complex.py took 0.062 seconds
[2026-01-04T13:37:50.070+0000] {processor.py:186} INFO - Started process (PID=69841) to work on /workspaces/f1_data_team/venv/lib/python3.12/site-packages/airflow/example_dags/example_complex.py
[2026-01-04T13:37:50.071+0000] {processor.py:914} INFO - Processing file /workspaces/f1_data_team/venv/lib/python3.12/site-packages/airflow/example_dags/example_complex.py for tasks to queue
[2026-01-04T13:37:50.073+0000] {logging_mixin.py:190} INFO - [2026-01-04T13:37:50.072+0000] {dagbag.py:588} INFO - Filling up the DagBag from /workspaces/f1_data_team/venv/lib/python3.12/site-packages/airflow/example_dags/example_complex.py
[2026-01-04T13:37:50.082+0000] {processor.py:925} INFO - DAG(s) 'example_complex' retrieved from /workspaces/f1_data_team/venv/lib/python3.12/site-packages/airflow/example_dags/example_complex.py
[2026-01-04T13:37:50.101+0000] {logging_mixin.py:190} INFO - [2026-01-04T13:37:50.101+0000] {dag.py:3239} INFO - Sync 1 DAGs
[2026-01-04T13:37:50.111+0000] {logging_mixin.py:190} INFO - [2026-01-04T13:37:50.111+0000] {dag.py:4180} INFO - Setting next_dagrun for example_complex to None, run_after=None
[2026-01-04T13:37:50.126+0000] {processor.py:208} INFO - Processing /workspaces/f1_data_team/venv/lib/python3.12/site-packages/airflow/example_dags/example_complex.py took 0.060 seconds
