[2026-01-04T12:27:28.024+0000] {processor.py:186} INFO - Started process (PID=24858) to work on /workspaces/f1_data_team/venv/lib/python3.12/site-packages/airflow/example_dags/example_branch_operator.py
[2026-01-04T12:27:28.024+0000] {processor.py:914} INFO - Processing file /workspaces/f1_data_team/venv/lib/python3.12/site-packages/airflow/example_dags/example_branch_operator.py for tasks to queue
[2026-01-04T12:27:28.026+0000] {logging_mixin.py:190} INFO - [2026-01-04T12:27:28.026+0000] {dagbag.py:588} INFO - Filling up the DagBag from /workspaces/f1_data_team/venv/lib/python3.12/site-packages/airflow/example_dags/example_branch_operator.py
[2026-01-04T12:27:28.041+0000] {processor.py:925} INFO - DAG(s) 'example_branch_operator' retrieved from /workspaces/f1_data_team/venv/lib/python3.12/site-packages/airflow/example_dags/example_branch_operator.py
[2026-01-04T12:27:28.123+0000] {logging_mixin.py:190} INFO - [2026-01-04T12:27:28.122+0000] {override.py:1911} INFO - Created Permission View: can read on DAG:example_branch_operator
[2026-01-04T12:27:28.131+0000] {logging_mixin.py:190} INFO - [2026-01-04T12:27:28.130+0000] {override.py:1911} INFO - Created Permission View: can edit on DAG:example_branch_operator
[2026-01-04T12:27:28.136+0000] {logging_mixin.py:190} INFO - [2026-01-04T12:27:28.136+0000] {override.py:1911} INFO - Created Permission View: can delete on DAG:example_branch_operator
[2026-01-04T12:27:28.144+0000] {logging_mixin.py:190} INFO - [2026-01-04T12:27:28.144+0000] {override.py:1911} INFO - Created Permission View: can read on DAG Run:example_branch_operator
[2026-01-04T12:27:28.149+0000] {logging_mixin.py:190} INFO - [2026-01-04T12:27:28.149+0000] {override.py:1911} INFO - Created Permission View: menu access on DAG Run:example_branch_operator
[2026-01-04T12:27:28.154+0000] {logging_mixin.py:190} INFO - [2026-01-04T12:27:28.154+0000] {override.py:1911} INFO - Created Permission View: can create on DAG Run:example_branch_operator
[2026-01-04T12:27:28.160+0000] {logging_mixin.py:190} INFO - [2026-01-04T12:27:28.159+0000] {override.py:1911} INFO - Created Permission View: can delete on DAG Run:example_branch_operator
[2026-01-04T12:27:28.160+0000] {logging_mixin.py:190} INFO - [2026-01-04T12:27:28.160+0000] {dag.py:3239} INFO - Sync 1 DAGs
[2026-01-04T12:27:28.170+0000] {logging_mixin.py:190} INFO - [2026-01-04T12:27:28.169+0000] {dag.py:3262} INFO - Creating ORM DAG for example_branch_operator
[2026-01-04T12:27:28.177+0000] {logging_mixin.py:190} INFO - [2026-01-04T12:27:28.177+0000] {dag.py:4180} INFO - Setting next_dagrun for example_branch_operator to 2026-01-03 00:00:00+00:00, run_after=2026-01-04 00:00:00+00:00
[2026-01-04T12:27:28.192+0000] {processor.py:208} INFO - Processing /workspaces/f1_data_team/venv/lib/python3.12/site-packages/airflow/example_dags/example_branch_operator.py took 0.173 seconds
[2026-01-04T12:28:26.486+0000] {processor.py:186} INFO - Started process (PID=25375) to work on /workspaces/f1_data_team/venv/lib/python3.12/site-packages/airflow/example_dags/example_branch_operator.py
[2026-01-04T12:28:26.487+0000] {processor.py:914} INFO - Processing file /workspaces/f1_data_team/venv/lib/python3.12/site-packages/airflow/example_dags/example_branch_operator.py for tasks to queue
[2026-01-04T12:28:26.489+0000] {logging_mixin.py:190} INFO - [2026-01-04T12:28:26.489+0000] {dagbag.py:588} INFO - Filling up the DagBag from /workspaces/f1_data_team/venv/lib/python3.12/site-packages/airflow/example_dags/example_branch_operator.py
[2026-01-04T12:28:26.503+0000] {processor.py:925} INFO - DAG(s) 'example_branch_operator' retrieved from /workspaces/f1_data_team/venv/lib/python3.12/site-packages/airflow/example_dags/example_branch_operator.py
[2026-01-04T12:28:26.521+0000] {logging_mixin.py:190} INFO - [2026-01-04T12:28:26.520+0000] {dag.py:3239} INFO - Sync 1 DAGs
[2026-01-04T12:28:26.536+0000] {logging_mixin.py:190} INFO - [2026-01-04T12:28:26.536+0000] {dag.py:4180} INFO - Setting next_dagrun for example_branch_operator to 2026-01-03 00:00:00+00:00, run_after=2026-01-04 00:00:00+00:00
[2026-01-04T12:28:26.551+0000] {processor.py:208} INFO - Processing /workspaces/f1_data_team/venv/lib/python3.12/site-packages/airflow/example_dags/example_branch_operator.py took 0.070 seconds
[2026-01-04T12:29:23.011+0000] {processor.py:186} INFO - Started process (PID=26582) to work on /workspaces/f1_data_team/venv/lib/python3.12/site-packages/airflow/example_dags/example_branch_operator.py
[2026-01-04T12:29:23.012+0000] {processor.py:914} INFO - Processing file /workspaces/f1_data_team/venv/lib/python3.12/site-packages/airflow/example_dags/example_branch_operator.py for tasks to queue
[2026-01-04T12:29:23.014+0000] {logging_mixin.py:190} INFO - [2026-01-04T12:29:23.013+0000] {dagbag.py:588} INFO - Filling up the DagBag from /workspaces/f1_data_team/venv/lib/python3.12/site-packages/airflow/example_dags/example_branch_operator.py
[2026-01-04T12:29:23.029+0000] {processor.py:925} INFO - DAG(s) 'example_branch_operator' retrieved from /workspaces/f1_data_team/venv/lib/python3.12/site-packages/airflow/example_dags/example_branch_operator.py
[2026-01-04T12:29:23.046+0000] {logging_mixin.py:190} INFO - [2026-01-04T12:29:23.046+0000] {dag.py:3239} INFO - Sync 1 DAGs
[2026-01-04T12:29:23.062+0000] {logging_mixin.py:190} INFO - [2026-01-04T12:29:23.062+0000] {dag.py:4180} INFO - Setting next_dagrun for example_branch_operator to 2026-01-03 00:00:00+00:00, run_after=2026-01-04 00:00:00+00:00
[2026-01-04T12:29:23.077+0000] {processor.py:208} INFO - Processing /workspaces/f1_data_team/venv/lib/python3.12/site-packages/airflow/example_dags/example_branch_operator.py took 0.070 seconds
[2026-01-04T12:31:04.819+0000] {processor.py:186} INFO - Started process (PID=28155) to work on /workspaces/f1_data_team/venv/lib/python3.12/site-packages/airflow/example_dags/example_branch_operator.py
[2026-01-04T12:31:04.820+0000] {processor.py:914} INFO - Processing file /workspaces/f1_data_team/venv/lib/python3.12/site-packages/airflow/example_dags/example_branch_operator.py for tasks to queue
[2026-01-04T12:31:04.822+0000] {logging_mixin.py:190} INFO - [2026-01-04T12:31:04.822+0000] {dagbag.py:588} INFO - Filling up the DagBag from /workspaces/f1_data_team/venv/lib/python3.12/site-packages/airflow/example_dags/example_branch_operator.py
[2026-01-04T12:31:04.836+0000] {processor.py:925} INFO - DAG(s) 'example_branch_operator' retrieved from /workspaces/f1_data_team/venv/lib/python3.12/site-packages/airflow/example_dags/example_branch_operator.py
[2026-01-04T12:31:04.912+0000] {logging_mixin.py:190} INFO - [2026-01-04T12:31:04.912+0000] {dag.py:3239} INFO - Sync 1 DAGs
[2026-01-04T12:31:04.926+0000] {logging_mixin.py:190} INFO - [2026-01-04T12:31:04.926+0000] {dag.py:4180} INFO - Setting next_dagrun for example_branch_operator to 2026-01-03 00:00:00+00:00, run_after=2026-01-04 00:00:00+00:00
[2026-01-04T12:31:04.941+0000] {processor.py:208} INFO - Processing /workspaces/f1_data_team/venv/lib/python3.12/site-packages/airflow/example_dags/example_branch_operator.py took 0.126 seconds
[2026-01-04T12:33:14.352+0000] {processor.py:186} INFO - Started process (PID=30311) to work on /workspaces/f1_data_team/venv/lib/python3.12/site-packages/airflow/example_dags/example_branch_operator.py
[2026-01-04T12:33:14.353+0000] {processor.py:914} INFO - Processing file /workspaces/f1_data_team/venv/lib/python3.12/site-packages/airflow/example_dags/example_branch_operator.py for tasks to queue
[2026-01-04T12:33:14.354+0000] {logging_mixin.py:190} INFO - [2026-01-04T12:33:14.354+0000] {dagbag.py:588} INFO - Filling up the DagBag from /workspaces/f1_data_team/venv/lib/python3.12/site-packages/airflow/example_dags/example_branch_operator.py
[2026-01-04T12:33:14.369+0000] {processor.py:925} INFO - DAG(s) 'example_branch_operator' retrieved from /workspaces/f1_data_team/venv/lib/python3.12/site-packages/airflow/example_dags/example_branch_operator.py
[2026-01-04T12:33:14.447+0000] {logging_mixin.py:190} INFO - [2026-01-04T12:33:14.447+0000] {dag.py:3239} INFO - Sync 1 DAGs
[2026-01-04T12:33:14.460+0000] {logging_mixin.py:190} INFO - [2026-01-04T12:33:14.460+0000] {dag.py:4180} INFO - Setting next_dagrun for example_branch_operator to 2026-01-03 00:00:00+00:00, run_after=2026-01-04 00:00:00+00:00
[2026-01-04T12:33:14.476+0000] {processor.py:208} INFO - Processing /workspaces/f1_data_team/venv/lib/python3.12/site-packages/airflow/example_dags/example_branch_operator.py took 0.128 seconds
[2026-01-04T12:34:11.894+0000] {processor.py:186} INFO - Started process (PID=30881) to work on /workspaces/f1_data_team/venv/lib/python3.12/site-packages/airflow/example_dags/example_branch_operator.py
[2026-01-04T12:34:11.895+0000] {processor.py:914} INFO - Processing file /workspaces/f1_data_team/venv/lib/python3.12/site-packages/airflow/example_dags/example_branch_operator.py for tasks to queue
[2026-01-04T12:34:11.897+0000] {logging_mixin.py:190} INFO - [2026-01-04T12:34:11.897+0000] {dagbag.py:588} INFO - Filling up the DagBag from /workspaces/f1_data_team/venv/lib/python3.12/site-packages/airflow/example_dags/example_branch_operator.py
[2026-01-04T12:34:11.912+0000] {processor.py:925} INFO - DAG(s) 'example_branch_operator' retrieved from /workspaces/f1_data_team/venv/lib/python3.12/site-packages/airflow/example_dags/example_branch_operator.py
[2026-01-04T12:34:11.930+0000] {logging_mixin.py:190} INFO - [2026-01-04T12:34:11.929+0000] {dag.py:3239} INFO - Sync 1 DAGs
[2026-01-04T12:34:11.946+0000] {logging_mixin.py:190} INFO - [2026-01-04T12:34:11.945+0000] {dag.py:4180} INFO - Setting next_dagrun for example_branch_operator to 2026-01-03 00:00:00+00:00, run_after=2026-01-04 00:00:00+00:00
[2026-01-04T12:34:11.960+0000] {processor.py:208} INFO - Processing /workspaces/f1_data_team/venv/lib/python3.12/site-packages/airflow/example_dags/example_branch_operator.py took 0.070 seconds
[2026-01-04T12:35:05.424+0000] {processor.py:186} INFO - Started process (PID=31423) to work on /workspaces/f1_data_team/venv/lib/python3.12/site-packages/airflow/example_dags/example_branch_operator.py
[2026-01-04T12:35:05.425+0000] {processor.py:914} INFO - Processing file /workspaces/f1_data_team/venv/lib/python3.12/site-packages/airflow/example_dags/example_branch_operator.py for tasks to queue
[2026-01-04T12:35:05.427+0000] {logging_mixin.py:190} INFO - [2026-01-04T12:35:05.427+0000] {dagbag.py:588} INFO - Filling up the DagBag from /workspaces/f1_data_team/venv/lib/python3.12/site-packages/airflow/example_dags/example_branch_operator.py
[2026-01-04T12:35:05.442+0000] {processor.py:925} INFO - DAG(s) 'example_branch_operator' retrieved from /workspaces/f1_data_team/venv/lib/python3.12/site-packages/airflow/example_dags/example_branch_operator.py
[2026-01-04T12:35:05.460+0000] {logging_mixin.py:190} INFO - [2026-01-04T12:35:05.460+0000] {dag.py:3239} INFO - Sync 1 DAGs
[2026-01-04T12:35:05.476+0000] {logging_mixin.py:190} INFO - [2026-01-04T12:35:05.476+0000] {dag.py:4180} INFO - Setting next_dagrun for example_branch_operator to 2026-01-03 00:00:00+00:00, run_after=2026-01-04 00:00:00+00:00
[2026-01-04T12:35:05.491+0000] {processor.py:208} INFO - Processing /workspaces/f1_data_team/venv/lib/python3.12/site-packages/airflow/example_dags/example_branch_operator.py took 0.071 seconds
[2026-01-04T12:36:21.150+0000] {processor.py:186} INFO - Started process (PID=32327) to work on /workspaces/f1_data_team/venv/lib/python3.12/site-packages/airflow/example_dags/example_branch_operator.py
[2026-01-04T12:36:21.151+0000] {processor.py:914} INFO - Processing file /workspaces/f1_data_team/venv/lib/python3.12/site-packages/airflow/example_dags/example_branch_operator.py for tasks to queue
[2026-01-04T12:36:21.152+0000] {logging_mixin.py:190} INFO - [2026-01-04T12:36:21.152+0000] {dagbag.py:588} INFO - Filling up the DagBag from /workspaces/f1_data_team/venv/lib/python3.12/site-packages/airflow/example_dags/example_branch_operator.py
[2026-01-04T12:36:21.167+0000] {processor.py:925} INFO - DAG(s) 'example_branch_operator' retrieved from /workspaces/f1_data_team/venv/lib/python3.12/site-packages/airflow/example_dags/example_branch_operator.py
[2026-01-04T12:36:21.185+0000] {logging_mixin.py:190} INFO - [2026-01-04T12:36:21.185+0000] {dag.py:3239} INFO - Sync 1 DAGs
[2026-01-04T12:36:21.200+0000] {logging_mixin.py:190} INFO - [2026-01-04T12:36:21.200+0000] {dag.py:4180} INFO - Setting next_dagrun for example_branch_operator to 2026-01-03 00:00:00+00:00, run_after=2026-01-04 00:00:00+00:00
[2026-01-04T12:36:21.214+0000] {processor.py:208} INFO - Processing /workspaces/f1_data_team/venv/lib/python3.12/site-packages/airflow/example_dags/example_branch_operator.py took 0.069 seconds
[2026-01-04T12:37:41.718+0000] {processor.py:186} INFO - Started process (PID=33282) to work on /workspaces/f1_data_team/venv/lib/python3.12/site-packages/airflow/example_dags/example_branch_operator.py
[2026-01-04T12:37:41.718+0000] {processor.py:914} INFO - Processing file /workspaces/f1_data_team/venv/lib/python3.12/site-packages/airflow/example_dags/example_branch_operator.py for tasks to queue
[2026-01-04T12:37:41.720+0000] {logging_mixin.py:190} INFO - [2026-01-04T12:37:41.720+0000] {dagbag.py:588} INFO - Filling up the DagBag from /workspaces/f1_data_team/venv/lib/python3.12/site-packages/airflow/example_dags/example_branch_operator.py
[2026-01-04T12:37:41.735+0000] {processor.py:925} INFO - DAG(s) 'example_branch_operator' retrieved from /workspaces/f1_data_team/venv/lib/python3.12/site-packages/airflow/example_dags/example_branch_operator.py
[2026-01-04T12:37:41.753+0000] {logging_mixin.py:190} INFO - [2026-01-04T12:37:41.752+0000] {dag.py:3239} INFO - Sync 1 DAGs
[2026-01-04T12:37:41.768+0000] {logging_mixin.py:190} INFO - [2026-01-04T12:37:41.768+0000] {dag.py:4180} INFO - Setting next_dagrun for example_branch_operator to 2026-01-03 00:00:00+00:00, run_after=2026-01-04 00:00:00+00:00
[2026-01-04T12:37:41.782+0000] {processor.py:208} INFO - Processing /workspaces/f1_data_team/venv/lib/python3.12/site-packages/airflow/example_dags/example_branch_operator.py took 0.069 seconds
[2026-01-04T12:38:59.213+0000] {processor.py:186} INFO - Started process (PID=34132) to work on /workspaces/f1_data_team/venv/lib/python3.12/site-packages/airflow/example_dags/example_branch_operator.py
[2026-01-04T12:38:59.214+0000] {processor.py:914} INFO - Processing file /workspaces/f1_data_team/venv/lib/python3.12/site-packages/airflow/example_dags/example_branch_operator.py for tasks to queue
[2026-01-04T12:38:59.215+0000] {logging_mixin.py:190} INFO - [2026-01-04T12:38:59.215+0000] {dagbag.py:588} INFO - Filling up the DagBag from /workspaces/f1_data_team/venv/lib/python3.12/site-packages/airflow/example_dags/example_branch_operator.py
[2026-01-04T12:38:59.230+0000] {processor.py:925} INFO - DAG(s) 'example_branch_operator' retrieved from /workspaces/f1_data_team/venv/lib/python3.12/site-packages/airflow/example_dags/example_branch_operator.py
[2026-01-04T12:38:59.248+0000] {logging_mixin.py:190} INFO - [2026-01-04T12:38:59.247+0000] {dag.py:3239} INFO - Sync 1 DAGs
[2026-01-04T12:38:59.263+0000] {logging_mixin.py:190} INFO - [2026-01-04T12:38:59.263+0000] {dag.py:4180} INFO - Setting next_dagrun for example_branch_operator to 2026-01-03 00:00:00+00:00, run_after=2026-01-04 00:00:00+00:00
[2026-01-04T12:38:59.280+0000] {processor.py:208} INFO - Processing /workspaces/f1_data_team/venv/lib/python3.12/site-packages/airflow/example_dags/example_branch_operator.py took 0.072 seconds
[2026-01-04T12:39:56.595+0000] {processor.py:186} INFO - Started process (PID=34678) to work on /workspaces/f1_data_team/venv/lib/python3.12/site-packages/airflow/example_dags/example_branch_operator.py
[2026-01-04T12:39:56.596+0000] {processor.py:914} INFO - Processing file /workspaces/f1_data_team/venv/lib/python3.12/site-packages/airflow/example_dags/example_branch_operator.py for tasks to queue
[2026-01-04T12:39:56.599+0000] {logging_mixin.py:190} INFO - [2026-01-04T12:39:56.599+0000] {dagbag.py:588} INFO - Filling up the DagBag from /workspaces/f1_data_team/venv/lib/python3.12/site-packages/airflow/example_dags/example_branch_operator.py
[2026-01-04T12:39:56.619+0000] {processor.py:925} INFO - DAG(s) 'example_branch_operator' retrieved from /workspaces/f1_data_team/venv/lib/python3.12/site-packages/airflow/example_dags/example_branch_operator.py
[2026-01-04T12:39:56.644+0000] {logging_mixin.py:190} INFO - [2026-01-04T12:39:56.643+0000] {dag.py:3239} INFO - Sync 1 DAGs
[2026-01-04T12:39:56.665+0000] {logging_mixin.py:190} INFO - [2026-01-04T12:39:56.665+0000] {dag.py:4180} INFO - Setting next_dagrun for example_branch_operator to 2026-01-03 00:00:00+00:00, run_after=2026-01-04 00:00:00+00:00
[2026-01-04T12:39:56.684+0000] {processor.py:208} INFO - Processing /workspaces/f1_data_team/venv/lib/python3.12/site-packages/airflow/example_dags/example_branch_operator.py took 0.096 seconds
[2026-01-04T12:42:08.640+0000] {processor.py:186} INFO - Started process (PID=36401) to work on /workspaces/f1_data_team/venv/lib/python3.12/site-packages/airflow/example_dags/example_branch_operator.py
[2026-01-04T12:42:08.641+0000] {processor.py:914} INFO - Processing file /workspaces/f1_data_team/venv/lib/python3.12/site-packages/airflow/example_dags/example_branch_operator.py for tasks to queue
[2026-01-04T12:42:08.643+0000] {logging_mixin.py:190} INFO - [2026-01-04T12:42:08.643+0000] {dagbag.py:588} INFO - Filling up the DagBag from /workspaces/f1_data_team/venv/lib/python3.12/site-packages/airflow/example_dags/example_branch_operator.py
[2026-01-04T12:42:08.658+0000] {processor.py:925} INFO - DAG(s) 'example_branch_operator' retrieved from /workspaces/f1_data_team/venv/lib/python3.12/site-packages/airflow/example_dags/example_branch_operator.py
[2026-01-04T12:42:08.737+0000] {logging_mixin.py:190} INFO - [2026-01-04T12:42:08.736+0000] {dag.py:3239} INFO - Sync 1 DAGs
[2026-01-04T12:42:08.750+0000] {logging_mixin.py:190} INFO - [2026-01-04T12:42:08.750+0000] {dag.py:4180} INFO - Setting next_dagrun for example_branch_operator to 2026-01-03 00:00:00+00:00, run_after=2026-01-04 00:00:00+00:00
[2026-01-04T12:42:08.765+0000] {processor.py:208} INFO - Processing /workspaces/f1_data_team/venv/lib/python3.12/site-packages/airflow/example_dags/example_branch_operator.py took 0.129 seconds
[2026-01-04T12:43:17.563+0000] {processor.py:186} INFO - Started process (PID=37431) to work on /workspaces/f1_data_team/venv/lib/python3.12/site-packages/airflow/example_dags/example_branch_operator.py
[2026-01-04T12:43:17.564+0000] {processor.py:914} INFO - Processing file /workspaces/f1_data_team/venv/lib/python3.12/site-packages/airflow/example_dags/example_branch_operator.py for tasks to queue
[2026-01-04T12:43:17.567+0000] {logging_mixin.py:190} INFO - [2026-01-04T12:43:17.566+0000] {dagbag.py:588} INFO - Filling up the DagBag from /workspaces/f1_data_team/venv/lib/python3.12/site-packages/airflow/example_dags/example_branch_operator.py
[2026-01-04T12:43:17.583+0000] {processor.py:925} INFO - DAG(s) 'example_branch_operator' retrieved from /workspaces/f1_data_team/venv/lib/python3.12/site-packages/airflow/example_dags/example_branch_operator.py
[2026-01-04T12:43:17.609+0000] {logging_mixin.py:190} INFO - [2026-01-04T12:43:17.609+0000] {dag.py:3239} INFO - Sync 1 DAGs
[2026-01-04T12:43:17.633+0000] {logging_mixin.py:190} INFO - [2026-01-04T12:43:17.633+0000] {dag.py:4180} INFO - Setting next_dagrun for example_branch_operator to 2026-01-03 00:00:00+00:00, run_after=2026-01-04 00:00:00+00:00
[2026-01-04T12:43:17.660+0000] {processor.py:208} INFO - Processing /workspaces/f1_data_team/venv/lib/python3.12/site-packages/airflow/example_dags/example_branch_operator.py took 0.102 seconds
[2026-01-04T12:44:13.306+0000] {processor.py:186} INFO - Started process (PID=38009) to work on /workspaces/f1_data_team/venv/lib/python3.12/site-packages/airflow/example_dags/example_branch_operator.py
[2026-01-04T12:44:13.307+0000] {processor.py:914} INFO - Processing file /workspaces/f1_data_team/venv/lib/python3.12/site-packages/airflow/example_dags/example_branch_operator.py for tasks to queue
[2026-01-04T12:44:13.309+0000] {logging_mixin.py:190} INFO - [2026-01-04T12:44:13.309+0000] {dagbag.py:588} INFO - Filling up the DagBag from /workspaces/f1_data_team/venv/lib/python3.12/site-packages/airflow/example_dags/example_branch_operator.py
[2026-01-04T12:44:13.325+0000] {processor.py:925} INFO - DAG(s) 'example_branch_operator' retrieved from /workspaces/f1_data_team/venv/lib/python3.12/site-packages/airflow/example_dags/example_branch_operator.py
[2026-01-04T12:44:13.347+0000] {logging_mixin.py:190} INFO - [2026-01-04T12:44:13.346+0000] {dag.py:3239} INFO - Sync 1 DAGs
[2026-01-04T12:44:13.362+0000] {logging_mixin.py:190} INFO - [2026-01-04T12:44:13.362+0000] {dag.py:4180} INFO - Setting next_dagrun for example_branch_operator to 2026-01-03 00:00:00+00:00, run_after=2026-01-04 00:00:00+00:00
[2026-01-04T12:44:13.376+0000] {processor.py:208} INFO - Processing /workspaces/f1_data_team/venv/lib/python3.12/site-packages/airflow/example_dags/example_branch_operator.py took 0.075 seconds
[2026-01-04T12:45:38.577+0000] {processor.py:186} INFO - Started process (PID=39469) to work on /workspaces/f1_data_team/venv/lib/python3.12/site-packages/airflow/example_dags/example_branch_operator.py
[2026-01-04T12:45:38.578+0000] {processor.py:914} INFO - Processing file /workspaces/f1_data_team/venv/lib/python3.12/site-packages/airflow/example_dags/example_branch_operator.py for tasks to queue
[2026-01-04T12:45:38.580+0000] {logging_mixin.py:190} INFO - [2026-01-04T12:45:38.580+0000] {dagbag.py:588} INFO - Filling up the DagBag from /workspaces/f1_data_team/venv/lib/python3.12/site-packages/airflow/example_dags/example_branch_operator.py
[2026-01-04T12:45:38.595+0000] {processor.py:925} INFO - DAG(s) 'example_branch_operator' retrieved from /workspaces/f1_data_team/venv/lib/python3.12/site-packages/airflow/example_dags/example_branch_operator.py
[2026-01-04T12:45:38.613+0000] {logging_mixin.py:190} INFO - [2026-01-04T12:45:38.613+0000] {dag.py:3239} INFO - Sync 1 DAGs
[2026-01-04T12:45:38.629+0000] {logging_mixin.py:190} INFO - [2026-01-04T12:45:38.629+0000] {dag.py:4180} INFO - Setting next_dagrun for example_branch_operator to 2026-01-03 00:00:00+00:00, run_after=2026-01-04 00:00:00+00:00
[2026-01-04T12:45:38.644+0000] {processor.py:208} INFO - Processing /workspaces/f1_data_team/venv/lib/python3.12/site-packages/airflow/example_dags/example_branch_operator.py took 0.071 seconds
[2026-01-04T12:46:35.211+0000] {processor.py:186} INFO - Started process (PID=40051) to work on /workspaces/f1_data_team/venv/lib/python3.12/site-packages/airflow/example_dags/example_branch_operator.py
[2026-01-04T12:46:35.212+0000] {processor.py:914} INFO - Processing file /workspaces/f1_data_team/venv/lib/python3.12/site-packages/airflow/example_dags/example_branch_operator.py for tasks to queue
[2026-01-04T12:46:35.214+0000] {logging_mixin.py:190} INFO - [2026-01-04T12:46:35.213+0000] {dagbag.py:588} INFO - Filling up the DagBag from /workspaces/f1_data_team/venv/lib/python3.12/site-packages/airflow/example_dags/example_branch_operator.py
[2026-01-04T12:46:35.228+0000] {processor.py:925} INFO - DAG(s) 'example_branch_operator' retrieved from /workspaces/f1_data_team/venv/lib/python3.12/site-packages/airflow/example_dags/example_branch_operator.py
[2026-01-04T12:46:35.246+0000] {logging_mixin.py:190} INFO - [2026-01-04T12:46:35.245+0000] {dag.py:3239} INFO - Sync 1 DAGs
[2026-01-04T12:46:35.262+0000] {logging_mixin.py:190} INFO - [2026-01-04T12:46:35.262+0000] {dag.py:4180} INFO - Setting next_dagrun for example_branch_operator to 2026-01-03 00:00:00+00:00, run_after=2026-01-04 00:00:00+00:00
[2026-01-04T12:46:35.277+0000] {processor.py:208} INFO - Processing /workspaces/f1_data_team/venv/lib/python3.12/site-packages/airflow/example_dags/example_branch_operator.py took 0.071 seconds
[2026-01-04T12:47:51.283+0000] {processor.py:186} INFO - Started process (PID=40764) to work on /workspaces/f1_data_team/venv/lib/python3.12/site-packages/airflow/example_dags/example_branch_operator.py
[2026-01-04T12:47:51.283+0000] {processor.py:914} INFO - Processing file /workspaces/f1_data_team/venv/lib/python3.12/site-packages/airflow/example_dags/example_branch_operator.py for tasks to queue
[2026-01-04T12:47:51.286+0000] {logging_mixin.py:190} INFO - [2026-01-04T12:47:51.285+0000] {dagbag.py:588} INFO - Filling up the DagBag from /workspaces/f1_data_team/venv/lib/python3.12/site-packages/airflow/example_dags/example_branch_operator.py
[2026-01-04T12:47:51.307+0000] {processor.py:925} INFO - DAG(s) 'example_branch_operator' retrieved from /workspaces/f1_data_team/venv/lib/python3.12/site-packages/airflow/example_dags/example_branch_operator.py
[2026-01-04T12:47:51.331+0000] {logging_mixin.py:190} INFO - [2026-01-04T12:47:51.331+0000] {dag.py:3239} INFO - Sync 1 DAGs
[2026-01-04T12:47:51.347+0000] {logging_mixin.py:190} INFO - [2026-01-04T12:47:51.347+0000] {dag.py:4180} INFO - Setting next_dagrun for example_branch_operator to 2026-01-03 00:00:00+00:00, run_after=2026-01-04 00:00:00+00:00
[2026-01-04T12:47:51.361+0000] {processor.py:208} INFO - Processing /workspaces/f1_data_team/venv/lib/python3.12/site-packages/airflow/example_dags/example_branch_operator.py took 0.083 seconds
[2026-01-04T12:49:27.781+0000] {processor.py:186} INFO - Started process (PID=42294) to work on /workspaces/f1_data_team/venv/lib/python3.12/site-packages/airflow/example_dags/example_branch_operator.py
[2026-01-04T12:49:27.782+0000] {processor.py:914} INFO - Processing file /workspaces/f1_data_team/venv/lib/python3.12/site-packages/airflow/example_dags/example_branch_operator.py for tasks to queue
[2026-01-04T12:49:27.784+0000] {logging_mixin.py:190} INFO - [2026-01-04T12:49:27.783+0000] {dagbag.py:588} INFO - Filling up the DagBag from /workspaces/f1_data_team/venv/lib/python3.12/site-packages/airflow/example_dags/example_branch_operator.py
[2026-01-04T12:49:27.798+0000] {processor.py:925} INFO - DAG(s) 'example_branch_operator' retrieved from /workspaces/f1_data_team/venv/lib/python3.12/site-packages/airflow/example_dags/example_branch_operator.py
[2026-01-04T12:49:27.879+0000] {logging_mixin.py:190} INFO - [2026-01-04T12:49:27.879+0000] {dag.py:3239} INFO - Sync 1 DAGs
[2026-01-04T12:49:27.893+0000] {logging_mixin.py:190} INFO - [2026-01-04T12:49:27.893+0000] {dag.py:4180} INFO - Setting next_dagrun for example_branch_operator to 2026-01-03 00:00:00+00:00, run_after=2026-01-04 00:00:00+00:00
[2026-01-04T12:49:27.908+0000] {processor.py:208} INFO - Processing /workspaces/f1_data_team/venv/lib/python3.12/site-packages/airflow/example_dags/example_branch_operator.py took 0.131 seconds
[2026-01-04T12:50:24.909+0000] {processor.py:186} INFO - Started process (PID=42841) to work on /workspaces/f1_data_team/venv/lib/python3.12/site-packages/airflow/example_dags/example_branch_operator.py
[2026-01-04T12:50:24.909+0000] {processor.py:914} INFO - Processing file /workspaces/f1_data_team/venv/lib/python3.12/site-packages/airflow/example_dags/example_branch_operator.py for tasks to queue
[2026-01-04T12:50:24.911+0000] {logging_mixin.py:190} INFO - [2026-01-04T12:50:24.911+0000] {dagbag.py:588} INFO - Filling up the DagBag from /workspaces/f1_data_team/venv/lib/python3.12/site-packages/airflow/example_dags/example_branch_operator.py
[2026-01-04T12:50:24.926+0000] {processor.py:925} INFO - DAG(s) 'example_branch_operator' retrieved from /workspaces/f1_data_team/venv/lib/python3.12/site-packages/airflow/example_dags/example_branch_operator.py
[2026-01-04T12:50:24.944+0000] {logging_mixin.py:190} INFO - [2026-01-04T12:50:24.943+0000] {dag.py:3239} INFO - Sync 1 DAGs
[2026-01-04T12:50:24.960+0000] {logging_mixin.py:190} INFO - [2026-01-04T12:50:24.960+0000] {dag.py:4180} INFO - Setting next_dagrun for example_branch_operator to 2026-01-03 00:00:00+00:00, run_after=2026-01-04 00:00:00+00:00
[2026-01-04T12:50:24.974+0000] {processor.py:208} INFO - Processing /workspaces/f1_data_team/venv/lib/python3.12/site-packages/airflow/example_dags/example_branch_operator.py took 0.070 seconds
[2026-01-04T12:52:02.860+0000] {processor.py:186} INFO - Started process (PID=44534) to work on /workspaces/f1_data_team/venv/lib/python3.12/site-packages/airflow/example_dags/example_branch_operator.py
[2026-01-04T12:52:02.861+0000] {processor.py:914} INFO - Processing file /workspaces/f1_data_team/venv/lib/python3.12/site-packages/airflow/example_dags/example_branch_operator.py for tasks to queue
[2026-01-04T12:52:02.863+0000] {logging_mixin.py:190} INFO - [2026-01-04T12:52:02.862+0000] {dagbag.py:588} INFO - Filling up the DagBag from /workspaces/f1_data_team/venv/lib/python3.12/site-packages/airflow/example_dags/example_branch_operator.py
[2026-01-04T12:52:02.877+0000] {processor.py:925} INFO - DAG(s) 'example_branch_operator' retrieved from /workspaces/f1_data_team/venv/lib/python3.12/site-packages/airflow/example_dags/example_branch_operator.py
[2026-01-04T12:52:02.955+0000] {logging_mixin.py:190} INFO - [2026-01-04T12:52:02.955+0000] {dag.py:3239} INFO - Sync 1 DAGs
[2026-01-04T12:52:02.969+0000] {logging_mixin.py:190} INFO - [2026-01-04T12:52:02.969+0000] {dag.py:4180} INFO - Setting next_dagrun for example_branch_operator to 2026-01-03 00:00:00+00:00, run_after=2026-01-04 00:00:00+00:00
[2026-01-04T12:52:02.984+0000] {processor.py:208} INFO - Processing /workspaces/f1_data_team/venv/lib/python3.12/site-packages/airflow/example_dags/example_branch_operator.py took 0.129 seconds
[2026-01-04T12:53:01.020+0000] {processor.py:186} INFO - Started process (PID=45328) to work on /workspaces/f1_data_team/venv/lib/python3.12/site-packages/airflow/example_dags/example_branch_operator.py
[2026-01-04T12:53:01.021+0000] {processor.py:914} INFO - Processing file /workspaces/f1_data_team/venv/lib/python3.12/site-packages/airflow/example_dags/example_branch_operator.py for tasks to queue
[2026-01-04T12:53:01.023+0000] {logging_mixin.py:190} INFO - [2026-01-04T12:53:01.022+0000] {dagbag.py:588} INFO - Filling up the DagBag from /workspaces/f1_data_team/venv/lib/python3.12/site-packages/airflow/example_dags/example_branch_operator.py
[2026-01-04T12:53:01.037+0000] {processor.py:925} INFO - DAG(s) 'example_branch_operator' retrieved from /workspaces/f1_data_team/venv/lib/python3.12/site-packages/airflow/example_dags/example_branch_operator.py
[2026-01-04T12:53:01.055+0000] {logging_mixin.py:190} INFO - [2026-01-04T12:53:01.055+0000] {dag.py:3239} INFO - Sync 1 DAGs
[2026-01-04T12:53:01.071+0000] {logging_mixin.py:190} INFO - [2026-01-04T12:53:01.071+0000] {dag.py:4180} INFO - Setting next_dagrun for example_branch_operator to 2026-01-03 00:00:00+00:00, run_after=2026-01-04 00:00:00+00:00
[2026-01-04T12:53:01.086+0000] {processor.py:208} INFO - Processing /workspaces/f1_data_team/venv/lib/python3.12/site-packages/airflow/example_dags/example_branch_operator.py took 0.070 seconds
[2026-01-04T12:53:55.975+0000] {processor.py:186} INFO - Started process (PID=46133) to work on /workspaces/f1_data_team/venv/lib/python3.12/site-packages/airflow/example_dags/example_branch_operator.py
[2026-01-04T12:53:55.976+0000] {processor.py:914} INFO - Processing file /workspaces/f1_data_team/venv/lib/python3.12/site-packages/airflow/example_dags/example_branch_operator.py for tasks to queue
[2026-01-04T12:53:55.978+0000] {logging_mixin.py:190} INFO - [2026-01-04T12:53:55.977+0000] {dagbag.py:588} INFO - Filling up the DagBag from /workspaces/f1_data_team/venv/lib/python3.12/site-packages/airflow/example_dags/example_branch_operator.py
[2026-01-04T12:53:55.992+0000] {processor.py:925} INFO - DAG(s) 'example_branch_operator' retrieved from /workspaces/f1_data_team/venv/lib/python3.12/site-packages/airflow/example_dags/example_branch_operator.py
[2026-01-04T12:53:56.010+0000] {logging_mixin.py:190} INFO - [2026-01-04T12:53:56.009+0000] {dag.py:3239} INFO - Sync 1 DAGs
[2026-01-04T12:53:56.029+0000] {logging_mixin.py:190} INFO - [2026-01-04T12:53:56.028+0000] {dag.py:4180} INFO - Setting next_dagrun for example_branch_operator to 2026-01-03 00:00:00+00:00, run_after=2026-01-04 00:00:00+00:00
[2026-01-04T12:53:56.045+0000] {processor.py:208} INFO - Processing /workspaces/f1_data_team/venv/lib/python3.12/site-packages/airflow/example_dags/example_branch_operator.py took 0.074 seconds
[2026-01-04T12:55:06.389+0000] {processor.py:186} INFO - Started process (PID=47383) to work on /workspaces/f1_data_team/venv/lib/python3.12/site-packages/airflow/example_dags/example_branch_operator.py
[2026-01-04T12:55:06.389+0000] {processor.py:914} INFO - Processing file /workspaces/f1_data_team/venv/lib/python3.12/site-packages/airflow/example_dags/example_branch_operator.py for tasks to queue
[2026-01-04T12:55:06.391+0000] {logging_mixin.py:190} INFO - [2026-01-04T12:55:06.391+0000] {dagbag.py:588} INFO - Filling up the DagBag from /workspaces/f1_data_team/venv/lib/python3.12/site-packages/airflow/example_dags/example_branch_operator.py
[2026-01-04T12:55:06.406+0000] {processor.py:925} INFO - DAG(s) 'example_branch_operator' retrieved from /workspaces/f1_data_team/venv/lib/python3.12/site-packages/airflow/example_dags/example_branch_operator.py
[2026-01-04T12:55:06.424+0000] {logging_mixin.py:190} INFO - [2026-01-04T12:55:06.423+0000] {dag.py:3239} INFO - Sync 1 DAGs
[2026-01-04T12:55:06.439+0000] {logging_mixin.py:190} INFO - [2026-01-04T12:55:06.439+0000] {dag.py:4180} INFO - Setting next_dagrun for example_branch_operator to 2026-01-03 00:00:00+00:00, run_after=2026-01-04 00:00:00+00:00
[2026-01-04T12:55:06.453+0000] {processor.py:208} INFO - Processing /workspaces/f1_data_team/venv/lib/python3.12/site-packages/airflow/example_dags/example_branch_operator.py took 0.069 seconds
[2026-01-04T12:56:13.837+0000] {processor.py:186} INFO - Started process (PID=48147) to work on /workspaces/f1_data_team/venv/lib/python3.12/site-packages/airflow/example_dags/example_branch_operator.py
[2026-01-04T12:56:13.838+0000] {processor.py:914} INFO - Processing file /workspaces/f1_data_team/venv/lib/python3.12/site-packages/airflow/example_dags/example_branch_operator.py for tasks to queue
[2026-01-04T12:56:13.840+0000] {logging_mixin.py:190} INFO - [2026-01-04T12:56:13.839+0000] {dagbag.py:588} INFO - Filling up the DagBag from /workspaces/f1_data_team/venv/lib/python3.12/site-packages/airflow/example_dags/example_branch_operator.py
[2026-01-04T12:56:13.854+0000] {processor.py:925} INFO - DAG(s) 'example_branch_operator' retrieved from /workspaces/f1_data_team/venv/lib/python3.12/site-packages/airflow/example_dags/example_branch_operator.py
[2026-01-04T12:56:13.872+0000] {logging_mixin.py:190} INFO - [2026-01-04T12:56:13.872+0000] {dag.py:3239} INFO - Sync 1 DAGs
[2026-01-04T12:56:13.887+0000] {logging_mixin.py:190} INFO - [2026-01-04T12:56:13.887+0000] {dag.py:4180} INFO - Setting next_dagrun for example_branch_operator to 2026-01-03 00:00:00+00:00, run_after=2026-01-04 00:00:00+00:00
[2026-01-04T12:56:13.902+0000] {processor.py:208} INFO - Processing /workspaces/f1_data_team/venv/lib/python3.12/site-packages/airflow/example_dags/example_branch_operator.py took 0.069 seconds
[2026-01-04T12:57:28.682+0000] {processor.py:186} INFO - Started process (PID=48812) to work on /workspaces/f1_data_team/venv/lib/python3.12/site-packages/airflow/example_dags/example_branch_operator.py
[2026-01-04T12:57:28.683+0000] {processor.py:914} INFO - Processing file /workspaces/f1_data_team/venv/lib/python3.12/site-packages/airflow/example_dags/example_branch_operator.py for tasks to queue
[2026-01-04T12:57:28.684+0000] {logging_mixin.py:190} INFO - [2026-01-04T12:57:28.684+0000] {dagbag.py:588} INFO - Filling up the DagBag from /workspaces/f1_data_team/venv/lib/python3.12/site-packages/airflow/example_dags/example_branch_operator.py
[2026-01-04T12:57:28.699+0000] {processor.py:925} INFO - DAG(s) 'example_branch_operator' retrieved from /workspaces/f1_data_team/venv/lib/python3.12/site-packages/airflow/example_dags/example_branch_operator.py
[2026-01-04T12:57:28.718+0000] {logging_mixin.py:190} INFO - [2026-01-04T12:57:28.717+0000] {dag.py:3239} INFO - Sync 1 DAGs
[2026-01-04T12:57:28.734+0000] {logging_mixin.py:190} INFO - [2026-01-04T12:57:28.734+0000] {dag.py:4180} INFO - Setting next_dagrun for example_branch_operator to 2026-01-03 00:00:00+00:00, run_after=2026-01-04 00:00:00+00:00
[2026-01-04T12:57:28.749+0000] {processor.py:208} INFO - Processing /workspaces/f1_data_team/venv/lib/python3.12/site-packages/airflow/example_dags/example_branch_operator.py took 0.072 seconds
[2026-01-04T12:58:47.735+0000] {processor.py:186} INFO - Started process (PID=49566) to work on /workspaces/f1_data_team/venv/lib/python3.12/site-packages/airflow/example_dags/example_branch_operator.py
[2026-01-04T12:58:47.736+0000] {processor.py:914} INFO - Processing file /workspaces/f1_data_team/venv/lib/python3.12/site-packages/airflow/example_dags/example_branch_operator.py for tasks to queue
[2026-01-04T12:58:47.738+0000] {logging_mixin.py:190} INFO - [2026-01-04T12:58:47.738+0000] {dagbag.py:588} INFO - Filling up the DagBag from /workspaces/f1_data_team/venv/lib/python3.12/site-packages/airflow/example_dags/example_branch_operator.py
[2026-01-04T12:58:47.760+0000] {processor.py:925} INFO - DAG(s) 'example_branch_operator' retrieved from /workspaces/f1_data_team/venv/lib/python3.12/site-packages/airflow/example_dags/example_branch_operator.py
[2026-01-04T12:58:47.794+0000] {logging_mixin.py:190} INFO - [2026-01-04T12:58:47.793+0000] {dag.py:3239} INFO - Sync 1 DAGs
[2026-01-04T12:58:47.827+0000] {logging_mixin.py:190} INFO - [2026-01-04T12:58:47.827+0000] {dag.py:4180} INFO - Setting next_dagrun for example_branch_operator to 2026-01-03 00:00:00+00:00, run_after=2026-01-04 00:00:00+00:00
[2026-01-04T12:58:47.850+0000] {processor.py:208} INFO - Processing /workspaces/f1_data_team/venv/lib/python3.12/site-packages/airflow/example_dags/example_branch_operator.py took 0.120 seconds
[2026-01-04T13:00:10.552+0000] {processor.py:186} INFO - Started process (PID=50475) to work on /workspaces/f1_data_team/venv/lib/python3.12/site-packages/airflow/example_dags/example_branch_operator.py
[2026-01-04T13:00:10.553+0000] {processor.py:914} INFO - Processing file /workspaces/f1_data_team/venv/lib/python3.12/site-packages/airflow/example_dags/example_branch_operator.py for tasks to queue
[2026-01-04T13:00:10.555+0000] {logging_mixin.py:190} INFO - [2026-01-04T13:00:10.555+0000] {dagbag.py:588} INFO - Filling up the DagBag from /workspaces/f1_data_team/venv/lib/python3.12/site-packages/airflow/example_dags/example_branch_operator.py
[2026-01-04T13:00:10.570+0000] {processor.py:925} INFO - DAG(s) 'example_branch_operator' retrieved from /workspaces/f1_data_team/venv/lib/python3.12/site-packages/airflow/example_dags/example_branch_operator.py
[2026-01-04T13:00:10.589+0000] {logging_mixin.py:190} INFO - [2026-01-04T13:00:10.588+0000] {dag.py:3239} INFO - Sync 1 DAGs
[2026-01-04T13:00:10.605+0000] {logging_mixin.py:190} INFO - [2026-01-04T13:00:10.605+0000] {dag.py:4180} INFO - Setting next_dagrun for example_branch_operator to 2026-01-03 00:00:00+00:00, run_after=2026-01-04 00:00:00+00:00
[2026-01-04T13:00:10.620+0000] {processor.py:208} INFO - Processing /workspaces/f1_data_team/venv/lib/python3.12/site-packages/airflow/example_dags/example_branch_operator.py took 0.072 seconds
[2026-01-04T13:01:26.377+0000] {processor.py:186} INFO - Started process (PID=51334) to work on /workspaces/f1_data_team/venv/lib/python3.12/site-packages/airflow/example_dags/example_branch_operator.py
[2026-01-04T13:01:26.378+0000] {processor.py:914} INFO - Processing file /workspaces/f1_data_team/venv/lib/python3.12/site-packages/airflow/example_dags/example_branch_operator.py for tasks to queue
[2026-01-04T13:01:26.381+0000] {logging_mixin.py:190} INFO - [2026-01-04T13:01:26.381+0000] {dagbag.py:588} INFO - Filling up the DagBag from /workspaces/f1_data_team/venv/lib/python3.12/site-packages/airflow/example_dags/example_branch_operator.py
[2026-01-04T13:01:26.411+0000] {processor.py:925} INFO - DAG(s) 'example_branch_operator' retrieved from /workspaces/f1_data_team/venv/lib/python3.12/site-packages/airflow/example_dags/example_branch_operator.py
[2026-01-04T13:01:26.430+0000] {logging_mixin.py:190} INFO - [2026-01-04T13:01:26.429+0000] {dag.py:3239} INFO - Sync 1 DAGs
[2026-01-04T13:01:26.445+0000] {logging_mixin.py:190} INFO - [2026-01-04T13:01:26.445+0000] {dag.py:4180} INFO - Setting next_dagrun for example_branch_operator to 2026-01-03 00:00:00+00:00, run_after=2026-01-04 00:00:00+00:00
[2026-01-04T13:01:26.461+0000] {processor.py:208} INFO - Processing /workspaces/f1_data_team/venv/lib/python3.12/site-packages/airflow/example_dags/example_branch_operator.py took 0.089 seconds
