[2026-01-04T12:26:46.922+0000] {processor.py:186} INFO - Started process (PID=24527) to work on /workspaces/f1_data_team/venv/lib/python3.12/site-packages/airflow/example_dags/example_short_circuit_operator.py
[2026-01-04T12:26:46.923+0000] {processor.py:914} INFO - Processing file /workspaces/f1_data_team/venv/lib/python3.12/site-packages/airflow/example_dags/example_short_circuit_operator.py for tasks to queue
[2026-01-04T12:26:46.924+0000] {logging_mixin.py:190} INFO - [2026-01-04T12:26:46.924+0000] {dagbag.py:588} INFO - Filling up the DagBag from /workspaces/f1_data_team/venv/lib/python3.12/site-packages/airflow/example_dags/example_short_circuit_operator.py
[2026-01-04T12:26:46.932+0000] {processor.py:925} INFO - DAG(s) 'example_short_circuit_operator' retrieved from /workspaces/f1_data_team/venv/lib/python3.12/site-packages/airflow/example_dags/example_short_circuit_operator.py
[2026-01-04T12:26:47.024+0000] {logging_mixin.py:190} INFO - [2026-01-04T12:26:47.024+0000] {override.py:1911} INFO - Created Permission View: can read on DAG:example_short_circuit_operator
[2026-01-04T12:26:47.032+0000] {logging_mixin.py:190} INFO - [2026-01-04T12:26:47.032+0000] {override.py:1911} INFO - Created Permission View: can edit on DAG:example_short_circuit_operator
[2026-01-04T12:26:47.037+0000] {logging_mixin.py:190} INFO - [2026-01-04T12:26:47.037+0000] {override.py:1911} INFO - Created Permission View: can delete on DAG:example_short_circuit_operator
[2026-01-04T12:26:47.047+0000] {logging_mixin.py:190} INFO - [2026-01-04T12:26:47.046+0000] {override.py:1911} INFO - Created Permission View: can read on DAG Run:example_short_circuit_operator
[2026-01-04T12:26:47.053+0000] {logging_mixin.py:190} INFO - [2026-01-04T12:26:47.053+0000] {override.py:1911} INFO - Created Permission View: menu access on DAG Run:example_short_circuit_operator
[2026-01-04T12:26:47.061+0000] {logging_mixin.py:190} INFO - [2026-01-04T12:26:47.061+0000] {override.py:1911} INFO - Created Permission View: can create on DAG Run:example_short_circuit_operator
[2026-01-04T12:26:47.067+0000] {logging_mixin.py:190} INFO - [2026-01-04T12:26:47.066+0000] {override.py:1911} INFO - Created Permission View: can delete on DAG Run:example_short_circuit_operator
[2026-01-04T12:26:47.067+0000] {logging_mixin.py:190} INFO - [2026-01-04T12:26:47.067+0000] {dag.py:3239} INFO - Sync 1 DAGs
[2026-01-04T12:26:47.080+0000] {logging_mixin.py:190} INFO - [2026-01-04T12:26:47.080+0000] {dag.py:3262} INFO - Creating ORM DAG for example_short_circuit_operator
[2026-01-04T12:26:47.081+0000] {logging_mixin.py:190} INFO - [2026-01-04T12:26:47.081+0000] {dag.py:4180} INFO - Setting next_dagrun for example_short_circuit_operator to None, run_after=None
[2026-01-04T12:26:47.098+0000] {processor.py:208} INFO - Processing /workspaces/f1_data_team/venv/lib/python3.12/site-packages/airflow/example_dags/example_short_circuit_operator.py took 0.181 seconds
[2026-01-04T12:27:49.812+0000] {processor.py:186} INFO - Started process (PID=25100) to work on /workspaces/f1_data_team/venv/lib/python3.12/site-packages/airflow/example_dags/example_short_circuit_operator.py
[2026-01-04T12:27:49.813+0000] {processor.py:914} INFO - Processing file /workspaces/f1_data_team/venv/lib/python3.12/site-packages/airflow/example_dags/example_short_circuit_operator.py for tasks to queue
[2026-01-04T12:27:49.815+0000] {logging_mixin.py:190} INFO - [2026-01-04T12:27:49.815+0000] {dagbag.py:588} INFO - Filling up the DagBag from /workspaces/f1_data_team/venv/lib/python3.12/site-packages/airflow/example_dags/example_short_circuit_operator.py
[2026-01-04T12:27:49.822+0000] {processor.py:925} INFO - DAG(s) 'example_short_circuit_operator' retrieved from /workspaces/f1_data_team/venv/lib/python3.12/site-packages/airflow/example_dags/example_short_circuit_operator.py
[2026-01-04T12:27:49.837+0000] {logging_mixin.py:190} INFO - [2026-01-04T12:27:49.836+0000] {dag.py:3239} INFO - Sync 1 DAGs
[2026-01-04T12:27:49.846+0000] {logging_mixin.py:190} INFO - [2026-01-04T12:27:49.846+0000] {dag.py:4180} INFO - Setting next_dagrun for example_short_circuit_operator to None, run_after=None
[2026-01-04T12:27:49.861+0000] {processor.py:208} INFO - Processing /workspaces/f1_data_team/venv/lib/python3.12/site-packages/airflow/example_dags/example_short_circuit_operator.py took 0.054 seconds
[2026-01-04T12:28:45.846+0000] {processor.py:186} INFO - Started process (PID=25611) to work on /workspaces/f1_data_team/venv/lib/python3.12/site-packages/airflow/example_dags/example_short_circuit_operator.py
[2026-01-04T12:28:45.847+0000] {processor.py:914} INFO - Processing file /workspaces/f1_data_team/venv/lib/python3.12/site-packages/airflow/example_dags/example_short_circuit_operator.py for tasks to queue
[2026-01-04T12:28:45.849+0000] {logging_mixin.py:190} INFO - [2026-01-04T12:28:45.849+0000] {dagbag.py:588} INFO - Filling up the DagBag from /workspaces/f1_data_team/venv/lib/python3.12/site-packages/airflow/example_dags/example_short_circuit_operator.py
[2026-01-04T12:28:45.856+0000] {processor.py:925} INFO - DAG(s) 'example_short_circuit_operator' retrieved from /workspaces/f1_data_team/venv/lib/python3.12/site-packages/airflow/example_dags/example_short_circuit_operator.py
[2026-01-04T12:28:45.871+0000] {logging_mixin.py:190} INFO - [2026-01-04T12:28:45.871+0000] {dag.py:3239} INFO - Sync 1 DAGs
[2026-01-04T12:28:45.881+0000] {logging_mixin.py:190} INFO - [2026-01-04T12:28:45.881+0000] {dag.py:4180} INFO - Setting next_dagrun for example_short_circuit_operator to None, run_after=None
[2026-01-04T12:28:45.896+0000] {processor.py:208} INFO - Processing /workspaces/f1_data_team/venv/lib/python3.12/site-packages/airflow/example_dags/example_short_circuit_operator.py took 0.056 seconds
[2026-01-04T12:29:44.538+0000] {processor.py:186} INFO - Started process (PID=26870) to work on /workspaces/f1_data_team/venv/lib/python3.12/site-packages/airflow/example_dags/example_short_circuit_operator.py
[2026-01-04T12:29:44.539+0000] {processor.py:914} INFO - Processing file /workspaces/f1_data_team/venv/lib/python3.12/site-packages/airflow/example_dags/example_short_circuit_operator.py for tasks to queue
[2026-01-04T12:29:44.540+0000] {logging_mixin.py:190} INFO - [2026-01-04T12:29:44.540+0000] {dagbag.py:588} INFO - Filling up the DagBag from /workspaces/f1_data_team/venv/lib/python3.12/site-packages/airflow/example_dags/example_short_circuit_operator.py
[2026-01-04T12:29:44.548+0000] {processor.py:925} INFO - DAG(s) 'example_short_circuit_operator' retrieved from /workspaces/f1_data_team/venv/lib/python3.12/site-packages/airflow/example_dags/example_short_circuit_operator.py
[2026-01-04T12:29:44.562+0000] {logging_mixin.py:190} INFO - [2026-01-04T12:29:44.561+0000] {dag.py:3239} INFO - Sync 1 DAGs
[2026-01-04T12:29:44.573+0000] {logging_mixin.py:190} INFO - [2026-01-04T12:29:44.573+0000] {dag.py:4180} INFO - Setting next_dagrun for example_short_circuit_operator to None, run_after=None
[2026-01-04T12:29:44.587+0000] {processor.py:208} INFO - Processing /workspaces/f1_data_team/venv/lib/python3.12/site-packages/airflow/example_dags/example_short_circuit_operator.py took 0.055 seconds
[2026-01-04T12:30:27.347+0000] {processor.py:186} INFO - Started process (PID=27516) to work on /workspaces/f1_data_team/venv/lib/python3.12/site-packages/airflow/example_dags/example_short_circuit_operator.py
[2026-01-04T12:30:27.348+0000] {processor.py:914} INFO - Processing file /workspaces/f1_data_team/venv/lib/python3.12/site-packages/airflow/example_dags/example_short_circuit_operator.py for tasks to queue
[2026-01-04T12:30:27.350+0000] {logging_mixin.py:190} INFO - [2026-01-04T12:30:27.350+0000] {dagbag.py:588} INFO - Filling up the DagBag from /workspaces/f1_data_team/venv/lib/python3.12/site-packages/airflow/example_dags/example_short_circuit_operator.py
[2026-01-04T12:30:27.357+0000] {processor.py:925} INFO - DAG(s) 'example_short_circuit_operator' retrieved from /workspaces/f1_data_team/venv/lib/python3.12/site-packages/airflow/example_dags/example_short_circuit_operator.py
[2026-01-04T12:30:27.377+0000] {logging_mixin.py:190} INFO - [2026-01-04T12:30:27.376+0000] {dag.py:3239} INFO - Sync 1 DAGs
[2026-01-04T12:30:27.386+0000] {logging_mixin.py:190} INFO - [2026-01-04T12:30:27.386+0000] {dag.py:4180} INFO - Setting next_dagrun for example_short_circuit_operator to None, run_after=None
[2026-01-04T12:30:27.401+0000] {processor.py:208} INFO - Processing /workspaces/f1_data_team/venv/lib/python3.12/site-packages/airflow/example_dags/example_short_circuit_operator.py took 0.058 seconds
[2026-01-04T12:31:26.621+0000] {processor.py:186} INFO - Started process (PID=28569) to work on /workspaces/f1_data_team/venv/lib/python3.12/site-packages/airflow/example_dags/example_short_circuit_operator.py
[2026-01-04T12:31:26.621+0000] {processor.py:914} INFO - Processing file /workspaces/f1_data_team/venv/lib/python3.12/site-packages/airflow/example_dags/example_short_circuit_operator.py for tasks to queue
[2026-01-04T12:31:26.623+0000] {logging_mixin.py:190} INFO - [2026-01-04T12:31:26.623+0000] {dagbag.py:588} INFO - Filling up the DagBag from /workspaces/f1_data_team/venv/lib/python3.12/site-packages/airflow/example_dags/example_short_circuit_operator.py
[2026-01-04T12:31:26.630+0000] {processor.py:925} INFO - DAG(s) 'example_short_circuit_operator' retrieved from /workspaces/f1_data_team/venv/lib/python3.12/site-packages/airflow/example_dags/example_short_circuit_operator.py
[2026-01-04T12:31:26.643+0000] {logging_mixin.py:190} INFO - [2026-01-04T12:31:26.643+0000] {dag.py:3239} INFO - Sync 1 DAGs
[2026-01-04T12:31:26.653+0000] {logging_mixin.py:190} INFO - [2026-01-04T12:31:26.653+0000] {dag.py:4180} INFO - Setting next_dagrun for example_short_circuit_operator to None, run_after=None
[2026-01-04T12:31:26.667+0000] {processor.py:208} INFO - Processing /workspaces/f1_data_team/venv/lib/python3.12/site-packages/airflow/example_dags/example_short_circuit_operator.py took 0.051 seconds
[2026-01-04T12:32:34.364+0000] {processor.py:186} INFO - Started process (PID=29602) to work on /workspaces/f1_data_team/venv/lib/python3.12/site-packages/airflow/example_dags/example_short_circuit_operator.py
[2026-01-04T12:32:34.365+0000] {processor.py:914} INFO - Processing file /workspaces/f1_data_team/venv/lib/python3.12/site-packages/airflow/example_dags/example_short_circuit_operator.py for tasks to queue
[2026-01-04T12:32:34.368+0000] {logging_mixin.py:190} INFO - [2026-01-04T12:32:34.368+0000] {dagbag.py:588} INFO - Filling up the DagBag from /workspaces/f1_data_team/venv/lib/python3.12/site-packages/airflow/example_dags/example_short_circuit_operator.py
[2026-01-04T12:32:34.380+0000] {processor.py:925} INFO - DAG(s) 'example_short_circuit_operator' retrieved from /workspaces/f1_data_team/venv/lib/python3.12/site-packages/airflow/example_dags/example_short_circuit_operator.py
[2026-01-04T12:32:34.409+0000] {logging_mixin.py:190} INFO - [2026-01-04T12:32:34.408+0000] {dag.py:3239} INFO - Sync 1 DAGs
[2026-01-04T12:32:34.420+0000] {logging_mixin.py:190} INFO - [2026-01-04T12:32:34.420+0000] {dag.py:4180} INFO - Setting next_dagrun for example_short_circuit_operator to None, run_after=None
[2026-01-04T12:32:34.436+0000] {processor.py:208} INFO - Processing /workspaces/f1_data_team/venv/lib/python3.12/site-packages/airflow/example_dags/example_short_circuit_operator.py took 0.083 seconds
[2026-01-04T12:33:34.479+0000] {processor.py:186} INFO - Started process (PID=30592) to work on /workspaces/f1_data_team/venv/lib/python3.12/site-packages/airflow/example_dags/example_short_circuit_operator.py
[2026-01-04T12:33:34.480+0000] {processor.py:914} INFO - Processing file /workspaces/f1_data_team/venv/lib/python3.12/site-packages/airflow/example_dags/example_short_circuit_operator.py for tasks to queue
[2026-01-04T12:33:34.482+0000] {logging_mixin.py:190} INFO - [2026-01-04T12:33:34.482+0000] {dagbag.py:588} INFO - Filling up the DagBag from /workspaces/f1_data_team/venv/lib/python3.12/site-packages/airflow/example_dags/example_short_circuit_operator.py
[2026-01-04T12:33:34.489+0000] {processor.py:925} INFO - DAG(s) 'example_short_circuit_operator' retrieved from /workspaces/f1_data_team/venv/lib/python3.12/site-packages/airflow/example_dags/example_short_circuit_operator.py
[2026-01-04T12:33:34.503+0000] {logging_mixin.py:190} INFO - [2026-01-04T12:33:34.503+0000] {dag.py:3239} INFO - Sync 1 DAGs
[2026-01-04T12:33:34.513+0000] {logging_mixin.py:190} INFO - [2026-01-04T12:33:34.513+0000] {dag.py:4180} INFO - Setting next_dagrun for example_short_circuit_operator to None, run_after=None
[2026-01-04T12:33:34.528+0000] {processor.py:208} INFO - Processing /workspaces/f1_data_team/venv/lib/python3.12/site-packages/airflow/example_dags/example_short_circuit_operator.py took 0.054 seconds
[2026-01-04T12:34:32.161+0000] {processor.py:186} INFO - Started process (PID=31101) to work on /workspaces/f1_data_team/venv/lib/python3.12/site-packages/airflow/example_dags/example_short_circuit_operator.py
[2026-01-04T12:34:32.162+0000] {processor.py:914} INFO - Processing file /workspaces/f1_data_team/venv/lib/python3.12/site-packages/airflow/example_dags/example_short_circuit_operator.py for tasks to queue
[2026-01-04T12:34:32.164+0000] {logging_mixin.py:190} INFO - [2026-01-04T12:34:32.163+0000] {dagbag.py:588} INFO - Filling up the DagBag from /workspaces/f1_data_team/venv/lib/python3.12/site-packages/airflow/example_dags/example_short_circuit_operator.py
[2026-01-04T12:34:32.170+0000] {processor.py:925} INFO - DAG(s) 'example_short_circuit_operator' retrieved from /workspaces/f1_data_team/venv/lib/python3.12/site-packages/airflow/example_dags/example_short_circuit_operator.py
[2026-01-04T12:34:32.185+0000] {logging_mixin.py:190} INFO - [2026-01-04T12:34:32.185+0000] {dag.py:3239} INFO - Sync 1 DAGs
[2026-01-04T12:34:32.195+0000] {logging_mixin.py:190} INFO - [2026-01-04T12:34:32.195+0000] {dag.py:4180} INFO - Setting next_dagrun for example_short_circuit_operator to None, run_after=None
[2026-01-04T12:34:32.210+0000] {processor.py:208} INFO - Processing /workspaces/f1_data_team/venv/lib/python3.12/site-packages/airflow/example_dags/example_short_circuit_operator.py took 0.054 seconds
[2026-01-04T12:35:20.835+0000] {processor.py:186} INFO - Started process (PID=31610) to work on /workspaces/f1_data_team/venv/lib/python3.12/site-packages/airflow/example_dags/example_short_circuit_operator.py
[2026-01-04T12:35:20.836+0000] {processor.py:914} INFO - Processing file /workspaces/f1_data_team/venv/lib/python3.12/site-packages/airflow/example_dags/example_short_circuit_operator.py for tasks to queue
[2026-01-04T12:35:20.838+0000] {logging_mixin.py:190} INFO - [2026-01-04T12:35:20.838+0000] {dagbag.py:588} INFO - Filling up the DagBag from /workspaces/f1_data_team/venv/lib/python3.12/site-packages/airflow/example_dags/example_short_circuit_operator.py
[2026-01-04T12:35:20.845+0000] {processor.py:925} INFO - DAG(s) 'example_short_circuit_operator' retrieved from /workspaces/f1_data_team/venv/lib/python3.12/site-packages/airflow/example_dags/example_short_circuit_operator.py
[2026-01-04T12:35:20.860+0000] {logging_mixin.py:190} INFO - [2026-01-04T12:35:20.859+0000] {dag.py:3239} INFO - Sync 1 DAGs
[2026-01-04T12:35:20.869+0000] {logging_mixin.py:190} INFO - [2026-01-04T12:35:20.869+0000] {dag.py:4180} INFO - Setting next_dagrun for example_short_circuit_operator to None, run_after=None
[2026-01-04T12:35:20.884+0000] {processor.py:208} INFO - Processing /workspaces/f1_data_team/venv/lib/python3.12/site-packages/airflow/example_dags/example_short_circuit_operator.py took 0.054 seconds
[2026-01-04T12:36:13.590+0000] {processor.py:186} INFO - Started process (PID=32202) to work on /workspaces/f1_data_team/venv/lib/python3.12/site-packages/airflow/example_dags/example_short_circuit_operator.py
[2026-01-04T12:36:13.591+0000] {processor.py:914} INFO - Processing file /workspaces/f1_data_team/venv/lib/python3.12/site-packages/airflow/example_dags/example_short_circuit_operator.py for tasks to queue
[2026-01-04T12:36:13.593+0000] {logging_mixin.py:190} INFO - [2026-01-04T12:36:13.592+0000] {dagbag.py:588} INFO - Filling up the DagBag from /workspaces/f1_data_team/venv/lib/python3.12/site-packages/airflow/example_dags/example_short_circuit_operator.py
[2026-01-04T12:36:13.600+0000] {processor.py:925} INFO - DAG(s) 'example_short_circuit_operator' retrieved from /workspaces/f1_data_team/venv/lib/python3.12/site-packages/airflow/example_dags/example_short_circuit_operator.py
[2026-01-04T12:36:13.614+0000] {logging_mixin.py:190} INFO - [2026-01-04T12:36:13.613+0000] {dag.py:3239} INFO - Sync 1 DAGs
[2026-01-04T12:36:13.623+0000] {logging_mixin.py:190} INFO - [2026-01-04T12:36:13.623+0000] {dag.py:4180} INFO - Setting next_dagrun for example_short_circuit_operator to None, run_after=None
[2026-01-04T12:36:13.638+0000] {processor.py:208} INFO - Processing /workspaces/f1_data_team/venv/lib/python3.12/site-packages/airflow/example_dags/example_short_circuit_operator.py took 0.053 seconds
[2026-01-04T12:37:05.145+0000] {processor.py:186} INFO - Started process (PID=32667) to work on /workspaces/f1_data_team/venv/lib/python3.12/site-packages/airflow/example_dags/example_short_circuit_operator.py
[2026-01-04T12:37:05.146+0000] {processor.py:914} INFO - Processing file /workspaces/f1_data_team/venv/lib/python3.12/site-packages/airflow/example_dags/example_short_circuit_operator.py for tasks to queue
[2026-01-04T12:37:05.148+0000] {logging_mixin.py:190} INFO - [2026-01-04T12:37:05.148+0000] {dagbag.py:588} INFO - Filling up the DagBag from /workspaces/f1_data_team/venv/lib/python3.12/site-packages/airflow/example_dags/example_short_circuit_operator.py
[2026-01-04T12:37:05.155+0000] {processor.py:925} INFO - DAG(s) 'example_short_circuit_operator' retrieved from /workspaces/f1_data_team/venv/lib/python3.12/site-packages/airflow/example_dags/example_short_circuit_operator.py
[2026-01-04T12:37:05.169+0000] {logging_mixin.py:190} INFO - [2026-01-04T12:37:05.169+0000] {dag.py:3239} INFO - Sync 1 DAGs
[2026-01-04T12:37:05.179+0000] {logging_mixin.py:190} INFO - [2026-01-04T12:37:05.179+0000] {dag.py:4180} INFO - Setting next_dagrun for example_short_circuit_operator to None, run_after=None
[2026-01-04T12:37:05.193+0000] {processor.py:208} INFO - Processing /workspaces/f1_data_team/venv/lib/python3.12/site-packages/airflow/example_dags/example_short_circuit_operator.py took 0.052 seconds
[2026-01-04T12:37:58.863+0000] {processor.py:186} INFO - Started process (PID=33606) to work on /workspaces/f1_data_team/venv/lib/python3.12/site-packages/airflow/example_dags/example_short_circuit_operator.py
[2026-01-04T12:37:58.864+0000] {processor.py:914} INFO - Processing file /workspaces/f1_data_team/venv/lib/python3.12/site-packages/airflow/example_dags/example_short_circuit_operator.py for tasks to queue
[2026-01-04T12:37:58.866+0000] {logging_mixin.py:190} INFO - [2026-01-04T12:37:58.866+0000] {dagbag.py:588} INFO - Filling up the DagBag from /workspaces/f1_data_team/venv/lib/python3.12/site-packages/airflow/example_dags/example_short_circuit_operator.py
[2026-01-04T12:37:58.873+0000] {processor.py:925} INFO - DAG(s) 'example_short_circuit_operator' retrieved from /workspaces/f1_data_team/venv/lib/python3.12/site-packages/airflow/example_dags/example_short_circuit_operator.py
[2026-01-04T12:37:58.887+0000] {logging_mixin.py:190} INFO - [2026-01-04T12:37:58.887+0000] {dag.py:3239} INFO - Sync 1 DAGs
[2026-01-04T12:37:58.896+0000] {logging_mixin.py:190} INFO - [2026-01-04T12:37:58.896+0000] {dag.py:4180} INFO - Setting next_dagrun for example_short_circuit_operator to None, run_after=None
[2026-01-04T12:37:58.911+0000] {processor.py:208} INFO - Processing /workspaces/f1_data_team/venv/lib/python3.12/site-packages/airflow/example_dags/example_short_circuit_operator.py took 0.053 seconds
[2026-01-04T12:38:51.076+0000] {processor.py:186} INFO - Started process (PID=34078) to work on /workspaces/f1_data_team/venv/lib/python3.12/site-packages/airflow/example_dags/example_short_circuit_operator.py
[2026-01-04T12:38:51.076+0000] {processor.py:914} INFO - Processing file /workspaces/f1_data_team/venv/lib/python3.12/site-packages/airflow/example_dags/example_short_circuit_operator.py for tasks to queue
[2026-01-04T12:38:51.079+0000] {logging_mixin.py:190} INFO - [2026-01-04T12:38:51.078+0000] {dagbag.py:588} INFO - Filling up the DagBag from /workspaces/f1_data_team/venv/lib/python3.12/site-packages/airflow/example_dags/example_short_circuit_operator.py
[2026-01-04T12:38:51.085+0000] {processor.py:925} INFO - DAG(s) 'example_short_circuit_operator' retrieved from /workspaces/f1_data_team/venv/lib/python3.12/site-packages/airflow/example_dags/example_short_circuit_operator.py
[2026-01-04T12:38:51.100+0000] {logging_mixin.py:190} INFO - [2026-01-04T12:38:51.099+0000] {dag.py:3239} INFO - Sync 1 DAGs
[2026-01-04T12:38:51.109+0000] {logging_mixin.py:190} INFO - [2026-01-04T12:38:51.109+0000] {dag.py:4180} INFO - Setting next_dagrun for example_short_circuit_operator to None, run_after=None
[2026-01-04T12:38:51.124+0000] {processor.py:208} INFO - Processing /workspaces/f1_data_team/venv/lib/python3.12/site-packages/airflow/example_dags/example_short_circuit_operator.py took 0.053 seconds
[2026-01-04T12:39:45.286+0000] {processor.py:186} INFO - Started process (PID=34582) to work on /workspaces/f1_data_team/venv/lib/python3.12/site-packages/airflow/example_dags/example_short_circuit_operator.py
[2026-01-04T12:39:45.288+0000] {processor.py:914} INFO - Processing file /workspaces/f1_data_team/venv/lib/python3.12/site-packages/airflow/example_dags/example_short_circuit_operator.py for tasks to queue
[2026-01-04T12:39:45.290+0000] {logging_mixin.py:190} INFO - [2026-01-04T12:39:45.289+0000] {dagbag.py:588} INFO - Filling up the DagBag from /workspaces/f1_data_team/venv/lib/python3.12/site-packages/airflow/example_dags/example_short_circuit_operator.py
[2026-01-04T12:39:45.297+0000] {processor.py:925} INFO - DAG(s) 'example_short_circuit_operator' retrieved from /workspaces/f1_data_team/venv/lib/python3.12/site-packages/airflow/example_dags/example_short_circuit_operator.py
[2026-01-04T12:39:45.310+0000] {logging_mixin.py:190} INFO - [2026-01-04T12:39:45.310+0000] {dag.py:3239} INFO - Sync 1 DAGs
[2026-01-04T12:39:45.320+0000] {logging_mixin.py:190} INFO - [2026-01-04T12:39:45.320+0000] {dag.py:4180} INFO - Setting next_dagrun for example_short_circuit_operator to None, run_after=None
[2026-01-04T12:39:45.334+0000] {processor.py:208} INFO - Processing /workspaces/f1_data_team/venv/lib/python3.12/site-packages/airflow/example_dags/example_short_circuit_operator.py took 0.052 seconds
[2026-01-04T12:40:38.852+0000] {processor.py:186} INFO - Started process (PID=35108) to work on /workspaces/f1_data_team/venv/lib/python3.12/site-packages/airflow/example_dags/example_short_circuit_operator.py
[2026-01-04T12:40:38.853+0000] {processor.py:914} INFO - Processing file /workspaces/f1_data_team/venv/lib/python3.12/site-packages/airflow/example_dags/example_short_circuit_operator.py for tasks to queue
[2026-01-04T12:40:38.855+0000] {logging_mixin.py:190} INFO - [2026-01-04T12:40:38.855+0000] {dagbag.py:588} INFO - Filling up the DagBag from /workspaces/f1_data_team/venv/lib/python3.12/site-packages/airflow/example_dags/example_short_circuit_operator.py
[2026-01-04T12:40:38.862+0000] {processor.py:925} INFO - DAG(s) 'example_short_circuit_operator' retrieved from /workspaces/f1_data_team/venv/lib/python3.12/site-packages/airflow/example_dags/example_short_circuit_operator.py
[2026-01-04T12:40:38.877+0000] {logging_mixin.py:190} INFO - [2026-01-04T12:40:38.876+0000] {dag.py:3239} INFO - Sync 1 DAGs
[2026-01-04T12:40:38.886+0000] {logging_mixin.py:190} INFO - [2026-01-04T12:40:38.886+0000] {dag.py:4180} INFO - Setting next_dagrun for example_short_circuit_operator to None, run_after=None
[2026-01-04T12:40:38.900+0000] {processor.py:208} INFO - Processing /workspaces/f1_data_team/venv/lib/python3.12/site-packages/airflow/example_dags/example_short_circuit_operator.py took 0.053 seconds
[2026-01-04T12:41:32.663+0000] {processor.py:186} INFO - Started process (PID=35872) to work on /workspaces/f1_data_team/venv/lib/python3.12/site-packages/airflow/example_dags/example_short_circuit_operator.py
[2026-01-04T12:41:32.664+0000] {processor.py:914} INFO - Processing file /workspaces/f1_data_team/venv/lib/python3.12/site-packages/airflow/example_dags/example_short_circuit_operator.py for tasks to queue
[2026-01-04T12:41:32.666+0000] {logging_mixin.py:190} INFO - [2026-01-04T12:41:32.665+0000] {dagbag.py:588} INFO - Filling up the DagBag from /workspaces/f1_data_team/venv/lib/python3.12/site-packages/airflow/example_dags/example_short_circuit_operator.py
[2026-01-04T12:41:32.673+0000] {processor.py:925} INFO - DAG(s) 'example_short_circuit_operator' retrieved from /workspaces/f1_data_team/venv/lib/python3.12/site-packages/airflow/example_dags/example_short_circuit_operator.py
[2026-01-04T12:41:32.699+0000] {logging_mixin.py:190} INFO - [2026-01-04T12:41:32.698+0000] {dag.py:3239} INFO - Sync 1 DAGs
[2026-01-04T12:41:32.713+0000] {logging_mixin.py:190} INFO - [2026-01-04T12:41:32.713+0000] {dag.py:4180} INFO - Setting next_dagrun for example_short_circuit_operator to None, run_after=None
[2026-01-04T12:41:32.729+0000] {processor.py:208} INFO - Processing /workspaces/f1_data_team/venv/lib/python3.12/site-packages/airflow/example_dags/example_short_circuit_operator.py took 0.070 seconds
[2026-01-04T12:42:37.422+0000] {processor.py:186} INFO - Started process (PID=36935) to work on /workspaces/f1_data_team/venv/lib/python3.12/site-packages/airflow/example_dags/example_short_circuit_operator.py
[2026-01-04T12:42:37.423+0000] {processor.py:914} INFO - Processing file /workspaces/f1_data_team/venv/lib/python3.12/site-packages/airflow/example_dags/example_short_circuit_operator.py for tasks to queue
[2026-01-04T12:42:37.425+0000] {logging_mixin.py:190} INFO - [2026-01-04T12:42:37.424+0000] {dagbag.py:588} INFO - Filling up the DagBag from /workspaces/f1_data_team/venv/lib/python3.12/site-packages/airflow/example_dags/example_short_circuit_operator.py
[2026-01-04T12:42:37.432+0000] {processor.py:925} INFO - DAG(s) 'example_short_circuit_operator' retrieved from /workspaces/f1_data_team/venv/lib/python3.12/site-packages/airflow/example_dags/example_short_circuit_operator.py
[2026-01-04T12:42:37.446+0000] {logging_mixin.py:190} INFO - [2026-01-04T12:42:37.445+0000] {dag.py:3239} INFO - Sync 1 DAGs
[2026-01-04T12:42:37.455+0000] {logging_mixin.py:190} INFO - [2026-01-04T12:42:37.455+0000] {dag.py:4180} INFO - Setting next_dagrun for example_short_circuit_operator to None, run_after=None
[2026-01-04T12:42:37.470+0000] {processor.py:208} INFO - Processing /workspaces/f1_data_team/venv/lib/python3.12/site-packages/airflow/example_dags/example_short_circuit_operator.py took 0.052 seconds
[2026-01-04T12:43:33.944+0000] {processor.py:186} INFO - Started process (PID=37625) to work on /workspaces/f1_data_team/venv/lib/python3.12/site-packages/airflow/example_dags/example_short_circuit_operator.py
[2026-01-04T12:43:33.944+0000] {processor.py:914} INFO - Processing file /workspaces/f1_data_team/venv/lib/python3.12/site-packages/airflow/example_dags/example_short_circuit_operator.py for tasks to queue
[2026-01-04T12:43:33.946+0000] {logging_mixin.py:190} INFO - [2026-01-04T12:43:33.946+0000] {dagbag.py:588} INFO - Filling up the DagBag from /workspaces/f1_data_team/venv/lib/python3.12/site-packages/airflow/example_dags/example_short_circuit_operator.py
[2026-01-04T12:43:33.954+0000] {processor.py:925} INFO - DAG(s) 'example_short_circuit_operator' retrieved from /workspaces/f1_data_team/venv/lib/python3.12/site-packages/airflow/example_dags/example_short_circuit_operator.py
[2026-01-04T12:43:33.968+0000] {logging_mixin.py:190} INFO - [2026-01-04T12:43:33.968+0000] {dag.py:3239} INFO - Sync 1 DAGs
[2026-01-04T12:43:33.978+0000] {logging_mixin.py:190} INFO - [2026-01-04T12:43:33.978+0000] {dag.py:4180} INFO - Setting next_dagrun for example_short_circuit_operator to None, run_after=None
[2026-01-04T12:43:33.993+0000] {processor.py:208} INFO - Processing /workspaces/f1_data_team/venv/lib/python3.12/site-packages/airflow/example_dags/example_short_circuit_operator.py took 0.054 seconds
[2026-01-04T12:44:25.864+0000] {processor.py:186} INFO - Started process (PID=38234) to work on /workspaces/f1_data_team/venv/lib/python3.12/site-packages/airflow/example_dags/example_short_circuit_operator.py
[2026-01-04T12:44:25.865+0000] {processor.py:914} INFO - Processing file /workspaces/f1_data_team/venv/lib/python3.12/site-packages/airflow/example_dags/example_short_circuit_operator.py for tasks to queue
[2026-01-04T12:44:25.867+0000] {logging_mixin.py:190} INFO - [2026-01-04T12:44:25.867+0000] {dagbag.py:588} INFO - Filling up the DagBag from /workspaces/f1_data_team/venv/lib/python3.12/site-packages/airflow/example_dags/example_short_circuit_operator.py
[2026-01-04T12:44:25.874+0000] {processor.py:925} INFO - DAG(s) 'example_short_circuit_operator' retrieved from /workspaces/f1_data_team/venv/lib/python3.12/site-packages/airflow/example_dags/example_short_circuit_operator.py
[2026-01-04T12:44:25.888+0000] {logging_mixin.py:190} INFO - [2026-01-04T12:44:25.888+0000] {dag.py:3239} INFO - Sync 1 DAGs
[2026-01-04T12:44:25.898+0000] {logging_mixin.py:190} INFO - [2026-01-04T12:44:25.897+0000] {dag.py:4180} INFO - Setting next_dagrun for example_short_circuit_operator to None, run_after=None
[2026-01-04T12:44:25.912+0000] {processor.py:208} INFO - Processing /workspaces/f1_data_team/venv/lib/python3.12/site-packages/airflow/example_dags/example_short_circuit_operator.py took 0.053 seconds
[2026-01-04T12:45:24.297+0000] {processor.py:186} INFO - Started process (PID=39290) to work on /workspaces/f1_data_team/venv/lib/python3.12/site-packages/airflow/example_dags/example_short_circuit_operator.py
[2026-01-04T12:45:24.297+0000] {processor.py:914} INFO - Processing file /workspaces/f1_data_team/venv/lib/python3.12/site-packages/airflow/example_dags/example_short_circuit_operator.py for tasks to queue
[2026-01-04T12:45:24.300+0000] {logging_mixin.py:190} INFO - [2026-01-04T12:45:24.299+0000] {dagbag.py:588} INFO - Filling up the DagBag from /workspaces/f1_data_team/venv/lib/python3.12/site-packages/airflow/example_dags/example_short_circuit_operator.py
[2026-01-04T12:45:24.307+0000] {processor.py:925} INFO - DAG(s) 'example_short_circuit_operator' retrieved from /workspaces/f1_data_team/venv/lib/python3.12/site-packages/airflow/example_dags/example_short_circuit_operator.py
[2026-01-04T12:45:24.321+0000] {logging_mixin.py:190} INFO - [2026-01-04T12:45:24.320+0000] {dag.py:3239} INFO - Sync 1 DAGs
[2026-01-04T12:45:24.330+0000] {logging_mixin.py:190} INFO - [2026-01-04T12:45:24.330+0000] {dag.py:4180} INFO - Setting next_dagrun for example_short_circuit_operator to None, run_after=None
[2026-01-04T12:45:24.346+0000] {processor.py:208} INFO - Processing /workspaces/f1_data_team/venv/lib/python3.12/site-packages/airflow/example_dags/example_short_circuit_operator.py took 0.054 seconds
[2026-01-04T12:46:19.798+0000] {processor.py:186} INFO - Started process (PID=39874) to work on /workspaces/f1_data_team/venv/lib/python3.12/site-packages/airflow/example_dags/example_short_circuit_operator.py
[2026-01-04T12:46:19.798+0000] {processor.py:914} INFO - Processing file /workspaces/f1_data_team/venv/lib/python3.12/site-packages/airflow/example_dags/example_short_circuit_operator.py for tasks to queue
[2026-01-04T12:46:19.800+0000] {logging_mixin.py:190} INFO - [2026-01-04T12:46:19.800+0000] {dagbag.py:588} INFO - Filling up the DagBag from /workspaces/f1_data_team/venv/lib/python3.12/site-packages/airflow/example_dags/example_short_circuit_operator.py
[2026-01-04T12:46:19.807+0000] {processor.py:925} INFO - DAG(s) 'example_short_circuit_operator' retrieved from /workspaces/f1_data_team/venv/lib/python3.12/site-packages/airflow/example_dags/example_short_circuit_operator.py
[2026-01-04T12:46:19.822+0000] {logging_mixin.py:190} INFO - [2026-01-04T12:46:19.821+0000] {dag.py:3239} INFO - Sync 1 DAGs
[2026-01-04T12:46:19.831+0000] {logging_mixin.py:190} INFO - [2026-01-04T12:46:19.831+0000] {dag.py:4180} INFO - Setting next_dagrun for example_short_circuit_operator to None, run_after=None
[2026-01-04T12:46:19.846+0000] {processor.py:208} INFO - Processing /workspaces/f1_data_team/venv/lib/python3.12/site-packages/airflow/example_dags/example_short_circuit_operator.py took 0.053 seconds
[2026-01-04T12:47:11.260+0000] {processor.py:186} INFO - Started process (PID=40345) to work on /workspaces/f1_data_team/venv/lib/python3.12/site-packages/airflow/example_dags/example_short_circuit_operator.py
[2026-01-04T12:47:11.261+0000] {processor.py:914} INFO - Processing file /workspaces/f1_data_team/venv/lib/python3.12/site-packages/airflow/example_dags/example_short_circuit_operator.py for tasks to queue
[2026-01-04T12:47:11.263+0000] {logging_mixin.py:190} INFO - [2026-01-04T12:47:11.263+0000] {dagbag.py:588} INFO - Filling up the DagBag from /workspaces/f1_data_team/venv/lib/python3.12/site-packages/airflow/example_dags/example_short_circuit_operator.py
[2026-01-04T12:47:11.271+0000] {processor.py:925} INFO - DAG(s) 'example_short_circuit_operator' retrieved from /workspaces/f1_data_team/venv/lib/python3.12/site-packages/airflow/example_dags/example_short_circuit_operator.py
[2026-01-04T12:47:11.286+0000] {logging_mixin.py:190} INFO - [2026-01-04T12:47:11.286+0000] {dag.py:3239} INFO - Sync 1 DAGs
[2026-01-04T12:47:11.296+0000] {logging_mixin.py:190} INFO - [2026-01-04T12:47:11.296+0000] {dag.py:4180} INFO - Setting next_dagrun for example_short_circuit_operator to None, run_after=None
[2026-01-04T12:47:11.312+0000] {processor.py:208} INFO - Processing /workspaces/f1_data_team/venv/lib/python3.12/site-packages/airflow/example_dags/example_short_circuit_operator.py took 0.059 seconds
[2026-01-04T12:48:01.559+0000] {processor.py:186} INFO - Started process (PID=40866) to work on /workspaces/f1_data_team/venv/lib/python3.12/site-packages/airflow/example_dags/example_short_circuit_operator.py
[2026-01-04T12:48:01.559+0000] {processor.py:914} INFO - Processing file /workspaces/f1_data_team/venv/lib/python3.12/site-packages/airflow/example_dags/example_short_circuit_operator.py for tasks to queue
[2026-01-04T12:48:01.562+0000] {logging_mixin.py:190} INFO - [2026-01-04T12:48:01.561+0000] {dagbag.py:588} INFO - Filling up the DagBag from /workspaces/f1_data_team/venv/lib/python3.12/site-packages/airflow/example_dags/example_short_circuit_operator.py
[2026-01-04T12:48:01.568+0000] {processor.py:925} INFO - DAG(s) 'example_short_circuit_operator' retrieved from /workspaces/f1_data_team/venv/lib/python3.12/site-packages/airflow/example_dags/example_short_circuit_operator.py
[2026-01-04T12:48:01.583+0000] {logging_mixin.py:190} INFO - [2026-01-04T12:48:01.582+0000] {dag.py:3239} INFO - Sync 1 DAGs
[2026-01-04T12:48:01.593+0000] {logging_mixin.py:190} INFO - [2026-01-04T12:48:01.593+0000] {dag.py:4180} INFO - Setting next_dagrun for example_short_circuit_operator to None, run_after=None
[2026-01-04T12:48:01.617+0000] {processor.py:208} INFO - Processing /workspaces/f1_data_team/venv/lib/python3.12/site-packages/airflow/example_dags/example_short_circuit_operator.py took 0.063 seconds
[2026-01-04T12:48:53.663+0000] {processor.py:186} INFO - Started process (PID=41795) to work on /workspaces/f1_data_team/venv/lib/python3.12/site-packages/airflow/example_dags/example_short_circuit_operator.py
[2026-01-04T12:48:53.664+0000] {processor.py:914} INFO - Processing file /workspaces/f1_data_team/venv/lib/python3.12/site-packages/airflow/example_dags/example_short_circuit_operator.py for tasks to queue
[2026-01-04T12:48:53.666+0000] {logging_mixin.py:190} INFO - [2026-01-04T12:48:53.666+0000] {dagbag.py:588} INFO - Filling up the DagBag from /workspaces/f1_data_team/venv/lib/python3.12/site-packages/airflow/example_dags/example_short_circuit_operator.py
[2026-01-04T12:48:53.673+0000] {processor.py:925} INFO - DAG(s) 'example_short_circuit_operator' retrieved from /workspaces/f1_data_team/venv/lib/python3.12/site-packages/airflow/example_dags/example_short_circuit_operator.py
[2026-01-04T12:48:53.692+0000] {logging_mixin.py:190} INFO - [2026-01-04T12:48:53.692+0000] {dag.py:3239} INFO - Sync 1 DAGs
[2026-01-04T12:48:53.702+0000] {logging_mixin.py:190} INFO - [2026-01-04T12:48:53.702+0000] {dag.py:4180} INFO - Setting next_dagrun for example_short_circuit_operator to None, run_after=None
[2026-01-04T12:48:53.716+0000] {processor.py:208} INFO - Processing /workspaces/f1_data_team/venv/lib/python3.12/site-packages/airflow/example_dags/example_short_circuit_operator.py took 0.057 seconds
[2026-01-04T12:49:49.948+0000] {processor.py:186} INFO - Started process (PID=42537) to work on /workspaces/f1_data_team/venv/lib/python3.12/site-packages/airflow/example_dags/example_short_circuit_operator.py
[2026-01-04T12:49:49.948+0000] {processor.py:914} INFO - Processing file /workspaces/f1_data_team/venv/lib/python3.12/site-packages/airflow/example_dags/example_short_circuit_operator.py for tasks to queue
[2026-01-04T12:49:49.951+0000] {logging_mixin.py:190} INFO - [2026-01-04T12:49:49.950+0000] {dagbag.py:588} INFO - Filling up the DagBag from /workspaces/f1_data_team/venv/lib/python3.12/site-packages/airflow/example_dags/example_short_circuit_operator.py
[2026-01-04T12:49:49.957+0000] {processor.py:925} INFO - DAG(s) 'example_short_circuit_operator' retrieved from /workspaces/f1_data_team/venv/lib/python3.12/site-packages/airflow/example_dags/example_short_circuit_operator.py
[2026-01-04T12:49:49.978+0000] {logging_mixin.py:190} INFO - [2026-01-04T12:49:49.978+0000] {dag.py:3239} INFO - Sync 1 DAGs
[2026-01-04T12:49:49.992+0000] {logging_mixin.py:190} INFO - [2026-01-04T12:49:49.992+0000] {dag.py:4180} INFO - Setting next_dagrun for example_short_circuit_operator to None, run_after=None
[2026-01-04T12:49:50.009+0000] {processor.py:208} INFO - Processing /workspaces/f1_data_team/venv/lib/python3.12/site-packages/airflow/example_dags/example_short_circuit_operator.py took 0.066 seconds
[2026-01-04T12:50:44.038+0000] {processor.py:186} INFO - Started process (PID=43059) to work on /workspaces/f1_data_team/venv/lib/python3.12/site-packages/airflow/example_dags/example_short_circuit_operator.py
[2026-01-04T12:50:44.039+0000] {processor.py:914} INFO - Processing file /workspaces/f1_data_team/venv/lib/python3.12/site-packages/airflow/example_dags/example_short_circuit_operator.py for tasks to queue
[2026-01-04T12:50:44.041+0000] {logging_mixin.py:190} INFO - [2026-01-04T12:50:44.041+0000] {dagbag.py:588} INFO - Filling up the DagBag from /workspaces/f1_data_team/venv/lib/python3.12/site-packages/airflow/example_dags/example_short_circuit_operator.py
[2026-01-04T12:50:44.048+0000] {processor.py:925} INFO - DAG(s) 'example_short_circuit_operator' retrieved from /workspaces/f1_data_team/venv/lib/python3.12/site-packages/airflow/example_dags/example_short_circuit_operator.py
[2026-01-04T12:50:44.063+0000] {logging_mixin.py:190} INFO - [2026-01-04T12:50:44.063+0000] {dag.py:3239} INFO - Sync 1 DAGs
[2026-01-04T12:50:44.075+0000] {logging_mixin.py:190} INFO - [2026-01-04T12:50:44.075+0000] {dag.py:4180} INFO - Setting next_dagrun for example_short_circuit_operator to None, run_after=None
[2026-01-04T12:50:44.090+0000] {processor.py:208} INFO - Processing /workspaces/f1_data_team/venv/lib/python3.12/site-packages/airflow/example_dags/example_short_circuit_operator.py took 0.056 seconds
[2026-01-04T12:51:21.020+0000] {processor.py:186} INFO - Started process (PID=43695) to work on /workspaces/f1_data_team/venv/lib/python3.12/site-packages/airflow/example_dags/example_short_circuit_operator.py
[2026-01-04T12:51:21.021+0000] {processor.py:914} INFO - Processing file /workspaces/f1_data_team/venv/lib/python3.12/site-packages/airflow/example_dags/example_short_circuit_operator.py for tasks to queue
[2026-01-04T12:51:21.023+0000] {logging_mixin.py:190} INFO - [2026-01-04T12:51:21.022+0000] {dagbag.py:588} INFO - Filling up the DagBag from /workspaces/f1_data_team/venv/lib/python3.12/site-packages/airflow/example_dags/example_short_circuit_operator.py
[2026-01-04T12:51:21.030+0000] {processor.py:925} INFO - DAG(s) 'example_short_circuit_operator' retrieved from /workspaces/f1_data_team/venv/lib/python3.12/site-packages/airflow/example_dags/example_short_circuit_operator.py
[2026-01-04T12:51:21.049+0000] {logging_mixin.py:190} INFO - [2026-01-04T12:51:21.049+0000] {dag.py:3239} INFO - Sync 1 DAGs
[2026-01-04T12:51:21.059+0000] {logging_mixin.py:190} INFO - [2026-01-04T12:51:21.058+0000] {dag.py:4180} INFO - Setting next_dagrun for example_short_circuit_operator to None, run_after=None
[2026-01-04T12:51:21.074+0000] {processor.py:208} INFO - Processing /workspaces/f1_data_team/venv/lib/python3.12/site-packages/airflow/example_dags/example_short_circuit_operator.py took 0.059 seconds
[2026-01-04T12:52:25.145+0000] {processor.py:186} INFO - Started process (PID=44946) to work on /workspaces/f1_data_team/venv/lib/python3.12/site-packages/airflow/example_dags/example_short_circuit_operator.py
[2026-01-04T12:52:25.146+0000] {processor.py:914} INFO - Processing file /workspaces/f1_data_team/venv/lib/python3.12/site-packages/airflow/example_dags/example_short_circuit_operator.py for tasks to queue
[2026-01-04T12:52:25.148+0000] {logging_mixin.py:190} INFO - [2026-01-04T12:52:25.148+0000] {dagbag.py:588} INFO - Filling up the DagBag from /workspaces/f1_data_team/venv/lib/python3.12/site-packages/airflow/example_dags/example_short_circuit_operator.py
[2026-01-04T12:52:25.155+0000] {processor.py:925} INFO - DAG(s) 'example_short_circuit_operator' retrieved from /workspaces/f1_data_team/venv/lib/python3.12/site-packages/airflow/example_dags/example_short_circuit_operator.py
[2026-01-04T12:52:25.170+0000] {logging_mixin.py:190} INFO - [2026-01-04T12:52:25.169+0000] {dag.py:3239} INFO - Sync 1 DAGs
[2026-01-04T12:52:25.179+0000] {logging_mixin.py:190} INFO - [2026-01-04T12:52:25.179+0000] {dag.py:4180} INFO - Setting next_dagrun for example_short_circuit_operator to None, run_after=None
[2026-01-04T12:52:25.194+0000] {processor.py:208} INFO - Processing /workspaces/f1_data_team/venv/lib/python3.12/site-packages/airflow/example_dags/example_short_circuit_operator.py took 0.053 seconds
[2026-01-04T12:53:21.624+0000] {processor.py:186} INFO - Started process (PID=45732) to work on /workspaces/f1_data_team/venv/lib/python3.12/site-packages/airflow/example_dags/example_short_circuit_operator.py
[2026-01-04T12:53:21.624+0000] {processor.py:914} INFO - Processing file /workspaces/f1_data_team/venv/lib/python3.12/site-packages/airflow/example_dags/example_short_circuit_operator.py for tasks to queue
[2026-01-04T12:53:21.627+0000] {logging_mixin.py:190} INFO - [2026-01-04T12:53:21.626+0000] {dagbag.py:588} INFO - Filling up the DagBag from /workspaces/f1_data_team/venv/lib/python3.12/site-packages/airflow/example_dags/example_short_circuit_operator.py
[2026-01-04T12:53:21.633+0000] {processor.py:925} INFO - DAG(s) 'example_short_circuit_operator' retrieved from /workspaces/f1_data_team/venv/lib/python3.12/site-packages/airflow/example_dags/example_short_circuit_operator.py
[2026-01-04T12:53:21.648+0000] {logging_mixin.py:190} INFO - [2026-01-04T12:53:21.648+0000] {dag.py:3239} INFO - Sync 1 DAGs
[2026-01-04T12:53:21.658+0000] {logging_mixin.py:190} INFO - [2026-01-04T12:53:21.658+0000] {dag.py:4180} INFO - Setting next_dagrun for example_short_circuit_operator to None, run_after=None
[2026-01-04T12:53:21.673+0000] {processor.py:208} INFO - Processing /workspaces/f1_data_team/venv/lib/python3.12/site-packages/airflow/example_dags/example_short_circuit_operator.py took 0.053 seconds
[2026-01-04T12:54:16.541+0000] {processor.py:186} INFO - Started process (PID=46372) to work on /workspaces/f1_data_team/venv/lib/python3.12/site-packages/airflow/example_dags/example_short_circuit_operator.py
[2026-01-04T12:54:16.542+0000] {processor.py:914} INFO - Processing file /workspaces/f1_data_team/venv/lib/python3.12/site-packages/airflow/example_dags/example_short_circuit_operator.py for tasks to queue
[2026-01-04T12:54:16.544+0000] {logging_mixin.py:190} INFO - [2026-01-04T12:54:16.544+0000] {dagbag.py:588} INFO - Filling up the DagBag from /workspaces/f1_data_team/venv/lib/python3.12/site-packages/airflow/example_dags/example_short_circuit_operator.py
[2026-01-04T12:54:16.551+0000] {processor.py:925} INFO - DAG(s) 'example_short_circuit_operator' retrieved from /workspaces/f1_data_team/venv/lib/python3.12/site-packages/airflow/example_dags/example_short_circuit_operator.py
[2026-01-04T12:54:16.565+0000] {logging_mixin.py:190} INFO - [2026-01-04T12:54:16.565+0000] {dag.py:3239} INFO - Sync 1 DAGs
[2026-01-04T12:54:16.575+0000] {logging_mixin.py:190} INFO - [2026-01-04T12:54:16.574+0000] {dag.py:4180} INFO - Setting next_dagrun for example_short_circuit_operator to None, run_after=None
[2026-01-04T12:54:16.590+0000] {processor.py:208} INFO - Processing /workspaces/f1_data_team/venv/lib/python3.12/site-packages/airflow/example_dags/example_short_circuit_operator.py took 0.053 seconds
[2026-01-04T12:55:22.551+0000] {processor.py:186} INFO - Started process (PID=47621) to work on /workspaces/f1_data_team/venv/lib/python3.12/site-packages/airflow/example_dags/example_short_circuit_operator.py
[2026-01-04T12:55:22.552+0000] {processor.py:914} INFO - Processing file /workspaces/f1_data_team/venv/lib/python3.12/site-packages/airflow/example_dags/example_short_circuit_operator.py for tasks to queue
[2026-01-04T12:55:22.555+0000] {logging_mixin.py:190} INFO - [2026-01-04T12:55:22.554+0000] {dagbag.py:588} INFO - Filling up the DagBag from /workspaces/f1_data_team/venv/lib/python3.12/site-packages/airflow/example_dags/example_short_circuit_operator.py
[2026-01-04T12:55:22.561+0000] {processor.py:925} INFO - DAG(s) 'example_short_circuit_operator' retrieved from /workspaces/f1_data_team/venv/lib/python3.12/site-packages/airflow/example_dags/example_short_circuit_operator.py
[2026-01-04T12:55:22.577+0000] {logging_mixin.py:190} INFO - [2026-01-04T12:55:22.576+0000] {dag.py:3239} INFO - Sync 1 DAGs
[2026-01-04T12:55:22.586+0000] {logging_mixin.py:190} INFO - [2026-01-04T12:55:22.586+0000] {dag.py:4180} INFO - Setting next_dagrun for example_short_circuit_operator to None, run_after=None
[2026-01-04T12:55:22.601+0000] {processor.py:208} INFO - Processing /workspaces/f1_data_team/venv/lib/python3.12/site-packages/airflow/example_dags/example_short_circuit_operator.py took 0.054 seconds
[2026-01-04T12:56:19.428+0000] {processor.py:186} INFO - Started process (PID=48202) to work on /workspaces/f1_data_team/venv/lib/python3.12/site-packages/airflow/example_dags/example_short_circuit_operator.py
[2026-01-04T12:56:19.429+0000] {processor.py:914} INFO - Processing file /workspaces/f1_data_team/venv/lib/python3.12/site-packages/airflow/example_dags/example_short_circuit_operator.py for tasks to queue
[2026-01-04T12:56:19.431+0000] {logging_mixin.py:190} INFO - [2026-01-04T12:56:19.430+0000] {dagbag.py:588} INFO - Filling up the DagBag from /workspaces/f1_data_team/venv/lib/python3.12/site-packages/airflow/example_dags/example_short_circuit_operator.py
[2026-01-04T12:56:19.438+0000] {processor.py:925} INFO - DAG(s) 'example_short_circuit_operator' retrieved from /workspaces/f1_data_team/venv/lib/python3.12/site-packages/airflow/example_dags/example_short_circuit_operator.py
[2026-01-04T12:56:19.452+0000] {logging_mixin.py:190} INFO - [2026-01-04T12:56:19.452+0000] {dag.py:3239} INFO - Sync 1 DAGs
[2026-01-04T12:56:19.462+0000] {logging_mixin.py:190} INFO - [2026-01-04T12:56:19.462+0000] {dag.py:4180} INFO - Setting next_dagrun for example_short_circuit_operator to None, run_after=None
[2026-01-04T12:56:19.476+0000] {processor.py:208} INFO - Processing /workspaces/f1_data_team/venv/lib/python3.12/site-packages/airflow/example_dags/example_short_circuit_operator.py took 0.053 seconds
[2026-01-04T12:57:10.087+0000] {processor.py:186} INFO - Started process (PID=48666) to work on /workspaces/f1_data_team/venv/lib/python3.12/site-packages/airflow/example_dags/example_short_circuit_operator.py
[2026-01-04T12:57:10.087+0000] {processor.py:914} INFO - Processing file /workspaces/f1_data_team/venv/lib/python3.12/site-packages/airflow/example_dags/example_short_circuit_operator.py for tasks to queue
[2026-01-04T12:57:10.090+0000] {logging_mixin.py:190} INFO - [2026-01-04T12:57:10.090+0000] {dagbag.py:588} INFO - Filling up the DagBag from /workspaces/f1_data_team/venv/lib/python3.12/site-packages/airflow/example_dags/example_short_circuit_operator.py
[2026-01-04T12:57:10.097+0000] {processor.py:925} INFO - DAG(s) 'example_short_circuit_operator' retrieved from /workspaces/f1_data_team/venv/lib/python3.12/site-packages/airflow/example_dags/example_short_circuit_operator.py
[2026-01-04T12:57:10.111+0000] {logging_mixin.py:190} INFO - [2026-01-04T12:57:10.111+0000] {dag.py:3239} INFO - Sync 1 DAGs
[2026-01-04T12:57:10.121+0000] {logging_mixin.py:190} INFO - [2026-01-04T12:57:10.120+0000] {dag.py:4180} INFO - Setting next_dagrun for example_short_circuit_operator to None, run_after=None
[2026-01-04T12:57:10.137+0000] {processor.py:208} INFO - Processing /workspaces/f1_data_team/venv/lib/python3.12/site-packages/airflow/example_dags/example_short_circuit_operator.py took 0.055 seconds
[2026-01-04T12:58:00.769+0000] {processor.py:186} INFO - Started process (PID=49095) to work on /workspaces/f1_data_team/venv/lib/python3.12/site-packages/airflow/example_dags/example_short_circuit_operator.py
[2026-01-04T12:58:00.770+0000] {processor.py:914} INFO - Processing file /workspaces/f1_data_team/venv/lib/python3.12/site-packages/airflow/example_dags/example_short_circuit_operator.py for tasks to queue
[2026-01-04T12:58:00.773+0000] {logging_mixin.py:190} INFO - [2026-01-04T12:58:00.772+0000] {dagbag.py:588} INFO - Filling up the DagBag from /workspaces/f1_data_team/venv/lib/python3.12/site-packages/airflow/example_dags/example_short_circuit_operator.py
[2026-01-04T12:58:00.779+0000] {processor.py:925} INFO - DAG(s) 'example_short_circuit_operator' retrieved from /workspaces/f1_data_team/venv/lib/python3.12/site-packages/airflow/example_dags/example_short_circuit_operator.py
[2026-01-04T12:58:00.794+0000] {logging_mixin.py:190} INFO - [2026-01-04T12:58:00.794+0000] {dag.py:3239} INFO - Sync 1 DAGs
[2026-01-04T12:58:00.804+0000] {logging_mixin.py:190} INFO - [2026-01-04T12:58:00.804+0000] {dag.py:4180} INFO - Setting next_dagrun for example_short_circuit_operator to None, run_after=None
[2026-01-04T12:58:00.819+0000] {processor.py:208} INFO - Processing /workspaces/f1_data_team/venv/lib/python3.12/site-packages/airflow/example_dags/example_short_circuit_operator.py took 0.055 seconds
[2026-01-04T12:58:54.893+0000] {processor.py:186} INFO - Started process (PID=49618) to work on /workspaces/f1_data_team/venv/lib/python3.12/site-packages/airflow/example_dags/example_short_circuit_operator.py
[2026-01-04T12:58:54.894+0000] {processor.py:914} INFO - Processing file /workspaces/f1_data_team/venv/lib/python3.12/site-packages/airflow/example_dags/example_short_circuit_operator.py for tasks to queue
[2026-01-04T12:58:54.895+0000] {logging_mixin.py:190} INFO - [2026-01-04T12:58:54.895+0000] {dagbag.py:588} INFO - Filling up the DagBag from /workspaces/f1_data_team/venv/lib/python3.12/site-packages/airflow/example_dags/example_short_circuit_operator.py
[2026-01-04T12:58:54.903+0000] {processor.py:925} INFO - DAG(s) 'example_short_circuit_operator' retrieved from /workspaces/f1_data_team/venv/lib/python3.12/site-packages/airflow/example_dags/example_short_circuit_operator.py
[2026-01-04T12:58:54.917+0000] {logging_mixin.py:190} INFO - [2026-01-04T12:58:54.917+0000] {dag.py:3239} INFO - Sync 1 DAGs
[2026-01-04T12:58:54.926+0000] {logging_mixin.py:190} INFO - [2026-01-04T12:58:54.926+0000] {dag.py:4180} INFO - Setting next_dagrun for example_short_circuit_operator to None, run_after=None
[2026-01-04T12:58:54.941+0000] {processor.py:208} INFO - Processing /workspaces/f1_data_team/venv/lib/python3.12/site-packages/airflow/example_dags/example_short_circuit_operator.py took 0.053 seconds
[2026-01-04T12:59:49.889+0000] {processor.py:186} INFO - Started process (PID=50190) to work on /workspaces/f1_data_team/venv/lib/python3.12/site-packages/airflow/example_dags/example_short_circuit_operator.py
[2026-01-04T12:59:49.890+0000] {processor.py:914} INFO - Processing file /workspaces/f1_data_team/venv/lib/python3.12/site-packages/airflow/example_dags/example_short_circuit_operator.py for tasks to queue
[2026-01-04T12:59:49.892+0000] {logging_mixin.py:190} INFO - [2026-01-04T12:59:49.892+0000] {dagbag.py:588} INFO - Filling up the DagBag from /workspaces/f1_data_team/venv/lib/python3.12/site-packages/airflow/example_dags/example_short_circuit_operator.py
[2026-01-04T12:59:49.899+0000] {processor.py:925} INFO - DAG(s) 'example_short_circuit_operator' retrieved from /workspaces/f1_data_team/venv/lib/python3.12/site-packages/airflow/example_dags/example_short_circuit_operator.py
[2026-01-04T12:59:49.914+0000] {logging_mixin.py:190} INFO - [2026-01-04T12:59:49.913+0000] {dag.py:3239} INFO - Sync 1 DAGs
[2026-01-04T12:59:49.923+0000] {logging_mixin.py:190} INFO - [2026-01-04T12:59:49.923+0000] {dag.py:4180} INFO - Setting next_dagrun for example_short_circuit_operator to None, run_after=None
[2026-01-04T12:59:49.938+0000] {processor.py:208} INFO - Processing /workspaces/f1_data_team/venv/lib/python3.12/site-packages/airflow/example_dags/example_short_circuit_operator.py took 0.053 seconds
[2026-01-04T13:00:45.558+0000] {processor.py:186} INFO - Started process (PID=50808) to work on /workspaces/f1_data_team/venv/lib/python3.12/site-packages/airflow/example_dags/example_short_circuit_operator.py
[2026-01-04T13:00:45.559+0000] {processor.py:914} INFO - Processing file /workspaces/f1_data_team/venv/lib/python3.12/site-packages/airflow/example_dags/example_short_circuit_operator.py for tasks to queue
[2026-01-04T13:00:45.561+0000] {logging_mixin.py:190} INFO - [2026-01-04T13:00:45.561+0000] {dagbag.py:588} INFO - Filling up the DagBag from /workspaces/f1_data_team/venv/lib/python3.12/site-packages/airflow/example_dags/example_short_circuit_operator.py
[2026-01-04T13:00:45.568+0000] {processor.py:925} INFO - DAG(s) 'example_short_circuit_operator' retrieved from /workspaces/f1_data_team/venv/lib/python3.12/site-packages/airflow/example_dags/example_short_circuit_operator.py
[2026-01-04T13:00:45.583+0000] {logging_mixin.py:190} INFO - [2026-01-04T13:00:45.583+0000] {dag.py:3239} INFO - Sync 1 DAGs
[2026-01-04T13:00:45.592+0000] {logging_mixin.py:190} INFO - [2026-01-04T13:00:45.592+0000] {dag.py:4180} INFO - Setting next_dagrun for example_short_circuit_operator to None, run_after=None
[2026-01-04T13:00:45.608+0000] {processor.py:208} INFO - Processing /workspaces/f1_data_team/venv/lib/python3.12/site-packages/airflow/example_dags/example_short_circuit_operator.py took 0.055 seconds
[2026-01-04T13:01:32.994+0000] {processor.py:186} INFO - Started process (PID=51444) to work on /workspaces/f1_data_team/venv/lib/python3.12/site-packages/airflow/example_dags/example_short_circuit_operator.py
[2026-01-04T13:01:32.994+0000] {processor.py:914} INFO - Processing file /workspaces/f1_data_team/venv/lib/python3.12/site-packages/airflow/example_dags/example_short_circuit_operator.py for tasks to queue
[2026-01-04T13:01:32.996+0000] {logging_mixin.py:190} INFO - [2026-01-04T13:01:32.996+0000] {dagbag.py:588} INFO - Filling up the DagBag from /workspaces/f1_data_team/venv/lib/python3.12/site-packages/airflow/example_dags/example_short_circuit_operator.py
[2026-01-04T13:01:33.004+0000] {processor.py:925} INFO - DAG(s) 'example_short_circuit_operator' retrieved from /workspaces/f1_data_team/venv/lib/python3.12/site-packages/airflow/example_dags/example_short_circuit_operator.py
[2026-01-04T13:01:33.018+0000] {logging_mixin.py:190} INFO - [2026-01-04T13:01:33.018+0000] {dag.py:3239} INFO - Sync 1 DAGs
[2026-01-04T13:01:33.028+0000] {logging_mixin.py:190} INFO - [2026-01-04T13:01:33.028+0000] {dag.py:4180} INFO - Setting next_dagrun for example_short_circuit_operator to None, run_after=None
[2026-01-04T13:01:33.044+0000] {processor.py:208} INFO - Processing /workspaces/f1_data_team/venv/lib/python3.12/site-packages/airflow/example_dags/example_short_circuit_operator.py took 0.054 seconds
