[2026-01-04T12:27:02.469+0000] {processor.py:186} INFO - Started process (PID=24676) to work on /workspaces/f1_data_team/venv/lib/python3.12/site-packages/airflow/example_dags/example_outlet_event_extra.py
[2026-01-04T12:27:02.470+0000] {processor.py:914} INFO - Processing file /workspaces/f1_data_team/venv/lib/python3.12/site-packages/airflow/example_dags/example_outlet_event_extra.py for tasks to queue
[2026-01-04T12:27:02.471+0000] {logging_mixin.py:190} INFO - [2026-01-04T12:27:02.471+0000] {dagbag.py:588} INFO - Filling up the DagBag from /workspaces/f1_data_team/venv/lib/python3.12/site-packages/airflow/example_dags/example_outlet_event_extra.py
[2026-01-04T12:27:03.162+0000] {processor.py:925} INFO - DAG(s) 'dataset_with_extra_by_yield', 'dataset_with_extra_by_context', 'dataset_with_extra_from_classic_operator' retrieved from /workspaces/f1_data_team/venv/lib/python3.12/site-packages/airflow/example_dags/example_outlet_event_extra.py
[2026-01-04T12:27:03.228+0000] {logging_mixin.py:190} INFO - [2026-01-04T12:27:03.228+0000] {override.py:1911} INFO - Created Permission View: can read on DAG:dataset_with_extra_by_yield
[2026-01-04T12:27:03.236+0000] {logging_mixin.py:190} INFO - [2026-01-04T12:27:03.235+0000] {override.py:1911} INFO - Created Permission View: can edit on DAG:dataset_with_extra_by_yield
[2026-01-04T12:27:03.241+0000] {logging_mixin.py:190} INFO - [2026-01-04T12:27:03.241+0000] {override.py:1911} INFO - Created Permission View: can delete on DAG:dataset_with_extra_by_yield
[2026-01-04T12:27:03.248+0000] {logging_mixin.py:190} INFO - [2026-01-04T12:27:03.248+0000] {override.py:1911} INFO - Created Permission View: can read on DAG Run:dataset_with_extra_by_yield
[2026-01-04T12:27:03.254+0000] {logging_mixin.py:190} INFO - [2026-01-04T12:27:03.253+0000] {override.py:1911} INFO - Created Permission View: menu access on DAG Run:dataset_with_extra_by_yield
[2026-01-04T12:27:03.259+0000] {logging_mixin.py:190} INFO - [2026-01-04T12:27:03.258+0000] {override.py:1911} INFO - Created Permission View: can create on DAG Run:dataset_with_extra_by_yield
[2026-01-04T12:27:03.264+0000] {logging_mixin.py:190} INFO - [2026-01-04T12:27:03.264+0000] {override.py:1911} INFO - Created Permission View: can delete on DAG Run:dataset_with_extra_by_yield
[2026-01-04T12:27:03.274+0000] {logging_mixin.py:190} INFO - [2026-01-04T12:27:03.274+0000] {override.py:1911} INFO - Created Permission View: can read on DAG:dataset_with_extra_by_context
[2026-01-04T12:27:03.279+0000] {logging_mixin.py:190} INFO - [2026-01-04T12:27:03.279+0000] {override.py:1911} INFO - Created Permission View: can edit on DAG:dataset_with_extra_by_context
[2026-01-04T12:27:03.284+0000] {logging_mixin.py:190} INFO - [2026-01-04T12:27:03.284+0000] {override.py:1911} INFO - Created Permission View: can delete on DAG:dataset_with_extra_by_context
[2026-01-04T12:27:03.292+0000] {logging_mixin.py:190} INFO - [2026-01-04T12:27:03.292+0000] {override.py:1911} INFO - Created Permission View: can read on DAG Run:dataset_with_extra_by_context
[2026-01-04T12:27:03.298+0000] {logging_mixin.py:190} INFO - [2026-01-04T12:27:03.297+0000] {override.py:1911} INFO - Created Permission View: menu access on DAG Run:dataset_with_extra_by_context
[2026-01-04T12:27:03.303+0000] {logging_mixin.py:190} INFO - [2026-01-04T12:27:03.303+0000] {override.py:1911} INFO - Created Permission View: can create on DAG Run:dataset_with_extra_by_context
[2026-01-04T12:27:03.309+0000] {logging_mixin.py:190} INFO - [2026-01-04T12:27:03.309+0000] {override.py:1911} INFO - Created Permission View: can delete on DAG Run:dataset_with_extra_by_context
[2026-01-04T12:27:03.322+0000] {logging_mixin.py:190} INFO - [2026-01-04T12:27:03.322+0000] {override.py:1911} INFO - Created Permission View: can read on DAG:dataset_with_extra_from_classic_operator
[2026-01-04T12:27:03.327+0000] {logging_mixin.py:190} INFO - [2026-01-04T12:27:03.327+0000] {override.py:1911} INFO - Created Permission View: can edit on DAG:dataset_with_extra_from_classic_operator
[2026-01-04T12:27:03.333+0000] {logging_mixin.py:190} INFO - [2026-01-04T12:27:03.332+0000] {override.py:1911} INFO - Created Permission View: can delete on DAG:dataset_with_extra_from_classic_operator
[2026-01-04T12:27:03.340+0000] {logging_mixin.py:190} INFO - [2026-01-04T12:27:03.340+0000] {override.py:1911} INFO - Created Permission View: can read on DAG Run:dataset_with_extra_from_classic_operator
[2026-01-04T12:27:03.345+0000] {logging_mixin.py:190} INFO - [2026-01-04T12:27:03.345+0000] {override.py:1911} INFO - Created Permission View: menu access on DAG Run:dataset_with_extra_from_classic_operator
[2026-01-04T12:27:03.351+0000] {logging_mixin.py:190} INFO - [2026-01-04T12:27:03.351+0000] {override.py:1911} INFO - Created Permission View: can create on DAG Run:dataset_with_extra_from_classic_operator
[2026-01-04T12:27:03.357+0000] {logging_mixin.py:190} INFO - [2026-01-04T12:27:03.356+0000] {override.py:1911} INFO - Created Permission View: can delete on DAG Run:dataset_with_extra_from_classic_operator
[2026-01-04T12:27:03.357+0000] {logging_mixin.py:190} INFO - [2026-01-04T12:27:03.357+0000] {dag.py:3239} INFO - Sync 3 DAGs
[2026-01-04T12:27:03.366+0000] {logging_mixin.py:190} INFO - [2026-01-04T12:27:03.366+0000] {dag.py:3262} INFO - Creating ORM DAG for dataset_with_extra_by_yield
[2026-01-04T12:27:03.366+0000] {logging_mixin.py:190} INFO - [2026-01-04T12:27:03.366+0000] {dag.py:3262} INFO - Creating ORM DAG for dataset_with_extra_by_context
[2026-01-04T12:27:03.367+0000] {logging_mixin.py:190} INFO - [2026-01-04T12:27:03.367+0000] {dag.py:3262} INFO - Creating ORM DAG for dataset_with_extra_from_classic_operator
[2026-01-04T12:27:03.373+0000] {logging_mixin.py:190} INFO - [2026-01-04T12:27:03.373+0000] {dag.py:4180} INFO - Setting next_dagrun for dataset_with_extra_by_context to 2026-01-03 00:00:00+00:00, run_after=2026-01-04 00:00:00+00:00
[2026-01-04T12:27:03.374+0000] {logging_mixin.py:190} INFO - [2026-01-04T12:27:03.374+0000] {dag.py:4180} INFO - Setting next_dagrun for dataset_with_extra_by_yield to 2026-01-03 00:00:00+00:00, run_after=2026-01-04 00:00:00+00:00
[2026-01-04T12:27:03.376+0000] {logging_mixin.py:190} INFO - [2026-01-04T12:27:03.375+0000] {dag.py:4180} INFO - Setting next_dagrun for dataset_with_extra_from_classic_operator to 2026-01-03 00:00:00+00:00, run_after=2026-01-04 00:00:00+00:00
[2026-01-04T12:27:03.396+0000] {processor.py:208} INFO - Processing /workspaces/f1_data_team/venv/lib/python3.12/site-packages/airflow/example_dags/example_outlet_event_extra.py took 0.932 seconds
[2026-01-04T12:28:02.954+0000] {processor.py:186} INFO - Started process (PID=25206) to work on /workspaces/f1_data_team/venv/lib/python3.12/site-packages/airflow/example_dags/example_outlet_event_extra.py
[2026-01-04T12:28:02.955+0000] {processor.py:914} INFO - Processing file /workspaces/f1_data_team/venv/lib/python3.12/site-packages/airflow/example_dags/example_outlet_event_extra.py for tasks to queue
[2026-01-04T12:28:02.956+0000] {logging_mixin.py:190} INFO - [2026-01-04T12:28:02.956+0000] {dagbag.py:588} INFO - Filling up the DagBag from /workspaces/f1_data_team/venv/lib/python3.12/site-packages/airflow/example_dags/example_outlet_event_extra.py
[2026-01-04T12:28:03.370+0000] {processor.py:925} INFO - DAG(s) 'dataset_with_extra_by_yield', 'dataset_with_extra_from_classic_operator', 'dataset_with_extra_by_context' retrieved from /workspaces/f1_data_team/venv/lib/python3.12/site-packages/airflow/example_dags/example_outlet_event_extra.py
[2026-01-04T12:28:03.382+0000] {logging_mixin.py:190} INFO - [2026-01-04T12:28:03.381+0000] {dag.py:3239} INFO - Sync 3 DAGs
[2026-01-04T12:28:03.395+0000] {logging_mixin.py:190} INFO - [2026-01-04T12:28:03.395+0000] {dag.py:4180} INFO - Setting next_dagrun for dataset_with_extra_by_context to 2026-01-03 00:00:00+00:00, run_after=2026-01-04 00:00:00+00:00
[2026-01-04T12:28:03.398+0000] {logging_mixin.py:190} INFO - [2026-01-04T12:28:03.398+0000] {dag.py:4180} INFO - Setting next_dagrun for dataset_with_extra_by_yield to 2026-01-03 00:00:00+00:00, run_after=2026-01-04 00:00:00+00:00
[2026-01-04T12:28:03.400+0000] {logging_mixin.py:190} INFO - [2026-01-04T12:28:03.400+0000] {dag.py:4180} INFO - Setting next_dagrun for dataset_with_extra_from_classic_operator to 2026-01-03 00:00:00+00:00, run_after=2026-01-04 00:00:00+00:00
[2026-01-04T12:28:03.414+0000] {processor.py:208} INFO - Processing /workspaces/f1_data_team/venv/lib/python3.12/site-packages/airflow/example_dags/example_outlet_event_extra.py took 0.465 seconds
[2026-01-04T12:29:00.899+0000] {processor.py:186} INFO - Started process (PID=25768) to work on /workspaces/f1_data_team/venv/lib/python3.12/site-packages/airflow/example_dags/example_outlet_event_extra.py
[2026-01-04T12:29:00.899+0000] {processor.py:914} INFO - Processing file /workspaces/f1_data_team/venv/lib/python3.12/site-packages/airflow/example_dags/example_outlet_event_extra.py for tasks to queue
[2026-01-04T12:29:00.901+0000] {logging_mixin.py:190} INFO - [2026-01-04T12:29:00.901+0000] {dagbag.py:588} INFO - Filling up the DagBag from /workspaces/f1_data_team/venv/lib/python3.12/site-packages/airflow/example_dags/example_outlet_event_extra.py
[2026-01-04T12:29:01.321+0000] {processor.py:925} INFO - DAG(s) 'dataset_with_extra_by_yield', 'dataset_with_extra_from_classic_operator', 'dataset_with_extra_by_context' retrieved from /workspaces/f1_data_team/venv/lib/python3.12/site-packages/airflow/example_dags/example_outlet_event_extra.py
[2026-01-04T12:29:01.334+0000] {logging_mixin.py:190} INFO - [2026-01-04T12:29:01.334+0000] {dag.py:3239} INFO - Sync 3 DAGs
[2026-01-04T12:29:01.347+0000] {logging_mixin.py:190} INFO - [2026-01-04T12:29:01.347+0000] {dag.py:4180} INFO - Setting next_dagrun for dataset_with_extra_by_context to 2026-01-03 00:00:00+00:00, run_after=2026-01-04 00:00:00+00:00
[2026-01-04T12:29:01.351+0000] {logging_mixin.py:190} INFO - [2026-01-04T12:29:01.350+0000] {dag.py:4180} INFO - Setting next_dagrun for dataset_with_extra_by_yield to 2026-01-03 00:00:00+00:00, run_after=2026-01-04 00:00:00+00:00
[2026-01-04T12:29:01.352+0000] {logging_mixin.py:190} INFO - [2026-01-04T12:29:01.352+0000] {dag.py:4180} INFO - Setting next_dagrun for dataset_with_extra_from_classic_operator to 2026-01-03 00:00:00+00:00, run_after=2026-01-04 00:00:00+00:00
[2026-01-04T12:29:01.371+0000] {processor.py:208} INFO - Processing /workspaces/f1_data_team/venv/lib/python3.12/site-packages/airflow/example_dags/example_outlet_event_extra.py took 0.477 seconds
[2026-01-04T12:30:41.339+0000] {processor.py:186} INFO - Started process (PID=27643) to work on /workspaces/f1_data_team/venv/lib/python3.12/site-packages/airflow/example_dags/example_outlet_event_extra.py
[2026-01-04T12:30:41.339+0000] {processor.py:914} INFO - Processing file /workspaces/f1_data_team/venv/lib/python3.12/site-packages/airflow/example_dags/example_outlet_event_extra.py for tasks to queue
[2026-01-04T12:30:41.343+0000] {logging_mixin.py:190} INFO - [2026-01-04T12:30:41.343+0000] {dagbag.py:588} INFO - Filling up the DagBag from /workspaces/f1_data_team/venv/lib/python3.12/site-packages/airflow/example_dags/example_outlet_event_extra.py
[2026-01-04T12:30:41.704+0000] {processor.py:925} INFO - DAG(s) 'dataset_with_extra_by_context', 'dataset_with_extra_by_yield', 'dataset_with_extra_from_classic_operator' retrieved from /workspaces/f1_data_team/venv/lib/python3.12/site-packages/airflow/example_dags/example_outlet_event_extra.py
[2026-01-04T12:30:41.717+0000] {logging_mixin.py:190} INFO - [2026-01-04T12:30:41.717+0000] {dag.py:3239} INFO - Sync 3 DAGs
[2026-01-04T12:30:41.734+0000] {logging_mixin.py:190} INFO - [2026-01-04T12:30:41.734+0000] {dag.py:4180} INFO - Setting next_dagrun for dataset_with_extra_by_context to 2026-01-03 00:00:00+00:00, run_after=2026-01-04 00:00:00+00:00
[2026-01-04T12:30:41.739+0000] {logging_mixin.py:190} INFO - [2026-01-04T12:30:41.739+0000] {dag.py:4180} INFO - Setting next_dagrun for dataset_with_extra_by_yield to 2026-01-03 00:00:00+00:00, run_after=2026-01-04 00:00:00+00:00
[2026-01-04T12:30:41.741+0000] {logging_mixin.py:190} INFO - [2026-01-04T12:30:41.741+0000] {dag.py:4180} INFO - Setting next_dagrun for dataset_with_extra_from_classic_operator to 2026-01-03 00:00:00+00:00, run_after=2026-01-04 00:00:00+00:00
[2026-01-04T12:30:41.764+0000] {processor.py:208} INFO - Processing /workspaces/f1_data_team/venv/lib/python3.12/site-packages/airflow/example_dags/example_outlet_event_extra.py took 0.430 seconds
[2026-01-04T12:31:41.245+0000] {processor.py:186} INFO - Started process (PID=28692) to work on /workspaces/f1_data_team/venv/lib/python3.12/site-packages/airflow/example_dags/example_outlet_event_extra.py
[2026-01-04T12:31:41.250+0000] {processor.py:914} INFO - Processing file /workspaces/f1_data_team/venv/lib/python3.12/site-packages/airflow/example_dags/example_outlet_event_extra.py for tasks to queue
[2026-01-04T12:31:41.256+0000] {logging_mixin.py:190} INFO - [2026-01-04T12:31:41.256+0000] {dagbag.py:588} INFO - Filling up the DagBag from /workspaces/f1_data_team/venv/lib/python3.12/site-packages/airflow/example_dags/example_outlet_event_extra.py
[2026-01-04T12:31:41.722+0000] {processor.py:925} INFO - DAG(s) 'dataset_with_extra_from_classic_operator', 'dataset_with_extra_by_context', 'dataset_with_extra_by_yield' retrieved from /workspaces/f1_data_team/venv/lib/python3.12/site-packages/airflow/example_dags/example_outlet_event_extra.py
[2026-01-04T12:31:41.737+0000] {logging_mixin.py:190} INFO - [2026-01-04T12:31:41.737+0000] {dag.py:3239} INFO - Sync 3 DAGs
[2026-01-04T12:31:41.751+0000] {logging_mixin.py:190} INFO - [2026-01-04T12:31:41.751+0000] {dag.py:4180} INFO - Setting next_dagrun for dataset_with_extra_by_context to 2026-01-03 00:00:00+00:00, run_after=2026-01-04 00:00:00+00:00
[2026-01-04T12:31:41.754+0000] {logging_mixin.py:190} INFO - [2026-01-04T12:31:41.754+0000] {dag.py:4180} INFO - Setting next_dagrun for dataset_with_extra_by_yield to 2026-01-03 00:00:00+00:00, run_after=2026-01-04 00:00:00+00:00
[2026-01-04T12:31:41.756+0000] {logging_mixin.py:190} INFO - [2026-01-04T12:31:41.756+0000] {dag.py:4180} INFO - Setting next_dagrun for dataset_with_extra_from_classic_operator to 2026-01-03 00:00:00+00:00, run_after=2026-01-04 00:00:00+00:00
[2026-01-04T12:31:41.771+0000] {processor.py:208} INFO - Processing /workspaces/f1_data_team/venv/lib/python3.12/site-packages/airflow/example_dags/example_outlet_event_extra.py took 0.556 seconds
[2026-01-04T12:32:48.344+0000] {processor.py:186} INFO - Started process (PID=29858) to work on /workspaces/f1_data_team/venv/lib/python3.12/site-packages/airflow/example_dags/example_outlet_event_extra.py
[2026-01-04T12:32:48.344+0000] {processor.py:914} INFO - Processing file /workspaces/f1_data_team/venv/lib/python3.12/site-packages/airflow/example_dags/example_outlet_event_extra.py for tasks to queue
[2026-01-04T12:32:48.347+0000] {logging_mixin.py:190} INFO - [2026-01-04T12:32:48.346+0000] {dagbag.py:588} INFO - Filling up the DagBag from /workspaces/f1_data_team/venv/lib/python3.12/site-packages/airflow/example_dags/example_outlet_event_extra.py
[2026-01-04T12:32:48.358+0000] {processor.py:925} INFO - DAG(s) 'dataset_with_extra_by_context', 'dataset_with_extra_by_yield', 'dataset_with_extra_from_classic_operator' retrieved from /workspaces/f1_data_team/venv/lib/python3.12/site-packages/airflow/example_dags/example_outlet_event_extra.py
[2026-01-04T12:32:48.374+0000] {logging_mixin.py:190} INFO - [2026-01-04T12:32:48.374+0000] {dag.py:3239} INFO - Sync 3 DAGs
[2026-01-04T12:32:48.390+0000] {logging_mixin.py:190} INFO - [2026-01-04T12:32:48.390+0000] {dag.py:4180} INFO - Setting next_dagrun for dataset_with_extra_by_context to 2026-01-03 00:00:00+00:00, run_after=2026-01-04 00:00:00+00:00
[2026-01-04T12:32:48.393+0000] {logging_mixin.py:190} INFO - [2026-01-04T12:32:48.393+0000] {dag.py:4180} INFO - Setting next_dagrun for dataset_with_extra_by_yield to 2026-01-03 00:00:00+00:00, run_after=2026-01-04 00:00:00+00:00
[2026-01-04T12:32:48.395+0000] {logging_mixin.py:190} INFO - [2026-01-04T12:32:48.395+0000] {dag.py:4180} INFO - Setting next_dagrun for dataset_with_extra_from_classic_operator to 2026-01-03 00:00:00+00:00, run_after=2026-01-04 00:00:00+00:00
[2026-01-04T12:32:48.410+0000] {processor.py:208} INFO - Processing /workspaces/f1_data_team/venv/lib/python3.12/site-packages/airflow/example_dags/example_outlet_event_extra.py took 0.071 seconds
[2026-01-04T12:33:49.525+0000] {processor.py:186} INFO - Started process (PID=30711) to work on /workspaces/f1_data_team/venv/lib/python3.12/site-packages/airflow/example_dags/example_outlet_event_extra.py
[2026-01-04T12:33:49.526+0000] {processor.py:914} INFO - Processing file /workspaces/f1_data_team/venv/lib/python3.12/site-packages/airflow/example_dags/example_outlet_event_extra.py for tasks to queue
[2026-01-04T12:33:49.528+0000] {logging_mixin.py:190} INFO - [2026-01-04T12:33:49.527+0000] {dagbag.py:588} INFO - Filling up the DagBag from /workspaces/f1_data_team/venv/lib/python3.12/site-packages/airflow/example_dags/example_outlet_event_extra.py
[2026-01-04T12:33:49.540+0000] {processor.py:925} INFO - DAG(s) 'dataset_with_extra_from_classic_operator', 'dataset_with_extra_by_context', 'dataset_with_extra_by_yield' retrieved from /workspaces/f1_data_team/venv/lib/python3.12/site-packages/airflow/example_dags/example_outlet_event_extra.py
[2026-01-04T12:33:49.555+0000] {logging_mixin.py:190} INFO - [2026-01-04T12:33:49.555+0000] {dag.py:3239} INFO - Sync 3 DAGs
[2026-01-04T12:33:49.571+0000] {logging_mixin.py:190} INFO - [2026-01-04T12:33:49.571+0000] {dag.py:4180} INFO - Setting next_dagrun for dataset_with_extra_by_context to 2026-01-03 00:00:00+00:00, run_after=2026-01-04 00:00:00+00:00
[2026-01-04T12:33:49.574+0000] {logging_mixin.py:190} INFO - [2026-01-04T12:33:49.574+0000] {dag.py:4180} INFO - Setting next_dagrun for dataset_with_extra_by_yield to 2026-01-03 00:00:00+00:00, run_after=2026-01-04 00:00:00+00:00
[2026-01-04T12:33:49.576+0000] {logging_mixin.py:190} INFO - [2026-01-04T12:33:49.576+0000] {dag.py:4180} INFO - Setting next_dagrun for dataset_with_extra_from_classic_operator to 2026-01-03 00:00:00+00:00, run_after=2026-01-04 00:00:00+00:00
[2026-01-04T12:33:49.592+0000] {processor.py:208} INFO - Processing /workspaces/f1_data_team/venv/lib/python3.12/site-packages/airflow/example_dags/example_outlet_event_extra.py took 0.072 seconds
[2026-01-04T12:34:47.128+0000] {processor.py:186} INFO - Started process (PID=31295) to work on /workspaces/f1_data_team/venv/lib/python3.12/site-packages/airflow/example_dags/example_outlet_event_extra.py
[2026-01-04T12:34:47.129+0000] {processor.py:914} INFO - Processing file /workspaces/f1_data_team/venv/lib/python3.12/site-packages/airflow/example_dags/example_outlet_event_extra.py for tasks to queue
[2026-01-04T12:34:47.130+0000] {logging_mixin.py:190} INFO - [2026-01-04T12:34:47.130+0000] {dagbag.py:588} INFO - Filling up the DagBag from /workspaces/f1_data_team/venv/lib/python3.12/site-packages/airflow/example_dags/example_outlet_event_extra.py
[2026-01-04T12:34:47.142+0000] {processor.py:925} INFO - DAG(s) 'dataset_with_extra_by_context', 'dataset_with_extra_from_classic_operator', 'dataset_with_extra_by_yield' retrieved from /workspaces/f1_data_team/venv/lib/python3.12/site-packages/airflow/example_dags/example_outlet_event_extra.py
[2026-01-04T12:34:47.157+0000] {logging_mixin.py:190} INFO - [2026-01-04T12:34:47.157+0000] {dag.py:3239} INFO - Sync 3 DAGs
[2026-01-04T12:34:47.173+0000] {logging_mixin.py:190} INFO - [2026-01-04T12:34:47.173+0000] {dag.py:4180} INFO - Setting next_dagrun for dataset_with_extra_by_context to 2026-01-03 00:00:00+00:00, run_after=2026-01-04 00:00:00+00:00
[2026-01-04T12:34:47.177+0000] {logging_mixin.py:190} INFO - [2026-01-04T12:34:47.176+0000] {dag.py:4180} INFO - Setting next_dagrun for dataset_with_extra_by_yield to 2026-01-03 00:00:00+00:00, run_after=2026-01-04 00:00:00+00:00
[2026-01-04T12:34:47.178+0000] {logging_mixin.py:190} INFO - [2026-01-04T12:34:47.178+0000] {dag.py:4180} INFO - Setting next_dagrun for dataset_with_extra_from_classic_operator to 2026-01-03 00:00:00+00:00, run_after=2026-01-04 00:00:00+00:00
[2026-01-04T12:34:47.194+0000] {processor.py:208} INFO - Processing /workspaces/f1_data_team/venv/lib/python3.12/site-packages/airflow/example_dags/example_outlet_event_extra.py took 0.071 seconds
[2026-01-04T12:35:42.054+0000] {processor.py:186} INFO - Started process (PID=31780) to work on /workspaces/f1_data_team/venv/lib/python3.12/site-packages/airflow/example_dags/example_outlet_event_extra.py
[2026-01-04T12:35:42.055+0000] {processor.py:914} INFO - Processing file /workspaces/f1_data_team/venv/lib/python3.12/site-packages/airflow/example_dags/example_outlet_event_extra.py for tasks to queue
[2026-01-04T12:35:42.057+0000] {logging_mixin.py:190} INFO - [2026-01-04T12:35:42.057+0000] {dagbag.py:588} INFO - Filling up the DagBag from /workspaces/f1_data_team/venv/lib/python3.12/site-packages/airflow/example_dags/example_outlet_event_extra.py
[2026-01-04T12:35:42.069+0000] {processor.py:925} INFO - DAG(s) 'dataset_with_extra_by_yield', 'dataset_with_extra_by_context', 'dataset_with_extra_from_classic_operator' retrieved from /workspaces/f1_data_team/venv/lib/python3.12/site-packages/airflow/example_dags/example_outlet_event_extra.py
[2026-01-04T12:35:42.088+0000] {logging_mixin.py:190} INFO - [2026-01-04T12:35:42.088+0000] {dag.py:3239} INFO - Sync 3 DAGs
[2026-01-04T12:35:42.104+0000] {logging_mixin.py:190} INFO - [2026-01-04T12:35:42.104+0000] {dag.py:4180} INFO - Setting next_dagrun for dataset_with_extra_by_context to 2026-01-03 00:00:00+00:00, run_after=2026-01-04 00:00:00+00:00
[2026-01-04T12:35:42.107+0000] {logging_mixin.py:190} INFO - [2026-01-04T12:35:42.107+0000] {dag.py:4180} INFO - Setting next_dagrun for dataset_with_extra_by_yield to 2026-01-03 00:00:00+00:00, run_after=2026-01-04 00:00:00+00:00
[2026-01-04T12:35:42.109+0000] {logging_mixin.py:190} INFO - [2026-01-04T12:35:42.109+0000] {dag.py:4180} INFO - Setting next_dagrun for dataset_with_extra_from_classic_operator to 2026-01-03 00:00:00+00:00, run_after=2026-01-04 00:00:00+00:00
[2026-01-04T12:35:42.125+0000] {processor.py:208} INFO - Processing /workspaces/f1_data_team/venv/lib/python3.12/site-packages/airflow/example_dags/example_outlet_event_extra.py took 0.075 seconds
[2026-01-04T12:36:34.872+0000] {processor.py:186} INFO - Started process (PID=32434) to work on /workspaces/f1_data_team/venv/lib/python3.12/site-packages/airflow/example_dags/example_outlet_event_extra.py
[2026-01-04T12:36:34.873+0000] {processor.py:914} INFO - Processing file /workspaces/f1_data_team/venv/lib/python3.12/site-packages/airflow/example_dags/example_outlet_event_extra.py for tasks to queue
[2026-01-04T12:36:34.875+0000] {logging_mixin.py:190} INFO - [2026-01-04T12:36:34.875+0000] {dagbag.py:588} INFO - Filling up the DagBag from /workspaces/f1_data_team/venv/lib/python3.12/site-packages/airflow/example_dags/example_outlet_event_extra.py
[2026-01-04T12:36:34.888+0000] {processor.py:925} INFO - DAG(s) 'dataset_with_extra_by_yield', 'dataset_with_extra_from_classic_operator', 'dataset_with_extra_by_context' retrieved from /workspaces/f1_data_team/venv/lib/python3.12/site-packages/airflow/example_dags/example_outlet_event_extra.py
[2026-01-04T12:36:34.907+0000] {logging_mixin.py:190} INFO - [2026-01-04T12:36:34.907+0000] {dag.py:3239} INFO - Sync 3 DAGs
[2026-01-04T12:36:34.923+0000] {logging_mixin.py:190} INFO - [2026-01-04T12:36:34.923+0000] {dag.py:4180} INFO - Setting next_dagrun for dataset_with_extra_by_context to 2026-01-03 00:00:00+00:00, run_after=2026-01-04 00:00:00+00:00
[2026-01-04T12:36:34.926+0000] {logging_mixin.py:190} INFO - [2026-01-04T12:36:34.926+0000] {dag.py:4180} INFO - Setting next_dagrun for dataset_with_extra_by_yield to 2026-01-03 00:00:00+00:00, run_after=2026-01-04 00:00:00+00:00
[2026-01-04T12:36:34.928+0000] {logging_mixin.py:190} INFO - [2026-01-04T12:36:34.927+0000] {dag.py:4180} INFO - Setting next_dagrun for dataset_with_extra_from_classic_operator to 2026-01-03 00:00:00+00:00, run_after=2026-01-04 00:00:00+00:00
[2026-01-04T12:36:34.943+0000] {processor.py:208} INFO - Processing /workspaces/f1_data_team/venv/lib/python3.12/site-packages/airflow/example_dags/example_outlet_event_extra.py took 0.075 seconds
[2026-01-04T12:37:28.043+0000] {processor.py:186} INFO - Started process (PID=32982) to work on /workspaces/f1_data_team/venv/lib/python3.12/site-packages/airflow/example_dags/example_outlet_event_extra.py
[2026-01-04T12:37:28.044+0000] {processor.py:914} INFO - Processing file /workspaces/f1_data_team/venv/lib/python3.12/site-packages/airflow/example_dags/example_outlet_event_extra.py for tasks to queue
[2026-01-04T12:37:28.046+0000] {logging_mixin.py:190} INFO - [2026-01-04T12:37:28.046+0000] {dagbag.py:588} INFO - Filling up the DagBag from /workspaces/f1_data_team/venv/lib/python3.12/site-packages/airflow/example_dags/example_outlet_event_extra.py
[2026-01-04T12:37:28.067+0000] {processor.py:925} INFO - DAG(s) 'dataset_with_extra_by_context', 'dataset_with_extra_by_yield', 'dataset_with_extra_from_classic_operator' retrieved from /workspaces/f1_data_team/venv/lib/python3.12/site-packages/airflow/example_dags/example_outlet_event_extra.py
[2026-01-04T12:37:28.094+0000] {logging_mixin.py:190} INFO - [2026-01-04T12:37:28.094+0000] {dag.py:3239} INFO - Sync 3 DAGs
[2026-01-04T12:37:28.120+0000] {logging_mixin.py:190} INFO - [2026-01-04T12:37:28.120+0000] {dag.py:4180} INFO - Setting next_dagrun for dataset_with_extra_by_context to 2026-01-03 00:00:00+00:00, run_after=2026-01-04 00:00:00+00:00
[2026-01-04T12:37:28.124+0000] {logging_mixin.py:190} INFO - [2026-01-04T12:37:28.124+0000] {dag.py:4180} INFO - Setting next_dagrun for dataset_with_extra_by_yield to 2026-01-03 00:00:00+00:00, run_after=2026-01-04 00:00:00+00:00
[2026-01-04T12:37:28.126+0000] {logging_mixin.py:190} INFO - [2026-01-04T12:37:28.126+0000] {dag.py:4180} INFO - Setting next_dagrun for dataset_with_extra_from_classic_operator to 2026-01-03 00:00:00+00:00, run_after=2026-01-04 00:00:00+00:00
[2026-01-04T12:37:28.155+0000] {processor.py:208} INFO - Processing /workspaces/f1_data_team/venv/lib/python3.12/site-packages/airflow/example_dags/example_outlet_event_extra.py took 0.118 seconds
[2026-01-04T12:38:20.809+0000] {processor.py:186} INFO - Started process (PID=33837) to work on /workspaces/f1_data_team/venv/lib/python3.12/site-packages/airflow/example_dags/example_outlet_event_extra.py
[2026-01-04T12:38:20.810+0000] {processor.py:914} INFO - Processing file /workspaces/f1_data_team/venv/lib/python3.12/site-packages/airflow/example_dags/example_outlet_event_extra.py for tasks to queue
[2026-01-04T12:38:20.812+0000] {logging_mixin.py:190} INFO - [2026-01-04T12:38:20.812+0000] {dagbag.py:588} INFO - Filling up the DagBag from /workspaces/f1_data_team/venv/lib/python3.12/site-packages/airflow/example_dags/example_outlet_event_extra.py
[2026-01-04T12:38:20.824+0000] {processor.py:925} INFO - DAG(s) 'dataset_with_extra_from_classic_operator', 'dataset_with_extra_by_context', 'dataset_with_extra_by_yield' retrieved from /workspaces/f1_data_team/venv/lib/python3.12/site-packages/airflow/example_dags/example_outlet_event_extra.py
[2026-01-04T12:38:20.839+0000] {logging_mixin.py:190} INFO - [2026-01-04T12:38:20.839+0000] {dag.py:3239} INFO - Sync 3 DAGs
[2026-01-04T12:38:20.855+0000] {logging_mixin.py:190} INFO - [2026-01-04T12:38:20.855+0000] {dag.py:4180} INFO - Setting next_dagrun for dataset_with_extra_by_context to 2026-01-03 00:00:00+00:00, run_after=2026-01-04 00:00:00+00:00
[2026-01-04T12:38:20.858+0000] {logging_mixin.py:190} INFO - [2026-01-04T12:38:20.858+0000] {dag.py:4180} INFO - Setting next_dagrun for dataset_with_extra_by_yield to 2026-01-03 00:00:00+00:00, run_after=2026-01-04 00:00:00+00:00
[2026-01-04T12:38:20.860+0000] {logging_mixin.py:190} INFO - [2026-01-04T12:38:20.860+0000] {dag.py:4180} INFO - Setting next_dagrun for dataset_with_extra_from_classic_operator to 2026-01-03 00:00:00+00:00, run_after=2026-01-04 00:00:00+00:00
[2026-01-04T12:38:20.875+0000] {processor.py:208} INFO - Processing /workspaces/f1_data_team/venv/lib/python3.12/site-packages/airflow/example_dags/example_outlet_event_extra.py took 0.071 seconds
[2026-01-04T12:39:14.508+0000] {processor.py:186} INFO - Started process (PID=34258) to work on /workspaces/f1_data_team/venv/lib/python3.12/site-packages/airflow/example_dags/example_outlet_event_extra.py
[2026-01-04T12:39:14.509+0000] {processor.py:914} INFO - Processing file /workspaces/f1_data_team/venv/lib/python3.12/site-packages/airflow/example_dags/example_outlet_event_extra.py for tasks to queue
[2026-01-04T12:39:14.511+0000] {logging_mixin.py:190} INFO - [2026-01-04T12:39:14.511+0000] {dagbag.py:588} INFO - Filling up the DagBag from /workspaces/f1_data_team/venv/lib/python3.12/site-packages/airflow/example_dags/example_outlet_event_extra.py
[2026-01-04T12:39:14.523+0000] {processor.py:925} INFO - DAG(s) 'dataset_with_extra_by_yield', 'dataset_with_extra_by_context', 'dataset_with_extra_from_classic_operator' retrieved from /workspaces/f1_data_team/venv/lib/python3.12/site-packages/airflow/example_dags/example_outlet_event_extra.py
[2026-01-04T12:39:14.541+0000] {logging_mixin.py:190} INFO - [2026-01-04T12:39:14.541+0000] {dag.py:3239} INFO - Sync 3 DAGs
[2026-01-04T12:39:14.557+0000] {logging_mixin.py:190} INFO - [2026-01-04T12:39:14.557+0000] {dag.py:4180} INFO - Setting next_dagrun for dataset_with_extra_by_context to 2026-01-03 00:00:00+00:00, run_after=2026-01-04 00:00:00+00:00
[2026-01-04T12:39:14.560+0000] {logging_mixin.py:190} INFO - [2026-01-04T12:39:14.560+0000] {dag.py:4180} INFO - Setting next_dagrun for dataset_with_extra_by_yield to 2026-01-03 00:00:00+00:00, run_after=2026-01-04 00:00:00+00:00
[2026-01-04T12:39:14.562+0000] {logging_mixin.py:190} INFO - [2026-01-04T12:39:14.561+0000] {dag.py:4180} INFO - Setting next_dagrun for dataset_with_extra_from_classic_operator to 2026-01-03 00:00:00+00:00, run_after=2026-01-04 00:00:00+00:00
[2026-01-04T12:39:14.578+0000] {processor.py:208} INFO - Processing /workspaces/f1_data_team/venv/lib/python3.12/site-packages/airflow/example_dags/example_outlet_event_extra.py took 0.074 seconds
[2026-01-04T12:40:07.148+0000] {processor.py:186} INFO - Started process (PID=34769) to work on /workspaces/f1_data_team/venv/lib/python3.12/site-packages/airflow/example_dags/example_outlet_event_extra.py
[2026-01-04T12:40:07.149+0000] {processor.py:914} INFO - Processing file /workspaces/f1_data_team/venv/lib/python3.12/site-packages/airflow/example_dags/example_outlet_event_extra.py for tasks to queue
[2026-01-04T12:40:07.151+0000] {logging_mixin.py:190} INFO - [2026-01-04T12:40:07.150+0000] {dagbag.py:588} INFO - Filling up the DagBag from /workspaces/f1_data_team/venv/lib/python3.12/site-packages/airflow/example_dags/example_outlet_event_extra.py
[2026-01-04T12:40:07.163+0000] {processor.py:925} INFO - DAG(s) 'dataset_with_extra_by_yield', 'dataset_with_extra_from_classic_operator', 'dataset_with_extra_by_context' retrieved from /workspaces/f1_data_team/venv/lib/python3.12/site-packages/airflow/example_dags/example_outlet_event_extra.py
[2026-01-04T12:40:07.180+0000] {logging_mixin.py:190} INFO - [2026-01-04T12:40:07.180+0000] {dag.py:3239} INFO - Sync 3 DAGs
[2026-01-04T12:40:07.200+0000] {logging_mixin.py:190} INFO - [2026-01-04T12:40:07.200+0000] {dag.py:4180} INFO - Setting next_dagrun for dataset_with_extra_by_context to 2026-01-03 00:00:00+00:00, run_after=2026-01-04 00:00:00+00:00
[2026-01-04T12:40:07.203+0000] {logging_mixin.py:190} INFO - [2026-01-04T12:40:07.203+0000] {dag.py:4180} INFO - Setting next_dagrun for dataset_with_extra_by_yield to 2026-01-03 00:00:00+00:00, run_after=2026-01-04 00:00:00+00:00
[2026-01-04T12:40:07.205+0000] {logging_mixin.py:190} INFO - [2026-01-04T12:40:07.204+0000] {dag.py:4180} INFO - Setting next_dagrun for dataset_with_extra_from_classic_operator to 2026-01-03 00:00:00+00:00, run_after=2026-01-04 00:00:00+00:00
[2026-01-04T12:40:07.222+0000] {processor.py:208} INFO - Processing /workspaces/f1_data_team/venv/lib/python3.12/site-packages/airflow/example_dags/example_outlet_event_extra.py took 0.079 seconds
[2026-01-04T12:41:46.937+0000] {processor.py:186} INFO - Started process (PID=36050) to work on /workspaces/f1_data_team/venv/lib/python3.12/site-packages/airflow/example_dags/example_outlet_event_extra.py
[2026-01-04T12:41:46.938+0000] {processor.py:914} INFO - Processing file /workspaces/f1_data_team/venv/lib/python3.12/site-packages/airflow/example_dags/example_outlet_event_extra.py for tasks to queue
[2026-01-04T12:41:46.941+0000] {logging_mixin.py:190} INFO - [2026-01-04T12:41:46.940+0000] {dagbag.py:588} INFO - Filling up the DagBag from /workspaces/f1_data_team/venv/lib/python3.12/site-packages/airflow/example_dags/example_outlet_event_extra.py
[2026-01-04T12:41:46.956+0000] {processor.py:925} INFO - DAG(s) 'dataset_with_extra_by_yield', 'dataset_with_extra_by_context', 'dataset_with_extra_from_classic_operator' retrieved from /workspaces/f1_data_team/venv/lib/python3.12/site-packages/airflow/example_dags/example_outlet_event_extra.py
[2026-01-04T12:41:46.972+0000] {logging_mixin.py:190} INFO - [2026-01-04T12:41:46.972+0000] {dag.py:3239} INFO - Sync 3 DAGs
[2026-01-04T12:41:46.990+0000] {logging_mixin.py:190} INFO - [2026-01-04T12:41:46.990+0000] {dag.py:4180} INFO - Setting next_dagrun for dataset_with_extra_by_context to 2026-01-03 00:00:00+00:00, run_after=2026-01-04 00:00:00+00:00
[2026-01-04T12:41:46.994+0000] {logging_mixin.py:190} INFO - [2026-01-04T12:41:46.994+0000] {dag.py:4180} INFO - Setting next_dagrun for dataset_with_extra_by_yield to 2026-01-03 00:00:00+00:00, run_after=2026-01-04 00:00:00+00:00
[2026-01-04T12:41:46.995+0000] {logging_mixin.py:190} INFO - [2026-01-04T12:41:46.995+0000] {dag.py:4180} INFO - Setting next_dagrun for dataset_with_extra_from_classic_operator to 2026-01-03 00:00:00+00:00, run_after=2026-01-04 00:00:00+00:00
[2026-01-04T12:41:47.012+0000] {processor.py:208} INFO - Processing /workspaces/f1_data_team/venv/lib/python3.12/site-packages/airflow/example_dags/example_outlet_event_extra.py took 0.081 seconds
[2026-01-04T12:42:52.152+0000] {processor.py:186} INFO - Started process (PID=37049) to work on /workspaces/f1_data_team/venv/lib/python3.12/site-packages/airflow/example_dags/example_outlet_event_extra.py
[2026-01-04T12:42:52.153+0000] {processor.py:914} INFO - Processing file /workspaces/f1_data_team/venv/lib/python3.12/site-packages/airflow/example_dags/example_outlet_event_extra.py for tasks to queue
[2026-01-04T12:42:52.155+0000] {logging_mixin.py:190} INFO - [2026-01-04T12:42:52.154+0000] {dagbag.py:588} INFO - Filling up the DagBag from /workspaces/f1_data_team/venv/lib/python3.12/site-packages/airflow/example_dags/example_outlet_event_extra.py
[2026-01-04T12:42:52.167+0000] {processor.py:925} INFO - DAG(s) 'dataset_with_extra_from_classic_operator', 'dataset_with_extra_by_yield', 'dataset_with_extra_by_context' retrieved from /workspaces/f1_data_team/venv/lib/python3.12/site-packages/airflow/example_dags/example_outlet_event_extra.py
[2026-01-04T12:42:52.185+0000] {logging_mixin.py:190} INFO - [2026-01-04T12:42:52.184+0000] {dag.py:3239} INFO - Sync 3 DAGs
[2026-01-04T12:42:52.201+0000] {logging_mixin.py:190} INFO - [2026-01-04T12:42:52.201+0000] {dag.py:4180} INFO - Setting next_dagrun for dataset_with_extra_by_context to 2026-01-03 00:00:00+00:00, run_after=2026-01-04 00:00:00+00:00
[2026-01-04T12:42:52.204+0000] {logging_mixin.py:190} INFO - [2026-01-04T12:42:52.204+0000] {dag.py:4180} INFO - Setting next_dagrun for dataset_with_extra_by_yield to 2026-01-03 00:00:00+00:00, run_after=2026-01-04 00:00:00+00:00
[2026-01-04T12:42:52.205+0000] {logging_mixin.py:190} INFO - [2026-01-04T12:42:52.205+0000] {dag.py:4180} INFO - Setting next_dagrun for dataset_with_extra_from_classic_operator to 2026-01-03 00:00:00+00:00, run_after=2026-01-04 00:00:00+00:00
[2026-01-04T12:42:52.221+0000] {processor.py:208} INFO - Processing /workspaces/f1_data_team/venv/lib/python3.12/site-packages/airflow/example_dags/example_outlet_event_extra.py took 0.073 seconds
[2026-01-04T12:43:48.083+0000] {processor.py:186} INFO - Started process (PID=37732) to work on /workspaces/f1_data_team/venv/lib/python3.12/site-packages/airflow/example_dags/example_outlet_event_extra.py
[2026-01-04T12:43:48.084+0000] {processor.py:914} INFO - Processing file /workspaces/f1_data_team/venv/lib/python3.12/site-packages/airflow/example_dags/example_outlet_event_extra.py for tasks to queue
[2026-01-04T12:43:48.086+0000] {logging_mixin.py:190} INFO - [2026-01-04T12:43:48.085+0000] {dagbag.py:588} INFO - Filling up the DagBag from /workspaces/f1_data_team/venv/lib/python3.12/site-packages/airflow/example_dags/example_outlet_event_extra.py
[2026-01-04T12:43:48.098+0000] {processor.py:925} INFO - DAG(s) 'dataset_with_extra_from_classic_operator', 'dataset_with_extra_by_yield', 'dataset_with_extra_by_context' retrieved from /workspaces/f1_data_team/venv/lib/python3.12/site-packages/airflow/example_dags/example_outlet_event_extra.py
[2026-01-04T12:43:48.114+0000] {logging_mixin.py:190} INFO - [2026-01-04T12:43:48.114+0000] {dag.py:3239} INFO - Sync 3 DAGs
[2026-01-04T12:43:48.130+0000] {logging_mixin.py:190} INFO - [2026-01-04T12:43:48.130+0000] {dag.py:4180} INFO - Setting next_dagrun for dataset_with_extra_by_context to 2026-01-03 00:00:00+00:00, run_after=2026-01-04 00:00:00+00:00
[2026-01-04T12:43:48.134+0000] {logging_mixin.py:190} INFO - [2026-01-04T12:43:48.133+0000] {dag.py:4180} INFO - Setting next_dagrun for dataset_with_extra_by_yield to 2026-01-03 00:00:00+00:00, run_after=2026-01-04 00:00:00+00:00
[2026-01-04T12:43:48.135+0000] {logging_mixin.py:190} INFO - [2026-01-04T12:43:48.135+0000] {dag.py:4180} INFO - Setting next_dagrun for dataset_with_extra_from_classic_operator to 2026-01-03 00:00:00+00:00, run_after=2026-01-04 00:00:00+00:00
[2026-01-04T12:43:48.151+0000] {processor.py:208} INFO - Processing /workspaces/f1_data_team/venv/lib/python3.12/site-packages/airflow/example_dags/example_outlet_event_extra.py took 0.073 seconds
[2026-01-04T12:44:48.868+0000] {processor.py:186} INFO - Started process (PID=38588) to work on /workspaces/f1_data_team/venv/lib/python3.12/site-packages/airflow/example_dags/example_outlet_event_extra.py
[2026-01-04T12:44:48.868+0000] {processor.py:914} INFO - Processing file /workspaces/f1_data_team/venv/lib/python3.12/site-packages/airflow/example_dags/example_outlet_event_extra.py for tasks to queue
[2026-01-04T12:44:48.870+0000] {logging_mixin.py:190} INFO - [2026-01-04T12:44:48.870+0000] {dagbag.py:588} INFO - Filling up the DagBag from /workspaces/f1_data_team/venv/lib/python3.12/site-packages/airflow/example_dags/example_outlet_event_extra.py
[2026-01-04T12:44:48.882+0000] {processor.py:925} INFO - DAG(s) 'dataset_with_extra_by_yield', 'dataset_with_extra_by_context', 'dataset_with_extra_from_classic_operator' retrieved from /workspaces/f1_data_team/venv/lib/python3.12/site-packages/airflow/example_dags/example_outlet_event_extra.py
[2026-01-04T12:44:48.897+0000] {logging_mixin.py:190} INFO - [2026-01-04T12:44:48.897+0000] {dag.py:3239} INFO - Sync 3 DAGs
[2026-01-04T12:44:48.914+0000] {logging_mixin.py:190} INFO - [2026-01-04T12:44:48.913+0000] {dag.py:4180} INFO - Setting next_dagrun for dataset_with_extra_by_context to 2026-01-03 00:00:00+00:00, run_after=2026-01-04 00:00:00+00:00
[2026-01-04T12:44:48.917+0000] {logging_mixin.py:190} INFO - [2026-01-04T12:44:48.917+0000] {dag.py:4180} INFO - Setting next_dagrun for dataset_with_extra_by_yield to 2026-01-03 00:00:00+00:00, run_after=2026-01-04 00:00:00+00:00
[2026-01-04T12:44:48.918+0000] {logging_mixin.py:190} INFO - [2026-01-04T12:44:48.918+0000] {dag.py:4180} INFO - Setting next_dagrun for dataset_with_extra_from_classic_operator to 2026-01-03 00:00:00+00:00, run_after=2026-01-04 00:00:00+00:00
[2026-01-04T12:44:48.939+0000] {processor.py:208} INFO - Processing /workspaces/f1_data_team/venv/lib/python3.12/site-packages/airflow/example_dags/example_outlet_event_extra.py took 0.076 seconds
[2026-01-04T12:45:52.854+0000] {processor.py:186} INFO - Started process (PID=39577) to work on /workspaces/f1_data_team/venv/lib/python3.12/site-packages/airflow/example_dags/example_outlet_event_extra.py
[2026-01-04T12:45:52.854+0000] {processor.py:914} INFO - Processing file /workspaces/f1_data_team/venv/lib/python3.12/site-packages/airflow/example_dags/example_outlet_event_extra.py for tasks to queue
[2026-01-04T12:45:52.856+0000] {logging_mixin.py:190} INFO - [2026-01-04T12:45:52.856+0000] {dagbag.py:588} INFO - Filling up the DagBag from /workspaces/f1_data_team/venv/lib/python3.12/site-packages/airflow/example_dags/example_outlet_event_extra.py
[2026-01-04T12:45:52.870+0000] {processor.py:925} INFO - DAG(s) 'dataset_with_extra_from_classic_operator', 'dataset_with_extra_by_yield', 'dataset_with_extra_by_context' retrieved from /workspaces/f1_data_team/venv/lib/python3.12/site-packages/airflow/example_dags/example_outlet_event_extra.py
[2026-01-04T12:45:52.885+0000] {logging_mixin.py:190} INFO - [2026-01-04T12:45:52.885+0000] {dag.py:3239} INFO - Sync 3 DAGs
[2026-01-04T12:45:52.901+0000] {logging_mixin.py:190} INFO - [2026-01-04T12:45:52.901+0000] {dag.py:4180} INFO - Setting next_dagrun for dataset_with_extra_by_context to 2026-01-03 00:00:00+00:00, run_after=2026-01-04 00:00:00+00:00
[2026-01-04T12:45:52.904+0000] {logging_mixin.py:190} INFO - [2026-01-04T12:45:52.904+0000] {dag.py:4180} INFO - Setting next_dagrun for dataset_with_extra_by_yield to 2026-01-03 00:00:00+00:00, run_after=2026-01-04 00:00:00+00:00
[2026-01-04T12:45:52.905+0000] {logging_mixin.py:190} INFO - [2026-01-04T12:45:52.905+0000] {dag.py:4180} INFO - Setting next_dagrun for dataset_with_extra_from_classic_operator to 2026-01-03 00:00:00+00:00, run_after=2026-01-04 00:00:00+00:00
[2026-01-04T12:45:52.921+0000] {processor.py:208} INFO - Processing /workspaces/f1_data_team/venv/lib/python3.12/site-packages/airflow/example_dags/example_outlet_event_extra.py took 0.072 seconds
[2026-01-04T12:46:44.351+0000] {processor.py:186} INFO - Started process (PID=40126) to work on /workspaces/f1_data_team/venv/lib/python3.12/site-packages/airflow/example_dags/example_outlet_event_extra.py
[2026-01-04T12:46:44.351+0000] {processor.py:914} INFO - Processing file /workspaces/f1_data_team/venv/lib/python3.12/site-packages/airflow/example_dags/example_outlet_event_extra.py for tasks to queue
[2026-01-04T12:46:44.353+0000] {logging_mixin.py:190} INFO - [2026-01-04T12:46:44.353+0000] {dagbag.py:588} INFO - Filling up the DagBag from /workspaces/f1_data_team/venv/lib/python3.12/site-packages/airflow/example_dags/example_outlet_event_extra.py
[2026-01-04T12:46:44.369+0000] {processor.py:925} INFO - DAG(s) 'dataset_with_extra_by_context', 'dataset_with_extra_from_classic_operator', 'dataset_with_extra_by_yield' retrieved from /workspaces/f1_data_team/venv/lib/python3.12/site-packages/airflow/example_dags/example_outlet_event_extra.py
[2026-01-04T12:46:44.390+0000] {logging_mixin.py:190} INFO - [2026-01-04T12:46:44.389+0000] {dag.py:3239} INFO - Sync 3 DAGs
[2026-01-04T12:46:44.406+0000] {logging_mixin.py:190} INFO - [2026-01-04T12:46:44.406+0000] {dag.py:4180} INFO - Setting next_dagrun for dataset_with_extra_by_context to 2026-01-03 00:00:00+00:00, run_after=2026-01-04 00:00:00+00:00
[2026-01-04T12:46:44.410+0000] {logging_mixin.py:190} INFO - [2026-01-04T12:46:44.409+0000] {dag.py:4180} INFO - Setting next_dagrun for dataset_with_extra_by_yield to 2026-01-03 00:00:00+00:00, run_after=2026-01-04 00:00:00+00:00
[2026-01-04T12:46:44.411+0000] {logging_mixin.py:190} INFO - [2026-01-04T12:46:44.411+0000] {dag.py:4180} INFO - Setting next_dagrun for dataset_with_extra_from_classic_operator to 2026-01-03 00:00:00+00:00, run_after=2026-01-04 00:00:00+00:00
[2026-01-04T12:46:44.427+0000] {processor.py:208} INFO - Processing /workspaces/f1_data_team/venv/lib/python3.12/site-packages/airflow/example_dags/example_outlet_event_extra.py took 0.082 seconds
[2026-01-04T12:47:35.824+0000] {processor.py:186} INFO - Started process (PID=40628) to work on /workspaces/f1_data_team/venv/lib/python3.12/site-packages/airflow/example_dags/example_outlet_event_extra.py
[2026-01-04T12:47:35.825+0000] {processor.py:914} INFO - Processing file /workspaces/f1_data_team/venv/lib/python3.12/site-packages/airflow/example_dags/example_outlet_event_extra.py for tasks to queue
[2026-01-04T12:47:35.827+0000] {logging_mixin.py:190} INFO - [2026-01-04T12:47:35.827+0000] {dagbag.py:588} INFO - Filling up the DagBag from /workspaces/f1_data_team/venv/lib/python3.12/site-packages/airflow/example_dags/example_outlet_event_extra.py
[2026-01-04T12:47:35.839+0000] {processor.py:925} INFO - DAG(s) 'dataset_with_extra_from_classic_operator', 'dataset_with_extra_by_context', 'dataset_with_extra_by_yield' retrieved from /workspaces/f1_data_team/venv/lib/python3.12/site-packages/airflow/example_dags/example_outlet_event_extra.py
[2026-01-04T12:47:35.864+0000] {logging_mixin.py:190} INFO - [2026-01-04T12:47:35.864+0000] {dag.py:3239} INFO - Sync 3 DAGs
[2026-01-04T12:47:35.894+0000] {logging_mixin.py:190} INFO - [2026-01-04T12:47:35.893+0000] {dag.py:4180} INFO - Setting next_dagrun for dataset_with_extra_by_context to 2026-01-03 00:00:00+00:00, run_after=2026-01-04 00:00:00+00:00
[2026-01-04T12:47:35.899+0000] {logging_mixin.py:190} INFO - [2026-01-04T12:47:35.899+0000] {dag.py:4180} INFO - Setting next_dagrun for dataset_with_extra_by_yield to 2026-01-03 00:00:00+00:00, run_after=2026-01-04 00:00:00+00:00
[2026-01-04T12:47:35.901+0000] {logging_mixin.py:190} INFO - [2026-01-04T12:47:35.901+0000] {dag.py:4180} INFO - Setting next_dagrun for dataset_with_extra_from_classic_operator to 2026-01-03 00:00:00+00:00, run_after=2026-01-04 00:00:00+00:00
[2026-01-04T12:47:35.998+0000] {processor.py:208} INFO - Processing /workspaces/f1_data_team/venv/lib/python3.12/site-packages/airflow/example_dags/example_outlet_event_extra.py took 0.179 seconds
[2026-01-04T12:49:07.805+0000] {processor.py:186} INFO - Started process (PID=42081) to work on /workspaces/f1_data_team/venv/lib/python3.12/site-packages/airflow/example_dags/example_outlet_event_extra.py
[2026-01-04T12:49:07.806+0000] {processor.py:914} INFO - Processing file /workspaces/f1_data_team/venv/lib/python3.12/site-packages/airflow/example_dags/example_outlet_event_extra.py for tasks to queue
[2026-01-04T12:49:07.808+0000] {logging_mixin.py:190} INFO - [2026-01-04T12:49:07.808+0000] {dagbag.py:588} INFO - Filling up the DagBag from /workspaces/f1_data_team/venv/lib/python3.12/site-packages/airflow/example_dags/example_outlet_event_extra.py
[2026-01-04T12:49:07.820+0000] {processor.py:925} INFO - DAG(s) 'dataset_with_extra_by_context', 'dataset_with_extra_from_classic_operator', 'dataset_with_extra_by_yield' retrieved from /workspaces/f1_data_team/venv/lib/python3.12/site-packages/airflow/example_dags/example_outlet_event_extra.py
[2026-01-04T12:49:07.837+0000] {logging_mixin.py:190} INFO - [2026-01-04T12:49:07.837+0000] {dag.py:3239} INFO - Sync 3 DAGs
[2026-01-04T12:49:07.853+0000] {logging_mixin.py:190} INFO - [2026-01-04T12:49:07.853+0000] {dag.py:4180} INFO - Setting next_dagrun for dataset_with_extra_by_context to 2026-01-03 00:00:00+00:00, run_after=2026-01-04 00:00:00+00:00
[2026-01-04T12:49:07.857+0000] {logging_mixin.py:190} INFO - [2026-01-04T12:49:07.856+0000] {dag.py:4180} INFO - Setting next_dagrun for dataset_with_extra_by_yield to 2026-01-03 00:00:00+00:00, run_after=2026-01-04 00:00:00+00:00
[2026-01-04T12:49:07.858+0000] {logging_mixin.py:190} INFO - [2026-01-04T12:49:07.858+0000] {dag.py:4180} INFO - Setting next_dagrun for dataset_with_extra_from_classic_operator to 2026-01-03 00:00:00+00:00, run_after=2026-01-04 00:00:00+00:00
[2026-01-04T12:49:07.873+0000] {processor.py:208} INFO - Processing /workspaces/f1_data_team/venv/lib/python3.12/site-packages/airflow/example_dags/example_outlet_event_extra.py took 0.073 seconds
[2026-01-04T12:50:04.364+0000] {processor.py:186} INFO - Started process (PID=42654) to work on /workspaces/f1_data_team/venv/lib/python3.12/site-packages/airflow/example_dags/example_outlet_event_extra.py
[2026-01-04T12:50:04.365+0000] {processor.py:914} INFO - Processing file /workspaces/f1_data_team/venv/lib/python3.12/site-packages/airflow/example_dags/example_outlet_event_extra.py for tasks to queue
[2026-01-04T12:50:04.366+0000] {logging_mixin.py:190} INFO - [2026-01-04T12:50:04.366+0000] {dagbag.py:588} INFO - Filling up the DagBag from /workspaces/f1_data_team/venv/lib/python3.12/site-packages/airflow/example_dags/example_outlet_event_extra.py
[2026-01-04T12:50:04.379+0000] {processor.py:925} INFO - DAG(s) 'dataset_with_extra_by_context', 'dataset_with_extra_by_yield', 'dataset_with_extra_from_classic_operator' retrieved from /workspaces/f1_data_team/venv/lib/python3.12/site-packages/airflow/example_dags/example_outlet_event_extra.py
[2026-01-04T12:50:04.394+0000] {logging_mixin.py:190} INFO - [2026-01-04T12:50:04.394+0000] {dag.py:3239} INFO - Sync 3 DAGs
[2026-01-04T12:50:04.410+0000] {logging_mixin.py:190} INFO - [2026-01-04T12:50:04.409+0000] {dag.py:4180} INFO - Setting next_dagrun for dataset_with_extra_by_context to 2026-01-03 00:00:00+00:00, run_after=2026-01-04 00:00:00+00:00
[2026-01-04T12:50:04.413+0000] {logging_mixin.py:190} INFO - [2026-01-04T12:50:04.413+0000] {dag.py:4180} INFO - Setting next_dagrun for dataset_with_extra_by_yield to 2026-01-03 00:00:00+00:00, run_after=2026-01-04 00:00:00+00:00
[2026-01-04T12:50:04.415+0000] {logging_mixin.py:190} INFO - [2026-01-04T12:50:04.414+0000] {dag.py:4180} INFO - Setting next_dagrun for dataset_with_extra_from_classic_operator to 2026-01-03 00:00:00+00:00, run_after=2026-01-04 00:00:00+00:00
[2026-01-04T12:50:04.430+0000] {processor.py:208} INFO - Processing /workspaces/f1_data_team/venv/lib/python3.12/site-packages/airflow/example_dags/example_outlet_event_extra.py took 0.071 seconds
[2026-01-04T12:51:42.508+0000] {processor.py:186} INFO - Started process (PID=44134) to work on /workspaces/f1_data_team/venv/lib/python3.12/site-packages/airflow/example_dags/example_outlet_event_extra.py
[2026-01-04T12:51:42.509+0000] {processor.py:914} INFO - Processing file /workspaces/f1_data_team/venv/lib/python3.12/site-packages/airflow/example_dags/example_outlet_event_extra.py for tasks to queue
[2026-01-04T12:51:42.511+0000] {logging_mixin.py:190} INFO - [2026-01-04T12:51:42.511+0000] {dagbag.py:588} INFO - Filling up the DagBag from /workspaces/f1_data_team/venv/lib/python3.12/site-packages/airflow/example_dags/example_outlet_event_extra.py
[2026-01-04T12:51:42.523+0000] {processor.py:925} INFO - DAG(s) 'dataset_with_extra_from_classic_operator', 'dataset_with_extra_by_yield', 'dataset_with_extra_by_context' retrieved from /workspaces/f1_data_team/venv/lib/python3.12/site-packages/airflow/example_dags/example_outlet_event_extra.py
[2026-01-04T12:51:42.539+0000] {logging_mixin.py:190} INFO - [2026-01-04T12:51:42.539+0000] {dag.py:3239} INFO - Sync 3 DAGs
[2026-01-04T12:51:42.555+0000] {logging_mixin.py:190} INFO - [2026-01-04T12:51:42.555+0000] {dag.py:4180} INFO - Setting next_dagrun for dataset_with_extra_by_context to 2026-01-03 00:00:00+00:00, run_after=2026-01-04 00:00:00+00:00
[2026-01-04T12:51:42.559+0000] {logging_mixin.py:190} INFO - [2026-01-04T12:51:42.558+0000] {dag.py:4180} INFO - Setting next_dagrun for dataset_with_extra_by_yield to 2026-01-03 00:00:00+00:00, run_after=2026-01-04 00:00:00+00:00
[2026-01-04T12:51:42.560+0000] {logging_mixin.py:190} INFO - [2026-01-04T12:51:42.560+0000] {dag.py:4180} INFO - Setting next_dagrun for dataset_with_extra_from_classic_operator to 2026-01-03 00:00:00+00:00, run_after=2026-01-04 00:00:00+00:00
[2026-01-04T12:51:42.577+0000] {processor.py:208} INFO - Processing /workspaces/f1_data_team/venv/lib/python3.12/site-packages/airflow/example_dags/example_outlet_event_extra.py took 0.073 seconds
[2026-01-04T12:52:40.545+0000] {processor.py:186} INFO - Started process (PID=45053) to work on /workspaces/f1_data_team/venv/lib/python3.12/site-packages/airflow/example_dags/example_outlet_event_extra.py
[2026-01-04T12:52:40.546+0000] {processor.py:914} INFO - Processing file /workspaces/f1_data_team/venv/lib/python3.12/site-packages/airflow/example_dags/example_outlet_event_extra.py for tasks to queue
[2026-01-04T12:52:40.548+0000] {logging_mixin.py:190} INFO - [2026-01-04T12:52:40.548+0000] {dagbag.py:588} INFO - Filling up the DagBag from /workspaces/f1_data_team/venv/lib/python3.12/site-packages/airflow/example_dags/example_outlet_event_extra.py
[2026-01-04T12:52:40.560+0000] {processor.py:925} INFO - DAG(s) 'dataset_with_extra_by_context', 'dataset_with_extra_from_classic_operator', 'dataset_with_extra_by_yield' retrieved from /workspaces/f1_data_team/venv/lib/python3.12/site-packages/airflow/example_dags/example_outlet_event_extra.py
[2026-01-04T12:52:40.575+0000] {logging_mixin.py:190} INFO - [2026-01-04T12:52:40.575+0000] {dag.py:3239} INFO - Sync 3 DAGs
[2026-01-04T12:52:40.591+0000] {logging_mixin.py:190} INFO - [2026-01-04T12:52:40.591+0000] {dag.py:4180} INFO - Setting next_dagrun for dataset_with_extra_by_context to 2026-01-03 00:00:00+00:00, run_after=2026-01-04 00:00:00+00:00
[2026-01-04T12:52:40.594+0000] {logging_mixin.py:190} INFO - [2026-01-04T12:52:40.594+0000] {dag.py:4180} INFO - Setting next_dagrun for dataset_with_extra_by_yield to 2026-01-03 00:00:00+00:00, run_after=2026-01-04 00:00:00+00:00
[2026-01-04T12:52:40.596+0000] {logging_mixin.py:190} INFO - [2026-01-04T12:52:40.596+0000] {dag.py:4180} INFO - Setting next_dagrun for dataset_with_extra_from_classic_operator to 2026-01-03 00:00:00+00:00, run_after=2026-01-04 00:00:00+00:00
[2026-01-04T12:52:40.612+0000] {processor.py:208} INFO - Processing /workspaces/f1_data_team/venv/lib/python3.12/site-packages/airflow/example_dags/example_outlet_event_extra.py took 0.071 seconds
[2026-01-04T12:53:36.768+0000] {processor.py:186} INFO - Started process (PID=45889) to work on /workspaces/f1_data_team/venv/lib/python3.12/site-packages/airflow/example_dags/example_outlet_event_extra.py
[2026-01-04T12:53:36.768+0000] {processor.py:914} INFO - Processing file /workspaces/f1_data_team/venv/lib/python3.12/site-packages/airflow/example_dags/example_outlet_event_extra.py for tasks to queue
[2026-01-04T12:53:36.770+0000] {logging_mixin.py:190} INFO - [2026-01-04T12:53:36.770+0000] {dagbag.py:588} INFO - Filling up the DagBag from /workspaces/f1_data_team/venv/lib/python3.12/site-packages/airflow/example_dags/example_outlet_event_extra.py
[2026-01-04T12:53:36.782+0000] {processor.py:925} INFO - DAG(s) 'dataset_with_extra_by_context', 'dataset_with_extra_from_classic_operator', 'dataset_with_extra_by_yield' retrieved from /workspaces/f1_data_team/venv/lib/python3.12/site-packages/airflow/example_dags/example_outlet_event_extra.py
[2026-01-04T12:53:36.798+0000] {logging_mixin.py:190} INFO - [2026-01-04T12:53:36.798+0000] {dag.py:3239} INFO - Sync 3 DAGs
[2026-01-04T12:53:36.814+0000] {logging_mixin.py:190} INFO - [2026-01-04T12:53:36.814+0000] {dag.py:4180} INFO - Setting next_dagrun for dataset_with_extra_by_context to 2026-01-03 00:00:00+00:00, run_after=2026-01-04 00:00:00+00:00
[2026-01-04T12:53:36.818+0000] {logging_mixin.py:190} INFO - [2026-01-04T12:53:36.818+0000] {dag.py:4180} INFO - Setting next_dagrun for dataset_with_extra_by_yield to 2026-01-03 00:00:00+00:00, run_after=2026-01-04 00:00:00+00:00
[2026-01-04T12:53:36.819+0000] {logging_mixin.py:190} INFO - [2026-01-04T12:53:36.819+0000] {dag.py:4180} INFO - Setting next_dagrun for dataset_with_extra_from_classic_operator to 2026-01-03 00:00:00+00:00, run_after=2026-01-04 00:00:00+00:00
[2026-01-04T12:53:36.835+0000] {processor.py:208} INFO - Processing /workspaces/f1_data_team/venv/lib/python3.12/site-packages/airflow/example_dags/example_outlet_event_extra.py took 0.072 seconds
[2026-01-04T12:54:34.723+0000] {processor.py:186} INFO - Started process (PID=46761) to work on /workspaces/f1_data_team/venv/lib/python3.12/site-packages/airflow/example_dags/example_outlet_event_extra.py
[2026-01-04T12:54:34.724+0000] {processor.py:914} INFO - Processing file /workspaces/f1_data_team/venv/lib/python3.12/site-packages/airflow/example_dags/example_outlet_event_extra.py for tasks to queue
[2026-01-04T12:54:34.726+0000] {logging_mixin.py:190} INFO - [2026-01-04T12:54:34.726+0000] {dagbag.py:588} INFO - Filling up the DagBag from /workspaces/f1_data_team/venv/lib/python3.12/site-packages/airflow/example_dags/example_outlet_event_extra.py
[2026-01-04T12:54:34.738+0000] {processor.py:925} INFO - DAG(s) 'dataset_with_extra_from_classic_operator', 'dataset_with_extra_by_context', 'dataset_with_extra_by_yield' retrieved from /workspaces/f1_data_team/venv/lib/python3.12/site-packages/airflow/example_dags/example_outlet_event_extra.py
[2026-01-04T12:54:34.753+0000] {logging_mixin.py:190} INFO - [2026-01-04T12:54:34.753+0000] {dag.py:3239} INFO - Sync 3 DAGs
[2026-01-04T12:54:34.770+0000] {logging_mixin.py:190} INFO - [2026-01-04T12:54:34.770+0000] {dag.py:4180} INFO - Setting next_dagrun for dataset_with_extra_by_context to 2026-01-03 00:00:00+00:00, run_after=2026-01-04 00:00:00+00:00
[2026-01-04T12:54:34.774+0000] {logging_mixin.py:190} INFO - [2026-01-04T12:54:34.774+0000] {dag.py:4180} INFO - Setting next_dagrun for dataset_with_extra_by_yield to 2026-01-03 00:00:00+00:00, run_after=2026-01-04 00:00:00+00:00
[2026-01-04T12:54:34.776+0000] {logging_mixin.py:190} INFO - [2026-01-04T12:54:34.776+0000] {dag.py:4180} INFO - Setting next_dagrun for dataset_with_extra_from_classic_operator to 2026-01-03 00:00:00+00:00, run_after=2026-01-04 00:00:00+00:00
[2026-01-04T12:54:34.798+0000] {processor.py:208} INFO - Processing /workspaces/f1_data_team/venv/lib/python3.12/site-packages/airflow/example_dags/example_outlet_event_extra.py took 0.080 seconds
[2026-01-04T12:55:37.976+0000] {processor.py:186} INFO - Started process (PID=47751) to work on /workspaces/f1_data_team/venv/lib/python3.12/site-packages/airflow/example_dags/example_outlet_event_extra.py
[2026-01-04T12:55:37.977+0000] {processor.py:914} INFO - Processing file /workspaces/f1_data_team/venv/lib/python3.12/site-packages/airflow/example_dags/example_outlet_event_extra.py for tasks to queue
[2026-01-04T12:55:37.979+0000] {logging_mixin.py:190} INFO - [2026-01-04T12:55:37.979+0000] {dagbag.py:588} INFO - Filling up the DagBag from /workspaces/f1_data_team/venv/lib/python3.12/site-packages/airflow/example_dags/example_outlet_event_extra.py
[2026-01-04T12:55:37.991+0000] {processor.py:925} INFO - DAG(s) 'dataset_with_extra_from_classic_operator', 'dataset_with_extra_by_yield', 'dataset_with_extra_by_context' retrieved from /workspaces/f1_data_team/venv/lib/python3.12/site-packages/airflow/example_dags/example_outlet_event_extra.py
[2026-01-04T12:55:38.006+0000] {logging_mixin.py:190} INFO - [2026-01-04T12:55:38.006+0000] {dag.py:3239} INFO - Sync 3 DAGs
[2026-01-04T12:55:38.022+0000] {logging_mixin.py:190} INFO - [2026-01-04T12:55:38.022+0000] {dag.py:4180} INFO - Setting next_dagrun for dataset_with_extra_by_context to 2026-01-03 00:00:00+00:00, run_after=2026-01-04 00:00:00+00:00
[2026-01-04T12:55:38.025+0000] {logging_mixin.py:190} INFO - [2026-01-04T12:55:38.025+0000] {dag.py:4180} INFO - Setting next_dagrun for dataset_with_extra_by_yield to 2026-01-03 00:00:00+00:00, run_after=2026-01-04 00:00:00+00:00
[2026-01-04T12:55:38.027+0000] {logging_mixin.py:190} INFO - [2026-01-04T12:55:38.027+0000] {dag.py:4180} INFO - Setting next_dagrun for dataset_with_extra_from_classic_operator to 2026-01-03 00:00:00+00:00, run_after=2026-01-04 00:00:00+00:00
[2026-01-04T12:55:38.043+0000] {processor.py:208} INFO - Processing /workspaces/f1_data_team/venv/lib/python3.12/site-packages/airflow/example_dags/example_outlet_event_extra.py took 0.071 seconds
[2026-01-04T12:56:33.257+0000] {processor.py:186} INFO - Started process (PID=48296) to work on /workspaces/f1_data_team/venv/lib/python3.12/site-packages/airflow/example_dags/example_outlet_event_extra.py
[2026-01-04T12:56:33.258+0000] {processor.py:914} INFO - Processing file /workspaces/f1_data_team/venv/lib/python3.12/site-packages/airflow/example_dags/example_outlet_event_extra.py for tasks to queue
[2026-01-04T12:56:33.260+0000] {logging_mixin.py:190} INFO - [2026-01-04T12:56:33.259+0000] {dagbag.py:588} INFO - Filling up the DagBag from /workspaces/f1_data_team/venv/lib/python3.12/site-packages/airflow/example_dags/example_outlet_event_extra.py
[2026-01-04T12:56:33.272+0000] {processor.py:925} INFO - DAG(s) 'dataset_with_extra_by_context', 'dataset_with_extra_by_yield', 'dataset_with_extra_from_classic_operator' retrieved from /workspaces/f1_data_team/venv/lib/python3.12/site-packages/airflow/example_dags/example_outlet_event_extra.py
[2026-01-04T12:56:33.291+0000] {logging_mixin.py:190} INFO - [2026-01-04T12:56:33.290+0000] {dag.py:3239} INFO - Sync 3 DAGs
[2026-01-04T12:56:33.315+0000] {logging_mixin.py:190} INFO - [2026-01-04T12:56:33.314+0000] {dag.py:4180} INFO - Setting next_dagrun for dataset_with_extra_by_context to 2026-01-03 00:00:00+00:00, run_after=2026-01-04 00:00:00+00:00
[2026-01-04T12:56:33.320+0000] {logging_mixin.py:190} INFO - [2026-01-04T12:56:33.320+0000] {dag.py:4180} INFO - Setting next_dagrun for dataset_with_extra_by_yield to 2026-01-03 00:00:00+00:00, run_after=2026-01-04 00:00:00+00:00
[2026-01-04T12:56:33.322+0000] {logging_mixin.py:190} INFO - [2026-01-04T12:56:33.322+0000] {dag.py:4180} INFO - Setting next_dagrun for dataset_with_extra_from_classic_operator to 2026-01-03 00:00:00+00:00, run_after=2026-01-04 00:00:00+00:00
[2026-01-04T12:56:33.343+0000] {processor.py:208} INFO - Processing /workspaces/f1_data_team/venv/lib/python3.12/site-packages/airflow/example_dags/example_outlet_event_extra.py took 0.090 seconds
[2026-01-04T12:57:24.673+0000] {processor.py:186} INFO - Started process (PID=48774) to work on /workspaces/f1_data_team/venv/lib/python3.12/site-packages/airflow/example_dags/example_outlet_event_extra.py
[2026-01-04T12:57:24.674+0000] {processor.py:914} INFO - Processing file /workspaces/f1_data_team/venv/lib/python3.12/site-packages/airflow/example_dags/example_outlet_event_extra.py for tasks to queue
[2026-01-04T12:57:24.676+0000] {logging_mixin.py:190} INFO - [2026-01-04T12:57:24.675+0000] {dagbag.py:588} INFO - Filling up the DagBag from /workspaces/f1_data_team/venv/lib/python3.12/site-packages/airflow/example_dags/example_outlet_event_extra.py
[2026-01-04T12:57:24.688+0000] {processor.py:925} INFO - DAG(s) 'dataset_with_extra_by_context', 'dataset_with_extra_by_yield', 'dataset_with_extra_from_classic_operator' retrieved from /workspaces/f1_data_team/venv/lib/python3.12/site-packages/airflow/example_dags/example_outlet_event_extra.py
[2026-01-04T12:57:24.703+0000] {logging_mixin.py:190} INFO - [2026-01-04T12:57:24.703+0000] {dag.py:3239} INFO - Sync 3 DAGs
[2026-01-04T12:57:24.720+0000] {logging_mixin.py:190} INFO - [2026-01-04T12:57:24.719+0000] {dag.py:4180} INFO - Setting next_dagrun for dataset_with_extra_by_context to 2026-01-03 00:00:00+00:00, run_after=2026-01-04 00:00:00+00:00
[2026-01-04T12:57:24.723+0000] {logging_mixin.py:190} INFO - [2026-01-04T12:57:24.723+0000] {dag.py:4180} INFO - Setting next_dagrun for dataset_with_extra_by_yield to 2026-01-03 00:00:00+00:00, run_after=2026-01-04 00:00:00+00:00
[2026-01-04T12:57:24.724+0000] {logging_mixin.py:190} INFO - [2026-01-04T12:57:24.724+0000] {dag.py:4180} INFO - Setting next_dagrun for dataset_with_extra_from_classic_operator to 2026-01-03 00:00:00+00:00, run_after=2026-01-04 00:00:00+00:00
[2026-01-04T12:57:24.740+0000] {processor.py:208} INFO - Processing /workspaces/f1_data_team/venv/lib/python3.12/site-packages/airflow/example_dags/example_outlet_event_extra.py took 0.072 seconds
[2026-01-04T12:58:15.208+0000] {processor.py:186} INFO - Started process (PID=49273) to work on /workspaces/f1_data_team/venv/lib/python3.12/site-packages/airflow/example_dags/example_outlet_event_extra.py
[2026-01-04T12:58:15.209+0000] {processor.py:914} INFO - Processing file /workspaces/f1_data_team/venv/lib/python3.12/site-packages/airflow/example_dags/example_outlet_event_extra.py for tasks to queue
[2026-01-04T12:58:15.211+0000] {logging_mixin.py:190} INFO - [2026-01-04T12:58:15.210+0000] {dagbag.py:588} INFO - Filling up the DagBag from /workspaces/f1_data_team/venv/lib/python3.12/site-packages/airflow/example_dags/example_outlet_event_extra.py
[2026-01-04T12:58:15.223+0000] {processor.py:925} INFO - DAG(s) 'dataset_with_extra_by_context', 'dataset_with_extra_by_yield', 'dataset_with_extra_from_classic_operator' retrieved from /workspaces/f1_data_team/venv/lib/python3.12/site-packages/airflow/example_dags/example_outlet_event_extra.py
[2026-01-04T12:58:15.238+0000] {logging_mixin.py:190} INFO - [2026-01-04T12:58:15.238+0000] {dag.py:3239} INFO - Sync 3 DAGs
[2026-01-04T12:58:15.262+0000] {logging_mixin.py:190} INFO - [2026-01-04T12:58:15.260+0000] {dag.py:4180} INFO - Setting next_dagrun for dataset_with_extra_by_context to 2026-01-03 00:00:00+00:00, run_after=2026-01-04 00:00:00+00:00
[2026-01-04T12:58:15.267+0000] {logging_mixin.py:190} INFO - [2026-01-04T12:58:15.267+0000] {dag.py:4180} INFO - Setting next_dagrun for dataset_with_extra_by_yield to 2026-01-03 00:00:00+00:00, run_after=2026-01-04 00:00:00+00:00
[2026-01-04T12:58:15.270+0000] {logging_mixin.py:190} INFO - [2026-01-04T12:58:15.269+0000] {dag.py:4180} INFO - Setting next_dagrun for dataset_with_extra_from_classic_operator to 2026-01-03 00:00:00+00:00, run_after=2026-01-04 00:00:00+00:00
[2026-01-04T12:58:15.293+0000] {processor.py:208} INFO - Processing /workspaces/f1_data_team/venv/lib/python3.12/site-packages/airflow/example_dags/example_outlet_event_extra.py took 0.090 seconds
[2026-01-04T12:59:09.854+0000] {processor.py:186} INFO - Started process (PID=49814) to work on /workspaces/f1_data_team/venv/lib/python3.12/site-packages/airflow/example_dags/example_outlet_event_extra.py
[2026-01-04T12:59:09.855+0000] {processor.py:914} INFO - Processing file /workspaces/f1_data_team/venv/lib/python3.12/site-packages/airflow/example_dags/example_outlet_event_extra.py for tasks to queue
[2026-01-04T12:59:09.857+0000] {logging_mixin.py:190} INFO - [2026-01-04T12:59:09.857+0000] {dagbag.py:588} INFO - Filling up the DagBag from /workspaces/f1_data_team/venv/lib/python3.12/site-packages/airflow/example_dags/example_outlet_event_extra.py
[2026-01-04T12:59:09.876+0000] {processor.py:925} INFO - DAG(s) 'dataset_with_extra_from_classic_operator', 'dataset_with_extra_by_yield', 'dataset_with_extra_by_context' retrieved from /workspaces/f1_data_team/venv/lib/python3.12/site-packages/airflow/example_dags/example_outlet_event_extra.py
[2026-01-04T12:59:09.900+0000] {logging_mixin.py:190} INFO - [2026-01-04T12:59:09.900+0000] {dag.py:3239} INFO - Sync 3 DAGs
[2026-01-04T12:59:09.926+0000] {logging_mixin.py:190} INFO - [2026-01-04T12:59:09.926+0000] {dag.py:4180} INFO - Setting next_dagrun for dataset_with_extra_by_context to 2026-01-03 00:00:00+00:00, run_after=2026-01-04 00:00:00+00:00
[2026-01-04T12:59:09.931+0000] {logging_mixin.py:190} INFO - [2026-01-04T12:59:09.931+0000] {dag.py:4180} INFO - Setting next_dagrun for dataset_with_extra_by_yield to 2026-01-03 00:00:00+00:00, run_after=2026-01-04 00:00:00+00:00
[2026-01-04T12:59:09.934+0000] {logging_mixin.py:190} INFO - [2026-01-04T12:59:09.934+0000] {dag.py:4180} INFO - Setting next_dagrun for dataset_with_extra_from_classic_operator to 2026-01-03 00:00:00+00:00, run_after=2026-01-04 00:00:00+00:00
[2026-01-04T12:59:09.957+0000] {processor.py:208} INFO - Processing /workspaces/f1_data_team/venv/lib/python3.12/site-packages/airflow/example_dags/example_outlet_event_extra.py took 0.112 seconds
[2026-01-04T13:00:04.821+0000] {processor.py:186} INFO - Started process (PID=50335) to work on /workspaces/f1_data_team/venv/lib/python3.12/site-packages/airflow/example_dags/example_outlet_event_extra.py
[2026-01-04T13:00:04.822+0000] {processor.py:914} INFO - Processing file /workspaces/f1_data_team/venv/lib/python3.12/site-packages/airflow/example_dags/example_outlet_event_extra.py for tasks to queue
[2026-01-04T13:00:04.824+0000] {logging_mixin.py:190} INFO - [2026-01-04T13:00:04.823+0000] {dagbag.py:588} INFO - Filling up the DagBag from /workspaces/f1_data_team/venv/lib/python3.12/site-packages/airflow/example_dags/example_outlet_event_extra.py
[2026-01-04T13:00:04.836+0000] {processor.py:925} INFO - DAG(s) 'dataset_with_extra_by_yield', 'dataset_with_extra_by_context', 'dataset_with_extra_from_classic_operator' retrieved from /workspaces/f1_data_team/venv/lib/python3.12/site-packages/airflow/example_dags/example_outlet_event_extra.py
[2026-01-04T13:00:04.851+0000] {logging_mixin.py:190} INFO - [2026-01-04T13:00:04.851+0000] {dag.py:3239} INFO - Sync 3 DAGs
[2026-01-04T13:00:04.870+0000] {logging_mixin.py:190} INFO - [2026-01-04T13:00:04.870+0000] {dag.py:4180} INFO - Setting next_dagrun for dataset_with_extra_by_context to 2026-01-03 00:00:00+00:00, run_after=2026-01-04 00:00:00+00:00
[2026-01-04T13:00:04.874+0000] {logging_mixin.py:190} INFO - [2026-01-04T13:00:04.874+0000] {dag.py:4180} INFO - Setting next_dagrun for dataset_with_extra_by_yield to 2026-01-03 00:00:00+00:00, run_after=2026-01-04 00:00:00+00:00
[2026-01-04T13:00:04.875+0000] {logging_mixin.py:190} INFO - [2026-01-04T13:00:04.875+0000] {dag.py:4180} INFO - Setting next_dagrun for dataset_with_extra_from_classic_operator to 2026-01-03 00:00:00+00:00, run_after=2026-01-04 00:00:00+00:00
[2026-01-04T13:00:04.892+0000] {processor.py:208} INFO - Processing /workspaces/f1_data_team/venv/lib/python3.12/site-packages/airflow/example_dags/example_outlet_event_extra.py took 0.076 seconds
[2026-01-04T13:00:59.550+0000] {processor.py:186} INFO - Started process (PID=50941) to work on /workspaces/f1_data_team/venv/lib/python3.12/site-packages/airflow/example_dags/example_outlet_event_extra.py
[2026-01-04T13:00:59.551+0000] {processor.py:914} INFO - Processing file /workspaces/f1_data_team/venv/lib/python3.12/site-packages/airflow/example_dags/example_outlet_event_extra.py for tasks to queue
[2026-01-04T13:00:59.553+0000] {logging_mixin.py:190} INFO - [2026-01-04T13:00:59.553+0000] {dagbag.py:588} INFO - Filling up the DagBag from /workspaces/f1_data_team/venv/lib/python3.12/site-packages/airflow/example_dags/example_outlet_event_extra.py
[2026-01-04T13:00:59.565+0000] {processor.py:925} INFO - DAG(s) 'dataset_with_extra_by_context', 'dataset_with_extra_by_yield', 'dataset_with_extra_from_classic_operator' retrieved from /workspaces/f1_data_team/venv/lib/python3.12/site-packages/airflow/example_dags/example_outlet_event_extra.py
[2026-01-04T13:00:59.582+0000] {logging_mixin.py:190} INFO - [2026-01-04T13:00:59.582+0000] {dag.py:3239} INFO - Sync 3 DAGs
[2026-01-04T13:00:59.599+0000] {logging_mixin.py:190} INFO - [2026-01-04T13:00:59.599+0000] {dag.py:4180} INFO - Setting next_dagrun for dataset_with_extra_by_context to 2026-01-03 00:00:00+00:00, run_after=2026-01-04 00:00:00+00:00
[2026-01-04T13:00:59.602+0000] {logging_mixin.py:190} INFO - [2026-01-04T13:00:59.602+0000] {dag.py:4180} INFO - Setting next_dagrun for dataset_with_extra_by_yield to 2026-01-03 00:00:00+00:00, run_after=2026-01-04 00:00:00+00:00
[2026-01-04T13:00:59.604+0000] {logging_mixin.py:190} INFO - [2026-01-04T13:00:59.604+0000] {dag.py:4180} INFO - Setting next_dagrun for dataset_with_extra_from_classic_operator to 2026-01-03 00:00:00+00:00, run_after=2026-01-04 00:00:00+00:00
[2026-01-04T13:00:59.619+0000] {processor.py:208} INFO - Processing /workspaces/f1_data_team/venv/lib/python3.12/site-packages/airflow/example_dags/example_outlet_event_extra.py took 0.074 seconds
