[2026-01-04T12:27:28.909+0000] {processor.py:186} INFO - Started process (PID=24866) to work on /workspaces/f1_data_team/venv/lib/python3.12/site-packages/airflow/example_dags/example_bash_decorator.py
[2026-01-04T12:27:28.910+0000] {processor.py:914} INFO - Processing file /workspaces/f1_data_team/venv/lib/python3.12/site-packages/airflow/example_dags/example_bash_decorator.py for tasks to queue
[2026-01-04T12:27:28.911+0000] {logging_mixin.py:190} INFO - [2026-01-04T12:27:28.911+0000] {dagbag.py:588} INFO - Filling up the DagBag from /workspaces/f1_data_team/venv/lib/python3.12/site-packages/airflow/example_dags/example_bash_decorator.py
[2026-01-04T12:27:28.923+0000] {processor.py:925} INFO - DAG(s) 'example_bash_decorator' retrieved from /workspaces/f1_data_team/venv/lib/python3.12/site-packages/airflow/example_dags/example_bash_decorator.py
[2026-01-04T12:27:29.001+0000] {logging_mixin.py:190} INFO - [2026-01-04T12:27:29.000+0000] {override.py:1911} INFO - Created Permission View: can read on DAG:example_bash_decorator
[2026-01-04T12:27:29.009+0000] {logging_mixin.py:190} INFO - [2026-01-04T12:27:29.008+0000] {override.py:1911} INFO - Created Permission View: can edit on DAG:example_bash_decorator
[2026-01-04T12:27:29.014+0000] {logging_mixin.py:190} INFO - [2026-01-04T12:27:29.014+0000] {override.py:1911} INFO - Created Permission View: can delete on DAG:example_bash_decorator
[2026-01-04T12:27:29.022+0000] {logging_mixin.py:190} INFO - [2026-01-04T12:27:29.022+0000] {override.py:1911} INFO - Created Permission View: can read on DAG Run:example_bash_decorator
[2026-01-04T12:27:29.027+0000] {logging_mixin.py:190} INFO - [2026-01-04T12:27:29.027+0000] {override.py:1911} INFO - Created Permission View: menu access on DAG Run:example_bash_decorator
[2026-01-04T12:27:29.032+0000] {logging_mixin.py:190} INFO - [2026-01-04T12:27:29.032+0000] {override.py:1911} INFO - Created Permission View: can create on DAG Run:example_bash_decorator
[2026-01-04T12:27:29.037+0000] {logging_mixin.py:190} INFO - [2026-01-04T12:27:29.037+0000] {override.py:1911} INFO - Created Permission View: can delete on DAG Run:example_bash_decorator
[2026-01-04T12:27:29.038+0000] {logging_mixin.py:190} INFO - [2026-01-04T12:27:29.038+0000] {dag.py:3239} INFO - Sync 1 DAGs
[2026-01-04T12:27:29.047+0000] {logging_mixin.py:190} INFO - [2026-01-04T12:27:29.047+0000] {dag.py:3262} INFO - Creating ORM DAG for example_bash_decorator
[2026-01-04T12:27:29.048+0000] {logging_mixin.py:190} INFO - [2026-01-04T12:27:29.048+0000] {dag.py:4180} INFO - Setting next_dagrun for example_bash_decorator to None, run_after=None
[2026-01-04T12:27:29.060+0000] {processor.py:208} INFO - Processing /workspaces/f1_data_team/venv/lib/python3.12/site-packages/airflow/example_dags/example_bash_decorator.py took 0.156 seconds
[2026-01-04T12:28:27.618+0000] {processor.py:186} INFO - Started process (PID=25384) to work on /workspaces/f1_data_team/venv/lib/python3.12/site-packages/airflow/example_dags/example_bash_decorator.py
[2026-01-04T12:28:27.618+0000] {processor.py:914} INFO - Processing file /workspaces/f1_data_team/venv/lib/python3.12/site-packages/airflow/example_dags/example_bash_decorator.py for tasks to queue
[2026-01-04T12:28:27.620+0000] {logging_mixin.py:190} INFO - [2026-01-04T12:28:27.620+0000] {dagbag.py:588} INFO - Filling up the DagBag from /workspaces/f1_data_team/venv/lib/python3.12/site-packages/airflow/example_dags/example_bash_decorator.py
[2026-01-04T12:28:27.632+0000] {processor.py:925} INFO - DAG(s) 'example_bash_decorator' retrieved from /workspaces/f1_data_team/venv/lib/python3.12/site-packages/airflow/example_dags/example_bash_decorator.py
[2026-01-04T12:28:27.646+0000] {logging_mixin.py:190} INFO - [2026-01-04T12:28:27.646+0000] {dag.py:3239} INFO - Sync 1 DAGs
[2026-01-04T12:28:27.656+0000] {logging_mixin.py:190} INFO - [2026-01-04T12:28:27.655+0000] {dag.py:4180} INFO - Setting next_dagrun for example_bash_decorator to None, run_after=None
[2026-01-04T12:28:27.670+0000] {processor.py:208} INFO - Processing /workspaces/f1_data_team/venv/lib/python3.12/site-packages/airflow/example_dags/example_bash_decorator.py took 0.057 seconds
[2026-01-04T12:29:24.163+0000] {processor.py:186} INFO - Started process (PID=26590) to work on /workspaces/f1_data_team/venv/lib/python3.12/site-packages/airflow/example_dags/example_bash_decorator.py
[2026-01-04T12:29:24.164+0000] {processor.py:914} INFO - Processing file /workspaces/f1_data_team/venv/lib/python3.12/site-packages/airflow/example_dags/example_bash_decorator.py for tasks to queue
[2026-01-04T12:29:24.166+0000] {logging_mixin.py:190} INFO - [2026-01-04T12:29:24.165+0000] {dagbag.py:588} INFO - Filling up the DagBag from /workspaces/f1_data_team/venv/lib/python3.12/site-packages/airflow/example_dags/example_bash_decorator.py
[2026-01-04T12:29:24.177+0000] {processor.py:925} INFO - DAG(s) 'example_bash_decorator' retrieved from /workspaces/f1_data_team/venv/lib/python3.12/site-packages/airflow/example_dags/example_bash_decorator.py
[2026-01-04T12:29:24.193+0000] {logging_mixin.py:190} INFO - [2026-01-04T12:29:24.193+0000] {dag.py:3239} INFO - Sync 1 DAGs
[2026-01-04T12:29:24.202+0000] {logging_mixin.py:190} INFO - [2026-01-04T12:29:24.202+0000] {dag.py:4180} INFO - Setting next_dagrun for example_bash_decorator to None, run_after=None
[2026-01-04T12:29:24.216+0000] {processor.py:208} INFO - Processing /workspaces/f1_data_team/venv/lib/python3.12/site-packages/airflow/example_dags/example_bash_decorator.py took 0.058 seconds
[2026-01-04T12:31:06.050+0000] {processor.py:186} INFO - Started process (PID=28157) to work on /workspaces/f1_data_team/venv/lib/python3.12/site-packages/airflow/example_dags/example_bash_decorator.py
[2026-01-04T12:31:06.051+0000] {processor.py:914} INFO - Processing file /workspaces/f1_data_team/venv/lib/python3.12/site-packages/airflow/example_dags/example_bash_decorator.py for tasks to queue
[2026-01-04T12:31:06.052+0000] {logging_mixin.py:190} INFO - [2026-01-04T12:31:06.052+0000] {dagbag.py:588} INFO - Filling up the DagBag from /workspaces/f1_data_team/venv/lib/python3.12/site-packages/airflow/example_dags/example_bash_decorator.py
[2026-01-04T12:31:06.064+0000] {processor.py:925} INFO - DAG(s) 'example_bash_decorator' retrieved from /workspaces/f1_data_team/venv/lib/python3.12/site-packages/airflow/example_dags/example_bash_decorator.py
[2026-01-04T12:31:06.139+0000] {logging_mixin.py:190} INFO - [2026-01-04T12:31:06.139+0000] {dag.py:3239} INFO - Sync 1 DAGs
[2026-01-04T12:31:06.148+0000] {logging_mixin.py:190} INFO - [2026-01-04T12:31:06.148+0000] {dag.py:4180} INFO - Setting next_dagrun for example_bash_decorator to None, run_after=None
[2026-01-04T12:31:06.162+0000] {processor.py:208} INFO - Processing /workspaces/f1_data_team/venv/lib/python3.12/site-packages/airflow/example_dags/example_bash_decorator.py took 0.116 seconds
[2026-01-04T12:33:15.178+0000] {processor.py:186} INFO - Started process (PID=30330) to work on /workspaces/f1_data_team/venv/lib/python3.12/site-packages/airflow/example_dags/example_bash_decorator.py
[2026-01-04T12:33:15.179+0000] {processor.py:914} INFO - Processing file /workspaces/f1_data_team/venv/lib/python3.12/site-packages/airflow/example_dags/example_bash_decorator.py for tasks to queue
[2026-01-04T12:33:15.180+0000] {logging_mixin.py:190} INFO - [2026-01-04T12:33:15.180+0000] {dagbag.py:588} INFO - Filling up the DagBag from /workspaces/f1_data_team/venv/lib/python3.12/site-packages/airflow/example_dags/example_bash_decorator.py
[2026-01-04T12:33:15.192+0000] {processor.py:925} INFO - DAG(s) 'example_bash_decorator' retrieved from /workspaces/f1_data_team/venv/lib/python3.12/site-packages/airflow/example_dags/example_bash_decorator.py
[2026-01-04T12:33:15.266+0000] {logging_mixin.py:190} INFO - [2026-01-04T12:33:15.266+0000] {dag.py:3239} INFO - Sync 1 DAGs
[2026-01-04T12:33:15.275+0000] {logging_mixin.py:190} INFO - [2026-01-04T12:33:15.275+0000] {dag.py:4180} INFO - Setting next_dagrun for example_bash_decorator to None, run_after=None
[2026-01-04T12:33:15.289+0000] {processor.py:208} INFO - Processing /workspaces/f1_data_team/venv/lib/python3.12/site-packages/airflow/example_dags/example_bash_decorator.py took 0.116 seconds
[2026-01-04T12:34:13.032+0000] {processor.py:186} INFO - Started process (PID=30895) to work on /workspaces/f1_data_team/venv/lib/python3.12/site-packages/airflow/example_dags/example_bash_decorator.py
[2026-01-04T12:34:13.032+0000] {processor.py:914} INFO - Processing file /workspaces/f1_data_team/venv/lib/python3.12/site-packages/airflow/example_dags/example_bash_decorator.py for tasks to queue
[2026-01-04T12:34:13.034+0000] {logging_mixin.py:190} INFO - [2026-01-04T12:34:13.034+0000] {dagbag.py:588} INFO - Filling up the DagBag from /workspaces/f1_data_team/venv/lib/python3.12/site-packages/airflow/example_dags/example_bash_decorator.py
[2026-01-04T12:34:13.046+0000] {processor.py:925} INFO - DAG(s) 'example_bash_decorator' retrieved from /workspaces/f1_data_team/venv/lib/python3.12/site-packages/airflow/example_dags/example_bash_decorator.py
[2026-01-04T12:34:13.060+0000] {logging_mixin.py:190} INFO - [2026-01-04T12:34:13.060+0000] {dag.py:3239} INFO - Sync 1 DAGs
[2026-01-04T12:34:13.070+0000] {logging_mixin.py:190} INFO - [2026-01-04T12:34:13.070+0000] {dag.py:4180} INFO - Setting next_dagrun for example_bash_decorator to None, run_after=None
[2026-01-04T12:34:13.085+0000] {processor.py:208} INFO - Processing /workspaces/f1_data_team/venv/lib/python3.12/site-packages/airflow/example_dags/example_bash_decorator.py took 0.058 seconds
[2026-01-04T12:35:27.106+0000] {processor.py:186} INFO - Started process (PID=31665) to work on /workspaces/f1_data_team/venv/lib/python3.12/site-packages/airflow/example_dags/example_bash_decorator.py
[2026-01-04T12:35:27.106+0000] {processor.py:914} INFO - Processing file /workspaces/f1_data_team/venv/lib/python3.12/site-packages/airflow/example_dags/example_bash_decorator.py for tasks to queue
[2026-01-04T12:35:27.108+0000] {logging_mixin.py:190} INFO - [2026-01-04T12:35:27.108+0000] {dagbag.py:588} INFO - Filling up the DagBag from /workspaces/f1_data_team/venv/lib/python3.12/site-packages/airflow/example_dags/example_bash_decorator.py
[2026-01-04T12:35:27.120+0000] {processor.py:925} INFO - DAG(s) 'example_bash_decorator' retrieved from /workspaces/f1_data_team/venv/lib/python3.12/site-packages/airflow/example_dags/example_bash_decorator.py
[2026-01-04T12:35:27.135+0000] {logging_mixin.py:190} INFO - [2026-01-04T12:35:27.135+0000] {dag.py:3239} INFO - Sync 1 DAGs
[2026-01-04T12:35:27.144+0000] {logging_mixin.py:190} INFO - [2026-01-04T12:35:27.144+0000] {dag.py:4180} INFO - Setting next_dagrun for example_bash_decorator to None, run_after=None
[2026-01-04T12:35:27.159+0000] {processor.py:208} INFO - Processing /workspaces/f1_data_team/venv/lib/python3.12/site-packages/airflow/example_dags/example_bash_decorator.py took 0.058 seconds
[2026-01-04T12:36:22.281+0000] {processor.py:186} INFO - Started process (PID=32329) to work on /workspaces/f1_data_team/venv/lib/python3.12/site-packages/airflow/example_dags/example_bash_decorator.py
[2026-01-04T12:36:22.282+0000] {processor.py:914} INFO - Processing file /workspaces/f1_data_team/venv/lib/python3.12/site-packages/airflow/example_dags/example_bash_decorator.py for tasks to queue
[2026-01-04T12:36:22.284+0000] {logging_mixin.py:190} INFO - [2026-01-04T12:36:22.283+0000] {dagbag.py:588} INFO - Filling up the DagBag from /workspaces/f1_data_team/venv/lib/python3.12/site-packages/airflow/example_dags/example_bash_decorator.py
[2026-01-04T12:36:22.296+0000] {processor.py:925} INFO - DAG(s) 'example_bash_decorator' retrieved from /workspaces/f1_data_team/venv/lib/python3.12/site-packages/airflow/example_dags/example_bash_decorator.py
[2026-01-04T12:36:22.310+0000] {logging_mixin.py:190} INFO - [2026-01-04T12:36:22.310+0000] {dag.py:3239} INFO - Sync 1 DAGs
[2026-01-04T12:36:22.319+0000] {logging_mixin.py:190} INFO - [2026-01-04T12:36:22.319+0000] {dag.py:4180} INFO - Setting next_dagrun for example_bash_decorator to None, run_after=None
[2026-01-04T12:36:22.334+0000] {processor.py:208} INFO - Processing /workspaces/f1_data_team/venv/lib/python3.12/site-packages/airflow/example_dags/example_bash_decorator.py took 0.057 seconds
[2026-01-04T12:37:42.309+0000] {processor.py:186} INFO - Started process (PID=33289) to work on /workspaces/f1_data_team/venv/lib/python3.12/site-packages/airflow/example_dags/example_bash_decorator.py
[2026-01-04T12:37:42.310+0000] {processor.py:914} INFO - Processing file /workspaces/f1_data_team/venv/lib/python3.12/site-packages/airflow/example_dags/example_bash_decorator.py for tasks to queue
[2026-01-04T12:37:42.312+0000] {logging_mixin.py:190} INFO - [2026-01-04T12:37:42.312+0000] {dagbag.py:588} INFO - Filling up the DagBag from /workspaces/f1_data_team/venv/lib/python3.12/site-packages/airflow/example_dags/example_bash_decorator.py
[2026-01-04T12:37:42.324+0000] {processor.py:925} INFO - DAG(s) 'example_bash_decorator' retrieved from /workspaces/f1_data_team/venv/lib/python3.12/site-packages/airflow/example_dags/example_bash_decorator.py
[2026-01-04T12:37:42.338+0000] {logging_mixin.py:190} INFO - [2026-01-04T12:37:42.338+0000] {dag.py:3239} INFO - Sync 1 DAGs
[2026-01-04T12:37:42.348+0000] {logging_mixin.py:190} INFO - [2026-01-04T12:37:42.347+0000] {dag.py:4180} INFO - Setting next_dagrun for example_bash_decorator to None, run_after=None
[2026-01-04T12:37:42.362+0000] {processor.py:208} INFO - Processing /workspaces/f1_data_team/venv/lib/python3.12/site-packages/airflow/example_dags/example_bash_decorator.py took 0.057 seconds
[2026-01-04T12:39:00.365+0000] {processor.py:186} INFO - Started process (PID=34152) to work on /workspaces/f1_data_team/venv/lib/python3.12/site-packages/airflow/example_dags/example_bash_decorator.py
[2026-01-04T12:39:00.365+0000] {processor.py:914} INFO - Processing file /workspaces/f1_data_team/venv/lib/python3.12/site-packages/airflow/example_dags/example_bash_decorator.py for tasks to queue
[2026-01-04T12:39:00.367+0000] {logging_mixin.py:190} INFO - [2026-01-04T12:39:00.367+0000] {dagbag.py:588} INFO - Filling up the DagBag from /workspaces/f1_data_team/venv/lib/python3.12/site-packages/airflow/example_dags/example_bash_decorator.py
[2026-01-04T12:39:00.381+0000] {processor.py:925} INFO - DAG(s) 'example_bash_decorator' retrieved from /workspaces/f1_data_team/venv/lib/python3.12/site-packages/airflow/example_dags/example_bash_decorator.py
[2026-01-04T12:39:00.402+0000] {logging_mixin.py:190} INFO - [2026-01-04T12:39:00.402+0000] {dag.py:3239} INFO - Sync 1 DAGs
[2026-01-04T12:39:00.418+0000] {logging_mixin.py:190} INFO - [2026-01-04T12:39:00.418+0000] {dag.py:4180} INFO - Setting next_dagrun for example_bash_decorator to None, run_after=None
[2026-01-04T12:39:00.441+0000] {processor.py:208} INFO - Processing /workspaces/f1_data_team/venv/lib/python3.12/site-packages/airflow/example_dags/example_bash_decorator.py took 0.081 seconds
[2026-01-04T12:40:21.149+0000] {processor.py:186} INFO - Started process (PID=34976) to work on /workspaces/f1_data_team/venv/lib/python3.12/site-packages/airflow/example_dags/example_bash_decorator.py
[2026-01-04T12:40:21.149+0000] {processor.py:914} INFO - Processing file /workspaces/f1_data_team/venv/lib/python3.12/site-packages/airflow/example_dags/example_bash_decorator.py for tasks to queue
[2026-01-04T12:40:21.151+0000] {logging_mixin.py:190} INFO - [2026-01-04T12:40:21.151+0000] {dagbag.py:588} INFO - Filling up the DagBag from /workspaces/f1_data_team/venv/lib/python3.12/site-packages/airflow/example_dags/example_bash_decorator.py
[2026-01-04T12:40:21.163+0000] {processor.py:925} INFO - DAG(s) 'example_bash_decorator' retrieved from /workspaces/f1_data_team/venv/lib/python3.12/site-packages/airflow/example_dags/example_bash_decorator.py
[2026-01-04T12:40:21.177+0000] {logging_mixin.py:190} INFO - [2026-01-04T12:40:21.177+0000] {dag.py:3239} INFO - Sync 1 DAGs
[2026-01-04T12:40:21.188+0000] {logging_mixin.py:190} INFO - [2026-01-04T12:40:21.188+0000] {dag.py:4180} INFO - Setting next_dagrun for example_bash_decorator to None, run_after=None
[2026-01-04T12:40:21.203+0000] {processor.py:208} INFO - Processing /workspaces/f1_data_team/venv/lib/python3.12/site-packages/airflow/example_dags/example_bash_decorator.py took 0.059 seconds
[2026-01-04T12:42:09.875+0000] {processor.py:186} INFO - Started process (PID=36409) to work on /workspaces/f1_data_team/venv/lib/python3.12/site-packages/airflow/example_dags/example_bash_decorator.py
[2026-01-04T12:42:09.876+0000] {processor.py:914} INFO - Processing file /workspaces/f1_data_team/venv/lib/python3.12/site-packages/airflow/example_dags/example_bash_decorator.py for tasks to queue
[2026-01-04T12:42:09.878+0000] {logging_mixin.py:190} INFO - [2026-01-04T12:42:09.878+0000] {dagbag.py:588} INFO - Filling up the DagBag from /workspaces/f1_data_team/venv/lib/python3.12/site-packages/airflow/example_dags/example_bash_decorator.py
[2026-01-04T12:42:09.890+0000] {processor.py:925} INFO - DAG(s) 'example_bash_decorator' retrieved from /workspaces/f1_data_team/venv/lib/python3.12/site-packages/airflow/example_dags/example_bash_decorator.py
[2026-01-04T12:42:09.964+0000] {logging_mixin.py:190} INFO - [2026-01-04T12:42:09.964+0000] {dag.py:3239} INFO - Sync 1 DAGs
[2026-01-04T12:42:09.973+0000] {logging_mixin.py:190} INFO - [2026-01-04T12:42:09.973+0000] {dag.py:4180} INFO - Setting next_dagrun for example_bash_decorator to None, run_after=None
[2026-01-04T12:42:09.987+0000] {processor.py:208} INFO - Processing /workspaces/f1_data_team/venv/lib/python3.12/site-packages/airflow/example_dags/example_bash_decorator.py took 0.117 seconds
[2026-01-04T12:43:18.813+0000] {processor.py:186} INFO - Started process (PID=37445) to work on /workspaces/f1_data_team/venv/lib/python3.12/site-packages/airflow/example_dags/example_bash_decorator.py
[2026-01-04T12:43:18.814+0000] {processor.py:914} INFO - Processing file /workspaces/f1_data_team/venv/lib/python3.12/site-packages/airflow/example_dags/example_bash_decorator.py for tasks to queue
[2026-01-04T12:43:18.816+0000] {logging_mixin.py:190} INFO - [2026-01-04T12:43:18.815+0000] {dagbag.py:588} INFO - Filling up the DagBag from /workspaces/f1_data_team/venv/lib/python3.12/site-packages/airflow/example_dags/example_bash_decorator.py
[2026-01-04T12:43:18.828+0000] {processor.py:925} INFO - DAG(s) 'example_bash_decorator' retrieved from /workspaces/f1_data_team/venv/lib/python3.12/site-packages/airflow/example_dags/example_bash_decorator.py
[2026-01-04T12:43:18.842+0000] {logging_mixin.py:190} INFO - [2026-01-04T12:43:18.842+0000] {dag.py:3239} INFO - Sync 1 DAGs
[2026-01-04T12:43:18.851+0000] {logging_mixin.py:190} INFO - [2026-01-04T12:43:18.851+0000] {dag.py:4180} INFO - Setting next_dagrun for example_bash_decorator to None, run_after=None
[2026-01-04T12:43:18.866+0000] {processor.py:208} INFO - Processing /workspaces/f1_data_team/venv/lib/python3.12/site-packages/airflow/example_dags/example_bash_decorator.py took 0.058 seconds
[2026-01-04T12:44:14.452+0000] {processor.py:186} INFO - Started process (PID=38070) to work on /workspaces/f1_data_team/venv/lib/python3.12/site-packages/airflow/example_dags/example_bash_decorator.py
[2026-01-04T12:44:14.453+0000] {processor.py:914} INFO - Processing file /workspaces/f1_data_team/venv/lib/python3.12/site-packages/airflow/example_dags/example_bash_decorator.py for tasks to queue
[2026-01-04T12:44:14.454+0000] {logging_mixin.py:190} INFO - [2026-01-04T12:44:14.454+0000] {dagbag.py:588} INFO - Filling up the DagBag from /workspaces/f1_data_team/venv/lib/python3.12/site-packages/airflow/example_dags/example_bash_decorator.py
[2026-01-04T12:44:14.466+0000] {processor.py:925} INFO - DAG(s) 'example_bash_decorator' retrieved from /workspaces/f1_data_team/venv/lib/python3.12/site-packages/airflow/example_dags/example_bash_decorator.py
[2026-01-04T12:44:14.481+0000] {logging_mixin.py:190} INFO - [2026-01-04T12:44:14.481+0000] {dag.py:3239} INFO - Sync 1 DAGs
[2026-01-04T12:44:14.490+0000] {logging_mixin.py:190} INFO - [2026-01-04T12:44:14.490+0000] {dag.py:4180} INFO - Setting next_dagrun for example_bash_decorator to None, run_after=None
[2026-01-04T12:44:14.504+0000] {processor.py:208} INFO - Processing /workspaces/f1_data_team/venv/lib/python3.12/site-packages/airflow/example_dags/example_bash_decorator.py took 0.056 seconds
[2026-01-04T12:45:39.709+0000] {processor.py:186} INFO - Started process (PID=39483) to work on /workspaces/f1_data_team/venv/lib/python3.12/site-packages/airflow/example_dags/example_bash_decorator.py
[2026-01-04T12:45:39.710+0000] {processor.py:914} INFO - Processing file /workspaces/f1_data_team/venv/lib/python3.12/site-packages/airflow/example_dags/example_bash_decorator.py for tasks to queue
[2026-01-04T12:45:39.712+0000] {logging_mixin.py:190} INFO - [2026-01-04T12:45:39.712+0000] {dagbag.py:588} INFO - Filling up the DagBag from /workspaces/f1_data_team/venv/lib/python3.12/site-packages/airflow/example_dags/example_bash_decorator.py
[2026-01-04T12:45:39.724+0000] {processor.py:925} INFO - DAG(s) 'example_bash_decorator' retrieved from /workspaces/f1_data_team/venv/lib/python3.12/site-packages/airflow/example_dags/example_bash_decorator.py
[2026-01-04T12:45:39.738+0000] {logging_mixin.py:190} INFO - [2026-01-04T12:45:39.738+0000] {dag.py:3239} INFO - Sync 1 DAGs
[2026-01-04T12:45:39.747+0000] {logging_mixin.py:190} INFO - [2026-01-04T12:45:39.747+0000] {dag.py:4180} INFO - Setting next_dagrun for example_bash_decorator to None, run_after=None
[2026-01-04T12:45:39.761+0000] {processor.py:208} INFO - Processing /workspaces/f1_data_team/venv/lib/python3.12/site-packages/airflow/example_dags/example_bash_decorator.py took 0.057 seconds
[2026-01-04T12:46:56.893+0000] {processor.py:186} INFO - Started process (PID=40241) to work on /workspaces/f1_data_team/venv/lib/python3.12/site-packages/airflow/example_dags/example_bash_decorator.py
[2026-01-04T12:46:56.893+0000] {processor.py:914} INFO - Processing file /workspaces/f1_data_team/venv/lib/python3.12/site-packages/airflow/example_dags/example_bash_decorator.py for tasks to queue
[2026-01-04T12:46:56.895+0000] {logging_mixin.py:190} INFO - [2026-01-04T12:46:56.895+0000] {dagbag.py:588} INFO - Filling up the DagBag from /workspaces/f1_data_team/venv/lib/python3.12/site-packages/airflow/example_dags/example_bash_decorator.py
[2026-01-04T12:46:56.907+0000] {processor.py:925} INFO - DAG(s) 'example_bash_decorator' retrieved from /workspaces/f1_data_team/venv/lib/python3.12/site-packages/airflow/example_dags/example_bash_decorator.py
[2026-01-04T12:46:56.922+0000] {logging_mixin.py:190} INFO - [2026-01-04T12:46:56.921+0000] {dag.py:3239} INFO - Sync 1 DAGs
[2026-01-04T12:46:56.931+0000] {logging_mixin.py:190} INFO - [2026-01-04T12:46:56.931+0000] {dag.py:4180} INFO - Setting next_dagrun for example_bash_decorator to None, run_after=None
[2026-01-04T12:46:56.945+0000] {processor.py:208} INFO - Processing /workspaces/f1_data_team/venv/lib/python3.12/site-packages/airflow/example_dags/example_bash_decorator.py took 0.057 seconds
[2026-01-04T12:49:28.284+0000] {processor.py:186} INFO - Started process (PID=42295) to work on /workspaces/f1_data_team/venv/lib/python3.12/site-packages/airflow/example_dags/example_bash_decorator.py
[2026-01-04T12:49:28.285+0000] {processor.py:914} INFO - Processing file /workspaces/f1_data_team/venv/lib/python3.12/site-packages/airflow/example_dags/example_bash_decorator.py for tasks to queue
[2026-01-04T12:49:28.287+0000] {logging_mixin.py:190} INFO - [2026-01-04T12:49:28.287+0000] {dagbag.py:588} INFO - Filling up the DagBag from /workspaces/f1_data_team/venv/lib/python3.12/site-packages/airflow/example_dags/example_bash_decorator.py
[2026-01-04T12:49:28.300+0000] {processor.py:925} INFO - DAG(s) 'example_bash_decorator' retrieved from /workspaces/f1_data_team/venv/lib/python3.12/site-packages/airflow/example_dags/example_bash_decorator.py
[2026-01-04T12:49:28.379+0000] {logging_mixin.py:190} INFO - [2026-01-04T12:49:28.379+0000] {dag.py:3239} INFO - Sync 1 DAGs
[2026-01-04T12:49:28.388+0000] {logging_mixin.py:190} INFO - [2026-01-04T12:49:28.388+0000] {dag.py:4180} INFO - Setting next_dagrun for example_bash_decorator to None, run_after=None
[2026-01-04T12:49:28.403+0000] {processor.py:208} INFO - Processing /workspaces/f1_data_team/venv/lib/python3.12/site-packages/airflow/example_dags/example_bash_decorator.py took 0.123 seconds
[2026-01-04T12:50:26.047+0000] {processor.py:186} INFO - Started process (PID=42843) to work on /workspaces/f1_data_team/venv/lib/python3.12/site-packages/airflow/example_dags/example_bash_decorator.py
[2026-01-04T12:50:26.047+0000] {processor.py:914} INFO - Processing file /workspaces/f1_data_team/venv/lib/python3.12/site-packages/airflow/example_dags/example_bash_decorator.py for tasks to queue
[2026-01-04T12:50:26.049+0000] {logging_mixin.py:190} INFO - [2026-01-04T12:50:26.049+0000] {dagbag.py:588} INFO - Filling up the DagBag from /workspaces/f1_data_team/venv/lib/python3.12/site-packages/airflow/example_dags/example_bash_decorator.py
[2026-01-04T12:50:26.062+0000] {processor.py:925} INFO - DAG(s) 'example_bash_decorator' retrieved from /workspaces/f1_data_team/venv/lib/python3.12/site-packages/airflow/example_dags/example_bash_decorator.py
[2026-01-04T12:50:26.076+0000] {logging_mixin.py:190} INFO - [2026-01-04T12:50:26.076+0000] {dag.py:3239} INFO - Sync 1 DAGs
[2026-01-04T12:50:26.085+0000] {logging_mixin.py:190} INFO - [2026-01-04T12:50:26.085+0000] {dag.py:4180} INFO - Setting next_dagrun for example_bash_decorator to None, run_after=None
[2026-01-04T12:50:26.101+0000] {processor.py:208} INFO - Processing /workspaces/f1_data_team/venv/lib/python3.12/site-packages/airflow/example_dags/example_bash_decorator.py took 0.059 seconds
[2026-01-04T12:52:03.611+0000] {processor.py:186} INFO - Started process (PID=44561) to work on /workspaces/f1_data_team/venv/lib/python3.12/site-packages/airflow/example_dags/example_bash_decorator.py
[2026-01-04T12:52:03.611+0000] {processor.py:914} INFO - Processing file /workspaces/f1_data_team/venv/lib/python3.12/site-packages/airflow/example_dags/example_bash_decorator.py for tasks to queue
[2026-01-04T12:52:03.613+0000] {logging_mixin.py:190} INFO - [2026-01-04T12:52:03.613+0000] {dagbag.py:588} INFO - Filling up the DagBag from /workspaces/f1_data_team/venv/lib/python3.12/site-packages/airflow/example_dags/example_bash_decorator.py
[2026-01-04T12:52:03.625+0000] {processor.py:925} INFO - DAG(s) 'example_bash_decorator' retrieved from /workspaces/f1_data_team/venv/lib/python3.12/site-packages/airflow/example_dags/example_bash_decorator.py
[2026-01-04T12:52:03.700+0000] {logging_mixin.py:190} INFO - [2026-01-04T12:52:03.700+0000] {dag.py:3239} INFO - Sync 1 DAGs
[2026-01-04T12:52:03.707+0000] {logging_mixin.py:190} INFO - [2026-01-04T12:52:03.707+0000] {dag.py:4180} INFO - Setting next_dagrun for example_bash_decorator to None, run_after=None
[2026-01-04T12:52:03.722+0000] {processor.py:208} INFO - Processing /workspaces/f1_data_team/venv/lib/python3.12/site-packages/airflow/example_dags/example_bash_decorator.py took 0.115 seconds
[2026-01-04T12:53:01.203+0000] {processor.py:186} INFO - Started process (PID=45329) to work on /workspaces/f1_data_team/venv/lib/python3.12/site-packages/airflow/example_dags/example_bash_decorator.py
[2026-01-04T12:53:01.204+0000] {processor.py:914} INFO - Processing file /workspaces/f1_data_team/venv/lib/python3.12/site-packages/airflow/example_dags/example_bash_decorator.py for tasks to queue
[2026-01-04T12:53:01.206+0000] {logging_mixin.py:190} INFO - [2026-01-04T12:53:01.205+0000] {dagbag.py:588} INFO - Filling up the DagBag from /workspaces/f1_data_team/venv/lib/python3.12/site-packages/airflow/example_dags/example_bash_decorator.py
[2026-01-04T12:53:01.218+0000] {processor.py:925} INFO - DAG(s) 'example_bash_decorator' retrieved from /workspaces/f1_data_team/venv/lib/python3.12/site-packages/airflow/example_dags/example_bash_decorator.py
[2026-01-04T12:53:01.232+0000] {logging_mixin.py:190} INFO - [2026-01-04T12:53:01.232+0000] {dag.py:3239} INFO - Sync 1 DAGs
[2026-01-04T12:53:01.242+0000] {logging_mixin.py:190} INFO - [2026-01-04T12:53:01.242+0000] {dag.py:4180} INFO - Setting next_dagrun for example_bash_decorator to None, run_after=None
[2026-01-04T12:53:01.257+0000] {processor.py:208} INFO - Processing /workspaces/f1_data_team/venv/lib/python3.12/site-packages/airflow/example_dags/example_bash_decorator.py took 0.059 seconds
[2026-01-04T12:53:57.039+0000] {processor.py:186} INFO - Started process (PID=46147) to work on /workspaces/f1_data_team/venv/lib/python3.12/site-packages/airflow/example_dags/example_bash_decorator.py
[2026-01-04T12:53:57.040+0000] {processor.py:914} INFO - Processing file /workspaces/f1_data_team/venv/lib/python3.12/site-packages/airflow/example_dags/example_bash_decorator.py for tasks to queue
[2026-01-04T12:53:57.042+0000] {logging_mixin.py:190} INFO - [2026-01-04T12:53:57.041+0000] {dagbag.py:588} INFO - Filling up the DagBag from /workspaces/f1_data_team/venv/lib/python3.12/site-packages/airflow/example_dags/example_bash_decorator.py
[2026-01-04T12:53:57.054+0000] {processor.py:925} INFO - DAG(s) 'example_bash_decorator' retrieved from /workspaces/f1_data_team/venv/lib/python3.12/site-packages/airflow/example_dags/example_bash_decorator.py
[2026-01-04T12:53:57.068+0000] {logging_mixin.py:190} INFO - [2026-01-04T12:53:57.068+0000] {dag.py:3239} INFO - Sync 1 DAGs
[2026-01-04T12:53:57.078+0000] {logging_mixin.py:190} INFO - [2026-01-04T12:53:57.078+0000] {dag.py:4180} INFO - Setting next_dagrun for example_bash_decorator to None, run_after=None
[2026-01-04T12:53:57.093+0000] {processor.py:208} INFO - Processing /workspaces/f1_data_team/venv/lib/python3.12/site-packages/airflow/example_dags/example_bash_decorator.py took 0.059 seconds
[2026-01-04T12:55:41.985+0000] {processor.py:186} INFO - Started process (PID=47777) to work on /workspaces/f1_data_team/venv/lib/python3.12/site-packages/airflow/example_dags/example_bash_decorator.py
[2026-01-04T12:55:41.986+0000] {processor.py:914} INFO - Processing file /workspaces/f1_data_team/venv/lib/python3.12/site-packages/airflow/example_dags/example_bash_decorator.py for tasks to queue
[2026-01-04T12:55:41.988+0000] {logging_mixin.py:190} INFO - [2026-01-04T12:55:41.988+0000] {dagbag.py:588} INFO - Filling up the DagBag from /workspaces/f1_data_team/venv/lib/python3.12/site-packages/airflow/example_dags/example_bash_decorator.py
[2026-01-04T12:55:42.000+0000] {processor.py:925} INFO - DAG(s) 'example_bash_decorator' retrieved from /workspaces/f1_data_team/venv/lib/python3.12/site-packages/airflow/example_dags/example_bash_decorator.py
[2026-01-04T12:55:42.014+0000] {logging_mixin.py:190} INFO - [2026-01-04T12:55:42.014+0000] {dag.py:3239} INFO - Sync 1 DAGs
[2026-01-04T12:55:42.023+0000] {logging_mixin.py:190} INFO - [2026-01-04T12:55:42.023+0000] {dag.py:4180} INFO - Setting next_dagrun for example_bash_decorator to None, run_after=None
[2026-01-04T12:55:42.037+0000] {processor.py:208} INFO - Processing /workspaces/f1_data_team/venv/lib/python3.12/site-packages/airflow/example_dags/example_bash_decorator.py took 0.057 seconds
[2026-01-04T12:56:37.264+0000] {processor.py:186} INFO - Started process (PID=48340) to work on /workspaces/f1_data_team/venv/lib/python3.12/site-packages/airflow/example_dags/example_bash_decorator.py
[2026-01-04T12:56:37.265+0000] {processor.py:914} INFO - Processing file /workspaces/f1_data_team/venv/lib/python3.12/site-packages/airflow/example_dags/example_bash_decorator.py for tasks to queue
[2026-01-04T12:56:37.267+0000] {logging_mixin.py:190} INFO - [2026-01-04T12:56:37.266+0000] {dagbag.py:588} INFO - Filling up the DagBag from /workspaces/f1_data_team/venv/lib/python3.12/site-packages/airflow/example_dags/example_bash_decorator.py
[2026-01-04T12:56:37.279+0000] {processor.py:925} INFO - DAG(s) 'example_bash_decorator' retrieved from /workspaces/f1_data_team/venv/lib/python3.12/site-packages/airflow/example_dags/example_bash_decorator.py
[2026-01-04T12:56:37.293+0000] {logging_mixin.py:190} INFO - [2026-01-04T12:56:37.293+0000] {dag.py:3239} INFO - Sync 1 DAGs
[2026-01-04T12:56:37.302+0000] {logging_mixin.py:190} INFO - [2026-01-04T12:56:37.302+0000] {dag.py:4180} INFO - Setting next_dagrun for example_bash_decorator to None, run_after=None
[2026-01-04T12:56:37.318+0000] {processor.py:208} INFO - Processing /workspaces/f1_data_team/venv/lib/python3.12/site-packages/airflow/example_dags/example_bash_decorator.py took 0.059 seconds
[2026-01-04T12:57:52.900+0000] {processor.py:186} INFO - Started process (PID=49028) to work on /workspaces/f1_data_team/venv/lib/python3.12/site-packages/airflow/example_dags/example_bash_decorator.py
[2026-01-04T12:57:52.900+0000] {processor.py:914} INFO - Processing file /workspaces/f1_data_team/venv/lib/python3.12/site-packages/airflow/example_dags/example_bash_decorator.py for tasks to queue
[2026-01-04T12:57:52.902+0000] {logging_mixin.py:190} INFO - [2026-01-04T12:57:52.902+0000] {dagbag.py:588} INFO - Filling up the DagBag from /workspaces/f1_data_team/venv/lib/python3.12/site-packages/airflow/example_dags/example_bash_decorator.py
[2026-01-04T12:57:52.916+0000] {processor.py:925} INFO - DAG(s) 'example_bash_decorator' retrieved from /workspaces/f1_data_team/venv/lib/python3.12/site-packages/airflow/example_dags/example_bash_decorator.py
[2026-01-04T12:57:52.942+0000] {logging_mixin.py:190} INFO - [2026-01-04T12:57:52.942+0000] {dag.py:3239} INFO - Sync 1 DAGs
[2026-01-04T12:57:52.951+0000] {logging_mixin.py:190} INFO - [2026-01-04T12:57:52.951+0000] {dag.py:4180} INFO - Setting next_dagrun for example_bash_decorator to None, run_after=None
[2026-01-04T12:57:52.965+0000] {processor.py:208} INFO - Processing /workspaces/f1_data_team/venv/lib/python3.12/site-packages/airflow/example_dags/example_bash_decorator.py took 0.070 seconds
[2026-01-04T12:59:14.587+0000] {processor.py:186} INFO - Started process (PID=49852) to work on /workspaces/f1_data_team/venv/lib/python3.12/site-packages/airflow/example_dags/example_bash_decorator.py
[2026-01-04T12:59:14.589+0000] {processor.py:914} INFO - Processing file /workspaces/f1_data_team/venv/lib/python3.12/site-packages/airflow/example_dags/example_bash_decorator.py for tasks to queue
[2026-01-04T12:59:14.591+0000] {logging_mixin.py:190} INFO - [2026-01-04T12:59:14.591+0000] {dagbag.py:588} INFO - Filling up the DagBag from /workspaces/f1_data_team/venv/lib/python3.12/site-packages/airflow/example_dags/example_bash_decorator.py
[2026-01-04T12:59:14.612+0000] {processor.py:925} INFO - DAG(s) 'example_bash_decorator' retrieved from /workspaces/f1_data_team/venv/lib/python3.12/site-packages/airflow/example_dags/example_bash_decorator.py
[2026-01-04T12:59:14.635+0000] {logging_mixin.py:190} INFO - [2026-01-04T12:59:14.634+0000] {dag.py:3239} INFO - Sync 1 DAGs
[2026-01-04T12:59:14.649+0000] {logging_mixin.py:190} INFO - [2026-01-04T12:59:14.649+0000] {dag.py:4180} INFO - Setting next_dagrun for example_bash_decorator to None, run_after=None
[2026-01-04T12:59:14.674+0000] {processor.py:208} INFO - Processing /workspaces/f1_data_team/venv/lib/python3.12/site-packages/airflow/example_dags/example_bash_decorator.py took 0.097 seconds
[2026-01-04T13:00:36.563+0000] {processor.py:186} INFO - Started process (PID=50733) to work on /workspaces/f1_data_team/venv/lib/python3.12/site-packages/airflow/example_dags/example_bash_decorator.py
[2026-01-04T13:00:36.564+0000] {processor.py:914} INFO - Processing file /workspaces/f1_data_team/venv/lib/python3.12/site-packages/airflow/example_dags/example_bash_decorator.py for tasks to queue
[2026-01-04T13:00:36.566+0000] {logging_mixin.py:190} INFO - [2026-01-04T13:00:36.566+0000] {dagbag.py:588} INFO - Filling up the DagBag from /workspaces/f1_data_team/venv/lib/python3.12/site-packages/airflow/example_dags/example_bash_decorator.py
[2026-01-04T13:00:36.578+0000] {processor.py:925} INFO - DAG(s) 'example_bash_decorator' retrieved from /workspaces/f1_data_team/venv/lib/python3.12/site-packages/airflow/example_dags/example_bash_decorator.py
[2026-01-04T13:00:36.592+0000] {logging_mixin.py:190} INFO - [2026-01-04T13:00:36.592+0000] {dag.py:3239} INFO - Sync 1 DAGs
[2026-01-04T13:00:36.602+0000] {logging_mixin.py:190} INFO - [2026-01-04T13:00:36.601+0000] {dag.py:4180} INFO - Setting next_dagrun for example_bash_decorator to None, run_after=None
[2026-01-04T13:00:36.616+0000] {processor.py:208} INFO - Processing /workspaces/f1_data_team/venv/lib/python3.12/site-packages/airflow/example_dags/example_bash_decorator.py took 0.057 seconds
[2026-01-04T13:01:48.134+0000] {processor.py:186} INFO - Started process (PID=51661) to work on /workspaces/f1_data_team/venv/lib/python3.12/site-packages/airflow/example_dags/example_bash_decorator.py
[2026-01-04T13:01:48.134+0000] {processor.py:914} INFO - Processing file /workspaces/f1_data_team/venv/lib/python3.12/site-packages/airflow/example_dags/example_bash_decorator.py for tasks to queue
[2026-01-04T13:01:48.136+0000] {logging_mixin.py:190} INFO - [2026-01-04T13:01:48.136+0000] {dagbag.py:588} INFO - Filling up the DagBag from /workspaces/f1_data_team/venv/lib/python3.12/site-packages/airflow/example_dags/example_bash_decorator.py
[2026-01-04T13:01:48.148+0000] {processor.py:925} INFO - DAG(s) 'example_bash_decorator' retrieved from /workspaces/f1_data_team/venv/lib/python3.12/site-packages/airflow/example_dags/example_bash_decorator.py
[2026-01-04T13:01:48.167+0000] {logging_mixin.py:190} INFO - [2026-01-04T13:01:48.167+0000] {dag.py:3239} INFO - Sync 1 DAGs
[2026-01-04T13:01:48.181+0000] {logging_mixin.py:190} INFO - [2026-01-04T13:01:48.181+0000] {dag.py:4180} INFO - Setting next_dagrun for example_bash_decorator to None, run_after=None
[2026-01-04T13:01:48.206+0000] {processor.py:208} INFO - Processing /workspaces/f1_data_team/venv/lib/python3.12/site-packages/airflow/example_dags/example_bash_decorator.py took 0.078 seconds
[2026-01-04T13:02:42.549+0000] {processor.py:186} INFO - Started process (PID=52314) to work on /workspaces/f1_data_team/venv/lib/python3.12/site-packages/airflow/example_dags/example_bash_decorator.py
[2026-01-04T13:02:42.550+0000] {processor.py:914} INFO - Processing file /workspaces/f1_data_team/venv/lib/python3.12/site-packages/airflow/example_dags/example_bash_decorator.py for tasks to queue
[2026-01-04T13:02:42.552+0000] {logging_mixin.py:190} INFO - [2026-01-04T13:02:42.551+0000] {dagbag.py:588} INFO - Filling up the DagBag from /workspaces/f1_data_team/venv/lib/python3.12/site-packages/airflow/example_dags/example_bash_decorator.py
[2026-01-04T13:02:42.564+0000] {processor.py:925} INFO - DAG(s) 'example_bash_decorator' retrieved from /workspaces/f1_data_team/venv/lib/python3.12/site-packages/airflow/example_dags/example_bash_decorator.py
[2026-01-04T13:02:42.578+0000] {logging_mixin.py:190} INFO - [2026-01-04T13:02:42.578+0000] {dag.py:3239} INFO - Sync 1 DAGs
[2026-01-04T13:02:42.587+0000] {logging_mixin.py:190} INFO - [2026-01-04T13:02:42.587+0000] {dag.py:4180} INFO - Setting next_dagrun for example_bash_decorator to None, run_after=None
[2026-01-04T13:02:42.602+0000] {processor.py:208} INFO - Processing /workspaces/f1_data_team/venv/lib/python3.12/site-packages/airflow/example_dags/example_bash_decorator.py took 0.057 seconds
[2026-01-04T13:03:55.797+0000] {processor.py:186} INFO - Started process (PID=52973) to work on /workspaces/f1_data_team/venv/lib/python3.12/site-packages/airflow/example_dags/example_bash_decorator.py
[2026-01-04T13:03:55.798+0000] {processor.py:914} INFO - Processing file /workspaces/f1_data_team/venv/lib/python3.12/site-packages/airflow/example_dags/example_bash_decorator.py for tasks to queue
[2026-01-04T13:03:55.800+0000] {logging_mixin.py:190} INFO - [2026-01-04T13:03:55.800+0000] {dagbag.py:588} INFO - Filling up the DagBag from /workspaces/f1_data_team/venv/lib/python3.12/site-packages/airflow/example_dags/example_bash_decorator.py
[2026-01-04T13:03:55.812+0000] {processor.py:925} INFO - DAG(s) 'example_bash_decorator' retrieved from /workspaces/f1_data_team/venv/lib/python3.12/site-packages/airflow/example_dags/example_bash_decorator.py
[2026-01-04T13:03:55.826+0000] {logging_mixin.py:190} INFO - [2026-01-04T13:03:55.826+0000] {dag.py:3239} INFO - Sync 1 DAGs
[2026-01-04T13:03:55.838+0000] {logging_mixin.py:190} INFO - [2026-01-04T13:03:55.838+0000] {dag.py:4180} INFO - Setting next_dagrun for example_bash_decorator to None, run_after=None
[2026-01-04T13:03:55.858+0000] {processor.py:208} INFO - Processing /workspaces/f1_data_team/venv/lib/python3.12/site-packages/airflow/example_dags/example_bash_decorator.py took 0.065 seconds
[2026-01-04T13:05:14.802+0000] {processor.py:186} INFO - Started process (PID=53713) to work on /workspaces/f1_data_team/venv/lib/python3.12/site-packages/airflow/example_dags/example_bash_decorator.py
[2026-01-04T13:05:14.803+0000] {processor.py:914} INFO - Processing file /workspaces/f1_data_team/venv/lib/python3.12/site-packages/airflow/example_dags/example_bash_decorator.py for tasks to queue
[2026-01-04T13:05:14.805+0000] {logging_mixin.py:190} INFO - [2026-01-04T13:05:14.805+0000] {dagbag.py:588} INFO - Filling up the DagBag from /workspaces/f1_data_team/venv/lib/python3.12/site-packages/airflow/example_dags/example_bash_decorator.py
[2026-01-04T13:05:14.823+0000] {processor.py:925} INFO - DAG(s) 'example_bash_decorator' retrieved from /workspaces/f1_data_team/venv/lib/python3.12/site-packages/airflow/example_dags/example_bash_decorator.py
[2026-01-04T13:05:14.842+0000] {logging_mixin.py:190} INFO - [2026-01-04T13:05:14.842+0000] {dag.py:3239} INFO - Sync 1 DAGs
[2026-01-04T13:05:14.851+0000] {logging_mixin.py:190} INFO - [2026-01-04T13:05:14.851+0000] {dag.py:4180} INFO - Setting next_dagrun for example_bash_decorator to None, run_after=None
[2026-01-04T13:05:14.865+0000] {processor.py:208} INFO - Processing /workspaces/f1_data_team/venv/lib/python3.12/site-packages/airflow/example_dags/example_bash_decorator.py took 0.069 seconds
[2026-01-04T13:06:34.523+0000] {processor.py:186} INFO - Started process (PID=54626) to work on /workspaces/f1_data_team/venv/lib/python3.12/site-packages/airflow/example_dags/example_bash_decorator.py
[2026-01-04T13:06:34.524+0000] {processor.py:914} INFO - Processing file /workspaces/f1_data_team/venv/lib/python3.12/site-packages/airflow/example_dags/example_bash_decorator.py for tasks to queue
[2026-01-04T13:06:34.526+0000] {logging_mixin.py:190} INFO - [2026-01-04T13:06:34.526+0000] {dagbag.py:588} INFO - Filling up the DagBag from /workspaces/f1_data_team/venv/lib/python3.12/site-packages/airflow/example_dags/example_bash_decorator.py
[2026-01-04T13:06:34.538+0000] {processor.py:925} INFO - DAG(s) 'example_bash_decorator' retrieved from /workspaces/f1_data_team/venv/lib/python3.12/site-packages/airflow/example_dags/example_bash_decorator.py
[2026-01-04T13:06:34.553+0000] {logging_mixin.py:190} INFO - [2026-01-04T13:06:34.552+0000] {dag.py:3239} INFO - Sync 1 DAGs
[2026-01-04T13:06:34.562+0000] {logging_mixin.py:190} INFO - [2026-01-04T13:06:34.562+0000] {dag.py:4180} INFO - Setting next_dagrun for example_bash_decorator to None, run_after=None
[2026-01-04T13:06:34.577+0000] {processor.py:208} INFO - Processing /workspaces/f1_data_team/venv/lib/python3.12/site-packages/airflow/example_dags/example_bash_decorator.py took 0.058 seconds
[2026-01-04T13:07:56.939+0000] {processor.py:186} INFO - Started process (PID=55330) to work on /workspaces/f1_data_team/venv/lib/python3.12/site-packages/airflow/example_dags/example_bash_decorator.py
[2026-01-04T13:07:56.939+0000] {processor.py:914} INFO - Processing file /workspaces/f1_data_team/venv/lib/python3.12/site-packages/airflow/example_dags/example_bash_decorator.py for tasks to queue
[2026-01-04T13:07:56.941+0000] {logging_mixin.py:190} INFO - [2026-01-04T13:07:56.941+0000] {dagbag.py:588} INFO - Filling up the DagBag from /workspaces/f1_data_team/venv/lib/python3.12/site-packages/airflow/example_dags/example_bash_decorator.py
[2026-01-04T13:07:56.954+0000] {processor.py:925} INFO - DAG(s) 'example_bash_decorator' retrieved from /workspaces/f1_data_team/venv/lib/python3.12/site-packages/airflow/example_dags/example_bash_decorator.py
[2026-01-04T13:07:56.971+0000] {logging_mixin.py:190} INFO - [2026-01-04T13:07:56.971+0000] {dag.py:3239} INFO - Sync 1 DAGs
[2026-01-04T13:07:56.982+0000] {logging_mixin.py:190} INFO - [2026-01-04T13:07:56.982+0000] {dag.py:4180} INFO - Setting next_dagrun for example_bash_decorator to None, run_after=None
[2026-01-04T13:07:56.997+0000] {processor.py:208} INFO - Processing /workspaces/f1_data_team/venv/lib/python3.12/site-packages/airflow/example_dags/example_bash_decorator.py took 0.063 seconds
[2026-01-04T13:09:16.396+0000] {processor.py:186} INFO - Started process (PID=56040) to work on /workspaces/f1_data_team/venv/lib/python3.12/site-packages/airflow/example_dags/example_bash_decorator.py
[2026-01-04T13:09:16.397+0000] {processor.py:914} INFO - Processing file /workspaces/f1_data_team/venv/lib/python3.12/site-packages/airflow/example_dags/example_bash_decorator.py for tasks to queue
[2026-01-04T13:09:16.399+0000] {logging_mixin.py:190} INFO - [2026-01-04T13:09:16.399+0000] {dagbag.py:588} INFO - Filling up the DagBag from /workspaces/f1_data_team/venv/lib/python3.12/site-packages/airflow/example_dags/example_bash_decorator.py
[2026-01-04T13:09:16.411+0000] {processor.py:925} INFO - DAG(s) 'example_bash_decorator' retrieved from /workspaces/f1_data_team/venv/lib/python3.12/site-packages/airflow/example_dags/example_bash_decorator.py
[2026-01-04T13:09:16.425+0000] {logging_mixin.py:190} INFO - [2026-01-04T13:09:16.425+0000] {dag.py:3239} INFO - Sync 1 DAGs
[2026-01-04T13:09:16.434+0000] {logging_mixin.py:190} INFO - [2026-01-04T13:09:16.434+0000] {dag.py:4180} INFO - Setting next_dagrun for example_bash_decorator to None, run_after=None
[2026-01-04T13:09:16.449+0000] {processor.py:208} INFO - Processing /workspaces/f1_data_team/venv/lib/python3.12/site-packages/airflow/example_dags/example_bash_decorator.py took 0.057 seconds
[2026-01-04T13:10:33.883+0000] {processor.py:186} INFO - Started process (PID=56616) to work on /workspaces/f1_data_team/venv/lib/python3.12/site-packages/airflow/example_dags/example_bash_decorator.py
[2026-01-04T13:10:33.884+0000] {processor.py:914} INFO - Processing file /workspaces/f1_data_team/venv/lib/python3.12/site-packages/airflow/example_dags/example_bash_decorator.py for tasks to queue
[2026-01-04T13:10:33.886+0000] {logging_mixin.py:190} INFO - [2026-01-04T13:10:33.886+0000] {dagbag.py:588} INFO - Filling up the DagBag from /workspaces/f1_data_team/venv/lib/python3.12/site-packages/airflow/example_dags/example_bash_decorator.py
[2026-01-04T13:10:33.901+0000] {processor.py:925} INFO - DAG(s) 'example_bash_decorator' retrieved from /workspaces/f1_data_team/venv/lib/python3.12/site-packages/airflow/example_dags/example_bash_decorator.py
[2026-01-04T13:10:33.915+0000] {logging_mixin.py:190} INFO - [2026-01-04T13:10:33.915+0000] {dag.py:3239} INFO - Sync 1 DAGs
[2026-01-04T13:10:33.925+0000] {logging_mixin.py:190} INFO - [2026-01-04T13:10:33.924+0000] {dag.py:4180} INFO - Setting next_dagrun for example_bash_decorator to None, run_after=None
[2026-01-04T13:10:33.940+0000] {processor.py:208} INFO - Processing /workspaces/f1_data_team/venv/lib/python3.12/site-packages/airflow/example_dags/example_bash_decorator.py took 0.061 seconds
[2026-01-04T13:11:51.672+0000] {processor.py:186} INFO - Started process (PID=57273) to work on /workspaces/f1_data_team/venv/lib/python3.12/site-packages/airflow/example_dags/example_bash_decorator.py
[2026-01-04T13:11:51.673+0000] {processor.py:914} INFO - Processing file /workspaces/f1_data_team/venv/lib/python3.12/site-packages/airflow/example_dags/example_bash_decorator.py for tasks to queue
[2026-01-04T13:11:51.675+0000] {logging_mixin.py:190} INFO - [2026-01-04T13:11:51.675+0000] {dagbag.py:588} INFO - Filling up the DagBag from /workspaces/f1_data_team/venv/lib/python3.12/site-packages/airflow/example_dags/example_bash_decorator.py
[2026-01-04T13:11:51.687+0000] {processor.py:925} INFO - DAG(s) 'example_bash_decorator' retrieved from /workspaces/f1_data_team/venv/lib/python3.12/site-packages/airflow/example_dags/example_bash_decorator.py
[2026-01-04T13:11:51.702+0000] {logging_mixin.py:190} INFO - [2026-01-04T13:11:51.701+0000] {dag.py:3239} INFO - Sync 1 DAGs
[2026-01-04T13:11:51.711+0000] {logging_mixin.py:190} INFO - [2026-01-04T13:11:51.711+0000] {dag.py:4180} INFO - Setting next_dagrun for example_bash_decorator to None, run_after=None
[2026-01-04T13:11:51.725+0000] {processor.py:208} INFO - Processing /workspaces/f1_data_team/venv/lib/python3.12/site-packages/airflow/example_dags/example_bash_decorator.py took 0.057 seconds
[2026-01-04T13:13:09.342+0000] {processor.py:186} INFO - Started process (PID=57943) to work on /workspaces/f1_data_team/venv/lib/python3.12/site-packages/airflow/example_dags/example_bash_decorator.py
[2026-01-04T13:13:09.343+0000] {processor.py:914} INFO - Processing file /workspaces/f1_data_team/venv/lib/python3.12/site-packages/airflow/example_dags/example_bash_decorator.py for tasks to queue
[2026-01-04T13:13:09.345+0000] {logging_mixin.py:190} INFO - [2026-01-04T13:13:09.345+0000] {dagbag.py:588} INFO - Filling up the DagBag from /workspaces/f1_data_team/venv/lib/python3.12/site-packages/airflow/example_dags/example_bash_decorator.py
[2026-01-04T13:13:09.357+0000] {processor.py:925} INFO - DAG(s) 'example_bash_decorator' retrieved from /workspaces/f1_data_team/venv/lib/python3.12/site-packages/airflow/example_dags/example_bash_decorator.py
[2026-01-04T13:13:09.372+0000] {logging_mixin.py:190} INFO - [2026-01-04T13:13:09.372+0000] {dag.py:3239} INFO - Sync 1 DAGs
[2026-01-04T13:13:09.382+0000] {logging_mixin.py:190} INFO - [2026-01-04T13:13:09.381+0000] {dag.py:4180} INFO - Setting next_dagrun for example_bash_decorator to None, run_after=None
[2026-01-04T13:13:09.396+0000] {processor.py:208} INFO - Processing /workspaces/f1_data_team/venv/lib/python3.12/site-packages/airflow/example_dags/example_bash_decorator.py took 0.059 seconds
[2026-01-04T13:14:28.551+0000] {processor.py:186} INFO - Started process (PID=58526) to work on /workspaces/f1_data_team/venv/lib/python3.12/site-packages/airflow/example_dags/example_bash_decorator.py
[2026-01-04T13:14:28.552+0000] {processor.py:914} INFO - Processing file /workspaces/f1_data_team/venv/lib/python3.12/site-packages/airflow/example_dags/example_bash_decorator.py for tasks to queue
[2026-01-04T13:14:28.555+0000] {logging_mixin.py:190} INFO - [2026-01-04T13:14:28.554+0000] {dagbag.py:588} INFO - Filling up the DagBag from /workspaces/f1_data_team/venv/lib/python3.12/site-packages/airflow/example_dags/example_bash_decorator.py
[2026-01-04T13:14:28.571+0000] {processor.py:925} INFO - DAG(s) 'example_bash_decorator' retrieved from /workspaces/f1_data_team/venv/lib/python3.12/site-packages/airflow/example_dags/example_bash_decorator.py
[2026-01-04T13:14:28.585+0000] {logging_mixin.py:190} INFO - [2026-01-04T13:14:28.585+0000] {dag.py:3239} INFO - Sync 1 DAGs
[2026-01-04T13:14:28.595+0000] {logging_mixin.py:190} INFO - [2026-01-04T13:14:28.595+0000] {dag.py:4180} INFO - Setting next_dagrun for example_bash_decorator to None, run_after=None
[2026-01-04T13:14:28.609+0000] {processor.py:208} INFO - Processing /workspaces/f1_data_team/venv/lib/python3.12/site-packages/airflow/example_dags/example_bash_decorator.py took 0.065 seconds
[2026-01-04T13:15:44.565+0000] {processor.py:186} INFO - Started process (PID=59116) to work on /workspaces/f1_data_team/venv/lib/python3.12/site-packages/airflow/example_dags/example_bash_decorator.py
[2026-01-04T13:15:44.565+0000] {processor.py:914} INFO - Processing file /workspaces/f1_data_team/venv/lib/python3.12/site-packages/airflow/example_dags/example_bash_decorator.py for tasks to queue
[2026-01-04T13:15:44.567+0000] {logging_mixin.py:190} INFO - [2026-01-04T13:15:44.567+0000] {dagbag.py:588} INFO - Filling up the DagBag from /workspaces/f1_data_team/venv/lib/python3.12/site-packages/airflow/example_dags/example_bash_decorator.py
[2026-01-04T13:15:44.579+0000] {processor.py:925} INFO - DAG(s) 'example_bash_decorator' retrieved from /workspaces/f1_data_team/venv/lib/python3.12/site-packages/airflow/example_dags/example_bash_decorator.py
[2026-01-04T13:15:44.593+0000] {logging_mixin.py:190} INFO - [2026-01-04T13:15:44.593+0000] {dag.py:3239} INFO - Sync 1 DAGs
[2026-01-04T13:15:44.603+0000] {logging_mixin.py:190} INFO - [2026-01-04T13:15:44.603+0000] {dag.py:4180} INFO - Setting next_dagrun for example_bash_decorator to None, run_after=None
[2026-01-04T13:15:44.617+0000] {processor.py:208} INFO - Processing /workspaces/f1_data_team/venv/lib/python3.12/site-packages/airflow/example_dags/example_bash_decorator.py took 0.057 seconds
[2026-01-04T13:17:04.469+0000] {processor.py:186} INFO - Started process (PID=59791) to work on /workspaces/f1_data_team/venv/lib/python3.12/site-packages/airflow/example_dags/example_bash_decorator.py
[2026-01-04T13:17:04.470+0000] {processor.py:914} INFO - Processing file /workspaces/f1_data_team/venv/lib/python3.12/site-packages/airflow/example_dags/example_bash_decorator.py for tasks to queue
[2026-01-04T13:17:04.472+0000] {logging_mixin.py:190} INFO - [2026-01-04T13:17:04.472+0000] {dagbag.py:588} INFO - Filling up the DagBag from /workspaces/f1_data_team/venv/lib/python3.12/site-packages/airflow/example_dags/example_bash_decorator.py
[2026-01-04T13:17:04.484+0000] {processor.py:925} INFO - DAG(s) 'example_bash_decorator' retrieved from /workspaces/f1_data_team/venv/lib/python3.12/site-packages/airflow/example_dags/example_bash_decorator.py
[2026-01-04T13:17:04.499+0000] {logging_mixin.py:190} INFO - [2026-01-04T13:17:04.499+0000] {dag.py:3239} INFO - Sync 1 DAGs
[2026-01-04T13:17:04.509+0000] {logging_mixin.py:190} INFO - [2026-01-04T13:17:04.509+0000] {dag.py:4180} INFO - Setting next_dagrun for example_bash_decorator to None, run_after=None
[2026-01-04T13:17:04.524+0000] {processor.py:208} INFO - Processing /workspaces/f1_data_team/venv/lib/python3.12/site-packages/airflow/example_dags/example_bash_decorator.py took 0.059 seconds
[2026-01-04T13:18:21.225+0000] {processor.py:186} INFO - Started process (PID=60427) to work on /workspaces/f1_data_team/venv/lib/python3.12/site-packages/airflow/example_dags/example_bash_decorator.py
[2026-01-04T13:18:21.226+0000] {processor.py:914} INFO - Processing file /workspaces/f1_data_team/venv/lib/python3.12/site-packages/airflow/example_dags/example_bash_decorator.py for tasks to queue
[2026-01-04T13:18:21.228+0000] {logging_mixin.py:190} INFO - [2026-01-04T13:18:21.228+0000] {dagbag.py:588} INFO - Filling up the DagBag from /workspaces/f1_data_team/venv/lib/python3.12/site-packages/airflow/example_dags/example_bash_decorator.py
[2026-01-04T13:18:21.240+0000] {processor.py:925} INFO - DAG(s) 'example_bash_decorator' retrieved from /workspaces/f1_data_team/venv/lib/python3.12/site-packages/airflow/example_dags/example_bash_decorator.py
[2026-01-04T13:18:21.254+0000] {logging_mixin.py:190} INFO - [2026-01-04T13:18:21.254+0000] {dag.py:3239} INFO - Sync 1 DAGs
[2026-01-04T13:18:21.264+0000] {logging_mixin.py:190} INFO - [2026-01-04T13:18:21.264+0000] {dag.py:4180} INFO - Setting next_dagrun for example_bash_decorator to None, run_after=None
[2026-01-04T13:18:21.279+0000] {processor.py:208} INFO - Processing /workspaces/f1_data_team/venv/lib/python3.12/site-packages/airflow/example_dags/example_bash_decorator.py took 0.059 seconds
[2026-01-04T13:19:38.457+0000] {processor.py:186} INFO - Started process (PID=61022) to work on /workspaces/f1_data_team/venv/lib/python3.12/site-packages/airflow/example_dags/example_bash_decorator.py
[2026-01-04T13:19:38.458+0000] {processor.py:914} INFO - Processing file /workspaces/f1_data_team/venv/lib/python3.12/site-packages/airflow/example_dags/example_bash_decorator.py for tasks to queue
[2026-01-04T13:19:38.460+0000] {logging_mixin.py:190} INFO - [2026-01-04T13:19:38.460+0000] {dagbag.py:588} INFO - Filling up the DagBag from /workspaces/f1_data_team/venv/lib/python3.12/site-packages/airflow/example_dags/example_bash_decorator.py
[2026-01-04T13:19:38.472+0000] {processor.py:925} INFO - DAG(s) 'example_bash_decorator' retrieved from /workspaces/f1_data_team/venv/lib/python3.12/site-packages/airflow/example_dags/example_bash_decorator.py
[2026-01-04T13:19:38.487+0000] {logging_mixin.py:190} INFO - [2026-01-04T13:19:38.486+0000] {dag.py:3239} INFO - Sync 1 DAGs
[2026-01-04T13:19:38.497+0000] {logging_mixin.py:190} INFO - [2026-01-04T13:19:38.497+0000] {dag.py:4180} INFO - Setting next_dagrun for example_bash_decorator to None, run_after=None
[2026-01-04T13:19:38.511+0000] {processor.py:208} INFO - Processing /workspaces/f1_data_team/venv/lib/python3.12/site-packages/airflow/example_dags/example_bash_decorator.py took 0.059 seconds
[2026-01-04T13:20:33.305+0000] {processor.py:186} INFO - Started process (PID=61451) to work on /workspaces/f1_data_team/venv/lib/python3.12/site-packages/airflow/example_dags/example_bash_decorator.py
[2026-01-04T13:20:33.306+0000] {processor.py:914} INFO - Processing file /workspaces/f1_data_team/venv/lib/python3.12/site-packages/airflow/example_dags/example_bash_decorator.py for tasks to queue
[2026-01-04T13:20:33.308+0000] {logging_mixin.py:190} INFO - [2026-01-04T13:20:33.308+0000] {dagbag.py:588} INFO - Filling up the DagBag from /workspaces/f1_data_team/venv/lib/python3.12/site-packages/airflow/example_dags/example_bash_decorator.py
[2026-01-04T13:20:33.320+0000] {processor.py:925} INFO - DAG(s) 'example_bash_decorator' retrieved from /workspaces/f1_data_team/venv/lib/python3.12/site-packages/airflow/example_dags/example_bash_decorator.py
[2026-01-04T13:20:33.334+0000] {logging_mixin.py:190} INFO - [2026-01-04T13:20:33.334+0000] {dag.py:3239} INFO - Sync 1 DAGs
[2026-01-04T13:20:33.344+0000] {logging_mixin.py:190} INFO - [2026-01-04T13:20:33.344+0000] {dag.py:4180} INFO - Setting next_dagrun for example_bash_decorator to None, run_after=None
[2026-01-04T13:20:33.359+0000] {processor.py:208} INFO - Processing /workspaces/f1_data_team/venv/lib/python3.12/site-packages/airflow/example_dags/example_bash_decorator.py took 0.058 seconds
[2026-01-04T13:21:54.203+0000] {processor.py:186} INFO - Started process (PID=62121) to work on /workspaces/f1_data_team/venv/lib/python3.12/site-packages/airflow/example_dags/example_bash_decorator.py
[2026-01-04T13:21:54.204+0000] {processor.py:914} INFO - Processing file /workspaces/f1_data_team/venv/lib/python3.12/site-packages/airflow/example_dags/example_bash_decorator.py for tasks to queue
[2026-01-04T13:21:54.206+0000] {logging_mixin.py:190} INFO - [2026-01-04T13:21:54.205+0000] {dagbag.py:588} INFO - Filling up the DagBag from /workspaces/f1_data_team/venv/lib/python3.12/site-packages/airflow/example_dags/example_bash_decorator.py
[2026-01-04T13:21:54.218+0000] {processor.py:925} INFO - DAG(s) 'example_bash_decorator' retrieved from /workspaces/f1_data_team/venv/lib/python3.12/site-packages/airflow/example_dags/example_bash_decorator.py
[2026-01-04T13:21:54.232+0000] {logging_mixin.py:190} INFO - [2026-01-04T13:21:54.232+0000] {dag.py:3239} INFO - Sync 1 DAGs
[2026-01-04T13:21:54.242+0000] {logging_mixin.py:190} INFO - [2026-01-04T13:21:54.241+0000] {dag.py:4180} INFO - Setting next_dagrun for example_bash_decorator to None, run_after=None
[2026-01-04T13:21:54.256+0000] {processor.py:208} INFO - Processing /workspaces/f1_data_team/venv/lib/python3.12/site-packages/airflow/example_dags/example_bash_decorator.py took 0.057 seconds
[2026-01-04T13:23:11.248+0000] {processor.py:186} INFO - Started process (PID=62783) to work on /workspaces/f1_data_team/venv/lib/python3.12/site-packages/airflow/example_dags/example_bash_decorator.py
[2026-01-04T13:23:11.249+0000] {processor.py:914} INFO - Processing file /workspaces/f1_data_team/venv/lib/python3.12/site-packages/airflow/example_dags/example_bash_decorator.py for tasks to queue
[2026-01-04T13:23:11.251+0000] {logging_mixin.py:190} INFO - [2026-01-04T13:23:11.250+0000] {dagbag.py:588} INFO - Filling up the DagBag from /workspaces/f1_data_team/venv/lib/python3.12/site-packages/airflow/example_dags/example_bash_decorator.py
[2026-01-04T13:23:11.263+0000] {processor.py:925} INFO - DAG(s) 'example_bash_decorator' retrieved from /workspaces/f1_data_team/venv/lib/python3.12/site-packages/airflow/example_dags/example_bash_decorator.py
[2026-01-04T13:23:11.277+0000] {logging_mixin.py:190} INFO - [2026-01-04T13:23:11.277+0000] {dag.py:3239} INFO - Sync 1 DAGs
[2026-01-04T13:23:11.286+0000] {logging_mixin.py:190} INFO - [2026-01-04T13:23:11.286+0000] {dag.py:4180} INFO - Setting next_dagrun for example_bash_decorator to None, run_after=None
[2026-01-04T13:23:11.301+0000] {processor.py:208} INFO - Processing /workspaces/f1_data_team/venv/lib/python3.12/site-packages/airflow/example_dags/example_bash_decorator.py took 0.057 seconds
[2026-01-04T13:24:29.521+0000] {processor.py:186} INFO - Started process (PID=63386) to work on /workspaces/f1_data_team/venv/lib/python3.12/site-packages/airflow/example_dags/example_bash_decorator.py
[2026-01-04T13:24:29.521+0000] {processor.py:914} INFO - Processing file /workspaces/f1_data_team/venv/lib/python3.12/site-packages/airflow/example_dags/example_bash_decorator.py for tasks to queue
[2026-01-04T13:24:29.523+0000] {logging_mixin.py:190} INFO - [2026-01-04T13:24:29.523+0000] {dagbag.py:588} INFO - Filling up the DagBag from /workspaces/f1_data_team/venv/lib/python3.12/site-packages/airflow/example_dags/example_bash_decorator.py
[2026-01-04T13:24:29.535+0000] {processor.py:925} INFO - DAG(s) 'example_bash_decorator' retrieved from /workspaces/f1_data_team/venv/lib/python3.12/site-packages/airflow/example_dags/example_bash_decorator.py
[2026-01-04T13:24:29.550+0000] {logging_mixin.py:190} INFO - [2026-01-04T13:24:29.550+0000] {dag.py:3239} INFO - Sync 1 DAGs
[2026-01-04T13:24:29.559+0000] {logging_mixin.py:190} INFO - [2026-01-04T13:24:29.559+0000] {dag.py:4180} INFO - Setting next_dagrun for example_bash_decorator to None, run_after=None
[2026-01-04T13:24:29.575+0000] {processor.py:208} INFO - Processing /workspaces/f1_data_team/venv/lib/python3.12/site-packages/airflow/example_dags/example_bash_decorator.py took 0.059 seconds
[2026-01-04T13:25:47.435+0000] {processor.py:186} INFO - Started process (PID=63964) to work on /workspaces/f1_data_team/venv/lib/python3.12/site-packages/airflow/example_dags/example_bash_decorator.py
[2026-01-04T13:25:47.435+0000] {processor.py:914} INFO - Processing file /workspaces/f1_data_team/venv/lib/python3.12/site-packages/airflow/example_dags/example_bash_decorator.py for tasks to queue
[2026-01-04T13:25:47.437+0000] {logging_mixin.py:190} INFO - [2026-01-04T13:25:47.437+0000] {dagbag.py:588} INFO - Filling up the DagBag from /workspaces/f1_data_team/venv/lib/python3.12/site-packages/airflow/example_dags/example_bash_decorator.py
[2026-01-04T13:25:47.449+0000] {processor.py:925} INFO - DAG(s) 'example_bash_decorator' retrieved from /workspaces/f1_data_team/venv/lib/python3.12/site-packages/airflow/example_dags/example_bash_decorator.py
[2026-01-04T13:25:47.463+0000] {logging_mixin.py:190} INFO - [2026-01-04T13:25:47.463+0000] {dag.py:3239} INFO - Sync 1 DAGs
[2026-01-04T13:25:47.472+0000] {logging_mixin.py:190} INFO - [2026-01-04T13:25:47.472+0000] {dag.py:4180} INFO - Setting next_dagrun for example_bash_decorator to None, run_after=None
[2026-01-04T13:25:47.487+0000] {processor.py:208} INFO - Processing /workspaces/f1_data_team/venv/lib/python3.12/site-packages/airflow/example_dags/example_bash_decorator.py took 0.057 seconds
[2026-01-04T13:26:41.615+0000] {processor.py:186} INFO - Started process (PID=64470) to work on /workspaces/f1_data_team/venv/lib/python3.12/site-packages/airflow/example_dags/example_bash_decorator.py
[2026-01-04T13:26:41.616+0000] {processor.py:914} INFO - Processing file /workspaces/f1_data_team/venv/lib/python3.12/site-packages/airflow/example_dags/example_bash_decorator.py for tasks to queue
[2026-01-04T13:26:41.618+0000] {logging_mixin.py:190} INFO - [2026-01-04T13:26:41.618+0000] {dagbag.py:588} INFO - Filling up the DagBag from /workspaces/f1_data_team/venv/lib/python3.12/site-packages/airflow/example_dags/example_bash_decorator.py
[2026-01-04T13:26:41.630+0000] {processor.py:925} INFO - DAG(s) 'example_bash_decorator' retrieved from /workspaces/f1_data_team/venv/lib/python3.12/site-packages/airflow/example_dags/example_bash_decorator.py
[2026-01-04T13:26:41.644+0000] {logging_mixin.py:190} INFO - [2026-01-04T13:26:41.644+0000] {dag.py:3239} INFO - Sync 1 DAGs
[2026-01-04T13:26:41.653+0000] {logging_mixin.py:190} INFO - [2026-01-04T13:26:41.653+0000] {dag.py:4180} INFO - Setting next_dagrun for example_bash_decorator to None, run_after=None
[2026-01-04T13:26:41.668+0000] {processor.py:208} INFO - Processing /workspaces/f1_data_team/venv/lib/python3.12/site-packages/airflow/example_dags/example_bash_decorator.py took 0.057 seconds
[2026-01-04T13:27:38.105+0000] {processor.py:186} INFO - Started process (PID=64901) to work on /workspaces/f1_data_team/venv/lib/python3.12/site-packages/airflow/example_dags/example_bash_decorator.py
[2026-01-04T13:27:38.106+0000] {processor.py:914} INFO - Processing file /workspaces/f1_data_team/venv/lib/python3.12/site-packages/airflow/example_dags/example_bash_decorator.py for tasks to queue
[2026-01-04T13:27:38.108+0000] {logging_mixin.py:190} INFO - [2026-01-04T13:27:38.108+0000] {dagbag.py:588} INFO - Filling up the DagBag from /workspaces/f1_data_team/venv/lib/python3.12/site-packages/airflow/example_dags/example_bash_decorator.py
[2026-01-04T13:27:38.120+0000] {processor.py:925} INFO - DAG(s) 'example_bash_decorator' retrieved from /workspaces/f1_data_team/venv/lib/python3.12/site-packages/airflow/example_dags/example_bash_decorator.py
[2026-01-04T13:27:38.135+0000] {logging_mixin.py:190} INFO - [2026-01-04T13:27:38.134+0000] {dag.py:3239} INFO - Sync 1 DAGs
[2026-01-04T13:27:38.144+0000] {logging_mixin.py:190} INFO - [2026-01-04T13:27:38.144+0000] {dag.py:4180} INFO - Setting next_dagrun for example_bash_decorator to None, run_after=None
[2026-01-04T13:27:38.159+0000] {processor.py:208} INFO - Processing /workspaces/f1_data_team/venv/lib/python3.12/site-packages/airflow/example_dags/example_bash_decorator.py took 0.058 seconds
[2026-01-04T13:28:54.400+0000] {processor.py:186} INFO - Started process (PID=65495) to work on /workspaces/f1_data_team/venv/lib/python3.12/site-packages/airflow/example_dags/example_bash_decorator.py
[2026-01-04T13:28:54.401+0000] {processor.py:914} INFO - Processing file /workspaces/f1_data_team/venv/lib/python3.12/site-packages/airflow/example_dags/example_bash_decorator.py for tasks to queue
[2026-01-04T13:28:54.403+0000] {logging_mixin.py:190} INFO - [2026-01-04T13:28:54.403+0000] {dagbag.py:588} INFO - Filling up the DagBag from /workspaces/f1_data_team/venv/lib/python3.12/site-packages/airflow/example_dags/example_bash_decorator.py
[2026-01-04T13:28:54.415+0000] {processor.py:925} INFO - DAG(s) 'example_bash_decorator' retrieved from /workspaces/f1_data_team/venv/lib/python3.12/site-packages/airflow/example_dags/example_bash_decorator.py
[2026-01-04T13:28:54.429+0000] {logging_mixin.py:190} INFO - [2026-01-04T13:28:54.429+0000] {dag.py:3239} INFO - Sync 1 DAGs
[2026-01-04T13:28:54.439+0000] {logging_mixin.py:190} INFO - [2026-01-04T13:28:54.439+0000] {dag.py:4180} INFO - Setting next_dagrun for example_bash_decorator to None, run_after=None
[2026-01-04T13:28:54.454+0000] {processor.py:208} INFO - Processing /workspaces/f1_data_team/venv/lib/python3.12/site-packages/airflow/example_dags/example_bash_decorator.py took 0.058 seconds
[2026-01-04T13:30:15.403+0000] {processor.py:186} INFO - Started process (PID=66174) to work on /workspaces/f1_data_team/venv/lib/python3.12/site-packages/airflow/example_dags/example_bash_decorator.py
[2026-01-04T13:30:15.404+0000] {processor.py:914} INFO - Processing file /workspaces/f1_data_team/venv/lib/python3.12/site-packages/airflow/example_dags/example_bash_decorator.py for tasks to queue
[2026-01-04T13:30:15.406+0000] {logging_mixin.py:190} INFO - [2026-01-04T13:30:15.405+0000] {dagbag.py:588} INFO - Filling up the DagBag from /workspaces/f1_data_team/venv/lib/python3.12/site-packages/airflow/example_dags/example_bash_decorator.py
[2026-01-04T13:30:15.418+0000] {processor.py:925} INFO - DAG(s) 'example_bash_decorator' retrieved from /workspaces/f1_data_team/venv/lib/python3.12/site-packages/airflow/example_dags/example_bash_decorator.py
[2026-01-04T13:30:15.432+0000] {logging_mixin.py:190} INFO - [2026-01-04T13:30:15.432+0000] {dag.py:3239} INFO - Sync 1 DAGs
[2026-01-04T13:30:15.442+0000] {logging_mixin.py:190} INFO - [2026-01-04T13:30:15.441+0000] {dag.py:4180} INFO - Setting next_dagrun for example_bash_decorator to None, run_after=None
[2026-01-04T13:30:15.456+0000] {processor.py:208} INFO - Processing /workspaces/f1_data_team/venv/lib/python3.12/site-packages/airflow/example_dags/example_bash_decorator.py took 0.058 seconds
[2026-01-04T13:31:30.088+0000] {processor.py:186} INFO - Started process (PID=66799) to work on /workspaces/f1_data_team/venv/lib/python3.12/site-packages/airflow/example_dags/example_bash_decorator.py
[2026-01-04T13:31:30.089+0000] {processor.py:914} INFO - Processing file /workspaces/f1_data_team/venv/lib/python3.12/site-packages/airflow/example_dags/example_bash_decorator.py for tasks to queue
[2026-01-04T13:31:30.091+0000] {logging_mixin.py:190} INFO - [2026-01-04T13:31:30.091+0000] {dagbag.py:588} INFO - Filling up the DagBag from /workspaces/f1_data_team/venv/lib/python3.12/site-packages/airflow/example_dags/example_bash_decorator.py
[2026-01-04T13:31:30.103+0000] {processor.py:925} INFO - DAG(s) 'example_bash_decorator' retrieved from /workspaces/f1_data_team/venv/lib/python3.12/site-packages/airflow/example_dags/example_bash_decorator.py
[2026-01-04T13:31:30.117+0000] {logging_mixin.py:190} INFO - [2026-01-04T13:31:30.117+0000] {dag.py:3239} INFO - Sync 1 DAGs
[2026-01-04T13:31:30.126+0000] {logging_mixin.py:190} INFO - [2026-01-04T13:31:30.126+0000] {dag.py:4180} INFO - Setting next_dagrun for example_bash_decorator to None, run_after=None
[2026-01-04T13:31:30.141+0000] {processor.py:208} INFO - Processing /workspaces/f1_data_team/venv/lib/python3.12/site-packages/airflow/example_dags/example_bash_decorator.py took 0.057 seconds
[2026-01-04T13:32:43.683+0000] {processor.py:186} INFO - Started process (PID=67358) to work on /workspaces/f1_data_team/venv/lib/python3.12/site-packages/airflow/example_dags/example_bash_decorator.py
[2026-01-04T13:32:43.684+0000] {processor.py:914} INFO - Processing file /workspaces/f1_data_team/venv/lib/python3.12/site-packages/airflow/example_dags/example_bash_decorator.py for tasks to queue
[2026-01-04T13:32:43.686+0000] {logging_mixin.py:190} INFO - [2026-01-04T13:32:43.686+0000] {dagbag.py:588} INFO - Filling up the DagBag from /workspaces/f1_data_team/venv/lib/python3.12/site-packages/airflow/example_dags/example_bash_decorator.py
[2026-01-04T13:32:43.698+0000] {processor.py:925} INFO - DAG(s) 'example_bash_decorator' retrieved from /workspaces/f1_data_team/venv/lib/python3.12/site-packages/airflow/example_dags/example_bash_decorator.py
[2026-01-04T13:32:43.713+0000] {logging_mixin.py:190} INFO - [2026-01-04T13:32:43.712+0000] {dag.py:3239} INFO - Sync 1 DAGs
[2026-01-04T13:32:43.722+0000] {logging_mixin.py:190} INFO - [2026-01-04T13:32:43.722+0000] {dag.py:4180} INFO - Setting next_dagrun for example_bash_decorator to None, run_after=None
[2026-01-04T13:32:43.736+0000] {processor.py:208} INFO - Processing /workspaces/f1_data_team/venv/lib/python3.12/site-packages/airflow/example_dags/example_bash_decorator.py took 0.057 seconds
[2026-01-04T13:34:01.768+0000] {processor.py:186} INFO - Started process (PID=67960) to work on /workspaces/f1_data_team/venv/lib/python3.12/site-packages/airflow/example_dags/example_bash_decorator.py
[2026-01-04T13:34:01.769+0000] {processor.py:914} INFO - Processing file /workspaces/f1_data_team/venv/lib/python3.12/site-packages/airflow/example_dags/example_bash_decorator.py for tasks to queue
[2026-01-04T13:34:01.771+0000] {logging_mixin.py:190} INFO - [2026-01-04T13:34:01.771+0000] {dagbag.py:588} INFO - Filling up the DagBag from /workspaces/f1_data_team/venv/lib/python3.12/site-packages/airflow/example_dags/example_bash_decorator.py
[2026-01-04T13:34:01.783+0000] {processor.py:925} INFO - DAG(s) 'example_bash_decorator' retrieved from /workspaces/f1_data_team/venv/lib/python3.12/site-packages/airflow/example_dags/example_bash_decorator.py
[2026-01-04T13:34:01.798+0000] {logging_mixin.py:190} INFO - [2026-01-04T13:34:01.798+0000] {dag.py:3239} INFO - Sync 1 DAGs
[2026-01-04T13:34:01.808+0000] {logging_mixin.py:190} INFO - [2026-01-04T13:34:01.808+0000] {dag.py:4180} INFO - Setting next_dagrun for example_bash_decorator to None, run_after=None
[2026-01-04T13:34:01.822+0000] {processor.py:208} INFO - Processing /workspaces/f1_data_team/venv/lib/python3.12/site-packages/airflow/example_dags/example_bash_decorator.py took 0.058 seconds
[2026-01-04T13:35:20.349+0000] {processor.py:186} INFO - Started process (PID=68623) to work on /workspaces/f1_data_team/venv/lib/python3.12/site-packages/airflow/example_dags/example_bash_decorator.py
[2026-01-04T13:35:20.350+0000] {processor.py:914} INFO - Processing file /workspaces/f1_data_team/venv/lib/python3.12/site-packages/airflow/example_dags/example_bash_decorator.py for tasks to queue
[2026-01-04T13:35:20.352+0000] {logging_mixin.py:190} INFO - [2026-01-04T13:35:20.352+0000] {dagbag.py:588} INFO - Filling up the DagBag from /workspaces/f1_data_team/venv/lib/python3.12/site-packages/airflow/example_dags/example_bash_decorator.py
[2026-01-04T13:35:20.364+0000] {processor.py:925} INFO - DAG(s) 'example_bash_decorator' retrieved from /workspaces/f1_data_team/venv/lib/python3.12/site-packages/airflow/example_dags/example_bash_decorator.py
[2026-01-04T13:35:20.379+0000] {logging_mixin.py:190} INFO - [2026-01-04T13:35:20.378+0000] {dag.py:3239} INFO - Sync 1 DAGs
[2026-01-04T13:35:20.388+0000] {logging_mixin.py:190} INFO - [2026-01-04T13:35:20.388+0000] {dag.py:4180} INFO - Setting next_dagrun for example_bash_decorator to None, run_after=None
[2026-01-04T13:35:20.403+0000] {processor.py:208} INFO - Processing /workspaces/f1_data_team/venv/lib/python3.12/site-packages/airflow/example_dags/example_bash_decorator.py took 0.058 seconds
[2026-01-04T13:36:36.983+0000] {processor.py:186} INFO - Started process (PID=69264) to work on /workspaces/f1_data_team/venv/lib/python3.12/site-packages/airflow/example_dags/example_bash_decorator.py
[2026-01-04T13:36:36.984+0000] {processor.py:914} INFO - Processing file /workspaces/f1_data_team/venv/lib/python3.12/site-packages/airflow/example_dags/example_bash_decorator.py for tasks to queue
[2026-01-04T13:36:36.986+0000] {logging_mixin.py:190} INFO - [2026-01-04T13:36:36.986+0000] {dagbag.py:588} INFO - Filling up the DagBag from /workspaces/f1_data_team/venv/lib/python3.12/site-packages/airflow/example_dags/example_bash_decorator.py
[2026-01-04T13:36:36.998+0000] {processor.py:925} INFO - DAG(s) 'example_bash_decorator' retrieved from /workspaces/f1_data_team/venv/lib/python3.12/site-packages/airflow/example_dags/example_bash_decorator.py
[2026-01-04T13:36:37.015+0000] {logging_mixin.py:190} INFO - [2026-01-04T13:36:37.015+0000] {dag.py:3239} INFO - Sync 1 DAGs
[2026-01-04T13:36:37.024+0000] {logging_mixin.py:190} INFO - [2026-01-04T13:36:37.024+0000] {dag.py:4180} INFO - Setting next_dagrun for example_bash_decorator to None, run_after=None
[2026-01-04T13:36:37.038+0000] {processor.py:208} INFO - Processing /workspaces/f1_data_team/venv/lib/python3.12/site-packages/airflow/example_dags/example_bash_decorator.py took 0.059 seconds
[2026-01-04T13:37:51.656+0000] {processor.py:186} INFO - Started process (PID=69850) to work on /workspaces/f1_data_team/venv/lib/python3.12/site-packages/airflow/example_dags/example_bash_decorator.py
[2026-01-04T13:37:51.657+0000] {processor.py:914} INFO - Processing file /workspaces/f1_data_team/venv/lib/python3.12/site-packages/airflow/example_dags/example_bash_decorator.py for tasks to queue
[2026-01-04T13:37:51.658+0000] {logging_mixin.py:190} INFO - [2026-01-04T13:37:51.658+0000] {dagbag.py:588} INFO - Filling up the DagBag from /workspaces/f1_data_team/venv/lib/python3.12/site-packages/airflow/example_dags/example_bash_decorator.py
[2026-01-04T13:37:51.671+0000] {processor.py:925} INFO - DAG(s) 'example_bash_decorator' retrieved from /workspaces/f1_data_team/venv/lib/python3.12/site-packages/airflow/example_dags/example_bash_decorator.py
[2026-01-04T13:37:51.685+0000] {logging_mixin.py:190} INFO - [2026-01-04T13:37:51.685+0000] {dag.py:3239} INFO - Sync 1 DAGs
[2026-01-04T13:37:51.694+0000] {logging_mixin.py:190} INFO - [2026-01-04T13:37:51.694+0000] {dag.py:4180} INFO - Setting next_dagrun for example_bash_decorator to None, run_after=None
[2026-01-04T13:37:51.708+0000] {processor.py:208} INFO - Processing /workspaces/f1_data_team/venv/lib/python3.12/site-packages/airflow/example_dags/example_bash_decorator.py took 0.057 seconds
