[2026-01-04T12:27:08.942+0000] {processor.py:186} INFO - Started process (PID=24723) to work on /workspaces/f1_data_team/venv/lib/python3.12/site-packages/airflow/example_dags/example_nested_branch_dag.py
[2026-01-04T12:27:08.943+0000] {processor.py:914} INFO - Processing file /workspaces/f1_data_team/venv/lib/python3.12/site-packages/airflow/example_dags/example_nested_branch_dag.py for tasks to queue
[2026-01-04T12:27:08.945+0000] {logging_mixin.py:190} INFO - [2026-01-04T12:27:08.945+0000] {dagbag.py:588} INFO - Filling up the DagBag from /workspaces/f1_data_team/venv/lib/python3.12/site-packages/airflow/example_dags/example_nested_branch_dag.py
[2026-01-04T12:27:08.958+0000] {processor.py:925} INFO - DAG(s) 'example_nested_branch_dag' retrieved from /workspaces/f1_data_team/venv/lib/python3.12/site-packages/airflow/example_dags/example_nested_branch_dag.py
[2026-01-04T12:27:09.042+0000] {logging_mixin.py:190} INFO - [2026-01-04T12:27:09.042+0000] {override.py:1911} INFO - Created Permission View: can read on DAG:example_nested_branch_dag
[2026-01-04T12:27:09.049+0000] {logging_mixin.py:190} INFO - [2026-01-04T12:27:09.049+0000] {override.py:1911} INFO - Created Permission View: can edit on DAG:example_nested_branch_dag
[2026-01-04T12:27:09.056+0000] {logging_mixin.py:190} INFO - [2026-01-04T12:27:09.056+0000] {override.py:1911} INFO - Created Permission View: can delete on DAG:example_nested_branch_dag
[2026-01-04T12:27:09.067+0000] {logging_mixin.py:190} INFO - [2026-01-04T12:27:09.067+0000] {override.py:1911} INFO - Created Permission View: can read on DAG Run:example_nested_branch_dag
[2026-01-04T12:27:09.073+0000] {logging_mixin.py:190} INFO - [2026-01-04T12:27:09.072+0000] {override.py:1911} INFO - Created Permission View: menu access on DAG Run:example_nested_branch_dag
[2026-01-04T12:27:09.078+0000] {logging_mixin.py:190} INFO - [2026-01-04T12:27:09.077+0000] {override.py:1911} INFO - Created Permission View: can create on DAG Run:example_nested_branch_dag
[2026-01-04T12:27:09.083+0000] {logging_mixin.py:190} INFO - [2026-01-04T12:27:09.082+0000] {override.py:1911} INFO - Created Permission View: can delete on DAG Run:example_nested_branch_dag
[2026-01-04T12:27:09.083+0000] {logging_mixin.py:190} INFO - [2026-01-04T12:27:09.083+0000] {dag.py:3239} INFO - Sync 1 DAGs
[2026-01-04T12:27:09.091+0000] {logging_mixin.py:190} INFO - [2026-01-04T12:27:09.091+0000] {dag.py:3262} INFO - Creating ORM DAG for example_nested_branch_dag
[2026-01-04T12:27:09.098+0000] {logging_mixin.py:190} INFO - [2026-01-04T12:27:09.098+0000] {dag.py:4180} INFO - Setting next_dagrun for example_nested_branch_dag to 2026-01-03 00:00:00+00:00, run_after=2026-01-04 00:00:00+00:00
[2026-01-04T12:27:09.112+0000] {processor.py:208} INFO - Processing /workspaces/f1_data_team/venv/lib/python3.12/site-packages/airflow/example_dags/example_nested_branch_dag.py took 0.179 seconds
[2026-01-04T12:28:08.493+0000] {processor.py:186} INFO - Started process (PID=25234) to work on /workspaces/f1_data_team/venv/lib/python3.12/site-packages/airflow/example_dags/example_nested_branch_dag.py
[2026-01-04T12:28:08.494+0000] {processor.py:914} INFO - Processing file /workspaces/f1_data_team/venv/lib/python3.12/site-packages/airflow/example_dags/example_nested_branch_dag.py for tasks to queue
[2026-01-04T12:28:08.495+0000] {logging_mixin.py:190} INFO - [2026-01-04T12:28:08.495+0000] {dagbag.py:588} INFO - Filling up the DagBag from /workspaces/f1_data_team/venv/lib/python3.12/site-packages/airflow/example_dags/example_nested_branch_dag.py
[2026-01-04T12:28:08.505+0000] {processor.py:925} INFO - DAG(s) 'example_nested_branch_dag' retrieved from /workspaces/f1_data_team/venv/lib/python3.12/site-packages/airflow/example_dags/example_nested_branch_dag.py
[2026-01-04T12:28:08.518+0000] {logging_mixin.py:190} INFO - [2026-01-04T12:28:08.518+0000] {dag.py:3239} INFO - Sync 1 DAGs
[2026-01-04T12:28:08.542+0000] {logging_mixin.py:190} INFO - [2026-01-04T12:28:08.542+0000] {dag.py:4180} INFO - Setting next_dagrun for example_nested_branch_dag to 2026-01-03 00:00:00+00:00, run_after=2026-01-04 00:00:00+00:00
[2026-01-04T12:28:08.559+0000] {processor.py:208} INFO - Processing /workspaces/f1_data_team/venv/lib/python3.12/site-packages/airflow/example_dags/example_nested_branch_dag.py took 0.071 seconds
[2026-01-04T12:29:06.477+0000] {processor.py:186} INFO - Started process (PID=26252) to work on /workspaces/f1_data_team/venv/lib/python3.12/site-packages/airflow/example_dags/example_nested_branch_dag.py
[2026-01-04T12:29:06.478+0000] {processor.py:914} INFO - Processing file /workspaces/f1_data_team/venv/lib/python3.12/site-packages/airflow/example_dags/example_nested_branch_dag.py for tasks to queue
[2026-01-04T12:29:06.481+0000] {logging_mixin.py:190} INFO - [2026-01-04T12:29:06.481+0000] {dagbag.py:588} INFO - Filling up the DagBag from /workspaces/f1_data_team/venv/lib/python3.12/site-packages/airflow/example_dags/example_nested_branch_dag.py
[2026-01-04T12:29:06.496+0000] {processor.py:925} INFO - DAG(s) 'example_nested_branch_dag' retrieved from /workspaces/f1_data_team/venv/lib/python3.12/site-packages/airflow/example_dags/example_nested_branch_dag.py
[2026-01-04T12:29:06.516+0000] {logging_mixin.py:190} INFO - [2026-01-04T12:29:06.515+0000] {dag.py:3239} INFO - Sync 1 DAGs
[2026-01-04T12:29:06.539+0000] {logging_mixin.py:190} INFO - [2026-01-04T12:29:06.539+0000] {dag.py:4180} INFO - Setting next_dagrun for example_nested_branch_dag to 2026-01-03 00:00:00+00:00, run_after=2026-01-04 00:00:00+00:00
[2026-01-04T12:29:06.555+0000] {processor.py:208} INFO - Processing /workspaces/f1_data_team/venv/lib/python3.12/site-packages/airflow/example_dags/example_nested_branch_dag.py took 0.085 seconds
[2026-01-04T12:30:46.881+0000] {processor.py:186} INFO - Started process (PID=27789) to work on /workspaces/f1_data_team/venv/lib/python3.12/site-packages/airflow/example_dags/example_nested_branch_dag.py
[2026-01-04T12:30:46.882+0000] {processor.py:914} INFO - Processing file /workspaces/f1_data_team/venv/lib/python3.12/site-packages/airflow/example_dags/example_nested_branch_dag.py for tasks to queue
[2026-01-04T12:30:46.884+0000] {logging_mixin.py:190} INFO - [2026-01-04T12:30:46.883+0000] {dagbag.py:588} INFO - Filling up the DagBag from /workspaces/f1_data_team/venv/lib/python3.12/site-packages/airflow/example_dags/example_nested_branch_dag.py
[2026-01-04T12:30:46.893+0000] {processor.py:925} INFO - DAG(s) 'example_nested_branch_dag' retrieved from /workspaces/f1_data_team/venv/lib/python3.12/site-packages/airflow/example_dags/example_nested_branch_dag.py
[2026-01-04T12:30:46.907+0000] {logging_mixin.py:190} INFO - [2026-01-04T12:30:46.907+0000] {dag.py:3239} INFO - Sync 1 DAGs
[2026-01-04T12:30:46.922+0000] {logging_mixin.py:190} INFO - [2026-01-04T12:30:46.922+0000] {dag.py:4180} INFO - Setting next_dagrun for example_nested_branch_dag to 2026-01-03 00:00:00+00:00, run_after=2026-01-04 00:00:00+00:00
[2026-01-04T12:30:46.938+0000] {processor.py:208} INFO - Processing /workspaces/f1_data_team/venv/lib/python3.12/site-packages/airflow/example_dags/example_nested_branch_dag.py took 0.062 seconds
[2026-01-04T12:31:46.159+0000] {processor.py:186} INFO - Started process (PID=28757) to work on /workspaces/f1_data_team/venv/lib/python3.12/site-packages/airflow/example_dags/example_nested_branch_dag.py
[2026-01-04T12:31:46.160+0000] {processor.py:914} INFO - Processing file /workspaces/f1_data_team/venv/lib/python3.12/site-packages/airflow/example_dags/example_nested_branch_dag.py for tasks to queue
[2026-01-04T12:31:46.162+0000] {logging_mixin.py:190} INFO - [2026-01-04T12:31:46.162+0000] {dagbag.py:588} INFO - Filling up the DagBag from /workspaces/f1_data_team/venv/lib/python3.12/site-packages/airflow/example_dags/example_nested_branch_dag.py
[2026-01-04T12:31:46.171+0000] {processor.py:925} INFO - DAG(s) 'example_nested_branch_dag' retrieved from /workspaces/f1_data_team/venv/lib/python3.12/site-packages/airflow/example_dags/example_nested_branch_dag.py
[2026-01-04T12:31:46.186+0000] {logging_mixin.py:190} INFO - [2026-01-04T12:31:46.186+0000] {dag.py:3239} INFO - Sync 1 DAGs
[2026-01-04T12:31:46.201+0000] {logging_mixin.py:190} INFO - [2026-01-04T12:31:46.201+0000] {dag.py:4180} INFO - Setting next_dagrun for example_nested_branch_dag to 2026-01-03 00:00:00+00:00, run_after=2026-01-04 00:00:00+00:00
[2026-01-04T12:31:46.216+0000] {processor.py:208} INFO - Processing /workspaces/f1_data_team/venv/lib/python3.12/site-packages/airflow/example_dags/example_nested_branch_dag.py took 0.062 seconds
[2026-01-04T12:32:53.480+0000] {processor.py:186} INFO - Started process (PID=29952) to work on /workspaces/f1_data_team/venv/lib/python3.12/site-packages/airflow/example_dags/example_nested_branch_dag.py
[2026-01-04T12:32:53.481+0000] {processor.py:914} INFO - Processing file /workspaces/f1_data_team/venv/lib/python3.12/site-packages/airflow/example_dags/example_nested_branch_dag.py for tasks to queue
[2026-01-04T12:32:53.483+0000] {logging_mixin.py:190} INFO - [2026-01-04T12:32:53.482+0000] {dagbag.py:588} INFO - Filling up the DagBag from /workspaces/f1_data_team/venv/lib/python3.12/site-packages/airflow/example_dags/example_nested_branch_dag.py
[2026-01-04T12:32:53.492+0000] {processor.py:925} INFO - DAG(s) 'example_nested_branch_dag' retrieved from /workspaces/f1_data_team/venv/lib/python3.12/site-packages/airflow/example_dags/example_nested_branch_dag.py
[2026-01-04T12:32:53.506+0000] {logging_mixin.py:190} INFO - [2026-01-04T12:32:53.506+0000] {dag.py:3239} INFO - Sync 1 DAGs
[2026-01-04T12:32:53.522+0000] {logging_mixin.py:190} INFO - [2026-01-04T12:32:53.521+0000] {dag.py:4180} INFO - Setting next_dagrun for example_nested_branch_dag to 2026-01-03 00:00:00+00:00, run_after=2026-01-04 00:00:00+00:00
[2026-01-04T12:32:53.536+0000] {processor.py:208} INFO - Processing /workspaces/f1_data_team/venv/lib/python3.12/site-packages/airflow/example_dags/example_nested_branch_dag.py took 0.061 seconds
[2026-01-04T12:33:56.398+0000] {processor.py:186} INFO - Started process (PID=30779) to work on /workspaces/f1_data_team/venv/lib/python3.12/site-packages/airflow/example_dags/example_nested_branch_dag.py
[2026-01-04T12:33:56.399+0000] {processor.py:914} INFO - Processing file /workspaces/f1_data_team/venv/lib/python3.12/site-packages/airflow/example_dags/example_nested_branch_dag.py for tasks to queue
[2026-01-04T12:33:56.401+0000] {logging_mixin.py:190} INFO - [2026-01-04T12:33:56.401+0000] {dagbag.py:588} INFO - Filling up the DagBag from /workspaces/f1_data_team/venv/lib/python3.12/site-packages/airflow/example_dags/example_nested_branch_dag.py
[2026-01-04T12:33:56.418+0000] {processor.py:925} INFO - DAG(s) 'example_nested_branch_dag' retrieved from /workspaces/f1_data_team/venv/lib/python3.12/site-packages/airflow/example_dags/example_nested_branch_dag.py
[2026-01-04T12:33:56.434+0000] {logging_mixin.py:190} INFO - [2026-01-04T12:33:56.433+0000] {dag.py:3239} INFO - Sync 1 DAGs
[2026-01-04T12:33:56.450+0000] {logging_mixin.py:190} INFO - [2026-01-04T12:33:56.450+0000] {dag.py:4180} INFO - Setting next_dagrun for example_nested_branch_dag to 2026-01-03 00:00:00+00:00, run_after=2026-01-04 00:00:00+00:00
[2026-01-04T12:33:56.465+0000] {processor.py:208} INFO - Processing /workspaces/f1_data_team/venv/lib/python3.12/site-packages/airflow/example_dags/example_nested_branch_dag.py took 0.071 seconds
[2026-01-04T12:34:51.295+0000] {processor.py:186} INFO - Started process (PID=31323) to work on /workspaces/f1_data_team/venv/lib/python3.12/site-packages/airflow/example_dags/example_nested_branch_dag.py
[2026-01-04T12:34:51.296+0000] {processor.py:914} INFO - Processing file /workspaces/f1_data_team/venv/lib/python3.12/site-packages/airflow/example_dags/example_nested_branch_dag.py for tasks to queue
[2026-01-04T12:34:51.298+0000] {logging_mixin.py:190} INFO - [2026-01-04T12:34:51.298+0000] {dagbag.py:588} INFO - Filling up the DagBag from /workspaces/f1_data_team/venv/lib/python3.12/site-packages/airflow/example_dags/example_nested_branch_dag.py
[2026-01-04T12:34:51.307+0000] {processor.py:925} INFO - DAG(s) 'example_nested_branch_dag' retrieved from /workspaces/f1_data_team/venv/lib/python3.12/site-packages/airflow/example_dags/example_nested_branch_dag.py
[2026-01-04T12:34:51.321+0000] {logging_mixin.py:190} INFO - [2026-01-04T12:34:51.321+0000] {dag.py:3239} INFO - Sync 1 DAGs
[2026-01-04T12:34:51.337+0000] {logging_mixin.py:190} INFO - [2026-01-04T12:34:51.337+0000] {dag.py:4180} INFO - Setting next_dagrun for example_nested_branch_dag to 2026-01-03 00:00:00+00:00, run_after=2026-01-04 00:00:00+00:00
[2026-01-04T12:34:51.351+0000] {processor.py:208} INFO - Processing /workspaces/f1_data_team/venv/lib/python3.12/site-packages/airflow/example_dags/example_nested_branch_dag.py took 0.060 seconds
[2026-01-04T12:35:47.755+0000] {processor.py:186} INFO - Started process (PID=31887) to work on /workspaces/f1_data_team/venv/lib/python3.12/site-packages/airflow/example_dags/example_nested_branch_dag.py
[2026-01-04T12:35:47.756+0000] {processor.py:914} INFO - Processing file /workspaces/f1_data_team/venv/lib/python3.12/site-packages/airflow/example_dags/example_nested_branch_dag.py for tasks to queue
[2026-01-04T12:35:47.757+0000] {logging_mixin.py:190} INFO - [2026-01-04T12:35:47.757+0000] {dagbag.py:588} INFO - Filling up the DagBag from /workspaces/f1_data_team/venv/lib/python3.12/site-packages/airflow/example_dags/example_nested_branch_dag.py
[2026-01-04T12:35:47.767+0000] {processor.py:925} INFO - DAG(s) 'example_nested_branch_dag' retrieved from /workspaces/f1_data_team/venv/lib/python3.12/site-packages/airflow/example_dags/example_nested_branch_dag.py
[2026-01-04T12:35:47.780+0000] {logging_mixin.py:190} INFO - [2026-01-04T12:35:47.780+0000] {dag.py:3239} INFO - Sync 1 DAGs
[2026-01-04T12:35:47.796+0000] {logging_mixin.py:190} INFO - [2026-01-04T12:35:47.796+0000] {dag.py:4180} INFO - Setting next_dagrun for example_nested_branch_dag to 2026-01-03 00:00:00+00:00, run_after=2026-01-04 00:00:00+00:00
[2026-01-04T12:35:47.811+0000] {processor.py:208} INFO - Processing /workspaces/f1_data_team/venv/lib/python3.12/site-packages/airflow/example_dags/example_nested_branch_dag.py took 0.061 seconds
[2026-01-04T12:36:39.983+0000] {processor.py:186} INFO - Started process (PID=32480) to work on /workspaces/f1_data_team/venv/lib/python3.12/site-packages/airflow/example_dags/example_nested_branch_dag.py
[2026-01-04T12:36:39.984+0000] {processor.py:914} INFO - Processing file /workspaces/f1_data_team/venv/lib/python3.12/site-packages/airflow/example_dags/example_nested_branch_dag.py for tasks to queue
[2026-01-04T12:36:39.986+0000] {logging_mixin.py:190} INFO - [2026-01-04T12:36:39.986+0000] {dagbag.py:588} INFO - Filling up the DagBag from /workspaces/f1_data_team/venv/lib/python3.12/site-packages/airflow/example_dags/example_nested_branch_dag.py
[2026-01-04T12:36:39.995+0000] {processor.py:925} INFO - DAG(s) 'example_nested_branch_dag' retrieved from /workspaces/f1_data_team/venv/lib/python3.12/site-packages/airflow/example_dags/example_nested_branch_dag.py
[2026-01-04T12:36:40.008+0000] {logging_mixin.py:190} INFO - [2026-01-04T12:36:40.008+0000] {dag.py:3239} INFO - Sync 1 DAGs
[2026-01-04T12:36:40.030+0000] {logging_mixin.py:190} INFO - [2026-01-04T12:36:40.030+0000] {dag.py:4180} INFO - Setting next_dagrun for example_nested_branch_dag to 2026-01-03 00:00:00+00:00, run_after=2026-01-04 00:00:00+00:00
[2026-01-04T12:36:40.067+0000] {processor.py:208} INFO - Processing /workspaces/f1_data_team/venv/lib/python3.12/site-packages/airflow/example_dags/example_nested_branch_dag.py took 0.088 seconds
[2026-01-04T12:37:33.179+0000] {processor.py:186} INFO - Started process (PID=33102) to work on /workspaces/f1_data_team/venv/lib/python3.12/site-packages/airflow/example_dags/example_nested_branch_dag.py
[2026-01-04T12:37:33.180+0000] {processor.py:914} INFO - Processing file /workspaces/f1_data_team/venv/lib/python3.12/site-packages/airflow/example_dags/example_nested_branch_dag.py for tasks to queue
[2026-01-04T12:37:33.182+0000] {logging_mixin.py:190} INFO - [2026-01-04T12:37:33.182+0000] {dagbag.py:588} INFO - Filling up the DagBag from /workspaces/f1_data_team/venv/lib/python3.12/site-packages/airflow/example_dags/example_nested_branch_dag.py
[2026-01-04T12:37:33.193+0000] {processor.py:925} INFO - DAG(s) 'example_nested_branch_dag' retrieved from /workspaces/f1_data_team/venv/lib/python3.12/site-packages/airflow/example_dags/example_nested_branch_dag.py
[2026-01-04T12:37:33.206+0000] {logging_mixin.py:190} INFO - [2026-01-04T12:37:33.206+0000] {dag.py:3239} INFO - Sync 1 DAGs
[2026-01-04T12:37:33.222+0000] {logging_mixin.py:190} INFO - [2026-01-04T12:37:33.221+0000] {dag.py:4180} INFO - Setting next_dagrun for example_nested_branch_dag to 2026-01-03 00:00:00+00:00, run_after=2026-01-04 00:00:00+00:00
[2026-01-04T12:37:33.236+0000] {processor.py:208} INFO - Processing /workspaces/f1_data_team/venv/lib/python3.12/site-packages/airflow/example_dags/example_nested_branch_dag.py took 0.063 seconds
[2026-01-04T12:38:25.401+0000] {processor.py:186} INFO - Started process (PID=33864) to work on /workspaces/f1_data_team/venv/lib/python3.12/site-packages/airflow/example_dags/example_nested_branch_dag.py
[2026-01-04T12:38:25.402+0000] {processor.py:914} INFO - Processing file /workspaces/f1_data_team/venv/lib/python3.12/site-packages/airflow/example_dags/example_nested_branch_dag.py for tasks to queue
[2026-01-04T12:38:25.404+0000] {logging_mixin.py:190} INFO - [2026-01-04T12:38:25.404+0000] {dagbag.py:588} INFO - Filling up the DagBag from /workspaces/f1_data_team/venv/lib/python3.12/site-packages/airflow/example_dags/example_nested_branch_dag.py
[2026-01-04T12:38:25.413+0000] {processor.py:925} INFO - DAG(s) 'example_nested_branch_dag' retrieved from /workspaces/f1_data_team/venv/lib/python3.12/site-packages/airflow/example_dags/example_nested_branch_dag.py
[2026-01-04T12:38:25.426+0000] {logging_mixin.py:190} INFO - [2026-01-04T12:38:25.426+0000] {dag.py:3239} INFO - Sync 1 DAGs
[2026-01-04T12:38:25.442+0000] {logging_mixin.py:190} INFO - [2026-01-04T12:38:25.442+0000] {dag.py:4180} INFO - Setting next_dagrun for example_nested_branch_dag to 2026-01-03 00:00:00+00:00, run_after=2026-01-04 00:00:00+00:00
[2026-01-04T12:38:25.458+0000] {processor.py:208} INFO - Processing /workspaces/f1_data_team/venv/lib/python3.12/site-packages/airflow/example_dags/example_nested_branch_dag.py took 0.061 seconds
[2026-01-04T12:39:17.626+0000] {processor.py:186} INFO - Started process (PID=34277) to work on /workspaces/f1_data_team/venv/lib/python3.12/site-packages/airflow/example_dags/example_nested_branch_dag.py
[2026-01-04T12:39:17.627+0000] {processor.py:914} INFO - Processing file /workspaces/f1_data_team/venv/lib/python3.12/site-packages/airflow/example_dags/example_nested_branch_dag.py for tasks to queue
[2026-01-04T12:39:17.633+0000] {logging_mixin.py:190} INFO - [2026-01-04T12:39:17.631+0000] {dagbag.py:588} INFO - Filling up the DagBag from /workspaces/f1_data_team/venv/lib/python3.12/site-packages/airflow/example_dags/example_nested_branch_dag.py
[2026-01-04T12:39:17.647+0000] {processor.py:925} INFO - DAG(s) 'example_nested_branch_dag' retrieved from /workspaces/f1_data_team/venv/lib/python3.12/site-packages/airflow/example_dags/example_nested_branch_dag.py
[2026-01-04T12:39:17.667+0000] {logging_mixin.py:190} INFO - [2026-01-04T12:39:17.666+0000] {dag.py:3239} INFO - Sync 1 DAGs
[2026-01-04T12:39:17.686+0000] {logging_mixin.py:190} INFO - [2026-01-04T12:39:17.686+0000] {dag.py:4180} INFO - Setting next_dagrun for example_nested_branch_dag to 2026-01-03 00:00:00+00:00, run_after=2026-01-04 00:00:00+00:00
[2026-01-04T12:39:17.706+0000] {processor.py:208} INFO - Processing /workspaces/f1_data_team/venv/lib/python3.12/site-packages/airflow/example_dags/example_nested_branch_dag.py took 0.087 seconds
[2026-01-04T12:40:12.014+0000] {processor.py:186} INFO - Started process (PID=34827) to work on /workspaces/f1_data_team/venv/lib/python3.12/site-packages/airflow/example_dags/example_nested_branch_dag.py
[2026-01-04T12:40:12.014+0000] {processor.py:914} INFO - Processing file /workspaces/f1_data_team/venv/lib/python3.12/site-packages/airflow/example_dags/example_nested_branch_dag.py for tasks to queue
[2026-01-04T12:40:12.016+0000] {logging_mixin.py:190} INFO - [2026-01-04T12:40:12.016+0000] {dagbag.py:588} INFO - Filling up the DagBag from /workspaces/f1_data_team/venv/lib/python3.12/site-packages/airflow/example_dags/example_nested_branch_dag.py
[2026-01-04T12:40:12.026+0000] {processor.py:925} INFO - DAG(s) 'example_nested_branch_dag' retrieved from /workspaces/f1_data_team/venv/lib/python3.12/site-packages/airflow/example_dags/example_nested_branch_dag.py
[2026-01-04T12:40:12.039+0000] {logging_mixin.py:190} INFO - [2026-01-04T12:40:12.039+0000] {dag.py:3239} INFO - Sync 1 DAGs
[2026-01-04T12:40:12.056+0000] {logging_mixin.py:190} INFO - [2026-01-04T12:40:12.055+0000] {dag.py:4180} INFO - Setting next_dagrun for example_nested_branch_dag to 2026-01-03 00:00:00+00:00, run_after=2026-01-04 00:00:00+00:00
[2026-01-04T12:40:12.071+0000] {processor.py:208} INFO - Processing /workspaces/f1_data_team/venv/lib/python3.12/site-packages/airflow/example_dags/example_nested_branch_dag.py took 0.062 seconds
[2026-01-04T12:41:52.088+0000] {processor.py:186} INFO - Started process (PID=36103) to work on /workspaces/f1_data_team/venv/lib/python3.12/site-packages/airflow/example_dags/example_nested_branch_dag.py
[2026-01-04T12:41:52.089+0000] {processor.py:914} INFO - Processing file /workspaces/f1_data_team/venv/lib/python3.12/site-packages/airflow/example_dags/example_nested_branch_dag.py for tasks to queue
[2026-01-04T12:41:52.091+0000] {logging_mixin.py:190} INFO - [2026-01-04T12:41:52.090+0000] {dagbag.py:588} INFO - Filling up the DagBag from /workspaces/f1_data_team/venv/lib/python3.12/site-packages/airflow/example_dags/example_nested_branch_dag.py
[2026-01-04T12:41:52.100+0000] {processor.py:925} INFO - DAG(s) 'example_nested_branch_dag' retrieved from /workspaces/f1_data_team/venv/lib/python3.12/site-packages/airflow/example_dags/example_nested_branch_dag.py
[2026-01-04T12:41:52.115+0000] {logging_mixin.py:190} INFO - [2026-01-04T12:41:52.114+0000] {dag.py:3239} INFO - Sync 1 DAGs
[2026-01-04T12:41:52.130+0000] {logging_mixin.py:190} INFO - [2026-01-04T12:41:52.130+0000] {dag.py:4180} INFO - Setting next_dagrun for example_nested_branch_dag to 2026-01-03 00:00:00+00:00, run_after=2026-01-04 00:00:00+00:00
[2026-01-04T12:41:52.145+0000] {processor.py:208} INFO - Processing /workspaces/f1_data_team/venv/lib/python3.12/site-packages/airflow/example_dags/example_nested_branch_dag.py took 0.062 seconds
[2026-01-04T12:43:03.561+0000] {processor.py:186} INFO - Started process (PID=37150) to work on /workspaces/f1_data_team/venv/lib/python3.12/site-packages/airflow/example_dags/example_nested_branch_dag.py
[2026-01-04T12:43:03.562+0000] {processor.py:914} INFO - Processing file /workspaces/f1_data_team/venv/lib/python3.12/site-packages/airflow/example_dags/example_nested_branch_dag.py for tasks to queue
[2026-01-04T12:43:03.564+0000] {logging_mixin.py:190} INFO - [2026-01-04T12:43:03.564+0000] {dagbag.py:588} INFO - Filling up the DagBag from /workspaces/f1_data_team/venv/lib/python3.12/site-packages/airflow/example_dags/example_nested_branch_dag.py
[2026-01-04T12:43:03.573+0000] {processor.py:925} INFO - DAG(s) 'example_nested_branch_dag' retrieved from /workspaces/f1_data_team/venv/lib/python3.12/site-packages/airflow/example_dags/example_nested_branch_dag.py
[2026-01-04T12:43:03.587+0000] {logging_mixin.py:190} INFO - [2026-01-04T12:43:03.586+0000] {dag.py:3239} INFO - Sync 1 DAGs
[2026-01-04T12:43:03.602+0000] {logging_mixin.py:190} INFO - [2026-01-04T12:43:03.602+0000] {dag.py:4180} INFO - Setting next_dagrun for example_nested_branch_dag to 2026-01-03 00:00:00+00:00, run_after=2026-01-04 00:00:00+00:00
[2026-01-04T12:43:03.617+0000] {processor.py:208} INFO - Processing /workspaces/f1_data_team/venv/lib/python3.12/site-packages/airflow/example_dags/example_nested_branch_dag.py took 0.060 seconds
[2026-01-04T12:43:59.350+0000] {processor.py:186} INFO - Started process (PID=37823) to work on /workspaces/f1_data_team/venv/lib/python3.12/site-packages/airflow/example_dags/example_nested_branch_dag.py
[2026-01-04T12:43:59.351+0000] {processor.py:914} INFO - Processing file /workspaces/f1_data_team/venv/lib/python3.12/site-packages/airflow/example_dags/example_nested_branch_dag.py for tasks to queue
[2026-01-04T12:43:59.353+0000] {logging_mixin.py:190} INFO - [2026-01-04T12:43:59.353+0000] {dagbag.py:588} INFO - Filling up the DagBag from /workspaces/f1_data_team/venv/lib/python3.12/site-packages/airflow/example_dags/example_nested_branch_dag.py
[2026-01-04T12:43:59.362+0000] {processor.py:925} INFO - DAG(s) 'example_nested_branch_dag' retrieved from /workspaces/f1_data_team/venv/lib/python3.12/site-packages/airflow/example_dags/example_nested_branch_dag.py
[2026-01-04T12:43:59.375+0000] {logging_mixin.py:190} INFO - [2026-01-04T12:43:59.375+0000] {dag.py:3239} INFO - Sync 1 DAGs
[2026-01-04T12:43:59.391+0000] {logging_mixin.py:190} INFO - [2026-01-04T12:43:59.391+0000] {dag.py:4180} INFO - Setting next_dagrun for example_nested_branch_dag to 2026-01-03 00:00:00+00:00, run_after=2026-01-04 00:00:00+00:00
[2026-01-04T12:43:59.405+0000] {processor.py:208} INFO - Processing /workspaces/f1_data_team/venv/lib/python3.12/site-packages/airflow/example_dags/example_nested_branch_dag.py took 0.059 seconds
[2026-01-04T12:44:53.692+0000] {processor.py:186} INFO - Started process (PID=38676) to work on /workspaces/f1_data_team/venv/lib/python3.12/site-packages/airflow/example_dags/example_nested_branch_dag.py
[2026-01-04T12:44:53.693+0000] {processor.py:914} INFO - Processing file /workspaces/f1_data_team/venv/lib/python3.12/site-packages/airflow/example_dags/example_nested_branch_dag.py for tasks to queue
[2026-01-04T12:44:53.695+0000] {logging_mixin.py:190} INFO - [2026-01-04T12:44:53.694+0000] {dagbag.py:588} INFO - Filling up the DagBag from /workspaces/f1_data_team/venv/lib/python3.12/site-packages/airflow/example_dags/example_nested_branch_dag.py
[2026-01-04T12:44:53.704+0000] {processor.py:925} INFO - DAG(s) 'example_nested_branch_dag' retrieved from /workspaces/f1_data_team/venv/lib/python3.12/site-packages/airflow/example_dags/example_nested_branch_dag.py
[2026-01-04T12:44:53.717+0000] {logging_mixin.py:190} INFO - [2026-01-04T12:44:53.717+0000] {dag.py:3239} INFO - Sync 1 DAGs
[2026-01-04T12:44:53.733+0000] {logging_mixin.py:190} INFO - [2026-01-04T12:44:53.733+0000] {dag.py:4180} INFO - Setting next_dagrun for example_nested_branch_dag to 2026-01-03 00:00:00+00:00, run_after=2026-01-04 00:00:00+00:00
[2026-01-04T12:44:53.747+0000] {processor.py:208} INFO - Processing /workspaces/f1_data_team/venv/lib/python3.12/site-packages/airflow/example_dags/example_nested_branch_dag.py took 0.060 seconds
[2026-01-04T12:45:57.991+0000] {processor.py:186} INFO - Started process (PID=39629) to work on /workspaces/f1_data_team/venv/lib/python3.12/site-packages/airflow/example_dags/example_nested_branch_dag.py
[2026-01-04T12:45:57.992+0000] {processor.py:914} INFO - Processing file /workspaces/f1_data_team/venv/lib/python3.12/site-packages/airflow/example_dags/example_nested_branch_dag.py for tasks to queue
[2026-01-04T12:45:57.993+0000] {logging_mixin.py:190} INFO - [2026-01-04T12:45:57.993+0000] {dagbag.py:588} INFO - Filling up the DagBag from /workspaces/f1_data_team/venv/lib/python3.12/site-packages/airflow/example_dags/example_nested_branch_dag.py
[2026-01-04T12:45:58.002+0000] {processor.py:925} INFO - DAG(s) 'example_nested_branch_dag' retrieved from /workspaces/f1_data_team/venv/lib/python3.12/site-packages/airflow/example_dags/example_nested_branch_dag.py
[2026-01-04T12:45:58.016+0000] {logging_mixin.py:190} INFO - [2026-01-04T12:45:58.015+0000] {dag.py:3239} INFO - Sync 1 DAGs
[2026-01-04T12:45:58.032+0000] {logging_mixin.py:190} INFO - [2026-01-04T12:45:58.031+0000] {dag.py:4180} INFO - Setting next_dagrun for example_nested_branch_dag to 2026-01-03 00:00:00+00:00, run_after=2026-01-04 00:00:00+00:00
[2026-01-04T12:45:58.046+0000] {processor.py:208} INFO - Processing /workspaces/f1_data_team/venv/lib/python3.12/site-packages/airflow/example_dags/example_nested_branch_dag.py took 0.060 seconds
[2026-01-04T12:46:49.486+0000] {processor.py:186} INFO - Started process (PID=40172) to work on /workspaces/f1_data_team/venv/lib/python3.12/site-packages/airflow/example_dags/example_nested_branch_dag.py
[2026-01-04T12:46:49.487+0000] {processor.py:914} INFO - Processing file /workspaces/f1_data_team/venv/lib/python3.12/site-packages/airflow/example_dags/example_nested_branch_dag.py for tasks to queue
[2026-01-04T12:46:49.488+0000] {logging_mixin.py:190} INFO - [2026-01-04T12:46:49.488+0000] {dagbag.py:588} INFO - Filling up the DagBag from /workspaces/f1_data_team/venv/lib/python3.12/site-packages/airflow/example_dags/example_nested_branch_dag.py
[2026-01-04T12:46:49.498+0000] {processor.py:925} INFO - DAG(s) 'example_nested_branch_dag' retrieved from /workspaces/f1_data_team/venv/lib/python3.12/site-packages/airflow/example_dags/example_nested_branch_dag.py
[2026-01-04T12:46:49.511+0000] {logging_mixin.py:190} INFO - [2026-01-04T12:46:49.511+0000] {dag.py:3239} INFO - Sync 1 DAGs
[2026-01-04T12:46:49.527+0000] {logging_mixin.py:190} INFO - [2026-01-04T12:46:49.527+0000] {dag.py:4180} INFO - Setting next_dagrun for example_nested_branch_dag to 2026-01-03 00:00:00+00:00, run_after=2026-01-04 00:00:00+00:00
[2026-01-04T12:46:49.542+0000] {processor.py:208} INFO - Processing /workspaces/f1_data_team/venv/lib/python3.12/site-packages/airflow/example_dags/example_nested_branch_dag.py took 0.061 seconds
[2026-01-04T12:47:41.081+0000] {processor.py:186} INFO - Started process (PID=40677) to work on /workspaces/f1_data_team/venv/lib/python3.12/site-packages/airflow/example_dags/example_nested_branch_dag.py
[2026-01-04T12:47:41.082+0000] {processor.py:914} INFO - Processing file /workspaces/f1_data_team/venv/lib/python3.12/site-packages/airflow/example_dags/example_nested_branch_dag.py for tasks to queue
[2026-01-04T12:47:41.084+0000] {logging_mixin.py:190} INFO - [2026-01-04T12:47:41.083+0000] {dagbag.py:588} INFO - Filling up the DagBag from /workspaces/f1_data_team/venv/lib/python3.12/site-packages/airflow/example_dags/example_nested_branch_dag.py
[2026-01-04T12:47:41.093+0000] {processor.py:925} INFO - DAG(s) 'example_nested_branch_dag' retrieved from /workspaces/f1_data_team/venv/lib/python3.12/site-packages/airflow/example_dags/example_nested_branch_dag.py
[2026-01-04T12:47:41.106+0000] {logging_mixin.py:190} INFO - [2026-01-04T12:47:41.106+0000] {dag.py:3239} INFO - Sync 1 DAGs
[2026-01-04T12:47:41.123+0000] {logging_mixin.py:190} INFO - [2026-01-04T12:47:41.123+0000] {dag.py:4180} INFO - Setting next_dagrun for example_nested_branch_dag to 2026-01-03 00:00:00+00:00, run_after=2026-01-04 00:00:00+00:00
[2026-01-04T12:47:41.144+0000] {processor.py:208} INFO - Processing /workspaces/f1_data_team/venv/lib/python3.12/site-packages/airflow/example_dags/example_nested_branch_dag.py took 0.069 seconds
[2026-01-04T12:49:12.908+0000] {processor.py:186} INFO - Started process (PID=42187) to work on /workspaces/f1_data_team/venv/lib/python3.12/site-packages/airflow/example_dags/example_nested_branch_dag.py
[2026-01-04T12:49:12.909+0000] {processor.py:914} INFO - Processing file /workspaces/f1_data_team/venv/lib/python3.12/site-packages/airflow/example_dags/example_nested_branch_dag.py for tasks to queue
[2026-01-04T12:49:12.911+0000] {logging_mixin.py:190} INFO - [2026-01-04T12:49:12.910+0000] {dagbag.py:588} INFO - Filling up the DagBag from /workspaces/f1_data_team/venv/lib/python3.12/site-packages/airflow/example_dags/example_nested_branch_dag.py
[2026-01-04T12:49:12.920+0000] {processor.py:925} INFO - DAG(s) 'example_nested_branch_dag' retrieved from /workspaces/f1_data_team/venv/lib/python3.12/site-packages/airflow/example_dags/example_nested_branch_dag.py
[2026-01-04T12:49:12.935+0000] {logging_mixin.py:190} INFO - [2026-01-04T12:49:12.934+0000] {dag.py:3239} INFO - Sync 1 DAGs
[2026-01-04T12:49:12.950+0000] {logging_mixin.py:190} INFO - [2026-01-04T12:49:12.950+0000] {dag.py:4180} INFO - Setting next_dagrun for example_nested_branch_dag to 2026-01-03 00:00:00+00:00, run_after=2026-01-04 00:00:00+00:00
[2026-01-04T12:49:12.968+0000] {processor.py:208} INFO - Processing /workspaces/f1_data_team/venv/lib/python3.12/site-packages/airflow/example_dags/example_nested_branch_dag.py took 0.065 seconds
[2026-01-04T12:50:09.501+0000] {processor.py:186} INFO - Started process (PID=42704) to work on /workspaces/f1_data_team/venv/lib/python3.12/site-packages/airflow/example_dags/example_nested_branch_dag.py
[2026-01-04T12:50:09.501+0000] {processor.py:914} INFO - Processing file /workspaces/f1_data_team/venv/lib/python3.12/site-packages/airflow/example_dags/example_nested_branch_dag.py for tasks to queue
[2026-01-04T12:50:09.503+0000] {logging_mixin.py:190} INFO - [2026-01-04T12:50:09.503+0000] {dagbag.py:588} INFO - Filling up the DagBag from /workspaces/f1_data_team/venv/lib/python3.12/site-packages/airflow/example_dags/example_nested_branch_dag.py
[2026-01-04T12:50:09.513+0000] {processor.py:925} INFO - DAG(s) 'example_nested_branch_dag' retrieved from /workspaces/f1_data_team/venv/lib/python3.12/site-packages/airflow/example_dags/example_nested_branch_dag.py
[2026-01-04T12:50:09.526+0000] {logging_mixin.py:190} INFO - [2026-01-04T12:50:09.525+0000] {dag.py:3239} INFO - Sync 1 DAGs
[2026-01-04T12:50:09.541+0000] {logging_mixin.py:190} INFO - [2026-01-04T12:50:09.541+0000] {dag.py:4180} INFO - Setting next_dagrun for example_nested_branch_dag to 2026-01-03 00:00:00+00:00, run_after=2026-01-04 00:00:00+00:00
[2026-01-04T12:50:09.556+0000] {processor.py:208} INFO - Processing /workspaces/f1_data_team/venv/lib/python3.12/site-packages/airflow/example_dags/example_nested_branch_dag.py took 0.060 seconds
[2026-01-04T12:51:46.931+0000] {processor.py:186} INFO - Started process (PID=44222) to work on /workspaces/f1_data_team/venv/lib/python3.12/site-packages/airflow/example_dags/example_nested_branch_dag.py
[2026-01-04T12:51:46.932+0000] {processor.py:914} INFO - Processing file /workspaces/f1_data_team/venv/lib/python3.12/site-packages/airflow/example_dags/example_nested_branch_dag.py for tasks to queue
[2026-01-04T12:51:46.934+0000] {logging_mixin.py:190} INFO - [2026-01-04T12:51:46.933+0000] {dagbag.py:588} INFO - Filling up the DagBag from /workspaces/f1_data_team/venv/lib/python3.12/site-packages/airflow/example_dags/example_nested_branch_dag.py
[2026-01-04T12:51:46.943+0000] {processor.py:925} INFO - DAG(s) 'example_nested_branch_dag' retrieved from /workspaces/f1_data_team/venv/lib/python3.12/site-packages/airflow/example_dags/example_nested_branch_dag.py
[2026-01-04T12:51:46.958+0000] {logging_mixin.py:190} INFO - [2026-01-04T12:51:46.957+0000] {dag.py:3239} INFO - Sync 1 DAGs
[2026-01-04T12:51:46.973+0000] {logging_mixin.py:190} INFO - [2026-01-04T12:51:46.973+0000] {dag.py:4180} INFO - Setting next_dagrun for example_nested_branch_dag to 2026-01-03 00:00:00+00:00, run_after=2026-01-04 00:00:00+00:00
[2026-01-04T12:51:46.988+0000] {processor.py:208} INFO - Processing /workspaces/f1_data_team/venv/lib/python3.12/site-packages/airflow/example_dags/example_nested_branch_dag.py took 0.062 seconds
[2026-01-04T12:52:45.683+0000] {processor.py:186} INFO - Started process (PID=45105) to work on /workspaces/f1_data_team/venv/lib/python3.12/site-packages/airflow/example_dags/example_nested_branch_dag.py
[2026-01-04T12:52:45.684+0000] {processor.py:914} INFO - Processing file /workspaces/f1_data_team/venv/lib/python3.12/site-packages/airflow/example_dags/example_nested_branch_dag.py for tasks to queue
[2026-01-04T12:52:45.686+0000] {logging_mixin.py:190} INFO - [2026-01-04T12:52:45.686+0000] {dagbag.py:588} INFO - Filling up the DagBag from /workspaces/f1_data_team/venv/lib/python3.12/site-packages/airflow/example_dags/example_nested_branch_dag.py
[2026-01-04T12:52:45.695+0000] {processor.py:925} INFO - DAG(s) 'example_nested_branch_dag' retrieved from /workspaces/f1_data_team/venv/lib/python3.12/site-packages/airflow/example_dags/example_nested_branch_dag.py
[2026-01-04T12:52:45.709+0000] {logging_mixin.py:190} INFO - [2026-01-04T12:52:45.708+0000] {dag.py:3239} INFO - Sync 1 DAGs
[2026-01-04T12:52:45.724+0000] {logging_mixin.py:190} INFO - [2026-01-04T12:52:45.724+0000] {dag.py:4180} INFO - Setting next_dagrun for example_nested_branch_dag to 2026-01-03 00:00:00+00:00, run_after=2026-01-04 00:00:00+00:00
[2026-01-04T12:52:45.739+0000] {processor.py:208} INFO - Processing /workspaces/f1_data_team/venv/lib/python3.12/site-packages/airflow/example_dags/example_nested_branch_dag.py took 0.060 seconds
[2026-01-04T12:53:41.579+0000] {processor.py:186} INFO - Started process (PID=45952) to work on /workspaces/f1_data_team/venv/lib/python3.12/site-packages/airflow/example_dags/example_nested_branch_dag.py
[2026-01-04T12:53:41.580+0000] {processor.py:914} INFO - Processing file /workspaces/f1_data_team/venv/lib/python3.12/site-packages/airflow/example_dags/example_nested_branch_dag.py for tasks to queue
[2026-01-04T12:53:41.583+0000] {logging_mixin.py:190} INFO - [2026-01-04T12:53:41.583+0000] {dagbag.py:588} INFO - Filling up the DagBag from /workspaces/f1_data_team/venv/lib/python3.12/site-packages/airflow/example_dags/example_nested_branch_dag.py
[2026-01-04T12:53:41.596+0000] {processor.py:925} INFO - DAG(s) 'example_nested_branch_dag' retrieved from /workspaces/f1_data_team/venv/lib/python3.12/site-packages/airflow/example_dags/example_nested_branch_dag.py
[2026-01-04T12:53:41.615+0000] {logging_mixin.py:190} INFO - [2026-01-04T12:53:41.615+0000] {dag.py:3239} INFO - Sync 1 DAGs
[2026-01-04T12:53:41.631+0000] {logging_mixin.py:190} INFO - [2026-01-04T12:53:41.631+0000] {dag.py:4180} INFO - Setting next_dagrun for example_nested_branch_dag to 2026-01-03 00:00:00+00:00, run_after=2026-01-04 00:00:00+00:00
[2026-01-04T12:53:41.645+0000] {processor.py:208} INFO - Processing /workspaces/f1_data_team/venv/lib/python3.12/site-packages/airflow/example_dags/example_nested_branch_dag.py took 0.072 seconds
[2026-01-04T12:54:38.619+0000] {processor.py:186} INFO - Started process (PID=46807) to work on /workspaces/f1_data_team/venv/lib/python3.12/site-packages/airflow/example_dags/example_nested_branch_dag.py
[2026-01-04T12:54:38.620+0000] {processor.py:914} INFO - Processing file /workspaces/f1_data_team/venv/lib/python3.12/site-packages/airflow/example_dags/example_nested_branch_dag.py for tasks to queue
[2026-01-04T12:54:38.622+0000] {logging_mixin.py:190} INFO - [2026-01-04T12:54:38.621+0000] {dagbag.py:588} INFO - Filling up the DagBag from /workspaces/f1_data_team/venv/lib/python3.12/site-packages/airflow/example_dags/example_nested_branch_dag.py
[2026-01-04T12:54:38.631+0000] {processor.py:925} INFO - DAG(s) 'example_nested_branch_dag' retrieved from /workspaces/f1_data_team/venv/lib/python3.12/site-packages/airflow/example_dags/example_nested_branch_dag.py
[2026-01-04T12:54:38.645+0000] {logging_mixin.py:190} INFO - [2026-01-04T12:54:38.644+0000] {dag.py:3239} INFO - Sync 1 DAGs
[2026-01-04T12:54:38.661+0000] {logging_mixin.py:190} INFO - [2026-01-04T12:54:38.661+0000] {dag.py:4180} INFO - Setting next_dagrun for example_nested_branch_dag to 2026-01-03 00:00:00+00:00, run_after=2026-01-04 00:00:00+00:00
[2026-01-04T12:54:38.675+0000] {processor.py:208} INFO - Processing /workspaces/f1_data_team/venv/lib/python3.12/site-packages/airflow/example_dags/example_nested_branch_dag.py took 0.061 seconds
[2026-01-04T12:55:59.025+0000] {processor.py:186} INFO - Started process (PID=47919) to work on /workspaces/f1_data_team/venv/lib/python3.12/site-packages/airflow/example_dags/example_nested_branch_dag.py
[2026-01-04T12:55:59.026+0000] {processor.py:914} INFO - Processing file /workspaces/f1_data_team/venv/lib/python3.12/site-packages/airflow/example_dags/example_nested_branch_dag.py for tasks to queue
[2026-01-04T12:55:59.028+0000] {logging_mixin.py:190} INFO - [2026-01-04T12:55:59.027+0000] {dagbag.py:588} INFO - Filling up the DagBag from /workspaces/f1_data_team/venv/lib/python3.12/site-packages/airflow/example_dags/example_nested_branch_dag.py
[2026-01-04T12:55:59.037+0000] {processor.py:925} INFO - DAG(s) 'example_nested_branch_dag' retrieved from /workspaces/f1_data_team/venv/lib/python3.12/site-packages/airflow/example_dags/example_nested_branch_dag.py
[2026-01-04T12:55:59.050+0000] {logging_mixin.py:190} INFO - [2026-01-04T12:55:59.050+0000] {dag.py:3239} INFO - Sync 1 DAGs
[2026-01-04T12:55:59.066+0000] {logging_mixin.py:190} INFO - [2026-01-04T12:55:59.066+0000] {dag.py:4180} INFO - Setting next_dagrun for example_nested_branch_dag to 2026-01-03 00:00:00+00:00, run_after=2026-01-04 00:00:00+00:00
[2026-01-04T12:55:59.080+0000] {processor.py:208} INFO - Processing /workspaces/f1_data_team/venv/lib/python3.12/site-packages/airflow/example_dags/example_nested_branch_dag.py took 0.060 seconds
[2026-01-04T12:56:51.548+0000] {processor.py:186} INFO - Started process (PID=48452) to work on /workspaces/f1_data_team/venv/lib/python3.12/site-packages/airflow/example_dags/example_nested_branch_dag.py
[2026-01-04T12:56:51.549+0000] {processor.py:914} INFO - Processing file /workspaces/f1_data_team/venv/lib/python3.12/site-packages/airflow/example_dags/example_nested_branch_dag.py for tasks to queue
[2026-01-04T12:56:51.551+0000] {logging_mixin.py:190} INFO - [2026-01-04T12:56:51.550+0000] {dagbag.py:588} INFO - Filling up the DagBag from /workspaces/f1_data_team/venv/lib/python3.12/site-packages/airflow/example_dags/example_nested_branch_dag.py
[2026-01-04T12:56:51.560+0000] {processor.py:925} INFO - DAG(s) 'example_nested_branch_dag' retrieved from /workspaces/f1_data_team/venv/lib/python3.12/site-packages/airflow/example_dags/example_nested_branch_dag.py
[2026-01-04T12:56:51.574+0000] {logging_mixin.py:190} INFO - [2026-01-04T12:56:51.573+0000] {dag.py:3239} INFO - Sync 1 DAGs
[2026-01-04T12:56:51.591+0000] {logging_mixin.py:190} INFO - [2026-01-04T12:56:51.591+0000] {dag.py:4180} INFO - Setting next_dagrun for example_nested_branch_dag to 2026-01-03 00:00:00+00:00, run_after=2026-01-04 00:00:00+00:00
[2026-01-04T12:56:51.609+0000] {processor.py:208} INFO - Processing /workspaces/f1_data_team/venv/lib/python3.12/site-packages/airflow/example_dags/example_nested_branch_dag.py took 0.065 seconds
[2026-01-04T12:57:44.036+0000] {processor.py:186} INFO - Started process (PID=48947) to work on /workspaces/f1_data_team/venv/lib/python3.12/site-packages/airflow/example_dags/example_nested_branch_dag.py
[2026-01-04T12:57:44.037+0000] {processor.py:914} INFO - Processing file /workspaces/f1_data_team/venv/lib/python3.12/site-packages/airflow/example_dags/example_nested_branch_dag.py for tasks to queue
[2026-01-04T12:57:44.039+0000] {logging_mixin.py:190} INFO - [2026-01-04T12:57:44.039+0000] {dagbag.py:588} INFO - Filling up the DagBag from /workspaces/f1_data_team/venv/lib/python3.12/site-packages/airflow/example_dags/example_nested_branch_dag.py
[2026-01-04T12:57:44.048+0000] {processor.py:925} INFO - DAG(s) 'example_nested_branch_dag' retrieved from /workspaces/f1_data_team/venv/lib/python3.12/site-packages/airflow/example_dags/example_nested_branch_dag.py
[2026-01-04T12:57:44.062+0000] {logging_mixin.py:190} INFO - [2026-01-04T12:57:44.061+0000] {dag.py:3239} INFO - Sync 1 DAGs
[2026-01-04T12:57:44.078+0000] {logging_mixin.py:190} INFO - [2026-01-04T12:57:44.078+0000] {dag.py:4180} INFO - Setting next_dagrun for example_nested_branch_dag to 2026-01-03 00:00:00+00:00, run_after=2026-01-04 00:00:00+00:00
[2026-01-04T12:57:44.093+0000] {processor.py:208} INFO - Processing /workspaces/f1_data_team/venv/lib/python3.12/site-packages/airflow/example_dags/example_nested_branch_dag.py took 0.061 seconds
[2026-01-04T12:58:36.604+0000] {processor.py:186} INFO - Started process (PID=49466) to work on /workspaces/f1_data_team/venv/lib/python3.12/site-packages/airflow/example_dags/example_nested_branch_dag.py
[2026-01-04T12:58:36.605+0000] {processor.py:914} INFO - Processing file /workspaces/f1_data_team/venv/lib/python3.12/site-packages/airflow/example_dags/example_nested_branch_dag.py for tasks to queue
[2026-01-04T12:58:36.607+0000] {logging_mixin.py:190} INFO - [2026-01-04T12:58:36.606+0000] {dagbag.py:588} INFO - Filling up the DagBag from /workspaces/f1_data_team/venv/lib/python3.12/site-packages/airflow/example_dags/example_nested_branch_dag.py
[2026-01-04T12:58:36.616+0000] {processor.py:925} INFO - DAG(s) 'example_nested_branch_dag' retrieved from /workspaces/f1_data_team/venv/lib/python3.12/site-packages/airflow/example_dags/example_nested_branch_dag.py
[2026-01-04T12:58:36.629+0000] {logging_mixin.py:190} INFO - [2026-01-04T12:58:36.629+0000] {dag.py:3239} INFO - Sync 1 DAGs
[2026-01-04T12:58:36.645+0000] {logging_mixin.py:190} INFO - [2026-01-04T12:58:36.645+0000] {dag.py:4180} INFO - Setting next_dagrun for example_nested_branch_dag to 2026-01-03 00:00:00+00:00, run_after=2026-01-04 00:00:00+00:00
[2026-01-04T12:58:36.661+0000] {processor.py:208} INFO - Processing /workspaces/f1_data_team/venv/lib/python3.12/site-packages/airflow/example_dags/example_nested_branch_dag.py took 0.061 seconds
[2026-01-04T12:59:31.059+0000] {processor.py:186} INFO - Started process (PID=50019) to work on /workspaces/f1_data_team/venv/lib/python3.12/site-packages/airflow/example_dags/example_nested_branch_dag.py
[2026-01-04T12:59:31.060+0000] {processor.py:914} INFO - Processing file /workspaces/f1_data_team/venv/lib/python3.12/site-packages/airflow/example_dags/example_nested_branch_dag.py for tasks to queue
[2026-01-04T12:59:31.062+0000] {logging_mixin.py:190} INFO - [2026-01-04T12:59:31.062+0000] {dagbag.py:588} INFO - Filling up the DagBag from /workspaces/f1_data_team/venv/lib/python3.12/site-packages/airflow/example_dags/example_nested_branch_dag.py
[2026-01-04T12:59:31.072+0000] {processor.py:925} INFO - DAG(s) 'example_nested_branch_dag' retrieved from /workspaces/f1_data_team/venv/lib/python3.12/site-packages/airflow/example_dags/example_nested_branch_dag.py
[2026-01-04T12:59:31.085+0000] {logging_mixin.py:190} INFO - [2026-01-04T12:59:31.085+0000] {dag.py:3239} INFO - Sync 1 DAGs
[2026-01-04T12:59:31.100+0000] {logging_mixin.py:190} INFO - [2026-01-04T12:59:31.100+0000] {dag.py:4180} INFO - Setting next_dagrun for example_nested_branch_dag to 2026-01-03 00:00:00+00:00, run_after=2026-01-04 00:00:00+00:00
[2026-01-04T12:59:31.115+0000] {processor.py:208} INFO - Processing /workspaces/f1_data_team/venv/lib/python3.12/site-packages/airflow/example_dags/example_nested_branch_dag.py took 0.061 seconds
[2026-01-04T13:00:26.440+0000] {processor.py:186} INFO - Started process (PID=50624) to work on /workspaces/f1_data_team/venv/lib/python3.12/site-packages/airflow/example_dags/example_nested_branch_dag.py
[2026-01-04T13:00:26.441+0000] {processor.py:914} INFO - Processing file /workspaces/f1_data_team/venv/lib/python3.12/site-packages/airflow/example_dags/example_nested_branch_dag.py for tasks to queue
[2026-01-04T13:00:26.443+0000] {logging_mixin.py:190} INFO - [2026-01-04T13:00:26.443+0000] {dagbag.py:588} INFO - Filling up the DagBag from /workspaces/f1_data_team/venv/lib/python3.12/site-packages/airflow/example_dags/example_nested_branch_dag.py
[2026-01-04T13:00:26.452+0000] {processor.py:925} INFO - DAG(s) 'example_nested_branch_dag' retrieved from /workspaces/f1_data_team/venv/lib/python3.12/site-packages/airflow/example_dags/example_nested_branch_dag.py
[2026-01-04T13:00:26.466+0000] {logging_mixin.py:190} INFO - [2026-01-04T13:00:26.465+0000] {dag.py:3239} INFO - Sync 1 DAGs
[2026-01-04T13:00:26.481+0000] {logging_mixin.py:190} INFO - [2026-01-04T13:00:26.481+0000] {dag.py:4180} INFO - Setting next_dagrun for example_nested_branch_dag to 2026-01-03 00:00:00+00:00, run_after=2026-01-04 00:00:00+00:00
[2026-01-04T13:00:26.497+0000] {processor.py:208} INFO - Processing /workspaces/f1_data_team/venv/lib/python3.12/site-packages/airflow/example_dags/example_nested_branch_dag.py took 0.061 seconds
[2026-01-04T13:01:17.855+0000] {processor.py:186} INFO - Started process (PID=51197) to work on /workspaces/f1_data_team/venv/lib/python3.12/site-packages/airflow/example_dags/example_nested_branch_dag.py
[2026-01-04T13:01:17.856+0000] {processor.py:914} INFO - Processing file /workspaces/f1_data_team/venv/lib/python3.12/site-packages/airflow/example_dags/example_nested_branch_dag.py for tasks to queue
[2026-01-04T13:01:17.858+0000] {logging_mixin.py:190} INFO - [2026-01-04T13:01:17.857+0000] {dagbag.py:588} INFO - Filling up the DagBag from /workspaces/f1_data_team/venv/lib/python3.12/site-packages/airflow/example_dags/example_nested_branch_dag.py
[2026-01-04T13:01:17.867+0000] {processor.py:925} INFO - DAG(s) 'example_nested_branch_dag' retrieved from /workspaces/f1_data_team/venv/lib/python3.12/site-packages/airflow/example_dags/example_nested_branch_dag.py
[2026-01-04T13:01:17.881+0000] {logging_mixin.py:190} INFO - [2026-01-04T13:01:17.881+0000] {dag.py:3239} INFO - Sync 1 DAGs
[2026-01-04T13:01:17.896+0000] {logging_mixin.py:190} INFO - [2026-01-04T13:01:17.896+0000] {dag.py:4180} INFO - Setting next_dagrun for example_nested_branch_dag to 2026-01-03 00:00:00+00:00, run_after=2026-01-04 00:00:00+00:00
[2026-01-04T13:01:17.911+0000] {processor.py:208} INFO - Processing /workspaces/f1_data_team/venv/lib/python3.12/site-packages/airflow/example_dags/example_nested_branch_dag.py took 0.061 seconds
