[2026-01-04T12:27:04.509+0000] {processor.py:186} INFO - Started process (PID=24685) to work on /workspaces/f1_data_team/venv/lib/python3.12/site-packages/airflow/example_dags/example_kubernetes_executor.py
[2026-01-04T12:27:04.510+0000] {processor.py:914} INFO - Processing file /workspaces/f1_data_team/venv/lib/python3.12/site-packages/airflow/example_dags/example_kubernetes_executor.py for tasks to queue
[2026-01-04T12:27:04.511+0000] {logging_mixin.py:190} INFO - [2026-01-04T12:27:04.511+0000] {dagbag.py:588} INFO - Filling up the DagBag from /workspaces/f1_data_team/venv/lib/python3.12/site-packages/airflow/example_dags/example_kubernetes_executor.py
[2026-01-04T12:27:04.514+0000] {logging_mixin.py:190} INFO - [2026-01-04T12:27:04.514+0000] {example_kubernetes_executor.py:39} WARNING - The example_kubernetes_executor example DAG requires the kubernetes provider. Please install it with: pip install apache-airflow[cncf.kubernetes]
[2026-01-04T12:27:04.514+0000] {processor.py:927} WARNING - No viable dags retrieved from /workspaces/f1_data_team/venv/lib/python3.12/site-packages/airflow/example_dags/example_kubernetes_executor.py
[2026-01-04T12:27:04.521+0000] {processor.py:208} INFO - Processing /workspaces/f1_data_team/venv/lib/python3.12/site-packages/airflow/example_dags/example_kubernetes_executor.py took 0.017 seconds
[2026-01-04T12:28:04.497+0000] {processor.py:186} INFO - Started process (PID=25214) to work on /workspaces/f1_data_team/venv/lib/python3.12/site-packages/airflow/example_dags/example_kubernetes_executor.py
[2026-01-04T12:28:04.498+0000] {processor.py:914} INFO - Processing file /workspaces/f1_data_team/venv/lib/python3.12/site-packages/airflow/example_dags/example_kubernetes_executor.py for tasks to queue
[2026-01-04T12:28:04.500+0000] {logging_mixin.py:190} INFO - [2026-01-04T12:28:04.499+0000] {dagbag.py:588} INFO - Filling up the DagBag from /workspaces/f1_data_team/venv/lib/python3.12/site-packages/airflow/example_dags/example_kubernetes_executor.py
[2026-01-04T12:28:04.502+0000] {logging_mixin.py:190} INFO - [2026-01-04T12:28:04.502+0000] {example_kubernetes_executor.py:39} WARNING - The example_kubernetes_executor example DAG requires the kubernetes provider. Please install it with: pip install apache-airflow[cncf.kubernetes]
[2026-01-04T12:28:04.503+0000] {processor.py:927} WARNING - No viable dags retrieved from /workspaces/f1_data_team/venv/lib/python3.12/site-packages/airflow/example_dags/example_kubernetes_executor.py
[2026-01-04T12:28:04.510+0000] {processor.py:208} INFO - Processing /workspaces/f1_data_team/venv/lib/python3.12/site-packages/airflow/example_dags/example_kubernetes_executor.py took 0.019 seconds
[2026-01-04T12:29:02.442+0000] {processor.py:186} INFO - Started process (PID=25821) to work on /workspaces/f1_data_team/venv/lib/python3.12/site-packages/airflow/example_dags/example_kubernetes_executor.py
[2026-01-04T12:29:02.443+0000] {processor.py:914} INFO - Processing file /workspaces/f1_data_team/venv/lib/python3.12/site-packages/airflow/example_dags/example_kubernetes_executor.py for tasks to queue
[2026-01-04T12:29:02.445+0000] {logging_mixin.py:190} INFO - [2026-01-04T12:29:02.444+0000] {dagbag.py:588} INFO - Filling up the DagBag from /workspaces/f1_data_team/venv/lib/python3.12/site-packages/airflow/example_dags/example_kubernetes_executor.py
[2026-01-04T12:29:02.447+0000] {logging_mixin.py:190} INFO - [2026-01-04T12:29:02.447+0000] {example_kubernetes_executor.py:39} WARNING - The example_kubernetes_executor example DAG requires the kubernetes provider. Please install it with: pip install apache-airflow[cncf.kubernetes]
[2026-01-04T12:29:02.447+0000] {processor.py:927} WARNING - No viable dags retrieved from /workspaces/f1_data_team/venv/lib/python3.12/site-packages/airflow/example_dags/example_kubernetes_executor.py
[2026-01-04T12:29:02.455+0000] {processor.py:208} INFO - Processing /workspaces/f1_data_team/venv/lib/python3.12/site-packages/airflow/example_dags/example_kubernetes_executor.py took 0.018 seconds
[2026-01-04T12:30:42.884+0000] {processor.py:186} INFO - Started process (PID=27733) to work on /workspaces/f1_data_team/venv/lib/python3.12/site-packages/airflow/example_dags/example_kubernetes_executor.py
[2026-01-04T12:30:42.885+0000] {processor.py:914} INFO - Processing file /workspaces/f1_data_team/venv/lib/python3.12/site-packages/airflow/example_dags/example_kubernetes_executor.py for tasks to queue
[2026-01-04T12:30:42.887+0000] {logging_mixin.py:190} INFO - [2026-01-04T12:30:42.886+0000] {dagbag.py:588} INFO - Filling up the DagBag from /workspaces/f1_data_team/venv/lib/python3.12/site-packages/airflow/example_dags/example_kubernetes_executor.py
[2026-01-04T12:30:42.889+0000] {logging_mixin.py:190} INFO - [2026-01-04T12:30:42.889+0000] {example_kubernetes_executor.py:39} WARNING - The example_kubernetes_executor example DAG requires the kubernetes provider. Please install it with: pip install apache-airflow[cncf.kubernetes]
[2026-01-04T12:30:42.890+0000] {processor.py:927} WARNING - No viable dags retrieved from /workspaces/f1_data_team/venv/lib/python3.12/site-packages/airflow/example_dags/example_kubernetes_executor.py
[2026-01-04T12:30:42.898+0000] {processor.py:208} INFO - Processing /workspaces/f1_data_team/venv/lib/python3.12/site-packages/airflow/example_dags/example_kubernetes_executor.py took 0.019 seconds
[2026-01-04T12:31:42.848+0000] {processor.py:186} INFO - Started process (PID=28705) to work on /workspaces/f1_data_team/venv/lib/python3.12/site-packages/airflow/example_dags/example_kubernetes_executor.py
[2026-01-04T12:31:42.849+0000] {processor.py:914} INFO - Processing file /workspaces/f1_data_team/venv/lib/python3.12/site-packages/airflow/example_dags/example_kubernetes_executor.py for tasks to queue
[2026-01-04T12:31:42.851+0000] {logging_mixin.py:190} INFO - [2026-01-04T12:31:42.851+0000] {dagbag.py:588} INFO - Filling up the DagBag from /workspaces/f1_data_team/venv/lib/python3.12/site-packages/airflow/example_dags/example_kubernetes_executor.py
[2026-01-04T12:31:42.854+0000] {logging_mixin.py:190} INFO - [2026-01-04T12:31:42.853+0000] {example_kubernetes_executor.py:39} WARNING - The example_kubernetes_executor example DAG requires the kubernetes provider. Please install it with: pip install apache-airflow[cncf.kubernetes]
[2026-01-04T12:31:42.854+0000] {processor.py:927} WARNING - No viable dags retrieved from /workspaces/f1_data_team/venv/lib/python3.12/site-packages/airflow/example_dags/example_kubernetes_executor.py
[2026-01-04T12:31:42.862+0000] {processor.py:208} INFO - Processing /workspaces/f1_data_team/venv/lib/python3.12/site-packages/airflow/example_dags/example_kubernetes_executor.py took 0.018 seconds
[2026-01-04T12:32:49.479+0000] {processor.py:186} INFO - Started process (PID=29891) to work on /workspaces/f1_data_team/venv/lib/python3.12/site-packages/airflow/example_dags/example_kubernetes_executor.py
[2026-01-04T12:32:49.480+0000] {processor.py:914} INFO - Processing file /workspaces/f1_data_team/venv/lib/python3.12/site-packages/airflow/example_dags/example_kubernetes_executor.py for tasks to queue
[2026-01-04T12:32:49.482+0000] {logging_mixin.py:190} INFO - [2026-01-04T12:32:49.481+0000] {dagbag.py:588} INFO - Filling up the DagBag from /workspaces/f1_data_team/venv/lib/python3.12/site-packages/airflow/example_dags/example_kubernetes_executor.py
[2026-01-04T12:32:49.484+0000] {logging_mixin.py:190} INFO - [2026-01-04T12:32:49.484+0000] {example_kubernetes_executor.py:39} WARNING - The example_kubernetes_executor example DAG requires the kubernetes provider. Please install it with: pip install apache-airflow[cncf.kubernetes]
[2026-01-04T12:32:49.484+0000] {processor.py:927} WARNING - No viable dags retrieved from /workspaces/f1_data_team/venv/lib/python3.12/site-packages/airflow/example_dags/example_kubernetes_executor.py
[2026-01-04T12:32:49.493+0000] {processor.py:208} INFO - Processing /workspaces/f1_data_team/venv/lib/python3.12/site-packages/airflow/example_dags/example_kubernetes_executor.py took 0.019 seconds
[2026-01-04T12:33:52.399+0000] {processor.py:186} INFO - Started process (PID=30735) to work on /workspaces/f1_data_team/venv/lib/python3.12/site-packages/airflow/example_dags/example_kubernetes_executor.py
[2026-01-04T12:33:52.400+0000] {processor.py:914} INFO - Processing file /workspaces/f1_data_team/venv/lib/python3.12/site-packages/airflow/example_dags/example_kubernetes_executor.py for tasks to queue
[2026-01-04T12:33:52.402+0000] {logging_mixin.py:190} INFO - [2026-01-04T12:33:52.402+0000] {dagbag.py:588} INFO - Filling up the DagBag from /workspaces/f1_data_team/venv/lib/python3.12/site-packages/airflow/example_dags/example_kubernetes_executor.py
[2026-01-04T12:33:52.404+0000] {logging_mixin.py:190} INFO - [2026-01-04T12:33:52.404+0000] {example_kubernetes_executor.py:39} WARNING - The example_kubernetes_executor example DAG requires the kubernetes provider. Please install it with: pip install apache-airflow[cncf.kubernetes]
[2026-01-04T12:33:52.404+0000] {processor.py:927} WARNING - No viable dags retrieved from /workspaces/f1_data_team/venv/lib/python3.12/site-packages/airflow/example_dags/example_kubernetes_executor.py
[2026-01-04T12:33:52.413+0000] {processor.py:208} INFO - Processing /workspaces/f1_data_team/venv/lib/python3.12/site-packages/airflow/example_dags/example_kubernetes_executor.py took 0.018 seconds
[2026-01-04T12:34:47.745+0000] {processor.py:186} INFO - Started process (PID=31297) to work on /workspaces/f1_data_team/venv/lib/python3.12/site-packages/airflow/example_dags/example_kubernetes_executor.py
[2026-01-04T12:34:47.746+0000] {processor.py:914} INFO - Processing file /workspaces/f1_data_team/venv/lib/python3.12/site-packages/airflow/example_dags/example_kubernetes_executor.py for tasks to queue
[2026-01-04T12:34:47.748+0000] {logging_mixin.py:190} INFO - [2026-01-04T12:34:47.748+0000] {dagbag.py:588} INFO - Filling up the DagBag from /workspaces/f1_data_team/venv/lib/python3.12/site-packages/airflow/example_dags/example_kubernetes_executor.py
[2026-01-04T12:34:47.751+0000] {logging_mixin.py:190} INFO - [2026-01-04T12:34:47.751+0000] {example_kubernetes_executor.py:39} WARNING - The example_kubernetes_executor example DAG requires the kubernetes provider. Please install it with: pip install apache-airflow[cncf.kubernetes]
[2026-01-04T12:34:47.752+0000] {processor.py:927} WARNING - No viable dags retrieved from /workspaces/f1_data_team/venv/lib/python3.12/site-packages/airflow/example_dags/example_kubernetes_executor.py
[2026-01-04T12:34:47.763+0000] {processor.py:208} INFO - Processing /workspaces/f1_data_team/venv/lib/python3.12/site-packages/airflow/example_dags/example_kubernetes_executor.py took 0.025 seconds
[2026-01-04T12:35:43.189+0000] {processor.py:186} INFO - Started process (PID=31782) to work on /workspaces/f1_data_team/venv/lib/python3.12/site-packages/airflow/example_dags/example_kubernetes_executor.py
[2026-01-04T12:35:43.189+0000] {processor.py:914} INFO - Processing file /workspaces/f1_data_team/venv/lib/python3.12/site-packages/airflow/example_dags/example_kubernetes_executor.py for tasks to queue
[2026-01-04T12:35:43.191+0000] {logging_mixin.py:190} INFO - [2026-01-04T12:35:43.191+0000] {dagbag.py:588} INFO - Filling up the DagBag from /workspaces/f1_data_team/venv/lib/python3.12/site-packages/airflow/example_dags/example_kubernetes_executor.py
[2026-01-04T12:35:43.193+0000] {logging_mixin.py:190} INFO - [2026-01-04T12:35:43.193+0000] {example_kubernetes_executor.py:39} WARNING - The example_kubernetes_executor example DAG requires the kubernetes provider. Please install it with: pip install apache-airflow[cncf.kubernetes]
[2026-01-04T12:35:43.194+0000] {processor.py:927} WARNING - No viable dags retrieved from /workspaces/f1_data_team/venv/lib/python3.12/site-packages/airflow/example_dags/example_kubernetes_executor.py
[2026-01-04T12:35:43.202+0000] {processor.py:208} INFO - Processing /workspaces/f1_data_team/venv/lib/python3.12/site-packages/airflow/example_dags/example_kubernetes_executor.py took 0.018 seconds
[2026-01-04T12:36:35.428+0000] {processor.py:186} INFO - Started process (PID=32436) to work on /workspaces/f1_data_team/venv/lib/python3.12/site-packages/airflow/example_dags/example_kubernetes_executor.py
[2026-01-04T12:36:35.429+0000] {processor.py:914} INFO - Processing file /workspaces/f1_data_team/venv/lib/python3.12/site-packages/airflow/example_dags/example_kubernetes_executor.py for tasks to queue
[2026-01-04T12:36:35.431+0000] {logging_mixin.py:190} INFO - [2026-01-04T12:36:35.431+0000] {dagbag.py:588} INFO - Filling up the DagBag from /workspaces/f1_data_team/venv/lib/python3.12/site-packages/airflow/example_dags/example_kubernetes_executor.py
[2026-01-04T12:36:35.435+0000] {logging_mixin.py:190} INFO - [2026-01-04T12:36:35.434+0000] {example_kubernetes_executor.py:39} WARNING - The example_kubernetes_executor example DAG requires the kubernetes provider. Please install it with: pip install apache-airflow[cncf.kubernetes]
[2026-01-04T12:36:35.435+0000] {processor.py:927} WARNING - No viable dags retrieved from /workspaces/f1_data_team/venv/lib/python3.12/site-packages/airflow/example_dags/example_kubernetes_executor.py
[2026-01-04T12:36:35.443+0000] {processor.py:208} INFO - Processing /workspaces/f1_data_team/venv/lib/python3.12/site-packages/airflow/example_dags/example_kubernetes_executor.py took 0.021 seconds
[2026-01-04T12:37:29.272+0000] {processor.py:186} INFO - Started process (PID=33070) to work on /workspaces/f1_data_team/venv/lib/python3.12/site-packages/airflow/example_dags/example_kubernetes_executor.py
[2026-01-04T12:37:29.273+0000] {processor.py:914} INFO - Processing file /workspaces/f1_data_team/venv/lib/python3.12/site-packages/airflow/example_dags/example_kubernetes_executor.py for tasks to queue
[2026-01-04T12:37:29.275+0000] {logging_mixin.py:190} INFO - [2026-01-04T12:37:29.274+0000] {dagbag.py:588} INFO - Filling up the DagBag from /workspaces/f1_data_team/venv/lib/python3.12/site-packages/airflow/example_dags/example_kubernetes_executor.py
[2026-01-04T12:37:29.277+0000] {logging_mixin.py:190} INFO - [2026-01-04T12:37:29.277+0000] {example_kubernetes_executor.py:39} WARNING - The example_kubernetes_executor example DAG requires the kubernetes provider. Please install it with: pip install apache-airflow[cncf.kubernetes]
[2026-01-04T12:37:29.277+0000] {processor.py:927} WARNING - No viable dags retrieved from /workspaces/f1_data_team/venv/lib/python3.12/site-packages/airflow/example_dags/example_kubernetes_executor.py
[2026-01-04T12:37:29.285+0000] {processor.py:208} INFO - Processing /workspaces/f1_data_team/venv/lib/python3.12/site-packages/airflow/example_dags/example_kubernetes_executor.py took 0.018 seconds
[2026-01-04T12:38:21.942+0000] {processor.py:186} INFO - Started process (PID=33839) to work on /workspaces/f1_data_team/venv/lib/python3.12/site-packages/airflow/example_dags/example_kubernetes_executor.py
[2026-01-04T12:38:21.943+0000] {processor.py:914} INFO - Processing file /workspaces/f1_data_team/venv/lib/python3.12/site-packages/airflow/example_dags/example_kubernetes_executor.py for tasks to queue
[2026-01-04T12:38:21.945+0000] {logging_mixin.py:190} INFO - [2026-01-04T12:38:21.945+0000] {dagbag.py:588} INFO - Filling up the DagBag from /workspaces/f1_data_team/venv/lib/python3.12/site-packages/airflow/example_dags/example_kubernetes_executor.py
[2026-01-04T12:38:21.947+0000] {logging_mixin.py:190} INFO - [2026-01-04T12:38:21.947+0000] {example_kubernetes_executor.py:39} WARNING - The example_kubernetes_executor example DAG requires the kubernetes provider. Please install it with: pip install apache-airflow[cncf.kubernetes]
[2026-01-04T12:38:21.948+0000] {processor.py:927} WARNING - No viable dags retrieved from /workspaces/f1_data_team/venv/lib/python3.12/site-packages/airflow/example_dags/example_kubernetes_executor.py
[2026-01-04T12:38:21.956+0000] {processor.py:208} INFO - Processing /workspaces/f1_data_team/venv/lib/python3.12/site-packages/airflow/example_dags/example_kubernetes_executor.py took 0.018 seconds
[2026-01-04T12:39:14.654+0000] {processor.py:186} INFO - Started process (PID=34260) to work on /workspaces/f1_data_team/venv/lib/python3.12/site-packages/airflow/example_dags/example_kubernetes_executor.py
[2026-01-04T12:39:14.654+0000] {processor.py:914} INFO - Processing file /workspaces/f1_data_team/venv/lib/python3.12/site-packages/airflow/example_dags/example_kubernetes_executor.py for tasks to queue
[2026-01-04T12:39:14.656+0000] {logging_mixin.py:190} INFO - [2026-01-04T12:39:14.656+0000] {dagbag.py:588} INFO - Filling up the DagBag from /workspaces/f1_data_team/venv/lib/python3.12/site-packages/airflow/example_dags/example_kubernetes_executor.py
[2026-01-04T12:39:14.659+0000] {logging_mixin.py:190} INFO - [2026-01-04T12:39:14.658+0000] {example_kubernetes_executor.py:39} WARNING - The example_kubernetes_executor example DAG requires the kubernetes provider. Please install it with: pip install apache-airflow[cncf.kubernetes]
[2026-01-04T12:39:14.659+0000] {processor.py:927} WARNING - No viable dags retrieved from /workspaces/f1_data_team/venv/lib/python3.12/site-packages/airflow/example_dags/example_kubernetes_executor.py
[2026-01-04T12:39:14.667+0000] {processor.py:208} INFO - Processing /workspaces/f1_data_team/venv/lib/python3.12/site-packages/airflow/example_dags/example_kubernetes_executor.py took 0.018 seconds
[2026-01-04T12:40:08.288+0000] {processor.py:186} INFO - Started process (PID=34775) to work on /workspaces/f1_data_team/venv/lib/python3.12/site-packages/airflow/example_dags/example_kubernetes_executor.py
[2026-01-04T12:40:08.288+0000] {processor.py:914} INFO - Processing file /workspaces/f1_data_team/venv/lib/python3.12/site-packages/airflow/example_dags/example_kubernetes_executor.py for tasks to queue
[2026-01-04T12:40:08.290+0000] {logging_mixin.py:190} INFO - [2026-01-04T12:40:08.290+0000] {dagbag.py:588} INFO - Filling up the DagBag from /workspaces/f1_data_team/venv/lib/python3.12/site-packages/airflow/example_dags/example_kubernetes_executor.py
[2026-01-04T12:40:08.293+0000] {logging_mixin.py:190} INFO - [2026-01-04T12:40:08.292+0000] {example_kubernetes_executor.py:39} WARNING - The example_kubernetes_executor example DAG requires the kubernetes provider. Please install it with: pip install apache-airflow[cncf.kubernetes]
[2026-01-04T12:40:08.293+0000] {processor.py:927} WARNING - No viable dags retrieved from /workspaces/f1_data_team/venv/lib/python3.12/site-packages/airflow/example_dags/example_kubernetes_executor.py
[2026-01-04T12:40:08.302+0000] {processor.py:208} INFO - Processing /workspaces/f1_data_team/venv/lib/python3.12/site-packages/airflow/example_dags/example_kubernetes_executor.py took 0.019 seconds
[2026-01-04T12:41:48.070+0000] {processor.py:186} INFO - Started process (PID=36055) to work on /workspaces/f1_data_team/venv/lib/python3.12/site-packages/airflow/example_dags/example_kubernetes_executor.py
[2026-01-04T12:41:48.070+0000] {processor.py:914} INFO - Processing file /workspaces/f1_data_team/venv/lib/python3.12/site-packages/airflow/example_dags/example_kubernetes_executor.py for tasks to queue
[2026-01-04T12:41:48.072+0000] {logging_mixin.py:190} INFO - [2026-01-04T12:41:48.072+0000] {dagbag.py:588} INFO - Filling up the DagBag from /workspaces/f1_data_team/venv/lib/python3.12/site-packages/airflow/example_dags/example_kubernetes_executor.py
[2026-01-04T12:41:48.074+0000] {logging_mixin.py:190} INFO - [2026-01-04T12:41:48.074+0000] {example_kubernetes_executor.py:39} WARNING - The example_kubernetes_executor example DAG requires the kubernetes provider. Please install it with: pip install apache-airflow[cncf.kubernetes]
[2026-01-04T12:41:48.075+0000] {processor.py:927} WARNING - No viable dags retrieved from /workspaces/f1_data_team/venv/lib/python3.12/site-packages/airflow/example_dags/example_kubernetes_executor.py
[2026-01-04T12:41:48.083+0000] {processor.py:208} INFO - Processing /workspaces/f1_data_team/venv/lib/python3.12/site-packages/airflow/example_dags/example_kubernetes_executor.py took 0.018 seconds
[2026-01-04T12:42:53.284+0000] {processor.py:186} INFO - Started process (PID=37069) to work on /workspaces/f1_data_team/venv/lib/python3.12/site-packages/airflow/example_dags/example_kubernetes_executor.py
[2026-01-04T12:42:53.284+0000] {processor.py:914} INFO - Processing file /workspaces/f1_data_team/venv/lib/python3.12/site-packages/airflow/example_dags/example_kubernetes_executor.py for tasks to queue
[2026-01-04T12:42:53.286+0000] {logging_mixin.py:190} INFO - [2026-01-04T12:42:53.286+0000] {dagbag.py:588} INFO - Filling up the DagBag from /workspaces/f1_data_team/venv/lib/python3.12/site-packages/airflow/example_dags/example_kubernetes_executor.py
[2026-01-04T12:42:53.288+0000] {logging_mixin.py:190} INFO - [2026-01-04T12:42:53.288+0000] {example_kubernetes_executor.py:39} WARNING - The example_kubernetes_executor example DAG requires the kubernetes provider. Please install it with: pip install apache-airflow[cncf.kubernetes]
[2026-01-04T12:42:53.289+0000] {processor.py:927} WARNING - No viable dags retrieved from /workspaces/f1_data_team/venv/lib/python3.12/site-packages/airflow/example_dags/example_kubernetes_executor.py
[2026-01-04T12:42:53.297+0000] {processor.py:208} INFO - Processing /workspaces/f1_data_team/venv/lib/python3.12/site-packages/airflow/example_dags/example_kubernetes_executor.py took 0.018 seconds
[2026-01-04T12:43:49.218+0000] {processor.py:186} INFO - Started process (PID=37743) to work on /workspaces/f1_data_team/venv/lib/python3.12/site-packages/airflow/example_dags/example_kubernetes_executor.py
[2026-01-04T12:43:49.219+0000] {processor.py:914} INFO - Processing file /workspaces/f1_data_team/venv/lib/python3.12/site-packages/airflow/example_dags/example_kubernetes_executor.py for tasks to queue
[2026-01-04T12:43:49.221+0000] {logging_mixin.py:190} INFO - [2026-01-04T12:43:49.220+0000] {dagbag.py:588} INFO - Filling up the DagBag from /workspaces/f1_data_team/venv/lib/python3.12/site-packages/airflow/example_dags/example_kubernetes_executor.py
[2026-01-04T12:43:49.223+0000] {logging_mixin.py:190} INFO - [2026-01-04T12:43:49.223+0000] {example_kubernetes_executor.py:39} WARNING - The example_kubernetes_executor example DAG requires the kubernetes provider. Please install it with: pip install apache-airflow[cncf.kubernetes]
[2026-01-04T12:43:49.223+0000] {processor.py:927} WARNING - No viable dags retrieved from /workspaces/f1_data_team/venv/lib/python3.12/site-packages/airflow/example_dags/example_kubernetes_executor.py
[2026-01-04T12:43:49.231+0000] {processor.py:208} INFO - Processing /workspaces/f1_data_team/venv/lib/python3.12/site-packages/airflow/example_dags/example_kubernetes_executor.py took 0.018 seconds
[2026-01-04T12:44:49.157+0000] {processor.py:186} INFO - Started process (PID=38589) to work on /workspaces/f1_data_team/venv/lib/python3.12/site-packages/airflow/example_dags/example_kubernetes_executor.py
[2026-01-04T12:44:49.158+0000] {processor.py:914} INFO - Processing file /workspaces/f1_data_team/venv/lib/python3.12/site-packages/airflow/example_dags/example_kubernetes_executor.py for tasks to queue
[2026-01-04T12:44:49.160+0000] {logging_mixin.py:190} INFO - [2026-01-04T12:44:49.160+0000] {dagbag.py:588} INFO - Filling up the DagBag from /workspaces/f1_data_team/venv/lib/python3.12/site-packages/airflow/example_dags/example_kubernetes_executor.py
[2026-01-04T12:44:49.163+0000] {logging_mixin.py:190} INFO - [2026-01-04T12:44:49.162+0000] {example_kubernetes_executor.py:39} WARNING - The example_kubernetes_executor example DAG requires the kubernetes provider. Please install it with: pip install apache-airflow[cncf.kubernetes]
[2026-01-04T12:44:49.163+0000] {processor.py:927} WARNING - No viable dags retrieved from /workspaces/f1_data_team/venv/lib/python3.12/site-packages/airflow/example_dags/example_kubernetes_executor.py
[2026-01-04T12:44:49.171+0000] {processor.py:208} INFO - Processing /workspaces/f1_data_team/venv/lib/python3.12/site-packages/airflow/example_dags/example_kubernetes_executor.py took 0.019 seconds
[2026-01-04T12:45:53.992+0000] {processor.py:186} INFO - Started process (PID=39585) to work on /workspaces/f1_data_team/venv/lib/python3.12/site-packages/airflow/example_dags/example_kubernetes_executor.py
[2026-01-04T12:45:53.993+0000] {processor.py:914} INFO - Processing file /workspaces/f1_data_team/venv/lib/python3.12/site-packages/airflow/example_dags/example_kubernetes_executor.py for tasks to queue
[2026-01-04T12:45:53.995+0000] {logging_mixin.py:190} INFO - [2026-01-04T12:45:53.995+0000] {dagbag.py:588} INFO - Filling up the DagBag from /workspaces/f1_data_team/venv/lib/python3.12/site-packages/airflow/example_dags/example_kubernetes_executor.py
[2026-01-04T12:45:53.997+0000] {logging_mixin.py:190} INFO - [2026-01-04T12:45:53.997+0000] {example_kubernetes_executor.py:39} WARNING - The example_kubernetes_executor example DAG requires the kubernetes provider. Please install it with: pip install apache-airflow[cncf.kubernetes]
[2026-01-04T12:45:53.997+0000] {processor.py:927} WARNING - No viable dags retrieved from /workspaces/f1_data_team/venv/lib/python3.12/site-packages/airflow/example_dags/example_kubernetes_executor.py
[2026-01-04T12:45:54.006+0000] {processor.py:208} INFO - Processing /workspaces/f1_data_team/venv/lib/python3.12/site-packages/airflow/example_dags/example_kubernetes_executor.py took 0.018 seconds
[2026-01-04T12:46:45.489+0000] {processor.py:186} INFO - Started process (PID=40134) to work on /workspaces/f1_data_team/venv/lib/python3.12/site-packages/airflow/example_dags/example_kubernetes_executor.py
[2026-01-04T12:46:45.490+0000] {processor.py:914} INFO - Processing file /workspaces/f1_data_team/venv/lib/python3.12/site-packages/airflow/example_dags/example_kubernetes_executor.py for tasks to queue
[2026-01-04T12:46:45.492+0000] {logging_mixin.py:190} INFO - [2026-01-04T12:46:45.492+0000] {dagbag.py:588} INFO - Filling up the DagBag from /workspaces/f1_data_team/venv/lib/python3.12/site-packages/airflow/example_dags/example_kubernetes_executor.py
[2026-01-04T12:46:45.494+0000] {logging_mixin.py:190} INFO - [2026-01-04T12:46:45.494+0000] {example_kubernetes_executor.py:39} WARNING - The example_kubernetes_executor example DAG requires the kubernetes provider. Please install it with: pip install apache-airflow[cncf.kubernetes]
[2026-01-04T12:46:45.494+0000] {processor.py:927} WARNING - No viable dags retrieved from /workspaces/f1_data_team/venv/lib/python3.12/site-packages/airflow/example_dags/example_kubernetes_executor.py
[2026-01-04T12:46:45.502+0000] {processor.py:208} INFO - Processing /workspaces/f1_data_team/venv/lib/python3.12/site-packages/airflow/example_dags/example_kubernetes_executor.py took 0.017 seconds
[2026-01-04T12:47:37.092+0000] {processor.py:186} INFO - Started process (PID=40654) to work on /workspaces/f1_data_team/venv/lib/python3.12/site-packages/airflow/example_dags/example_kubernetes_executor.py
[2026-01-04T12:47:37.093+0000] {processor.py:914} INFO - Processing file /workspaces/f1_data_team/venv/lib/python3.12/site-packages/airflow/example_dags/example_kubernetes_executor.py for tasks to queue
[2026-01-04T12:47:37.095+0000] {logging_mixin.py:190} INFO - [2026-01-04T12:47:37.094+0000] {dagbag.py:588} INFO - Filling up the DagBag from /workspaces/f1_data_team/venv/lib/python3.12/site-packages/airflow/example_dags/example_kubernetes_executor.py
[2026-01-04T12:47:37.097+0000] {logging_mixin.py:190} INFO - [2026-01-04T12:47:37.097+0000] {example_kubernetes_executor.py:39} WARNING - The example_kubernetes_executor example DAG requires the kubernetes provider. Please install it with: pip install apache-airflow[cncf.kubernetes]
[2026-01-04T12:47:37.097+0000] {processor.py:927} WARNING - No viable dags retrieved from /workspaces/f1_data_team/venv/lib/python3.12/site-packages/airflow/example_dags/example_kubernetes_executor.py
[2026-01-04T12:47:37.106+0000] {processor.py:208} INFO - Processing /workspaces/f1_data_team/venv/lib/python3.12/site-packages/airflow/example_dags/example_kubernetes_executor.py took 0.020 seconds
[2026-01-04T12:49:08.948+0000] {processor.py:186} INFO - Started process (PID=42101) to work on /workspaces/f1_data_team/venv/lib/python3.12/site-packages/airflow/example_dags/example_kubernetes_executor.py
[2026-01-04T12:49:08.948+0000] {processor.py:914} INFO - Processing file /workspaces/f1_data_team/venv/lib/python3.12/site-packages/airflow/example_dags/example_kubernetes_executor.py for tasks to queue
[2026-01-04T12:49:08.950+0000] {logging_mixin.py:190} INFO - [2026-01-04T12:49:08.950+0000] {dagbag.py:588} INFO - Filling up the DagBag from /workspaces/f1_data_team/venv/lib/python3.12/site-packages/airflow/example_dags/example_kubernetes_executor.py
[2026-01-04T12:49:08.953+0000] {logging_mixin.py:190} INFO - [2026-01-04T12:49:08.953+0000] {example_kubernetes_executor.py:39} WARNING - The example_kubernetes_executor example DAG requires the kubernetes provider. Please install it with: pip install apache-airflow[cncf.kubernetes]
[2026-01-04T12:49:08.953+0000] {processor.py:927} WARNING - No viable dags retrieved from /workspaces/f1_data_team/venv/lib/python3.12/site-packages/airflow/example_dags/example_kubernetes_executor.py
[2026-01-04T12:49:08.961+0000] {processor.py:208} INFO - Processing /workspaces/f1_data_team/venv/lib/python3.12/site-packages/airflow/example_dags/example_kubernetes_executor.py took 0.018 seconds
[2026-01-04T12:50:05.502+0000] {processor.py:186} INFO - Started process (PID=42656) to work on /workspaces/f1_data_team/venv/lib/python3.12/site-packages/airflow/example_dags/example_kubernetes_executor.py
[2026-01-04T12:50:05.502+0000] {processor.py:914} INFO - Processing file /workspaces/f1_data_team/venv/lib/python3.12/site-packages/airflow/example_dags/example_kubernetes_executor.py for tasks to queue
[2026-01-04T12:50:05.504+0000] {logging_mixin.py:190} INFO - [2026-01-04T12:50:05.504+0000] {dagbag.py:588} INFO - Filling up the DagBag from /workspaces/f1_data_team/venv/lib/python3.12/site-packages/airflow/example_dags/example_kubernetes_executor.py
[2026-01-04T12:50:05.507+0000] {logging_mixin.py:190} INFO - [2026-01-04T12:50:05.506+0000] {example_kubernetes_executor.py:39} WARNING - The example_kubernetes_executor example DAG requires the kubernetes provider. Please install it with: pip install apache-airflow[cncf.kubernetes]
[2026-01-04T12:50:05.507+0000] {processor.py:927} WARNING - No viable dags retrieved from /workspaces/f1_data_team/venv/lib/python3.12/site-packages/airflow/example_dags/example_kubernetes_executor.py
[2026-01-04T12:50:05.515+0000] {processor.py:208} INFO - Processing /workspaces/f1_data_team/venv/lib/python3.12/site-packages/airflow/example_dags/example_kubernetes_executor.py took 0.018 seconds
[2026-01-04T12:51:43.641+0000] {processor.py:186} INFO - Started process (PID=44161) to work on /workspaces/f1_data_team/venv/lib/python3.12/site-packages/airflow/example_dags/example_kubernetes_executor.py
[2026-01-04T12:51:43.642+0000] {processor.py:914} INFO - Processing file /workspaces/f1_data_team/venv/lib/python3.12/site-packages/airflow/example_dags/example_kubernetes_executor.py for tasks to queue
[2026-01-04T12:51:43.644+0000] {logging_mixin.py:190} INFO - [2026-01-04T12:51:43.643+0000] {dagbag.py:588} INFO - Filling up the DagBag from /workspaces/f1_data_team/venv/lib/python3.12/site-packages/airflow/example_dags/example_kubernetes_executor.py
[2026-01-04T12:51:43.646+0000] {logging_mixin.py:190} INFO - [2026-01-04T12:51:43.646+0000] {example_kubernetes_executor.py:39} WARNING - The example_kubernetes_executor example DAG requires the kubernetes provider. Please install it with: pip install apache-airflow[cncf.kubernetes]
[2026-01-04T12:51:43.646+0000] {processor.py:927} WARNING - No viable dags retrieved from /workspaces/f1_data_team/venv/lib/python3.12/site-packages/airflow/example_dags/example_kubernetes_executor.py
[2026-01-04T12:51:43.654+0000] {processor.py:208} INFO - Processing /workspaces/f1_data_team/venv/lib/python3.12/site-packages/airflow/example_dags/example_kubernetes_executor.py took 0.018 seconds
[2026-01-04T12:52:41.692+0000] {processor.py:186} INFO - Started process (PID=45079) to work on /workspaces/f1_data_team/venv/lib/python3.12/site-packages/airflow/example_dags/example_kubernetes_executor.py
[2026-01-04T12:52:41.693+0000] {processor.py:914} INFO - Processing file /workspaces/f1_data_team/venv/lib/python3.12/site-packages/airflow/example_dags/example_kubernetes_executor.py for tasks to queue
[2026-01-04T12:52:41.695+0000] {logging_mixin.py:190} INFO - [2026-01-04T12:52:41.695+0000] {dagbag.py:588} INFO - Filling up the DagBag from /workspaces/f1_data_team/venv/lib/python3.12/site-packages/airflow/example_dags/example_kubernetes_executor.py
[2026-01-04T12:52:41.697+0000] {logging_mixin.py:190} INFO - [2026-01-04T12:52:41.697+0000] {example_kubernetes_executor.py:39} WARNING - The example_kubernetes_executor example DAG requires the kubernetes provider. Please install it with: pip install apache-airflow[cncf.kubernetes]
[2026-01-04T12:52:41.697+0000] {processor.py:927} WARNING - No viable dags retrieved from /workspaces/f1_data_team/venv/lib/python3.12/site-packages/airflow/example_dags/example_kubernetes_executor.py
[2026-01-04T12:52:41.706+0000] {processor.py:208} INFO - Processing /workspaces/f1_data_team/venv/lib/python3.12/site-packages/airflow/example_dags/example_kubernetes_executor.py took 0.018 seconds
[2026-01-04T12:53:37.042+0000] {processor.py:186} INFO - Started process (PID=45890) to work on /workspaces/f1_data_team/venv/lib/python3.12/site-packages/airflow/example_dags/example_kubernetes_executor.py
[2026-01-04T12:53:37.043+0000] {processor.py:914} INFO - Processing file /workspaces/f1_data_team/venv/lib/python3.12/site-packages/airflow/example_dags/example_kubernetes_executor.py for tasks to queue
[2026-01-04T12:53:37.045+0000] {logging_mixin.py:190} INFO - [2026-01-04T12:53:37.045+0000] {dagbag.py:588} INFO - Filling up the DagBag from /workspaces/f1_data_team/venv/lib/python3.12/site-packages/airflow/example_dags/example_kubernetes_executor.py
[2026-01-04T12:53:37.048+0000] {logging_mixin.py:190} INFO - [2026-01-04T12:53:37.047+0000] {example_kubernetes_executor.py:39} WARNING - The example_kubernetes_executor example DAG requires the kubernetes provider. Please install it with: pip install apache-airflow[cncf.kubernetes]
[2026-01-04T12:53:37.048+0000] {processor.py:927} WARNING - No viable dags retrieved from /workspaces/f1_data_team/venv/lib/python3.12/site-packages/airflow/example_dags/example_kubernetes_executor.py
[2026-01-04T12:53:37.056+0000] {processor.py:208} INFO - Processing /workspaces/f1_data_team/venv/lib/python3.12/site-packages/airflow/example_dags/example_kubernetes_executor.py took 0.018 seconds
[2026-01-04T12:54:35.855+0000] {processor.py:186} INFO - Started process (PID=46769) to work on /workspaces/f1_data_team/venv/lib/python3.12/site-packages/airflow/example_dags/example_kubernetes_executor.py
[2026-01-04T12:54:35.856+0000] {processor.py:914} INFO - Processing file /workspaces/f1_data_team/venv/lib/python3.12/site-packages/airflow/example_dags/example_kubernetes_executor.py for tasks to queue
[2026-01-04T12:54:35.858+0000] {logging_mixin.py:190} INFO - [2026-01-04T12:54:35.858+0000] {dagbag.py:588} INFO - Filling up the DagBag from /workspaces/f1_data_team/venv/lib/python3.12/site-packages/airflow/example_dags/example_kubernetes_executor.py
[2026-01-04T12:54:35.860+0000] {logging_mixin.py:190} INFO - [2026-01-04T12:54:35.860+0000] {example_kubernetes_executor.py:39} WARNING - The example_kubernetes_executor example DAG requires the kubernetes provider. Please install it with: pip install apache-airflow[cncf.kubernetes]
[2026-01-04T12:54:35.860+0000] {processor.py:927} WARNING - No viable dags retrieved from /workspaces/f1_data_team/venv/lib/python3.12/site-packages/airflow/example_dags/example_kubernetes_executor.py
[2026-01-04T12:54:35.868+0000] {processor.py:208} INFO - Processing /workspaces/f1_data_team/venv/lib/python3.12/site-packages/airflow/example_dags/example_kubernetes_executor.py took 0.018 seconds
[2026-01-04T12:55:38.894+0000] {processor.py:186} INFO - Started process (PID=47759) to work on /workspaces/f1_data_team/venv/lib/python3.12/site-packages/airflow/example_dags/example_kubernetes_executor.py
[2026-01-04T12:55:38.895+0000] {processor.py:914} INFO - Processing file /workspaces/f1_data_team/venv/lib/python3.12/site-packages/airflow/example_dags/example_kubernetes_executor.py for tasks to queue
[2026-01-04T12:55:38.897+0000] {logging_mixin.py:190} INFO - [2026-01-04T12:55:38.897+0000] {dagbag.py:588} INFO - Filling up the DagBag from /workspaces/f1_data_team/venv/lib/python3.12/site-packages/airflow/example_dags/example_kubernetes_executor.py
[2026-01-04T12:55:38.899+0000] {logging_mixin.py:190} INFO - [2026-01-04T12:55:38.899+0000] {example_kubernetes_executor.py:39} WARNING - The example_kubernetes_executor example DAG requires the kubernetes provider. Please install it with: pip install apache-airflow[cncf.kubernetes]
[2026-01-04T12:55:38.899+0000] {processor.py:927} WARNING - No viable dags retrieved from /workspaces/f1_data_team/venv/lib/python3.12/site-packages/airflow/example_dags/example_kubernetes_executor.py
[2026-01-04T12:55:38.908+0000] {processor.py:208} INFO - Processing /workspaces/f1_data_team/venv/lib/python3.12/site-packages/airflow/example_dags/example_kubernetes_executor.py took 0.018 seconds
[2026-01-04T12:56:34.389+0000] {processor.py:186} INFO - Started process (PID=48305) to work on /workspaces/f1_data_team/venv/lib/python3.12/site-packages/airflow/example_dags/example_kubernetes_executor.py
[2026-01-04T12:56:34.390+0000] {processor.py:914} INFO - Processing file /workspaces/f1_data_team/venv/lib/python3.12/site-packages/airflow/example_dags/example_kubernetes_executor.py for tasks to queue
[2026-01-04T12:56:34.392+0000] {logging_mixin.py:190} INFO - [2026-01-04T12:56:34.392+0000] {dagbag.py:588} INFO - Filling up the DagBag from /workspaces/f1_data_team/venv/lib/python3.12/site-packages/airflow/example_dags/example_kubernetes_executor.py
[2026-01-04T12:56:34.394+0000] {logging_mixin.py:190} INFO - [2026-01-04T12:56:34.394+0000] {example_kubernetes_executor.py:39} WARNING - The example_kubernetes_executor example DAG requires the kubernetes provider. Please install it with: pip install apache-airflow[cncf.kubernetes]
[2026-01-04T12:56:34.394+0000] {processor.py:927} WARNING - No viable dags retrieved from /workspaces/f1_data_team/venv/lib/python3.12/site-packages/airflow/example_dags/example_kubernetes_executor.py
[2026-01-04T12:56:34.402+0000] {processor.py:208} INFO - Processing /workspaces/f1_data_team/venv/lib/python3.12/site-packages/airflow/example_dags/example_kubernetes_executor.py took 0.018 seconds
[2026-01-04T12:57:40.500+0000] {processor.py:186} INFO - Started process (PID=48930) to work on /workspaces/f1_data_team/venv/lib/python3.12/site-packages/airflow/example_dags/example_kubernetes_executor.py
[2026-01-04T12:57:40.501+0000] {processor.py:914} INFO - Processing file /workspaces/f1_data_team/venv/lib/python3.12/site-packages/airflow/example_dags/example_kubernetes_executor.py for tasks to queue
[2026-01-04T12:57:40.503+0000] {logging_mixin.py:190} INFO - [2026-01-04T12:57:40.503+0000] {dagbag.py:588} INFO - Filling up the DagBag from /workspaces/f1_data_team/venv/lib/python3.12/site-packages/airflow/example_dags/example_kubernetes_executor.py
[2026-01-04T12:57:40.505+0000] {logging_mixin.py:190} INFO - [2026-01-04T12:57:40.505+0000] {example_kubernetes_executor.py:39} WARNING - The example_kubernetes_executor example DAG requires the kubernetes provider. Please install it with: pip install apache-airflow[cncf.kubernetes]
[2026-01-04T12:57:40.506+0000] {processor.py:927} WARNING - No viable dags retrieved from /workspaces/f1_data_team/venv/lib/python3.12/site-packages/airflow/example_dags/example_kubernetes_executor.py
[2026-01-04T12:57:40.514+0000] {processor.py:208} INFO - Processing /workspaces/f1_data_team/venv/lib/python3.12/site-packages/airflow/example_dags/example_kubernetes_executor.py took 0.020 seconds
[2026-01-04T12:58:32.425+0000] {processor.py:186} INFO - Started process (PID=49439) to work on /workspaces/f1_data_team/venv/lib/python3.12/site-packages/airflow/example_dags/example_kubernetes_executor.py
[2026-01-04T12:58:32.425+0000] {processor.py:914} INFO - Processing file /workspaces/f1_data_team/venv/lib/python3.12/site-packages/airflow/example_dags/example_kubernetes_executor.py for tasks to queue
[2026-01-04T12:58:32.427+0000] {logging_mixin.py:190} INFO - [2026-01-04T12:58:32.427+0000] {dagbag.py:588} INFO - Filling up the DagBag from /workspaces/f1_data_team/venv/lib/python3.12/site-packages/airflow/example_dags/example_kubernetes_executor.py
[2026-01-04T12:58:32.430+0000] {logging_mixin.py:190} INFO - [2026-01-04T12:58:32.429+0000] {example_kubernetes_executor.py:39} WARNING - The example_kubernetes_executor example DAG requires the kubernetes provider. Please install it with: pip install apache-airflow[cncf.kubernetes]
[2026-01-04T12:58:32.430+0000] {processor.py:927} WARNING - No viable dags retrieved from /workspaces/f1_data_team/venv/lib/python3.12/site-packages/airflow/example_dags/example_kubernetes_executor.py
[2026-01-04T12:58:32.438+0000] {processor.py:208} INFO - Processing /workspaces/f1_data_team/venv/lib/python3.12/site-packages/airflow/example_dags/example_kubernetes_executor.py took 0.018 seconds
[2026-01-04T12:59:28.192+0000] {processor.py:186} INFO - Started process (PID=49986) to work on /workspaces/f1_data_team/venv/lib/python3.12/site-packages/airflow/example_dags/example_kubernetes_executor.py
[2026-01-04T12:59:28.193+0000] {processor.py:914} INFO - Processing file /workspaces/f1_data_team/venv/lib/python3.12/site-packages/airflow/example_dags/example_kubernetes_executor.py for tasks to queue
[2026-01-04T12:59:28.195+0000] {logging_mixin.py:190} INFO - [2026-01-04T12:59:28.194+0000] {dagbag.py:588} INFO - Filling up the DagBag from /workspaces/f1_data_team/venv/lib/python3.12/site-packages/airflow/example_dags/example_kubernetes_executor.py
[2026-01-04T12:59:28.197+0000] {logging_mixin.py:190} INFO - [2026-01-04T12:59:28.197+0000] {example_kubernetes_executor.py:39} WARNING - The example_kubernetes_executor example DAG requires the kubernetes provider. Please install it with: pip install apache-airflow[cncf.kubernetes]
[2026-01-04T12:59:28.197+0000] {processor.py:927} WARNING - No viable dags retrieved from /workspaces/f1_data_team/venv/lib/python3.12/site-packages/airflow/example_dags/example_kubernetes_executor.py
[2026-01-04T12:59:28.205+0000] {processor.py:208} INFO - Processing /workspaces/f1_data_team/venv/lib/python3.12/site-packages/airflow/example_dags/example_kubernetes_executor.py took 0.018 seconds
[2026-01-04T13:00:22.471+0000] {processor.py:186} INFO - Started process (PID=50584) to work on /workspaces/f1_data_team/venv/lib/python3.12/site-packages/airflow/example_dags/example_kubernetes_executor.py
[2026-01-04T13:00:22.472+0000] {processor.py:914} INFO - Processing file /workspaces/f1_data_team/venv/lib/python3.12/site-packages/airflow/example_dags/example_kubernetes_executor.py for tasks to queue
[2026-01-04T13:00:22.474+0000] {logging_mixin.py:190} INFO - [2026-01-04T13:00:22.473+0000] {dagbag.py:588} INFO - Filling up the DagBag from /workspaces/f1_data_team/venv/lib/python3.12/site-packages/airflow/example_dags/example_kubernetes_executor.py
[2026-01-04T13:00:22.476+0000] {logging_mixin.py:190} INFO - [2026-01-04T13:00:22.476+0000] {example_kubernetes_executor.py:39} WARNING - The example_kubernetes_executor example DAG requires the kubernetes provider. Please install it with: pip install apache-airflow[cncf.kubernetes]
[2026-01-04T13:00:22.476+0000] {processor.py:927} WARNING - No viable dags retrieved from /workspaces/f1_data_team/venv/lib/python3.12/site-packages/airflow/example_dags/example_kubernetes_executor.py
[2026-01-04T13:00:22.484+0000] {processor.py:208} INFO - Processing /workspaces/f1_data_team/venv/lib/python3.12/site-packages/airflow/example_dags/example_kubernetes_executor.py took 0.018 seconds
[2026-01-04T13:01:13.827+0000] {processor.py:186} INFO - Started process (PID=51171) to work on /workspaces/f1_data_team/venv/lib/python3.12/site-packages/airflow/example_dags/example_kubernetes_executor.py
[2026-01-04T13:01:13.828+0000] {processor.py:914} INFO - Processing file /workspaces/f1_data_team/venv/lib/python3.12/site-packages/airflow/example_dags/example_kubernetes_executor.py for tasks to queue
[2026-01-04T13:01:13.830+0000] {logging_mixin.py:190} INFO - [2026-01-04T13:01:13.830+0000] {dagbag.py:588} INFO - Filling up the DagBag from /workspaces/f1_data_team/venv/lib/python3.12/site-packages/airflow/example_dags/example_kubernetes_executor.py
[2026-01-04T13:01:13.832+0000] {logging_mixin.py:190} INFO - [2026-01-04T13:01:13.832+0000] {example_kubernetes_executor.py:39} WARNING - The example_kubernetes_executor example DAG requires the kubernetes provider. Please install it with: pip install apache-airflow[cncf.kubernetes]
[2026-01-04T13:01:13.832+0000] {processor.py:927} WARNING - No viable dags retrieved from /workspaces/f1_data_team/venv/lib/python3.12/site-packages/airflow/example_dags/example_kubernetes_executor.py
[2026-01-04T13:01:13.841+0000] {processor.py:208} INFO - Processing /workspaces/f1_data_team/venv/lib/python3.12/site-packages/airflow/example_dags/example_kubernetes_executor.py took 0.018 seconds
