[2026-01-04T12:27:25.956+0000] {processor.py:186} INFO - Started process (PID=24848) to work on /workspaces/f1_data_team/venv/lib/python3.12/site-packages/airflow/example_dags/example_branch_python_dop_operator_3.py
[2026-01-04T12:27:25.957+0000] {processor.py:914} INFO - Processing file /workspaces/f1_data_team/venv/lib/python3.12/site-packages/airflow/example_dags/example_branch_python_dop_operator_3.py for tasks to queue
[2026-01-04T12:27:25.959+0000] {logging_mixin.py:190} INFO - [2026-01-04T12:27:25.959+0000] {dagbag.py:588} INFO - Filling up the DagBag from /workspaces/f1_data_team/venv/lib/python3.12/site-packages/airflow/example_dags/example_branch_python_dop_operator_3.py
[2026-01-04T12:27:25.967+0000] {processor.py:925} INFO - DAG(s) 'example_branch_dop_operator_v3' retrieved from /workspaces/f1_data_team/venv/lib/python3.12/site-packages/airflow/example_dags/example_branch_python_dop_operator_3.py
[2026-01-04T12:27:26.041+0000] {logging_mixin.py:190} INFO - [2026-01-04T12:27:26.040+0000] {override.py:1911} INFO - Created Permission View: can read on DAG:example_branch_dop_operator_v3
[2026-01-04T12:27:26.048+0000] {logging_mixin.py:190} INFO - [2026-01-04T12:27:26.048+0000] {override.py:1911} INFO - Created Permission View: can edit on DAG:example_branch_dop_operator_v3
[2026-01-04T12:27:26.053+0000] {logging_mixin.py:190} INFO - [2026-01-04T12:27:26.053+0000] {override.py:1911} INFO - Created Permission View: can delete on DAG:example_branch_dop_operator_v3
[2026-01-04T12:27:26.061+0000] {logging_mixin.py:190} INFO - [2026-01-04T12:27:26.061+0000] {override.py:1911} INFO - Created Permission View: can read on DAG Run:example_branch_dop_operator_v3
[2026-01-04T12:27:26.066+0000] {logging_mixin.py:190} INFO - [2026-01-04T12:27:26.066+0000] {override.py:1911} INFO - Created Permission View: menu access on DAG Run:example_branch_dop_operator_v3
[2026-01-04T12:27:26.071+0000] {logging_mixin.py:190} INFO - [2026-01-04T12:27:26.070+0000] {override.py:1911} INFO - Created Permission View: can create on DAG Run:example_branch_dop_operator_v3
[2026-01-04T12:27:26.076+0000] {logging_mixin.py:190} INFO - [2026-01-04T12:27:26.075+0000] {override.py:1911} INFO - Created Permission View: can delete on DAG Run:example_branch_dop_operator_v3
[2026-01-04T12:27:26.076+0000] {logging_mixin.py:190} INFO - [2026-01-04T12:27:26.076+0000] {dag.py:3239} INFO - Sync 1 DAGs
[2026-01-04T12:27:26.085+0000] {logging_mixin.py:190} INFO - [2026-01-04T12:27:26.085+0000] {dag.py:3262} INFO - Creating ORM DAG for example_branch_dop_operator_v3
[2026-01-04T12:27:26.094+0000] {logging_mixin.py:190} INFO - [2026-01-04T12:27:26.094+0000] {dag.py:4180} INFO - Setting next_dagrun for example_branch_dop_operator_v3 to 2026-01-04 12:26:00+00:00, run_after=2026-01-04 12:27:00+00:00
[2026-01-04T12:27:26.107+0000] {processor.py:208} INFO - Processing /workspaces/f1_data_team/venv/lib/python3.12/site-packages/airflow/example_dags/example_branch_python_dop_operator_3.py took 0.155 seconds
[2026-01-04T12:28:24.216+0000] {processor.py:186} INFO - Started process (PID=25365) to work on /workspaces/f1_data_team/venv/lib/python3.12/site-packages/airflow/example_dags/example_branch_python_dop_operator_3.py
[2026-01-04T12:28:24.218+0000] {processor.py:914} INFO - Processing file /workspaces/f1_data_team/venv/lib/python3.12/site-packages/airflow/example_dags/example_branch_python_dop_operator_3.py for tasks to queue
[2026-01-04T12:28:24.220+0000] {logging_mixin.py:190} INFO - [2026-01-04T12:28:24.219+0000] {dagbag.py:588} INFO - Filling up the DagBag from /workspaces/f1_data_team/venv/lib/python3.12/site-packages/airflow/example_dags/example_branch_python_dop_operator_3.py
[2026-01-04T12:28:24.228+0000] {processor.py:925} INFO - DAG(s) 'example_branch_dop_operator_v3' retrieved from /workspaces/f1_data_team/venv/lib/python3.12/site-packages/airflow/example_dags/example_branch_python_dop_operator_3.py
[2026-01-04T12:28:24.239+0000] {logging_mixin.py:190} INFO - [2026-01-04T12:28:24.239+0000] {dag.py:3239} INFO - Sync 1 DAGs
[2026-01-04T12:28:24.257+0000] {logging_mixin.py:190} INFO - [2026-01-04T12:28:24.257+0000] {dag.py:4180} INFO - Setting next_dagrun for example_branch_dop_operator_v3 to 2026-01-04 12:27:00+00:00, run_after=2026-01-04 12:28:00+00:00
[2026-01-04T12:28:24.271+0000] {processor.py:208} INFO - Processing /workspaces/f1_data_team/venv/lib/python3.12/site-packages/airflow/example_dags/example_branch_python_dop_operator_3.py took 0.060 seconds
[2026-01-04T12:29:21.082+0000] {processor.py:186} INFO - Started process (PID=26506) to work on /workspaces/f1_data_team/venv/lib/python3.12/site-packages/airflow/example_dags/example_branch_python_dop_operator_3.py
[2026-01-04T12:29:21.083+0000] {processor.py:914} INFO - Processing file /workspaces/f1_data_team/venv/lib/python3.12/site-packages/airflow/example_dags/example_branch_python_dop_operator_3.py for tasks to queue
[2026-01-04T12:29:21.085+0000] {logging_mixin.py:190} INFO - [2026-01-04T12:29:21.084+0000] {dagbag.py:588} INFO - Filling up the DagBag from /workspaces/f1_data_team/venv/lib/python3.12/site-packages/airflow/example_dags/example_branch_python_dop_operator_3.py
[2026-01-04T12:29:21.093+0000] {processor.py:925} INFO - DAG(s) 'example_branch_dop_operator_v3' retrieved from /workspaces/f1_data_team/venv/lib/python3.12/site-packages/airflow/example_dags/example_branch_python_dop_operator_3.py
[2026-01-04T12:29:21.105+0000] {logging_mixin.py:190} INFO - [2026-01-04T12:29:21.105+0000] {dag.py:3239} INFO - Sync 1 DAGs
[2026-01-04T12:29:21.123+0000] {logging_mixin.py:190} INFO - [2026-01-04T12:29:21.123+0000] {dag.py:4180} INFO - Setting next_dagrun for example_branch_dop_operator_v3 to 2026-01-04 12:28:00+00:00, run_after=2026-01-04 12:29:00+00:00
[2026-01-04T12:29:21.138+0000] {processor.py:208} INFO - Processing /workspaces/f1_data_team/venv/lib/python3.12/site-packages/airflow/example_dags/example_branch_python_dop_operator_3.py took 0.060 seconds
[2026-01-04T12:31:02.445+0000] {processor.py:186} INFO - Started process (PID=28068) to work on /workspaces/f1_data_team/venv/lib/python3.12/site-packages/airflow/example_dags/example_branch_python_dop_operator_3.py
[2026-01-04T12:31:02.446+0000] {processor.py:914} INFO - Processing file /workspaces/f1_data_team/venv/lib/python3.12/site-packages/airflow/example_dags/example_branch_python_dop_operator_3.py for tasks to queue
[2026-01-04T12:31:02.453+0000] {logging_mixin.py:190} INFO - [2026-01-04T12:31:02.451+0000] {dagbag.py:588} INFO - Filling up the DagBag from /workspaces/f1_data_team/venv/lib/python3.12/site-packages/airflow/example_dags/example_branch_python_dop_operator_3.py
[2026-01-04T12:31:02.474+0000] {processor.py:925} INFO - DAG(s) 'example_branch_dop_operator_v3' retrieved from /workspaces/f1_data_team/venv/lib/python3.12/site-packages/airflow/example_dags/example_branch_python_dop_operator_3.py
[2026-01-04T12:31:02.498+0000] {logging_mixin.py:190} INFO - [2026-01-04T12:31:02.498+0000] {dag.py:3239} INFO - Sync 1 DAGs
[2026-01-04T12:31:02.527+0000] {logging_mixin.py:190} INFO - [2026-01-04T12:31:02.526+0000] {dag.py:4180} INFO - Setting next_dagrun for example_branch_dop_operator_v3 to 2026-01-04 12:30:00+00:00, run_after=2026-01-04 12:31:00+00:00
[2026-01-04T12:31:02.549+0000] {processor.py:208} INFO - Processing /workspaces/f1_data_team/venv/lib/python3.12/site-packages/airflow/example_dags/example_branch_python_dop_operator_3.py took 0.112 seconds
[2026-01-04T12:33:10.177+0000] {processor.py:186} INFO - Started process (PID=30221) to work on /workspaces/f1_data_team/venv/lib/python3.12/site-packages/airflow/example_dags/example_branch_python_dop_operator_3.py
[2026-01-04T12:33:10.178+0000] {processor.py:914} INFO - Processing file /workspaces/f1_data_team/venv/lib/python3.12/site-packages/airflow/example_dags/example_branch_python_dop_operator_3.py for tasks to queue
[2026-01-04T12:33:10.180+0000] {logging_mixin.py:190} INFO - [2026-01-04T12:33:10.180+0000] {dagbag.py:588} INFO - Filling up the DagBag from /workspaces/f1_data_team/venv/lib/python3.12/site-packages/airflow/example_dags/example_branch_python_dop_operator_3.py
[2026-01-04T12:33:10.188+0000] {processor.py:925} INFO - DAG(s) 'example_branch_dop_operator_v3' retrieved from /workspaces/f1_data_team/venv/lib/python3.12/site-packages/airflow/example_dags/example_branch_python_dop_operator_3.py
[2026-01-04T12:33:10.200+0000] {logging_mixin.py:190} INFO - [2026-01-04T12:33:10.200+0000] {dag.py:3239} INFO - Sync 1 DAGs
[2026-01-04T12:33:10.217+0000] {logging_mixin.py:190} INFO - [2026-01-04T12:33:10.217+0000] {dag.py:4180} INFO - Setting next_dagrun for example_branch_dop_operator_v3 to 2026-01-04 12:32:00+00:00, run_after=2026-01-04 12:33:00+00:00
[2026-01-04T12:33:10.232+0000] {processor.py:208} INFO - Processing /workspaces/f1_data_team/venv/lib/python3.12/site-packages/airflow/example_dags/example_branch_python_dop_operator_3.py took 0.059 seconds
[2026-01-04T12:34:10.181+0000] {processor.py:186} INFO - Started process (PID=30872) to work on /workspaces/f1_data_team/venv/lib/python3.12/site-packages/airflow/example_dags/example_branch_python_dop_operator_3.py
[2026-01-04T12:34:10.182+0000] {processor.py:914} INFO - Processing file /workspaces/f1_data_team/venv/lib/python3.12/site-packages/airflow/example_dags/example_branch_python_dop_operator_3.py for tasks to queue
[2026-01-04T12:34:10.183+0000] {logging_mixin.py:190} INFO - [2026-01-04T12:34:10.183+0000] {dagbag.py:588} INFO - Filling up the DagBag from /workspaces/f1_data_team/venv/lib/python3.12/site-packages/airflow/example_dags/example_branch_python_dop_operator_3.py
[2026-01-04T12:34:10.192+0000] {processor.py:925} INFO - DAG(s) 'example_branch_dop_operator_v3' retrieved from /workspaces/f1_data_team/venv/lib/python3.12/site-packages/airflow/example_dags/example_branch_python_dop_operator_3.py
[2026-01-04T12:34:10.204+0000] {logging_mixin.py:190} INFO - [2026-01-04T12:34:10.203+0000] {dag.py:3239} INFO - Sync 1 DAGs
[2026-01-04T12:34:10.221+0000] {logging_mixin.py:190} INFO - [2026-01-04T12:34:10.221+0000] {dag.py:4180} INFO - Setting next_dagrun for example_branch_dop_operator_v3 to 2026-01-04 12:33:00+00:00, run_after=2026-01-04 12:34:00+00:00
[2026-01-04T12:34:10.236+0000] {processor.py:208} INFO - Processing /workspaces/f1_data_team/venv/lib/python3.12/site-packages/airflow/example_dags/example_branch_python_dop_operator_3.py took 0.060 seconds
[2026-01-04T12:35:03.155+0000] {processor.py:186} INFO - Started process (PID=31406) to work on /workspaces/f1_data_team/venv/lib/python3.12/site-packages/airflow/example_dags/example_branch_python_dop_operator_3.py
[2026-01-04T12:35:03.155+0000] {processor.py:914} INFO - Processing file /workspaces/f1_data_team/venv/lib/python3.12/site-packages/airflow/example_dags/example_branch_python_dop_operator_3.py for tasks to queue
[2026-01-04T12:35:03.157+0000] {logging_mixin.py:190} INFO - [2026-01-04T12:35:03.157+0000] {dagbag.py:588} INFO - Filling up the DagBag from /workspaces/f1_data_team/venv/lib/python3.12/site-packages/airflow/example_dags/example_branch_python_dop_operator_3.py
[2026-01-04T12:35:03.166+0000] {processor.py:925} INFO - DAG(s) 'example_branch_dop_operator_v3' retrieved from /workspaces/f1_data_team/venv/lib/python3.12/site-packages/airflow/example_dags/example_branch_python_dop_operator_3.py
[2026-01-04T12:35:03.185+0000] {logging_mixin.py:190} INFO - [2026-01-04T12:35:03.185+0000] {dag.py:3239} INFO - Sync 1 DAGs
[2026-01-04T12:35:03.210+0000] {logging_mixin.py:190} INFO - [2026-01-04T12:35:03.210+0000] {dag.py:4180} INFO - Setting next_dagrun for example_branch_dop_operator_v3 to 2026-01-04 12:34:00+00:00, run_after=2026-01-04 12:35:00+00:00
[2026-01-04T12:35:03.231+0000] {processor.py:208} INFO - Processing /workspaces/f1_data_team/venv/lib/python3.12/site-packages/airflow/example_dags/example_branch_python_dop_operator_3.py took 0.081 seconds
[2026-01-04T12:36:19.740+0000] {processor.py:186} INFO - Started process (PID=32318) to work on /workspaces/f1_data_team/venv/lib/python3.12/site-packages/airflow/example_dags/example_branch_python_dop_operator_3.py
[2026-01-04T12:36:19.741+0000] {processor.py:914} INFO - Processing file /workspaces/f1_data_team/venv/lib/python3.12/site-packages/airflow/example_dags/example_branch_python_dop_operator_3.py for tasks to queue
[2026-01-04T12:36:19.742+0000] {logging_mixin.py:190} INFO - [2026-01-04T12:36:19.742+0000] {dagbag.py:588} INFO - Filling up the DagBag from /workspaces/f1_data_team/venv/lib/python3.12/site-packages/airflow/example_dags/example_branch_python_dop_operator_3.py
[2026-01-04T12:36:19.753+0000] {processor.py:925} INFO - DAG(s) 'example_branch_dop_operator_v3' retrieved from /workspaces/f1_data_team/venv/lib/python3.12/site-packages/airflow/example_dags/example_branch_python_dop_operator_3.py
[2026-01-04T12:36:19.766+0000] {logging_mixin.py:190} INFO - [2026-01-04T12:36:19.766+0000] {dag.py:3239} INFO - Sync 1 DAGs
[2026-01-04T12:36:19.783+0000] {logging_mixin.py:190} INFO - [2026-01-04T12:36:19.783+0000] {dag.py:4180} INFO - Setting next_dagrun for example_branch_dop_operator_v3 to 2026-01-04 12:35:00+00:00, run_after=2026-01-04 12:36:00+00:00
[2026-01-04T12:36:19.799+0000] {processor.py:208} INFO - Processing /workspaces/f1_data_team/venv/lib/python3.12/site-packages/airflow/example_dags/example_branch_python_dop_operator_3.py took 0.063 seconds
[2026-01-04T12:37:16.653+0000] {processor.py:186} INFO - Started process (PID=32773) to work on /workspaces/f1_data_team/venv/lib/python3.12/site-packages/airflow/example_dags/example_branch_python_dop_operator_3.py
[2026-01-04T12:37:16.654+0000] {processor.py:914} INFO - Processing file /workspaces/f1_data_team/venv/lib/python3.12/site-packages/airflow/example_dags/example_branch_python_dop_operator_3.py for tasks to queue
[2026-01-04T12:37:16.656+0000] {logging_mixin.py:190} INFO - [2026-01-04T12:37:16.655+0000] {dagbag.py:588} INFO - Filling up the DagBag from /workspaces/f1_data_team/venv/lib/python3.12/site-packages/airflow/example_dags/example_branch_python_dop_operator_3.py
[2026-01-04T12:37:16.664+0000] {processor.py:925} INFO - DAG(s) 'example_branch_dop_operator_v3' retrieved from /workspaces/f1_data_team/venv/lib/python3.12/site-packages/airflow/example_dags/example_branch_python_dop_operator_3.py
[2026-01-04T12:37:16.676+0000] {logging_mixin.py:190} INFO - [2026-01-04T12:37:16.676+0000] {dag.py:3239} INFO - Sync 1 DAGs
[2026-01-04T12:37:16.693+0000] {logging_mixin.py:190} INFO - [2026-01-04T12:37:16.693+0000] {dag.py:4180} INFO - Setting next_dagrun for example_branch_dop_operator_v3 to 2026-01-04 12:36:00+00:00, run_after=2026-01-04 12:37:00+00:00
[2026-01-04T12:37:16.710+0000] {processor.py:208} INFO - Processing /workspaces/f1_data_team/venv/lib/python3.12/site-packages/airflow/example_dags/example_branch_python_dop_operator_3.py took 0.062 seconds
[2026-01-04T12:38:34.408+0000] {processor.py:186} INFO - Started process (PID=33936) to work on /workspaces/f1_data_team/venv/lib/python3.12/site-packages/airflow/example_dags/example_branch_python_dop_operator_3.py
[2026-01-04T12:38:34.408+0000] {processor.py:914} INFO - Processing file /workspaces/f1_data_team/venv/lib/python3.12/site-packages/airflow/example_dags/example_branch_python_dop_operator_3.py for tasks to queue
[2026-01-04T12:38:34.410+0000] {logging_mixin.py:190} INFO - [2026-01-04T12:38:34.410+0000] {dagbag.py:588} INFO - Filling up the DagBag from /workspaces/f1_data_team/venv/lib/python3.12/site-packages/airflow/example_dags/example_branch_python_dop_operator_3.py
[2026-01-04T12:38:34.419+0000] {processor.py:925} INFO - DAG(s) 'example_branch_dop_operator_v3' retrieved from /workspaces/f1_data_team/venv/lib/python3.12/site-packages/airflow/example_dags/example_branch_python_dop_operator_3.py
[2026-01-04T12:38:34.431+0000] {logging_mixin.py:190} INFO - [2026-01-04T12:38:34.430+0000] {dag.py:3239} INFO - Sync 1 DAGs
[2026-01-04T12:38:34.448+0000] {logging_mixin.py:190} INFO - [2026-01-04T12:38:34.448+0000] {dag.py:4180} INFO - Setting next_dagrun for example_branch_dop_operator_v3 to 2026-01-04 12:37:00+00:00, run_after=2026-01-04 12:38:00+00:00
[2026-01-04T12:38:34.463+0000] {processor.py:208} INFO - Processing /workspaces/f1_data_team/venv/lib/python3.12/site-packages/airflow/example_dags/example_branch_python_dop_operator_3.py took 0.060 seconds
[2026-01-04T12:39:54.386+0000] {processor.py:186} INFO - Started process (PID=34658) to work on /workspaces/f1_data_team/venv/lib/python3.12/site-packages/airflow/example_dags/example_branch_python_dop_operator_3.py
[2026-01-04T12:39:54.387+0000] {processor.py:914} INFO - Processing file /workspaces/f1_data_team/venv/lib/python3.12/site-packages/airflow/example_dags/example_branch_python_dop_operator_3.py for tasks to queue
[2026-01-04T12:39:54.389+0000] {logging_mixin.py:190} INFO - [2026-01-04T12:39:54.388+0000] {dagbag.py:588} INFO - Filling up the DagBag from /workspaces/f1_data_team/venv/lib/python3.12/site-packages/airflow/example_dags/example_branch_python_dop_operator_3.py
[2026-01-04T12:39:54.397+0000] {processor.py:925} INFO - DAG(s) 'example_branch_dop_operator_v3' retrieved from /workspaces/f1_data_team/venv/lib/python3.12/site-packages/airflow/example_dags/example_branch_python_dop_operator_3.py
[2026-01-04T12:39:54.413+0000] {logging_mixin.py:190} INFO - [2026-01-04T12:39:54.413+0000] {dag.py:3239} INFO - Sync 1 DAGs
[2026-01-04T12:39:54.432+0000] {logging_mixin.py:190} INFO - [2026-01-04T12:39:54.432+0000] {dag.py:4180} INFO - Setting next_dagrun for example_branch_dop_operator_v3 to 2026-01-04 12:38:00+00:00, run_after=2026-01-04 12:39:00+00:00
[2026-01-04T12:39:54.452+0000] {processor.py:208} INFO - Processing /workspaces/f1_data_team/venv/lib/python3.12/site-packages/airflow/example_dags/example_branch_python_dop_operator_3.py took 0.071 seconds
[2026-01-04T12:40:47.998+0000] {processor.py:186} INFO - Started process (PID=35194) to work on /workspaces/f1_data_team/venv/lib/python3.12/site-packages/airflow/example_dags/example_branch_python_dop_operator_3.py
[2026-01-04T12:40:47.999+0000] {processor.py:914} INFO - Processing file /workspaces/f1_data_team/venv/lib/python3.12/site-packages/airflow/example_dags/example_branch_python_dop_operator_3.py for tasks to queue
[2026-01-04T12:40:48.001+0000] {logging_mixin.py:190} INFO - [2026-01-04T12:40:48.000+0000] {dagbag.py:588} INFO - Filling up the DagBag from /workspaces/f1_data_team/venv/lib/python3.12/site-packages/airflow/example_dags/example_branch_python_dop_operator_3.py
[2026-01-04T12:40:48.011+0000] {processor.py:925} INFO - DAG(s) 'example_branch_dop_operator_v3' retrieved from /workspaces/f1_data_team/venv/lib/python3.12/site-packages/airflow/example_dags/example_branch_python_dop_operator_3.py
[2026-01-04T12:40:48.023+0000] {logging_mixin.py:190} INFO - [2026-01-04T12:40:48.023+0000] {dag.py:3239} INFO - Sync 1 DAGs
[2026-01-04T12:40:48.042+0000] {logging_mixin.py:190} INFO - [2026-01-04T12:40:48.042+0000] {dag.py:4180} INFO - Setting next_dagrun for example_branch_dop_operator_v3 to 2026-01-04 12:39:00+00:00, run_after=2026-01-04 12:40:00+00:00
[2026-01-04T12:40:48.058+0000] {processor.py:208} INFO - Processing /workspaces/f1_data_team/venv/lib/python3.12/site-packages/airflow/example_dags/example_branch_python_dop_operator_3.py took 0.066 seconds
[2026-01-04T12:42:06.367+0000] {processor.py:186} INFO - Started process (PID=36349) to work on /workspaces/f1_data_team/venv/lib/python3.12/site-packages/airflow/example_dags/example_branch_python_dop_operator_3.py
[2026-01-04T12:42:06.368+0000] {processor.py:914} INFO - Processing file /workspaces/f1_data_team/venv/lib/python3.12/site-packages/airflow/example_dags/example_branch_python_dop_operator_3.py for tasks to queue
[2026-01-04T12:42:06.370+0000] {logging_mixin.py:190} INFO - [2026-01-04T12:42:06.370+0000] {dagbag.py:588} INFO - Filling up the DagBag from /workspaces/f1_data_team/venv/lib/python3.12/site-packages/airflow/example_dags/example_branch_python_dop_operator_3.py
[2026-01-04T12:42:06.380+0000] {processor.py:925} INFO - DAG(s) 'example_branch_dop_operator_v3' retrieved from /workspaces/f1_data_team/venv/lib/python3.12/site-packages/airflow/example_dags/example_branch_python_dop_operator_3.py
[2026-01-04T12:42:06.394+0000] {logging_mixin.py:190} INFO - [2026-01-04T12:42:06.393+0000] {dag.py:3239} INFO - Sync 1 DAGs
[2026-01-04T12:42:06.411+0000] {logging_mixin.py:190} INFO - [2026-01-04T12:42:06.411+0000] {dag.py:4180} INFO - Setting next_dagrun for example_branch_dop_operator_v3 to 2026-01-04 12:41:00+00:00, run_after=2026-01-04 12:42:00+00:00
[2026-01-04T12:42:06.427+0000] {processor.py:208} INFO - Processing /workspaces/f1_data_team/venv/lib/python3.12/site-packages/airflow/example_dags/example_branch_python_dop_operator_3.py took 0.064 seconds
[2026-01-04T12:43:16.805+0000] {processor.py:186} INFO - Started process (PID=37393) to work on /workspaces/f1_data_team/venv/lib/python3.12/site-packages/airflow/example_dags/example_branch_python_dop_operator_3.py
[2026-01-04T12:43:16.805+0000] {processor.py:914} INFO - Processing file /workspaces/f1_data_team/venv/lib/python3.12/site-packages/airflow/example_dags/example_branch_python_dop_operator_3.py for tasks to queue
[2026-01-04T12:43:16.807+0000] {logging_mixin.py:190} INFO - [2026-01-04T12:43:16.807+0000] {dagbag.py:588} INFO - Filling up the DagBag from /workspaces/f1_data_team/venv/lib/python3.12/site-packages/airflow/example_dags/example_branch_python_dop_operator_3.py
[2026-01-04T12:43:16.815+0000] {processor.py:925} INFO - DAG(s) 'example_branch_dop_operator_v3' retrieved from /workspaces/f1_data_team/venv/lib/python3.12/site-packages/airflow/example_dags/example_branch_python_dop_operator_3.py
[2026-01-04T12:43:16.827+0000] {logging_mixin.py:190} INFO - [2026-01-04T12:43:16.827+0000] {dag.py:3239} INFO - Sync 1 DAGs
[2026-01-04T12:43:16.845+0000] {logging_mixin.py:190} INFO - [2026-01-04T12:43:16.844+0000] {dag.py:4180} INFO - Setting next_dagrun for example_branch_dop_operator_v3 to 2026-01-04 12:42:00+00:00, run_after=2026-01-04 12:43:00+00:00
[2026-01-04T12:43:16.860+0000] {processor.py:208} INFO - Processing /workspaces/f1_data_team/venv/lib/python3.12/site-packages/airflow/example_dags/example_branch_python_dop_operator_3.py took 0.060 seconds
[2026-01-04T12:44:11.847+0000] {processor.py:186} INFO - Started process (PID=37974) to work on /workspaces/f1_data_team/venv/lib/python3.12/site-packages/airflow/example_dags/example_branch_python_dop_operator_3.py
[2026-01-04T12:44:11.847+0000] {processor.py:914} INFO - Processing file /workspaces/f1_data_team/venv/lib/python3.12/site-packages/airflow/example_dags/example_branch_python_dop_operator_3.py for tasks to queue
[2026-01-04T12:44:11.849+0000] {logging_mixin.py:190} INFO - [2026-01-04T12:44:11.849+0000] {dagbag.py:588} INFO - Filling up the DagBag from /workspaces/f1_data_team/venv/lib/python3.12/site-packages/airflow/example_dags/example_branch_python_dop_operator_3.py
[2026-01-04T12:44:11.858+0000] {processor.py:925} INFO - DAG(s) 'example_branch_dop_operator_v3' retrieved from /workspaces/f1_data_team/venv/lib/python3.12/site-packages/airflow/example_dags/example_branch_python_dop_operator_3.py
[2026-01-04T12:44:11.870+0000] {logging_mixin.py:190} INFO - [2026-01-04T12:44:11.869+0000] {dag.py:3239} INFO - Sync 1 DAGs
[2026-01-04T12:44:11.887+0000] {logging_mixin.py:190} INFO - [2026-01-04T12:44:11.887+0000] {dag.py:4180} INFO - Setting next_dagrun for example_branch_dop_operator_v3 to 2026-01-04 12:43:00+00:00, run_after=2026-01-04 12:44:00+00:00
[2026-01-04T12:44:11.902+0000] {processor.py:208} INFO - Processing /workspaces/f1_data_team/venv/lib/python3.12/site-packages/airflow/example_dags/example_branch_python_dop_operator_3.py took 0.060 seconds
[2026-01-04T12:45:37.217+0000] {processor.py:186} INFO - Started process (PID=39465) to work on /workspaces/f1_data_team/venv/lib/python3.12/site-packages/airflow/example_dags/example_branch_python_dop_operator_3.py
[2026-01-04T12:45:37.218+0000] {processor.py:914} INFO - Processing file /workspaces/f1_data_team/venv/lib/python3.12/site-packages/airflow/example_dags/example_branch_python_dop_operator_3.py for tasks to queue
[2026-01-04T12:45:37.220+0000] {logging_mixin.py:190} INFO - [2026-01-04T12:45:37.220+0000] {dagbag.py:588} INFO - Filling up the DagBag from /workspaces/f1_data_team/venv/lib/python3.12/site-packages/airflow/example_dags/example_branch_python_dop_operator_3.py
[2026-01-04T12:45:37.228+0000] {processor.py:925} INFO - DAG(s) 'example_branch_dop_operator_v3' retrieved from /workspaces/f1_data_team/venv/lib/python3.12/site-packages/airflow/example_dags/example_branch_python_dop_operator_3.py
[2026-01-04T12:45:37.241+0000] {logging_mixin.py:190} INFO - [2026-01-04T12:45:37.241+0000] {dag.py:3239} INFO - Sync 1 DAGs
[2026-01-04T12:45:37.258+0000] {logging_mixin.py:190} INFO - [2026-01-04T12:45:37.258+0000] {dag.py:4180} INFO - Setting next_dagrun for example_branch_dop_operator_v3 to 2026-01-04 12:44:00+00:00, run_after=2026-01-04 12:45:00+00:00
[2026-01-04T12:45:37.273+0000] {processor.py:208} INFO - Processing /workspaces/f1_data_team/venv/lib/python3.12/site-packages/airflow/example_dags/example_branch_python_dop_operator_3.py took 0.060 seconds
[2026-01-04T12:46:32.936+0000] {processor.py:186} INFO - Started process (PID=40035) to work on /workspaces/f1_data_team/venv/lib/python3.12/site-packages/airflow/example_dags/example_branch_python_dop_operator_3.py
[2026-01-04T12:46:32.936+0000] {processor.py:914} INFO - Processing file /workspaces/f1_data_team/venv/lib/python3.12/site-packages/airflow/example_dags/example_branch_python_dop_operator_3.py for tasks to queue
[2026-01-04T12:46:32.938+0000] {logging_mixin.py:190} INFO - [2026-01-04T12:46:32.938+0000] {dagbag.py:588} INFO - Filling up the DagBag from /workspaces/f1_data_team/venv/lib/python3.12/site-packages/airflow/example_dags/example_branch_python_dop_operator_3.py
[2026-01-04T12:46:32.946+0000] {processor.py:925} INFO - DAG(s) 'example_branch_dop_operator_v3' retrieved from /workspaces/f1_data_team/venv/lib/python3.12/site-packages/airflow/example_dags/example_branch_python_dop_operator_3.py
[2026-01-04T12:46:32.959+0000] {logging_mixin.py:190} INFO - [2026-01-04T12:46:32.958+0000] {dag.py:3239} INFO - Sync 1 DAGs
[2026-01-04T12:46:32.976+0000] {logging_mixin.py:190} INFO - [2026-01-04T12:46:32.976+0000] {dag.py:4180} INFO - Setting next_dagrun for example_branch_dop_operator_v3 to 2026-01-04 12:45:00+00:00, run_after=2026-01-04 12:46:00+00:00
[2026-01-04T12:46:32.991+0000] {processor.py:208} INFO - Processing /workspaces/f1_data_team/venv/lib/python3.12/site-packages/airflow/example_dags/example_branch_python_dop_operator_3.py took 0.060 seconds
[2026-01-04T12:47:49.542+0000] {processor.py:186} INFO - Started process (PID=40755) to work on /workspaces/f1_data_team/venv/lib/python3.12/site-packages/airflow/example_dags/example_branch_python_dop_operator_3.py
[2026-01-04T12:47:49.543+0000] {processor.py:914} INFO - Processing file /workspaces/f1_data_team/venv/lib/python3.12/site-packages/airflow/example_dags/example_branch_python_dop_operator_3.py for tasks to queue
[2026-01-04T12:47:49.545+0000] {logging_mixin.py:190} INFO - [2026-01-04T12:47:49.544+0000] {dagbag.py:588} INFO - Filling up the DagBag from /workspaces/f1_data_team/venv/lib/python3.12/site-packages/airflow/example_dags/example_branch_python_dop_operator_3.py
[2026-01-04T12:47:49.553+0000] {processor.py:925} INFO - DAG(s) 'example_branch_dop_operator_v3' retrieved from /workspaces/f1_data_team/venv/lib/python3.12/site-packages/airflow/example_dags/example_branch_python_dop_operator_3.py
[2026-01-04T12:47:49.565+0000] {logging_mixin.py:190} INFO - [2026-01-04T12:47:49.565+0000] {dag.py:3239} INFO - Sync 1 DAGs
[2026-01-04T12:47:49.583+0000] {logging_mixin.py:190} INFO - [2026-01-04T12:47:49.583+0000] {dag.py:4180} INFO - Setting next_dagrun for example_branch_dop_operator_v3 to 2026-01-04 12:46:00+00:00, run_after=2026-01-04 12:47:00+00:00
[2026-01-04T12:47:49.598+0000] {processor.py:208} INFO - Processing /workspaces/f1_data_team/venv/lib/python3.12/site-packages/airflow/example_dags/example_branch_python_dop_operator_3.py took 0.060 seconds
[2026-01-04T12:49:25.517+0000] {processor.py:186} INFO - Started process (PID=42277) to work on /workspaces/f1_data_team/venv/lib/python3.12/site-packages/airflow/example_dags/example_branch_python_dop_operator_3.py
[2026-01-04T12:49:25.517+0000] {processor.py:914} INFO - Processing file /workspaces/f1_data_team/venv/lib/python3.12/site-packages/airflow/example_dags/example_branch_python_dop_operator_3.py for tasks to queue
[2026-01-04T12:49:25.519+0000] {logging_mixin.py:190} INFO - [2026-01-04T12:49:25.519+0000] {dagbag.py:588} INFO - Filling up the DagBag from /workspaces/f1_data_team/venv/lib/python3.12/site-packages/airflow/example_dags/example_branch_python_dop_operator_3.py
[2026-01-04T12:49:25.528+0000] {processor.py:925} INFO - DAG(s) 'example_branch_dop_operator_v3' retrieved from /workspaces/f1_data_team/venv/lib/python3.12/site-packages/airflow/example_dags/example_branch_python_dop_operator_3.py
[2026-01-04T12:49:25.540+0000] {logging_mixin.py:190} INFO - [2026-01-04T12:49:25.540+0000] {dag.py:3239} INFO - Sync 1 DAGs
[2026-01-04T12:49:25.563+0000] {logging_mixin.py:190} INFO - [2026-01-04T12:49:25.563+0000] {dag.py:4180} INFO - Setting next_dagrun for example_branch_dop_operator_v3 to 2026-01-04 12:48:00+00:00, run_after=2026-01-04 12:49:00+00:00
[2026-01-04T12:49:25.585+0000] {processor.py:208} INFO - Processing /workspaces/f1_data_team/venv/lib/python3.12/site-packages/airflow/example_dags/example_branch_python_dop_operator_3.py took 0.073 seconds
[2026-01-04T12:50:22.638+0000] {processor.py:186} INFO - Started process (PID=42824) to work on /workspaces/f1_data_team/venv/lib/python3.12/site-packages/airflow/example_dags/example_branch_python_dop_operator_3.py
[2026-01-04T12:50:22.639+0000] {processor.py:914} INFO - Processing file /workspaces/f1_data_team/venv/lib/python3.12/site-packages/airflow/example_dags/example_branch_python_dop_operator_3.py for tasks to queue
[2026-01-04T12:50:22.641+0000] {logging_mixin.py:190} INFO - [2026-01-04T12:50:22.640+0000] {dagbag.py:588} INFO - Filling up the DagBag from /workspaces/f1_data_team/venv/lib/python3.12/site-packages/airflow/example_dags/example_branch_python_dop_operator_3.py
[2026-01-04T12:50:22.649+0000] {processor.py:925} INFO - DAG(s) 'example_branch_dop_operator_v3' retrieved from /workspaces/f1_data_team/venv/lib/python3.12/site-packages/airflow/example_dags/example_branch_python_dop_operator_3.py
[2026-01-04T12:50:22.662+0000] {logging_mixin.py:190} INFO - [2026-01-04T12:50:22.662+0000] {dag.py:3239} INFO - Sync 1 DAGs
[2026-01-04T12:50:22.680+0000] {logging_mixin.py:190} INFO - [2026-01-04T12:50:22.680+0000] {dag.py:4180} INFO - Setting next_dagrun for example_branch_dop_operator_v3 to 2026-01-04 12:49:00+00:00, run_after=2026-01-04 12:50:00+00:00
[2026-01-04T12:50:22.695+0000] {processor.py:208} INFO - Processing /workspaces/f1_data_team/venv/lib/python3.12/site-packages/airflow/example_dags/example_branch_python_dop_operator_3.py took 0.061 seconds
[2026-01-04T12:52:00.593+0000] {processor.py:186} INFO - Started process (PID=44494) to work on /workspaces/f1_data_team/venv/lib/python3.12/site-packages/airflow/example_dags/example_branch_python_dop_operator_3.py
[2026-01-04T12:52:00.594+0000] {processor.py:914} INFO - Processing file /workspaces/f1_data_team/venv/lib/python3.12/site-packages/airflow/example_dags/example_branch_python_dop_operator_3.py for tasks to queue
[2026-01-04T12:52:00.596+0000] {logging_mixin.py:190} INFO - [2026-01-04T12:52:00.596+0000] {dagbag.py:588} INFO - Filling up the DagBag from /workspaces/f1_data_team/venv/lib/python3.12/site-packages/airflow/example_dags/example_branch_python_dop_operator_3.py
[2026-01-04T12:52:00.606+0000] {processor.py:925} INFO - DAG(s) 'example_branch_dop_operator_v3' retrieved from /workspaces/f1_data_team/venv/lib/python3.12/site-packages/airflow/example_dags/example_branch_python_dop_operator_3.py
[2026-01-04T12:52:00.620+0000] {logging_mixin.py:190} INFO - [2026-01-04T12:52:00.619+0000] {dag.py:3239} INFO - Sync 1 DAGs
[2026-01-04T12:52:00.650+0000] {logging_mixin.py:190} INFO - [2026-01-04T12:52:00.649+0000] {dag.py:4180} INFO - Setting next_dagrun for example_branch_dop_operator_v3 to 2026-01-04 12:51:00+00:00, run_after=2026-01-04 12:52:00+00:00
[2026-01-04T12:52:00.666+0000] {processor.py:208} INFO - Processing /workspaces/f1_data_team/venv/lib/python3.12/site-packages/airflow/example_dags/example_branch_python_dop_operator_3.py took 0.079 seconds
[2026-01-04T12:52:58.756+0000] {processor.py:186} INFO - Started process (PID=45257) to work on /workspaces/f1_data_team/venv/lib/python3.12/site-packages/airflow/example_dags/example_branch_python_dop_operator_3.py
[2026-01-04T12:52:58.756+0000] {processor.py:914} INFO - Processing file /workspaces/f1_data_team/venv/lib/python3.12/site-packages/airflow/example_dags/example_branch_python_dop_operator_3.py for tasks to queue
[2026-01-04T12:52:58.758+0000] {logging_mixin.py:190} INFO - [2026-01-04T12:52:58.758+0000] {dagbag.py:588} INFO - Filling up the DagBag from /workspaces/f1_data_team/venv/lib/python3.12/site-packages/airflow/example_dags/example_branch_python_dop_operator_3.py
[2026-01-04T12:52:58.767+0000] {processor.py:925} INFO - DAG(s) 'example_branch_dop_operator_v3' retrieved from /workspaces/f1_data_team/venv/lib/python3.12/site-packages/airflow/example_dags/example_branch_python_dop_operator_3.py
[2026-01-04T12:52:58.779+0000] {logging_mixin.py:190} INFO - [2026-01-04T12:52:58.779+0000] {dag.py:3239} INFO - Sync 1 DAGs
[2026-01-04T12:52:58.796+0000] {logging_mixin.py:190} INFO - [2026-01-04T12:52:58.796+0000] {dag.py:4180} INFO - Setting next_dagrun for example_branch_dop_operator_v3 to 2026-01-04 12:51:00+00:00, run_after=2026-01-04 12:52:00+00:00
[2026-01-04T12:52:58.811+0000] {processor.py:208} INFO - Processing /workspaces/f1_data_team/venv/lib/python3.12/site-packages/airflow/example_dags/example_branch_python_dop_operator_3.py took 0.059 seconds
[2026-01-04T12:53:53.711+0000] {processor.py:186} INFO - Started process (PID=46123) to work on /workspaces/f1_data_team/venv/lib/python3.12/site-packages/airflow/example_dags/example_branch_python_dop_operator_3.py
[2026-01-04T12:53:53.711+0000] {processor.py:914} INFO - Processing file /workspaces/f1_data_team/venv/lib/python3.12/site-packages/airflow/example_dags/example_branch_python_dop_operator_3.py for tasks to queue
[2026-01-04T12:53:53.713+0000] {logging_mixin.py:190} INFO - [2026-01-04T12:53:53.713+0000] {dagbag.py:588} INFO - Filling up the DagBag from /workspaces/f1_data_team/venv/lib/python3.12/site-packages/airflow/example_dags/example_branch_python_dop_operator_3.py
[2026-01-04T12:53:53.722+0000] {processor.py:925} INFO - DAG(s) 'example_branch_dop_operator_v3' retrieved from /workspaces/f1_data_team/venv/lib/python3.12/site-packages/airflow/example_dags/example_branch_python_dop_operator_3.py
[2026-01-04T12:53:53.734+0000] {logging_mixin.py:190} INFO - [2026-01-04T12:53:53.733+0000] {dag.py:3239} INFO - Sync 1 DAGs
[2026-01-04T12:53:53.751+0000] {logging_mixin.py:190} INFO - [2026-01-04T12:53:53.751+0000] {dag.py:4180} INFO - Setting next_dagrun for example_branch_dop_operator_v3 to 2026-01-04 12:52:00+00:00, run_after=2026-01-04 12:53:00+00:00
[2026-01-04T12:53:53.766+0000] {processor.py:208} INFO - Processing /workspaces/f1_data_team/venv/lib/python3.12/site-packages/airflow/example_dags/example_branch_python_dop_operator_3.py took 0.060 seconds
[2026-01-04T12:55:04.116+0000] {processor.py:186} INFO - Started process (PID=47337) to work on /workspaces/f1_data_team/venv/lib/python3.12/site-packages/airflow/example_dags/example_branch_python_dop_operator_3.py
[2026-01-04T12:55:04.117+0000] {processor.py:914} INFO - Processing file /workspaces/f1_data_team/venv/lib/python3.12/site-packages/airflow/example_dags/example_branch_python_dop_operator_3.py for tasks to queue
[2026-01-04T12:55:04.119+0000] {logging_mixin.py:190} INFO - [2026-01-04T12:55:04.118+0000] {dagbag.py:588} INFO - Filling up the DagBag from /workspaces/f1_data_team/venv/lib/python3.12/site-packages/airflow/example_dags/example_branch_python_dop_operator_3.py
[2026-01-04T12:55:04.127+0000] {processor.py:925} INFO - DAG(s) 'example_branch_dop_operator_v3' retrieved from /workspaces/f1_data_team/venv/lib/python3.12/site-packages/airflow/example_dags/example_branch_python_dop_operator_3.py
[2026-01-04T12:55:04.140+0000] {logging_mixin.py:190} INFO - [2026-01-04T12:55:04.140+0000] {dag.py:3239} INFO - Sync 1 DAGs
[2026-01-04T12:55:04.157+0000] {logging_mixin.py:190} INFO - [2026-01-04T12:55:04.157+0000] {dag.py:4180} INFO - Setting next_dagrun for example_branch_dop_operator_v3 to 2026-01-04 12:54:00+00:00, run_after=2026-01-04 12:55:00+00:00
[2026-01-04T12:55:04.172+0000] {processor.py:208} INFO - Processing /workspaces/f1_data_team/venv/lib/python3.12/site-packages/airflow/example_dags/example_branch_python_dop_operator_3.py took 0.060 seconds
[2026-01-04T12:56:11.572+0000] {processor.py:186} INFO - Started process (PID=48131) to work on /workspaces/f1_data_team/venv/lib/python3.12/site-packages/airflow/example_dags/example_branch_python_dop_operator_3.py
[2026-01-04T12:56:11.573+0000] {processor.py:914} INFO - Processing file /workspaces/f1_data_team/venv/lib/python3.12/site-packages/airflow/example_dags/example_branch_python_dop_operator_3.py for tasks to queue
[2026-01-04T12:56:11.574+0000] {logging_mixin.py:190} INFO - [2026-01-04T12:56:11.574+0000] {dagbag.py:588} INFO - Filling up the DagBag from /workspaces/f1_data_team/venv/lib/python3.12/site-packages/airflow/example_dags/example_branch_python_dop_operator_3.py
[2026-01-04T12:56:11.583+0000] {processor.py:925} INFO - DAG(s) 'example_branch_dop_operator_v3' retrieved from /workspaces/f1_data_team/venv/lib/python3.12/site-packages/airflow/example_dags/example_branch_python_dop_operator_3.py
[2026-01-04T12:56:11.595+0000] {logging_mixin.py:190} INFO - [2026-01-04T12:56:11.595+0000] {dag.py:3239} INFO - Sync 1 DAGs
[2026-01-04T12:56:11.612+0000] {logging_mixin.py:190} INFO - [2026-01-04T12:56:11.612+0000] {dag.py:4180} INFO - Setting next_dagrun for example_branch_dop_operator_v3 to 2026-01-04 12:55:00+00:00, run_after=2026-01-04 12:56:00+00:00
[2026-01-04T12:56:11.627+0000] {processor.py:208} INFO - Processing /workspaces/f1_data_team/venv/lib/python3.12/site-packages/airflow/example_dags/example_branch_python_dop_operator_3.py took 0.060 seconds
[2026-01-04T12:57:27.042+0000] {processor.py:186} INFO - Started process (PID=48802) to work on /workspaces/f1_data_team/venv/lib/python3.12/site-packages/airflow/example_dags/example_branch_python_dop_operator_3.py
[2026-01-04T12:57:27.042+0000] {processor.py:914} INFO - Processing file /workspaces/f1_data_team/venv/lib/python3.12/site-packages/airflow/example_dags/example_branch_python_dop_operator_3.py for tasks to queue
[2026-01-04T12:57:27.044+0000] {logging_mixin.py:190} INFO - [2026-01-04T12:57:27.044+0000] {dagbag.py:588} INFO - Filling up the DagBag from /workspaces/f1_data_team/venv/lib/python3.12/site-packages/airflow/example_dags/example_branch_python_dop_operator_3.py
[2026-01-04T12:57:27.053+0000] {processor.py:925} INFO - DAG(s) 'example_branch_dop_operator_v3' retrieved from /workspaces/f1_data_team/venv/lib/python3.12/site-packages/airflow/example_dags/example_branch_python_dop_operator_3.py
[2026-01-04T12:57:27.065+0000] {logging_mixin.py:190} INFO - [2026-01-04T12:57:27.064+0000] {dag.py:3239} INFO - Sync 1 DAGs
[2026-01-04T12:57:27.082+0000] {logging_mixin.py:190} INFO - [2026-01-04T12:57:27.082+0000] {dag.py:4180} INFO - Setting next_dagrun for example_branch_dop_operator_v3 to 2026-01-04 12:56:00+00:00, run_after=2026-01-04 12:57:00+00:00
[2026-01-04T12:57:27.096+0000] {processor.py:208} INFO - Processing /workspaces/f1_data_team/venv/lib/python3.12/site-packages/airflow/example_dags/example_branch_python_dop_operator_3.py took 0.059 seconds
[2026-01-04T12:58:45.466+0000] {processor.py:186} INFO - Started process (PID=49531) to work on /workspaces/f1_data_team/venv/lib/python3.12/site-packages/airflow/example_dags/example_branch_python_dop_operator_3.py
[2026-01-04T12:58:45.466+0000] {processor.py:914} INFO - Processing file /workspaces/f1_data_team/venv/lib/python3.12/site-packages/airflow/example_dags/example_branch_python_dop_operator_3.py for tasks to queue
[2026-01-04T12:58:45.468+0000] {logging_mixin.py:190} INFO - [2026-01-04T12:58:45.468+0000] {dagbag.py:588} INFO - Filling up the DagBag from /workspaces/f1_data_team/venv/lib/python3.12/site-packages/airflow/example_dags/example_branch_python_dop_operator_3.py
[2026-01-04T12:58:45.477+0000] {processor.py:925} INFO - DAG(s) 'example_branch_dop_operator_v3' retrieved from /workspaces/f1_data_team/venv/lib/python3.12/site-packages/airflow/example_dags/example_branch_python_dop_operator_3.py
[2026-01-04T12:58:45.489+0000] {logging_mixin.py:190} INFO - [2026-01-04T12:58:45.488+0000] {dag.py:3239} INFO - Sync 1 DAGs
[2026-01-04T12:58:45.507+0000] {logging_mixin.py:190} INFO - [2026-01-04T12:58:45.506+0000] {dag.py:4180} INFO - Setting next_dagrun for example_branch_dop_operator_v3 to 2026-01-04 12:57:00+00:00, run_after=2026-01-04 12:58:00+00:00
[2026-01-04T12:58:45.527+0000] {processor.py:208} INFO - Processing /workspaces/f1_data_team/venv/lib/python3.12/site-packages/airflow/example_dags/example_branch_python_dop_operator_3.py took 0.066 seconds
[2026-01-04T12:59:39.609+0000] {processor.py:186} INFO - Started process (PID=50094) to work on /workspaces/f1_data_team/venv/lib/python3.12/site-packages/airflow/example_dags/example_branch_python_dop_operator_3.py
[2026-01-04T12:59:39.610+0000] {processor.py:914} INFO - Processing file /workspaces/f1_data_team/venv/lib/python3.12/site-packages/airflow/example_dags/example_branch_python_dop_operator_3.py for tasks to queue
[2026-01-04T12:59:39.612+0000] {logging_mixin.py:190} INFO - [2026-01-04T12:59:39.611+0000] {dagbag.py:588} INFO - Filling up the DagBag from /workspaces/f1_data_team/venv/lib/python3.12/site-packages/airflow/example_dags/example_branch_python_dop_operator_3.py
[2026-01-04T12:59:39.620+0000] {processor.py:925} INFO - DAG(s) 'example_branch_dop_operator_v3' retrieved from /workspaces/f1_data_team/venv/lib/python3.12/site-packages/airflow/example_dags/example_branch_python_dop_operator_3.py
[2026-01-04T12:59:39.632+0000] {logging_mixin.py:190} INFO - [2026-01-04T12:59:39.632+0000] {dag.py:3239} INFO - Sync 1 DAGs
[2026-01-04T12:59:39.649+0000] {logging_mixin.py:190} INFO - [2026-01-04T12:59:39.649+0000] {dag.py:4180} INFO - Setting next_dagrun for example_branch_dop_operator_v3 to 2026-01-04 12:58:00+00:00, run_after=2026-01-04 12:59:00+00:00
[2026-01-04T12:59:39.665+0000] {processor.py:208} INFO - Processing /workspaces/f1_data_team/venv/lib/python3.12/site-packages/airflow/example_dags/example_branch_python_dop_operator_3.py took 0.061 seconds
[2026-01-04T13:00:34.294+0000] {processor.py:186} INFO - Started process (PID=50711) to work on /workspaces/f1_data_team/venv/lib/python3.12/site-packages/airflow/example_dags/example_branch_python_dop_operator_3.py
[2026-01-04T13:00:34.295+0000] {processor.py:914} INFO - Processing file /workspaces/f1_data_team/venv/lib/python3.12/site-packages/airflow/example_dags/example_branch_python_dop_operator_3.py for tasks to queue
[2026-01-04T13:00:34.297+0000] {logging_mixin.py:190} INFO - [2026-01-04T13:00:34.296+0000] {dagbag.py:588} INFO - Filling up the DagBag from /workspaces/f1_data_team/venv/lib/python3.12/site-packages/airflow/example_dags/example_branch_python_dop_operator_3.py
[2026-01-04T13:00:34.305+0000] {processor.py:925} INFO - DAG(s) 'example_branch_dop_operator_v3' retrieved from /workspaces/f1_data_team/venv/lib/python3.12/site-packages/airflow/example_dags/example_branch_python_dop_operator_3.py
[2026-01-04T13:00:34.317+0000] {logging_mixin.py:190} INFO - [2026-01-04T13:00:34.317+0000] {dag.py:3239} INFO - Sync 1 DAGs
[2026-01-04T13:00:34.334+0000] {logging_mixin.py:190} INFO - [2026-01-04T13:00:34.334+0000] {dag.py:4180} INFO - Setting next_dagrun for example_branch_dop_operator_v3 to 2026-01-04 12:59:00+00:00, run_after=2026-01-04 13:00:00+00:00
[2026-01-04T13:00:34.349+0000] {processor.py:208} INFO - Processing /workspaces/f1_data_team/venv/lib/python3.12/site-packages/airflow/example_dags/example_branch_python_dop_operator_3.py took 0.060 seconds
[2026-01-04T13:01:45.880+0000] {processor.py:186} INFO - Started process (PID=51642) to work on /workspaces/f1_data_team/venv/lib/python3.12/site-packages/airflow/example_dags/example_branch_python_dop_operator_3.py
[2026-01-04T13:01:45.880+0000] {processor.py:914} INFO - Processing file /workspaces/f1_data_team/venv/lib/python3.12/site-packages/airflow/example_dags/example_branch_python_dop_operator_3.py for tasks to queue
[2026-01-04T13:01:45.883+0000] {logging_mixin.py:190} INFO - [2026-01-04T13:01:45.882+0000] {dagbag.py:588} INFO - Filling up the DagBag from /workspaces/f1_data_team/venv/lib/python3.12/site-packages/airflow/example_dags/example_branch_python_dop_operator_3.py
[2026-01-04T13:01:45.892+0000] {processor.py:925} INFO - DAG(s) 'example_branch_dop_operator_v3' retrieved from /workspaces/f1_data_team/venv/lib/python3.12/site-packages/airflow/example_dags/example_branch_python_dop_operator_3.py
[2026-01-04T13:01:45.910+0000] {logging_mixin.py:190} INFO - [2026-01-04T13:01:45.910+0000] {dag.py:3239} INFO - Sync 1 DAGs
[2026-01-04T13:01:45.937+0000] {logging_mixin.py:190} INFO - [2026-01-04T13:01:45.937+0000] {dag.py:4180} INFO - Setting next_dagrun for example_branch_dop_operator_v3 to 2026-01-04 13:00:00+00:00, run_after=2026-01-04 13:01:00+00:00
[2026-01-04T13:01:45.954+0000] {processor.py:208} INFO - Processing /workspaces/f1_data_team/venv/lib/python3.12/site-packages/airflow/example_dags/example_branch_python_dop_operator_3.py took 0.079 seconds
[2026-01-04T13:02:39.771+0000] {processor.py:186} INFO - Started process (PID=52264) to work on /workspaces/f1_data_team/venv/lib/python3.12/site-packages/airflow/example_dags/example_branch_python_dop_operator_3.py
[2026-01-04T13:02:39.771+0000] {processor.py:914} INFO - Processing file /workspaces/f1_data_team/venv/lib/python3.12/site-packages/airflow/example_dags/example_branch_python_dop_operator_3.py for tasks to queue
[2026-01-04T13:02:39.773+0000] {logging_mixin.py:190} INFO - [2026-01-04T13:02:39.773+0000] {dagbag.py:588} INFO - Filling up the DagBag from /workspaces/f1_data_team/venv/lib/python3.12/site-packages/airflow/example_dags/example_branch_python_dop_operator_3.py
[2026-01-04T13:02:39.782+0000] {processor.py:925} INFO - DAG(s) 'example_branch_dop_operator_v3' retrieved from /workspaces/f1_data_team/venv/lib/python3.12/site-packages/airflow/example_dags/example_branch_python_dop_operator_3.py
[2026-01-04T13:02:39.794+0000] {logging_mixin.py:190} INFO - [2026-01-04T13:02:39.793+0000] {dag.py:3239} INFO - Sync 1 DAGs
[2026-01-04T13:02:39.811+0000] {logging_mixin.py:190} INFO - [2026-01-04T13:02:39.811+0000] {dag.py:4180} INFO - Setting next_dagrun for example_branch_dop_operator_v3 to 2026-01-04 13:01:00+00:00, run_after=2026-01-04 13:02:00+00:00
[2026-01-04T13:02:39.826+0000] {processor.py:208} INFO - Processing /workspaces/f1_data_team/venv/lib/python3.12/site-packages/airflow/example_dags/example_branch_python_dop_operator_3.py took 0.060 seconds
[2026-01-04T13:03:53.214+0000] {processor.py:186} INFO - Started process (PID=52956) to work on /workspaces/f1_data_team/venv/lib/python3.12/site-packages/airflow/example_dags/example_branch_python_dop_operator_3.py
[2026-01-04T13:03:53.215+0000] {processor.py:914} INFO - Processing file /workspaces/f1_data_team/venv/lib/python3.12/site-packages/airflow/example_dags/example_branch_python_dop_operator_3.py for tasks to queue
[2026-01-04T13:03:53.217+0000] {logging_mixin.py:190} INFO - [2026-01-04T13:03:53.217+0000] {dagbag.py:588} INFO - Filling up the DagBag from /workspaces/f1_data_team/venv/lib/python3.12/site-packages/airflow/example_dags/example_branch_python_dop_operator_3.py
[2026-01-04T13:03:53.225+0000] {processor.py:925} INFO - DAG(s) 'example_branch_dop_operator_v3' retrieved from /workspaces/f1_data_team/venv/lib/python3.12/site-packages/airflow/example_dags/example_branch_python_dop_operator_3.py
[2026-01-04T13:03:53.239+0000] {logging_mixin.py:190} INFO - [2026-01-04T13:03:53.239+0000] {dag.py:3239} INFO - Sync 1 DAGs
[2026-01-04T13:03:53.258+0000] {logging_mixin.py:190} INFO - [2026-01-04T13:03:53.258+0000] {dag.py:4180} INFO - Setting next_dagrun for example_branch_dop_operator_v3 to 2026-01-04 13:02:00+00:00, run_after=2026-01-04 13:03:00+00:00
[2026-01-04T13:03:53.272+0000] {processor.py:208} INFO - Processing /workspaces/f1_data_team/venv/lib/python3.12/site-packages/airflow/example_dags/example_branch_python_dop_operator_3.py took 0.063 seconds
[2026-01-04T13:05:11.396+0000] {processor.py:186} INFO - Started process (PID=53678) to work on /workspaces/f1_data_team/venv/lib/python3.12/site-packages/airflow/example_dags/example_branch_python_dop_operator_3.py
[2026-01-04T13:05:11.397+0000] {processor.py:914} INFO - Processing file /workspaces/f1_data_team/venv/lib/python3.12/site-packages/airflow/example_dags/example_branch_python_dop_operator_3.py for tasks to queue
[2026-01-04T13:05:11.399+0000] {logging_mixin.py:190} INFO - [2026-01-04T13:05:11.399+0000] {dagbag.py:588} INFO - Filling up the DagBag from /workspaces/f1_data_team/venv/lib/python3.12/site-packages/airflow/example_dags/example_branch_python_dop_operator_3.py
[2026-01-04T13:05:11.407+0000] {processor.py:925} INFO - DAG(s) 'example_branch_dop_operator_v3' retrieved from /workspaces/f1_data_team/venv/lib/python3.12/site-packages/airflow/example_dags/example_branch_python_dop_operator_3.py
[2026-01-04T13:05:11.420+0000] {logging_mixin.py:190} INFO - [2026-01-04T13:05:11.420+0000] {dag.py:3239} INFO - Sync 1 DAGs
[2026-01-04T13:05:11.438+0000] {logging_mixin.py:190} INFO - [2026-01-04T13:05:11.438+0000] {dag.py:4180} INFO - Setting next_dagrun for example_branch_dop_operator_v3 to 2026-01-04 13:04:00+00:00, run_after=2026-01-04 13:05:00+00:00
[2026-01-04T13:05:11.454+0000] {processor.py:208} INFO - Processing /workspaces/f1_data_team/venv/lib/python3.12/site-packages/airflow/example_dags/example_branch_python_dop_operator_3.py took 0.062 seconds
[2026-01-04T13:06:07.371+0000] {processor.py:186} INFO - Started process (PID=54405) to work on /workspaces/f1_data_team/venv/lib/python3.12/site-packages/airflow/example_dags/example_branch_python_dop_operator_3.py
[2026-01-04T13:06:07.372+0000] {processor.py:914} INFO - Processing file /workspaces/f1_data_team/venv/lib/python3.12/site-packages/airflow/example_dags/example_branch_python_dop_operator_3.py for tasks to queue
[2026-01-04T13:06:07.375+0000] {logging_mixin.py:190} INFO - [2026-01-04T13:06:07.374+0000] {dagbag.py:588} INFO - Filling up the DagBag from /workspaces/f1_data_team/venv/lib/python3.12/site-packages/airflow/example_dags/example_branch_python_dop_operator_3.py
[2026-01-04T13:06:07.388+0000] {processor.py:925} INFO - DAG(s) 'example_branch_dop_operator_v3' retrieved from /workspaces/f1_data_team/venv/lib/python3.12/site-packages/airflow/example_dags/example_branch_python_dop_operator_3.py
[2026-01-04T13:06:07.407+0000] {logging_mixin.py:190} INFO - [2026-01-04T13:06:07.407+0000] {dag.py:3239} INFO - Sync 1 DAGs
[2026-01-04T13:06:07.425+0000] {logging_mixin.py:190} INFO - [2026-01-04T13:06:07.425+0000] {dag.py:4180} INFO - Setting next_dagrun for example_branch_dop_operator_v3 to 2026-01-04 13:05:00+00:00, run_after=2026-01-04 13:06:00+00:00
[2026-01-04T13:06:07.440+0000] {processor.py:208} INFO - Processing /workspaces/f1_data_team/venv/lib/python3.12/site-packages/airflow/example_dags/example_branch_python_dop_operator_3.py took 0.075 seconds
[2026-01-04T13:07:27.371+0000] {processor.py:186} INFO - Started process (PID=55098) to work on /workspaces/f1_data_team/venv/lib/python3.12/site-packages/airflow/example_dags/example_branch_python_dop_operator_3.py
[2026-01-04T13:07:27.372+0000] {processor.py:914} INFO - Processing file /workspaces/f1_data_team/venv/lib/python3.12/site-packages/airflow/example_dags/example_branch_python_dop_operator_3.py for tasks to queue
[2026-01-04T13:07:27.374+0000] {logging_mixin.py:190} INFO - [2026-01-04T13:07:27.373+0000] {dagbag.py:588} INFO - Filling up the DagBag from /workspaces/f1_data_team/venv/lib/python3.12/site-packages/airflow/example_dags/example_branch_python_dop_operator_3.py
[2026-01-04T13:07:27.382+0000] {processor.py:925} INFO - DAG(s) 'example_branch_dop_operator_v3' retrieved from /workspaces/f1_data_team/venv/lib/python3.12/site-packages/airflow/example_dags/example_branch_python_dop_operator_3.py
[2026-01-04T13:07:27.394+0000] {logging_mixin.py:190} INFO - [2026-01-04T13:07:27.394+0000] {dag.py:3239} INFO - Sync 1 DAGs
[2026-01-04T13:07:27.411+0000] {logging_mixin.py:190} INFO - [2026-01-04T13:07:27.411+0000] {dag.py:4180} INFO - Setting next_dagrun for example_branch_dop_operator_v3 to 2026-01-04 13:06:00+00:00, run_after=2026-01-04 13:07:00+00:00
[2026-01-04T13:07:27.425+0000] {processor.py:208} INFO - Processing /workspaces/f1_data_team/venv/lib/python3.12/site-packages/airflow/example_dags/example_branch_python_dop_operator_3.py took 0.059 seconds
[2026-01-04T13:08:22.737+0000] {processor.py:186} INFO - Started process (PID=55581) to work on /workspaces/f1_data_team/venv/lib/python3.12/site-packages/airflow/example_dags/example_branch_python_dop_operator_3.py
[2026-01-04T13:08:22.738+0000] {processor.py:914} INFO - Processing file /workspaces/f1_data_team/venv/lib/python3.12/site-packages/airflow/example_dags/example_branch_python_dop_operator_3.py for tasks to queue
[2026-01-04T13:08:22.739+0000] {logging_mixin.py:190} INFO - [2026-01-04T13:08:22.739+0000] {dagbag.py:588} INFO - Filling up the DagBag from /workspaces/f1_data_team/venv/lib/python3.12/site-packages/airflow/example_dags/example_branch_python_dop_operator_3.py
[2026-01-04T13:08:22.748+0000] {processor.py:925} INFO - DAG(s) 'example_branch_dop_operator_v3' retrieved from /workspaces/f1_data_team/venv/lib/python3.12/site-packages/airflow/example_dags/example_branch_python_dop_operator_3.py
[2026-01-04T13:08:22.760+0000] {logging_mixin.py:190} INFO - [2026-01-04T13:08:22.760+0000] {dag.py:3239} INFO - Sync 1 DAGs
[2026-01-04T13:08:22.777+0000] {logging_mixin.py:190} INFO - [2026-01-04T13:08:22.777+0000] {dag.py:4180} INFO - Setting next_dagrun for example_branch_dop_operator_v3 to 2026-01-04 13:07:00+00:00, run_after=2026-01-04 13:08:00+00:00
[2026-01-04T13:08:22.793+0000] {processor.py:208} INFO - Processing /workspaces/f1_data_team/venv/lib/python3.12/site-packages/airflow/example_dags/example_branch_python_dop_operator_3.py took 0.061 seconds
[2026-01-04T13:09:38.622+0000] {processor.py:186} INFO - Started process (PID=56189) to work on /workspaces/f1_data_team/venv/lib/python3.12/site-packages/airflow/example_dags/example_branch_python_dop_operator_3.py
[2026-01-04T13:09:38.623+0000] {processor.py:914} INFO - Processing file /workspaces/f1_data_team/venv/lib/python3.12/site-packages/airflow/example_dags/example_branch_python_dop_operator_3.py for tasks to queue
[2026-01-04T13:09:38.625+0000] {logging_mixin.py:190} INFO - [2026-01-04T13:09:38.625+0000] {dagbag.py:588} INFO - Filling up the DagBag from /workspaces/f1_data_team/venv/lib/python3.12/site-packages/airflow/example_dags/example_branch_python_dop_operator_3.py
[2026-01-04T13:09:38.633+0000] {processor.py:925} INFO - DAG(s) 'example_branch_dop_operator_v3' retrieved from /workspaces/f1_data_team/venv/lib/python3.12/site-packages/airflow/example_dags/example_branch_python_dop_operator_3.py
[2026-01-04T13:09:38.645+0000] {logging_mixin.py:190} INFO - [2026-01-04T13:09:38.645+0000] {dag.py:3239} INFO - Sync 1 DAGs
[2026-01-04T13:09:38.663+0000] {logging_mixin.py:190} INFO - [2026-01-04T13:09:38.662+0000] {dag.py:4180} INFO - Setting next_dagrun for example_branch_dop_operator_v3 to 2026-01-04 13:08:00+00:00, run_after=2026-01-04 13:09:00+00:00
[2026-01-04T13:09:38.678+0000] {processor.py:208} INFO - Processing /workspaces/f1_data_team/venv/lib/python3.12/site-packages/airflow/example_dags/example_branch_python_dop_operator_3.py took 0.060 seconds
[2026-01-04T13:10:59.580+0000] {processor.py:186} INFO - Started process (PID=56806) to work on /workspaces/f1_data_team/venv/lib/python3.12/site-packages/airflow/example_dags/example_branch_python_dop_operator_3.py
[2026-01-04T13:10:59.581+0000] {processor.py:914} INFO - Processing file /workspaces/f1_data_team/venv/lib/python3.12/site-packages/airflow/example_dags/example_branch_python_dop_operator_3.py for tasks to queue
[2026-01-04T13:10:59.583+0000] {logging_mixin.py:190} INFO - [2026-01-04T13:10:59.583+0000] {dagbag.py:588} INFO - Filling up the DagBag from /workspaces/f1_data_team/venv/lib/python3.12/site-packages/airflow/example_dags/example_branch_python_dop_operator_3.py
[2026-01-04T13:10:59.592+0000] {processor.py:925} INFO - DAG(s) 'example_branch_dop_operator_v3' retrieved from /workspaces/f1_data_team/venv/lib/python3.12/site-packages/airflow/example_dags/example_branch_python_dop_operator_3.py
[2026-01-04T13:10:59.604+0000] {logging_mixin.py:190} INFO - [2026-01-04T13:10:59.604+0000] {dag.py:3239} INFO - Sync 1 DAGs
[2026-01-04T13:10:59.622+0000] {logging_mixin.py:190} INFO - [2026-01-04T13:10:59.622+0000] {dag.py:4180} INFO - Setting next_dagrun for example_branch_dop_operator_v3 to 2026-01-04 13:09:00+00:00, run_after=2026-01-04 13:10:00+00:00
[2026-01-04T13:10:59.636+0000] {processor.py:208} INFO - Processing /workspaces/f1_data_team/venv/lib/python3.12/site-packages/airflow/example_dags/example_branch_python_dop_operator_3.py took 0.061 seconds
[2026-01-04T13:12:16.616+0000] {processor.py:186} INFO - Started process (PID=57503) to work on /workspaces/f1_data_team/venv/lib/python3.12/site-packages/airflow/example_dags/example_branch_python_dop_operator_3.py
[2026-01-04T13:12:16.617+0000] {processor.py:914} INFO - Processing file /workspaces/f1_data_team/venv/lib/python3.12/site-packages/airflow/example_dags/example_branch_python_dop_operator_3.py for tasks to queue
[2026-01-04T13:12:16.619+0000] {logging_mixin.py:190} INFO - [2026-01-04T13:12:16.619+0000] {dagbag.py:588} INFO - Filling up the DagBag from /workspaces/f1_data_team/venv/lib/python3.12/site-packages/airflow/example_dags/example_branch_python_dop_operator_3.py
[2026-01-04T13:12:16.627+0000] {processor.py:925} INFO - DAG(s) 'example_branch_dop_operator_v3' retrieved from /workspaces/f1_data_team/venv/lib/python3.12/site-packages/airflow/example_dags/example_branch_python_dop_operator_3.py
[2026-01-04T13:12:16.639+0000] {logging_mixin.py:190} INFO - [2026-01-04T13:12:16.639+0000] {dag.py:3239} INFO - Sync 1 DAGs
[2026-01-04T13:12:16.657+0000] {logging_mixin.py:190} INFO - [2026-01-04T13:12:16.656+0000] {dag.py:4180} INFO - Setting next_dagrun for example_branch_dop_operator_v3 to 2026-01-04 13:11:00+00:00, run_after=2026-01-04 13:12:00+00:00
[2026-01-04T13:12:16.672+0000] {processor.py:208} INFO - Processing /workspaces/f1_data_team/venv/lib/python3.12/site-packages/airflow/example_dags/example_branch_python_dop_operator_3.py took 0.060 seconds
[2026-01-04T13:13:08.102+0000] {processor.py:186} INFO - Started process (PID=57917) to work on /workspaces/f1_data_team/venv/lib/python3.12/site-packages/airflow/example_dags/example_branch_python_dop_operator_3.py
[2026-01-04T13:13:08.103+0000] {processor.py:914} INFO - Processing file /workspaces/f1_data_team/venv/lib/python3.12/site-packages/airflow/example_dags/example_branch_python_dop_operator_3.py for tasks to queue
[2026-01-04T13:13:08.105+0000] {logging_mixin.py:190} INFO - [2026-01-04T13:13:08.105+0000] {dagbag.py:588} INFO - Filling up the DagBag from /workspaces/f1_data_team/venv/lib/python3.12/site-packages/airflow/example_dags/example_branch_python_dop_operator_3.py
[2026-01-04T13:13:08.115+0000] {processor.py:925} INFO - DAG(s) 'example_branch_dop_operator_v3' retrieved from /workspaces/f1_data_team/venv/lib/python3.12/site-packages/airflow/example_dags/example_branch_python_dop_operator_3.py
[2026-01-04T13:13:08.128+0000] {logging_mixin.py:190} INFO - [2026-01-04T13:13:08.127+0000] {dag.py:3239} INFO - Sync 1 DAGs
[2026-01-04T13:13:08.145+0000] {logging_mixin.py:190} INFO - [2026-01-04T13:13:08.145+0000] {dag.py:4180} INFO - Setting next_dagrun for example_branch_dop_operator_v3 to 2026-01-04 13:12:00+00:00, run_after=2026-01-04 13:13:00+00:00
[2026-01-04T13:13:08.160+0000] {processor.py:208} INFO - Processing /workspaces/f1_data_team/venv/lib/python3.12/site-packages/airflow/example_dags/example_branch_python_dop_operator_3.py took 0.062 seconds
[2026-01-04T13:14:26.278+0000] {processor.py:186} INFO - Started process (PID=58513) to work on /workspaces/f1_data_team/venv/lib/python3.12/site-packages/airflow/example_dags/example_branch_python_dop_operator_3.py
[2026-01-04T13:14:26.279+0000] {processor.py:914} INFO - Processing file /workspaces/f1_data_team/venv/lib/python3.12/site-packages/airflow/example_dags/example_branch_python_dop_operator_3.py for tasks to queue
[2026-01-04T13:14:26.281+0000] {logging_mixin.py:190} INFO - [2026-01-04T13:14:26.281+0000] {dagbag.py:588} INFO - Filling up the DagBag from /workspaces/f1_data_team/venv/lib/python3.12/site-packages/airflow/example_dags/example_branch_python_dop_operator_3.py
[2026-01-04T13:14:26.289+0000] {processor.py:925} INFO - DAG(s) 'example_branch_dop_operator_v3' retrieved from /workspaces/f1_data_team/venv/lib/python3.12/site-packages/airflow/example_dags/example_branch_python_dop_operator_3.py
[2026-01-04T13:14:26.301+0000] {logging_mixin.py:190} INFO - [2026-01-04T13:14:26.301+0000] {dag.py:3239} INFO - Sync 1 DAGs
[2026-01-04T13:14:26.318+0000] {logging_mixin.py:190} INFO - [2026-01-04T13:14:26.318+0000] {dag.py:4180} INFO - Setting next_dagrun for example_branch_dop_operator_v3 to 2026-01-04 13:13:00+00:00, run_after=2026-01-04 13:14:00+00:00
[2026-01-04T13:14:26.334+0000] {processor.py:208} INFO - Processing /workspaces/f1_data_team/venv/lib/python3.12/site-packages/airflow/example_dags/example_branch_python_dop_operator_3.py took 0.060 seconds
[2026-01-04T13:15:42.294+0000] {processor.py:186} INFO - Started process (PID=59106) to work on /workspaces/f1_data_team/venv/lib/python3.12/site-packages/airflow/example_dags/example_branch_python_dop_operator_3.py
[2026-01-04T13:15:42.295+0000] {processor.py:914} INFO - Processing file /workspaces/f1_data_team/venv/lib/python3.12/site-packages/airflow/example_dags/example_branch_python_dop_operator_3.py for tasks to queue
[2026-01-04T13:15:42.297+0000] {logging_mixin.py:190} INFO - [2026-01-04T13:15:42.297+0000] {dagbag.py:588} INFO - Filling up the DagBag from /workspaces/f1_data_team/venv/lib/python3.12/site-packages/airflow/example_dags/example_branch_python_dop_operator_3.py
[2026-01-04T13:15:42.305+0000] {processor.py:925} INFO - DAG(s) 'example_branch_dop_operator_v3' retrieved from /workspaces/f1_data_team/venv/lib/python3.12/site-packages/airflow/example_dags/example_branch_python_dop_operator_3.py
[2026-01-04T13:15:42.318+0000] {logging_mixin.py:190} INFO - [2026-01-04T13:15:42.317+0000] {dag.py:3239} INFO - Sync 1 DAGs
[2026-01-04T13:15:42.335+0000] {logging_mixin.py:190} INFO - [2026-01-04T13:15:42.335+0000] {dag.py:4180} INFO - Setting next_dagrun for example_branch_dop_operator_v3 to 2026-01-04 13:14:00+00:00, run_after=2026-01-04 13:15:00+00:00
[2026-01-04T13:15:42.349+0000] {processor.py:208} INFO - Processing /workspaces/f1_data_team/venv/lib/python3.12/site-packages/airflow/example_dags/example_branch_python_dop_operator_3.py took 0.060 seconds
[2026-01-04T13:16:37.502+0000] {processor.py:186} INFO - Started process (PID=59597) to work on /workspaces/f1_data_team/venv/lib/python3.12/site-packages/airflow/example_dags/example_branch_python_dop_operator_3.py
[2026-01-04T13:16:37.503+0000] {processor.py:914} INFO - Processing file /workspaces/f1_data_team/venv/lib/python3.12/site-packages/airflow/example_dags/example_branch_python_dop_operator_3.py for tasks to queue
[2026-01-04T13:16:37.505+0000] {logging_mixin.py:190} INFO - [2026-01-04T13:16:37.505+0000] {dagbag.py:588} INFO - Filling up the DagBag from /workspaces/f1_data_team/venv/lib/python3.12/site-packages/airflow/example_dags/example_branch_python_dop_operator_3.py
[2026-01-04T13:16:37.513+0000] {processor.py:925} INFO - DAG(s) 'example_branch_dop_operator_v3' retrieved from /workspaces/f1_data_team/venv/lib/python3.12/site-packages/airflow/example_dags/example_branch_python_dop_operator_3.py
[2026-01-04T13:16:37.526+0000] {logging_mixin.py:190} INFO - [2026-01-04T13:16:37.525+0000] {dag.py:3239} INFO - Sync 1 DAGs
[2026-01-04T13:16:37.543+0000] {logging_mixin.py:190} INFO - [2026-01-04T13:16:37.543+0000] {dag.py:4180} INFO - Setting next_dagrun for example_branch_dop_operator_v3 to 2026-01-04 13:15:00+00:00, run_after=2026-01-04 13:16:00+00:00
[2026-01-04T13:16:37.558+0000] {processor.py:208} INFO - Processing /workspaces/f1_data_team/venv/lib/python3.12/site-packages/airflow/example_dags/example_branch_python_dop_operator_3.py took 0.062 seconds
[2026-01-04T13:17:52.997+0000] {processor.py:186} INFO - Started process (PID=60172) to work on /workspaces/f1_data_team/venv/lib/python3.12/site-packages/airflow/example_dags/example_branch_python_dop_operator_3.py
[2026-01-04T13:17:52.998+0000] {processor.py:914} INFO - Processing file /workspaces/f1_data_team/venv/lib/python3.12/site-packages/airflow/example_dags/example_branch_python_dop_operator_3.py for tasks to queue
[2026-01-04T13:17:53.001+0000] {logging_mixin.py:190} INFO - [2026-01-04T13:17:53.001+0000] {dagbag.py:588} INFO - Filling up the DagBag from /workspaces/f1_data_team/venv/lib/python3.12/site-packages/airflow/example_dags/example_branch_python_dop_operator_3.py
[2026-01-04T13:17:53.013+0000] {processor.py:925} INFO - DAG(s) 'example_branch_dop_operator_v3' retrieved from /workspaces/f1_data_team/venv/lib/python3.12/site-packages/airflow/example_dags/example_branch_python_dop_operator_3.py
[2026-01-04T13:17:53.032+0000] {logging_mixin.py:190} INFO - [2026-01-04T13:17:53.032+0000] {dag.py:3239} INFO - Sync 1 DAGs
[2026-01-04T13:17:53.061+0000] {logging_mixin.py:190} INFO - [2026-01-04T13:17:53.061+0000] {dag.py:4180} INFO - Setting next_dagrun for example_branch_dop_operator_v3 to 2026-01-04 13:16:00+00:00, run_after=2026-01-04 13:17:00+00:00
[2026-01-04T13:17:53.082+0000] {processor.py:208} INFO - Processing /workspaces/f1_data_team/venv/lib/python3.12/site-packages/airflow/example_dags/example_branch_python_dop_operator_3.py took 0.092 seconds
[2026-01-04T13:19:10.598+0000] {processor.py:186} INFO - Started process (PID=60829) to work on /workspaces/f1_data_team/venv/lib/python3.12/site-packages/airflow/example_dags/example_branch_python_dop_operator_3.py
[2026-01-04T13:19:10.598+0000] {processor.py:914} INFO - Processing file /workspaces/f1_data_team/venv/lib/python3.12/site-packages/airflow/example_dags/example_branch_python_dop_operator_3.py for tasks to queue
[2026-01-04T13:19:10.600+0000] {logging_mixin.py:190} INFO - [2026-01-04T13:19:10.600+0000] {dagbag.py:588} INFO - Filling up the DagBag from /workspaces/f1_data_team/venv/lib/python3.12/site-packages/airflow/example_dags/example_branch_python_dop_operator_3.py
[2026-01-04T13:19:10.609+0000] {processor.py:925} INFO - DAG(s) 'example_branch_dop_operator_v3' retrieved from /workspaces/f1_data_team/venv/lib/python3.12/site-packages/airflow/example_dags/example_branch_python_dop_operator_3.py
[2026-01-04T13:19:10.621+0000] {logging_mixin.py:190} INFO - [2026-01-04T13:19:10.621+0000] {dag.py:3239} INFO - Sync 1 DAGs
[2026-01-04T13:19:10.638+0000] {logging_mixin.py:190} INFO - [2026-01-04T13:19:10.638+0000] {dag.py:4180} INFO - Setting next_dagrun for example_branch_dop_operator_v3 to 2026-01-04 13:18:00+00:00, run_after=2026-01-04 13:19:00+00:00
[2026-01-04T13:19:10.653+0000] {processor.py:208} INFO - Processing /workspaces/f1_data_team/venv/lib/python3.12/site-packages/airflow/example_dags/example_branch_python_dop_operator_3.py took 0.060 seconds
[2026-01-04T13:20:06.372+0000] {processor.py:186} INFO - Started process (PID=61241) to work on /workspaces/f1_data_team/venv/lib/python3.12/site-packages/airflow/example_dags/example_branch_python_dop_operator_3.py
[2026-01-04T13:20:06.373+0000] {processor.py:914} INFO - Processing file /workspaces/f1_data_team/venv/lib/python3.12/site-packages/airflow/example_dags/example_branch_python_dop_operator_3.py for tasks to queue
[2026-01-04T13:20:06.374+0000] {logging_mixin.py:190} INFO - [2026-01-04T13:20:06.374+0000] {dagbag.py:588} INFO - Filling up the DagBag from /workspaces/f1_data_team/venv/lib/python3.12/site-packages/airflow/example_dags/example_branch_python_dop_operator_3.py
[2026-01-04T13:20:06.383+0000] {processor.py:925} INFO - DAG(s) 'example_branch_dop_operator_v3' retrieved from /workspaces/f1_data_team/venv/lib/python3.12/site-packages/airflow/example_dags/example_branch_python_dop_operator_3.py
[2026-01-04T13:20:06.395+0000] {logging_mixin.py:190} INFO - [2026-01-04T13:20:06.395+0000] {dag.py:3239} INFO - Sync 1 DAGs
[2026-01-04T13:20:06.412+0000] {logging_mixin.py:190} INFO - [2026-01-04T13:20:06.412+0000] {dag.py:4180} INFO - Setting next_dagrun for example_branch_dop_operator_v3 to 2026-01-04 13:19:00+00:00, run_after=2026-01-04 13:20:00+00:00
[2026-01-04T13:20:06.427+0000] {processor.py:208} INFO - Processing /workspaces/f1_data_team/venv/lib/python3.12/site-packages/airflow/example_dags/example_branch_python_dop_operator_3.py took 0.060 seconds
[2026-01-04T13:21:26.740+0000] {processor.py:186} INFO - Started process (PID=61950) to work on /workspaces/f1_data_team/venv/lib/python3.12/site-packages/airflow/example_dags/example_branch_python_dop_operator_3.py
[2026-01-04T13:21:26.740+0000] {processor.py:914} INFO - Processing file /workspaces/f1_data_team/venv/lib/python3.12/site-packages/airflow/example_dags/example_branch_python_dop_operator_3.py for tasks to queue
[2026-01-04T13:21:26.742+0000] {logging_mixin.py:190} INFO - [2026-01-04T13:21:26.742+0000] {dagbag.py:588} INFO - Filling up the DagBag from /workspaces/f1_data_team/venv/lib/python3.12/site-packages/airflow/example_dags/example_branch_python_dop_operator_3.py
[2026-01-04T13:21:26.751+0000] {processor.py:925} INFO - DAG(s) 'example_branch_dop_operator_v3' retrieved from /workspaces/f1_data_team/venv/lib/python3.12/site-packages/airflow/example_dags/example_branch_python_dop_operator_3.py
[2026-01-04T13:21:26.763+0000] {logging_mixin.py:190} INFO - [2026-01-04T13:21:26.763+0000] {dag.py:3239} INFO - Sync 1 DAGs
[2026-01-04T13:21:26.780+0000] {logging_mixin.py:190} INFO - [2026-01-04T13:21:26.780+0000] {dag.py:4180} INFO - Setting next_dagrun for example_branch_dop_operator_v3 to 2026-01-04 13:20:00+00:00, run_after=2026-01-04 13:21:00+00:00
[2026-01-04T13:21:26.795+0000] {processor.py:208} INFO - Processing /workspaces/f1_data_team/venv/lib/python3.12/site-packages/airflow/example_dags/example_branch_python_dop_operator_3.py took 0.060 seconds
[2026-01-04T13:22:20.690+0000] {processor.py:186} INFO - Started process (PID=62374) to work on /workspaces/f1_data_team/venv/lib/python3.12/site-packages/airflow/example_dags/example_branch_python_dop_operator_3.py
[2026-01-04T13:22:20.691+0000] {processor.py:914} INFO - Processing file /workspaces/f1_data_team/venv/lib/python3.12/site-packages/airflow/example_dags/example_branch_python_dop_operator_3.py for tasks to queue
[2026-01-04T13:22:20.693+0000] {logging_mixin.py:190} INFO - [2026-01-04T13:22:20.693+0000] {dagbag.py:588} INFO - Filling up the DagBag from /workspaces/f1_data_team/venv/lib/python3.12/site-packages/airflow/example_dags/example_branch_python_dop_operator_3.py
[2026-01-04T13:22:20.701+0000] {processor.py:925} INFO - DAG(s) 'example_branch_dop_operator_v3' retrieved from /workspaces/f1_data_team/venv/lib/python3.12/site-packages/airflow/example_dags/example_branch_python_dop_operator_3.py
[2026-01-04T13:22:20.714+0000] {logging_mixin.py:190} INFO - [2026-01-04T13:22:20.713+0000] {dag.py:3239} INFO - Sync 1 DAGs
[2026-01-04T13:22:20.731+0000] {logging_mixin.py:190} INFO - [2026-01-04T13:22:20.731+0000] {dag.py:4180} INFO - Setting next_dagrun for example_branch_dop_operator_v3 to 2026-01-04 13:21:00+00:00, run_after=2026-01-04 13:22:00+00:00
[2026-01-04T13:22:20.746+0000] {processor.py:208} INFO - Processing /workspaces/f1_data_team/venv/lib/python3.12/site-packages/airflow/example_dags/example_branch_python_dop_operator_3.py took 0.061 seconds
[2026-01-04T13:23:39.310+0000] {processor.py:186} INFO - Started process (PID=62977) to work on /workspaces/f1_data_team/venv/lib/python3.12/site-packages/airflow/example_dags/example_branch_python_dop_operator_3.py
[2026-01-04T13:23:39.311+0000] {processor.py:914} INFO - Processing file /workspaces/f1_data_team/venv/lib/python3.12/site-packages/airflow/example_dags/example_branch_python_dop_operator_3.py for tasks to queue
[2026-01-04T13:23:39.312+0000] {logging_mixin.py:190} INFO - [2026-01-04T13:23:39.312+0000] {dagbag.py:588} INFO - Filling up the DagBag from /workspaces/f1_data_team/venv/lib/python3.12/site-packages/airflow/example_dags/example_branch_python_dop_operator_3.py
[2026-01-04T13:23:39.321+0000] {processor.py:925} INFO - DAG(s) 'example_branch_dop_operator_v3' retrieved from /workspaces/f1_data_team/venv/lib/python3.12/site-packages/airflow/example_dags/example_branch_python_dop_operator_3.py
[2026-01-04T13:23:39.333+0000] {logging_mixin.py:190} INFO - [2026-01-04T13:23:39.333+0000] {dag.py:3239} INFO - Sync 1 DAGs
[2026-01-04T13:23:39.351+0000] {logging_mixin.py:190} INFO - [2026-01-04T13:23:39.350+0000] {dag.py:4180} INFO - Setting next_dagrun for example_branch_dop_operator_v3 to 2026-01-04 13:22:00+00:00, run_after=2026-01-04 13:23:00+00:00
[2026-01-04T13:23:39.365+0000] {processor.py:208} INFO - Processing /workspaces/f1_data_team/venv/lib/python3.12/site-packages/airflow/example_dags/example_branch_python_dop_operator_3.py took 0.060 seconds
[2026-01-04T13:24:57.850+0000] {processor.py:186} INFO - Started process (PID=63564) to work on /workspaces/f1_data_team/venv/lib/python3.12/site-packages/airflow/example_dags/example_branch_python_dop_operator_3.py
[2026-01-04T13:24:57.850+0000] {processor.py:914} INFO - Processing file /workspaces/f1_data_team/venv/lib/python3.12/site-packages/airflow/example_dags/example_branch_python_dop_operator_3.py for tasks to queue
[2026-01-04T13:24:57.852+0000] {logging_mixin.py:190} INFO - [2026-01-04T13:24:57.852+0000] {dagbag.py:588} INFO - Filling up the DagBag from /workspaces/f1_data_team/venv/lib/python3.12/site-packages/airflow/example_dags/example_branch_python_dop_operator_3.py
[2026-01-04T13:24:57.861+0000] {processor.py:925} INFO - DAG(s) 'example_branch_dop_operator_v3' retrieved from /workspaces/f1_data_team/venv/lib/python3.12/site-packages/airflow/example_dags/example_branch_python_dop_operator_3.py
[2026-01-04T13:24:57.873+0000] {logging_mixin.py:190} INFO - [2026-01-04T13:24:57.872+0000] {dag.py:3239} INFO - Sync 1 DAGs
[2026-01-04T13:24:57.890+0000] {logging_mixin.py:190} INFO - [2026-01-04T13:24:57.890+0000] {dag.py:4180} INFO - Setting next_dagrun for example_branch_dop_operator_v3 to 2026-01-04 13:23:00+00:00, run_after=2026-01-04 13:24:00+00:00
[2026-01-04T13:24:57.905+0000] {processor.py:208} INFO - Processing /workspaces/f1_data_team/venv/lib/python3.12/site-packages/airflow/example_dags/example_branch_python_dop_operator_3.py took 0.060 seconds
[2026-01-04T13:26:16.572+0000] {processor.py:186} INFO - Started process (PID=64287) to work on /workspaces/f1_data_team/venv/lib/python3.12/site-packages/airflow/example_dags/example_branch_python_dop_operator_3.py
[2026-01-04T13:26:16.573+0000] {processor.py:914} INFO - Processing file /workspaces/f1_data_team/venv/lib/python3.12/site-packages/airflow/example_dags/example_branch_python_dop_operator_3.py for tasks to queue
[2026-01-04T13:26:16.575+0000] {logging_mixin.py:190} INFO - [2026-01-04T13:26:16.575+0000] {dagbag.py:588} INFO - Filling up the DagBag from /workspaces/f1_data_team/venv/lib/python3.12/site-packages/airflow/example_dags/example_branch_python_dop_operator_3.py
[2026-01-04T13:26:16.584+0000] {processor.py:925} INFO - DAG(s) 'example_branch_dop_operator_v3' retrieved from /workspaces/f1_data_team/venv/lib/python3.12/site-packages/airflow/example_dags/example_branch_python_dop_operator_3.py
[2026-01-04T13:26:16.596+0000] {logging_mixin.py:190} INFO - [2026-01-04T13:26:16.596+0000] {dag.py:3239} INFO - Sync 1 DAGs
[2026-01-04T13:26:16.614+0000] {logging_mixin.py:190} INFO - [2026-01-04T13:26:16.613+0000] {dag.py:4180} INFO - Setting next_dagrun for example_branch_dop_operator_v3 to 2026-01-04 13:25:00+00:00, run_after=2026-01-04 13:26:00+00:00
[2026-01-04T13:26:16.629+0000] {processor.py:208} INFO - Processing /workspaces/f1_data_team/venv/lib/python3.12/site-packages/airflow/example_dags/example_branch_python_dop_operator_3.py took 0.062 seconds
[2026-01-04T13:27:35.684+0000] {processor.py:186} INFO - Started process (PID=64889) to work on /workspaces/f1_data_team/venv/lib/python3.12/site-packages/airflow/example_dags/example_branch_python_dop_operator_3.py
[2026-01-04T13:27:35.685+0000] {processor.py:914} INFO - Processing file /workspaces/f1_data_team/venv/lib/python3.12/site-packages/airflow/example_dags/example_branch_python_dop_operator_3.py for tasks to queue
[2026-01-04T13:27:35.687+0000] {logging_mixin.py:190} INFO - [2026-01-04T13:27:35.686+0000] {dagbag.py:588} INFO - Filling up the DagBag from /workspaces/f1_data_team/venv/lib/python3.12/site-packages/airflow/example_dags/example_branch_python_dop_operator_3.py
[2026-01-04T13:27:35.695+0000] {processor.py:925} INFO - DAG(s) 'example_branch_dop_operator_v3' retrieved from /workspaces/f1_data_team/venv/lib/python3.12/site-packages/airflow/example_dags/example_branch_python_dop_operator_3.py
[2026-01-04T13:27:35.707+0000] {logging_mixin.py:190} INFO - [2026-01-04T13:27:35.707+0000] {dag.py:3239} INFO - Sync 1 DAGs
[2026-01-04T13:27:35.725+0000] {logging_mixin.py:190} INFO - [2026-01-04T13:27:35.724+0000] {dag.py:4180} INFO - Setting next_dagrun for example_branch_dop_operator_v3 to 2026-01-04 13:26:00+00:00, run_after=2026-01-04 13:27:00+00:00
[2026-01-04T13:27:35.739+0000] {processor.py:208} INFO - Processing /workspaces/f1_data_team/venv/lib/python3.12/site-packages/airflow/example_dags/example_branch_python_dop_operator_3.py took 0.060 seconds
[2026-01-04T13:28:52.111+0000] {processor.py:186} INFO - Started process (PID=65484) to work on /workspaces/f1_data_team/venv/lib/python3.12/site-packages/airflow/example_dags/example_branch_python_dop_operator_3.py
[2026-01-04T13:28:52.112+0000] {processor.py:914} INFO - Processing file /workspaces/f1_data_team/venv/lib/python3.12/site-packages/airflow/example_dags/example_branch_python_dop_operator_3.py for tasks to queue
[2026-01-04T13:28:52.114+0000] {logging_mixin.py:190} INFO - [2026-01-04T13:28:52.113+0000] {dagbag.py:588} INFO - Filling up the DagBag from /workspaces/f1_data_team/venv/lib/python3.12/site-packages/airflow/example_dags/example_branch_python_dop_operator_3.py
[2026-01-04T13:28:52.122+0000] {processor.py:925} INFO - DAG(s) 'example_branch_dop_operator_v3' retrieved from /workspaces/f1_data_team/venv/lib/python3.12/site-packages/airflow/example_dags/example_branch_python_dop_operator_3.py
[2026-01-04T13:28:52.135+0000] {logging_mixin.py:190} INFO - [2026-01-04T13:28:52.134+0000] {dag.py:3239} INFO - Sync 1 DAGs
[2026-01-04T13:28:52.153+0000] {logging_mixin.py:190} INFO - [2026-01-04T13:28:52.152+0000] {dag.py:4180} INFO - Setting next_dagrun for example_branch_dop_operator_v3 to 2026-01-04 13:27:00+00:00, run_after=2026-01-04 13:28:00+00:00
[2026-01-04T13:28:52.167+0000] {processor.py:208} INFO - Processing /workspaces/f1_data_team/venv/lib/python3.12/site-packages/airflow/example_dags/example_branch_python_dop_operator_3.py took 0.061 seconds
[2026-01-04T13:30:13.149+0000] {processor.py:186} INFO - Started process (PID=66156) to work on /workspaces/f1_data_team/venv/lib/python3.12/site-packages/airflow/example_dags/example_branch_python_dop_operator_3.py
[2026-01-04T13:30:13.149+0000] {processor.py:914} INFO - Processing file /workspaces/f1_data_team/venv/lib/python3.12/site-packages/airflow/example_dags/example_branch_python_dop_operator_3.py for tasks to queue
[2026-01-04T13:30:13.151+0000] {logging_mixin.py:190} INFO - [2026-01-04T13:30:13.151+0000] {dagbag.py:588} INFO - Filling up the DagBag from /workspaces/f1_data_team/venv/lib/python3.12/site-packages/airflow/example_dags/example_branch_python_dop_operator_3.py
[2026-01-04T13:30:13.160+0000] {processor.py:925} INFO - DAG(s) 'example_branch_dop_operator_v3' retrieved from /workspaces/f1_data_team/venv/lib/python3.12/site-packages/airflow/example_dags/example_branch_python_dop_operator_3.py
[2026-01-04T13:30:13.173+0000] {logging_mixin.py:190} INFO - [2026-01-04T13:30:13.172+0000] {dag.py:3239} INFO - Sync 1 DAGs
[2026-01-04T13:30:13.190+0000] {logging_mixin.py:190} INFO - [2026-01-04T13:30:13.190+0000] {dag.py:4180} INFO - Setting next_dagrun for example_branch_dop_operator_v3 to 2026-01-04 13:29:00+00:00, run_after=2026-01-04 13:30:00+00:00
[2026-01-04T13:30:13.205+0000] {processor.py:208} INFO - Processing /workspaces/f1_data_team/venv/lib/python3.12/site-packages/airflow/example_dags/example_branch_python_dop_operator_3.py took 0.061 seconds
[2026-01-04T13:31:26.687+0000] {processor.py:186} INFO - Started process (PID=66787) to work on /workspaces/f1_data_team/venv/lib/python3.12/site-packages/airflow/example_dags/example_branch_python_dop_operator_3.py
[2026-01-04T13:31:26.688+0000] {processor.py:914} INFO - Processing file /workspaces/f1_data_team/venv/lib/python3.12/site-packages/airflow/example_dags/example_branch_python_dop_operator_3.py for tasks to queue
[2026-01-04T13:31:26.690+0000] {logging_mixin.py:190} INFO - [2026-01-04T13:31:26.690+0000] {dagbag.py:588} INFO - Filling up the DagBag from /workspaces/f1_data_team/venv/lib/python3.12/site-packages/airflow/example_dags/example_branch_python_dop_operator_3.py
[2026-01-04T13:31:26.699+0000] {processor.py:925} INFO - DAG(s) 'example_branch_dop_operator_v3' retrieved from /workspaces/f1_data_team/venv/lib/python3.12/site-packages/airflow/example_dags/example_branch_python_dop_operator_3.py
[2026-01-04T13:31:26.711+0000] {logging_mixin.py:190} INFO - [2026-01-04T13:31:26.710+0000] {dag.py:3239} INFO - Sync 1 DAGs
[2026-01-04T13:31:26.728+0000] {logging_mixin.py:190} INFO - [2026-01-04T13:31:26.728+0000] {dag.py:4180} INFO - Setting next_dagrun for example_branch_dop_operator_v3 to 2026-01-04 13:30:00+00:00, run_after=2026-01-04 13:31:00+00:00
[2026-01-04T13:31:26.742+0000] {processor.py:208} INFO - Processing /workspaces/f1_data_team/venv/lib/python3.12/site-packages/airflow/example_dags/example_branch_python_dop_operator_3.py took 0.061 seconds
[2026-01-04T13:32:40.915+0000] {processor.py:186} INFO - Started process (PID=67346) to work on /workspaces/f1_data_team/venv/lib/python3.12/site-packages/airflow/example_dags/example_branch_python_dop_operator_3.py
[2026-01-04T13:32:40.916+0000] {processor.py:914} INFO - Processing file /workspaces/f1_data_team/venv/lib/python3.12/site-packages/airflow/example_dags/example_branch_python_dop_operator_3.py for tasks to queue
[2026-01-04T13:32:40.918+0000] {logging_mixin.py:190} INFO - [2026-01-04T13:32:40.917+0000] {dagbag.py:588} INFO - Filling up the DagBag from /workspaces/f1_data_team/venv/lib/python3.12/site-packages/airflow/example_dags/example_branch_python_dop_operator_3.py
[2026-01-04T13:32:40.927+0000] {processor.py:925} INFO - DAG(s) 'example_branch_dop_operator_v3' retrieved from /workspaces/f1_data_team/venv/lib/python3.12/site-packages/airflow/example_dags/example_branch_python_dop_operator_3.py
[2026-01-04T13:32:40.939+0000] {logging_mixin.py:190} INFO - [2026-01-04T13:32:40.939+0000] {dag.py:3239} INFO - Sync 1 DAGs
[2026-01-04T13:32:40.956+0000] {logging_mixin.py:190} INFO - [2026-01-04T13:32:40.956+0000] {dag.py:4180} INFO - Setting next_dagrun for example_branch_dop_operator_v3 to 2026-01-04 13:31:00+00:00, run_after=2026-01-04 13:32:00+00:00
[2026-01-04T13:32:40.971+0000] {processor.py:208} INFO - Processing /workspaces/f1_data_team/venv/lib/python3.12/site-packages/airflow/example_dags/example_branch_python_dop_operator_3.py took 0.060 seconds
[2026-01-04T13:33:59.349+0000] {processor.py:186} INFO - Started process (PID=67942) to work on /workspaces/f1_data_team/venv/lib/python3.12/site-packages/airflow/example_dags/example_branch_python_dop_operator_3.py
[2026-01-04T13:33:59.350+0000] {processor.py:914} INFO - Processing file /workspaces/f1_data_team/venv/lib/python3.12/site-packages/airflow/example_dags/example_branch_python_dop_operator_3.py for tasks to queue
[2026-01-04T13:33:59.352+0000] {logging_mixin.py:190} INFO - [2026-01-04T13:33:59.351+0000] {dagbag.py:588} INFO - Filling up the DagBag from /workspaces/f1_data_team/venv/lib/python3.12/site-packages/airflow/example_dags/example_branch_python_dop_operator_3.py
[2026-01-04T13:33:59.361+0000] {processor.py:925} INFO - DAG(s) 'example_branch_dop_operator_v3' retrieved from /workspaces/f1_data_team/venv/lib/python3.12/site-packages/airflow/example_dags/example_branch_python_dop_operator_3.py
[2026-01-04T13:33:59.379+0000] {logging_mixin.py:190} INFO - [2026-01-04T13:33:59.379+0000] {dag.py:3239} INFO - Sync 1 DAGs
[2026-01-04T13:33:59.405+0000] {logging_mixin.py:190} INFO - [2026-01-04T13:33:59.405+0000] {dag.py:4180} INFO - Setting next_dagrun for example_branch_dop_operator_v3 to 2026-01-04 13:32:00+00:00, run_after=2026-01-04 13:33:00+00:00
[2026-01-04T13:33:59.420+0000] {processor.py:208} INFO - Processing /workspaces/f1_data_team/venv/lib/python3.12/site-packages/airflow/example_dags/example_branch_python_dop_operator_3.py took 0.075 seconds
[2026-01-04T13:35:17.616+0000] {processor.py:186} INFO - Started process (PID=68612) to work on /workspaces/f1_data_team/venv/lib/python3.12/site-packages/airflow/example_dags/example_branch_python_dop_operator_3.py
[2026-01-04T13:35:17.617+0000] {processor.py:914} INFO - Processing file /workspaces/f1_data_team/venv/lib/python3.12/site-packages/airflow/example_dags/example_branch_python_dop_operator_3.py for tasks to queue
[2026-01-04T13:35:17.619+0000] {logging_mixin.py:190} INFO - [2026-01-04T13:35:17.619+0000] {dagbag.py:588} INFO - Filling up the DagBag from /workspaces/f1_data_team/venv/lib/python3.12/site-packages/airflow/example_dags/example_branch_python_dop_operator_3.py
[2026-01-04T13:35:17.628+0000] {processor.py:925} INFO - DAG(s) 'example_branch_dop_operator_v3' retrieved from /workspaces/f1_data_team/venv/lib/python3.12/site-packages/airflow/example_dags/example_branch_python_dop_operator_3.py
[2026-01-04T13:35:17.640+0000] {logging_mixin.py:190} INFO - [2026-01-04T13:35:17.640+0000] {dag.py:3239} INFO - Sync 1 DAGs
[2026-01-04T13:35:17.658+0000] {logging_mixin.py:190} INFO - [2026-01-04T13:35:17.657+0000] {dag.py:4180} INFO - Setting next_dagrun for example_branch_dop_operator_v3 to 2026-01-04 13:34:00+00:00, run_after=2026-01-04 13:35:00+00:00
[2026-01-04T13:35:17.673+0000] {processor.py:208} INFO - Processing /workspaces/f1_data_team/venv/lib/python3.12/site-packages/airflow/example_dags/example_branch_python_dop_operator_3.py took 0.061 seconds
[2026-01-04T13:36:09.895+0000] {processor.py:186} INFO - Started process (PID=69035) to work on /workspaces/f1_data_team/venv/lib/python3.12/site-packages/airflow/example_dags/example_branch_python_dop_operator_3.py
[2026-01-04T13:36:09.895+0000] {processor.py:914} INFO - Processing file /workspaces/f1_data_team/venv/lib/python3.12/site-packages/airflow/example_dags/example_branch_python_dop_operator_3.py for tasks to queue
[2026-01-04T13:36:09.897+0000] {logging_mixin.py:190} INFO - [2026-01-04T13:36:09.897+0000] {dagbag.py:588} INFO - Filling up the DagBag from /workspaces/f1_data_team/venv/lib/python3.12/site-packages/airflow/example_dags/example_branch_python_dop_operator_3.py
[2026-01-04T13:36:09.906+0000] {processor.py:925} INFO - DAG(s) 'example_branch_dop_operator_v3' retrieved from /workspaces/f1_data_team/venv/lib/python3.12/site-packages/airflow/example_dags/example_branch_python_dop_operator_3.py
[2026-01-04T13:36:09.919+0000] {logging_mixin.py:190} INFO - [2026-01-04T13:36:09.918+0000] {dag.py:3239} INFO - Sync 1 DAGs
[2026-01-04T13:36:09.937+0000] {logging_mixin.py:190} INFO - [2026-01-04T13:36:09.937+0000] {dag.py:4180} INFO - Setting next_dagrun for example_branch_dop_operator_v3 to 2026-01-04 13:35:00+00:00, run_after=2026-01-04 13:36:00+00:00
[2026-01-04T13:36:09.953+0000] {processor.py:208} INFO - Processing /workspaces/f1_data_team/venv/lib/python3.12/site-packages/airflow/example_dags/example_branch_python_dop_operator_3.py took 0.063 seconds
[2026-01-04T13:37:27.104+0000] {processor.py:186} INFO - Started process (PID=69669) to work on /workspaces/f1_data_team/venv/lib/python3.12/site-packages/airflow/example_dags/example_branch_python_dop_operator_3.py
[2026-01-04T13:37:27.105+0000] {processor.py:914} INFO - Processing file /workspaces/f1_data_team/venv/lib/python3.12/site-packages/airflow/example_dags/example_branch_python_dop_operator_3.py for tasks to queue
[2026-01-04T13:37:27.108+0000] {logging_mixin.py:190} INFO - [2026-01-04T13:37:27.107+0000] {dagbag.py:588} INFO - Filling up the DagBag from /workspaces/f1_data_team/venv/lib/python3.12/site-packages/airflow/example_dags/example_branch_python_dop_operator_3.py
[2026-01-04T13:37:27.120+0000] {processor.py:925} INFO - DAG(s) 'example_branch_dop_operator_v3' retrieved from /workspaces/f1_data_team/venv/lib/python3.12/site-packages/airflow/example_dags/example_branch_python_dop_operator_3.py
[2026-01-04T13:37:27.134+0000] {logging_mixin.py:190} INFO - [2026-01-04T13:37:27.133+0000] {dag.py:3239} INFO - Sync 1 DAGs
[2026-01-04T13:37:27.151+0000] {logging_mixin.py:190} INFO - [2026-01-04T13:37:27.151+0000] {dag.py:4180} INFO - Setting next_dagrun for example_branch_dop_operator_v3 to 2026-01-04 13:36:00+00:00, run_after=2026-01-04 13:37:00+00:00
[2026-01-04T13:37:27.166+0000] {processor.py:208} INFO - Processing /workspaces/f1_data_team/venv/lib/python3.12/site-packages/airflow/example_dags/example_branch_python_dop_operator_3.py took 0.068 seconds
