[2026-01-04T12:26:59.987+0000] {processor.py:186} INFO - Started process (PID=24659) to work on /workspaces/f1_data_team/venv/lib/python3.12/site-packages/airflow/example_dags/example_setup_teardown_taskflow.py
[2026-01-04T12:26:59.988+0000] {processor.py:914} INFO - Processing file /workspaces/f1_data_team/venv/lib/python3.12/site-packages/airflow/example_dags/example_setup_teardown_taskflow.py for tasks to queue
[2026-01-04T12:26:59.989+0000] {logging_mixin.py:190} INFO - [2026-01-04T12:26:59.989+0000] {dagbag.py:588} INFO - Filling up the DagBag from /workspaces/f1_data_team/venv/lib/python3.12/site-packages/airflow/example_dags/example_setup_teardown_taskflow.py
[2026-01-04T12:26:59.998+0000] {processor.py:925} INFO - DAG(s) 'example_setup_teardown_taskflow' retrieved from /workspaces/f1_data_team/venv/lib/python3.12/site-packages/airflow/example_dags/example_setup_teardown_taskflow.py
[2026-01-04T12:27:00.076+0000] {logging_mixin.py:190} INFO - [2026-01-04T12:27:00.076+0000] {override.py:1911} INFO - Created Permission View: can read on DAG:example_setup_teardown_taskflow
[2026-01-04T12:27:00.083+0000] {logging_mixin.py:190} INFO - [2026-01-04T12:27:00.083+0000] {override.py:1911} INFO - Created Permission View: can edit on DAG:example_setup_teardown_taskflow
[2026-01-04T12:27:00.088+0000] {logging_mixin.py:190} INFO - [2026-01-04T12:27:00.088+0000] {override.py:1911} INFO - Created Permission View: can delete on DAG:example_setup_teardown_taskflow
[2026-01-04T12:27:00.096+0000] {logging_mixin.py:190} INFO - [2026-01-04T12:27:00.096+0000] {override.py:1911} INFO - Created Permission View: can read on DAG Run:example_setup_teardown_taskflow
[2026-01-04T12:27:00.101+0000] {logging_mixin.py:190} INFO - [2026-01-04T12:27:00.101+0000] {override.py:1911} INFO - Created Permission View: menu access on DAG Run:example_setup_teardown_taskflow
[2026-01-04T12:27:00.107+0000] {logging_mixin.py:190} INFO - [2026-01-04T12:27:00.106+0000] {override.py:1911} INFO - Created Permission View: can create on DAG Run:example_setup_teardown_taskflow
[2026-01-04T12:27:00.112+0000] {logging_mixin.py:190} INFO - [2026-01-04T12:27:00.111+0000] {override.py:1911} INFO - Created Permission View: can delete on DAG Run:example_setup_teardown_taskflow
[2026-01-04T12:27:00.112+0000] {logging_mixin.py:190} INFO - [2026-01-04T12:27:00.112+0000] {dag.py:3239} INFO - Sync 1 DAGs
[2026-01-04T12:27:00.120+0000] {logging_mixin.py:190} INFO - [2026-01-04T12:27:00.120+0000] {dag.py:3262} INFO - Creating ORM DAG for example_setup_teardown_taskflow
[2026-01-04T12:27:00.120+0000] {logging_mixin.py:190} INFO - [2026-01-04T12:27:00.120+0000] {dag.py:4180} INFO - Setting next_dagrun for example_setup_teardown_taskflow to None, run_after=None
[2026-01-04T12:27:00.134+0000] {processor.py:208} INFO - Processing /workspaces/f1_data_team/venv/lib/python3.12/site-packages/airflow/example_dags/example_setup_teardown_taskflow.py took 0.151 seconds
[2026-01-04T12:28:01.412+0000] {processor.py:186} INFO - Started process (PID=25196) to work on /workspaces/f1_data_team/venv/lib/python3.12/site-packages/airflow/example_dags/example_setup_teardown_taskflow.py
[2026-01-04T12:28:01.413+0000] {processor.py:914} INFO - Processing file /workspaces/f1_data_team/venv/lib/python3.12/site-packages/airflow/example_dags/example_setup_teardown_taskflow.py for tasks to queue
[2026-01-04T12:28:01.415+0000] {logging_mixin.py:190} INFO - [2026-01-04T12:28:01.414+0000] {dagbag.py:588} INFO - Filling up the DagBag from /workspaces/f1_data_team/venv/lib/python3.12/site-packages/airflow/example_dags/example_setup_teardown_taskflow.py
[2026-01-04T12:28:01.423+0000] {processor.py:925} INFO - DAG(s) 'example_setup_teardown_taskflow' retrieved from /workspaces/f1_data_team/venv/lib/python3.12/site-packages/airflow/example_dags/example_setup_teardown_taskflow.py
[2026-01-04T12:28:01.436+0000] {logging_mixin.py:190} INFO - [2026-01-04T12:28:01.436+0000] {dag.py:3239} INFO - Sync 1 DAGs
[2026-01-04T12:28:01.446+0000] {logging_mixin.py:190} INFO - [2026-01-04T12:28:01.446+0000] {dag.py:4180} INFO - Setting next_dagrun for example_setup_teardown_taskflow to None, run_after=None
[2026-01-04T12:28:01.464+0000] {processor.py:208} INFO - Processing /workspaces/f1_data_team/venv/lib/python3.12/site-packages/airflow/example_dags/example_setup_teardown_taskflow.py took 0.057 seconds
[2026-01-04T12:28:59.610+0000] {processor.py:186} INFO - Started process (PID=25722) to work on /workspaces/f1_data_team/venv/lib/python3.12/site-packages/airflow/example_dags/example_setup_teardown_taskflow.py
[2026-01-04T12:28:59.610+0000] {processor.py:914} INFO - Processing file /workspaces/f1_data_team/venv/lib/python3.12/site-packages/airflow/example_dags/example_setup_teardown_taskflow.py for tasks to queue
[2026-01-04T12:28:59.612+0000] {logging_mixin.py:190} INFO - [2026-01-04T12:28:59.612+0000] {dagbag.py:588} INFO - Filling up the DagBag from /workspaces/f1_data_team/venv/lib/python3.12/site-packages/airflow/example_dags/example_setup_teardown_taskflow.py
[2026-01-04T12:28:59.621+0000] {processor.py:925} INFO - DAG(s) 'example_setup_teardown_taskflow' retrieved from /workspaces/f1_data_team/venv/lib/python3.12/site-packages/airflow/example_dags/example_setup_teardown_taskflow.py
[2026-01-04T12:28:59.634+0000] {logging_mixin.py:190} INFO - [2026-01-04T12:28:59.634+0000] {dag.py:3239} INFO - Sync 1 DAGs
[2026-01-04T12:28:59.644+0000] {logging_mixin.py:190} INFO - [2026-01-04T12:28:59.644+0000] {dag.py:4180} INFO - Setting next_dagrun for example_setup_teardown_taskflow to None, run_after=None
[2026-01-04T12:28:59.658+0000] {processor.py:208} INFO - Processing /workspaces/f1_data_team/venv/lib/python3.12/site-packages/airflow/example_dags/example_setup_teardown_taskflow.py took 0.053 seconds
[2026-01-04T12:30:40.086+0000] {processor.py:186} INFO - Started process (PID=27627) to work on /workspaces/f1_data_team/venv/lib/python3.12/site-packages/airflow/example_dags/example_setup_teardown_taskflow.py
[2026-01-04T12:30:40.086+0000] {processor.py:914} INFO - Processing file /workspaces/f1_data_team/venv/lib/python3.12/site-packages/airflow/example_dags/example_setup_teardown_taskflow.py for tasks to queue
[2026-01-04T12:30:40.088+0000] {logging_mixin.py:190} INFO - [2026-01-04T12:30:40.088+0000] {dagbag.py:588} INFO - Filling up the DagBag from /workspaces/f1_data_team/venv/lib/python3.12/site-packages/airflow/example_dags/example_setup_teardown_taskflow.py
[2026-01-04T12:30:40.097+0000] {processor.py:925} INFO - DAG(s) 'example_setup_teardown_taskflow' retrieved from /workspaces/f1_data_team/venv/lib/python3.12/site-packages/airflow/example_dags/example_setup_teardown_taskflow.py
[2026-01-04T12:30:40.111+0000] {logging_mixin.py:190} INFO - [2026-01-04T12:30:40.111+0000] {dag.py:3239} INFO - Sync 1 DAGs
[2026-01-04T12:30:40.120+0000] {logging_mixin.py:190} INFO - [2026-01-04T12:30:40.120+0000] {dag.py:4180} INFO - Setting next_dagrun for example_setup_teardown_taskflow to None, run_after=None
[2026-01-04T12:30:40.135+0000] {processor.py:208} INFO - Processing /workspaces/f1_data_team/venv/lib/python3.12/site-packages/airflow/example_dags/example_setup_teardown_taskflow.py took 0.053 seconds
[2026-01-04T12:31:38.576+0000] {processor.py:186} INFO - Started process (PID=28665) to work on /workspaces/f1_data_team/venv/lib/python3.12/site-packages/airflow/example_dags/example_setup_teardown_taskflow.py
[2026-01-04T12:31:38.582+0000] {processor.py:914} INFO - Processing file /workspaces/f1_data_team/venv/lib/python3.12/site-packages/airflow/example_dags/example_setup_teardown_taskflow.py for tasks to queue
[2026-01-04T12:31:38.588+0000] {logging_mixin.py:190} INFO - [2026-01-04T12:31:38.588+0000] {dagbag.py:588} INFO - Filling up the DagBag from /workspaces/f1_data_team/venv/lib/python3.12/site-packages/airflow/example_dags/example_setup_teardown_taskflow.py
[2026-01-04T12:31:38.612+0000] {processor.py:925} INFO - DAG(s) 'example_setup_teardown_taskflow' retrieved from /workspaces/f1_data_team/venv/lib/python3.12/site-packages/airflow/example_dags/example_setup_teardown_taskflow.py
[2026-01-04T12:31:38.650+0000] {logging_mixin.py:190} INFO - [2026-01-04T12:31:38.650+0000] {dag.py:3239} INFO - Sync 1 DAGs
[2026-01-04T12:31:38.695+0000] {logging_mixin.py:190} INFO - [2026-01-04T12:31:38.687+0000] {dag.py:4180} INFO - Setting next_dagrun for example_setup_teardown_taskflow to None, run_after=None
[2026-01-04T12:31:38.755+0000] {processor.py:208} INFO - Processing /workspaces/f1_data_team/venv/lib/python3.12/site-packages/airflow/example_dags/example_setup_teardown_taskflow.py took 0.195 seconds
[2026-01-04T12:32:47.064+0000] {processor.py:186} INFO - Started process (PID=29855) to work on /workspaces/f1_data_team/venv/lib/python3.12/site-packages/airflow/example_dags/example_setup_teardown_taskflow.py
[2026-01-04T12:32:47.065+0000] {processor.py:914} INFO - Processing file /workspaces/f1_data_team/venv/lib/python3.12/site-packages/airflow/example_dags/example_setup_teardown_taskflow.py for tasks to queue
[2026-01-04T12:32:47.067+0000] {logging_mixin.py:190} INFO - [2026-01-04T12:32:47.066+0000] {dagbag.py:588} INFO - Filling up the DagBag from /workspaces/f1_data_team/venv/lib/python3.12/site-packages/airflow/example_dags/example_setup_teardown_taskflow.py
[2026-01-04T12:32:47.075+0000] {processor.py:925} INFO - DAG(s) 'example_setup_teardown_taskflow' retrieved from /workspaces/f1_data_team/venv/lib/python3.12/site-packages/airflow/example_dags/example_setup_teardown_taskflow.py
[2026-01-04T12:32:47.090+0000] {logging_mixin.py:190} INFO - [2026-01-04T12:32:47.089+0000] {dag.py:3239} INFO - Sync 1 DAGs
[2026-01-04T12:32:47.099+0000] {logging_mixin.py:190} INFO - [2026-01-04T12:32:47.099+0000] {dag.py:4180} INFO - Setting next_dagrun for example_setup_teardown_taskflow to None, run_after=None
[2026-01-04T12:32:47.114+0000] {processor.py:208} INFO - Processing /workspaces/f1_data_team/venv/lib/python3.12/site-packages/airflow/example_dags/example_setup_teardown_taskflow.py took 0.054 seconds
[2026-01-04T12:33:47.260+0000] {processor.py:186} INFO - Started process (PID=30701) to work on /workspaces/f1_data_team/venv/lib/python3.12/site-packages/airflow/example_dags/example_setup_teardown_taskflow.py
[2026-01-04T12:33:47.261+0000] {processor.py:914} INFO - Processing file /workspaces/f1_data_team/venv/lib/python3.12/site-packages/airflow/example_dags/example_setup_teardown_taskflow.py for tasks to queue
[2026-01-04T12:33:47.263+0000] {logging_mixin.py:190} INFO - [2026-01-04T12:33:47.262+0000] {dagbag.py:588} INFO - Filling up the DagBag from /workspaces/f1_data_team/venv/lib/python3.12/site-packages/airflow/example_dags/example_setup_teardown_taskflow.py
[2026-01-04T12:33:47.271+0000] {processor.py:925} INFO - DAG(s) 'example_setup_teardown_taskflow' retrieved from /workspaces/f1_data_team/venv/lib/python3.12/site-packages/airflow/example_dags/example_setup_teardown_taskflow.py
[2026-01-04T12:33:47.285+0000] {logging_mixin.py:190} INFO - [2026-01-04T12:33:47.285+0000] {dag.py:3239} INFO - Sync 1 DAGs
[2026-01-04T12:33:47.294+0000] {logging_mixin.py:190} INFO - [2026-01-04T12:33:47.294+0000] {dag.py:4180} INFO - Setting next_dagrun for example_setup_teardown_taskflow to None, run_after=None
[2026-01-04T12:33:47.309+0000] {processor.py:208} INFO - Processing /workspaces/f1_data_team/venv/lib/python3.12/site-packages/airflow/example_dags/example_setup_teardown_taskflow.py took 0.054 seconds
[2026-01-04T12:34:44.866+0000] {processor.py:186} INFO - Started process (PID=31255) to work on /workspaces/f1_data_team/venv/lib/python3.12/site-packages/airflow/example_dags/example_setup_teardown_taskflow.py
[2026-01-04T12:34:44.867+0000] {processor.py:914} INFO - Processing file /workspaces/f1_data_team/venv/lib/python3.12/site-packages/airflow/example_dags/example_setup_teardown_taskflow.py for tasks to queue
[2026-01-04T12:34:44.869+0000] {logging_mixin.py:190} INFO - [2026-01-04T12:34:44.869+0000] {dagbag.py:588} INFO - Filling up the DagBag from /workspaces/f1_data_team/venv/lib/python3.12/site-packages/airflow/example_dags/example_setup_teardown_taskflow.py
[2026-01-04T12:34:44.881+0000] {processor.py:925} INFO - DAG(s) 'example_setup_teardown_taskflow' retrieved from /workspaces/f1_data_team/venv/lib/python3.12/site-packages/airflow/example_dags/example_setup_teardown_taskflow.py
[2026-01-04T12:34:44.901+0000] {logging_mixin.py:190} INFO - [2026-01-04T12:34:44.900+0000] {dag.py:3239} INFO - Sync 1 DAGs
[2026-01-04T12:34:44.912+0000] {logging_mixin.py:190} INFO - [2026-01-04T12:34:44.912+0000] {dag.py:4180} INFO - Setting next_dagrun for example_setup_teardown_taskflow to None, run_after=None
[2026-01-04T12:34:44.926+0000] {processor.py:208} INFO - Processing /workspaces/f1_data_team/venv/lib/python3.12/site-packages/airflow/example_dags/example_setup_teardown_taskflow.py took 0.065 seconds
[2026-01-04T12:35:40.254+0000] {processor.py:186} INFO - Started process (PID=31770) to work on /workspaces/f1_data_team/venv/lib/python3.12/site-packages/airflow/example_dags/example_setup_teardown_taskflow.py
[2026-01-04T12:35:40.255+0000] {processor.py:914} INFO - Processing file /workspaces/f1_data_team/venv/lib/python3.12/site-packages/airflow/example_dags/example_setup_teardown_taskflow.py for tasks to queue
[2026-01-04T12:35:40.257+0000] {logging_mixin.py:190} INFO - [2026-01-04T12:35:40.257+0000] {dagbag.py:588} INFO - Filling up the DagBag from /workspaces/f1_data_team/venv/lib/python3.12/site-packages/airflow/example_dags/example_setup_teardown_taskflow.py
[2026-01-04T12:35:40.266+0000] {processor.py:925} INFO - DAG(s) 'example_setup_teardown_taskflow' retrieved from /workspaces/f1_data_team/venv/lib/python3.12/site-packages/airflow/example_dags/example_setup_teardown_taskflow.py
[2026-01-04T12:35:40.279+0000] {logging_mixin.py:190} INFO - [2026-01-04T12:35:40.279+0000] {dag.py:3239} INFO - Sync 1 DAGs
[2026-01-04T12:35:40.289+0000] {logging_mixin.py:190} INFO - [2026-01-04T12:35:40.289+0000] {dag.py:4180} INFO - Setting next_dagrun for example_setup_teardown_taskflow to None, run_after=None
[2026-01-04T12:35:40.306+0000] {processor.py:208} INFO - Processing /workspaces/f1_data_team/venv/lib/python3.12/site-packages/airflow/example_dags/example_setup_teardown_taskflow.py took 0.057 seconds
[2026-01-04T12:36:32.722+0000] {processor.py:186} INFO - Started process (PID=32418) to work on /workspaces/f1_data_team/venv/lib/python3.12/site-packages/airflow/example_dags/example_setup_teardown_taskflow.py
[2026-01-04T12:36:32.723+0000] {processor.py:914} INFO - Processing file /workspaces/f1_data_team/venv/lib/python3.12/site-packages/airflow/example_dags/example_setup_teardown_taskflow.py for tasks to queue
[2026-01-04T12:36:32.725+0000] {logging_mixin.py:190} INFO - [2026-01-04T12:36:32.725+0000] {dagbag.py:588} INFO - Filling up the DagBag from /workspaces/f1_data_team/venv/lib/python3.12/site-packages/airflow/example_dags/example_setup_teardown_taskflow.py
[2026-01-04T12:36:32.734+0000] {processor.py:925} INFO - DAG(s) 'example_setup_teardown_taskflow' retrieved from /workspaces/f1_data_team/venv/lib/python3.12/site-packages/airflow/example_dags/example_setup_teardown_taskflow.py
[2026-01-04T12:36:32.748+0000] {logging_mixin.py:190} INFO - [2026-01-04T12:36:32.747+0000] {dag.py:3239} INFO - Sync 1 DAGs
[2026-01-04T12:36:32.757+0000] {logging_mixin.py:190} INFO - [2026-01-04T12:36:32.757+0000] {dag.py:4180} INFO - Setting next_dagrun for example_setup_teardown_taskflow to None, run_after=None
[2026-01-04T12:36:32.773+0000] {processor.py:208} INFO - Processing /workspaces/f1_data_team/venv/lib/python3.12/site-packages/airflow/example_dags/example_setup_teardown_taskflow.py took 0.055 seconds
[2026-01-04T12:37:25.766+0000] {processor.py:186} INFO - Started process (PID=32972) to work on /workspaces/f1_data_team/venv/lib/python3.12/site-packages/airflow/example_dags/example_setup_teardown_taskflow.py
[2026-01-04T12:37:25.767+0000] {processor.py:914} INFO - Processing file /workspaces/f1_data_team/venv/lib/python3.12/site-packages/airflow/example_dags/example_setup_teardown_taskflow.py for tasks to queue
[2026-01-04T12:37:25.769+0000] {logging_mixin.py:190} INFO - [2026-01-04T12:37:25.769+0000] {dagbag.py:588} INFO - Filling up the DagBag from /workspaces/f1_data_team/venv/lib/python3.12/site-packages/airflow/example_dags/example_setup_teardown_taskflow.py
[2026-01-04T12:37:25.779+0000] {processor.py:925} INFO - DAG(s) 'example_setup_teardown_taskflow' retrieved from /workspaces/f1_data_team/venv/lib/python3.12/site-packages/airflow/example_dags/example_setup_teardown_taskflow.py
[2026-01-04T12:37:25.792+0000] {logging_mixin.py:190} INFO - [2026-01-04T12:37:25.792+0000] {dag.py:3239} INFO - Sync 1 DAGs
[2026-01-04T12:37:25.802+0000] {logging_mixin.py:190} INFO - [2026-01-04T12:37:25.802+0000] {dag.py:4180} INFO - Setting next_dagrun for example_setup_teardown_taskflow to None, run_after=None
[2026-01-04T12:37:25.817+0000] {processor.py:208} INFO - Processing /workspaces/f1_data_team/venv/lib/python3.12/site-packages/airflow/example_dags/example_setup_teardown_taskflow.py took 0.055 seconds
[2026-01-04T12:38:19.415+0000] {processor.py:186} INFO - Started process (PID=33827) to work on /workspaces/f1_data_team/venv/lib/python3.12/site-packages/airflow/example_dags/example_setup_teardown_taskflow.py
[2026-01-04T12:38:19.415+0000] {processor.py:914} INFO - Processing file /workspaces/f1_data_team/venv/lib/python3.12/site-packages/airflow/example_dags/example_setup_teardown_taskflow.py for tasks to queue
[2026-01-04T12:38:19.417+0000] {logging_mixin.py:190} INFO - [2026-01-04T12:38:19.417+0000] {dagbag.py:588} INFO - Filling up the DagBag from /workspaces/f1_data_team/venv/lib/python3.12/site-packages/airflow/example_dags/example_setup_teardown_taskflow.py
[2026-01-04T12:38:19.426+0000] {processor.py:925} INFO - DAG(s) 'example_setup_teardown_taskflow' retrieved from /workspaces/f1_data_team/venv/lib/python3.12/site-packages/airflow/example_dags/example_setup_teardown_taskflow.py
[2026-01-04T12:38:19.439+0000] {logging_mixin.py:190} INFO - [2026-01-04T12:38:19.439+0000] {dag.py:3239} INFO - Sync 1 DAGs
[2026-01-04T12:38:19.449+0000] {logging_mixin.py:190} INFO - [2026-01-04T12:38:19.449+0000] {dag.py:4180} INFO - Setting next_dagrun for example_setup_teardown_taskflow to None, run_after=None
[2026-01-04T12:38:19.463+0000] {processor.py:208} INFO - Processing /workspaces/f1_data_team/venv/lib/python3.12/site-packages/airflow/example_dags/example_setup_teardown_taskflow.py took 0.053 seconds
[2026-01-04T12:39:11.808+0000] {processor.py:186} INFO - Started process (PID=34242) to work on /workspaces/f1_data_team/venv/lib/python3.12/site-packages/airflow/example_dags/example_setup_teardown_taskflow.py
[2026-01-04T12:39:11.809+0000] {processor.py:914} INFO - Processing file /workspaces/f1_data_team/venv/lib/python3.12/site-packages/airflow/example_dags/example_setup_teardown_taskflow.py for tasks to queue
[2026-01-04T12:39:11.813+0000] {logging_mixin.py:190} INFO - [2026-01-04T12:39:11.812+0000] {dagbag.py:588} INFO - Filling up the DagBag from /workspaces/f1_data_team/venv/lib/python3.12/site-packages/airflow/example_dags/example_setup_teardown_taskflow.py
[2026-01-04T12:39:11.836+0000] {processor.py:925} INFO - DAG(s) 'example_setup_teardown_taskflow' retrieved from /workspaces/f1_data_team/venv/lib/python3.12/site-packages/airflow/example_dags/example_setup_teardown_taskflow.py
[2026-01-04T12:39:11.868+0000] {logging_mixin.py:190} INFO - [2026-01-04T12:39:11.868+0000] {dag.py:3239} INFO - Sync 1 DAGs
[2026-01-04T12:39:11.889+0000] {logging_mixin.py:190} INFO - [2026-01-04T12:39:11.889+0000] {dag.py:4180} INFO - Setting next_dagrun for example_setup_teardown_taskflow to None, run_after=None
[2026-01-04T12:39:11.934+0000] {processor.py:208} INFO - Processing /workspaces/f1_data_team/venv/lib/python3.12/site-packages/airflow/example_dags/example_setup_teardown_taskflow.py took 0.136 seconds
[2026-01-04T12:40:05.734+0000] {processor.py:186} INFO - Started process (PID=34754) to work on /workspaces/f1_data_team/venv/lib/python3.12/site-packages/airflow/example_dags/example_setup_teardown_taskflow.py
[2026-01-04T12:40:05.735+0000] {processor.py:914} INFO - Processing file /workspaces/f1_data_team/venv/lib/python3.12/site-packages/airflow/example_dags/example_setup_teardown_taskflow.py for tasks to queue
[2026-01-04T12:40:05.737+0000] {logging_mixin.py:190} INFO - [2026-01-04T12:40:05.737+0000] {dagbag.py:588} INFO - Filling up the DagBag from /workspaces/f1_data_team/venv/lib/python3.12/site-packages/airflow/example_dags/example_setup_teardown_taskflow.py
[2026-01-04T12:40:05.746+0000] {processor.py:925} INFO - DAG(s) 'example_setup_teardown_taskflow' retrieved from /workspaces/f1_data_team/venv/lib/python3.12/site-packages/airflow/example_dags/example_setup_teardown_taskflow.py
[2026-01-04T12:40:05.760+0000] {logging_mixin.py:190} INFO - [2026-01-04T12:40:05.759+0000] {dag.py:3239} INFO - Sync 1 DAGs
[2026-01-04T12:40:05.770+0000] {logging_mixin.py:190} INFO - [2026-01-04T12:40:05.770+0000] {dag.py:4180} INFO - Setting next_dagrun for example_setup_teardown_taskflow to None, run_after=None
[2026-01-04T12:40:05.785+0000] {processor.py:208} INFO - Processing /workspaces/f1_data_team/venv/lib/python3.12/site-packages/airflow/example_dags/example_setup_teardown_taskflow.py took 0.056 seconds
[2026-01-04T12:41:45.395+0000] {processor.py:186} INFO - Started process (PID=36039) to work on /workspaces/f1_data_team/venv/lib/python3.12/site-packages/airflow/example_dags/example_setup_teardown_taskflow.py
[2026-01-04T12:41:45.396+0000] {processor.py:914} INFO - Processing file /workspaces/f1_data_team/venv/lib/python3.12/site-packages/airflow/example_dags/example_setup_teardown_taskflow.py for tasks to queue
[2026-01-04T12:41:45.398+0000] {logging_mixin.py:190} INFO - [2026-01-04T12:41:45.398+0000] {dagbag.py:588} INFO - Filling up the DagBag from /workspaces/f1_data_team/venv/lib/python3.12/site-packages/airflow/example_dags/example_setup_teardown_taskflow.py
[2026-01-04T12:41:45.411+0000] {processor.py:925} INFO - DAG(s) 'example_setup_teardown_taskflow' retrieved from /workspaces/f1_data_team/venv/lib/python3.12/site-packages/airflow/example_dags/example_setup_teardown_taskflow.py
[2026-01-04T12:41:45.433+0000] {logging_mixin.py:190} INFO - [2026-01-04T12:41:45.433+0000] {dag.py:3239} INFO - Sync 1 DAGs
[2026-01-04T12:41:45.443+0000] {logging_mixin.py:190} INFO - [2026-01-04T12:41:45.443+0000] {dag.py:4180} INFO - Setting next_dagrun for example_setup_teardown_taskflow to None, run_after=None
[2026-01-04T12:41:45.459+0000] {processor.py:208} INFO - Processing /workspaces/f1_data_team/venv/lib/python3.12/site-packages/airflow/example_dags/example_setup_teardown_taskflow.py took 0.068 seconds
[2026-01-04T12:42:50.821+0000] {processor.py:186} INFO - Started process (PID=37039) to work on /workspaces/f1_data_team/venv/lib/python3.12/site-packages/airflow/example_dags/example_setup_teardown_taskflow.py
[2026-01-04T12:42:50.822+0000] {processor.py:914} INFO - Processing file /workspaces/f1_data_team/venv/lib/python3.12/site-packages/airflow/example_dags/example_setup_teardown_taskflow.py for tasks to queue
[2026-01-04T12:42:50.824+0000] {logging_mixin.py:190} INFO - [2026-01-04T12:42:50.824+0000] {dagbag.py:588} INFO - Filling up the DagBag from /workspaces/f1_data_team/venv/lib/python3.12/site-packages/airflow/example_dags/example_setup_teardown_taskflow.py
[2026-01-04T12:42:50.832+0000] {processor.py:925} INFO - DAG(s) 'example_setup_teardown_taskflow' retrieved from /workspaces/f1_data_team/venv/lib/python3.12/site-packages/airflow/example_dags/example_setup_teardown_taskflow.py
[2026-01-04T12:42:50.852+0000] {logging_mixin.py:190} INFO - [2026-01-04T12:42:50.851+0000] {dag.py:3239} INFO - Sync 1 DAGs
[2026-01-04T12:42:50.861+0000] {logging_mixin.py:190} INFO - [2026-01-04T12:42:50.861+0000] {dag.py:4180} INFO - Setting next_dagrun for example_setup_teardown_taskflow to None, run_after=None
[2026-01-04T12:42:50.878+0000] {processor.py:208} INFO - Processing /workspaces/f1_data_team/venv/lib/python3.12/site-packages/airflow/example_dags/example_setup_teardown_taskflow.py took 0.061 seconds
[2026-01-04T12:43:47.614+0000] {processor.py:186} INFO - Started process (PID=37729) to work on /workspaces/f1_data_team/venv/lib/python3.12/site-packages/airflow/example_dags/example_setup_teardown_taskflow.py
[2026-01-04T12:43:47.615+0000] {processor.py:914} INFO - Processing file /workspaces/f1_data_team/venv/lib/python3.12/site-packages/airflow/example_dags/example_setup_teardown_taskflow.py for tasks to queue
[2026-01-04T12:43:47.617+0000] {logging_mixin.py:190} INFO - [2026-01-04T12:43:47.616+0000] {dagbag.py:588} INFO - Filling up the DagBag from /workspaces/f1_data_team/venv/lib/python3.12/site-packages/airflow/example_dags/example_setup_teardown_taskflow.py
[2026-01-04T12:43:47.625+0000] {processor.py:925} INFO - DAG(s) 'example_setup_teardown_taskflow' retrieved from /workspaces/f1_data_team/venv/lib/python3.12/site-packages/airflow/example_dags/example_setup_teardown_taskflow.py
[2026-01-04T12:43:47.639+0000] {logging_mixin.py:190} INFO - [2026-01-04T12:43:47.638+0000] {dag.py:3239} INFO - Sync 1 DAGs
[2026-01-04T12:43:47.648+0000] {logging_mixin.py:190} INFO - [2026-01-04T12:43:47.648+0000] {dag.py:4180} INFO - Setting next_dagrun for example_setup_teardown_taskflow to None, run_after=None
[2026-01-04T12:43:47.663+0000] {processor.py:208} INFO - Processing /workspaces/f1_data_team/venv/lib/python3.12/site-packages/airflow/example_dags/example_setup_teardown_taskflow.py took 0.053 seconds
[2026-01-04T12:44:47.421+0000] {processor.py:186} INFO - Started process (PID=38579) to work on /workspaces/f1_data_team/venv/lib/python3.12/site-packages/airflow/example_dags/example_setup_teardown_taskflow.py
[2026-01-04T12:44:47.422+0000] {processor.py:914} INFO - Processing file /workspaces/f1_data_team/venv/lib/python3.12/site-packages/airflow/example_dags/example_setup_teardown_taskflow.py for tasks to queue
[2026-01-04T12:44:47.424+0000] {logging_mixin.py:190} INFO - [2026-01-04T12:44:47.424+0000] {dagbag.py:588} INFO - Filling up the DagBag from /workspaces/f1_data_team/venv/lib/python3.12/site-packages/airflow/example_dags/example_setup_teardown_taskflow.py
[2026-01-04T12:44:47.433+0000] {processor.py:925} INFO - DAG(s) 'example_setup_teardown_taskflow' retrieved from /workspaces/f1_data_team/venv/lib/python3.12/site-packages/airflow/example_dags/example_setup_teardown_taskflow.py
[2026-01-04T12:44:47.446+0000] {logging_mixin.py:190} INFO - [2026-01-04T12:44:47.446+0000] {dag.py:3239} INFO - Sync 1 DAGs
[2026-01-04T12:44:47.457+0000] {logging_mixin.py:190} INFO - [2026-01-04T12:44:47.457+0000] {dag.py:4180} INFO - Setting next_dagrun for example_setup_teardown_taskflow to None, run_after=None
[2026-01-04T12:44:47.472+0000] {processor.py:208} INFO - Processing /workspaces/f1_data_team/venv/lib/python3.12/site-packages/airflow/example_dags/example_setup_teardown_taskflow.py took 0.055 seconds
[2026-01-04T12:45:52.253+0000] {processor.py:186} INFO - Started process (PID=39574) to work on /workspaces/f1_data_team/venv/lib/python3.12/site-packages/airflow/example_dags/example_setup_teardown_taskflow.py
[2026-01-04T12:45:52.254+0000] {processor.py:914} INFO - Processing file /workspaces/f1_data_team/venv/lib/python3.12/site-packages/airflow/example_dags/example_setup_teardown_taskflow.py for tasks to queue
[2026-01-04T12:45:52.255+0000] {logging_mixin.py:190} INFO - [2026-01-04T12:45:52.255+0000] {dagbag.py:588} INFO - Filling up the DagBag from /workspaces/f1_data_team/venv/lib/python3.12/site-packages/airflow/example_dags/example_setup_teardown_taskflow.py
[2026-01-04T12:45:52.264+0000] {processor.py:925} INFO - DAG(s) 'example_setup_teardown_taskflow' retrieved from /workspaces/f1_data_team/venv/lib/python3.12/site-packages/airflow/example_dags/example_setup_teardown_taskflow.py
[2026-01-04T12:45:52.278+0000] {logging_mixin.py:190} INFO - [2026-01-04T12:45:52.277+0000] {dag.py:3239} INFO - Sync 1 DAGs
[2026-01-04T12:45:52.287+0000] {logging_mixin.py:190} INFO - [2026-01-04T12:45:52.287+0000] {dag.py:4180} INFO - Setting next_dagrun for example_setup_teardown_taskflow to None, run_after=None
[2026-01-04T12:45:52.301+0000] {processor.py:208} INFO - Processing /workspaces/f1_data_team/venv/lib/python3.12/site-packages/airflow/example_dags/example_setup_teardown_taskflow.py took 0.054 seconds
[2026-01-04T12:46:43.071+0000] {processor.py:186} INFO - Started process (PID=40116) to work on /workspaces/f1_data_team/venv/lib/python3.12/site-packages/airflow/example_dags/example_setup_teardown_taskflow.py
[2026-01-04T12:46:43.072+0000] {processor.py:914} INFO - Processing file /workspaces/f1_data_team/venv/lib/python3.12/site-packages/airflow/example_dags/example_setup_teardown_taskflow.py for tasks to queue
[2026-01-04T12:46:43.073+0000] {logging_mixin.py:190} INFO - [2026-01-04T12:46:43.073+0000] {dagbag.py:588} INFO - Filling up the DagBag from /workspaces/f1_data_team/venv/lib/python3.12/site-packages/airflow/example_dags/example_setup_teardown_taskflow.py
[2026-01-04T12:46:43.083+0000] {processor.py:925} INFO - DAG(s) 'example_setup_teardown_taskflow' retrieved from /workspaces/f1_data_team/venv/lib/python3.12/site-packages/airflow/example_dags/example_setup_teardown_taskflow.py
[2026-01-04T12:46:43.096+0000] {logging_mixin.py:190} INFO - [2026-01-04T12:46:43.096+0000] {dag.py:3239} INFO - Sync 1 DAGs
[2026-01-04T12:46:43.106+0000] {logging_mixin.py:190} INFO - [2026-01-04T12:46:43.106+0000] {dag.py:4180} INFO - Setting next_dagrun for example_setup_teardown_taskflow to None, run_after=None
[2026-01-04T12:46:43.122+0000] {processor.py:208} INFO - Processing /workspaces/f1_data_team/venv/lib/python3.12/site-packages/airflow/example_dags/example_setup_teardown_taskflow.py took 0.056 seconds
[2026-01-04T12:47:33.739+0000] {processor.py:186} INFO - Started process (PID=40612) to work on /workspaces/f1_data_team/venv/lib/python3.12/site-packages/airflow/example_dags/example_setup_teardown_taskflow.py
[2026-01-04T12:47:33.740+0000] {processor.py:914} INFO - Processing file /workspaces/f1_data_team/venv/lib/python3.12/site-packages/airflow/example_dags/example_setup_teardown_taskflow.py for tasks to queue
[2026-01-04T12:47:33.742+0000] {logging_mixin.py:190} INFO - [2026-01-04T12:47:33.742+0000] {dagbag.py:588} INFO - Filling up the DagBag from /workspaces/f1_data_team/venv/lib/python3.12/site-packages/airflow/example_dags/example_setup_teardown_taskflow.py
[2026-01-04T12:47:33.751+0000] {processor.py:925} INFO - DAG(s) 'example_setup_teardown_taskflow' retrieved from /workspaces/f1_data_team/venv/lib/python3.12/site-packages/airflow/example_dags/example_setup_teardown_taskflow.py
[2026-01-04T12:47:33.765+0000] {logging_mixin.py:190} INFO - [2026-01-04T12:47:33.765+0000] {dag.py:3239} INFO - Sync 1 DAGs
[2026-01-04T12:47:33.775+0000] {logging_mixin.py:190} INFO - [2026-01-04T12:47:33.775+0000] {dag.py:4180} INFO - Setting next_dagrun for example_setup_teardown_taskflow to None, run_after=None
[2026-01-04T12:47:33.791+0000] {processor.py:208} INFO - Processing /workspaces/f1_data_team/venv/lib/python3.12/site-packages/airflow/example_dags/example_setup_teardown_taskflow.py took 0.057 seconds
[2026-01-04T12:49:06.274+0000] {processor.py:186} INFO - Started process (PID=42005) to work on /workspaces/f1_data_team/venv/lib/python3.12/site-packages/airflow/example_dags/example_setup_teardown_taskflow.py
[2026-01-04T12:49:06.275+0000] {processor.py:914} INFO - Processing file /workspaces/f1_data_team/venv/lib/python3.12/site-packages/airflow/example_dags/example_setup_teardown_taskflow.py for tasks to queue
[2026-01-04T12:49:06.277+0000] {logging_mixin.py:190} INFO - [2026-01-04T12:49:06.277+0000] {dagbag.py:588} INFO - Filling up the DagBag from /workspaces/f1_data_team/venv/lib/python3.12/site-packages/airflow/example_dags/example_setup_teardown_taskflow.py
[2026-01-04T12:49:06.286+0000] {processor.py:925} INFO - DAG(s) 'example_setup_teardown_taskflow' retrieved from /workspaces/f1_data_team/venv/lib/python3.12/site-packages/airflow/example_dags/example_setup_teardown_taskflow.py
[2026-01-04T12:49:06.302+0000] {logging_mixin.py:190} INFO - [2026-01-04T12:49:06.301+0000] {dag.py:3239} INFO - Sync 1 DAGs
[2026-01-04T12:49:06.311+0000] {logging_mixin.py:190} INFO - [2026-01-04T12:49:06.311+0000] {dag.py:4180} INFO - Setting next_dagrun for example_setup_teardown_taskflow to None, run_after=None
[2026-01-04T12:49:06.326+0000] {processor.py:208} INFO - Processing /workspaces/f1_data_team/venv/lib/python3.12/site-packages/airflow/example_dags/example_setup_teardown_taskflow.py took 0.056 seconds
[2026-01-04T12:50:03.020+0000] {processor.py:186} INFO - Started process (PID=42645) to work on /workspaces/f1_data_team/venv/lib/python3.12/site-packages/airflow/example_dags/example_setup_teardown_taskflow.py
[2026-01-04T12:50:03.020+0000] {processor.py:914} INFO - Processing file /workspaces/f1_data_team/venv/lib/python3.12/site-packages/airflow/example_dags/example_setup_teardown_taskflow.py for tasks to queue
[2026-01-04T12:50:03.022+0000] {logging_mixin.py:190} INFO - [2026-01-04T12:50:03.022+0000] {dagbag.py:588} INFO - Filling up the DagBag from /workspaces/f1_data_team/venv/lib/python3.12/site-packages/airflow/example_dags/example_setup_teardown_taskflow.py
[2026-01-04T12:50:03.031+0000] {processor.py:925} INFO - DAG(s) 'example_setup_teardown_taskflow' retrieved from /workspaces/f1_data_team/venv/lib/python3.12/site-packages/airflow/example_dags/example_setup_teardown_taskflow.py
[2026-01-04T12:50:03.045+0000] {logging_mixin.py:190} INFO - [2026-01-04T12:50:03.045+0000] {dag.py:3239} INFO - Sync 1 DAGs
[2026-01-04T12:50:03.054+0000] {logging_mixin.py:190} INFO - [2026-01-04T12:50:03.054+0000] {dag.py:4180} INFO - Setting next_dagrun for example_setup_teardown_taskflow to None, run_after=None
[2026-01-04T12:50:03.069+0000] {processor.py:208} INFO - Processing /workspaces/f1_data_team/venv/lib/python3.12/site-packages/airflow/example_dags/example_setup_teardown_taskflow.py took 0.054 seconds
[2026-01-04T12:51:40.239+0000] {processor.py:186} INFO - Started process (PID=44100) to work on /workspaces/f1_data_team/venv/lib/python3.12/site-packages/airflow/example_dags/example_setup_teardown_taskflow.py
[2026-01-04T12:51:40.239+0000] {processor.py:914} INFO - Processing file /workspaces/f1_data_team/venv/lib/python3.12/site-packages/airflow/example_dags/example_setup_teardown_taskflow.py for tasks to queue
[2026-01-04T12:51:40.241+0000] {logging_mixin.py:190} INFO - [2026-01-04T12:51:40.241+0000] {dagbag.py:588} INFO - Filling up the DagBag from /workspaces/f1_data_team/venv/lib/python3.12/site-packages/airflow/example_dags/example_setup_teardown_taskflow.py
[2026-01-04T12:51:40.250+0000] {processor.py:925} INFO - DAG(s) 'example_setup_teardown_taskflow' retrieved from /workspaces/f1_data_team/venv/lib/python3.12/site-packages/airflow/example_dags/example_setup_teardown_taskflow.py
[2026-01-04T12:51:40.265+0000] {logging_mixin.py:190} INFO - [2026-01-04T12:51:40.264+0000] {dag.py:3239} INFO - Sync 1 DAGs
[2026-01-04T12:51:40.274+0000] {logging_mixin.py:190} INFO - [2026-01-04T12:51:40.274+0000] {dag.py:4180} INFO - Setting next_dagrun for example_setup_teardown_taskflow to None, run_after=None
[2026-01-04T12:51:40.292+0000] {processor.py:208} INFO - Processing /workspaces/f1_data_team/venv/lib/python3.12/site-packages/airflow/example_dags/example_setup_teardown_taskflow.py took 0.058 seconds
[2026-01-04T12:52:38.483+0000] {processor.py:186} INFO - Started process (PID=45037) to work on /workspaces/f1_data_team/venv/lib/python3.12/site-packages/airflow/example_dags/example_setup_teardown_taskflow.py
[2026-01-04T12:52:38.484+0000] {processor.py:914} INFO - Processing file /workspaces/f1_data_team/venv/lib/python3.12/site-packages/airflow/example_dags/example_setup_teardown_taskflow.py for tasks to queue
[2026-01-04T12:52:38.486+0000] {logging_mixin.py:190} INFO - [2026-01-04T12:52:38.485+0000] {dagbag.py:588} INFO - Filling up the DagBag from /workspaces/f1_data_team/venv/lib/python3.12/site-packages/airflow/example_dags/example_setup_teardown_taskflow.py
[2026-01-04T12:52:38.498+0000] {processor.py:925} INFO - DAG(s) 'example_setup_teardown_taskflow' retrieved from /workspaces/f1_data_team/venv/lib/python3.12/site-packages/airflow/example_dags/example_setup_teardown_taskflow.py
[2026-01-04T12:52:38.511+0000] {logging_mixin.py:190} INFO - [2026-01-04T12:52:38.511+0000] {dag.py:3239} INFO - Sync 1 DAGs
[2026-01-04T12:52:38.521+0000] {logging_mixin.py:190} INFO - [2026-01-04T12:52:38.520+0000] {dag.py:4180} INFO - Setting next_dagrun for example_setup_teardown_taskflow to None, run_after=None
[2026-01-04T12:52:38.536+0000] {processor.py:208} INFO - Processing /workspaces/f1_data_team/venv/lib/python3.12/site-packages/airflow/example_dags/example_setup_teardown_taskflow.py took 0.057 seconds
[2026-01-04T12:53:35.308+0000] {processor.py:186} INFO - Started process (PID=45855) to work on /workspaces/f1_data_team/venv/lib/python3.12/site-packages/airflow/example_dags/example_setup_teardown_taskflow.py
[2026-01-04T12:53:35.309+0000] {processor.py:914} INFO - Processing file /workspaces/f1_data_team/venv/lib/python3.12/site-packages/airflow/example_dags/example_setup_teardown_taskflow.py for tasks to queue
[2026-01-04T12:53:35.311+0000] {logging_mixin.py:190} INFO - [2026-01-04T12:53:35.310+0000] {dagbag.py:588} INFO - Filling up the DagBag from /workspaces/f1_data_team/venv/lib/python3.12/site-packages/airflow/example_dags/example_setup_teardown_taskflow.py
[2026-01-04T12:53:35.319+0000] {processor.py:925} INFO - DAG(s) 'example_setup_teardown_taskflow' retrieved from /workspaces/f1_data_team/venv/lib/python3.12/site-packages/airflow/example_dags/example_setup_teardown_taskflow.py
[2026-01-04T12:53:35.333+0000] {logging_mixin.py:190} INFO - [2026-01-04T12:53:35.332+0000] {dag.py:3239} INFO - Sync 1 DAGs
[2026-01-04T12:53:35.342+0000] {logging_mixin.py:190} INFO - [2026-01-04T12:53:35.342+0000] {dag.py:4180} INFO - Setting next_dagrun for example_setup_teardown_taskflow to None, run_after=None
[2026-01-04T12:53:35.357+0000] {processor.py:208} INFO - Processing /workspaces/f1_data_team/venv/lib/python3.12/site-packages/airflow/example_dags/example_setup_teardown_taskflow.py took 0.054 seconds
[2026-01-04T12:54:32.986+0000] {processor.py:186} INFO - Started process (PID=46693) to work on /workspaces/f1_data_team/venv/lib/python3.12/site-packages/airflow/example_dags/example_setup_teardown_taskflow.py
[2026-01-04T12:54:32.986+0000] {processor.py:914} INFO - Processing file /workspaces/f1_data_team/venv/lib/python3.12/site-packages/airflow/example_dags/example_setup_teardown_taskflow.py for tasks to queue
[2026-01-04T12:54:32.988+0000] {logging_mixin.py:190} INFO - [2026-01-04T12:54:32.988+0000] {dagbag.py:588} INFO - Filling up the DagBag from /workspaces/f1_data_team/venv/lib/python3.12/site-packages/airflow/example_dags/example_setup_teardown_taskflow.py
[2026-01-04T12:54:32.997+0000] {processor.py:925} INFO - DAG(s) 'example_setup_teardown_taskflow' retrieved from /workspaces/f1_data_team/venv/lib/python3.12/site-packages/airflow/example_dags/example_setup_teardown_taskflow.py
[2026-01-04T12:54:33.010+0000] {logging_mixin.py:190} INFO - [2026-01-04T12:54:33.010+0000] {dag.py:3239} INFO - Sync 1 DAGs
[2026-01-04T12:54:33.020+0000] {logging_mixin.py:190} INFO - [2026-01-04T12:54:33.019+0000] {dag.py:4180} INFO - Setting next_dagrun for example_setup_teardown_taskflow to None, run_after=None
[2026-01-04T12:54:33.034+0000] {processor.py:208} INFO - Processing /workspaces/f1_data_team/venv/lib/python3.12/site-packages/airflow/example_dags/example_setup_teardown_taskflow.py took 0.053 seconds
[2026-01-04T12:55:35.710+0000] {processor.py:186} INFO - Started process (PID=47741) to work on /workspaces/f1_data_team/venv/lib/python3.12/site-packages/airflow/example_dags/example_setup_teardown_taskflow.py
[2026-01-04T12:55:35.711+0000] {processor.py:914} INFO - Processing file /workspaces/f1_data_team/venv/lib/python3.12/site-packages/airflow/example_dags/example_setup_teardown_taskflow.py for tasks to queue
[2026-01-04T12:55:35.713+0000] {logging_mixin.py:190} INFO - [2026-01-04T12:55:35.713+0000] {dagbag.py:588} INFO - Filling up the DagBag from /workspaces/f1_data_team/venv/lib/python3.12/site-packages/airflow/example_dags/example_setup_teardown_taskflow.py
[2026-01-04T12:55:35.722+0000] {processor.py:925} INFO - DAG(s) 'example_setup_teardown_taskflow' retrieved from /workspaces/f1_data_team/venv/lib/python3.12/site-packages/airflow/example_dags/example_setup_teardown_taskflow.py
[2026-01-04T12:55:35.735+0000] {logging_mixin.py:190} INFO - [2026-01-04T12:55:35.735+0000] {dag.py:3239} INFO - Sync 1 DAGs
[2026-01-04T12:55:35.749+0000] {logging_mixin.py:190} INFO - [2026-01-04T12:55:35.749+0000] {dag.py:4180} INFO - Setting next_dagrun for example_setup_teardown_taskflow to None, run_after=None
[2026-01-04T12:55:35.765+0000] {processor.py:208} INFO - Processing /workspaces/f1_data_team/venv/lib/python3.12/site-packages/airflow/example_dags/example_setup_teardown_taskflow.py took 0.059 seconds
[2026-01-04T12:56:30.986+0000] {processor.py:186} INFO - Started process (PID=48286) to work on /workspaces/f1_data_team/venv/lib/python3.12/site-packages/airflow/example_dags/example_setup_teardown_taskflow.py
[2026-01-04T12:56:30.987+0000] {processor.py:914} INFO - Processing file /workspaces/f1_data_team/venv/lib/python3.12/site-packages/airflow/example_dags/example_setup_teardown_taskflow.py for tasks to queue
[2026-01-04T12:56:30.989+0000] {logging_mixin.py:190} INFO - [2026-01-04T12:56:30.988+0000] {dagbag.py:588} INFO - Filling up the DagBag from /workspaces/f1_data_team/venv/lib/python3.12/site-packages/airflow/example_dags/example_setup_teardown_taskflow.py
[2026-01-04T12:56:30.997+0000] {processor.py:925} INFO - DAG(s) 'example_setup_teardown_taskflow' retrieved from /workspaces/f1_data_team/venv/lib/python3.12/site-packages/airflow/example_dags/example_setup_teardown_taskflow.py
[2026-01-04T12:56:31.011+0000] {logging_mixin.py:190} INFO - [2026-01-04T12:56:31.011+0000] {dag.py:3239} INFO - Sync 1 DAGs
[2026-01-04T12:56:31.021+0000] {logging_mixin.py:190} INFO - [2026-01-04T12:56:31.021+0000] {dag.py:4180} INFO - Setting next_dagrun for example_setup_teardown_taskflow to None, run_after=None
[2026-01-04T12:56:31.036+0000] {processor.py:208} INFO - Processing /workspaces/f1_data_team/venv/lib/python3.12/site-packages/airflow/example_dags/example_setup_teardown_taskflow.py took 0.055 seconds
[2026-01-04T12:57:22.403+0000] {processor.py:186} INFO - Started process (PID=48758) to work on /workspaces/f1_data_team/venv/lib/python3.12/site-packages/airflow/example_dags/example_setup_teardown_taskflow.py
[2026-01-04T12:57:22.404+0000] {processor.py:914} INFO - Processing file /workspaces/f1_data_team/venv/lib/python3.12/site-packages/airflow/example_dags/example_setup_teardown_taskflow.py for tasks to queue
[2026-01-04T12:57:22.406+0000] {logging_mixin.py:190} INFO - [2026-01-04T12:57:22.405+0000] {dagbag.py:588} INFO - Filling up the DagBag from /workspaces/f1_data_team/venv/lib/python3.12/site-packages/airflow/example_dags/example_setup_teardown_taskflow.py
[2026-01-04T12:57:22.414+0000] {processor.py:925} INFO - DAG(s) 'example_setup_teardown_taskflow' retrieved from /workspaces/f1_data_team/venv/lib/python3.12/site-packages/airflow/example_dags/example_setup_teardown_taskflow.py
[2026-01-04T12:57:22.428+0000] {logging_mixin.py:190} INFO - [2026-01-04T12:57:22.428+0000] {dag.py:3239} INFO - Sync 1 DAGs
[2026-01-04T12:57:22.438+0000] {logging_mixin.py:190} INFO - [2026-01-04T12:57:22.438+0000] {dag.py:4180} INFO - Setting next_dagrun for example_setup_teardown_taskflow to None, run_after=None
[2026-01-04T12:57:22.453+0000] {processor.py:208} INFO - Processing /workspaces/f1_data_team/venv/lib/python3.12/site-packages/airflow/example_dags/example_setup_teardown_taskflow.py took 0.055 seconds
[2026-01-04T12:58:13.764+0000] {processor.py:186} INFO - Started process (PID=49270) to work on /workspaces/f1_data_team/venv/lib/python3.12/site-packages/airflow/example_dags/example_setup_teardown_taskflow.py
[2026-01-04T12:58:13.764+0000] {processor.py:914} INFO - Processing file /workspaces/f1_data_team/venv/lib/python3.12/site-packages/airflow/example_dags/example_setup_teardown_taskflow.py for tasks to queue
[2026-01-04T12:58:13.766+0000] {logging_mixin.py:190} INFO - [2026-01-04T12:58:13.766+0000] {dagbag.py:588} INFO - Filling up the DagBag from /workspaces/f1_data_team/venv/lib/python3.12/site-packages/airflow/example_dags/example_setup_teardown_taskflow.py
[2026-01-04T12:58:13.775+0000] {processor.py:925} INFO - DAG(s) 'example_setup_teardown_taskflow' retrieved from /workspaces/f1_data_team/venv/lib/python3.12/site-packages/airflow/example_dags/example_setup_teardown_taskflow.py
[2026-01-04T12:58:13.789+0000] {logging_mixin.py:190} INFO - [2026-01-04T12:58:13.788+0000] {dag.py:3239} INFO - Sync 1 DAGs
[2026-01-04T12:58:13.798+0000] {logging_mixin.py:190} INFO - [2026-01-04T12:58:13.798+0000] {dag.py:4180} INFO - Setting next_dagrun for example_setup_teardown_taskflow to None, run_after=None
[2026-01-04T12:58:13.813+0000] {processor.py:208} INFO - Processing /workspaces/f1_data_team/venv/lib/python3.12/site-packages/airflow/example_dags/example_setup_teardown_taskflow.py took 0.054 seconds
[2026-01-04T12:59:07.553+0000] {processor.py:186} INFO - Started process (PID=49794) to work on /workspaces/f1_data_team/venv/lib/python3.12/site-packages/airflow/example_dags/example_setup_teardown_taskflow.py
[2026-01-04T12:59:07.554+0000] {processor.py:914} INFO - Processing file /workspaces/f1_data_team/venv/lib/python3.12/site-packages/airflow/example_dags/example_setup_teardown_taskflow.py for tasks to queue
[2026-01-04T12:59:07.559+0000] {logging_mixin.py:190} INFO - [2026-01-04T12:59:07.559+0000] {dagbag.py:588} INFO - Filling up the DagBag from /workspaces/f1_data_team/venv/lib/python3.12/site-packages/airflow/example_dags/example_setup_teardown_taskflow.py
[2026-01-04T12:59:07.582+0000] {processor.py:925} INFO - DAG(s) 'example_setup_teardown_taskflow' retrieved from /workspaces/f1_data_team/venv/lib/python3.12/site-packages/airflow/example_dags/example_setup_teardown_taskflow.py
[2026-01-04T12:59:07.607+0000] {logging_mixin.py:190} INFO - [2026-01-04T12:59:07.607+0000] {dag.py:3239} INFO - Sync 1 DAGs
[2026-01-04T12:59:07.617+0000] {logging_mixin.py:190} INFO - [2026-01-04T12:59:07.617+0000] {dag.py:4180} INFO - Setting next_dagrun for example_setup_teardown_taskflow to None, run_after=None
[2026-01-04T12:59:07.638+0000] {processor.py:208} INFO - Processing /workspaces/f1_data_team/venv/lib/python3.12/site-packages/airflow/example_dags/example_setup_teardown_taskflow.py took 0.095 seconds
[2026-01-04T13:00:02.750+0000] {processor.py:186} INFO - Started process (PID=50296) to work on /workspaces/f1_data_team/venv/lib/python3.12/site-packages/airflow/example_dags/example_setup_teardown_taskflow.py
[2026-01-04T13:00:02.751+0000] {processor.py:914} INFO - Processing file /workspaces/f1_data_team/venv/lib/python3.12/site-packages/airflow/example_dags/example_setup_teardown_taskflow.py for tasks to queue
[2026-01-04T13:00:02.753+0000] {logging_mixin.py:190} INFO - [2026-01-04T13:00:02.753+0000] {dagbag.py:588} INFO - Filling up the DagBag from /workspaces/f1_data_team/venv/lib/python3.12/site-packages/airflow/example_dags/example_setup_teardown_taskflow.py
[2026-01-04T13:00:02.762+0000] {processor.py:925} INFO - DAG(s) 'example_setup_teardown_taskflow' retrieved from /workspaces/f1_data_team/venv/lib/python3.12/site-packages/airflow/example_dags/example_setup_teardown_taskflow.py
[2026-01-04T13:00:02.776+0000] {logging_mixin.py:190} INFO - [2026-01-04T13:00:02.776+0000] {dag.py:3239} INFO - Sync 1 DAGs
[2026-01-04T13:00:02.786+0000] {logging_mixin.py:190} INFO - [2026-01-04T13:00:02.786+0000] {dag.py:4180} INFO - Setting next_dagrun for example_setup_teardown_taskflow to None, run_after=None
[2026-01-04T13:00:02.801+0000] {processor.py:208} INFO - Processing /workspaces/f1_data_team/venv/lib/python3.12/site-packages/airflow/example_dags/example_setup_teardown_taskflow.py took 0.056 seconds
[2026-01-04T13:00:57.966+0000] {processor.py:186} INFO - Started process (PID=50914) to work on /workspaces/f1_data_team/venv/lib/python3.12/site-packages/airflow/example_dags/example_setup_teardown_taskflow.py
[2026-01-04T13:00:57.967+0000] {processor.py:914} INFO - Processing file /workspaces/f1_data_team/venv/lib/python3.12/site-packages/airflow/example_dags/example_setup_teardown_taskflow.py for tasks to queue
[2026-01-04T13:00:57.969+0000] {logging_mixin.py:190} INFO - [2026-01-04T13:00:57.969+0000] {dagbag.py:588} INFO - Filling up the DagBag from /workspaces/f1_data_team/venv/lib/python3.12/site-packages/airflow/example_dags/example_setup_teardown_taskflow.py
[2026-01-04T13:00:57.977+0000] {processor.py:925} INFO - DAG(s) 'example_setup_teardown_taskflow' retrieved from /workspaces/f1_data_team/venv/lib/python3.12/site-packages/airflow/example_dags/example_setup_teardown_taskflow.py
[2026-01-04T13:00:57.991+0000] {logging_mixin.py:190} INFO - [2026-01-04T13:00:57.990+0000] {dag.py:3239} INFO - Sync 1 DAGs
[2026-01-04T13:00:58.000+0000] {logging_mixin.py:190} INFO - [2026-01-04T13:00:58.000+0000] {dag.py:4180} INFO - Setting next_dagrun for example_setup_teardown_taskflow to None, run_after=None
[2026-01-04T13:00:58.014+0000] {processor.py:208} INFO - Processing /workspaces/f1_data_team/venv/lib/python3.12/site-packages/airflow/example_dags/example_setup_teardown_taskflow.py took 0.053 seconds
