[2026-01-04T12:26:48.160+0000] {processor.py:186} INFO - Started process (PID=24539) to work on /workspaces/f1_data_team/venv/lib/python3.12/site-packages/airflow/example_dags/example_trigger_controller_dag.py
[2026-01-04T12:26:48.161+0000] {processor.py:914} INFO - Processing file /workspaces/f1_data_team/venv/lib/python3.12/site-packages/airflow/example_dags/example_trigger_controller_dag.py for tasks to queue
[2026-01-04T12:26:48.163+0000] {logging_mixin.py:190} INFO - [2026-01-04T12:26:48.162+0000] {dagbag.py:588} INFO - Filling up the DagBag from /workspaces/f1_data_team/venv/lib/python3.12/site-packages/airflow/example_dags/example_trigger_controller_dag.py
[2026-01-04T12:26:48.168+0000] {processor.py:925} INFO - DAG(s) 'example_trigger_controller_dag' retrieved from /workspaces/f1_data_team/venv/lib/python3.12/site-packages/airflow/example_dags/example_trigger_controller_dag.py
[2026-01-04T12:26:48.246+0000] {logging_mixin.py:190} INFO - [2026-01-04T12:26:48.245+0000] {override.py:1911} INFO - Created Permission View: can read on DAG:example_trigger_controller_dag
[2026-01-04T12:26:48.253+0000] {logging_mixin.py:190} INFO - [2026-01-04T12:26:48.253+0000] {override.py:1911} INFO - Created Permission View: can edit on DAG:example_trigger_controller_dag
[2026-01-04T12:26:48.259+0000] {logging_mixin.py:190} INFO - [2026-01-04T12:26:48.259+0000] {override.py:1911} INFO - Created Permission View: can delete on DAG:example_trigger_controller_dag
[2026-01-04T12:26:48.267+0000] {logging_mixin.py:190} INFO - [2026-01-04T12:26:48.266+0000] {override.py:1911} INFO - Created Permission View: can read on DAG Run:example_trigger_controller_dag
[2026-01-04T12:26:48.272+0000] {logging_mixin.py:190} INFO - [2026-01-04T12:26:48.271+0000] {override.py:1911} INFO - Created Permission View: menu access on DAG Run:example_trigger_controller_dag
[2026-01-04T12:26:48.277+0000] {logging_mixin.py:190} INFO - [2026-01-04T12:26:48.276+0000] {override.py:1911} INFO - Created Permission View: can create on DAG Run:example_trigger_controller_dag
[2026-01-04T12:26:48.282+0000] {logging_mixin.py:190} INFO - [2026-01-04T12:26:48.281+0000] {override.py:1911} INFO - Created Permission View: can delete on DAG Run:example_trigger_controller_dag
[2026-01-04T12:26:48.282+0000] {logging_mixin.py:190} INFO - [2026-01-04T12:26:48.282+0000] {dag.py:3239} INFO - Sync 1 DAGs
[2026-01-04T12:26:48.290+0000] {logging_mixin.py:190} INFO - [2026-01-04T12:26:48.290+0000] {dag.py:3262} INFO - Creating ORM DAG for example_trigger_controller_dag
[2026-01-04T12:26:48.296+0000] {logging_mixin.py:190} INFO - [2026-01-04T12:26:48.296+0000] {dag.py:4180} INFO - Setting next_dagrun for example_trigger_controller_dag to 2021-01-01 00:00:00+00:00, run_after=2021-01-01 00:00:00+00:00
[2026-01-04T12:26:48.309+0000] {processor.py:208} INFO - Processing /workspaces/f1_data_team/venv/lib/python3.12/site-packages/airflow/example_dags/example_trigger_controller_dag.py took 0.153 seconds
[2026-01-04T12:27:50.276+0000] {processor.py:186} INFO - Started process (PID=25113) to work on /workspaces/f1_data_team/venv/lib/python3.12/site-packages/airflow/example_dags/example_trigger_controller_dag.py
[2026-01-04T12:27:50.277+0000] {processor.py:914} INFO - Processing file /workspaces/f1_data_team/venv/lib/python3.12/site-packages/airflow/example_dags/example_trigger_controller_dag.py for tasks to queue
[2026-01-04T12:27:50.279+0000] {logging_mixin.py:190} INFO - [2026-01-04T12:27:50.278+0000] {dagbag.py:588} INFO - Filling up the DagBag from /workspaces/f1_data_team/venv/lib/python3.12/site-packages/airflow/example_dags/example_trigger_controller_dag.py
[2026-01-04T12:27:50.284+0000] {processor.py:925} INFO - DAG(s) 'example_trigger_controller_dag' retrieved from /workspaces/f1_data_team/venv/lib/python3.12/site-packages/airflow/example_dags/example_trigger_controller_dag.py
[2026-01-04T12:27:50.295+0000] {logging_mixin.py:190} INFO - [2026-01-04T12:27:50.295+0000] {dag.py:3239} INFO - Sync 1 DAGs
[2026-01-04T12:27:50.310+0000] {logging_mixin.py:190} INFO - [2026-01-04T12:27:50.310+0000] {dag.py:4180} INFO - Setting next_dagrun for example_trigger_controller_dag to 2021-01-01 00:00:00+00:00, run_after=2021-01-01 00:00:00+00:00
[2026-01-04T12:27:50.324+0000] {processor.py:208} INFO - Processing /workspaces/f1_data_team/venv/lib/python3.12/site-packages/airflow/example_dags/example_trigger_controller_dag.py took 0.054 seconds
[2026-01-04T12:28:46.978+0000] {processor.py:186} INFO - Started process (PID=25617) to work on /workspaces/f1_data_team/venv/lib/python3.12/site-packages/airflow/example_dags/example_trigger_controller_dag.py
[2026-01-04T12:28:46.979+0000] {processor.py:914} INFO - Processing file /workspaces/f1_data_team/venv/lib/python3.12/site-packages/airflow/example_dags/example_trigger_controller_dag.py for tasks to queue
[2026-01-04T12:28:46.981+0000] {logging_mixin.py:190} INFO - [2026-01-04T12:28:46.981+0000] {dagbag.py:588} INFO - Filling up the DagBag from /workspaces/f1_data_team/venv/lib/python3.12/site-packages/airflow/example_dags/example_trigger_controller_dag.py
[2026-01-04T12:28:46.986+0000] {processor.py:925} INFO - DAG(s) 'example_trigger_controller_dag' retrieved from /workspaces/f1_data_team/venv/lib/python3.12/site-packages/airflow/example_dags/example_trigger_controller_dag.py
[2026-01-04T12:28:46.997+0000] {logging_mixin.py:190} INFO - [2026-01-04T12:28:46.997+0000] {dag.py:3239} INFO - Sync 1 DAGs
[2026-01-04T12:28:47.012+0000] {logging_mixin.py:190} INFO - [2026-01-04T12:28:47.011+0000] {dag.py:4180} INFO - Setting next_dagrun for example_trigger_controller_dag to 2021-01-01 00:00:00+00:00, run_after=2021-01-01 00:00:00+00:00
[2026-01-04T12:28:47.030+0000] {processor.py:208} INFO - Processing /workspaces/f1_data_team/venv/lib/python3.12/site-packages/airflow/example_dags/example_trigger_controller_dag.py took 0.056 seconds
[2026-01-04T12:29:45.674+0000] {processor.py:186} INFO - Started process (PID=26883) to work on /workspaces/f1_data_team/venv/lib/python3.12/site-packages/airflow/example_dags/example_trigger_controller_dag.py
[2026-01-04T12:29:45.674+0000] {processor.py:914} INFO - Processing file /workspaces/f1_data_team/venv/lib/python3.12/site-packages/airflow/example_dags/example_trigger_controller_dag.py for tasks to queue
[2026-01-04T12:29:45.676+0000] {logging_mixin.py:190} INFO - [2026-01-04T12:29:45.676+0000] {dagbag.py:588} INFO - Filling up the DagBag from /workspaces/f1_data_team/venv/lib/python3.12/site-packages/airflow/example_dags/example_trigger_controller_dag.py
[2026-01-04T12:29:45.682+0000] {processor.py:925} INFO - DAG(s) 'example_trigger_controller_dag' retrieved from /workspaces/f1_data_team/venv/lib/python3.12/site-packages/airflow/example_dags/example_trigger_controller_dag.py
[2026-01-04T12:29:45.693+0000] {logging_mixin.py:190} INFO - [2026-01-04T12:29:45.692+0000] {dag.py:3239} INFO - Sync 1 DAGs
[2026-01-04T12:29:45.707+0000] {logging_mixin.py:190} INFO - [2026-01-04T12:29:45.707+0000] {dag.py:4180} INFO - Setting next_dagrun for example_trigger_controller_dag to 2021-01-01 00:00:00+00:00, run_after=2021-01-01 00:00:00+00:00
[2026-01-04T12:29:45.721+0000] {processor.py:208} INFO - Processing /workspaces/f1_data_team/venv/lib/python3.12/site-packages/airflow/example_dags/example_trigger_controller_dag.py took 0.055 seconds
[2026-01-04T12:30:28.480+0000] {processor.py:186} INFO - Started process (PID=27524) to work on /workspaces/f1_data_team/venv/lib/python3.12/site-packages/airflow/example_dags/example_trigger_controller_dag.py
[2026-01-04T12:30:28.481+0000] {processor.py:914} INFO - Processing file /workspaces/f1_data_team/venv/lib/python3.12/site-packages/airflow/example_dags/example_trigger_controller_dag.py for tasks to queue
[2026-01-04T12:30:28.483+0000] {logging_mixin.py:190} INFO - [2026-01-04T12:30:28.483+0000] {dagbag.py:588} INFO - Filling up the DagBag from /workspaces/f1_data_team/venv/lib/python3.12/site-packages/airflow/example_dags/example_trigger_controller_dag.py
[2026-01-04T12:30:28.488+0000] {processor.py:925} INFO - DAG(s) 'example_trigger_controller_dag' retrieved from /workspaces/f1_data_team/venv/lib/python3.12/site-packages/airflow/example_dags/example_trigger_controller_dag.py
[2026-01-04T12:30:28.505+0000] {logging_mixin.py:190} INFO - [2026-01-04T12:30:28.504+0000] {dag.py:3239} INFO - Sync 1 DAGs
[2026-01-04T12:30:28.528+0000] {logging_mixin.py:190} INFO - [2026-01-04T12:30:28.528+0000] {dag.py:4180} INFO - Setting next_dagrun for example_trigger_controller_dag to 2021-01-01 00:00:00+00:00, run_after=2021-01-01 00:00:00+00:00
[2026-01-04T12:30:28.550+0000] {processor.py:208} INFO - Processing /workspaces/f1_data_team/venv/lib/python3.12/site-packages/airflow/example_dags/example_trigger_controller_dag.py took 0.074 seconds
[2026-01-04T12:31:27.752+0000] {processor.py:186} INFO - Started process (PID=28571) to work on /workspaces/f1_data_team/venv/lib/python3.12/site-packages/airflow/example_dags/example_trigger_controller_dag.py
[2026-01-04T12:31:27.753+0000] {processor.py:914} INFO - Processing file /workspaces/f1_data_team/venv/lib/python3.12/site-packages/airflow/example_dags/example_trigger_controller_dag.py for tasks to queue
[2026-01-04T12:31:27.755+0000] {logging_mixin.py:190} INFO - [2026-01-04T12:31:27.755+0000] {dagbag.py:588} INFO - Filling up the DagBag from /workspaces/f1_data_team/venv/lib/python3.12/site-packages/airflow/example_dags/example_trigger_controller_dag.py
[2026-01-04T12:31:27.760+0000] {processor.py:925} INFO - DAG(s) 'example_trigger_controller_dag' retrieved from /workspaces/f1_data_team/venv/lib/python3.12/site-packages/airflow/example_dags/example_trigger_controller_dag.py
[2026-01-04T12:31:27.771+0000] {logging_mixin.py:190} INFO - [2026-01-04T12:31:27.771+0000] {dag.py:3239} INFO - Sync 1 DAGs
[2026-01-04T12:31:27.787+0000] {logging_mixin.py:190} INFO - [2026-01-04T12:31:27.786+0000] {dag.py:4180} INFO - Setting next_dagrun for example_trigger_controller_dag to 2021-01-01 00:00:00+00:00, run_after=2021-01-01 00:00:00+00:00
[2026-01-04T12:31:27.800+0000] {processor.py:208} INFO - Processing /workspaces/f1_data_team/venv/lib/python3.12/site-packages/airflow/example_dags/example_trigger_controller_dag.py took 0.053 seconds
[2026-01-04T12:32:35.491+0000] {processor.py:186} INFO - Started process (PID=29645) to work on /workspaces/f1_data_team/venv/lib/python3.12/site-packages/airflow/example_dags/example_trigger_controller_dag.py
[2026-01-04T12:32:35.491+0000] {processor.py:914} INFO - Processing file /workspaces/f1_data_team/venv/lib/python3.12/site-packages/airflow/example_dags/example_trigger_controller_dag.py for tasks to queue
[2026-01-04T12:32:35.494+0000] {logging_mixin.py:190} INFO - [2026-01-04T12:32:35.493+0000] {dagbag.py:588} INFO - Filling up the DagBag from /workspaces/f1_data_team/venv/lib/python3.12/site-packages/airflow/example_dags/example_trigger_controller_dag.py
[2026-01-04T12:32:35.499+0000] {processor.py:925} INFO - DAG(s) 'example_trigger_controller_dag' retrieved from /workspaces/f1_data_team/venv/lib/python3.12/site-packages/airflow/example_dags/example_trigger_controller_dag.py
[2026-01-04T12:32:35.513+0000] {logging_mixin.py:190} INFO - [2026-01-04T12:32:35.513+0000] {dag.py:3239} INFO - Sync 1 DAGs
[2026-01-04T12:32:35.527+0000] {logging_mixin.py:190} INFO - [2026-01-04T12:32:35.527+0000] {dag.py:4180} INFO - Setting next_dagrun for example_trigger_controller_dag to 2021-01-01 00:00:00+00:00, run_after=2021-01-01 00:00:00+00:00
[2026-01-04T12:32:35.545+0000] {processor.py:208} INFO - Processing /workspaces/f1_data_team/venv/lib/python3.12/site-packages/airflow/example_dags/example_trigger_controller_dag.py took 0.059 seconds
[2026-01-04T12:33:35.610+0000] {processor.py:186} INFO - Started process (PID=30612) to work on /workspaces/f1_data_team/venv/lib/python3.12/site-packages/airflow/example_dags/example_trigger_controller_dag.py
[2026-01-04T12:33:35.611+0000] {processor.py:914} INFO - Processing file /workspaces/f1_data_team/venv/lib/python3.12/site-packages/airflow/example_dags/example_trigger_controller_dag.py for tasks to queue
[2026-01-04T12:33:35.613+0000] {logging_mixin.py:190} INFO - [2026-01-04T12:33:35.613+0000] {dagbag.py:588} INFO - Filling up the DagBag from /workspaces/f1_data_team/venv/lib/python3.12/site-packages/airflow/example_dags/example_trigger_controller_dag.py
[2026-01-04T12:33:35.619+0000] {processor.py:925} INFO - DAG(s) 'example_trigger_controller_dag' retrieved from /workspaces/f1_data_team/venv/lib/python3.12/site-packages/airflow/example_dags/example_trigger_controller_dag.py
[2026-01-04T12:33:35.631+0000] {logging_mixin.py:190} INFO - [2026-01-04T12:33:35.630+0000] {dag.py:3239} INFO - Sync 1 DAGs
[2026-01-04T12:33:35.645+0000] {logging_mixin.py:190} INFO - [2026-01-04T12:33:35.645+0000] {dag.py:4180} INFO - Setting next_dagrun for example_trigger_controller_dag to 2021-01-01 00:00:00+00:00, run_after=2021-01-01 00:00:00+00:00
[2026-01-04T12:33:35.659+0000] {processor.py:208} INFO - Processing /workspaces/f1_data_team/venv/lib/python3.12/site-packages/airflow/example_dags/example_trigger_controller_dag.py took 0.054 seconds
[2026-01-04T12:34:32.306+0000] {processor.py:186} INFO - Started process (PID=31103) to work on /workspaces/f1_data_team/venv/lib/python3.12/site-packages/airflow/example_dags/example_trigger_controller_dag.py
[2026-01-04T12:34:32.307+0000] {processor.py:914} INFO - Processing file /workspaces/f1_data_team/venv/lib/python3.12/site-packages/airflow/example_dags/example_trigger_controller_dag.py for tasks to queue
[2026-01-04T12:34:32.309+0000] {logging_mixin.py:190} INFO - [2026-01-04T12:34:32.308+0000] {dagbag.py:588} INFO - Filling up the DagBag from /workspaces/f1_data_team/venv/lib/python3.12/site-packages/airflow/example_dags/example_trigger_controller_dag.py
[2026-01-04T12:34:32.314+0000] {processor.py:925} INFO - DAG(s) 'example_trigger_controller_dag' retrieved from /workspaces/f1_data_team/venv/lib/python3.12/site-packages/airflow/example_dags/example_trigger_controller_dag.py
[2026-01-04T12:34:32.326+0000] {logging_mixin.py:190} INFO - [2026-01-04T12:34:32.326+0000] {dag.py:3239} INFO - Sync 1 DAGs
[2026-01-04T12:34:32.342+0000] {logging_mixin.py:190} INFO - [2026-01-04T12:34:32.342+0000] {dag.py:4180} INFO - Setting next_dagrun for example_trigger_controller_dag to 2021-01-01 00:00:00+00:00, run_after=2021-01-01 00:00:00+00:00
[2026-01-04T12:34:32.356+0000] {processor.py:208} INFO - Processing /workspaces/f1_data_team/venv/lib/python3.12/site-packages/airflow/example_dags/example_trigger_controller_dag.py took 0.055 seconds
[2026-01-04T12:35:21.785+0000] {processor.py:186} INFO - Started process (PID=31618) to work on /workspaces/f1_data_team/venv/lib/python3.12/site-packages/airflow/example_dags/example_trigger_controller_dag.py
[2026-01-04T12:35:21.786+0000] {processor.py:914} INFO - Processing file /workspaces/f1_data_team/venv/lib/python3.12/site-packages/airflow/example_dags/example_trigger_controller_dag.py for tasks to queue
[2026-01-04T12:35:21.788+0000] {logging_mixin.py:190} INFO - [2026-01-04T12:35:21.788+0000] {dagbag.py:588} INFO - Filling up the DagBag from /workspaces/f1_data_team/venv/lib/python3.12/site-packages/airflow/example_dags/example_trigger_controller_dag.py
[2026-01-04T12:35:21.794+0000] {processor.py:925} INFO - DAG(s) 'example_trigger_controller_dag' retrieved from /workspaces/f1_data_team/venv/lib/python3.12/site-packages/airflow/example_dags/example_trigger_controller_dag.py
[2026-01-04T12:35:21.805+0000] {logging_mixin.py:190} INFO - [2026-01-04T12:35:21.805+0000] {dag.py:3239} INFO - Sync 1 DAGs
[2026-01-04T12:35:21.820+0000] {logging_mixin.py:190} INFO - [2026-01-04T12:35:21.820+0000] {dag.py:4180} INFO - Setting next_dagrun for example_trigger_controller_dag to 2021-01-01 00:00:00+00:00, run_after=2021-01-01 00:00:00+00:00
[2026-01-04T12:35:21.835+0000] {processor.py:208} INFO - Processing /workspaces/f1_data_team/venv/lib/python3.12/site-packages/airflow/example_dags/example_trigger_controller_dag.py took 0.054 seconds
[2026-01-04T12:36:14.730+0000] {processor.py:186} INFO - Started process (PID=32210) to work on /workspaces/f1_data_team/venv/lib/python3.12/site-packages/airflow/example_dags/example_trigger_controller_dag.py
[2026-01-04T12:36:14.730+0000] {processor.py:914} INFO - Processing file /workspaces/f1_data_team/venv/lib/python3.12/site-packages/airflow/example_dags/example_trigger_controller_dag.py for tasks to queue
[2026-01-04T12:36:14.733+0000] {logging_mixin.py:190} INFO - [2026-01-04T12:36:14.732+0000] {dagbag.py:588} INFO - Filling up the DagBag from /workspaces/f1_data_team/venv/lib/python3.12/site-packages/airflow/example_dags/example_trigger_controller_dag.py
[2026-01-04T12:36:14.738+0000] {processor.py:925} INFO - DAG(s) 'example_trigger_controller_dag' retrieved from /workspaces/f1_data_team/venv/lib/python3.12/site-packages/airflow/example_dags/example_trigger_controller_dag.py
[2026-01-04T12:36:14.750+0000] {logging_mixin.py:190} INFO - [2026-01-04T12:36:14.750+0000] {dag.py:3239} INFO - Sync 1 DAGs
[2026-01-04T12:36:14.765+0000] {logging_mixin.py:190} INFO - [2026-01-04T12:36:14.765+0000] {dag.py:4180} INFO - Setting next_dagrun for example_trigger_controller_dag to 2021-01-01 00:00:00+00:00, run_after=2021-01-01 00:00:00+00:00
[2026-01-04T12:36:14.780+0000] {processor.py:208} INFO - Processing /workspaces/f1_data_team/venv/lib/python3.12/site-packages/airflow/example_dags/example_trigger_controller_dag.py took 0.055 seconds
[2026-01-04T12:37:06.268+0000] {processor.py:186} INFO - Started process (PID=32669) to work on /workspaces/f1_data_team/venv/lib/python3.12/site-packages/airflow/example_dags/example_trigger_controller_dag.py
[2026-01-04T12:37:06.269+0000] {processor.py:914} INFO - Processing file /workspaces/f1_data_team/venv/lib/python3.12/site-packages/airflow/example_dags/example_trigger_controller_dag.py for tasks to queue
[2026-01-04T12:37:06.271+0000] {logging_mixin.py:190} INFO - [2026-01-04T12:37:06.271+0000] {dagbag.py:588} INFO - Filling up the DagBag from /workspaces/f1_data_team/venv/lib/python3.12/site-packages/airflow/example_dags/example_trigger_controller_dag.py
[2026-01-04T12:37:06.276+0000] {processor.py:925} INFO - DAG(s) 'example_trigger_controller_dag' retrieved from /workspaces/f1_data_team/venv/lib/python3.12/site-packages/airflow/example_dags/example_trigger_controller_dag.py
[2026-01-04T12:37:06.288+0000] {logging_mixin.py:190} INFO - [2026-01-04T12:37:06.288+0000] {dag.py:3239} INFO - Sync 1 DAGs
[2026-01-04T12:37:06.302+0000] {logging_mixin.py:190} INFO - [2026-01-04T12:37:06.302+0000] {dag.py:4180} INFO - Setting next_dagrun for example_trigger_controller_dag to 2021-01-01 00:00:00+00:00, run_after=2021-01-01 00:00:00+00:00
[2026-01-04T12:37:06.316+0000] {processor.py:208} INFO - Processing /workspaces/f1_data_team/venv/lib/python3.12/site-packages/airflow/example_dags/example_trigger_controller_dag.py took 0.053 seconds
[2026-01-04T12:37:59.993+0000] {processor.py:186} INFO - Started process (PID=33608) to work on /workspaces/f1_data_team/venv/lib/python3.12/site-packages/airflow/example_dags/example_trigger_controller_dag.py
[2026-01-04T12:37:59.994+0000] {processor.py:914} INFO - Processing file /workspaces/f1_data_team/venv/lib/python3.12/site-packages/airflow/example_dags/example_trigger_controller_dag.py for tasks to queue
[2026-01-04T12:37:59.996+0000] {logging_mixin.py:190} INFO - [2026-01-04T12:37:59.996+0000] {dagbag.py:588} INFO - Filling up the DagBag from /workspaces/f1_data_team/venv/lib/python3.12/site-packages/airflow/example_dags/example_trigger_controller_dag.py
[2026-01-04T12:38:00.002+0000] {processor.py:925} INFO - DAG(s) 'example_trigger_controller_dag' retrieved from /workspaces/f1_data_team/venv/lib/python3.12/site-packages/airflow/example_dags/example_trigger_controller_dag.py
[2026-01-04T12:38:00.014+0000] {logging_mixin.py:190} INFO - [2026-01-04T12:38:00.013+0000] {dag.py:3239} INFO - Sync 1 DAGs
[2026-01-04T12:38:00.028+0000] {logging_mixin.py:190} INFO - [2026-01-04T12:38:00.028+0000] {dag.py:4180} INFO - Setting next_dagrun for example_trigger_controller_dag to 2021-01-01 00:00:00+00:00, run_after=2021-01-01 00:00:00+00:00
[2026-01-04T12:38:00.043+0000] {processor.py:208} INFO - Processing /workspaces/f1_data_team/venv/lib/python3.12/site-packages/airflow/example_dags/example_trigger_controller_dag.py took 0.054 seconds
[2026-01-04T12:38:52.207+0000] {processor.py:186} INFO - Started process (PID=34080) to work on /workspaces/f1_data_team/venv/lib/python3.12/site-packages/airflow/example_dags/example_trigger_controller_dag.py
[2026-01-04T12:38:52.208+0000] {processor.py:914} INFO - Processing file /workspaces/f1_data_team/venv/lib/python3.12/site-packages/airflow/example_dags/example_trigger_controller_dag.py for tasks to queue
[2026-01-04T12:38:52.210+0000] {logging_mixin.py:190} INFO - [2026-01-04T12:38:52.210+0000] {dagbag.py:588} INFO - Filling up the DagBag from /workspaces/f1_data_team/venv/lib/python3.12/site-packages/airflow/example_dags/example_trigger_controller_dag.py
[2026-01-04T12:38:52.215+0000] {processor.py:925} INFO - DAG(s) 'example_trigger_controller_dag' retrieved from /workspaces/f1_data_team/venv/lib/python3.12/site-packages/airflow/example_dags/example_trigger_controller_dag.py
[2026-01-04T12:38:52.227+0000] {logging_mixin.py:190} INFO - [2026-01-04T12:38:52.227+0000] {dag.py:3239} INFO - Sync 1 DAGs
[2026-01-04T12:38:52.245+0000] {logging_mixin.py:190} INFO - [2026-01-04T12:38:52.245+0000] {dag.py:4180} INFO - Setting next_dagrun for example_trigger_controller_dag to 2021-01-01 00:00:00+00:00, run_after=2021-01-01 00:00:00+00:00
[2026-01-04T12:38:52.259+0000] {processor.py:208} INFO - Processing /workspaces/f1_data_team/venv/lib/python3.12/site-packages/airflow/example_dags/example_trigger_controller_dag.py took 0.057 seconds
[2026-01-04T12:39:46.426+0000] {processor.py:186} INFO - Started process (PID=34590) to work on /workspaces/f1_data_team/venv/lib/python3.12/site-packages/airflow/example_dags/example_trigger_controller_dag.py
[2026-01-04T12:39:46.426+0000] {processor.py:914} INFO - Processing file /workspaces/f1_data_team/venv/lib/python3.12/site-packages/airflow/example_dags/example_trigger_controller_dag.py for tasks to queue
[2026-01-04T12:39:46.429+0000] {logging_mixin.py:190} INFO - [2026-01-04T12:39:46.428+0000] {dagbag.py:588} INFO - Filling up the DagBag from /workspaces/f1_data_team/venv/lib/python3.12/site-packages/airflow/example_dags/example_trigger_controller_dag.py
[2026-01-04T12:39:46.434+0000] {processor.py:925} INFO - DAG(s) 'example_trigger_controller_dag' retrieved from /workspaces/f1_data_team/venv/lib/python3.12/site-packages/airflow/example_dags/example_trigger_controller_dag.py
[2026-01-04T12:39:46.446+0000] {logging_mixin.py:190} INFO - [2026-01-04T12:39:46.446+0000] {dag.py:3239} INFO - Sync 1 DAGs
[2026-01-04T12:39:46.460+0000] {logging_mixin.py:190} INFO - [2026-01-04T12:39:46.460+0000] {dag.py:4180} INFO - Setting next_dagrun for example_trigger_controller_dag to 2021-01-01 00:00:00+00:00, run_after=2021-01-01 00:00:00+00:00
[2026-01-04T12:39:46.475+0000] {processor.py:208} INFO - Processing /workspaces/f1_data_team/venv/lib/python3.12/site-packages/airflow/example_dags/example_trigger_controller_dag.py took 0.054 seconds
[2026-01-04T12:40:39.983+0000] {processor.py:186} INFO - Started process (PID=35122) to work on /workspaces/f1_data_team/venv/lib/python3.12/site-packages/airflow/example_dags/example_trigger_controller_dag.py
[2026-01-04T12:40:39.984+0000] {processor.py:914} INFO - Processing file /workspaces/f1_data_team/venv/lib/python3.12/site-packages/airflow/example_dags/example_trigger_controller_dag.py for tasks to queue
[2026-01-04T12:40:39.986+0000] {logging_mixin.py:190} INFO - [2026-01-04T12:40:39.986+0000] {dagbag.py:588} INFO - Filling up the DagBag from /workspaces/f1_data_team/venv/lib/python3.12/site-packages/airflow/example_dags/example_trigger_controller_dag.py
[2026-01-04T12:40:39.992+0000] {processor.py:925} INFO - DAG(s) 'example_trigger_controller_dag' retrieved from /workspaces/f1_data_team/venv/lib/python3.12/site-packages/airflow/example_dags/example_trigger_controller_dag.py
[2026-01-04T12:40:40.004+0000] {logging_mixin.py:190} INFO - [2026-01-04T12:40:40.003+0000] {dag.py:3239} INFO - Sync 1 DAGs
[2026-01-04T12:40:40.018+0000] {logging_mixin.py:190} INFO - [2026-01-04T12:40:40.018+0000] {dag.py:4180} INFO - Setting next_dagrun for example_trigger_controller_dag to 2021-01-01 00:00:00+00:00, run_after=2021-01-01 00:00:00+00:00
[2026-01-04T12:40:40.033+0000] {processor.py:208} INFO - Processing /workspaces/f1_data_team/venv/lib/python3.12/site-packages/airflow/example_dags/example_trigger_controller_dag.py took 0.054 seconds
[2026-01-04T12:41:33.796+0000] {processor.py:186} INFO - Started process (PID=35880) to work on /workspaces/f1_data_team/venv/lib/python3.12/site-packages/airflow/example_dags/example_trigger_controller_dag.py
[2026-01-04T12:41:33.796+0000] {processor.py:914} INFO - Processing file /workspaces/f1_data_team/venv/lib/python3.12/site-packages/airflow/example_dags/example_trigger_controller_dag.py for tasks to queue
[2026-01-04T12:41:33.799+0000] {logging_mixin.py:190} INFO - [2026-01-04T12:41:33.798+0000] {dagbag.py:588} INFO - Filling up the DagBag from /workspaces/f1_data_team/venv/lib/python3.12/site-packages/airflow/example_dags/example_trigger_controller_dag.py
[2026-01-04T12:41:33.804+0000] {processor.py:925} INFO - DAG(s) 'example_trigger_controller_dag' retrieved from /workspaces/f1_data_team/venv/lib/python3.12/site-packages/airflow/example_dags/example_trigger_controller_dag.py
[2026-01-04T12:41:33.818+0000] {logging_mixin.py:190} INFO - [2026-01-04T12:41:33.818+0000] {dag.py:3239} INFO - Sync 1 DAGs
[2026-01-04T12:41:33.833+0000] {logging_mixin.py:190} INFO - [2026-01-04T12:41:33.833+0000] {dag.py:4180} INFO - Setting next_dagrun for example_trigger_controller_dag to 2021-01-01 00:00:00+00:00, run_after=2021-01-01 00:00:00+00:00
[2026-01-04T12:41:33.848+0000] {processor.py:208} INFO - Processing /workspaces/f1_data_team/venv/lib/python3.12/site-packages/airflow/example_dags/example_trigger_controller_dag.py took 0.056 seconds
[2026-01-04T12:42:38.556+0000] {processor.py:186} INFO - Started process (PID=36943) to work on /workspaces/f1_data_team/venv/lib/python3.12/site-packages/airflow/example_dags/example_trigger_controller_dag.py
[2026-01-04T12:42:38.557+0000] {processor.py:914} INFO - Processing file /workspaces/f1_data_team/venv/lib/python3.12/site-packages/airflow/example_dags/example_trigger_controller_dag.py for tasks to queue
[2026-01-04T12:42:38.559+0000] {logging_mixin.py:190} INFO - [2026-01-04T12:42:38.558+0000] {dagbag.py:588} INFO - Filling up the DagBag from /workspaces/f1_data_team/venv/lib/python3.12/site-packages/airflow/example_dags/example_trigger_controller_dag.py
[2026-01-04T12:42:38.564+0000] {processor.py:925} INFO - DAG(s) 'example_trigger_controller_dag' retrieved from /workspaces/f1_data_team/venv/lib/python3.12/site-packages/airflow/example_dags/example_trigger_controller_dag.py
[2026-01-04T12:42:38.575+0000] {logging_mixin.py:190} INFO - [2026-01-04T12:42:38.575+0000] {dag.py:3239} INFO - Sync 1 DAGs
[2026-01-04T12:42:38.591+0000] {logging_mixin.py:190} INFO - [2026-01-04T12:42:38.591+0000] {dag.py:4180} INFO - Setting next_dagrun for example_trigger_controller_dag to 2021-01-01 00:00:00+00:00, run_after=2021-01-01 00:00:00+00:00
[2026-01-04T12:42:38.605+0000] {processor.py:208} INFO - Processing /workspaces/f1_data_team/venv/lib/python3.12/site-packages/airflow/example_dags/example_trigger_controller_dag.py took 0.054 seconds
[2026-01-04T12:43:35.074+0000] {processor.py:186} INFO - Started process (PID=37640) to work on /workspaces/f1_data_team/venv/lib/python3.12/site-packages/airflow/example_dags/example_trigger_controller_dag.py
[2026-01-04T12:43:35.075+0000] {processor.py:914} INFO - Processing file /workspaces/f1_data_team/venv/lib/python3.12/site-packages/airflow/example_dags/example_trigger_controller_dag.py for tasks to queue
[2026-01-04T12:43:35.077+0000] {logging_mixin.py:190} INFO - [2026-01-04T12:43:35.077+0000] {dagbag.py:588} INFO - Filling up the DagBag from /workspaces/f1_data_team/venv/lib/python3.12/site-packages/airflow/example_dags/example_trigger_controller_dag.py
[2026-01-04T12:43:35.083+0000] {processor.py:925} INFO - DAG(s) 'example_trigger_controller_dag' retrieved from /workspaces/f1_data_team/venv/lib/python3.12/site-packages/airflow/example_dags/example_trigger_controller_dag.py
[2026-01-04T12:43:35.094+0000] {logging_mixin.py:190} INFO - [2026-01-04T12:43:35.094+0000] {dag.py:3239} INFO - Sync 1 DAGs
[2026-01-04T12:43:35.108+0000] {logging_mixin.py:190} INFO - [2026-01-04T12:43:35.108+0000] {dag.py:4180} INFO - Setting next_dagrun for example_trigger_controller_dag to 2021-01-01 00:00:00+00:00, run_after=2021-01-01 00:00:00+00:00
[2026-01-04T12:43:35.123+0000] {processor.py:208} INFO - Processing /workspaces/f1_data_team/venv/lib/python3.12/site-packages/airflow/example_dags/example_trigger_controller_dag.py took 0.053 seconds
[2026-01-04T12:44:26.996+0000] {processor.py:186} INFO - Started process (PID=38236) to work on /workspaces/f1_data_team/venv/lib/python3.12/site-packages/airflow/example_dags/example_trigger_controller_dag.py
[2026-01-04T12:44:26.997+0000] {processor.py:914} INFO - Processing file /workspaces/f1_data_team/venv/lib/python3.12/site-packages/airflow/example_dags/example_trigger_controller_dag.py for tasks to queue
[2026-01-04T12:44:26.999+0000] {logging_mixin.py:190} INFO - [2026-01-04T12:44:26.998+0000] {dagbag.py:588} INFO - Filling up the DagBag from /workspaces/f1_data_team/venv/lib/python3.12/site-packages/airflow/example_dags/example_trigger_controller_dag.py
[2026-01-04T12:44:27.004+0000] {processor.py:925} INFO - DAG(s) 'example_trigger_controller_dag' retrieved from /workspaces/f1_data_team/venv/lib/python3.12/site-packages/airflow/example_dags/example_trigger_controller_dag.py
[2026-01-04T12:44:27.016+0000] {logging_mixin.py:190} INFO - [2026-01-04T12:44:27.016+0000] {dag.py:3239} INFO - Sync 1 DAGs
[2026-01-04T12:44:27.031+0000] {logging_mixin.py:190} INFO - [2026-01-04T12:44:27.031+0000] {dag.py:4180} INFO - Setting next_dagrun for example_trigger_controller_dag to 2021-01-01 00:00:00+00:00, run_after=2021-01-01 00:00:00+00:00
[2026-01-04T12:44:27.045+0000] {processor.py:208} INFO - Processing /workspaces/f1_data_team/venv/lib/python3.12/site-packages/airflow/example_dags/example_trigger_controller_dag.py took 0.054 seconds
[2026-01-04T12:45:25.428+0000] {processor.py:186} INFO - Started process (PID=39341) to work on /workspaces/f1_data_team/venv/lib/python3.12/site-packages/airflow/example_dags/example_trigger_controller_dag.py
[2026-01-04T12:45:25.428+0000] {processor.py:914} INFO - Processing file /workspaces/f1_data_team/venv/lib/python3.12/site-packages/airflow/example_dags/example_trigger_controller_dag.py for tasks to queue
[2026-01-04T12:45:25.430+0000] {logging_mixin.py:190} INFO - [2026-01-04T12:45:25.430+0000] {dagbag.py:588} INFO - Filling up the DagBag from /workspaces/f1_data_team/venv/lib/python3.12/site-packages/airflow/example_dags/example_trigger_controller_dag.py
[2026-01-04T12:45:25.436+0000] {processor.py:925} INFO - DAG(s) 'example_trigger_controller_dag' retrieved from /workspaces/f1_data_team/venv/lib/python3.12/site-packages/airflow/example_dags/example_trigger_controller_dag.py
[2026-01-04T12:45:25.447+0000] {logging_mixin.py:190} INFO - [2026-01-04T12:45:25.447+0000] {dag.py:3239} INFO - Sync 1 DAGs
[2026-01-04T12:45:25.462+0000] {logging_mixin.py:190} INFO - [2026-01-04T12:45:25.462+0000] {dag.py:4180} INFO - Setting next_dagrun for example_trigger_controller_dag to 2021-01-01 00:00:00+00:00, run_after=2021-01-01 00:00:00+00:00
[2026-01-04T12:45:25.477+0000] {processor.py:208} INFO - Processing /workspaces/f1_data_team/venv/lib/python3.12/site-packages/airflow/example_dags/example_trigger_controller_dag.py took 0.054 seconds
[2026-01-04T12:46:20.932+0000] {processor.py:186} INFO - Started process (PID=39876) to work on /workspaces/f1_data_team/venv/lib/python3.12/site-packages/airflow/example_dags/example_trigger_controller_dag.py
[2026-01-04T12:46:20.933+0000] {processor.py:914} INFO - Processing file /workspaces/f1_data_team/venv/lib/python3.12/site-packages/airflow/example_dags/example_trigger_controller_dag.py for tasks to queue
[2026-01-04T12:46:20.935+0000] {logging_mixin.py:190} INFO - [2026-01-04T12:46:20.935+0000] {dagbag.py:588} INFO - Filling up the DagBag from /workspaces/f1_data_team/venv/lib/python3.12/site-packages/airflow/example_dags/example_trigger_controller_dag.py
[2026-01-04T12:46:20.941+0000] {processor.py:925} INFO - DAG(s) 'example_trigger_controller_dag' retrieved from /workspaces/f1_data_team/venv/lib/python3.12/site-packages/airflow/example_dags/example_trigger_controller_dag.py
[2026-01-04T12:46:20.952+0000] {logging_mixin.py:190} INFO - [2026-01-04T12:46:20.952+0000] {dag.py:3239} INFO - Sync 1 DAGs
[2026-01-04T12:46:20.967+0000] {logging_mixin.py:190} INFO - [2026-01-04T12:46:20.967+0000] {dag.py:4180} INFO - Setting next_dagrun for example_trigger_controller_dag to 2021-01-01 00:00:00+00:00, run_after=2021-01-01 00:00:00+00:00
[2026-01-04T12:46:20.982+0000] {processor.py:208} INFO - Processing /workspaces/f1_data_team/venv/lib/python3.12/site-packages/airflow/example_dags/example_trigger_controller_dag.py took 0.055 seconds
[2026-01-04T12:47:12.392+0000] {processor.py:186} INFO - Started process (PID=40354) to work on /workspaces/f1_data_team/venv/lib/python3.12/site-packages/airflow/example_dags/example_trigger_controller_dag.py
[2026-01-04T12:47:12.393+0000] {processor.py:914} INFO - Processing file /workspaces/f1_data_team/venv/lib/python3.12/site-packages/airflow/example_dags/example_trigger_controller_dag.py for tasks to queue
[2026-01-04T12:47:12.395+0000] {logging_mixin.py:190} INFO - [2026-01-04T12:47:12.395+0000] {dagbag.py:588} INFO - Filling up the DagBag from /workspaces/f1_data_team/venv/lib/python3.12/site-packages/airflow/example_dags/example_trigger_controller_dag.py
[2026-01-04T12:47:12.401+0000] {processor.py:925} INFO - DAG(s) 'example_trigger_controller_dag' retrieved from /workspaces/f1_data_team/venv/lib/python3.12/site-packages/airflow/example_dags/example_trigger_controller_dag.py
[2026-01-04T12:47:12.412+0000] {logging_mixin.py:190} INFO - [2026-01-04T12:47:12.412+0000] {dag.py:3239} INFO - Sync 1 DAGs
[2026-01-04T12:47:12.427+0000] {logging_mixin.py:190} INFO - [2026-01-04T12:47:12.426+0000] {dag.py:4180} INFO - Setting next_dagrun for example_trigger_controller_dag to 2021-01-01 00:00:00+00:00, run_after=2021-01-01 00:00:00+00:00
[2026-01-04T12:47:12.441+0000] {processor.py:208} INFO - Processing /workspaces/f1_data_team/venv/lib/python3.12/site-packages/airflow/example_dags/example_trigger_controller_dag.py took 0.053 seconds
[2026-01-04T12:48:02.696+0000] {processor.py:186} INFO - Started process (PID=40868) to work on /workspaces/f1_data_team/venv/lib/python3.12/site-packages/airflow/example_dags/example_trigger_controller_dag.py
[2026-01-04T12:48:02.697+0000] {processor.py:914} INFO - Processing file /workspaces/f1_data_team/venv/lib/python3.12/site-packages/airflow/example_dags/example_trigger_controller_dag.py for tasks to queue
[2026-01-04T12:48:02.700+0000] {logging_mixin.py:190} INFO - [2026-01-04T12:48:02.699+0000] {dagbag.py:588} INFO - Filling up the DagBag from /workspaces/f1_data_team/venv/lib/python3.12/site-packages/airflow/example_dags/example_trigger_controller_dag.py
[2026-01-04T12:48:02.705+0000] {processor.py:925} INFO - DAG(s) 'example_trigger_controller_dag' retrieved from /workspaces/f1_data_team/venv/lib/python3.12/site-packages/airflow/example_dags/example_trigger_controller_dag.py
[2026-01-04T12:48:02.716+0000] {logging_mixin.py:190} INFO - [2026-01-04T12:48:02.716+0000] {dag.py:3239} INFO - Sync 1 DAGs
[2026-01-04T12:48:02.731+0000] {logging_mixin.py:190} INFO - [2026-01-04T12:48:02.731+0000] {dag.py:4180} INFO - Setting next_dagrun for example_trigger_controller_dag to 2021-01-01 00:00:00+00:00, run_after=2021-01-01 00:00:00+00:00
[2026-01-04T12:48:02.747+0000] {processor.py:208} INFO - Processing /workspaces/f1_data_team/venv/lib/python3.12/site-packages/airflow/example_dags/example_trigger_controller_dag.py took 0.055 seconds
[2026-01-04T12:48:54.796+0000] {processor.py:186} INFO - Started process (PID=41822) to work on /workspaces/f1_data_team/venv/lib/python3.12/site-packages/airflow/example_dags/example_trigger_controller_dag.py
[2026-01-04T12:48:54.797+0000] {processor.py:914} INFO - Processing file /workspaces/f1_data_team/venv/lib/python3.12/site-packages/airflow/example_dags/example_trigger_controller_dag.py for tasks to queue
[2026-01-04T12:48:54.799+0000] {logging_mixin.py:190} INFO - [2026-01-04T12:48:54.799+0000] {dagbag.py:588} INFO - Filling up the DagBag from /workspaces/f1_data_team/venv/lib/python3.12/site-packages/airflow/example_dags/example_trigger_controller_dag.py
[2026-01-04T12:48:54.804+0000] {processor.py:925} INFO - DAG(s) 'example_trigger_controller_dag' retrieved from /workspaces/f1_data_team/venv/lib/python3.12/site-packages/airflow/example_dags/example_trigger_controller_dag.py
[2026-01-04T12:48:54.819+0000] {logging_mixin.py:190} INFO - [2026-01-04T12:48:54.818+0000] {dag.py:3239} INFO - Sync 1 DAGs
[2026-01-04T12:48:54.833+0000] {logging_mixin.py:190} INFO - [2026-01-04T12:48:54.833+0000] {dag.py:4180} INFO - Setting next_dagrun for example_trigger_controller_dag to 2021-01-01 00:00:00+00:00, run_after=2021-01-01 00:00:00+00:00
[2026-01-04T12:48:54.849+0000] {processor.py:208} INFO - Processing /workspaces/f1_data_team/venv/lib/python3.12/site-packages/airflow/example_dags/example_trigger_controller_dag.py took 0.057 seconds
[2026-01-04T12:49:51.081+0000] {processor.py:186} INFO - Started process (PID=42551) to work on /workspaces/f1_data_team/venv/lib/python3.12/site-packages/airflow/example_dags/example_trigger_controller_dag.py
[2026-01-04T12:49:51.082+0000] {processor.py:914} INFO - Processing file /workspaces/f1_data_team/venv/lib/python3.12/site-packages/airflow/example_dags/example_trigger_controller_dag.py for tasks to queue
[2026-01-04T12:49:51.084+0000] {logging_mixin.py:190} INFO - [2026-01-04T12:49:51.084+0000] {dagbag.py:588} INFO - Filling up the DagBag from /workspaces/f1_data_team/venv/lib/python3.12/site-packages/airflow/example_dags/example_trigger_controller_dag.py
[2026-01-04T12:49:51.090+0000] {processor.py:925} INFO - DAG(s) 'example_trigger_controller_dag' retrieved from /workspaces/f1_data_team/venv/lib/python3.12/site-packages/airflow/example_dags/example_trigger_controller_dag.py
[2026-01-04T12:49:51.102+0000] {logging_mixin.py:190} INFO - [2026-01-04T12:49:51.102+0000] {dag.py:3239} INFO - Sync 1 DAGs
[2026-01-04T12:49:51.117+0000] {logging_mixin.py:190} INFO - [2026-01-04T12:49:51.116+0000] {dag.py:4180} INFO - Setting next_dagrun for example_trigger_controller_dag to 2021-01-01 00:00:00+00:00, run_after=2021-01-01 00:00:00+00:00
[2026-01-04T12:49:51.131+0000] {processor.py:208} INFO - Processing /workspaces/f1_data_team/venv/lib/python3.12/site-packages/airflow/example_dags/example_trigger_controller_dag.py took 0.054 seconds
[2026-01-04T12:50:45.169+0000] {processor.py:186} INFO - Started process (PID=43067) to work on /workspaces/f1_data_team/venv/lib/python3.12/site-packages/airflow/example_dags/example_trigger_controller_dag.py
[2026-01-04T12:50:45.170+0000] {processor.py:914} INFO - Processing file /workspaces/f1_data_team/venv/lib/python3.12/site-packages/airflow/example_dags/example_trigger_controller_dag.py for tasks to queue
[2026-01-04T12:50:45.172+0000] {logging_mixin.py:190} INFO - [2026-01-04T12:50:45.172+0000] {dagbag.py:588} INFO - Filling up the DagBag from /workspaces/f1_data_team/venv/lib/python3.12/site-packages/airflow/example_dags/example_trigger_controller_dag.py
[2026-01-04T12:50:45.178+0000] {processor.py:925} INFO - DAG(s) 'example_trigger_controller_dag' retrieved from /workspaces/f1_data_team/venv/lib/python3.12/site-packages/airflow/example_dags/example_trigger_controller_dag.py
[2026-01-04T12:50:45.189+0000] {logging_mixin.py:190} INFO - [2026-01-04T12:50:45.189+0000] {dag.py:3239} INFO - Sync 1 DAGs
[2026-01-04T12:50:45.204+0000] {logging_mixin.py:190} INFO - [2026-01-04T12:50:45.204+0000] {dag.py:4180} INFO - Setting next_dagrun for example_trigger_controller_dag to 2021-01-01 00:00:00+00:00, run_after=2021-01-01 00:00:00+00:00
[2026-01-04T12:50:45.219+0000] {processor.py:208} INFO - Processing /workspaces/f1_data_team/venv/lib/python3.12/site-packages/airflow/example_dags/example_trigger_controller_dag.py took 0.054 seconds
[2026-01-04T12:51:22.153+0000] {processor.py:186} INFO - Started process (PID=43703) to work on /workspaces/f1_data_team/venv/lib/python3.12/site-packages/airflow/example_dags/example_trigger_controller_dag.py
[2026-01-04T12:51:22.154+0000] {processor.py:914} INFO - Processing file /workspaces/f1_data_team/venv/lib/python3.12/site-packages/airflow/example_dags/example_trigger_controller_dag.py for tasks to queue
[2026-01-04T12:51:22.156+0000] {logging_mixin.py:190} INFO - [2026-01-04T12:51:22.156+0000] {dagbag.py:588} INFO - Filling up the DagBag from /workspaces/f1_data_team/venv/lib/python3.12/site-packages/airflow/example_dags/example_trigger_controller_dag.py
[2026-01-04T12:51:22.161+0000] {processor.py:925} INFO - DAG(s) 'example_trigger_controller_dag' retrieved from /workspaces/f1_data_team/venv/lib/python3.12/site-packages/airflow/example_dags/example_trigger_controller_dag.py
[2026-01-04T12:51:22.176+0000] {logging_mixin.py:190} INFO - [2026-01-04T12:51:22.175+0000] {dag.py:3239} INFO - Sync 1 DAGs
[2026-01-04T12:51:22.190+0000] {logging_mixin.py:190} INFO - [2026-01-04T12:51:22.190+0000] {dag.py:4180} INFO - Setting next_dagrun for example_trigger_controller_dag to 2021-01-01 00:00:00+00:00, run_after=2021-01-01 00:00:00+00:00
[2026-01-04T12:51:22.210+0000] {processor.py:208} INFO - Processing /workspaces/f1_data_team/venv/lib/python3.12/site-packages/airflow/example_dags/example_trigger_controller_dag.py took 0.061 seconds
[2026-01-04T12:52:26.143+0000] {processor.py:186} INFO - Started process (PID=44948) to work on /workspaces/f1_data_team/venv/lib/python3.12/site-packages/airflow/example_dags/example_trigger_controller_dag.py
[2026-01-04T12:52:26.144+0000] {processor.py:914} INFO - Processing file /workspaces/f1_data_team/venv/lib/python3.12/site-packages/airflow/example_dags/example_trigger_controller_dag.py for tasks to queue
[2026-01-04T12:52:26.146+0000] {logging_mixin.py:190} INFO - [2026-01-04T12:52:26.145+0000] {dagbag.py:588} INFO - Filling up the DagBag from /workspaces/f1_data_team/venv/lib/python3.12/site-packages/airflow/example_dags/example_trigger_controller_dag.py
[2026-01-04T12:52:26.151+0000] {processor.py:925} INFO - DAG(s) 'example_trigger_controller_dag' retrieved from /workspaces/f1_data_team/venv/lib/python3.12/site-packages/airflow/example_dags/example_trigger_controller_dag.py
[2026-01-04T12:52:26.163+0000] {logging_mixin.py:190} INFO - [2026-01-04T12:52:26.163+0000] {dag.py:3239} INFO - Sync 1 DAGs
[2026-01-04T12:52:26.178+0000] {logging_mixin.py:190} INFO - [2026-01-04T12:52:26.178+0000] {dag.py:4180} INFO - Setting next_dagrun for example_trigger_controller_dag to 2021-01-01 00:00:00+00:00, run_after=2021-01-01 00:00:00+00:00
[2026-01-04T12:52:26.193+0000] {processor.py:208} INFO - Processing /workspaces/f1_data_team/venv/lib/python3.12/site-packages/airflow/example_dags/example_trigger_controller_dag.py took 0.055 seconds
[2026-01-04T12:53:22.770+0000] {processor.py:186} INFO - Started process (PID=45758) to work on /workspaces/f1_data_team/venv/lib/python3.12/site-packages/airflow/example_dags/example_trigger_controller_dag.py
[2026-01-04T12:53:22.770+0000] {processor.py:914} INFO - Processing file /workspaces/f1_data_team/venv/lib/python3.12/site-packages/airflow/example_dags/example_trigger_controller_dag.py for tasks to queue
[2026-01-04T12:53:22.773+0000] {logging_mixin.py:190} INFO - [2026-01-04T12:53:22.772+0000] {dagbag.py:588} INFO - Filling up the DagBag from /workspaces/f1_data_team/venv/lib/python3.12/site-packages/airflow/example_dags/example_trigger_controller_dag.py
[2026-01-04T12:53:22.778+0000] {processor.py:925} INFO - DAG(s) 'example_trigger_controller_dag' retrieved from /workspaces/f1_data_team/venv/lib/python3.12/site-packages/airflow/example_dags/example_trigger_controller_dag.py
[2026-01-04T12:53:22.791+0000] {logging_mixin.py:190} INFO - [2026-01-04T12:53:22.790+0000] {dag.py:3239} INFO - Sync 1 DAGs
[2026-01-04T12:53:22.807+0000] {logging_mixin.py:190} INFO - [2026-01-04T12:53:22.807+0000] {dag.py:4180} INFO - Setting next_dagrun for example_trigger_controller_dag to 2021-01-01 00:00:00+00:00, run_after=2021-01-01 00:00:00+00:00
[2026-01-04T12:53:22.823+0000] {processor.py:208} INFO - Processing /workspaces/f1_data_team/venv/lib/python3.12/site-packages/airflow/example_dags/example_trigger_controller_dag.py took 0.058 seconds
[2026-01-04T12:54:17.176+0000] {processor.py:186} INFO - Started process (PID=46380) to work on /workspaces/f1_data_team/venv/lib/python3.12/site-packages/airflow/example_dags/example_trigger_controller_dag.py
[2026-01-04T12:54:17.177+0000] {processor.py:914} INFO - Processing file /workspaces/f1_data_team/venv/lib/python3.12/site-packages/airflow/example_dags/example_trigger_controller_dag.py for tasks to queue
[2026-01-04T12:54:17.179+0000] {logging_mixin.py:190} INFO - [2026-01-04T12:54:17.179+0000] {dagbag.py:588} INFO - Filling up the DagBag from /workspaces/f1_data_team/venv/lib/python3.12/site-packages/airflow/example_dags/example_trigger_controller_dag.py
[2026-01-04T12:54:17.184+0000] {processor.py:925} INFO - DAG(s) 'example_trigger_controller_dag' retrieved from /workspaces/f1_data_team/venv/lib/python3.12/site-packages/airflow/example_dags/example_trigger_controller_dag.py
[2026-01-04T12:54:17.196+0000] {logging_mixin.py:190} INFO - [2026-01-04T12:54:17.196+0000] {dag.py:3239} INFO - Sync 1 DAGs
[2026-01-04T12:54:17.210+0000] {logging_mixin.py:190} INFO - [2026-01-04T12:54:17.210+0000] {dag.py:4180} INFO - Setting next_dagrun for example_trigger_controller_dag to 2021-01-01 00:00:00+00:00, run_after=2021-01-01 00:00:00+00:00
[2026-01-04T12:54:17.229+0000] {processor.py:208} INFO - Processing /workspaces/f1_data_team/venv/lib/python3.12/site-packages/airflow/example_dags/example_trigger_controller_dag.py took 0.059 seconds
[2026-01-04T12:55:23.686+0000] {processor.py:186} INFO - Started process (PID=47623) to work on /workspaces/f1_data_team/venv/lib/python3.12/site-packages/airflow/example_dags/example_trigger_controller_dag.py
[2026-01-04T12:55:23.687+0000] {processor.py:914} INFO - Processing file /workspaces/f1_data_team/venv/lib/python3.12/site-packages/airflow/example_dags/example_trigger_controller_dag.py for tasks to queue
[2026-01-04T12:55:23.692+0000] {logging_mixin.py:190} INFO - [2026-01-04T12:55:23.692+0000] {dagbag.py:588} INFO - Filling up the DagBag from /workspaces/f1_data_team/venv/lib/python3.12/site-packages/airflow/example_dags/example_trigger_controller_dag.py
[2026-01-04T12:55:23.702+0000] {processor.py:925} INFO - DAG(s) 'example_trigger_controller_dag' retrieved from /workspaces/f1_data_team/venv/lib/python3.12/site-packages/airflow/example_dags/example_trigger_controller_dag.py
[2026-01-04T12:55:23.726+0000] {logging_mixin.py:190} INFO - [2026-01-04T12:55:23.726+0000] {dag.py:3239} INFO - Sync 1 DAGs
[2026-01-04T12:55:23.762+0000] {logging_mixin.py:190} INFO - [2026-01-04T12:55:23.761+0000] {dag.py:4180} INFO - Setting next_dagrun for example_trigger_controller_dag to 2021-01-01 00:00:00+00:00, run_after=2021-01-01 00:00:00+00:00
[2026-01-04T12:55:23.776+0000] {processor.py:208} INFO - Processing /workspaces/f1_data_team/venv/lib/python3.12/site-packages/airflow/example_dags/example_trigger_controller_dag.py took 0.097 seconds
[2026-01-04T12:56:20.563+0000] {processor.py:186} INFO - Started process (PID=48204) to work on /workspaces/f1_data_team/venv/lib/python3.12/site-packages/airflow/example_dags/example_trigger_controller_dag.py
[2026-01-04T12:56:20.564+0000] {processor.py:914} INFO - Processing file /workspaces/f1_data_team/venv/lib/python3.12/site-packages/airflow/example_dags/example_trigger_controller_dag.py for tasks to queue
[2026-01-04T12:56:20.567+0000] {logging_mixin.py:190} INFO - [2026-01-04T12:56:20.566+0000] {dagbag.py:588} INFO - Filling up the DagBag from /workspaces/f1_data_team/venv/lib/python3.12/site-packages/airflow/example_dags/example_trigger_controller_dag.py
[2026-01-04T12:56:20.574+0000] {processor.py:925} INFO - DAG(s) 'example_trigger_controller_dag' retrieved from /workspaces/f1_data_team/venv/lib/python3.12/site-packages/airflow/example_dags/example_trigger_controller_dag.py
[2026-01-04T12:56:20.586+0000] {logging_mixin.py:190} INFO - [2026-01-04T12:56:20.585+0000] {dag.py:3239} INFO - Sync 1 DAGs
[2026-01-04T12:56:20.600+0000] {logging_mixin.py:190} INFO - [2026-01-04T12:56:20.600+0000] {dag.py:4180} INFO - Setting next_dagrun for example_trigger_controller_dag to 2021-01-01 00:00:00+00:00, run_after=2021-01-01 00:00:00+00:00
[2026-01-04T12:56:20.614+0000] {processor.py:208} INFO - Processing /workspaces/f1_data_team/venv/lib/python3.12/site-packages/airflow/example_dags/example_trigger_controller_dag.py took 0.057 seconds
[2026-01-04T12:57:11.223+0000] {processor.py:186} INFO - Started process (PID=48668) to work on /workspaces/f1_data_team/venv/lib/python3.12/site-packages/airflow/example_dags/example_trigger_controller_dag.py
[2026-01-04T12:57:11.224+0000] {processor.py:914} INFO - Processing file /workspaces/f1_data_team/venv/lib/python3.12/site-packages/airflow/example_dags/example_trigger_controller_dag.py for tasks to queue
[2026-01-04T12:57:11.226+0000] {logging_mixin.py:190} INFO - [2026-01-04T12:57:11.226+0000] {dagbag.py:588} INFO - Filling up the DagBag from /workspaces/f1_data_team/venv/lib/python3.12/site-packages/airflow/example_dags/example_trigger_controller_dag.py
[2026-01-04T12:57:11.232+0000] {processor.py:925} INFO - DAG(s) 'example_trigger_controller_dag' retrieved from /workspaces/f1_data_team/venv/lib/python3.12/site-packages/airflow/example_dags/example_trigger_controller_dag.py
[2026-01-04T12:57:11.243+0000] {logging_mixin.py:190} INFO - [2026-01-04T12:57:11.243+0000] {dag.py:3239} INFO - Sync 1 DAGs
[2026-01-04T12:57:11.258+0000] {logging_mixin.py:190} INFO - [2026-01-04T12:57:11.258+0000] {dag.py:4180} INFO - Setting next_dagrun for example_trigger_controller_dag to 2021-01-01 00:00:00+00:00, run_after=2021-01-01 00:00:00+00:00
[2026-01-04T12:57:11.272+0000] {processor.py:208} INFO - Processing /workspaces/f1_data_team/venv/lib/python3.12/site-packages/airflow/example_dags/example_trigger_controller_dag.py took 0.054 seconds
[2026-01-04T12:58:01.906+0000] {processor.py:186} INFO - Started process (PID=49108) to work on /workspaces/f1_data_team/venv/lib/python3.12/site-packages/airflow/example_dags/example_trigger_controller_dag.py
[2026-01-04T12:58:01.907+0000] {processor.py:914} INFO - Processing file /workspaces/f1_data_team/venv/lib/python3.12/site-packages/airflow/example_dags/example_trigger_controller_dag.py for tasks to queue
[2026-01-04T12:58:01.910+0000] {logging_mixin.py:190} INFO - [2026-01-04T12:58:01.910+0000] {dagbag.py:588} INFO - Filling up the DagBag from /workspaces/f1_data_team/venv/lib/python3.12/site-packages/airflow/example_dags/example_trigger_controller_dag.py
[2026-01-04T12:58:01.918+0000] {processor.py:925} INFO - DAG(s) 'example_trigger_controller_dag' retrieved from /workspaces/f1_data_team/venv/lib/python3.12/site-packages/airflow/example_dags/example_trigger_controller_dag.py
[2026-01-04T12:58:01.931+0000] {logging_mixin.py:190} INFO - [2026-01-04T12:58:01.931+0000] {dag.py:3239} INFO - Sync 1 DAGs
[2026-01-04T12:58:01.946+0000] {logging_mixin.py:190} INFO - [2026-01-04T12:58:01.945+0000] {dag.py:4180} INFO - Setting next_dagrun for example_trigger_controller_dag to 2021-01-01 00:00:00+00:00, run_after=2021-01-01 00:00:00+00:00
[2026-01-04T12:58:01.960+0000] {processor.py:208} INFO - Processing /workspaces/f1_data_team/venv/lib/python3.12/site-packages/airflow/example_dags/example_trigger_controller_dag.py took 0.058 seconds
[2026-01-04T12:58:56.033+0000] {processor.py:186} INFO - Started process (PID=49626) to work on /workspaces/f1_data_team/venv/lib/python3.12/site-packages/airflow/example_dags/example_trigger_controller_dag.py
[2026-01-04T12:58:56.034+0000] {processor.py:914} INFO - Processing file /workspaces/f1_data_team/venv/lib/python3.12/site-packages/airflow/example_dags/example_trigger_controller_dag.py for tasks to queue
[2026-01-04T12:58:56.036+0000] {logging_mixin.py:190} INFO - [2026-01-04T12:58:56.036+0000] {dagbag.py:588} INFO - Filling up the DagBag from /workspaces/f1_data_team/venv/lib/python3.12/site-packages/airflow/example_dags/example_trigger_controller_dag.py
[2026-01-04T12:58:56.042+0000] {processor.py:925} INFO - DAG(s) 'example_trigger_controller_dag' retrieved from /workspaces/f1_data_team/venv/lib/python3.12/site-packages/airflow/example_dags/example_trigger_controller_dag.py
[2026-01-04T12:58:56.054+0000] {logging_mixin.py:190} INFO - [2026-01-04T12:58:56.054+0000] {dag.py:3239} INFO - Sync 1 DAGs
[2026-01-04T12:58:56.069+0000] {logging_mixin.py:190} INFO - [2026-01-04T12:58:56.068+0000] {dag.py:4180} INFO - Setting next_dagrun for example_trigger_controller_dag to 2021-01-01 00:00:00+00:00, run_after=2021-01-01 00:00:00+00:00
[2026-01-04T12:58:56.083+0000] {processor.py:208} INFO - Processing /workspaces/f1_data_team/venv/lib/python3.12/site-packages/airflow/example_dags/example_trigger_controller_dag.py took 0.056 seconds
[2026-01-04T12:59:51.032+0000] {processor.py:186} INFO - Started process (PID=50196) to work on /workspaces/f1_data_team/venv/lib/python3.12/site-packages/airflow/example_dags/example_trigger_controller_dag.py
[2026-01-04T12:59:51.033+0000] {processor.py:914} INFO - Processing file /workspaces/f1_data_team/venv/lib/python3.12/site-packages/airflow/example_dags/example_trigger_controller_dag.py for tasks to queue
[2026-01-04T12:59:51.035+0000] {logging_mixin.py:190} INFO - [2026-01-04T12:59:51.035+0000] {dagbag.py:588} INFO - Filling up the DagBag from /workspaces/f1_data_team/venv/lib/python3.12/site-packages/airflow/example_dags/example_trigger_controller_dag.py
[2026-01-04T12:59:51.041+0000] {processor.py:925} INFO - DAG(s) 'example_trigger_controller_dag' retrieved from /workspaces/f1_data_team/venv/lib/python3.12/site-packages/airflow/example_dags/example_trigger_controller_dag.py
[2026-01-04T12:59:51.053+0000] {logging_mixin.py:190} INFO - [2026-01-04T12:59:51.052+0000] {dag.py:3239} INFO - Sync 1 DAGs
[2026-01-04T12:59:51.068+0000] {logging_mixin.py:190} INFO - [2026-01-04T12:59:51.067+0000] {dag.py:4180} INFO - Setting next_dagrun for example_trigger_controller_dag to 2021-01-01 00:00:00+00:00, run_after=2021-01-01 00:00:00+00:00
[2026-01-04T12:59:51.082+0000] {processor.py:208} INFO - Processing /workspaces/f1_data_team/venv/lib/python3.12/site-packages/airflow/example_dags/example_trigger_controller_dag.py took 0.056 seconds
[2026-01-04T13:00:46.453+0000] {processor.py:186} INFO - Started process (PID=50822) to work on /workspaces/f1_data_team/venv/lib/python3.12/site-packages/airflow/example_dags/example_trigger_controller_dag.py
[2026-01-04T13:00:46.454+0000] {processor.py:914} INFO - Processing file /workspaces/f1_data_team/venv/lib/python3.12/site-packages/airflow/example_dags/example_trigger_controller_dag.py for tasks to queue
[2026-01-04T13:00:46.456+0000] {logging_mixin.py:190} INFO - [2026-01-04T13:00:46.456+0000] {dagbag.py:588} INFO - Filling up the DagBag from /workspaces/f1_data_team/venv/lib/python3.12/site-packages/airflow/example_dags/example_trigger_controller_dag.py
[2026-01-04T13:00:46.462+0000] {processor.py:925} INFO - DAG(s) 'example_trigger_controller_dag' retrieved from /workspaces/f1_data_team/venv/lib/python3.12/site-packages/airflow/example_dags/example_trigger_controller_dag.py
[2026-01-04T13:00:46.474+0000] {logging_mixin.py:190} INFO - [2026-01-04T13:00:46.473+0000] {dag.py:3239} INFO - Sync 1 DAGs
[2026-01-04T13:00:46.488+0000] {logging_mixin.py:190} INFO - [2026-01-04T13:00:46.488+0000] {dag.py:4180} INFO - Setting next_dagrun for example_trigger_controller_dag to 2021-01-01 00:00:00+00:00, run_after=2021-01-01 00:00:00+00:00
[2026-01-04T13:00:46.502+0000] {processor.py:208} INFO - Processing /workspaces/f1_data_team/venv/lib/python3.12/site-packages/airflow/example_dags/example_trigger_controller_dag.py took 0.054 seconds
[2026-01-04T13:01:34.065+0000] {processor.py:186} INFO - Started process (PID=51456) to work on /workspaces/f1_data_team/venv/lib/python3.12/site-packages/airflow/example_dags/example_trigger_controller_dag.py
[2026-01-04T13:01:34.066+0000] {processor.py:914} INFO - Processing file /workspaces/f1_data_team/venv/lib/python3.12/site-packages/airflow/example_dags/example_trigger_controller_dag.py for tasks to queue
[2026-01-04T13:01:34.068+0000] {logging_mixin.py:190} INFO - [2026-01-04T13:01:34.068+0000] {dagbag.py:588} INFO - Filling up the DagBag from /workspaces/f1_data_team/venv/lib/python3.12/site-packages/airflow/example_dags/example_trigger_controller_dag.py
[2026-01-04T13:01:34.074+0000] {processor.py:925} INFO - DAG(s) 'example_trigger_controller_dag' retrieved from /workspaces/f1_data_team/venv/lib/python3.12/site-packages/airflow/example_dags/example_trigger_controller_dag.py
[2026-01-04T13:01:34.086+0000] {logging_mixin.py:190} INFO - [2026-01-04T13:01:34.086+0000] {dag.py:3239} INFO - Sync 1 DAGs
[2026-01-04T13:01:34.107+0000] {logging_mixin.py:190} INFO - [2026-01-04T13:01:34.106+0000] {dag.py:4180} INFO - Setting next_dagrun for example_trigger_controller_dag to 2021-01-01 00:00:00+00:00, run_after=2021-01-01 00:00:00+00:00
[2026-01-04T13:01:34.122+0000] {processor.py:208} INFO - Processing /workspaces/f1_data_team/venv/lib/python3.12/site-packages/airflow/example_dags/example_trigger_controller_dag.py took 0.063 seconds
