[2026-01-04T12:27:29.901+0000] {processor.py:186} INFO - Started process (PID=24911) to work on /workspaces/f1_data_team/venv/lib/python3.12/site-packages/airflow/example_dags/example_branch_labels.py
[2026-01-04T12:27:29.902+0000] {processor.py:914} INFO - Processing file /workspaces/f1_data_team/venv/lib/python3.12/site-packages/airflow/example_dags/example_branch_labels.py for tasks to queue
[2026-01-04T12:27:29.905+0000] {logging_mixin.py:190} INFO - [2026-01-04T12:27:29.904+0000] {dagbag.py:588} INFO - Filling up the DagBag from /workspaces/f1_data_team/venv/lib/python3.12/site-packages/airflow/example_dags/example_branch_labels.py
[2026-01-04T12:27:29.916+0000] {processor.py:925} INFO - DAG(s) 'example_branch_labels' retrieved from /workspaces/f1_data_team/venv/lib/python3.12/site-packages/airflow/example_dags/example_branch_labels.py
[2026-01-04T12:27:29.997+0000] {logging_mixin.py:190} INFO - [2026-01-04T12:27:29.996+0000] {override.py:1911} INFO - Created Permission View: can read on DAG:example_branch_labels
[2026-01-04T12:27:30.005+0000] {logging_mixin.py:190} INFO - [2026-01-04T12:27:30.004+0000] {override.py:1911} INFO - Created Permission View: can edit on DAG:example_branch_labels
[2026-01-04T12:27:30.010+0000] {logging_mixin.py:190} INFO - [2026-01-04T12:27:30.009+0000] {override.py:1911} INFO - Created Permission View: can delete on DAG:example_branch_labels
[2026-01-04T12:27:30.018+0000] {logging_mixin.py:190} INFO - [2026-01-04T12:27:30.017+0000] {override.py:1911} INFO - Created Permission View: can read on DAG Run:example_branch_labels
[2026-01-04T12:27:30.023+0000] {logging_mixin.py:190} INFO - [2026-01-04T12:27:30.022+0000] {override.py:1911} INFO - Created Permission View: menu access on DAG Run:example_branch_labels
[2026-01-04T12:27:30.027+0000] {logging_mixin.py:190} INFO - [2026-01-04T12:27:30.027+0000] {override.py:1911} INFO - Created Permission View: can create on DAG Run:example_branch_labels
[2026-01-04T12:27:30.032+0000] {logging_mixin.py:190} INFO - [2026-01-04T12:27:30.032+0000] {override.py:1911} INFO - Created Permission View: can delete on DAG Run:example_branch_labels
[2026-01-04T12:27:30.033+0000] {logging_mixin.py:190} INFO - [2026-01-04T12:27:30.033+0000] {dag.py:3239} INFO - Sync 1 DAGs
[2026-01-04T12:27:30.042+0000] {logging_mixin.py:190} INFO - [2026-01-04T12:27:30.042+0000] {dag.py:3262} INFO - Creating ORM DAG for example_branch_labels
[2026-01-04T12:27:30.049+0000] {logging_mixin.py:190} INFO - [2026-01-04T12:27:30.049+0000] {dag.py:4180} INFO - Setting next_dagrun for example_branch_labels to 2026-01-03 00:00:00+00:00, run_after=2026-01-04 00:00:00+00:00
[2026-01-04T12:27:30.061+0000] {processor.py:208} INFO - Processing /workspaces/f1_data_team/venv/lib/python3.12/site-packages/airflow/example_dags/example_branch_labels.py took 0.164 seconds
[2026-01-04T12:28:28.753+0000] {processor.py:186} INFO - Started process (PID=25392) to work on /workspaces/f1_data_team/venv/lib/python3.12/site-packages/airflow/example_dags/example_branch_labels.py
[2026-01-04T12:28:28.755+0000] {processor.py:914} INFO - Processing file /workspaces/f1_data_team/venv/lib/python3.12/site-packages/airflow/example_dags/example_branch_labels.py for tasks to queue
[2026-01-04T12:28:28.759+0000] {logging_mixin.py:190} INFO - [2026-01-04T12:28:28.758+0000] {dagbag.py:588} INFO - Filling up the DagBag from /workspaces/f1_data_team/venv/lib/python3.12/site-packages/airflow/example_dags/example_branch_labels.py
[2026-01-04T12:28:28.778+0000] {processor.py:925} INFO - DAG(s) 'example_branch_labels' retrieved from /workspaces/f1_data_team/venv/lib/python3.12/site-packages/airflow/example_dags/example_branch_labels.py
[2026-01-04T12:28:28.792+0000] {logging_mixin.py:190} INFO - [2026-01-04T12:28:28.792+0000] {dag.py:3239} INFO - Sync 1 DAGs
[2026-01-04T12:28:28.808+0000] {logging_mixin.py:190} INFO - [2026-01-04T12:28:28.808+0000] {dag.py:4180} INFO - Setting next_dagrun for example_branch_labels to 2026-01-03 00:00:00+00:00, run_after=2026-01-04 00:00:00+00:00
[2026-01-04T12:28:28.822+0000] {processor.py:208} INFO - Processing /workspaces/f1_data_team/venv/lib/python3.12/site-packages/airflow/example_dags/example_branch_labels.py took 0.073 seconds
[2026-01-04T12:29:25.295+0000] {processor.py:186} INFO - Started process (PID=26592) to work on /workspaces/f1_data_team/venv/lib/python3.12/site-packages/airflow/example_dags/example_branch_labels.py
[2026-01-04T12:29:25.296+0000] {processor.py:914} INFO - Processing file /workspaces/f1_data_team/venv/lib/python3.12/site-packages/airflow/example_dags/example_branch_labels.py for tasks to queue
[2026-01-04T12:29:25.298+0000] {logging_mixin.py:190} INFO - [2026-01-04T12:29:25.298+0000] {dagbag.py:588} INFO - Filling up the DagBag from /workspaces/f1_data_team/venv/lib/python3.12/site-packages/airflow/example_dags/example_branch_labels.py
[2026-01-04T12:29:25.306+0000] {processor.py:925} INFO - DAG(s) 'example_branch_labels' retrieved from /workspaces/f1_data_team/venv/lib/python3.12/site-packages/airflow/example_dags/example_branch_labels.py
[2026-01-04T12:29:25.321+0000] {logging_mixin.py:190} INFO - [2026-01-04T12:29:25.321+0000] {dag.py:3239} INFO - Sync 1 DAGs
[2026-01-04T12:29:25.337+0000] {logging_mixin.py:190} INFO - [2026-01-04T12:29:25.337+0000] {dag.py:4180} INFO - Setting next_dagrun for example_branch_labels to 2026-01-03 00:00:00+00:00, run_after=2026-01-04 00:00:00+00:00
[2026-01-04T12:29:25.351+0000] {processor.py:208} INFO - Processing /workspaces/f1_data_team/venv/lib/python3.12/site-packages/airflow/example_dags/example_branch_labels.py took 0.060 seconds
[2026-01-04T12:31:07.280+0000] {processor.py:186} INFO - Started process (PID=28171) to work on /workspaces/f1_data_team/venv/lib/python3.12/site-packages/airflow/example_dags/example_branch_labels.py
[2026-01-04T12:31:07.281+0000] {processor.py:914} INFO - Processing file /workspaces/f1_data_team/venv/lib/python3.12/site-packages/airflow/example_dags/example_branch_labels.py for tasks to queue
[2026-01-04T12:31:07.282+0000] {logging_mixin.py:190} INFO - [2026-01-04T12:31:07.282+0000] {dagbag.py:588} INFO - Filling up the DagBag from /workspaces/f1_data_team/venv/lib/python3.12/site-packages/airflow/example_dags/example_branch_labels.py
[2026-01-04T12:31:07.290+0000] {processor.py:925} INFO - DAG(s) 'example_branch_labels' retrieved from /workspaces/f1_data_team/venv/lib/python3.12/site-packages/airflow/example_dags/example_branch_labels.py
[2026-01-04T12:31:07.302+0000] {logging_mixin.py:190} INFO - [2026-01-04T12:31:07.302+0000] {dag.py:3239} INFO - Sync 1 DAGs
[2026-01-04T12:31:07.317+0000] {logging_mixin.py:190} INFO - [2026-01-04T12:31:07.317+0000] {dag.py:4180} INFO - Setting next_dagrun for example_branch_labels to 2026-01-03 00:00:00+00:00, run_after=2026-01-04 00:00:00+00:00
[2026-01-04T12:31:07.332+0000] {processor.py:208} INFO - Processing /workspaces/f1_data_team/venv/lib/python3.12/site-packages/airflow/example_dags/example_branch_labels.py took 0.056 seconds
[2026-01-04T12:33:16.416+0000] {processor.py:186} INFO - Started process (PID=30338) to work on /workspaces/f1_data_team/venv/lib/python3.12/site-packages/airflow/example_dags/example_branch_labels.py
[2026-01-04T12:33:16.416+0000] {processor.py:914} INFO - Processing file /workspaces/f1_data_team/venv/lib/python3.12/site-packages/airflow/example_dags/example_branch_labels.py for tasks to queue
[2026-01-04T12:33:16.418+0000] {logging_mixin.py:190} INFO - [2026-01-04T12:33:16.418+0000] {dagbag.py:588} INFO - Filling up the DagBag from /workspaces/f1_data_team/venv/lib/python3.12/site-packages/airflow/example_dags/example_branch_labels.py
[2026-01-04T12:33:16.426+0000] {processor.py:925} INFO - DAG(s) 'example_branch_labels' retrieved from /workspaces/f1_data_team/venv/lib/python3.12/site-packages/airflow/example_dags/example_branch_labels.py
[2026-01-04T12:33:16.439+0000] {logging_mixin.py:190} INFO - [2026-01-04T12:33:16.438+0000] {dag.py:3239} INFO - Sync 1 DAGs
[2026-01-04T12:33:16.456+0000] {logging_mixin.py:190} INFO - [2026-01-04T12:33:16.456+0000] {dag.py:4180} INFO - Setting next_dagrun for example_branch_labels to 2026-01-03 00:00:00+00:00, run_after=2026-01-04 00:00:00+00:00
[2026-01-04T12:33:16.470+0000] {processor.py:208} INFO - Processing /workspaces/f1_data_team/venv/lib/python3.12/site-packages/airflow/example_dags/example_branch_labels.py took 0.059 seconds
[2026-01-04T12:34:14.168+0000] {processor.py:186} INFO - Started process (PID=30898) to work on /workspaces/f1_data_team/venv/lib/python3.12/site-packages/airflow/example_dags/example_branch_labels.py
[2026-01-04T12:34:14.168+0000] {processor.py:914} INFO - Processing file /workspaces/f1_data_team/venv/lib/python3.12/site-packages/airflow/example_dags/example_branch_labels.py for tasks to queue
[2026-01-04T12:34:14.170+0000] {logging_mixin.py:190} INFO - [2026-01-04T12:34:14.170+0000] {dagbag.py:588} INFO - Filling up the DagBag from /workspaces/f1_data_team/venv/lib/python3.12/site-packages/airflow/example_dags/example_branch_labels.py
[2026-01-04T12:34:14.178+0000] {processor.py:925} INFO - DAG(s) 'example_branch_labels' retrieved from /workspaces/f1_data_team/venv/lib/python3.12/site-packages/airflow/example_dags/example_branch_labels.py
[2026-01-04T12:34:14.191+0000] {logging_mixin.py:190} INFO - [2026-01-04T12:34:14.191+0000] {dag.py:3239} INFO - Sync 1 DAGs
[2026-01-04T12:34:14.206+0000] {logging_mixin.py:190} INFO - [2026-01-04T12:34:14.206+0000] {dag.py:4180} INFO - Setting next_dagrun for example_branch_labels to 2026-01-03 00:00:00+00:00, run_after=2026-01-04 00:00:00+00:00
[2026-01-04T12:34:14.221+0000] {processor.py:208} INFO - Processing /workspaces/f1_data_team/venv/lib/python3.12/site-packages/airflow/example_dags/example_branch_labels.py took 0.058 seconds
[2026-01-04T12:35:28.237+0000] {processor.py:186} INFO - Started process (PID=31673) to work on /workspaces/f1_data_team/venv/lib/python3.12/site-packages/airflow/example_dags/example_branch_labels.py
[2026-01-04T12:35:28.237+0000] {processor.py:914} INFO - Processing file /workspaces/f1_data_team/venv/lib/python3.12/site-packages/airflow/example_dags/example_branch_labels.py for tasks to queue
[2026-01-04T12:35:28.239+0000] {logging_mixin.py:190} INFO - [2026-01-04T12:35:28.239+0000] {dagbag.py:588} INFO - Filling up the DagBag from /workspaces/f1_data_team/venv/lib/python3.12/site-packages/airflow/example_dags/example_branch_labels.py
[2026-01-04T12:35:28.247+0000] {processor.py:925} INFO - DAG(s) 'example_branch_labels' retrieved from /workspaces/f1_data_team/venv/lib/python3.12/site-packages/airflow/example_dags/example_branch_labels.py
[2026-01-04T12:35:28.260+0000] {logging_mixin.py:190} INFO - [2026-01-04T12:35:28.260+0000] {dag.py:3239} INFO - Sync 1 DAGs
[2026-01-04T12:35:28.276+0000] {logging_mixin.py:190} INFO - [2026-01-04T12:35:28.276+0000] {dag.py:4180} INFO - Setting next_dagrun for example_branch_labels to 2026-01-03 00:00:00+00:00, run_after=2026-01-04 00:00:00+00:00
[2026-01-04T12:35:28.290+0000] {processor.py:208} INFO - Processing /workspaces/f1_data_team/venv/lib/python3.12/site-packages/airflow/example_dags/example_branch_labels.py took 0.058 seconds
[2026-01-04T12:36:22.589+0000] {processor.py:186} INFO - Started process (PID=32337) to work on /workspaces/f1_data_team/venv/lib/python3.12/site-packages/airflow/example_dags/example_branch_labels.py
[2026-01-04T12:36:22.590+0000] {processor.py:914} INFO - Processing file /workspaces/f1_data_team/venv/lib/python3.12/site-packages/airflow/example_dags/example_branch_labels.py for tasks to queue
[2026-01-04T12:36:22.592+0000] {logging_mixin.py:190} INFO - [2026-01-04T12:36:22.592+0000] {dagbag.py:588} INFO - Filling up the DagBag from /workspaces/f1_data_team/venv/lib/python3.12/site-packages/airflow/example_dags/example_branch_labels.py
[2026-01-04T12:36:22.600+0000] {processor.py:925} INFO - DAG(s) 'example_branch_labels' retrieved from /workspaces/f1_data_team/venv/lib/python3.12/site-packages/airflow/example_dags/example_branch_labels.py
[2026-01-04T12:36:22.613+0000] {logging_mixin.py:190} INFO - [2026-01-04T12:36:22.612+0000] {dag.py:3239} INFO - Sync 1 DAGs
[2026-01-04T12:36:22.628+0000] {logging_mixin.py:190} INFO - [2026-01-04T12:36:22.628+0000] {dag.py:4180} INFO - Setting next_dagrun for example_branch_labels to 2026-01-03 00:00:00+00:00, run_after=2026-01-04 00:00:00+00:00
[2026-01-04T12:36:22.643+0000] {processor.py:208} INFO - Processing /workspaces/f1_data_team/venv/lib/python3.12/site-packages/airflow/example_dags/example_branch_labels.py took 0.058 seconds
[2026-01-04T12:37:43.448+0000] {processor.py:186} INFO - Started process (PID=33316) to work on /workspaces/f1_data_team/venv/lib/python3.12/site-packages/airflow/example_dags/example_branch_labels.py
[2026-01-04T12:37:43.449+0000] {processor.py:914} INFO - Processing file /workspaces/f1_data_team/venv/lib/python3.12/site-packages/airflow/example_dags/example_branch_labels.py for tasks to queue
[2026-01-04T12:37:43.451+0000] {logging_mixin.py:190} INFO - [2026-01-04T12:37:43.450+0000] {dagbag.py:588} INFO - Filling up the DagBag from /workspaces/f1_data_team/venv/lib/python3.12/site-packages/airflow/example_dags/example_branch_labels.py
[2026-01-04T12:37:43.463+0000] {processor.py:925} INFO - DAG(s) 'example_branch_labels' retrieved from /workspaces/f1_data_team/venv/lib/python3.12/site-packages/airflow/example_dags/example_branch_labels.py
[2026-01-04T12:37:43.479+0000] {logging_mixin.py:190} INFO - [2026-01-04T12:37:43.479+0000] {dag.py:3239} INFO - Sync 1 DAGs
[2026-01-04T12:37:43.495+0000] {logging_mixin.py:190} INFO - [2026-01-04T12:37:43.495+0000] {dag.py:4180} INFO - Setting next_dagrun for example_branch_labels to 2026-01-03 00:00:00+00:00, run_after=2026-01-04 00:00:00+00:00
[2026-01-04T12:37:43.510+0000] {processor.py:208} INFO - Processing /workspaces/f1_data_team/venv/lib/python3.12/site-packages/airflow/example_dags/example_branch_labels.py took 0.067 seconds
[2026-01-04T12:39:01.501+0000] {processor.py:186} INFO - Started process (PID=34166) to work on /workspaces/f1_data_team/venv/lib/python3.12/site-packages/airflow/example_dags/example_branch_labels.py
[2026-01-04T12:39:01.502+0000] {processor.py:914} INFO - Processing file /workspaces/f1_data_team/venv/lib/python3.12/site-packages/airflow/example_dags/example_branch_labels.py for tasks to queue
[2026-01-04T12:39:01.504+0000] {logging_mixin.py:190} INFO - [2026-01-04T12:39:01.504+0000] {dagbag.py:588} INFO - Filling up the DagBag from /workspaces/f1_data_team/venv/lib/python3.12/site-packages/airflow/example_dags/example_branch_labels.py
[2026-01-04T12:39:01.512+0000] {processor.py:925} INFO - DAG(s) 'example_branch_labels' retrieved from /workspaces/f1_data_team/venv/lib/python3.12/site-packages/airflow/example_dags/example_branch_labels.py
[2026-01-04T12:39:01.525+0000] {logging_mixin.py:190} INFO - [2026-01-04T12:39:01.524+0000] {dag.py:3239} INFO - Sync 1 DAGs
[2026-01-04T12:39:01.541+0000] {logging_mixin.py:190} INFO - [2026-01-04T12:39:01.540+0000] {dag.py:4180} INFO - Setting next_dagrun for example_branch_labels to 2026-01-03 00:00:00+00:00, run_after=2026-01-04 00:00:00+00:00
[2026-01-04T12:39:01.555+0000] {processor.py:208} INFO - Processing /workspaces/f1_data_team/venv/lib/python3.12/site-packages/airflow/example_dags/example_branch_labels.py took 0.058 seconds
[2026-01-04T12:40:22.289+0000] {processor.py:186} INFO - Started process (PID=34978) to work on /workspaces/f1_data_team/venv/lib/python3.12/site-packages/airflow/example_dags/example_branch_labels.py
[2026-01-04T12:40:22.289+0000] {processor.py:914} INFO - Processing file /workspaces/f1_data_team/venv/lib/python3.12/site-packages/airflow/example_dags/example_branch_labels.py for tasks to queue
[2026-01-04T12:40:22.291+0000] {logging_mixin.py:190} INFO - [2026-01-04T12:40:22.291+0000] {dagbag.py:588} INFO - Filling up the DagBag from /workspaces/f1_data_team/venv/lib/python3.12/site-packages/airflow/example_dags/example_branch_labels.py
[2026-01-04T12:40:22.299+0000] {processor.py:925} INFO - DAG(s) 'example_branch_labels' retrieved from /workspaces/f1_data_team/venv/lib/python3.12/site-packages/airflow/example_dags/example_branch_labels.py
[2026-01-04T12:40:22.312+0000] {logging_mixin.py:190} INFO - [2026-01-04T12:40:22.312+0000] {dag.py:3239} INFO - Sync 1 DAGs
[2026-01-04T12:40:22.329+0000] {logging_mixin.py:190} INFO - [2026-01-04T12:40:22.328+0000] {dag.py:4180} INFO - Setting next_dagrun for example_branch_labels to 2026-01-03 00:00:00+00:00, run_after=2026-01-04 00:00:00+00:00
[2026-01-04T12:40:22.344+0000] {processor.py:208} INFO - Processing /workspaces/f1_data_team/venv/lib/python3.12/site-packages/airflow/example_dags/example_branch_labels.py took 0.060 seconds
[2026-01-04T12:42:11.105+0000] {processor.py:186} INFO - Started process (PID=36437) to work on /workspaces/f1_data_team/venv/lib/python3.12/site-packages/airflow/example_dags/example_branch_labels.py
[2026-01-04T12:42:11.105+0000] {processor.py:914} INFO - Processing file /workspaces/f1_data_team/venv/lib/python3.12/site-packages/airflow/example_dags/example_branch_labels.py for tasks to queue
[2026-01-04T12:42:11.107+0000] {logging_mixin.py:190} INFO - [2026-01-04T12:42:11.107+0000] {dagbag.py:588} INFO - Filling up the DagBag from /workspaces/f1_data_team/venv/lib/python3.12/site-packages/airflow/example_dags/example_branch_labels.py
[2026-01-04T12:42:11.115+0000] {processor.py:925} INFO - DAG(s) 'example_branch_labels' retrieved from /workspaces/f1_data_team/venv/lib/python3.12/site-packages/airflow/example_dags/example_branch_labels.py
[2026-01-04T12:42:11.128+0000] {logging_mixin.py:190} INFO - [2026-01-04T12:42:11.127+0000] {dag.py:3239} INFO - Sync 1 DAGs
[2026-01-04T12:42:11.144+0000] {logging_mixin.py:190} INFO - [2026-01-04T12:42:11.144+0000] {dag.py:4180} INFO - Setting next_dagrun for example_branch_labels to 2026-01-03 00:00:00+00:00, run_after=2026-01-04 00:00:00+00:00
[2026-01-04T12:42:11.158+0000] {processor.py:208} INFO - Processing /workspaces/f1_data_team/venv/lib/python3.12/site-packages/airflow/example_dags/example_branch_labels.py took 0.058 seconds
[2026-01-04T12:43:19.944+0000] {processor.py:186} INFO - Started process (PID=37447) to work on /workspaces/f1_data_team/venv/lib/python3.12/site-packages/airflow/example_dags/example_branch_labels.py
[2026-01-04T12:43:19.945+0000] {processor.py:914} INFO - Processing file /workspaces/f1_data_team/venv/lib/python3.12/site-packages/airflow/example_dags/example_branch_labels.py for tasks to queue
[2026-01-04T12:43:19.947+0000] {logging_mixin.py:190} INFO - [2026-01-04T12:43:19.947+0000] {dagbag.py:588} INFO - Filling up the DagBag from /workspaces/f1_data_team/venv/lib/python3.12/site-packages/airflow/example_dags/example_branch_labels.py
[2026-01-04T12:43:19.955+0000] {processor.py:925} INFO - DAG(s) 'example_branch_labels' retrieved from /workspaces/f1_data_team/venv/lib/python3.12/site-packages/airflow/example_dags/example_branch_labels.py
[2026-01-04T12:43:19.967+0000] {logging_mixin.py:190} INFO - [2026-01-04T12:43:19.967+0000] {dag.py:3239} INFO - Sync 1 DAGs
[2026-01-04T12:43:19.983+0000] {logging_mixin.py:190} INFO - [2026-01-04T12:43:19.983+0000] {dag.py:4180} INFO - Setting next_dagrun for example_branch_labels to 2026-01-03 00:00:00+00:00, run_after=2026-01-04 00:00:00+00:00
[2026-01-04T12:43:19.998+0000] {processor.py:208} INFO - Processing /workspaces/f1_data_team/venv/lib/python3.12/site-packages/airflow/example_dags/example_branch_labels.py took 0.058 seconds
[2026-01-04T12:44:15.584+0000] {processor.py:186} INFO - Started process (PID=38078) to work on /workspaces/f1_data_team/venv/lib/python3.12/site-packages/airflow/example_dags/example_branch_labels.py
[2026-01-04T12:44:15.585+0000] {processor.py:914} INFO - Processing file /workspaces/f1_data_team/venv/lib/python3.12/site-packages/airflow/example_dags/example_branch_labels.py for tasks to queue
[2026-01-04T12:44:15.587+0000] {logging_mixin.py:190} INFO - [2026-01-04T12:44:15.587+0000] {dagbag.py:588} INFO - Filling up the DagBag from /workspaces/f1_data_team/venv/lib/python3.12/site-packages/airflow/example_dags/example_branch_labels.py
[2026-01-04T12:44:15.596+0000] {processor.py:925} INFO - DAG(s) 'example_branch_labels' retrieved from /workspaces/f1_data_team/venv/lib/python3.12/site-packages/airflow/example_dags/example_branch_labels.py
[2026-01-04T12:44:15.609+0000] {logging_mixin.py:190} INFO - [2026-01-04T12:44:15.608+0000] {dag.py:3239} INFO - Sync 1 DAGs
[2026-01-04T12:44:15.624+0000] {logging_mixin.py:190} INFO - [2026-01-04T12:44:15.624+0000] {dag.py:4180} INFO - Setting next_dagrun for example_branch_labels to 2026-01-03 00:00:00+00:00, run_after=2026-01-04 00:00:00+00:00
[2026-01-04T12:44:15.638+0000] {processor.py:208} INFO - Processing /workspaces/f1_data_team/venv/lib/python3.12/site-packages/airflow/example_dags/example_branch_labels.py took 0.060 seconds
[2026-01-04T12:45:40.847+0000] {processor.py:186} INFO - Started process (PID=39485) to work on /workspaces/f1_data_team/venv/lib/python3.12/site-packages/airflow/example_dags/example_branch_labels.py
[2026-01-04T12:45:40.847+0000] {processor.py:914} INFO - Processing file /workspaces/f1_data_team/venv/lib/python3.12/site-packages/airflow/example_dags/example_branch_labels.py for tasks to queue
[2026-01-04T12:45:40.849+0000] {logging_mixin.py:190} INFO - [2026-01-04T12:45:40.849+0000] {dagbag.py:588} INFO - Filling up the DagBag from /workspaces/f1_data_team/venv/lib/python3.12/site-packages/airflow/example_dags/example_branch_labels.py
[2026-01-04T12:45:40.857+0000] {processor.py:925} INFO - DAG(s) 'example_branch_labels' retrieved from /workspaces/f1_data_team/venv/lib/python3.12/site-packages/airflow/example_dags/example_branch_labels.py
[2026-01-04T12:45:40.871+0000] {logging_mixin.py:190} INFO - [2026-01-04T12:45:40.870+0000] {dag.py:3239} INFO - Sync 1 DAGs
[2026-01-04T12:45:40.887+0000] {logging_mixin.py:190} INFO - [2026-01-04T12:45:40.887+0000] {dag.py:4180} INFO - Setting next_dagrun for example_branch_labels to 2026-01-03 00:00:00+00:00, run_after=2026-01-04 00:00:00+00:00
[2026-01-04T12:45:40.901+0000] {processor.py:208} INFO - Processing /workspaces/f1_data_team/venv/lib/python3.12/site-packages/airflow/example_dags/example_branch_labels.py took 0.060 seconds
[2026-01-04T12:46:58.024+0000] {processor.py:186} INFO - Started process (PID=40243) to work on /workspaces/f1_data_team/venv/lib/python3.12/site-packages/airflow/example_dags/example_branch_labels.py
[2026-01-04T12:46:58.024+0000] {processor.py:914} INFO - Processing file /workspaces/f1_data_team/venv/lib/python3.12/site-packages/airflow/example_dags/example_branch_labels.py for tasks to queue
[2026-01-04T12:46:58.026+0000] {logging_mixin.py:190} INFO - [2026-01-04T12:46:58.026+0000] {dagbag.py:588} INFO - Filling up the DagBag from /workspaces/f1_data_team/venv/lib/python3.12/site-packages/airflow/example_dags/example_branch_labels.py
[2026-01-04T12:46:58.034+0000] {processor.py:925} INFO - DAG(s) 'example_branch_labels' retrieved from /workspaces/f1_data_team/venv/lib/python3.12/site-packages/airflow/example_dags/example_branch_labels.py
[2026-01-04T12:46:58.047+0000] {logging_mixin.py:190} INFO - [2026-01-04T12:46:58.047+0000] {dag.py:3239} INFO - Sync 1 DAGs
[2026-01-04T12:46:58.063+0000] {logging_mixin.py:190} INFO - [2026-01-04T12:46:58.062+0000] {dag.py:4180} INFO - Setting next_dagrun for example_branch_labels to 2026-01-03 00:00:00+00:00, run_after=2026-01-04 00:00:00+00:00
[2026-01-04T12:46:58.077+0000] {processor.py:208} INFO - Processing /workspaces/f1_data_team/venv/lib/python3.12/site-packages/airflow/example_dags/example_branch_labels.py took 0.058 seconds
[2026-01-04T12:49:29.532+0000] {processor.py:186} INFO - Started process (PID=42321) to work on /workspaces/f1_data_team/venv/lib/python3.12/site-packages/airflow/example_dags/example_branch_labels.py
[2026-01-04T12:49:29.532+0000] {processor.py:914} INFO - Processing file /workspaces/f1_data_team/venv/lib/python3.12/site-packages/airflow/example_dags/example_branch_labels.py for tasks to queue
[2026-01-04T12:49:29.535+0000] {logging_mixin.py:190} INFO - [2026-01-04T12:49:29.534+0000] {dagbag.py:588} INFO - Filling up the DagBag from /workspaces/f1_data_team/venv/lib/python3.12/site-packages/airflow/example_dags/example_branch_labels.py
[2026-01-04T12:49:29.542+0000] {processor.py:925} INFO - DAG(s) 'example_branch_labels' retrieved from /workspaces/f1_data_team/venv/lib/python3.12/site-packages/airflow/example_dags/example_branch_labels.py
[2026-01-04T12:49:29.556+0000] {logging_mixin.py:190} INFO - [2026-01-04T12:49:29.555+0000] {dag.py:3239} INFO - Sync 1 DAGs
[2026-01-04T12:49:29.572+0000] {logging_mixin.py:190} INFO - [2026-01-04T12:49:29.572+0000] {dag.py:4180} INFO - Setting next_dagrun for example_branch_labels to 2026-01-03 00:00:00+00:00, run_after=2026-01-04 00:00:00+00:00
[2026-01-04T12:49:29.587+0000] {processor.py:208} INFO - Processing /workspaces/f1_data_team/venv/lib/python3.12/site-packages/airflow/example_dags/example_branch_labels.py took 0.060 seconds
[2026-01-04T12:50:27.178+0000] {processor.py:186} INFO - Started process (PID=42851) to work on /workspaces/f1_data_team/venv/lib/python3.12/site-packages/airflow/example_dags/example_branch_labels.py
[2026-01-04T12:50:27.179+0000] {processor.py:914} INFO - Processing file /workspaces/f1_data_team/venv/lib/python3.12/site-packages/airflow/example_dags/example_branch_labels.py for tasks to queue
[2026-01-04T12:50:27.181+0000] {logging_mixin.py:190} INFO - [2026-01-04T12:50:27.180+0000] {dagbag.py:588} INFO - Filling up the DagBag from /workspaces/f1_data_team/venv/lib/python3.12/site-packages/airflow/example_dags/example_branch_labels.py
[2026-01-04T12:50:27.189+0000] {processor.py:925} INFO - DAG(s) 'example_branch_labels' retrieved from /workspaces/f1_data_team/venv/lib/python3.12/site-packages/airflow/example_dags/example_branch_labels.py
[2026-01-04T12:50:27.201+0000] {logging_mixin.py:190} INFO - [2026-01-04T12:50:27.201+0000] {dag.py:3239} INFO - Sync 1 DAGs
[2026-01-04T12:50:27.217+0000] {logging_mixin.py:190} INFO - [2026-01-04T12:50:27.217+0000] {dag.py:4180} INFO - Setting next_dagrun for example_branch_labels to 2026-01-03 00:00:00+00:00, run_after=2026-01-04 00:00:00+00:00
[2026-01-04T12:50:27.232+0000] {processor.py:208} INFO - Processing /workspaces/f1_data_team/venv/lib/python3.12/site-packages/airflow/example_dags/example_branch_labels.py took 0.058 seconds
[2026-01-04T12:52:04.604+0000] {processor.py:186} INFO - Started process (PID=44579) to work on /workspaces/f1_data_team/venv/lib/python3.12/site-packages/airflow/example_dags/example_branch_labels.py
[2026-01-04T12:52:04.605+0000] {processor.py:914} INFO - Processing file /workspaces/f1_data_team/venv/lib/python3.12/site-packages/airflow/example_dags/example_branch_labels.py for tasks to queue
[2026-01-04T12:52:04.608+0000] {logging_mixin.py:190} INFO - [2026-01-04T12:52:04.607+0000] {dagbag.py:588} INFO - Filling up the DagBag from /workspaces/f1_data_team/venv/lib/python3.12/site-packages/airflow/example_dags/example_branch_labels.py
[2026-01-04T12:52:04.616+0000] {processor.py:925} INFO - DAG(s) 'example_branch_labels' retrieved from /workspaces/f1_data_team/venv/lib/python3.12/site-packages/airflow/example_dags/example_branch_labels.py
[2026-01-04T12:52:04.629+0000] {logging_mixin.py:190} INFO - [2026-01-04T12:52:04.628+0000] {dag.py:3239} INFO - Sync 1 DAGs
[2026-01-04T12:52:04.644+0000] {logging_mixin.py:190} INFO - [2026-01-04T12:52:04.644+0000] {dag.py:4180} INFO - Setting next_dagrun for example_branch_labels to 2026-01-03 00:00:00+00:00, run_after=2026-01-04 00:00:00+00:00
[2026-01-04T12:52:04.658+0000] {processor.py:208} INFO - Processing /workspaces/f1_data_team/venv/lib/python3.12/site-packages/airflow/example_dags/example_branch_labels.py took 0.061 seconds
[2026-01-04T12:53:02.357+0000] {processor.py:186} INFO - Started process (PID=45362) to work on /workspaces/f1_data_team/venv/lib/python3.12/site-packages/airflow/example_dags/example_branch_labels.py
[2026-01-04T12:53:02.357+0000] {processor.py:914} INFO - Processing file /workspaces/f1_data_team/venv/lib/python3.12/site-packages/airflow/example_dags/example_branch_labels.py for tasks to queue
[2026-01-04T12:53:02.359+0000] {logging_mixin.py:190} INFO - [2026-01-04T12:53:02.359+0000] {dagbag.py:588} INFO - Filling up the DagBag from /workspaces/f1_data_team/venv/lib/python3.12/site-packages/airflow/example_dags/example_branch_labels.py
[2026-01-04T12:53:02.367+0000] {processor.py:925} INFO - DAG(s) 'example_branch_labels' retrieved from /workspaces/f1_data_team/venv/lib/python3.12/site-packages/airflow/example_dags/example_branch_labels.py
[2026-01-04T12:53:02.380+0000] {logging_mixin.py:190} INFO - [2026-01-04T12:53:02.380+0000] {dag.py:3239} INFO - Sync 1 DAGs
[2026-01-04T12:53:02.396+0000] {logging_mixin.py:190} INFO - [2026-01-04T12:53:02.396+0000] {dag.py:4180} INFO - Setting next_dagrun for example_branch_labels to 2026-01-03 00:00:00+00:00, run_after=2026-01-04 00:00:00+00:00
[2026-01-04T12:53:02.411+0000] {processor.py:208} INFO - Processing /workspaces/f1_data_team/venv/lib/python3.12/site-packages/airflow/example_dags/example_branch_labels.py took 0.060 seconds
[2026-01-04T12:53:57.711+0000] {processor.py:186} INFO - Started process (PID=46149) to work on /workspaces/f1_data_team/venv/lib/python3.12/site-packages/airflow/example_dags/example_branch_labels.py
[2026-01-04T12:53:57.711+0000] {processor.py:914} INFO - Processing file /workspaces/f1_data_team/venv/lib/python3.12/site-packages/airflow/example_dags/example_branch_labels.py for tasks to queue
[2026-01-04T12:53:57.713+0000] {logging_mixin.py:190} INFO - [2026-01-04T12:53:57.713+0000] {dagbag.py:588} INFO - Filling up the DagBag from /workspaces/f1_data_team/venv/lib/python3.12/site-packages/airflow/example_dags/example_branch_labels.py
[2026-01-04T12:53:57.721+0000] {processor.py:925} INFO - DAG(s) 'example_branch_labels' retrieved from /workspaces/f1_data_team/venv/lib/python3.12/site-packages/airflow/example_dags/example_branch_labels.py
[2026-01-04T12:53:57.733+0000] {logging_mixin.py:190} INFO - [2026-01-04T12:53:57.733+0000] {dag.py:3239} INFO - Sync 1 DAGs
[2026-01-04T12:53:57.749+0000] {logging_mixin.py:190} INFO - [2026-01-04T12:53:57.749+0000] {dag.py:4180} INFO - Setting next_dagrun for example_branch_labels to 2026-01-03 00:00:00+00:00, run_after=2026-01-04 00:00:00+00:00
[2026-01-04T12:53:57.764+0000] {processor.py:208} INFO - Processing /workspaces/f1_data_team/venv/lib/python3.12/site-packages/airflow/example_dags/example_branch_labels.py took 0.058 seconds
[2026-01-04T12:55:43.117+0000] {processor.py:186} INFO - Started process (PID=47785) to work on /workspaces/f1_data_team/venv/lib/python3.12/site-packages/airflow/example_dags/example_branch_labels.py
[2026-01-04T12:55:43.118+0000] {processor.py:914} INFO - Processing file /workspaces/f1_data_team/venv/lib/python3.12/site-packages/airflow/example_dags/example_branch_labels.py for tasks to queue
[2026-01-04T12:55:43.120+0000] {logging_mixin.py:190} INFO - [2026-01-04T12:55:43.119+0000] {dagbag.py:588} INFO - Filling up the DagBag from /workspaces/f1_data_team/venv/lib/python3.12/site-packages/airflow/example_dags/example_branch_labels.py
[2026-01-04T12:55:43.127+0000] {processor.py:925} INFO - DAG(s) 'example_branch_labels' retrieved from /workspaces/f1_data_team/venv/lib/python3.12/site-packages/airflow/example_dags/example_branch_labels.py
[2026-01-04T12:55:43.140+0000] {logging_mixin.py:190} INFO - [2026-01-04T12:55:43.140+0000] {dag.py:3239} INFO - Sync 1 DAGs
[2026-01-04T12:55:43.156+0000] {logging_mixin.py:190} INFO - [2026-01-04T12:55:43.156+0000] {dag.py:4180} INFO - Setting next_dagrun for example_branch_labels to 2026-01-03 00:00:00+00:00, run_after=2026-01-04 00:00:00+00:00
[2026-01-04T12:55:43.170+0000] {processor.py:208} INFO - Processing /workspaces/f1_data_team/venv/lib/python3.12/site-packages/airflow/example_dags/example_branch_labels.py took 0.058 seconds
[2026-01-04T12:56:38.397+0000] {processor.py:186} INFO - Started process (PID=48349) to work on /workspaces/f1_data_team/venv/lib/python3.12/site-packages/airflow/example_dags/example_branch_labels.py
[2026-01-04T12:56:38.398+0000] {processor.py:914} INFO - Processing file /workspaces/f1_data_team/venv/lib/python3.12/site-packages/airflow/example_dags/example_branch_labels.py for tasks to queue
[2026-01-04T12:56:38.400+0000] {logging_mixin.py:190} INFO - [2026-01-04T12:56:38.399+0000] {dagbag.py:588} INFO - Filling up the DagBag from /workspaces/f1_data_team/venv/lib/python3.12/site-packages/airflow/example_dags/example_branch_labels.py
[2026-01-04T12:56:38.408+0000] {processor.py:925} INFO - DAG(s) 'example_branch_labels' retrieved from /workspaces/f1_data_team/venv/lib/python3.12/site-packages/airflow/example_dags/example_branch_labels.py
[2026-01-04T12:56:38.420+0000] {logging_mixin.py:190} INFO - [2026-01-04T12:56:38.420+0000] {dag.py:3239} INFO - Sync 1 DAGs
[2026-01-04T12:56:38.437+0000] {logging_mixin.py:190} INFO - [2026-01-04T12:56:38.437+0000] {dag.py:4180} INFO - Setting next_dagrun for example_branch_labels to 2026-01-03 00:00:00+00:00, run_after=2026-01-04 00:00:00+00:00
[2026-01-04T12:56:38.452+0000] {processor.py:208} INFO - Processing /workspaces/f1_data_team/venv/lib/python3.12/site-packages/airflow/example_dags/example_branch_labels.py took 0.060 seconds
[2026-01-04T12:57:53.209+0000] {processor.py:186} INFO - Started process (PID=49033) to work on /workspaces/f1_data_team/venv/lib/python3.12/site-packages/airflow/example_dags/example_branch_labels.py
[2026-01-04T12:57:53.209+0000] {processor.py:914} INFO - Processing file /workspaces/f1_data_team/venv/lib/python3.12/site-packages/airflow/example_dags/example_branch_labels.py for tasks to queue
[2026-01-04T12:57:53.211+0000] {logging_mixin.py:190} INFO - [2026-01-04T12:57:53.211+0000] {dagbag.py:588} INFO - Filling up the DagBag from /workspaces/f1_data_team/venv/lib/python3.12/site-packages/airflow/example_dags/example_branch_labels.py
[2026-01-04T12:57:53.219+0000] {processor.py:925} INFO - DAG(s) 'example_branch_labels' retrieved from /workspaces/f1_data_team/venv/lib/python3.12/site-packages/airflow/example_dags/example_branch_labels.py
[2026-01-04T12:57:53.232+0000] {logging_mixin.py:190} INFO - [2026-01-04T12:57:53.232+0000] {dag.py:3239} INFO - Sync 1 DAGs
[2026-01-04T12:57:53.248+0000] {logging_mixin.py:190} INFO - [2026-01-04T12:57:53.248+0000] {dag.py:4180} INFO - Setting next_dagrun for example_branch_labels to 2026-01-03 00:00:00+00:00, run_after=2026-01-04 00:00:00+00:00
[2026-01-04T12:57:53.264+0000] {processor.py:208} INFO - Processing /workspaces/f1_data_team/venv/lib/python3.12/site-packages/airflow/example_dags/example_branch_labels.py took 0.060 seconds
[2026-01-04T12:59:15.645+0000] {processor.py:186} INFO - Started process (PID=49854) to work on /workspaces/f1_data_team/venv/lib/python3.12/site-packages/airflow/example_dags/example_branch_labels.py
[2026-01-04T12:59:15.646+0000] {processor.py:914} INFO - Processing file /workspaces/f1_data_team/venv/lib/python3.12/site-packages/airflow/example_dags/example_branch_labels.py for tasks to queue
[2026-01-04T12:59:15.648+0000] {logging_mixin.py:190} INFO - [2026-01-04T12:59:15.648+0000] {dagbag.py:588} INFO - Filling up the DagBag from /workspaces/f1_data_team/venv/lib/python3.12/site-packages/airflow/example_dags/example_branch_labels.py
[2026-01-04T12:59:15.658+0000] {processor.py:925} INFO - DAG(s) 'example_branch_labels' retrieved from /workspaces/f1_data_team/venv/lib/python3.12/site-packages/airflow/example_dags/example_branch_labels.py
[2026-01-04T12:59:15.672+0000] {logging_mixin.py:190} INFO - [2026-01-04T12:59:15.672+0000] {dag.py:3239} INFO - Sync 1 DAGs
[2026-01-04T12:59:15.689+0000] {logging_mixin.py:190} INFO - [2026-01-04T12:59:15.689+0000] {dag.py:4180} INFO - Setting next_dagrun for example_branch_labels to 2026-01-03 00:00:00+00:00, run_after=2026-01-04 00:00:00+00:00
[2026-01-04T12:59:15.704+0000] {processor.py:208} INFO - Processing /workspaces/f1_data_team/venv/lib/python3.12/site-packages/airflow/example_dags/example_branch_labels.py took 0.063 seconds
[2026-01-04T13:00:37.695+0000] {processor.py:186} INFO - Started process (PID=50735) to work on /workspaces/f1_data_team/venv/lib/python3.12/site-packages/airflow/example_dags/example_branch_labels.py
[2026-01-04T13:00:37.696+0000] {processor.py:914} INFO - Processing file /workspaces/f1_data_team/venv/lib/python3.12/site-packages/airflow/example_dags/example_branch_labels.py for tasks to queue
[2026-01-04T13:00:37.698+0000] {logging_mixin.py:190} INFO - [2026-01-04T13:00:37.697+0000] {dagbag.py:588} INFO - Filling up the DagBag from /workspaces/f1_data_team/venv/lib/python3.12/site-packages/airflow/example_dags/example_branch_labels.py
[2026-01-04T13:00:37.706+0000] {processor.py:925} INFO - DAG(s) 'example_branch_labels' retrieved from /workspaces/f1_data_team/venv/lib/python3.12/site-packages/airflow/example_dags/example_branch_labels.py
[2026-01-04T13:00:37.718+0000] {logging_mixin.py:190} INFO - [2026-01-04T13:00:37.718+0000] {dag.py:3239} INFO - Sync 1 DAGs
[2026-01-04T13:00:37.734+0000] {logging_mixin.py:190} INFO - [2026-01-04T13:00:37.734+0000] {dag.py:4180} INFO - Setting next_dagrun for example_branch_labels to 2026-01-03 00:00:00+00:00, run_after=2026-01-04 00:00:00+00:00
[2026-01-04T13:00:37.749+0000] {processor.py:208} INFO - Processing /workspaces/f1_data_team/venv/lib/python3.12/site-packages/airflow/example_dags/example_branch_labels.py took 0.059 seconds
[2026-01-04T13:01:49.271+0000] {processor.py:186} INFO - Started process (PID=51673) to work on /workspaces/f1_data_team/venv/lib/python3.12/site-packages/airflow/example_dags/example_branch_labels.py
[2026-01-04T13:01:49.272+0000] {processor.py:914} INFO - Processing file /workspaces/f1_data_team/venv/lib/python3.12/site-packages/airflow/example_dags/example_branch_labels.py for tasks to queue
[2026-01-04T13:01:49.274+0000] {logging_mixin.py:190} INFO - [2026-01-04T13:01:49.273+0000] {dagbag.py:588} INFO - Filling up the DagBag from /workspaces/f1_data_team/venv/lib/python3.12/site-packages/airflow/example_dags/example_branch_labels.py
[2026-01-04T13:01:49.282+0000] {processor.py:925} INFO - DAG(s) 'example_branch_labels' retrieved from /workspaces/f1_data_team/venv/lib/python3.12/site-packages/airflow/example_dags/example_branch_labels.py
[2026-01-04T13:01:49.295+0000] {logging_mixin.py:190} INFO - [2026-01-04T13:01:49.294+0000] {dag.py:3239} INFO - Sync 1 DAGs
[2026-01-04T13:01:49.310+0000] {logging_mixin.py:190} INFO - [2026-01-04T13:01:49.310+0000] {dag.py:4180} INFO - Setting next_dagrun for example_branch_labels to 2026-01-03 00:00:00+00:00, run_after=2026-01-04 00:00:00+00:00
[2026-01-04T13:01:49.324+0000] {processor.py:208} INFO - Processing /workspaces/f1_data_team/venv/lib/python3.12/site-packages/airflow/example_dags/example_branch_labels.py took 0.058 seconds
[2026-01-04T13:03:05.115+0000] {processor.py:186} INFO - Started process (PID=52532) to work on /workspaces/f1_data_team/venv/lib/python3.12/site-packages/airflow/example_dags/example_branch_labels.py
[2026-01-04T13:03:05.116+0000] {processor.py:914} INFO - Processing file /workspaces/f1_data_team/venv/lib/python3.12/site-packages/airflow/example_dags/example_branch_labels.py for tasks to queue
[2026-01-04T13:03:05.119+0000] {logging_mixin.py:190} INFO - [2026-01-04T13:03:05.118+0000] {dagbag.py:588} INFO - Filling up the DagBag from /workspaces/f1_data_team/venv/lib/python3.12/site-packages/airflow/example_dags/example_branch_labels.py
[2026-01-04T13:03:05.127+0000] {processor.py:925} INFO - DAG(s) 'example_branch_labels' retrieved from /workspaces/f1_data_team/venv/lib/python3.12/site-packages/airflow/example_dags/example_branch_labels.py
[2026-01-04T13:03:05.141+0000] {logging_mixin.py:190} INFO - [2026-01-04T13:03:05.140+0000] {dag.py:3239} INFO - Sync 1 DAGs
[2026-01-04T13:03:05.158+0000] {logging_mixin.py:190} INFO - [2026-01-04T13:03:05.158+0000] {dag.py:4180} INFO - Setting next_dagrun for example_branch_labels to 2026-01-03 00:00:00+00:00, run_after=2026-01-04 00:00:00+00:00
[2026-01-04T13:03:05.173+0000] {processor.py:208} INFO - Processing /workspaces/f1_data_team/venv/lib/python3.12/site-packages/airflow/example_dags/example_branch_labels.py took 0.063 seconds
[2026-01-04T13:04:18.309+0000] {processor.py:186} INFO - Started process (PID=53206) to work on /workspaces/f1_data_team/venv/lib/python3.12/site-packages/airflow/example_dags/example_branch_labels.py
[2026-01-04T13:04:18.310+0000] {processor.py:914} INFO - Processing file /workspaces/f1_data_team/venv/lib/python3.12/site-packages/airflow/example_dags/example_branch_labels.py for tasks to queue
[2026-01-04T13:04:18.312+0000] {logging_mixin.py:190} INFO - [2026-01-04T13:04:18.312+0000] {dagbag.py:588} INFO - Filling up the DagBag from /workspaces/f1_data_team/venv/lib/python3.12/site-packages/airflow/example_dags/example_branch_labels.py
[2026-01-04T13:04:18.320+0000] {processor.py:925} INFO - DAG(s) 'example_branch_labels' retrieved from /workspaces/f1_data_team/venv/lib/python3.12/site-packages/airflow/example_dags/example_branch_labels.py
[2026-01-04T13:04:18.333+0000] {logging_mixin.py:190} INFO - [2026-01-04T13:04:18.332+0000] {dag.py:3239} INFO - Sync 1 DAGs
[2026-01-04T13:04:18.348+0000] {logging_mixin.py:190} INFO - [2026-01-04T13:04:18.348+0000] {dag.py:4180} INFO - Setting next_dagrun for example_branch_labels to 2026-01-03 00:00:00+00:00, run_after=2026-01-04 00:00:00+00:00
[2026-01-04T13:04:18.362+0000] {processor.py:208} INFO - Processing /workspaces/f1_data_team/venv/lib/python3.12/site-packages/airflow/example_dags/example_branch_labels.py took 0.057 seconds
[2026-01-04T13:05:39.328+0000] {processor.py:186} INFO - Started process (PID=54006) to work on /workspaces/f1_data_team/venv/lib/python3.12/site-packages/airflow/example_dags/example_branch_labels.py
[2026-01-04T13:05:39.329+0000] {processor.py:914} INFO - Processing file /workspaces/f1_data_team/venv/lib/python3.12/site-packages/airflow/example_dags/example_branch_labels.py for tasks to queue
[2026-01-04T13:05:39.331+0000] {logging_mixin.py:190} INFO - [2026-01-04T13:05:39.330+0000] {dagbag.py:588} INFO - Filling up the DagBag from /workspaces/f1_data_team/venv/lib/python3.12/site-packages/airflow/example_dags/example_branch_labels.py
[2026-01-04T13:05:39.339+0000] {processor.py:925} INFO - DAG(s) 'example_branch_labels' retrieved from /workspaces/f1_data_team/venv/lib/python3.12/site-packages/airflow/example_dags/example_branch_labels.py
[2026-01-04T13:05:39.352+0000] {logging_mixin.py:190} INFO - [2026-01-04T13:05:39.351+0000] {dag.py:3239} INFO - Sync 1 DAGs
[2026-01-04T13:05:39.367+0000] {logging_mixin.py:190} INFO - [2026-01-04T13:05:39.367+0000] {dag.py:4180} INFO - Setting next_dagrun for example_branch_labels to 2026-01-03 00:00:00+00:00, run_after=2026-01-04 00:00:00+00:00
[2026-01-04T13:05:39.382+0000] {processor.py:208} INFO - Processing /workspaces/f1_data_team/venv/lib/python3.12/site-packages/airflow/example_dags/example_branch_labels.py took 0.058 seconds
[2026-01-04T13:06:35.665+0000] {processor.py:186} INFO - Started process (PID=54634) to work on /workspaces/f1_data_team/venv/lib/python3.12/site-packages/airflow/example_dags/example_branch_labels.py
[2026-01-04T13:06:35.666+0000] {processor.py:914} INFO - Processing file /workspaces/f1_data_team/venv/lib/python3.12/site-packages/airflow/example_dags/example_branch_labels.py for tasks to queue
[2026-01-04T13:06:35.668+0000] {logging_mixin.py:190} INFO - [2026-01-04T13:06:35.667+0000] {dagbag.py:588} INFO - Filling up the DagBag from /workspaces/f1_data_team/venv/lib/python3.12/site-packages/airflow/example_dags/example_branch_labels.py
[2026-01-04T13:06:35.676+0000] {processor.py:925} INFO - DAG(s) 'example_branch_labels' retrieved from /workspaces/f1_data_team/venv/lib/python3.12/site-packages/airflow/example_dags/example_branch_labels.py
[2026-01-04T13:06:35.689+0000] {logging_mixin.py:190} INFO - [2026-01-04T13:06:35.688+0000] {dag.py:3239} INFO - Sync 1 DAGs
[2026-01-04T13:06:35.704+0000] {logging_mixin.py:190} INFO - [2026-01-04T13:06:35.704+0000] {dag.py:4180} INFO - Setting next_dagrun for example_branch_labels to 2026-01-03 00:00:00+00:00, run_after=2026-01-04 00:00:00+00:00
[2026-01-04T13:06:35.718+0000] {processor.py:208} INFO - Processing /workspaces/f1_data_team/venv/lib/python3.12/site-packages/airflow/example_dags/example_branch_labels.py took 0.058 seconds
[2026-01-04T13:07:58.071+0000] {processor.py:186} INFO - Started process (PID=55338) to work on /workspaces/f1_data_team/venv/lib/python3.12/site-packages/airflow/example_dags/example_branch_labels.py
[2026-01-04T13:07:58.072+0000] {processor.py:914} INFO - Processing file /workspaces/f1_data_team/venv/lib/python3.12/site-packages/airflow/example_dags/example_branch_labels.py for tasks to queue
[2026-01-04T13:07:58.074+0000] {logging_mixin.py:190} INFO - [2026-01-04T13:07:58.074+0000] {dagbag.py:588} INFO - Filling up the DagBag from /workspaces/f1_data_team/venv/lib/python3.12/site-packages/airflow/example_dags/example_branch_labels.py
[2026-01-04T13:07:58.082+0000] {processor.py:925} INFO - DAG(s) 'example_branch_labels' retrieved from /workspaces/f1_data_team/venv/lib/python3.12/site-packages/airflow/example_dags/example_branch_labels.py
[2026-01-04T13:07:58.096+0000] {logging_mixin.py:190} INFO - [2026-01-04T13:07:58.096+0000] {dag.py:3239} INFO - Sync 1 DAGs
[2026-01-04T13:07:58.113+0000] {logging_mixin.py:190} INFO - [2026-01-04T13:07:58.112+0000] {dag.py:4180} INFO - Setting next_dagrun for example_branch_labels to 2026-01-03 00:00:00+00:00, run_after=2026-01-04 00:00:00+00:00
[2026-01-04T13:07:58.127+0000] {processor.py:208} INFO - Processing /workspaces/f1_data_team/venv/lib/python3.12/site-packages/airflow/example_dags/example_branch_labels.py took 0.060 seconds
[2026-01-04T13:09:16.997+0000] {processor.py:186} INFO - Started process (PID=56042) to work on /workspaces/f1_data_team/venv/lib/python3.12/site-packages/airflow/example_dags/example_branch_labels.py
[2026-01-04T13:09:16.998+0000] {processor.py:914} INFO - Processing file /workspaces/f1_data_team/venv/lib/python3.12/site-packages/airflow/example_dags/example_branch_labels.py for tasks to queue
[2026-01-04T13:09:16.999+0000] {logging_mixin.py:190} INFO - [2026-01-04T13:09:16.999+0000] {dagbag.py:588} INFO - Filling up the DagBag from /workspaces/f1_data_team/venv/lib/python3.12/site-packages/airflow/example_dags/example_branch_labels.py
[2026-01-04T13:09:17.007+0000] {processor.py:925} INFO - DAG(s) 'example_branch_labels' retrieved from /workspaces/f1_data_team/venv/lib/python3.12/site-packages/airflow/example_dags/example_branch_labels.py
[2026-01-04T13:09:17.020+0000] {logging_mixin.py:190} INFO - [2026-01-04T13:09:17.019+0000] {dag.py:3239} INFO - Sync 1 DAGs
[2026-01-04T13:09:17.035+0000] {logging_mixin.py:190} INFO - [2026-01-04T13:09:17.035+0000] {dag.py:4180} INFO - Setting next_dagrun for example_branch_labels to 2026-01-03 00:00:00+00:00, run_after=2026-01-04 00:00:00+00:00
[2026-01-04T13:09:17.050+0000] {processor.py:208} INFO - Processing /workspaces/f1_data_team/venv/lib/python3.12/site-packages/airflow/example_dags/example_branch_labels.py took 0.058 seconds
[2026-01-04T13:10:35.021+0000] {processor.py:186} INFO - Started process (PID=56624) to work on /workspaces/f1_data_team/venv/lib/python3.12/site-packages/airflow/example_dags/example_branch_labels.py
[2026-01-04T13:10:35.022+0000] {processor.py:914} INFO - Processing file /workspaces/f1_data_team/venv/lib/python3.12/site-packages/airflow/example_dags/example_branch_labels.py for tasks to queue
[2026-01-04T13:10:35.024+0000] {logging_mixin.py:190} INFO - [2026-01-04T13:10:35.024+0000] {dagbag.py:588} INFO - Filling up the DagBag from /workspaces/f1_data_team/venv/lib/python3.12/site-packages/airflow/example_dags/example_branch_labels.py
[2026-01-04T13:10:35.032+0000] {processor.py:925} INFO - DAG(s) 'example_branch_labels' retrieved from /workspaces/f1_data_team/venv/lib/python3.12/site-packages/airflow/example_dags/example_branch_labels.py
[2026-01-04T13:10:35.045+0000] {logging_mixin.py:190} INFO - [2026-01-04T13:10:35.044+0000] {dag.py:3239} INFO - Sync 1 DAGs
[2026-01-04T13:10:35.060+0000] {logging_mixin.py:190} INFO - [2026-01-04T13:10:35.060+0000] {dag.py:4180} INFO - Setting next_dagrun for example_branch_labels to 2026-01-03 00:00:00+00:00, run_after=2026-01-04 00:00:00+00:00
[2026-01-04T13:10:35.074+0000] {processor.py:208} INFO - Processing /workspaces/f1_data_team/venv/lib/python3.12/site-packages/airflow/example_dags/example_branch_labels.py took 0.057 seconds
[2026-01-04T13:11:52.138+0000] {processor.py:186} INFO - Started process (PID=57280) to work on /workspaces/f1_data_team/venv/lib/python3.12/site-packages/airflow/example_dags/example_branch_labels.py
[2026-01-04T13:11:52.139+0000] {processor.py:914} INFO - Processing file /workspaces/f1_data_team/venv/lib/python3.12/site-packages/airflow/example_dags/example_branch_labels.py for tasks to queue
[2026-01-04T13:11:52.141+0000] {logging_mixin.py:190} INFO - [2026-01-04T13:11:52.140+0000] {dagbag.py:588} INFO - Filling up the DagBag from /workspaces/f1_data_team/venv/lib/python3.12/site-packages/airflow/example_dags/example_branch_labels.py
[2026-01-04T13:11:52.149+0000] {processor.py:925} INFO - DAG(s) 'example_branch_labels' retrieved from /workspaces/f1_data_team/venv/lib/python3.12/site-packages/airflow/example_dags/example_branch_labels.py
[2026-01-04T13:11:52.162+0000] {logging_mixin.py:190} INFO - [2026-01-04T13:11:52.161+0000] {dag.py:3239} INFO - Sync 1 DAGs
[2026-01-04T13:11:52.177+0000] {logging_mixin.py:190} INFO - [2026-01-04T13:11:52.177+0000] {dag.py:4180} INFO - Setting next_dagrun for example_branch_labels to 2026-01-03 00:00:00+00:00, run_after=2026-01-04 00:00:00+00:00
[2026-01-04T13:11:52.192+0000] {processor.py:208} INFO - Processing /workspaces/f1_data_team/venv/lib/python3.12/site-packages/airflow/example_dags/example_branch_labels.py took 0.059 seconds
[2026-01-04T13:13:10.474+0000] {processor.py:186} INFO - Started process (PID=57945) to work on /workspaces/f1_data_team/venv/lib/python3.12/site-packages/airflow/example_dags/example_branch_labels.py
[2026-01-04T13:13:10.475+0000] {processor.py:914} INFO - Processing file /workspaces/f1_data_team/venv/lib/python3.12/site-packages/airflow/example_dags/example_branch_labels.py for tasks to queue
[2026-01-04T13:13:10.477+0000] {logging_mixin.py:190} INFO - [2026-01-04T13:13:10.476+0000] {dagbag.py:588} INFO - Filling up the DagBag from /workspaces/f1_data_team/venv/lib/python3.12/site-packages/airflow/example_dags/example_branch_labels.py
[2026-01-04T13:13:10.485+0000] {processor.py:925} INFO - DAG(s) 'example_branch_labels' retrieved from /workspaces/f1_data_team/venv/lib/python3.12/site-packages/airflow/example_dags/example_branch_labels.py
[2026-01-04T13:13:10.498+0000] {logging_mixin.py:190} INFO - [2026-01-04T13:13:10.497+0000] {dag.py:3239} INFO - Sync 1 DAGs
[2026-01-04T13:13:10.513+0000] {logging_mixin.py:190} INFO - [2026-01-04T13:13:10.513+0000] {dag.py:4180} INFO - Setting next_dagrun for example_branch_labels to 2026-01-03 00:00:00+00:00, run_after=2026-01-04 00:00:00+00:00
[2026-01-04T13:13:10.528+0000] {processor.py:208} INFO - Processing /workspaces/f1_data_team/venv/lib/python3.12/site-packages/airflow/example_dags/example_branch_labels.py took 0.059 seconds
[2026-01-04T13:14:29.681+0000] {processor.py:186} INFO - Started process (PID=58531) to work on /workspaces/f1_data_team/venv/lib/python3.12/site-packages/airflow/example_dags/example_branch_labels.py
[2026-01-04T13:14:29.682+0000] {processor.py:914} INFO - Processing file /workspaces/f1_data_team/venv/lib/python3.12/site-packages/airflow/example_dags/example_branch_labels.py for tasks to queue
[2026-01-04T13:14:29.684+0000] {logging_mixin.py:190} INFO - [2026-01-04T13:14:29.683+0000] {dagbag.py:588} INFO - Filling up the DagBag from /workspaces/f1_data_team/venv/lib/python3.12/site-packages/airflow/example_dags/example_branch_labels.py
[2026-01-04T13:14:29.692+0000] {processor.py:925} INFO - DAG(s) 'example_branch_labels' retrieved from /workspaces/f1_data_team/venv/lib/python3.12/site-packages/airflow/example_dags/example_branch_labels.py
[2026-01-04T13:14:29.704+0000] {logging_mixin.py:190} INFO - [2026-01-04T13:14:29.704+0000] {dag.py:3239} INFO - Sync 1 DAGs
[2026-01-04T13:14:29.720+0000] {logging_mixin.py:190} INFO - [2026-01-04T13:14:29.720+0000] {dag.py:4180} INFO - Setting next_dagrun for example_branch_labels to 2026-01-03 00:00:00+00:00, run_after=2026-01-04 00:00:00+00:00
[2026-01-04T13:14:29.736+0000] {processor.py:208} INFO - Processing /workspaces/f1_data_team/venv/lib/python3.12/site-packages/airflow/example_dags/example_branch_labels.py took 0.061 seconds
[2026-01-04T13:15:45.698+0000] {processor.py:186} INFO - Started process (PID=59118) to work on /workspaces/f1_data_team/venv/lib/python3.12/site-packages/airflow/example_dags/example_branch_labels.py
[2026-01-04T13:15:45.699+0000] {processor.py:914} INFO - Processing file /workspaces/f1_data_team/venv/lib/python3.12/site-packages/airflow/example_dags/example_branch_labels.py for tasks to queue
[2026-01-04T13:15:45.701+0000] {logging_mixin.py:190} INFO - [2026-01-04T13:15:45.701+0000] {dagbag.py:588} INFO - Filling up the DagBag from /workspaces/f1_data_team/venv/lib/python3.12/site-packages/airflow/example_dags/example_branch_labels.py
[2026-01-04T13:15:45.709+0000] {processor.py:925} INFO - DAG(s) 'example_branch_labels' retrieved from /workspaces/f1_data_team/venv/lib/python3.12/site-packages/airflow/example_dags/example_branch_labels.py
[2026-01-04T13:15:45.722+0000] {logging_mixin.py:190} INFO - [2026-01-04T13:15:45.722+0000] {dag.py:3239} INFO - Sync 1 DAGs
[2026-01-04T13:15:45.737+0000] {logging_mixin.py:190} INFO - [2026-01-04T13:15:45.737+0000] {dag.py:4180} INFO - Setting next_dagrun for example_branch_labels to 2026-01-03 00:00:00+00:00, run_after=2026-01-04 00:00:00+00:00
[2026-01-04T13:15:45.751+0000] {processor.py:208} INFO - Processing /workspaces/f1_data_team/venv/lib/python3.12/site-packages/airflow/example_dags/example_branch_labels.py took 0.058 seconds
[2026-01-04T13:17:05.111+0000] {processor.py:186} INFO - Started process (PID=59793) to work on /workspaces/f1_data_team/venv/lib/python3.12/site-packages/airflow/example_dags/example_branch_labels.py
[2026-01-04T13:17:05.111+0000] {processor.py:914} INFO - Processing file /workspaces/f1_data_team/venv/lib/python3.12/site-packages/airflow/example_dags/example_branch_labels.py for tasks to queue
[2026-01-04T13:17:05.113+0000] {logging_mixin.py:190} INFO - [2026-01-04T13:17:05.113+0000] {dagbag.py:588} INFO - Filling up the DagBag from /workspaces/f1_data_team/venv/lib/python3.12/site-packages/airflow/example_dags/example_branch_labels.py
[2026-01-04T13:17:05.121+0000] {processor.py:925} INFO - DAG(s) 'example_branch_labels' retrieved from /workspaces/f1_data_team/venv/lib/python3.12/site-packages/airflow/example_dags/example_branch_labels.py
[2026-01-04T13:17:05.134+0000] {logging_mixin.py:190} INFO - [2026-01-04T13:17:05.134+0000] {dag.py:3239} INFO - Sync 1 DAGs
[2026-01-04T13:17:05.150+0000] {logging_mixin.py:190} INFO - [2026-01-04T13:17:05.150+0000] {dag.py:4180} INFO - Setting next_dagrun for example_branch_labels to 2026-01-03 00:00:00+00:00, run_after=2026-01-04 00:00:00+00:00
[2026-01-04T13:17:05.164+0000] {processor.py:208} INFO - Processing /workspaces/f1_data_team/venv/lib/python3.12/site-packages/airflow/example_dags/example_branch_labels.py took 0.058 seconds
[2026-01-04T13:18:21.499+0000] {processor.py:186} INFO - Started process (PID=60428) to work on /workspaces/f1_data_team/venv/lib/python3.12/site-packages/airflow/example_dags/example_branch_labels.py
[2026-01-04T13:18:21.500+0000] {processor.py:914} INFO - Processing file /workspaces/f1_data_team/venv/lib/python3.12/site-packages/airflow/example_dags/example_branch_labels.py for tasks to queue
[2026-01-04T13:18:21.502+0000] {logging_mixin.py:190} INFO - [2026-01-04T13:18:21.501+0000] {dagbag.py:588} INFO - Filling up the DagBag from /workspaces/f1_data_team/venv/lib/python3.12/site-packages/airflow/example_dags/example_branch_labels.py
[2026-01-04T13:18:21.510+0000] {processor.py:925} INFO - DAG(s) 'example_branch_labels' retrieved from /workspaces/f1_data_team/venv/lib/python3.12/site-packages/airflow/example_dags/example_branch_labels.py
[2026-01-04T13:18:21.523+0000] {logging_mixin.py:190} INFO - [2026-01-04T13:18:21.523+0000] {dag.py:3239} INFO - Sync 1 DAGs
[2026-01-04T13:18:21.539+0000] {logging_mixin.py:190} INFO - [2026-01-04T13:18:21.539+0000] {dag.py:4180} INFO - Setting next_dagrun for example_branch_labels to 2026-01-03 00:00:00+00:00, run_after=2026-01-04 00:00:00+00:00
[2026-01-04T13:18:21.554+0000] {processor.py:208} INFO - Processing /workspaces/f1_data_team/venv/lib/python3.12/site-packages/airflow/example_dags/example_branch_labels.py took 0.059 seconds
[2026-01-04T13:19:39.595+0000] {processor.py:186} INFO - Started process (PID=61024) to work on /workspaces/f1_data_team/venv/lib/python3.12/site-packages/airflow/example_dags/example_branch_labels.py
[2026-01-04T13:19:39.596+0000] {processor.py:914} INFO - Processing file /workspaces/f1_data_team/venv/lib/python3.12/site-packages/airflow/example_dags/example_branch_labels.py for tasks to queue
[2026-01-04T13:19:39.598+0000] {logging_mixin.py:190} INFO - [2026-01-04T13:19:39.598+0000] {dagbag.py:588} INFO - Filling up the DagBag from /workspaces/f1_data_team/venv/lib/python3.12/site-packages/airflow/example_dags/example_branch_labels.py
[2026-01-04T13:19:39.606+0000] {processor.py:925} INFO - DAG(s) 'example_branch_labels' retrieved from /workspaces/f1_data_team/venv/lib/python3.12/site-packages/airflow/example_dags/example_branch_labels.py
[2026-01-04T13:19:39.618+0000] {logging_mixin.py:190} INFO - [2026-01-04T13:19:39.618+0000] {dag.py:3239} INFO - Sync 1 DAGs
[2026-01-04T13:19:39.635+0000] {logging_mixin.py:190} INFO - [2026-01-04T13:19:39.634+0000] {dag.py:4180} INFO - Setting next_dagrun for example_branch_labels to 2026-01-03 00:00:00+00:00, run_after=2026-01-04 00:00:00+00:00
[2026-01-04T13:19:39.649+0000] {processor.py:208} INFO - Processing /workspaces/f1_data_team/venv/lib/python3.12/site-packages/airflow/example_dags/example_branch_labels.py took 0.058 seconds
[2026-01-04T13:21:00.764+0000] {processor.py:186} INFO - Started process (PID=61638) to work on /workspaces/f1_data_team/venv/lib/python3.12/site-packages/airflow/example_dags/example_branch_labels.py
[2026-01-04T13:21:00.766+0000] {processor.py:914} INFO - Processing file /workspaces/f1_data_team/venv/lib/python3.12/site-packages/airflow/example_dags/example_branch_labels.py for tasks to queue
[2026-01-04T13:21:00.769+0000] {logging_mixin.py:190} INFO - [2026-01-04T13:21:00.769+0000] {dagbag.py:588} INFO - Filling up the DagBag from /workspaces/f1_data_team/venv/lib/python3.12/site-packages/airflow/example_dags/example_branch_labels.py
[2026-01-04T13:21:00.785+0000] {processor.py:925} INFO - DAG(s) 'example_branch_labels' retrieved from /workspaces/f1_data_team/venv/lib/python3.12/site-packages/airflow/example_dags/example_branch_labels.py
[2026-01-04T13:21:00.805+0000] {logging_mixin.py:190} INFO - [2026-01-04T13:21:00.805+0000] {dag.py:3239} INFO - Sync 1 DAGs
[2026-01-04T13:21:00.826+0000] {logging_mixin.py:190} INFO - [2026-01-04T13:21:00.826+0000] {dag.py:4180} INFO - Setting next_dagrun for example_branch_labels to 2026-01-03 00:00:00+00:00, run_after=2026-01-04 00:00:00+00:00
[2026-01-04T13:21:00.840+0000] {processor.py:208} INFO - Processing /workspaces/f1_data_team/venv/lib/python3.12/site-packages/airflow/example_dags/example_branch_labels.py took 0.083 seconds
[2026-01-04T13:21:55.334+0000] {processor.py:186} INFO - Started process (PID=62129) to work on /workspaces/f1_data_team/venv/lib/python3.12/site-packages/airflow/example_dags/example_branch_labels.py
[2026-01-04T13:21:55.335+0000] {processor.py:914} INFO - Processing file /workspaces/f1_data_team/venv/lib/python3.12/site-packages/airflow/example_dags/example_branch_labels.py for tasks to queue
[2026-01-04T13:21:55.337+0000] {logging_mixin.py:190} INFO - [2026-01-04T13:21:55.337+0000] {dagbag.py:588} INFO - Filling up the DagBag from /workspaces/f1_data_team/venv/lib/python3.12/site-packages/airflow/example_dags/example_branch_labels.py
[2026-01-04T13:21:55.345+0000] {processor.py:925} INFO - DAG(s) 'example_branch_labels' retrieved from /workspaces/f1_data_team/venv/lib/python3.12/site-packages/airflow/example_dags/example_branch_labels.py
[2026-01-04T13:21:55.358+0000] {logging_mixin.py:190} INFO - [2026-01-04T13:21:55.358+0000] {dag.py:3239} INFO - Sync 1 DAGs
[2026-01-04T13:21:55.374+0000] {logging_mixin.py:190} INFO - [2026-01-04T13:21:55.374+0000] {dag.py:4180} INFO - Setting next_dagrun for example_branch_labels to 2026-01-03 00:00:00+00:00, run_after=2026-01-04 00:00:00+00:00
[2026-01-04T13:21:55.388+0000] {processor.py:208} INFO - Processing /workspaces/f1_data_team/venv/lib/python3.12/site-packages/airflow/example_dags/example_branch_labels.py took 0.058 seconds
[2026-01-04T13:23:12.380+0000] {processor.py:186} INFO - Started process (PID=62791) to work on /workspaces/f1_data_team/venv/lib/python3.12/site-packages/airflow/example_dags/example_branch_labels.py
[2026-01-04T13:23:12.381+0000] {processor.py:914} INFO - Processing file /workspaces/f1_data_team/venv/lib/python3.12/site-packages/airflow/example_dags/example_branch_labels.py for tasks to queue
[2026-01-04T13:23:12.383+0000] {logging_mixin.py:190} INFO - [2026-01-04T13:23:12.383+0000] {dagbag.py:588} INFO - Filling up the DagBag from /workspaces/f1_data_team/venv/lib/python3.12/site-packages/airflow/example_dags/example_branch_labels.py
[2026-01-04T13:23:12.391+0000] {processor.py:925} INFO - DAG(s) 'example_branch_labels' retrieved from /workspaces/f1_data_team/venv/lib/python3.12/site-packages/airflow/example_dags/example_branch_labels.py
[2026-01-04T13:23:12.404+0000] {logging_mixin.py:190} INFO - [2026-01-04T13:23:12.403+0000] {dag.py:3239} INFO - Sync 1 DAGs
[2026-01-04T13:23:12.419+0000] {logging_mixin.py:190} INFO - [2026-01-04T13:23:12.419+0000] {dag.py:4180} INFO - Setting next_dagrun for example_branch_labels to 2026-01-03 00:00:00+00:00, run_after=2026-01-04 00:00:00+00:00
[2026-01-04T13:23:12.435+0000] {processor.py:208} INFO - Processing /workspaces/f1_data_team/venv/lib/python3.12/site-packages/airflow/example_dags/example_branch_labels.py took 0.059 seconds
[2026-01-04T13:24:30.652+0000] {processor.py:186} INFO - Started process (PID=63388) to work on /workspaces/f1_data_team/venv/lib/python3.12/site-packages/airflow/example_dags/example_branch_labels.py
[2026-01-04T13:24:30.653+0000] {processor.py:914} INFO - Processing file /workspaces/f1_data_team/venv/lib/python3.12/site-packages/airflow/example_dags/example_branch_labels.py for tasks to queue
[2026-01-04T13:24:30.655+0000] {logging_mixin.py:190} INFO - [2026-01-04T13:24:30.654+0000] {dagbag.py:588} INFO - Filling up the DagBag from /workspaces/f1_data_team/venv/lib/python3.12/site-packages/airflow/example_dags/example_branch_labels.py
[2026-01-04T13:24:30.663+0000] {processor.py:925} INFO - DAG(s) 'example_branch_labels' retrieved from /workspaces/f1_data_team/venv/lib/python3.12/site-packages/airflow/example_dags/example_branch_labels.py
[2026-01-04T13:24:30.676+0000] {logging_mixin.py:190} INFO - [2026-01-04T13:24:30.676+0000] {dag.py:3239} INFO - Sync 1 DAGs
[2026-01-04T13:24:30.693+0000] {logging_mixin.py:190} INFO - [2026-01-04T13:24:30.693+0000] {dag.py:4180} INFO - Setting next_dagrun for example_branch_labels to 2026-01-03 00:00:00+00:00, run_after=2026-01-04 00:00:00+00:00
[2026-01-04T13:24:30.707+0000] {processor.py:208} INFO - Processing /workspaces/f1_data_team/venv/lib/python3.12/site-packages/airflow/example_dags/example_branch_labels.py took 0.060 seconds
[2026-01-04T13:25:48.038+0000] {processor.py:186} INFO - Started process (PID=63966) to work on /workspaces/f1_data_team/venv/lib/python3.12/site-packages/airflow/example_dags/example_branch_labels.py
[2026-01-04T13:25:48.039+0000] {processor.py:914} INFO - Processing file /workspaces/f1_data_team/venv/lib/python3.12/site-packages/airflow/example_dags/example_branch_labels.py for tasks to queue
[2026-01-04T13:25:48.041+0000] {logging_mixin.py:190} INFO - [2026-01-04T13:25:48.041+0000] {dagbag.py:588} INFO - Filling up the DagBag from /workspaces/f1_data_team/venv/lib/python3.12/site-packages/airflow/example_dags/example_branch_labels.py
[2026-01-04T13:25:48.049+0000] {processor.py:925} INFO - DAG(s) 'example_branch_labels' retrieved from /workspaces/f1_data_team/venv/lib/python3.12/site-packages/airflow/example_dags/example_branch_labels.py
[2026-01-04T13:25:48.062+0000] {logging_mixin.py:190} INFO - [2026-01-04T13:25:48.061+0000] {dag.py:3239} INFO - Sync 1 DAGs
[2026-01-04T13:25:48.077+0000] {logging_mixin.py:190} INFO - [2026-01-04T13:25:48.077+0000] {dag.py:4180} INFO - Setting next_dagrun for example_branch_labels to 2026-01-03 00:00:00+00:00, run_after=2026-01-04 00:00:00+00:00
[2026-01-04T13:25:48.091+0000] {processor.py:208} INFO - Processing /workspaces/f1_data_team/venv/lib/python3.12/site-packages/airflow/example_dags/example_branch_labels.py took 0.058 seconds
[2026-01-04T13:27:10.176+0000] {processor.py:186} INFO - Started process (PID=64714) to work on /workspaces/f1_data_team/venv/lib/python3.12/site-packages/airflow/example_dags/example_branch_labels.py
[2026-01-04T13:27:10.176+0000] {processor.py:914} INFO - Processing file /workspaces/f1_data_team/venv/lib/python3.12/site-packages/airflow/example_dags/example_branch_labels.py for tasks to queue
[2026-01-04T13:27:10.178+0000] {logging_mixin.py:190} INFO - [2026-01-04T13:27:10.178+0000] {dagbag.py:588} INFO - Filling up the DagBag from /workspaces/f1_data_team/venv/lib/python3.12/site-packages/airflow/example_dags/example_branch_labels.py
[2026-01-04T13:27:10.187+0000] {processor.py:925} INFO - DAG(s) 'example_branch_labels' retrieved from /workspaces/f1_data_team/venv/lib/python3.12/site-packages/airflow/example_dags/example_branch_labels.py
[2026-01-04T13:27:10.200+0000] {logging_mixin.py:190} INFO - [2026-01-04T13:27:10.200+0000] {dag.py:3239} INFO - Sync 1 DAGs
[2026-01-04T13:27:10.215+0000] {logging_mixin.py:190} INFO - [2026-01-04T13:27:10.215+0000] {dag.py:4180} INFO - Setting next_dagrun for example_branch_labels to 2026-01-03 00:00:00+00:00, run_after=2026-01-04 00:00:00+00:00
[2026-01-04T13:27:10.229+0000] {processor.py:208} INFO - Processing /workspaces/f1_data_team/venv/lib/python3.12/site-packages/airflow/example_dags/example_branch_labels.py took 0.058 seconds
[2026-01-04T13:28:27.015+0000] {processor.py:186} INFO - Started process (PID=65301) to work on /workspaces/f1_data_team/venv/lib/python3.12/site-packages/airflow/example_dags/example_branch_labels.py
[2026-01-04T13:28:27.016+0000] {processor.py:914} INFO - Processing file /workspaces/f1_data_team/venv/lib/python3.12/site-packages/airflow/example_dags/example_branch_labels.py for tasks to queue
[2026-01-04T13:28:27.018+0000] {logging_mixin.py:190} INFO - [2026-01-04T13:28:27.017+0000] {dagbag.py:588} INFO - Filling up the DagBag from /workspaces/f1_data_team/venv/lib/python3.12/site-packages/airflow/example_dags/example_branch_labels.py
[2026-01-04T13:28:27.026+0000] {processor.py:925} INFO - DAG(s) 'example_branch_labels' retrieved from /workspaces/f1_data_team/venv/lib/python3.12/site-packages/airflow/example_dags/example_branch_labels.py
[2026-01-04T13:28:27.040+0000] {logging_mixin.py:190} INFO - [2026-01-04T13:28:27.039+0000] {dag.py:3239} INFO - Sync 1 DAGs
[2026-01-04T13:28:27.056+0000] {logging_mixin.py:190} INFO - [2026-01-04T13:28:27.056+0000] {dag.py:4180} INFO - Setting next_dagrun for example_branch_labels to 2026-01-03 00:00:00+00:00, run_after=2026-01-04 00:00:00+00:00
[2026-01-04T13:28:27.072+0000] {processor.py:208} INFO - Processing /workspaces/f1_data_team/venv/lib/python3.12/site-packages/airflow/example_dags/example_branch_labels.py took 0.062 seconds
[2026-01-04T13:29:46.071+0000] {processor.py:186} INFO - Started process (PID=65904) to work on /workspaces/f1_data_team/venv/lib/python3.12/site-packages/airflow/example_dags/example_branch_labels.py
[2026-01-04T13:29:46.071+0000] {processor.py:914} INFO - Processing file /workspaces/f1_data_team/venv/lib/python3.12/site-packages/airflow/example_dags/example_branch_labels.py for tasks to queue
[2026-01-04T13:29:46.073+0000] {logging_mixin.py:190} INFO - [2026-01-04T13:29:46.073+0000] {dagbag.py:588} INFO - Filling up the DagBag from /workspaces/f1_data_team/venv/lib/python3.12/site-packages/airflow/example_dags/example_branch_labels.py
[2026-01-04T13:29:46.082+0000] {processor.py:925} INFO - DAG(s) 'example_branch_labels' retrieved from /workspaces/f1_data_team/venv/lib/python3.12/site-packages/airflow/example_dags/example_branch_labels.py
[2026-01-04T13:29:46.095+0000] {logging_mixin.py:190} INFO - [2026-01-04T13:29:46.094+0000] {dag.py:3239} INFO - Sync 1 DAGs
[2026-01-04T13:29:46.110+0000] {logging_mixin.py:190} INFO - [2026-01-04T13:29:46.110+0000] {dag.py:4180} INFO - Setting next_dagrun for example_branch_labels to 2026-01-03 00:00:00+00:00, run_after=2026-01-04 00:00:00+00:00
[2026-01-04T13:29:46.124+0000] {processor.py:208} INFO - Processing /workspaces/f1_data_team/venv/lib/python3.12/site-packages/airflow/example_dags/example_branch_labels.py took 0.059 seconds
[2026-01-04T13:30:40.310+0000] {processor.py:186} INFO - Started process (PID=66333) to work on /workspaces/f1_data_team/venv/lib/python3.12/site-packages/airflow/example_dags/example_branch_labels.py
[2026-01-04T13:30:40.311+0000] {processor.py:914} INFO - Processing file /workspaces/f1_data_team/venv/lib/python3.12/site-packages/airflow/example_dags/example_branch_labels.py for tasks to queue
[2026-01-04T13:30:40.313+0000] {logging_mixin.py:190} INFO - [2026-01-04T13:30:40.312+0000] {dagbag.py:588} INFO - Filling up the DagBag from /workspaces/f1_data_team/venv/lib/python3.12/site-packages/airflow/example_dags/example_branch_labels.py
[2026-01-04T13:30:40.321+0000] {processor.py:925} INFO - DAG(s) 'example_branch_labels' retrieved from /workspaces/f1_data_team/venv/lib/python3.12/site-packages/airflow/example_dags/example_branch_labels.py
[2026-01-04T13:30:40.333+0000] {logging_mixin.py:190} INFO - [2026-01-04T13:30:40.333+0000] {dag.py:3239} INFO - Sync 1 DAGs
[2026-01-04T13:30:40.349+0000] {logging_mixin.py:190} INFO - [2026-01-04T13:30:40.349+0000] {dag.py:4180} INFO - Setting next_dagrun for example_branch_labels to 2026-01-03 00:00:00+00:00, run_after=2026-01-04 00:00:00+00:00
[2026-01-04T13:30:40.363+0000] {processor.py:208} INFO - Processing /workspaces/f1_data_team/venv/lib/python3.12/site-packages/airflow/example_dags/example_branch_labels.py took 0.058 seconds
[2026-01-04T13:31:50.644+0000] {processor.py:186} INFO - Started process (PID=66938) to work on /workspaces/f1_data_team/venv/lib/python3.12/site-packages/airflow/example_dags/example_branch_labels.py
[2026-01-04T13:31:50.645+0000] {processor.py:914} INFO - Processing file /workspaces/f1_data_team/venv/lib/python3.12/site-packages/airflow/example_dags/example_branch_labels.py for tasks to queue
[2026-01-04T13:31:50.647+0000] {logging_mixin.py:190} INFO - [2026-01-04T13:31:50.647+0000] {dagbag.py:588} INFO - Filling up the DagBag from /workspaces/f1_data_team/venv/lib/python3.12/site-packages/airflow/example_dags/example_branch_labels.py
[2026-01-04T13:31:50.655+0000] {processor.py:925} INFO - DAG(s) 'example_branch_labels' retrieved from /workspaces/f1_data_team/venv/lib/python3.12/site-packages/airflow/example_dags/example_branch_labels.py
[2026-01-04T13:31:50.668+0000] {logging_mixin.py:190} INFO - [2026-01-04T13:31:50.667+0000] {dag.py:3239} INFO - Sync 1 DAGs
[2026-01-04T13:31:50.684+0000] {logging_mixin.py:190} INFO - [2026-01-04T13:31:50.683+0000] {dag.py:4180} INFO - Setting next_dagrun for example_branch_labels to 2026-01-03 00:00:00+00:00, run_after=2026-01-04 00:00:00+00:00
[2026-01-04T13:31:50.698+0000] {processor.py:208} INFO - Processing /workspaces/f1_data_team/venv/lib/python3.12/site-packages/airflow/example_dags/example_branch_labels.py took 0.058 seconds
[2026-01-04T13:33:06.097+0000] {processor.py:186} INFO - Started process (PID=67524) to work on /workspaces/f1_data_team/venv/lib/python3.12/site-packages/airflow/example_dags/example_branch_labels.py
[2026-01-04T13:33:06.098+0000] {processor.py:914} INFO - Processing file /workspaces/f1_data_team/venv/lib/python3.12/site-packages/airflow/example_dags/example_branch_labels.py for tasks to queue
[2026-01-04T13:33:06.100+0000] {logging_mixin.py:190} INFO - [2026-01-04T13:33:06.100+0000] {dagbag.py:588} INFO - Filling up the DagBag from /workspaces/f1_data_team/venv/lib/python3.12/site-packages/airflow/example_dags/example_branch_labels.py
[2026-01-04T13:33:06.108+0000] {processor.py:925} INFO - DAG(s) 'example_branch_labels' retrieved from /workspaces/f1_data_team/venv/lib/python3.12/site-packages/airflow/example_dags/example_branch_labels.py
[2026-01-04T13:33:06.121+0000] {logging_mixin.py:190} INFO - [2026-01-04T13:33:06.121+0000] {dag.py:3239} INFO - Sync 1 DAGs
[2026-01-04T13:33:06.137+0000] {logging_mixin.py:190} INFO - [2026-01-04T13:33:06.137+0000] {dag.py:4180} INFO - Setting next_dagrun for example_branch_labels to 2026-01-03 00:00:00+00:00, run_after=2026-01-04 00:00:00+00:00
[2026-01-04T13:33:06.155+0000] {processor.py:208} INFO - Processing /workspaces/f1_data_team/venv/lib/python3.12/site-packages/airflow/example_dags/example_branch_labels.py took 0.063 seconds
[2026-01-04T13:34:25.738+0000] {processor.py:186} INFO - Started process (PID=68178) to work on /workspaces/f1_data_team/venv/lib/python3.12/site-packages/airflow/example_dags/example_branch_labels.py
[2026-01-04T13:34:25.739+0000] {processor.py:914} INFO - Processing file /workspaces/f1_data_team/venv/lib/python3.12/site-packages/airflow/example_dags/example_branch_labels.py for tasks to queue
[2026-01-04T13:34:25.741+0000] {logging_mixin.py:190} INFO - [2026-01-04T13:34:25.740+0000] {dagbag.py:588} INFO - Filling up the DagBag from /workspaces/f1_data_team/venv/lib/python3.12/site-packages/airflow/example_dags/example_branch_labels.py
[2026-01-04T13:34:25.749+0000] {processor.py:925} INFO - DAG(s) 'example_branch_labels' retrieved from /workspaces/f1_data_team/venv/lib/python3.12/site-packages/airflow/example_dags/example_branch_labels.py
[2026-01-04T13:34:25.762+0000] {logging_mixin.py:190} INFO - [2026-01-04T13:34:25.762+0000] {dag.py:3239} INFO - Sync 1 DAGs
[2026-01-04T13:34:25.778+0000] {logging_mixin.py:190} INFO - [2026-01-04T13:34:25.778+0000] {dag.py:4180} INFO - Setting next_dagrun for example_branch_labels to 2026-01-03 00:00:00+00:00, run_after=2026-01-04 00:00:00+00:00
[2026-01-04T13:34:25.792+0000] {processor.py:208} INFO - Processing /workspaces/f1_data_team/venv/lib/python3.12/site-packages/airflow/example_dags/example_branch_labels.py took 0.058 seconds
[2026-01-04T13:35:44.455+0000] {processor.py:186} INFO - Started process (PID=68781) to work on /workspaces/f1_data_team/venv/lib/python3.12/site-packages/airflow/example_dags/example_branch_labels.py
[2026-01-04T13:35:44.456+0000] {processor.py:914} INFO - Processing file /workspaces/f1_data_team/venv/lib/python3.12/site-packages/airflow/example_dags/example_branch_labels.py for tasks to queue
[2026-01-04T13:35:44.458+0000] {logging_mixin.py:190} INFO - [2026-01-04T13:35:44.458+0000] {dagbag.py:588} INFO - Filling up the DagBag from /workspaces/f1_data_team/venv/lib/python3.12/site-packages/airflow/example_dags/example_branch_labels.py
[2026-01-04T13:35:44.466+0000] {processor.py:925} INFO - DAG(s) 'example_branch_labels' retrieved from /workspaces/f1_data_team/venv/lib/python3.12/site-packages/airflow/example_dags/example_branch_labels.py
[2026-01-04T13:35:44.479+0000] {logging_mixin.py:190} INFO - [2026-01-04T13:35:44.478+0000] {dag.py:3239} INFO - Sync 1 DAGs
[2026-01-04T13:35:44.494+0000] {logging_mixin.py:190} INFO - [2026-01-04T13:35:44.494+0000] {dag.py:4180} INFO - Setting next_dagrun for example_branch_labels to 2026-01-03 00:00:00+00:00, run_after=2026-01-04 00:00:00+00:00
[2026-01-04T13:35:44.508+0000] {processor.py:208} INFO - Processing /workspaces/f1_data_team/venv/lib/python3.12/site-packages/airflow/example_dags/example_branch_labels.py took 0.058 seconds
[2026-01-04T13:37:00.570+0000] {processor.py:186} INFO - Started process (PID=69432) to work on /workspaces/f1_data_team/venv/lib/python3.12/site-packages/airflow/example_dags/example_branch_labels.py
[2026-01-04T13:37:00.570+0000] {processor.py:914} INFO - Processing file /workspaces/f1_data_team/venv/lib/python3.12/site-packages/airflow/example_dags/example_branch_labels.py for tasks to queue
[2026-01-04T13:37:00.572+0000] {logging_mixin.py:190} INFO - [2026-01-04T13:37:00.572+0000] {dagbag.py:588} INFO - Filling up the DagBag from /workspaces/f1_data_team/venv/lib/python3.12/site-packages/airflow/example_dags/example_branch_labels.py
[2026-01-04T13:37:00.580+0000] {processor.py:925} INFO - DAG(s) 'example_branch_labels' retrieved from /workspaces/f1_data_team/venv/lib/python3.12/site-packages/airflow/example_dags/example_branch_labels.py
[2026-01-04T13:37:00.593+0000] {logging_mixin.py:190} INFO - [2026-01-04T13:37:00.592+0000] {dag.py:3239} INFO - Sync 1 DAGs
[2026-01-04T13:37:00.608+0000] {logging_mixin.py:190} INFO - [2026-01-04T13:37:00.608+0000] {dag.py:4180} INFO - Setting next_dagrun for example_branch_labels to 2026-01-03 00:00:00+00:00, run_after=2026-01-04 00:00:00+00:00
[2026-01-04T13:37:00.622+0000] {processor.py:208} INFO - Processing /workspaces/f1_data_team/venv/lib/python3.12/site-packages/airflow/example_dags/example_branch_labels.py took 0.057 seconds
