[2026-01-04T12:26:53.392+0000] {processor.py:186} INFO - Started process (PID=24595) to work on /workspaces/f1_data_team/venv/lib/python3.12/site-packages/airflow/example_dags/example_task_group_decorator.py
[2026-01-04T12:26:53.392+0000] {processor.py:914} INFO - Processing file /workspaces/f1_data_team/venv/lib/python3.12/site-packages/airflow/example_dags/example_task_group_decorator.py for tasks to queue
[2026-01-04T12:26:53.394+0000] {logging_mixin.py:190} INFO - [2026-01-04T12:26:53.394+0000] {dagbag.py:588} INFO - Filling up the DagBag from /workspaces/f1_data_team/venv/lib/python3.12/site-packages/airflow/example_dags/example_task_group_decorator.py
[2026-01-04T12:26:53.408+0000] {processor.py:925} INFO - DAG(s) 'example_task_group_decorator' retrieved from /workspaces/f1_data_team/venv/lib/python3.12/site-packages/airflow/example_dags/example_task_group_decorator.py
[2026-01-04T12:26:53.492+0000] {logging_mixin.py:190} INFO - [2026-01-04T12:26:53.491+0000] {override.py:1911} INFO - Created Permission View: can read on DAG:example_task_group_decorator
[2026-01-04T12:26:53.499+0000] {logging_mixin.py:190} INFO - [2026-01-04T12:26:53.499+0000] {override.py:1911} INFO - Created Permission View: can edit on DAG:example_task_group_decorator
[2026-01-04T12:26:53.504+0000] {logging_mixin.py:190} INFO - [2026-01-04T12:26:53.504+0000] {override.py:1911} INFO - Created Permission View: can delete on DAG:example_task_group_decorator
[2026-01-04T12:26:53.514+0000] {logging_mixin.py:190} INFO - [2026-01-04T12:26:53.513+0000] {override.py:1911} INFO - Created Permission View: can read on DAG Run:example_task_group_decorator
[2026-01-04T12:26:53.519+0000] {logging_mixin.py:190} INFO - [2026-01-04T12:26:53.519+0000] {override.py:1911} INFO - Created Permission View: menu access on DAG Run:example_task_group_decorator
[2026-01-04T12:26:53.524+0000] {logging_mixin.py:190} INFO - [2026-01-04T12:26:53.523+0000] {override.py:1911} INFO - Created Permission View: can create on DAG Run:example_task_group_decorator
[2026-01-04T12:26:53.529+0000] {logging_mixin.py:190} INFO - [2026-01-04T12:26:53.528+0000] {override.py:1911} INFO - Created Permission View: can delete on DAG Run:example_task_group_decorator
[2026-01-04T12:26:53.529+0000] {logging_mixin.py:190} INFO - [2026-01-04T12:26:53.529+0000] {dag.py:3239} INFO - Sync 1 DAGs
[2026-01-04T12:26:53.539+0000] {logging_mixin.py:190} INFO - [2026-01-04T12:26:53.539+0000] {dag.py:3262} INFO - Creating ORM DAG for example_task_group_decorator
[2026-01-04T12:26:53.540+0000] {logging_mixin.py:190} INFO - [2026-01-04T12:26:53.540+0000] {dag.py:4180} INFO - Setting next_dagrun for example_task_group_decorator to None, run_after=None
[2026-01-04T12:26:53.553+0000] {processor.py:208} INFO - Processing /workspaces/f1_data_team/venv/lib/python3.12/site-packages/airflow/example_dags/example_task_group_decorator.py took 0.166 seconds
[2026-01-04T12:27:54.947+0000] {processor.py:186} INFO - Started process (PID=25135) to work on /workspaces/f1_data_team/venv/lib/python3.12/site-packages/airflow/example_dags/example_task_group_decorator.py
[2026-01-04T12:27:54.948+0000] {processor.py:914} INFO - Processing file /workspaces/f1_data_team/venv/lib/python3.12/site-packages/airflow/example_dags/example_task_group_decorator.py for tasks to queue
[2026-01-04T12:27:54.950+0000] {logging_mixin.py:190} INFO - [2026-01-04T12:27:54.949+0000] {dagbag.py:588} INFO - Filling up the DagBag from /workspaces/f1_data_team/venv/lib/python3.12/site-packages/airflow/example_dags/example_task_group_decorator.py
[2026-01-04T12:27:54.962+0000] {processor.py:925} INFO - DAG(s) 'example_task_group_decorator' retrieved from /workspaces/f1_data_team/venv/lib/python3.12/site-packages/airflow/example_dags/example_task_group_decorator.py
[2026-01-04T12:27:54.977+0000] {logging_mixin.py:190} INFO - [2026-01-04T12:27:54.977+0000] {dag.py:3239} INFO - Sync 1 DAGs
[2026-01-04T12:27:54.987+0000] {logging_mixin.py:190} INFO - [2026-01-04T12:27:54.987+0000] {dag.py:4180} INFO - Setting next_dagrun for example_task_group_decorator to None, run_after=None
[2026-01-04T12:27:55.002+0000] {processor.py:208} INFO - Processing /workspaces/f1_data_team/venv/lib/python3.12/site-packages/airflow/example_dags/example_task_group_decorator.py took 0.059 seconds
[2026-01-04T12:28:51.899+0000] {processor.py:186} INFO - Started process (PID=25673) to work on /workspaces/f1_data_team/venv/lib/python3.12/site-packages/airflow/example_dags/example_task_group_decorator.py
[2026-01-04T12:28:51.901+0000] {processor.py:914} INFO - Processing file /workspaces/f1_data_team/venv/lib/python3.12/site-packages/airflow/example_dags/example_task_group_decorator.py for tasks to queue
[2026-01-04T12:28:51.902+0000] {logging_mixin.py:190} INFO - [2026-01-04T12:28:51.902+0000] {dagbag.py:588} INFO - Filling up the DagBag from /workspaces/f1_data_team/venv/lib/python3.12/site-packages/airflow/example_dags/example_task_group_decorator.py
[2026-01-04T12:28:51.914+0000] {processor.py:925} INFO - DAG(s) 'example_task_group_decorator' retrieved from /workspaces/f1_data_team/venv/lib/python3.12/site-packages/airflow/example_dags/example_task_group_decorator.py
[2026-01-04T12:28:51.929+0000] {logging_mixin.py:190} INFO - [2026-01-04T12:28:51.929+0000] {dag.py:3239} INFO - Sync 1 DAGs
[2026-01-04T12:28:51.939+0000] {logging_mixin.py:190} INFO - [2026-01-04T12:28:51.938+0000] {dag.py:4180} INFO - Setting next_dagrun for example_task_group_decorator to None, run_after=None
[2026-01-04T12:28:51.954+0000] {processor.py:208} INFO - Processing /workspaces/f1_data_team/venv/lib/python3.12/site-packages/airflow/example_dags/example_task_group_decorator.py took 0.060 seconds
[2026-01-04T12:30:32.482+0000] {processor.py:186} INFO - Started process (PID=27572) to work on /workspaces/f1_data_team/venv/lib/python3.12/site-packages/airflow/example_dags/example_task_group_decorator.py
[2026-01-04T12:30:32.483+0000] {processor.py:914} INFO - Processing file /workspaces/f1_data_team/venv/lib/python3.12/site-packages/airflow/example_dags/example_task_group_decorator.py for tasks to queue
[2026-01-04T12:30:32.485+0000] {logging_mixin.py:190} INFO - [2026-01-04T12:30:32.485+0000] {dagbag.py:588} INFO - Filling up the DagBag from /workspaces/f1_data_team/venv/lib/python3.12/site-packages/airflow/example_dags/example_task_group_decorator.py
[2026-01-04T12:30:32.498+0000] {processor.py:925} INFO - DAG(s) 'example_task_group_decorator' retrieved from /workspaces/f1_data_team/venv/lib/python3.12/site-packages/airflow/example_dags/example_task_group_decorator.py
[2026-01-04T12:30:32.513+0000] {logging_mixin.py:190} INFO - [2026-01-04T12:30:32.513+0000] {dag.py:3239} INFO - Sync 1 DAGs
[2026-01-04T12:30:32.523+0000] {logging_mixin.py:190} INFO - [2026-01-04T12:30:32.523+0000] {dag.py:4180} INFO - Setting next_dagrun for example_task_group_decorator to None, run_after=None
[2026-01-04T12:30:32.537+0000] {processor.py:208} INFO - Processing /workspaces/f1_data_team/venv/lib/python3.12/site-packages/airflow/example_dags/example_task_group_decorator.py took 0.060 seconds
[2026-01-04T12:31:32.802+0000] {processor.py:186} INFO - Started process (PID=28609) to work on /workspaces/f1_data_team/venv/lib/python3.12/site-packages/airflow/example_dags/example_task_group_decorator.py
[2026-01-04T12:31:32.803+0000] {processor.py:914} INFO - Processing file /workspaces/f1_data_team/venv/lib/python3.12/site-packages/airflow/example_dags/example_task_group_decorator.py for tasks to queue
[2026-01-04T12:31:32.805+0000] {logging_mixin.py:190} INFO - [2026-01-04T12:31:32.805+0000] {dagbag.py:588} INFO - Filling up the DagBag from /workspaces/f1_data_team/venv/lib/python3.12/site-packages/airflow/example_dags/example_task_group_decorator.py
[2026-01-04T12:31:32.817+0000] {processor.py:925} INFO - DAG(s) 'example_task_group_decorator' retrieved from /workspaces/f1_data_team/venv/lib/python3.12/site-packages/airflow/example_dags/example_task_group_decorator.py
[2026-01-04T12:31:32.834+0000] {logging_mixin.py:190} INFO - [2026-01-04T12:31:32.834+0000] {dag.py:3239} INFO - Sync 1 DAGs
[2026-01-04T12:31:32.844+0000] {logging_mixin.py:190} INFO - [2026-01-04T12:31:32.843+0000] {dag.py:4180} INFO - Setting next_dagrun for example_task_group_decorator to None, run_after=None
[2026-01-04T12:31:32.858+0000] {processor.py:208} INFO - Processing /workspaces/f1_data_team/venv/lib/python3.12/site-packages/airflow/example_dags/example_task_group_decorator.py took 0.060 seconds
[2026-01-04T12:32:40.351+0000] {processor.py:186} INFO - Started process (PID=29733) to work on /workspaces/f1_data_team/venv/lib/python3.12/site-packages/airflow/example_dags/example_task_group_decorator.py
[2026-01-04T12:32:40.352+0000] {processor.py:914} INFO - Processing file /workspaces/f1_data_team/venv/lib/python3.12/site-packages/airflow/example_dags/example_task_group_decorator.py for tasks to queue
[2026-01-04T12:32:40.353+0000] {logging_mixin.py:190} INFO - [2026-01-04T12:32:40.353+0000] {dagbag.py:588} INFO - Filling up the DagBag from /workspaces/f1_data_team/venv/lib/python3.12/site-packages/airflow/example_dags/example_task_group_decorator.py
[2026-01-04T12:32:40.367+0000] {processor.py:925} INFO - DAG(s) 'example_task_group_decorator' retrieved from /workspaces/f1_data_team/venv/lib/python3.12/site-packages/airflow/example_dags/example_task_group_decorator.py
[2026-01-04T12:32:40.384+0000] {logging_mixin.py:190} INFO - [2026-01-04T12:32:40.383+0000] {dag.py:3239} INFO - Sync 1 DAGs
[2026-01-04T12:32:40.393+0000] {logging_mixin.py:190} INFO - [2026-01-04T12:32:40.393+0000] {dag.py:4180} INFO - Setting next_dagrun for example_task_group_decorator to None, run_after=None
[2026-01-04T12:32:40.408+0000] {processor.py:208} INFO - Processing /workspaces/f1_data_team/venv/lib/python3.12/site-packages/airflow/example_dags/example_task_group_decorator.py took 0.062 seconds
[2026-01-04T12:33:40.360+0000] {processor.py:186} INFO - Started process (PID=30645) to work on /workspaces/f1_data_team/venv/lib/python3.12/site-packages/airflow/example_dags/example_task_group_decorator.py
[2026-01-04T12:33:40.361+0000] {processor.py:914} INFO - Processing file /workspaces/f1_data_team/venv/lib/python3.12/site-packages/airflow/example_dags/example_task_group_decorator.py for tasks to queue
[2026-01-04T12:33:40.363+0000] {logging_mixin.py:190} INFO - [2026-01-04T12:33:40.363+0000] {dagbag.py:588} INFO - Filling up the DagBag from /workspaces/f1_data_team/venv/lib/python3.12/site-packages/airflow/example_dags/example_task_group_decorator.py
[2026-01-04T12:33:40.375+0000] {processor.py:925} INFO - DAG(s) 'example_task_group_decorator' retrieved from /workspaces/f1_data_team/venv/lib/python3.12/site-packages/airflow/example_dags/example_task_group_decorator.py
[2026-01-04T12:33:40.391+0000] {logging_mixin.py:190} INFO - [2026-01-04T12:33:40.391+0000] {dag.py:3239} INFO - Sync 1 DAGs
[2026-01-04T12:33:40.401+0000] {logging_mixin.py:190} INFO - [2026-01-04T12:33:40.401+0000] {dag.py:4180} INFO - Setting next_dagrun for example_task_group_decorator to None, run_after=None
[2026-01-04T12:33:40.416+0000] {processor.py:208} INFO - Processing /workspaces/f1_data_team/venv/lib/python3.12/site-packages/airflow/example_dags/example_task_group_decorator.py took 0.060 seconds
[2026-01-04T12:34:37.188+0000] {processor.py:186} INFO - Started process (PID=31154) to work on /workspaces/f1_data_team/venv/lib/python3.12/site-packages/airflow/example_dags/example_task_group_decorator.py
[2026-01-04T12:34:37.189+0000] {processor.py:914} INFO - Processing file /workspaces/f1_data_team/venv/lib/python3.12/site-packages/airflow/example_dags/example_task_group_decorator.py for tasks to queue
[2026-01-04T12:34:37.191+0000] {logging_mixin.py:190} INFO - [2026-01-04T12:34:37.191+0000] {dagbag.py:588} INFO - Filling up the DagBag from /workspaces/f1_data_team/venv/lib/python3.12/site-packages/airflow/example_dags/example_task_group_decorator.py
[2026-01-04T12:34:37.203+0000] {processor.py:925} INFO - DAG(s) 'example_task_group_decorator' retrieved from /workspaces/f1_data_team/venv/lib/python3.12/site-packages/airflow/example_dags/example_task_group_decorator.py
[2026-01-04T12:34:37.219+0000] {logging_mixin.py:190} INFO - [2026-01-04T12:34:37.219+0000] {dag.py:3239} INFO - Sync 1 DAGs
[2026-01-04T12:34:37.229+0000] {logging_mixin.py:190} INFO - [2026-01-04T12:34:37.229+0000] {dag.py:4180} INFO - Setting next_dagrun for example_task_group_decorator to None, run_after=None
[2026-01-04T12:34:37.243+0000] {processor.py:208} INFO - Processing /workspaces/f1_data_team/venv/lib/python3.12/site-packages/airflow/example_dags/example_task_group_decorator.py took 0.060 seconds
[2026-01-04T12:35:33.254+0000] {processor.py:186} INFO - Started process (PID=31702) to work on /workspaces/f1_data_team/venv/lib/python3.12/site-packages/airflow/example_dags/example_task_group_decorator.py
[2026-01-04T12:35:33.254+0000] {processor.py:914} INFO - Processing file /workspaces/f1_data_team/venv/lib/python3.12/site-packages/airflow/example_dags/example_task_group_decorator.py for tasks to queue
[2026-01-04T12:35:33.256+0000] {logging_mixin.py:190} INFO - [2026-01-04T12:35:33.256+0000] {dagbag.py:588} INFO - Filling up the DagBag from /workspaces/f1_data_team/venv/lib/python3.12/site-packages/airflow/example_dags/example_task_group_decorator.py
[2026-01-04T12:35:33.276+0000] {processor.py:925} INFO - DAG(s) 'example_task_group_decorator' retrieved from /workspaces/f1_data_team/venv/lib/python3.12/site-packages/airflow/example_dags/example_task_group_decorator.py
[2026-01-04T12:35:33.291+0000] {logging_mixin.py:190} INFO - [2026-01-04T12:35:33.291+0000] {dag.py:3239} INFO - Sync 1 DAGs
[2026-01-04T12:35:33.300+0000] {logging_mixin.py:190} INFO - [2026-01-04T12:35:33.300+0000] {dag.py:4180} INFO - Setting next_dagrun for example_task_group_decorator to None, run_after=None
[2026-01-04T12:35:33.315+0000] {processor.py:208} INFO - Processing /workspaces/f1_data_team/venv/lib/python3.12/site-packages/airflow/example_dags/example_task_group_decorator.py took 0.065 seconds
[2026-01-04T12:36:26.286+0000] {processor.py:186} INFO - Started process (PID=32356) to work on /workspaces/f1_data_team/venv/lib/python3.12/site-packages/airflow/example_dags/example_task_group_decorator.py
[2026-01-04T12:36:26.287+0000] {processor.py:914} INFO - Processing file /workspaces/f1_data_team/venv/lib/python3.12/site-packages/airflow/example_dags/example_task_group_decorator.py for tasks to queue
[2026-01-04T12:36:26.289+0000] {logging_mixin.py:190} INFO - [2026-01-04T12:36:26.289+0000] {dagbag.py:588} INFO - Filling up the DagBag from /workspaces/f1_data_team/venv/lib/python3.12/site-packages/airflow/example_dags/example_task_group_decorator.py
[2026-01-04T12:36:26.302+0000] {processor.py:925} INFO - DAG(s) 'example_task_group_decorator' retrieved from /workspaces/f1_data_team/venv/lib/python3.12/site-packages/airflow/example_dags/example_task_group_decorator.py
[2026-01-04T12:36:26.318+0000] {logging_mixin.py:190} INFO - [2026-01-04T12:36:26.318+0000] {dag.py:3239} INFO - Sync 1 DAGs
[2026-01-04T12:36:26.328+0000] {logging_mixin.py:190} INFO - [2026-01-04T12:36:26.328+0000] {dag.py:4180} INFO - Setting next_dagrun for example_task_group_decorator to None, run_after=None
[2026-01-04T12:36:26.343+0000] {processor.py:208} INFO - Processing /workspaces/f1_data_team/venv/lib/python3.12/site-packages/airflow/example_dags/example_task_group_decorator.py took 0.061 seconds
[2026-01-04T12:37:19.141+0000] {processor.py:186} INFO - Started process (PID=32868) to work on /workspaces/f1_data_team/venv/lib/python3.12/site-packages/airflow/example_dags/example_task_group_decorator.py
[2026-01-04T12:37:19.142+0000] {processor.py:914} INFO - Processing file /workspaces/f1_data_team/venv/lib/python3.12/site-packages/airflow/example_dags/example_task_group_decorator.py for tasks to queue
[2026-01-04T12:37:19.144+0000] {logging_mixin.py:190} INFO - [2026-01-04T12:37:19.144+0000] {dagbag.py:588} INFO - Filling up the DagBag from /workspaces/f1_data_team/venv/lib/python3.12/site-packages/airflow/example_dags/example_task_group_decorator.py
[2026-01-04T12:37:19.156+0000] {processor.py:925} INFO - DAG(s) 'example_task_group_decorator' retrieved from /workspaces/f1_data_team/venv/lib/python3.12/site-packages/airflow/example_dags/example_task_group_decorator.py
[2026-01-04T12:37:19.171+0000] {logging_mixin.py:190} INFO - [2026-01-04T12:37:19.171+0000] {dag.py:3239} INFO - Sync 1 DAGs
[2026-01-04T12:37:19.182+0000] {logging_mixin.py:190} INFO - [2026-01-04T12:37:19.181+0000] {dag.py:4180} INFO - Setting next_dagrun for example_task_group_decorator to None, run_after=None
[2026-01-04T12:37:19.196+0000] {processor.py:208} INFO - Processing /workspaces/f1_data_team/venv/lib/python3.12/site-packages/airflow/example_dags/example_task_group_decorator.py took 0.059 seconds
[2026-01-04T12:38:13.137+0000] {processor.py:186} INFO - Started process (PID=33712) to work on /workspaces/f1_data_team/venv/lib/python3.12/site-packages/airflow/example_dags/example_task_group_decorator.py
[2026-01-04T12:38:13.138+0000] {processor.py:914} INFO - Processing file /workspaces/f1_data_team/venv/lib/python3.12/site-packages/airflow/example_dags/example_task_group_decorator.py for tasks to queue
[2026-01-04T12:38:13.140+0000] {logging_mixin.py:190} INFO - [2026-01-04T12:38:13.139+0000] {dagbag.py:588} INFO - Filling up the DagBag from /workspaces/f1_data_team/venv/lib/python3.12/site-packages/airflow/example_dags/example_task_group_decorator.py
[2026-01-04T12:38:13.152+0000] {processor.py:925} INFO - DAG(s) 'example_task_group_decorator' retrieved from /workspaces/f1_data_team/venv/lib/python3.12/site-packages/airflow/example_dags/example_task_group_decorator.py
[2026-01-04T12:38:13.168+0000] {logging_mixin.py:190} INFO - [2026-01-04T12:38:13.168+0000] {dag.py:3239} INFO - Sync 1 DAGs
[2026-01-04T12:38:13.178+0000] {logging_mixin.py:190} INFO - [2026-01-04T12:38:13.177+0000] {dag.py:4180} INFO - Setting next_dagrun for example_task_group_decorator to None, run_after=None
[2026-01-04T12:38:13.192+0000] {processor.py:208} INFO - Processing /workspaces/f1_data_team/venv/lib/python3.12/site-packages/airflow/example_dags/example_task_group_decorator.py took 0.059 seconds
[2026-01-04T12:39:04.812+0000] {processor.py:186} INFO - Started process (PID=34180) to work on /workspaces/f1_data_team/venv/lib/python3.12/site-packages/airflow/example_dags/example_task_group_decorator.py
[2026-01-04T12:39:04.812+0000] {processor.py:914} INFO - Processing file /workspaces/f1_data_team/venv/lib/python3.12/site-packages/airflow/example_dags/example_task_group_decorator.py for tasks to queue
[2026-01-04T12:39:04.814+0000] {logging_mixin.py:190} INFO - [2026-01-04T12:39:04.814+0000] {dagbag.py:588} INFO - Filling up the DagBag from /workspaces/f1_data_team/venv/lib/python3.12/site-packages/airflow/example_dags/example_task_group_decorator.py
[2026-01-04T12:39:04.826+0000] {processor.py:925} INFO - DAG(s) 'example_task_group_decorator' retrieved from /workspaces/f1_data_team/venv/lib/python3.12/site-packages/airflow/example_dags/example_task_group_decorator.py
[2026-01-04T12:39:04.842+0000] {logging_mixin.py:190} INFO - [2026-01-04T12:39:04.842+0000] {dag.py:3239} INFO - Sync 1 DAGs
[2026-01-04T12:39:04.851+0000] {logging_mixin.py:190} INFO - [2026-01-04T12:39:04.851+0000] {dag.py:4180} INFO - Setting next_dagrun for example_task_group_decorator to None, run_after=None
[2026-01-04T12:39:04.867+0000] {processor.py:208} INFO - Processing /workspaces/f1_data_team/venv/lib/python3.12/site-packages/airflow/example_dags/example_task_group_decorator.py took 0.060 seconds
[2026-01-04T12:39:59.993+0000] {processor.py:186} INFO - Started process (PID=34691) to work on /workspaces/f1_data_team/venv/lib/python3.12/site-packages/airflow/example_dags/example_task_group_decorator.py
[2026-01-04T12:39:59.993+0000] {processor.py:914} INFO - Processing file /workspaces/f1_data_team/venv/lib/python3.12/site-packages/airflow/example_dags/example_task_group_decorator.py for tasks to queue
[2026-01-04T12:39:59.995+0000] {logging_mixin.py:190} INFO - [2026-01-04T12:39:59.995+0000] {dagbag.py:588} INFO - Filling up the DagBag from /workspaces/f1_data_team/venv/lib/python3.12/site-packages/airflow/example_dags/example_task_group_decorator.py
[2026-01-04T12:40:00.011+0000] {processor.py:925} INFO - DAG(s) 'example_task_group_decorator' retrieved from /workspaces/f1_data_team/venv/lib/python3.12/site-packages/airflow/example_dags/example_task_group_decorator.py
[2026-01-04T12:40:00.031+0000] {logging_mixin.py:190} INFO - [2026-01-04T12:40:00.031+0000] {dag.py:3239} INFO - Sync 1 DAGs
[2026-01-04T12:40:00.041+0000] {logging_mixin.py:190} INFO - [2026-01-04T12:40:00.041+0000] {dag.py:4180} INFO - Setting next_dagrun for example_task_group_decorator to None, run_after=None
[2026-01-04T12:40:00.056+0000] {processor.py:208} INFO - Processing /workspaces/f1_data_team/venv/lib/python3.12/site-packages/airflow/example_dags/example_task_group_decorator.py took 0.068 seconds
[2026-01-04T12:40:53.218+0000] {processor.py:186} INFO - Started process (PID=35244) to work on /workspaces/f1_data_team/venv/lib/python3.12/site-packages/airflow/example_dags/example_task_group_decorator.py
[2026-01-04T12:40:53.219+0000] {processor.py:914} INFO - Processing file /workspaces/f1_data_team/venv/lib/python3.12/site-packages/airflow/example_dags/example_task_group_decorator.py for tasks to queue
[2026-01-04T12:40:53.221+0000] {logging_mixin.py:190} INFO - [2026-01-04T12:40:53.221+0000] {dagbag.py:588} INFO - Filling up the DagBag from /workspaces/f1_data_team/venv/lib/python3.12/site-packages/airflow/example_dags/example_task_group_decorator.py
[2026-01-04T12:40:53.235+0000] {processor.py:925} INFO - DAG(s) 'example_task_group_decorator' retrieved from /workspaces/f1_data_team/venv/lib/python3.12/site-packages/airflow/example_dags/example_task_group_decorator.py
[2026-01-04T12:40:53.253+0000] {logging_mixin.py:190} INFO - [2026-01-04T12:40:53.252+0000] {dag.py:3239} INFO - Sync 1 DAGs
[2026-01-04T12:40:53.265+0000] {logging_mixin.py:190} INFO - [2026-01-04T12:40:53.264+0000] {dag.py:4180} INFO - Setting next_dagrun for example_task_group_decorator to None, run_after=None
[2026-01-04T12:40:53.279+0000] {processor.py:208} INFO - Processing /workspaces/f1_data_team/venv/lib/python3.12/site-packages/airflow/example_dags/example_task_group_decorator.py took 0.066 seconds
[2026-01-04T12:41:37.804+0000] {processor.py:186} INFO - Started process (PID=35967) to work on /workspaces/f1_data_team/venv/lib/python3.12/site-packages/airflow/example_dags/example_task_group_decorator.py
[2026-01-04T12:41:37.805+0000] {processor.py:914} INFO - Processing file /workspaces/f1_data_team/venv/lib/python3.12/site-packages/airflow/example_dags/example_task_group_decorator.py for tasks to queue
[2026-01-04T12:41:37.807+0000] {logging_mixin.py:190} INFO - [2026-01-04T12:41:37.806+0000] {dagbag.py:588} INFO - Filling up the DagBag from /workspaces/f1_data_team/venv/lib/python3.12/site-packages/airflow/example_dags/example_task_group_decorator.py
[2026-01-04T12:41:37.820+0000] {processor.py:925} INFO - DAG(s) 'example_task_group_decorator' retrieved from /workspaces/f1_data_team/venv/lib/python3.12/site-packages/airflow/example_dags/example_task_group_decorator.py
[2026-01-04T12:41:37.837+0000] {logging_mixin.py:190} INFO - [2026-01-04T12:41:37.836+0000] {dag.py:3239} INFO - Sync 1 DAGs
[2026-01-04T12:41:37.846+0000] {logging_mixin.py:190} INFO - [2026-01-04T12:41:37.846+0000] {dag.py:4180} INFO - Setting next_dagrun for example_task_group_decorator to None, run_after=None
[2026-01-04T12:41:37.861+0000] {processor.py:208} INFO - Processing /workspaces/f1_data_team/venv/lib/python3.12/site-packages/airflow/example_dags/example_task_group_decorator.py took 0.062 seconds
[2026-01-04T12:42:44.143+0000] {processor.py:186} INFO - Started process (PID=36996) to work on /workspaces/f1_data_team/venv/lib/python3.12/site-packages/airflow/example_dags/example_task_group_decorator.py
[2026-01-04T12:42:44.144+0000] {processor.py:914} INFO - Processing file /workspaces/f1_data_team/venv/lib/python3.12/site-packages/airflow/example_dags/example_task_group_decorator.py for tasks to queue
[2026-01-04T12:42:44.146+0000] {logging_mixin.py:190} INFO - [2026-01-04T12:42:44.145+0000] {dagbag.py:588} INFO - Filling up the DagBag from /workspaces/f1_data_team/venv/lib/python3.12/site-packages/airflow/example_dags/example_task_group_decorator.py
[2026-01-04T12:42:44.157+0000] {processor.py:925} INFO - DAG(s) 'example_task_group_decorator' retrieved from /workspaces/f1_data_team/venv/lib/python3.12/site-packages/airflow/example_dags/example_task_group_decorator.py
[2026-01-04T12:42:44.173+0000] {logging_mixin.py:190} INFO - [2026-01-04T12:42:44.173+0000] {dag.py:3239} INFO - Sync 1 DAGs
[2026-01-04T12:42:44.183+0000] {logging_mixin.py:190} INFO - [2026-01-04T12:42:44.183+0000] {dag.py:4180} INFO - Setting next_dagrun for example_task_group_decorator to None, run_after=None
[2026-01-04T12:42:44.197+0000] {processor.py:208} INFO - Processing /workspaces/f1_data_team/venv/lib/python3.12/site-packages/airflow/example_dags/example_task_group_decorator.py took 0.059 seconds
[2026-01-04T12:43:40.213+0000] {processor.py:186} INFO - Started process (PID=37668) to work on /workspaces/f1_data_team/venv/lib/python3.12/site-packages/airflow/example_dags/example_task_group_decorator.py
[2026-01-04T12:43:40.214+0000] {processor.py:914} INFO - Processing file /workspaces/f1_data_team/venv/lib/python3.12/site-packages/airflow/example_dags/example_task_group_decorator.py for tasks to queue
[2026-01-04T12:43:40.216+0000] {logging_mixin.py:190} INFO - [2026-01-04T12:43:40.216+0000] {dagbag.py:588} INFO - Filling up the DagBag from /workspaces/f1_data_team/venv/lib/python3.12/site-packages/airflow/example_dags/example_task_group_decorator.py
[2026-01-04T12:43:40.228+0000] {processor.py:925} INFO - DAG(s) 'example_task_group_decorator' retrieved from /workspaces/f1_data_team/venv/lib/python3.12/site-packages/airflow/example_dags/example_task_group_decorator.py
[2026-01-04T12:43:40.243+0000] {logging_mixin.py:190} INFO - [2026-01-04T12:43:40.243+0000] {dag.py:3239} INFO - Sync 1 DAGs
[2026-01-04T12:43:40.253+0000] {logging_mixin.py:190} INFO - [2026-01-04T12:43:40.253+0000] {dag.py:4180} INFO - Setting next_dagrun for example_task_group_decorator to None, run_after=None
[2026-01-04T12:43:40.268+0000] {processor.py:208} INFO - Processing /workspaces/f1_data_team/venv/lib/python3.12/site-packages/airflow/example_dags/example_task_group_decorator.py took 0.059 seconds
[2026-01-04T12:44:31.999+0000] {processor.py:186} INFO - Started process (PID=38270) to work on /workspaces/f1_data_team/venv/lib/python3.12/site-packages/airflow/example_dags/example_task_group_decorator.py
[2026-01-04T12:44:32.000+0000] {processor.py:914} INFO - Processing file /workspaces/f1_data_team/venv/lib/python3.12/site-packages/airflow/example_dags/example_task_group_decorator.py for tasks to queue
[2026-01-04T12:44:32.002+0000] {logging_mixin.py:190} INFO - [2026-01-04T12:44:32.001+0000] {dagbag.py:588} INFO - Filling up the DagBag from /workspaces/f1_data_team/venv/lib/python3.12/site-packages/airflow/example_dags/example_task_group_decorator.py
[2026-01-04T12:44:32.013+0000] {processor.py:925} INFO - DAG(s) 'example_task_group_decorator' retrieved from /workspaces/f1_data_team/venv/lib/python3.12/site-packages/airflow/example_dags/example_task_group_decorator.py
[2026-01-04T12:44:32.029+0000] {logging_mixin.py:190} INFO - [2026-01-04T12:44:32.028+0000] {dag.py:3239} INFO - Sync 1 DAGs
[2026-01-04T12:44:32.038+0000] {logging_mixin.py:190} INFO - [2026-01-04T12:44:32.038+0000] {dag.py:4180} INFO - Setting next_dagrun for example_task_group_decorator to None, run_after=None
[2026-01-04T12:44:32.052+0000] {processor.py:208} INFO - Processing /workspaces/f1_data_team/venv/lib/python3.12/site-packages/airflow/example_dags/example_task_group_decorator.py took 0.058 seconds
[2026-01-04T12:45:30.561+0000] {processor.py:186} INFO - Started process (PID=39403) to work on /workspaces/f1_data_team/venv/lib/python3.12/site-packages/airflow/example_dags/example_task_group_decorator.py
[2026-01-04T12:45:30.562+0000] {processor.py:914} INFO - Processing file /workspaces/f1_data_team/venv/lib/python3.12/site-packages/airflow/example_dags/example_task_group_decorator.py for tasks to queue
[2026-01-04T12:45:30.564+0000] {logging_mixin.py:190} INFO - [2026-01-04T12:45:30.563+0000] {dagbag.py:588} INFO - Filling up the DagBag from /workspaces/f1_data_team/venv/lib/python3.12/site-packages/airflow/example_dags/example_task_group_decorator.py
[2026-01-04T12:45:30.575+0000] {processor.py:925} INFO - DAG(s) 'example_task_group_decorator' retrieved from /workspaces/f1_data_team/venv/lib/python3.12/site-packages/airflow/example_dags/example_task_group_decorator.py
[2026-01-04T12:45:30.591+0000] {logging_mixin.py:190} INFO - [2026-01-04T12:45:30.591+0000] {dag.py:3239} INFO - Sync 1 DAGs
[2026-01-04T12:45:30.601+0000] {logging_mixin.py:190} INFO - [2026-01-04T12:45:30.601+0000] {dag.py:4180} INFO - Setting next_dagrun for example_task_group_decorator to None, run_after=None
[2026-01-04T12:45:30.615+0000] {processor.py:208} INFO - Processing /workspaces/f1_data_team/venv/lib/python3.12/site-packages/airflow/example_dags/example_task_group_decorator.py took 0.059 seconds
[2026-01-04T12:46:24.942+0000] {processor.py:186} INFO - Started process (PID=39967) to work on /workspaces/f1_data_team/venv/lib/python3.12/site-packages/airflow/example_dags/example_task_group_decorator.py
[2026-01-04T12:46:24.943+0000] {processor.py:914} INFO - Processing file /workspaces/f1_data_team/venv/lib/python3.12/site-packages/airflow/example_dags/example_task_group_decorator.py for tasks to queue
[2026-01-04T12:46:24.945+0000] {logging_mixin.py:190} INFO - [2026-01-04T12:46:24.945+0000] {dagbag.py:588} INFO - Filling up the DagBag from /workspaces/f1_data_team/venv/lib/python3.12/site-packages/airflow/example_dags/example_task_group_decorator.py
[2026-01-04T12:46:24.957+0000] {processor.py:925} INFO - DAG(s) 'example_task_group_decorator' retrieved from /workspaces/f1_data_team/venv/lib/python3.12/site-packages/airflow/example_dags/example_task_group_decorator.py
[2026-01-04T12:46:24.972+0000] {logging_mixin.py:190} INFO - [2026-01-04T12:46:24.972+0000] {dag.py:3239} INFO - Sync 1 DAGs
[2026-01-04T12:46:24.982+0000] {logging_mixin.py:190} INFO - [2026-01-04T12:46:24.981+0000] {dag.py:4180} INFO - Setting next_dagrun for example_task_group_decorator to None, run_after=None
[2026-01-04T12:46:24.997+0000] {processor.py:208} INFO - Processing /workspaces/f1_data_team/venv/lib/python3.12/site-packages/airflow/example_dags/example_task_group_decorator.py took 0.059 seconds
[2026-01-04T12:47:16.576+0000] {processor.py:186} INFO - Started process (PID=40416) to work on /workspaces/f1_data_team/venv/lib/python3.12/site-packages/airflow/example_dags/example_task_group_decorator.py
[2026-01-04T12:47:16.578+0000] {processor.py:914} INFO - Processing file /workspaces/f1_data_team/venv/lib/python3.12/site-packages/airflow/example_dags/example_task_group_decorator.py for tasks to queue
[2026-01-04T12:47:16.580+0000] {logging_mixin.py:190} INFO - [2026-01-04T12:47:16.580+0000] {dagbag.py:588} INFO - Filling up the DagBag from /workspaces/f1_data_team/venv/lib/python3.12/site-packages/airflow/example_dags/example_task_group_decorator.py
[2026-01-04T12:47:16.599+0000] {processor.py:925} INFO - DAG(s) 'example_task_group_decorator' retrieved from /workspaces/f1_data_team/venv/lib/python3.12/site-packages/airflow/example_dags/example_task_group_decorator.py
[2026-01-04T12:47:16.634+0000] {logging_mixin.py:190} INFO - [2026-01-04T12:47:16.633+0000] {dag.py:3239} INFO - Sync 1 DAGs
[2026-01-04T12:47:16.647+0000] {logging_mixin.py:190} INFO - [2026-01-04T12:47:16.647+0000] {dag.py:4180} INFO - Setting next_dagrun for example_task_group_decorator to None, run_after=None
[2026-01-04T12:47:16.664+0000] {processor.py:208} INFO - Processing /workspaces/f1_data_team/venv/lib/python3.12/site-packages/airflow/example_dags/example_task_group_decorator.py took 0.094 seconds
[2026-01-04T12:48:06.698+0000] {processor.py:186} INFO - Started process (PID=40893) to work on /workspaces/f1_data_team/venv/lib/python3.12/site-packages/airflow/example_dags/example_task_group_decorator.py
[2026-01-04T12:48:06.699+0000] {processor.py:914} INFO - Processing file /workspaces/f1_data_team/venv/lib/python3.12/site-packages/airflow/example_dags/example_task_group_decorator.py for tasks to queue
[2026-01-04T12:48:06.701+0000] {logging_mixin.py:190} INFO - [2026-01-04T12:48:06.701+0000] {dagbag.py:588} INFO - Filling up the DagBag from /workspaces/f1_data_team/venv/lib/python3.12/site-packages/airflow/example_dags/example_task_group_decorator.py
[2026-01-04T12:48:06.713+0000] {processor.py:925} INFO - DAG(s) 'example_task_group_decorator' retrieved from /workspaces/f1_data_team/venv/lib/python3.12/site-packages/airflow/example_dags/example_task_group_decorator.py
[2026-01-04T12:48:06.729+0000] {logging_mixin.py:190} INFO - [2026-01-04T12:48:06.728+0000] {dag.py:3239} INFO - Sync 1 DAGs
[2026-01-04T12:48:06.738+0000] {logging_mixin.py:190} INFO - [2026-01-04T12:48:06.738+0000] {dag.py:4180} INFO - Setting next_dagrun for example_task_group_decorator to None, run_after=None
[2026-01-04T12:48:06.753+0000] {processor.py:208} INFO - Processing /workspaces/f1_data_team/venv/lib/python3.12/site-packages/airflow/example_dags/example_task_group_decorator.py took 0.059 seconds
[2026-01-04T12:48:59.377+0000] {processor.py:186} INFO - Started process (PID=41908) to work on /workspaces/f1_data_team/venv/lib/python3.12/site-packages/airflow/example_dags/example_task_group_decorator.py
[2026-01-04T12:48:59.377+0000] {processor.py:914} INFO - Processing file /workspaces/f1_data_team/venv/lib/python3.12/site-packages/airflow/example_dags/example_task_group_decorator.py for tasks to queue
[2026-01-04T12:48:59.379+0000] {logging_mixin.py:190} INFO - [2026-01-04T12:48:59.379+0000] {dagbag.py:588} INFO - Filling up the DagBag from /workspaces/f1_data_team/venv/lib/python3.12/site-packages/airflow/example_dags/example_task_group_decorator.py
[2026-01-04T12:48:59.392+0000] {processor.py:925} INFO - DAG(s) 'example_task_group_decorator' retrieved from /workspaces/f1_data_team/venv/lib/python3.12/site-packages/airflow/example_dags/example_task_group_decorator.py
[2026-01-04T12:48:59.409+0000] {logging_mixin.py:190} INFO - [2026-01-04T12:48:59.409+0000] {dag.py:3239} INFO - Sync 1 DAGs
[2026-01-04T12:48:59.418+0000] {logging_mixin.py:190} INFO - [2026-01-04T12:48:59.418+0000] {dag.py:4180} INFO - Setting next_dagrun for example_task_group_decorator to None, run_after=None
[2026-01-04T12:48:59.432+0000] {processor.py:208} INFO - Processing /workspaces/f1_data_team/venv/lib/python3.12/site-packages/airflow/example_dags/example_task_group_decorator.py took 0.061 seconds
[2026-01-04T12:49:56.355+0000] {processor.py:186} INFO - Started process (PID=42585) to work on /workspaces/f1_data_team/venv/lib/python3.12/site-packages/airflow/example_dags/example_task_group_decorator.py
[2026-01-04T12:49:56.356+0000] {processor.py:914} INFO - Processing file /workspaces/f1_data_team/venv/lib/python3.12/site-packages/airflow/example_dags/example_task_group_decorator.py for tasks to queue
[2026-01-04T12:49:56.358+0000] {logging_mixin.py:190} INFO - [2026-01-04T12:49:56.358+0000] {dagbag.py:588} INFO - Filling up the DagBag from /workspaces/f1_data_team/venv/lib/python3.12/site-packages/airflow/example_dags/example_task_group_decorator.py
[2026-01-04T12:49:56.370+0000] {processor.py:925} INFO - DAG(s) 'example_task_group_decorator' retrieved from /workspaces/f1_data_team/venv/lib/python3.12/site-packages/airflow/example_dags/example_task_group_decorator.py
[2026-01-04T12:49:56.386+0000] {logging_mixin.py:190} INFO - [2026-01-04T12:49:56.385+0000] {dag.py:3239} INFO - Sync 1 DAGs
[2026-01-04T12:49:56.395+0000] {logging_mixin.py:190} INFO - [2026-01-04T12:49:56.395+0000] {dag.py:4180} INFO - Setting next_dagrun for example_task_group_decorator to None, run_after=None
[2026-01-04T12:49:56.409+0000] {processor.py:208} INFO - Processing /workspaces/f1_data_team/venv/lib/python3.12/site-packages/airflow/example_dags/example_task_group_decorator.py took 0.059 seconds
[2026-01-04T12:51:26.155+0000] {processor.py:186} INFO - Started process (PID=43806) to work on /workspaces/f1_data_team/venv/lib/python3.12/site-packages/airflow/example_dags/example_task_group_decorator.py
[2026-01-04T12:51:26.156+0000] {processor.py:914} INFO - Processing file /workspaces/f1_data_team/venv/lib/python3.12/site-packages/airflow/example_dags/example_task_group_decorator.py for tasks to queue
[2026-01-04T12:51:26.158+0000] {logging_mixin.py:190} INFO - [2026-01-04T12:51:26.157+0000] {dagbag.py:588} INFO - Filling up the DagBag from /workspaces/f1_data_team/venv/lib/python3.12/site-packages/airflow/example_dags/example_task_group_decorator.py
[2026-01-04T12:51:26.171+0000] {processor.py:925} INFO - DAG(s) 'example_task_group_decorator' retrieved from /workspaces/f1_data_team/venv/lib/python3.12/site-packages/airflow/example_dags/example_task_group_decorator.py
[2026-01-04T12:51:26.188+0000] {logging_mixin.py:190} INFO - [2026-01-04T12:51:26.188+0000] {dag.py:3239} INFO - Sync 1 DAGs
[2026-01-04T12:51:26.198+0000] {logging_mixin.py:190} INFO - [2026-01-04T12:51:26.197+0000] {dag.py:4180} INFO - Setting next_dagrun for example_task_group_decorator to None, run_after=None
[2026-01-04T12:51:26.212+0000] {processor.py:208} INFO - Processing /workspaces/f1_data_team/venv/lib/python3.12/site-packages/airflow/example_dags/example_task_group_decorator.py took 0.062 seconds
[2026-01-04T12:52:31.422+0000] {processor.py:186} INFO - Started process (PID=44982) to work on /workspaces/f1_data_team/venv/lib/python3.12/site-packages/airflow/example_dags/example_task_group_decorator.py
[2026-01-04T12:52:31.423+0000] {processor.py:914} INFO - Processing file /workspaces/f1_data_team/venv/lib/python3.12/site-packages/airflow/example_dags/example_task_group_decorator.py for tasks to queue
[2026-01-04T12:52:31.425+0000] {logging_mixin.py:190} INFO - [2026-01-04T12:52:31.425+0000] {dagbag.py:588} INFO - Filling up the DagBag from /workspaces/f1_data_team/venv/lib/python3.12/site-packages/airflow/example_dags/example_task_group_decorator.py
[2026-01-04T12:52:31.452+0000] {processor.py:925} INFO - DAG(s) 'example_task_group_decorator' retrieved from /workspaces/f1_data_team/venv/lib/python3.12/site-packages/airflow/example_dags/example_task_group_decorator.py
[2026-01-04T12:52:31.478+0000] {logging_mixin.py:190} INFO - [2026-01-04T12:52:31.478+0000] {dag.py:3239} INFO - Sync 1 DAGs
[2026-01-04T12:52:31.492+0000] {logging_mixin.py:190} INFO - [2026-01-04T12:52:31.492+0000] {dag.py:4180} INFO - Setting next_dagrun for example_task_group_decorator to None, run_after=None
[2026-01-04T12:52:31.515+0000] {processor.py:208} INFO - Processing /workspaces/f1_data_team/venv/lib/python3.12/site-packages/airflow/example_dags/example_task_group_decorator.py took 0.099 seconds
[2026-01-04T12:53:27.907+0000] {processor.py:186} INFO - Started process (PID=45786) to work on /workspaces/f1_data_team/venv/lib/python3.12/site-packages/airflow/example_dags/example_task_group_decorator.py
[2026-01-04T12:53:27.908+0000] {processor.py:914} INFO - Processing file /workspaces/f1_data_team/venv/lib/python3.12/site-packages/airflow/example_dags/example_task_group_decorator.py for tasks to queue
[2026-01-04T12:53:27.911+0000] {logging_mixin.py:190} INFO - [2026-01-04T12:53:27.910+0000] {dagbag.py:588} INFO - Filling up the DagBag from /workspaces/f1_data_team/venv/lib/python3.12/site-packages/airflow/example_dags/example_task_group_decorator.py
[2026-01-04T12:53:27.930+0000] {processor.py:925} INFO - DAG(s) 'example_task_group_decorator' retrieved from /workspaces/f1_data_team/venv/lib/python3.12/site-packages/airflow/example_dags/example_task_group_decorator.py
[2026-01-04T12:53:27.946+0000] {logging_mixin.py:190} INFO - [2026-01-04T12:53:27.945+0000] {dag.py:3239} INFO - Sync 1 DAGs
[2026-01-04T12:53:27.955+0000] {logging_mixin.py:190} INFO - [2026-01-04T12:53:27.955+0000] {dag.py:4180} INFO - Setting next_dagrun for example_task_group_decorator to None, run_after=None
[2026-01-04T12:53:27.970+0000] {processor.py:208} INFO - Processing /workspaces/f1_data_team/venv/lib/python3.12/site-packages/airflow/example_dags/example_task_group_decorator.py took 0.070 seconds
[2026-01-04T12:54:22.173+0000] {processor.py:186} INFO - Started process (PID=46468) to work on /workspaces/f1_data_team/venv/lib/python3.12/site-packages/airflow/example_dags/example_task_group_decorator.py
[2026-01-04T12:54:22.173+0000] {processor.py:914} INFO - Processing file /workspaces/f1_data_team/venv/lib/python3.12/site-packages/airflow/example_dags/example_task_group_decorator.py for tasks to queue
[2026-01-04T12:54:22.175+0000] {logging_mixin.py:190} INFO - [2026-01-04T12:54:22.175+0000] {dagbag.py:588} INFO - Filling up the DagBag from /workspaces/f1_data_team/venv/lib/python3.12/site-packages/airflow/example_dags/example_task_group_decorator.py
[2026-01-04T12:54:22.187+0000] {processor.py:925} INFO - DAG(s) 'example_task_group_decorator' retrieved from /workspaces/f1_data_team/venv/lib/python3.12/site-packages/airflow/example_dags/example_task_group_decorator.py
[2026-01-04T12:54:22.203+0000] {logging_mixin.py:190} INFO - [2026-01-04T12:54:22.203+0000] {dag.py:3239} INFO - Sync 1 DAGs
[2026-01-04T12:54:22.215+0000] {logging_mixin.py:190} INFO - [2026-01-04T12:54:22.215+0000] {dag.py:4180} INFO - Setting next_dagrun for example_task_group_decorator to None, run_after=None
[2026-01-04T12:54:22.230+0000] {processor.py:208} INFO - Processing /workspaces/f1_data_team/venv/lib/python3.12/site-packages/airflow/example_dags/example_task_group_decorator.py took 0.062 seconds
[2026-01-04T12:55:28.760+0000] {processor.py:186} INFO - Started process (PID=47679) to work on /workspaces/f1_data_team/venv/lib/python3.12/site-packages/airflow/example_dags/example_task_group_decorator.py
[2026-01-04T12:55:28.761+0000] {processor.py:914} INFO - Processing file /workspaces/f1_data_team/venv/lib/python3.12/site-packages/airflow/example_dags/example_task_group_decorator.py for tasks to queue
[2026-01-04T12:55:28.764+0000] {logging_mixin.py:190} INFO - [2026-01-04T12:55:28.763+0000] {dagbag.py:588} INFO - Filling up the DagBag from /workspaces/f1_data_team/venv/lib/python3.12/site-packages/airflow/example_dags/example_task_group_decorator.py
[2026-01-04T12:55:28.783+0000] {processor.py:925} INFO - DAG(s) 'example_task_group_decorator' retrieved from /workspaces/f1_data_team/venv/lib/python3.12/site-packages/airflow/example_dags/example_task_group_decorator.py
[2026-01-04T12:55:28.805+0000] {logging_mixin.py:190} INFO - [2026-01-04T12:55:28.805+0000] {dag.py:3239} INFO - Sync 1 DAGs
[2026-01-04T12:55:28.815+0000] {logging_mixin.py:190} INFO - [2026-01-04T12:55:28.815+0000] {dag.py:4180} INFO - Setting next_dagrun for example_task_group_decorator to None, run_after=None
[2026-01-04T12:55:28.831+0000] {processor.py:208} INFO - Processing /workspaces/f1_data_team/venv/lib/python3.12/site-packages/airflow/example_dags/example_task_group_decorator.py took 0.078 seconds
[2026-01-04T12:56:25.245+0000] {processor.py:186} INFO - Started process (PID=48255) to work on /workspaces/f1_data_team/venv/lib/python3.12/site-packages/airflow/example_dags/example_task_group_decorator.py
[2026-01-04T12:56:25.246+0000] {processor.py:914} INFO - Processing file /workspaces/f1_data_team/venv/lib/python3.12/site-packages/airflow/example_dags/example_task_group_decorator.py for tasks to queue
[2026-01-04T12:56:25.248+0000] {logging_mixin.py:190} INFO - [2026-01-04T12:56:25.248+0000] {dagbag.py:588} INFO - Filling up the DagBag from /workspaces/f1_data_team/venv/lib/python3.12/site-packages/airflow/example_dags/example_task_group_decorator.py
[2026-01-04T12:56:25.260+0000] {processor.py:925} INFO - DAG(s) 'example_task_group_decorator' retrieved from /workspaces/f1_data_team/venv/lib/python3.12/site-packages/airflow/example_dags/example_task_group_decorator.py
[2026-01-04T12:56:25.277+0000] {logging_mixin.py:190} INFO - [2026-01-04T12:56:25.276+0000] {dag.py:3239} INFO - Sync 1 DAGs
[2026-01-04T12:56:25.287+0000] {logging_mixin.py:190} INFO - [2026-01-04T12:56:25.286+0000] {dag.py:4180} INFO - Setting next_dagrun for example_task_group_decorator to None, run_after=None
[2026-01-04T12:56:25.302+0000] {processor.py:208} INFO - Processing /workspaces/f1_data_team/venv/lib/python3.12/site-packages/airflow/example_dags/example_task_group_decorator.py took 0.061 seconds
[2026-01-04T12:57:15.803+0000] {processor.py:186} INFO - Started process (PID=48714) to work on /workspaces/f1_data_team/venv/lib/python3.12/site-packages/airflow/example_dags/example_task_group_decorator.py
[2026-01-04T12:57:15.803+0000] {processor.py:914} INFO - Processing file /workspaces/f1_data_team/venv/lib/python3.12/site-packages/airflow/example_dags/example_task_group_decorator.py for tasks to queue
[2026-01-04T12:57:15.805+0000] {logging_mixin.py:190} INFO - [2026-01-04T12:57:15.805+0000] {dagbag.py:588} INFO - Filling up the DagBag from /workspaces/f1_data_team/venv/lib/python3.12/site-packages/airflow/example_dags/example_task_group_decorator.py
[2026-01-04T12:57:15.817+0000] {processor.py:925} INFO - DAG(s) 'example_task_group_decorator' retrieved from /workspaces/f1_data_team/venv/lib/python3.12/site-packages/airflow/example_dags/example_task_group_decorator.py
[2026-01-04T12:57:15.833+0000] {logging_mixin.py:190} INFO - [2026-01-04T12:57:15.832+0000] {dag.py:3239} INFO - Sync 1 DAGs
[2026-01-04T12:57:15.843+0000] {logging_mixin.py:190} INFO - [2026-01-04T12:57:15.843+0000] {dag.py:4180} INFO - Setting next_dagrun for example_task_group_decorator to None, run_after=None
[2026-01-04T12:57:15.858+0000] {processor.py:208} INFO - Processing /workspaces/f1_data_team/venv/lib/python3.12/site-packages/airflow/example_dags/example_task_group_decorator.py took 0.060 seconds
[2026-01-04T12:58:06.834+0000] {processor.py:186} INFO - Started process (PID=49212) to work on /workspaces/f1_data_team/venv/lib/python3.12/site-packages/airflow/example_dags/example_task_group_decorator.py
[2026-01-04T12:58:06.835+0000] {processor.py:914} INFO - Processing file /workspaces/f1_data_team/venv/lib/python3.12/site-packages/airflow/example_dags/example_task_group_decorator.py for tasks to queue
[2026-01-04T12:58:06.837+0000] {logging_mixin.py:190} INFO - [2026-01-04T12:58:06.837+0000] {dagbag.py:588} INFO - Filling up the DagBag from /workspaces/f1_data_team/venv/lib/python3.12/site-packages/airflow/example_dags/example_task_group_decorator.py
[2026-01-04T12:58:06.849+0000] {processor.py:925} INFO - DAG(s) 'example_task_group_decorator' retrieved from /workspaces/f1_data_team/venv/lib/python3.12/site-packages/airflow/example_dags/example_task_group_decorator.py
[2026-01-04T12:58:06.864+0000] {logging_mixin.py:190} INFO - [2026-01-04T12:58:06.864+0000] {dag.py:3239} INFO - Sync 1 DAGs
[2026-01-04T12:58:06.874+0000] {logging_mixin.py:190} INFO - [2026-01-04T12:58:06.874+0000] {dag.py:4180} INFO - Setting next_dagrun for example_task_group_decorator to None, run_after=None
[2026-01-04T12:58:06.889+0000] {processor.py:208} INFO - Processing /workspaces/f1_data_team/venv/lib/python3.12/site-packages/airflow/example_dags/example_task_group_decorator.py took 0.059 seconds
[2026-01-04T12:59:00.609+0000] {processor.py:186} INFO - Started process (PID=49676) to work on /workspaces/f1_data_team/venv/lib/python3.12/site-packages/airflow/example_dags/example_task_group_decorator.py
[2026-01-04T12:59:00.610+0000] {processor.py:914} INFO - Processing file /workspaces/f1_data_team/venv/lib/python3.12/site-packages/airflow/example_dags/example_task_group_decorator.py for tasks to queue
[2026-01-04T12:59:00.616+0000] {logging_mixin.py:190} INFO - [2026-01-04T12:59:00.615+0000] {dagbag.py:588} INFO - Filling up the DagBag from /workspaces/f1_data_team/venv/lib/python3.12/site-packages/airflow/example_dags/example_task_group_decorator.py
[2026-01-04T12:59:00.636+0000] {processor.py:925} INFO - DAG(s) 'example_task_group_decorator' retrieved from /workspaces/f1_data_team/venv/lib/python3.12/site-packages/airflow/example_dags/example_task_group_decorator.py
[2026-01-04T12:59:00.662+0000] {logging_mixin.py:190} INFO - [2026-01-04T12:59:00.661+0000] {dag.py:3239} INFO - Sync 1 DAGs
[2026-01-04T12:59:00.677+0000] {logging_mixin.py:190} INFO - [2026-01-04T12:59:00.677+0000] {dag.py:4180} INFO - Setting next_dagrun for example_task_group_decorator to None, run_after=None
[2026-01-04T12:59:00.698+0000] {processor.py:208} INFO - Processing /workspaces/f1_data_team/venv/lib/python3.12/site-packages/airflow/example_dags/example_task_group_decorator.py took 0.096 seconds
[2026-01-04T12:59:56.019+0000] {processor.py:186} INFO - Started process (PID=50230) to work on /workspaces/f1_data_team/venv/lib/python3.12/site-packages/airflow/example_dags/example_task_group_decorator.py
[2026-01-04T12:59:56.020+0000] {processor.py:914} INFO - Processing file /workspaces/f1_data_team/venv/lib/python3.12/site-packages/airflow/example_dags/example_task_group_decorator.py for tasks to queue
[2026-01-04T12:59:56.022+0000] {logging_mixin.py:190} INFO - [2026-01-04T12:59:56.022+0000] {dagbag.py:588} INFO - Filling up the DagBag from /workspaces/f1_data_team/venv/lib/python3.12/site-packages/airflow/example_dags/example_task_group_decorator.py
[2026-01-04T12:59:56.034+0000] {processor.py:925} INFO - DAG(s) 'example_task_group_decorator' retrieved from /workspaces/f1_data_team/venv/lib/python3.12/site-packages/airflow/example_dags/example_task_group_decorator.py
[2026-01-04T12:59:56.050+0000] {logging_mixin.py:190} INFO - [2026-01-04T12:59:56.050+0000] {dag.py:3239} INFO - Sync 1 DAGs
[2026-01-04T12:59:56.060+0000] {logging_mixin.py:190} INFO - [2026-01-04T12:59:56.060+0000] {dag.py:4180} INFO - Setting next_dagrun for example_task_group_decorator to None, run_after=None
[2026-01-04T12:59:56.075+0000] {processor.py:208} INFO - Processing /workspaces/f1_data_team/venv/lib/python3.12/site-packages/airflow/example_dags/example_task_group_decorator.py took 0.060 seconds
[2026-01-04T13:00:51.555+0000] {processor.py:186} INFO - Started process (PID=50872) to work on /workspaces/f1_data_team/venv/lib/python3.12/site-packages/airflow/example_dags/example_task_group_decorator.py
[2026-01-04T13:00:51.556+0000] {processor.py:914} INFO - Processing file /workspaces/f1_data_team/venv/lib/python3.12/site-packages/airflow/example_dags/example_task_group_decorator.py for tasks to queue
[2026-01-04T13:00:51.558+0000] {logging_mixin.py:190} INFO - [2026-01-04T13:00:51.557+0000] {dagbag.py:588} INFO - Filling up the DagBag from /workspaces/f1_data_team/venv/lib/python3.12/site-packages/airflow/example_dags/example_task_group_decorator.py
[2026-01-04T13:00:51.570+0000] {processor.py:925} INFO - DAG(s) 'example_task_group_decorator' retrieved from /workspaces/f1_data_team/venv/lib/python3.12/site-packages/airflow/example_dags/example_task_group_decorator.py
[2026-01-04T13:00:51.586+0000] {logging_mixin.py:190} INFO - [2026-01-04T13:00:51.585+0000] {dag.py:3239} INFO - Sync 1 DAGs
[2026-01-04T13:00:51.595+0000] {logging_mixin.py:190} INFO - [2026-01-04T13:00:51.595+0000] {dag.py:4180} INFO - Setting next_dagrun for example_task_group_decorator to None, run_after=None
[2026-01-04T13:00:51.610+0000] {processor.py:208} INFO - Processing /workspaces/f1_data_team/venv/lib/python3.12/site-packages/airflow/example_dags/example_task_group_decorator.py took 0.060 seconds
[2026-01-04T13:01:38.934+0000] {processor.py:186} INFO - Started process (PID=51528) to work on /workspaces/f1_data_team/venv/lib/python3.12/site-packages/airflow/example_dags/example_task_group_decorator.py
[2026-01-04T13:01:38.935+0000] {processor.py:914} INFO - Processing file /workspaces/f1_data_team/venv/lib/python3.12/site-packages/airflow/example_dags/example_task_group_decorator.py for tasks to queue
[2026-01-04T13:01:38.937+0000] {logging_mixin.py:190} INFO - [2026-01-04T13:01:38.937+0000] {dagbag.py:588} INFO - Filling up the DagBag from /workspaces/f1_data_team/venv/lib/python3.12/site-packages/airflow/example_dags/example_task_group_decorator.py
[2026-01-04T13:01:38.949+0000] {processor.py:925} INFO - DAG(s) 'example_task_group_decorator' retrieved from /workspaces/f1_data_team/venv/lib/python3.12/site-packages/airflow/example_dags/example_task_group_decorator.py
[2026-01-04T13:01:38.965+0000] {logging_mixin.py:190} INFO - [2026-01-04T13:01:38.964+0000] {dag.py:3239} INFO - Sync 1 DAGs
[2026-01-04T13:01:38.974+0000] {logging_mixin.py:190} INFO - [2026-01-04T13:01:38.974+0000] {dag.py:4180} INFO - Setting next_dagrun for example_task_group_decorator to None, run_after=None
[2026-01-04T13:01:38.989+0000] {processor.py:208} INFO - Processing /workspaces/f1_data_team/venv/lib/python3.12/site-packages/airflow/example_dags/example_task_group_decorator.py took 0.059 seconds
