[2026-01-04T12:26:38.114+0000] {processor.py:186} INFO - Started process (PID=24390) to work on /workspaces/f1_data_team/venv/lib/python3.12/site-packages/airflow/example_dags/example_xcomargs.py
[2026-01-04T12:26:38.115+0000] {processor.py:914} INFO - Processing file /workspaces/f1_data_team/venv/lib/python3.12/site-packages/airflow/example_dags/example_xcomargs.py for tasks to queue
[2026-01-04T12:26:38.117+0000] {logging_mixin.py:190} INFO - [2026-01-04T12:26:38.116+0000] {dagbag.py:588} INFO - Filling up the DagBag from /workspaces/f1_data_team/venv/lib/python3.12/site-packages/airflow/example_dags/example_xcomargs.py
[2026-01-04T12:26:38.125+0000] {processor.py:925} INFO - DAG(s) 'example_xcom_args_with_operators', 'example_xcom_args' retrieved from /workspaces/f1_data_team/venv/lib/python3.12/site-packages/airflow/example_dags/example_xcomargs.py
[2026-01-04T12:26:38.208+0000] {logging_mixin.py:190} INFO - [2026-01-04T12:26:38.207+0000] {override.py:1911} INFO - Created Permission View: can read on DAG:example_xcom_args_with_operators
[2026-01-04T12:26:38.216+0000] {logging_mixin.py:190} INFO - [2026-01-04T12:26:38.215+0000] {override.py:1911} INFO - Created Permission View: can edit on DAG:example_xcom_args_with_operators
[2026-01-04T12:26:38.221+0000] {logging_mixin.py:190} INFO - [2026-01-04T12:26:38.221+0000] {override.py:1911} INFO - Created Permission View: can delete on DAG:example_xcom_args_with_operators
[2026-01-04T12:26:38.229+0000] {logging_mixin.py:190} INFO - [2026-01-04T12:26:38.229+0000] {override.py:1911} INFO - Created Permission View: can read on DAG Run:example_xcom_args_with_operators
[2026-01-04T12:26:38.234+0000] {logging_mixin.py:190} INFO - [2026-01-04T12:26:38.234+0000] {override.py:1911} INFO - Created Permission View: menu access on DAG Run:example_xcom_args_with_operators
[2026-01-04T12:26:38.240+0000] {logging_mixin.py:190} INFO - [2026-01-04T12:26:38.240+0000] {override.py:1911} INFO - Created Permission View: can create on DAG Run:example_xcom_args_with_operators
[2026-01-04T12:26:38.245+0000] {logging_mixin.py:190} INFO - [2026-01-04T12:26:38.245+0000] {override.py:1911} INFO - Created Permission View: can delete on DAG Run:example_xcom_args_with_operators
[2026-01-04T12:26:38.258+0000] {logging_mixin.py:190} INFO - [2026-01-04T12:26:38.258+0000] {override.py:1911} INFO - Created Permission View: can read on DAG:example_xcom_args
[2026-01-04T12:26:38.264+0000] {logging_mixin.py:190} INFO - [2026-01-04T12:26:38.264+0000] {override.py:1911} INFO - Created Permission View: can edit on DAG:example_xcom_args
[2026-01-04T12:26:38.269+0000] {logging_mixin.py:190} INFO - [2026-01-04T12:26:38.269+0000] {override.py:1911} INFO - Created Permission View: can delete on DAG:example_xcom_args
[2026-01-04T12:26:38.277+0000] {logging_mixin.py:190} INFO - [2026-01-04T12:26:38.277+0000] {override.py:1911} INFO - Created Permission View: can read on DAG Run:example_xcom_args
[2026-01-04T12:26:38.283+0000] {logging_mixin.py:190} INFO - [2026-01-04T12:26:38.283+0000] {override.py:1911} INFO - Created Permission View: menu access on DAG Run:example_xcom_args
[2026-01-04T12:26:38.288+0000] {logging_mixin.py:190} INFO - [2026-01-04T12:26:38.288+0000] {override.py:1911} INFO - Created Permission View: can create on DAG Run:example_xcom_args
[2026-01-04T12:26:38.294+0000] {logging_mixin.py:190} INFO - [2026-01-04T12:26:38.293+0000] {override.py:1911} INFO - Created Permission View: can delete on DAG Run:example_xcom_args
[2026-01-04T12:26:38.294+0000] {logging_mixin.py:190} INFO - [2026-01-04T12:26:38.294+0000] {dag.py:3239} INFO - Sync 2 DAGs
[2026-01-04T12:26:38.302+0000] {logging_mixin.py:190} INFO - [2026-01-04T12:26:38.302+0000] {dag.py:3262} INFO - Creating ORM DAG for example_xcom_args
[2026-01-04T12:26:38.303+0000] {logging_mixin.py:190} INFO - [2026-01-04T12:26:38.302+0000] {dag.py:3262} INFO - Creating ORM DAG for example_xcom_args_with_operators
[2026-01-04T12:26:38.303+0000] {logging_mixin.py:190} INFO - [2026-01-04T12:26:38.303+0000] {dag.py:4180} INFO - Setting next_dagrun for example_xcom_args to None, run_after=None
[2026-01-04T12:26:38.304+0000] {logging_mixin.py:190} INFO - [2026-01-04T12:26:38.303+0000] {dag.py:4180} INFO - Setting next_dagrun for example_xcom_args_with_operators to None, run_after=None
[2026-01-04T12:26:38.317+0000] {processor.py:208} INFO - Processing /workspaces/f1_data_team/venv/lib/python3.12/site-packages/airflow/example_dags/example_xcomargs.py took 0.211 seconds
[2026-01-04T12:27:41.272+0000] {processor.py:186} INFO - Started process (PID=25034) to work on /workspaces/f1_data_team/venv/lib/python3.12/site-packages/airflow/example_dags/example_xcomargs.py
[2026-01-04T12:27:41.273+0000] {processor.py:914} INFO - Processing file /workspaces/f1_data_team/venv/lib/python3.12/site-packages/airflow/example_dags/example_xcomargs.py for tasks to queue
[2026-01-04T12:27:41.275+0000] {logging_mixin.py:190} INFO - [2026-01-04T12:27:41.275+0000] {dagbag.py:588} INFO - Filling up the DagBag from /workspaces/f1_data_team/venv/lib/python3.12/site-packages/airflow/example_dags/example_xcomargs.py
[2026-01-04T12:27:41.283+0000] {processor.py:925} INFO - DAG(s) 'example_xcom_args_with_operators', 'example_xcom_args' retrieved from /workspaces/f1_data_team/venv/lib/python3.12/site-packages/airflow/example_dags/example_xcomargs.py
[2026-01-04T12:27:41.297+0000] {logging_mixin.py:190} INFO - [2026-01-04T12:27:41.297+0000] {dag.py:3239} INFO - Sync 2 DAGs
[2026-01-04T12:27:41.307+0000] {logging_mixin.py:190} INFO - [2026-01-04T12:27:41.307+0000] {dag.py:4180} INFO - Setting next_dagrun for example_xcom_args to None, run_after=None
[2026-01-04T12:27:41.309+0000] {logging_mixin.py:190} INFO - [2026-01-04T12:27:41.309+0000] {dag.py:4180} INFO - Setting next_dagrun for example_xcom_args_with_operators to None, run_after=None
[2026-01-04T12:27:41.322+0000] {processor.py:208} INFO - Processing /workspaces/f1_data_team/venv/lib/python3.12/site-packages/airflow/example_dags/example_xcomargs.py took 0.055 seconds
[2026-01-04T12:28:36.762+0000] {processor.py:186} INFO - Started process (PID=25519) to work on /workspaces/f1_data_team/venv/lib/python3.12/site-packages/airflow/example_dags/example_xcomargs.py
[2026-01-04T12:28:36.763+0000] {processor.py:914} INFO - Processing file /workspaces/f1_data_team/venv/lib/python3.12/site-packages/airflow/example_dags/example_xcomargs.py for tasks to queue
[2026-01-04T12:28:36.765+0000] {logging_mixin.py:190} INFO - [2026-01-04T12:28:36.765+0000] {dagbag.py:588} INFO - Filling up the DagBag from /workspaces/f1_data_team/venv/lib/python3.12/site-packages/airflow/example_dags/example_xcomargs.py
[2026-01-04T12:28:36.773+0000] {processor.py:925} INFO - DAG(s) 'example_xcom_args_with_operators', 'example_xcom_args' retrieved from /workspaces/f1_data_team/venv/lib/python3.12/site-packages/airflow/example_dags/example_xcomargs.py
[2026-01-04T12:28:36.786+0000] {logging_mixin.py:190} INFO - [2026-01-04T12:28:36.786+0000] {dag.py:3239} INFO - Sync 2 DAGs
[2026-01-04T12:28:36.796+0000] {logging_mixin.py:190} INFO - [2026-01-04T12:28:36.796+0000] {dag.py:4180} INFO - Setting next_dagrun for example_xcom_args to None, run_after=None
[2026-01-04T12:28:36.798+0000] {logging_mixin.py:190} INFO - [2026-01-04T12:28:36.798+0000] {dag.py:4180} INFO - Setting next_dagrun for example_xcom_args_with_operators to None, run_after=None
[2026-01-04T12:28:36.810+0000] {processor.py:208} INFO - Processing /workspaces/f1_data_team/venv/lib/python3.12/site-packages/airflow/example_dags/example_xcomargs.py took 0.053 seconds
[2026-01-04T12:29:35.411+0000] {processor.py:186} INFO - Started process (PID=26737) to work on /workspaces/f1_data_team/venv/lib/python3.12/site-packages/airflow/example_dags/example_xcomargs.py
[2026-01-04T12:29:35.412+0000] {processor.py:914} INFO - Processing file /workspaces/f1_data_team/venv/lib/python3.12/site-packages/airflow/example_dags/example_xcomargs.py for tasks to queue
[2026-01-04T12:29:35.414+0000] {logging_mixin.py:190} INFO - [2026-01-04T12:29:35.414+0000] {dagbag.py:588} INFO - Filling up the DagBag from /workspaces/f1_data_team/venv/lib/python3.12/site-packages/airflow/example_dags/example_xcomargs.py
[2026-01-04T12:29:35.422+0000] {processor.py:925} INFO - DAG(s) 'example_xcom_args_with_operators', 'example_xcom_args' retrieved from /workspaces/f1_data_team/venv/lib/python3.12/site-packages/airflow/example_dags/example_xcomargs.py
[2026-01-04T12:29:35.436+0000] {logging_mixin.py:190} INFO - [2026-01-04T12:29:35.436+0000] {dag.py:3239} INFO - Sync 2 DAGs
[2026-01-04T12:29:35.445+0000] {logging_mixin.py:190} INFO - [2026-01-04T12:29:35.445+0000] {dag.py:4180} INFO - Setting next_dagrun for example_xcom_args to None, run_after=None
[2026-01-04T12:29:35.448+0000] {logging_mixin.py:190} INFO - [2026-01-04T12:29:35.448+0000] {dag.py:4180} INFO - Setting next_dagrun for example_xcom_args_with_operators to None, run_after=None
[2026-01-04T12:29:35.460+0000] {processor.py:208} INFO - Processing /workspaces/f1_data_team/venv/lib/python3.12/site-packages/airflow/example_dags/example_xcomargs.py took 0.055 seconds
[2026-01-04T12:30:19.379+0000] {processor.py:186} INFO - Started process (PID=27386) to work on /workspaces/f1_data_team/venv/lib/python3.12/site-packages/airflow/example_dags/example_xcomargs.py
[2026-01-04T12:30:19.380+0000] {processor.py:914} INFO - Processing file /workspaces/f1_data_team/venv/lib/python3.12/site-packages/airflow/example_dags/example_xcomargs.py for tasks to queue
[2026-01-04T12:30:19.382+0000] {logging_mixin.py:190} INFO - [2026-01-04T12:30:19.382+0000] {dagbag.py:588} INFO - Filling up the DagBag from /workspaces/f1_data_team/venv/lib/python3.12/site-packages/airflow/example_dags/example_xcomargs.py
[2026-01-04T12:30:19.393+0000] {processor.py:925} INFO - DAG(s) 'example_xcom_args_with_operators', 'example_xcom_args' retrieved from /workspaces/f1_data_team/venv/lib/python3.12/site-packages/airflow/example_dags/example_xcomargs.py
[2026-01-04T12:30:19.413+0000] {logging_mixin.py:190} INFO - [2026-01-04T12:30:19.413+0000] {dag.py:3239} INFO - Sync 2 DAGs
[2026-01-04T12:30:19.422+0000] {logging_mixin.py:190} INFO - [2026-01-04T12:30:19.422+0000] {dag.py:4180} INFO - Setting next_dagrun for example_xcom_args to None, run_after=None
[2026-01-04T12:30:19.424+0000] {logging_mixin.py:190} INFO - [2026-01-04T12:30:19.424+0000] {dag.py:4180} INFO - Setting next_dagrun for example_xcom_args_with_operators to None, run_after=None
[2026-01-04T12:30:19.436+0000] {processor.py:208} INFO - Processing /workspaces/f1_data_team/venv/lib/python3.12/site-packages/airflow/example_dags/example_xcomargs.py took 0.064 seconds
[2026-01-04T12:31:17.891+0000] {processor.py:186} INFO - Started process (PID=28398) to work on /workspaces/f1_data_team/venv/lib/python3.12/site-packages/airflow/example_dags/example_xcomargs.py
[2026-01-04T12:31:17.894+0000] {processor.py:914} INFO - Processing file /workspaces/f1_data_team/venv/lib/python3.12/site-packages/airflow/example_dags/example_xcomargs.py for tasks to queue
[2026-01-04T12:31:17.898+0000] {logging_mixin.py:190} INFO - [2026-01-04T12:31:17.898+0000] {dagbag.py:588} INFO - Filling up the DagBag from /workspaces/f1_data_team/venv/lib/python3.12/site-packages/airflow/example_dags/example_xcomargs.py
[2026-01-04T12:31:17.920+0000] {processor.py:925} INFO - DAG(s) 'example_xcom_args_with_operators', 'example_xcom_args' retrieved from /workspaces/f1_data_team/venv/lib/python3.12/site-packages/airflow/example_dags/example_xcomargs.py
[2026-01-04T12:31:17.943+0000] {logging_mixin.py:190} INFO - [2026-01-04T12:31:17.942+0000] {dag.py:3239} INFO - Sync 2 DAGs
[2026-01-04T12:31:17.957+0000] {logging_mixin.py:190} INFO - [2026-01-04T12:31:17.957+0000] {dag.py:4180} INFO - Setting next_dagrun for example_xcom_args to None, run_after=None
[2026-01-04T12:31:17.960+0000] {logging_mixin.py:190} INFO - [2026-01-04T12:31:17.959+0000] {dag.py:4180} INFO - Setting next_dagrun for example_xcom_args_with_operators to None, run_after=None
[2026-01-04T12:31:17.975+0000] {processor.py:208} INFO - Processing /workspaces/f1_data_team/venv/lib/python3.12/site-packages/airflow/example_dags/example_xcomargs.py took 0.097 seconds
[2026-01-04T12:32:26.306+0000] {processor.py:186} INFO - Started process (PID=29446) to work on /workspaces/f1_data_team/venv/lib/python3.12/site-packages/airflow/example_dags/example_xcomargs.py
[2026-01-04T12:32:26.306+0000] {processor.py:914} INFO - Processing file /workspaces/f1_data_team/venv/lib/python3.12/site-packages/airflow/example_dags/example_xcomargs.py for tasks to queue
[2026-01-04T12:32:26.308+0000] {logging_mixin.py:190} INFO - [2026-01-04T12:32:26.308+0000] {dagbag.py:588} INFO - Filling up the DagBag from /workspaces/f1_data_team/venv/lib/python3.12/site-packages/airflow/example_dags/example_xcomargs.py
[2026-01-04T12:32:26.317+0000] {processor.py:925} INFO - DAG(s) 'example_xcom_args_with_operators', 'example_xcom_args' retrieved from /workspaces/f1_data_team/venv/lib/python3.12/site-packages/airflow/example_dags/example_xcomargs.py
[2026-01-04T12:32:26.336+0000] {logging_mixin.py:190} INFO - [2026-01-04T12:32:26.336+0000] {dag.py:3239} INFO - Sync 2 DAGs
[2026-01-04T12:32:26.345+0000] {logging_mixin.py:190} INFO - [2026-01-04T12:32:26.345+0000] {dag.py:4180} INFO - Setting next_dagrun for example_xcom_args to None, run_after=None
[2026-01-04T12:32:26.348+0000] {logging_mixin.py:190} INFO - [2026-01-04T12:32:26.347+0000] {dag.py:4180} INFO - Setting next_dagrun for example_xcom_args_with_operators to None, run_after=None
[2026-01-04T12:32:26.361+0000] {processor.py:208} INFO - Processing /workspaces/f1_data_team/venv/lib/python3.12/site-packages/airflow/example_dags/example_xcomargs.py took 0.060 seconds
[2026-01-04T12:33:26.691+0000] {processor.py:186} INFO - Started process (PID=30540) to work on /workspaces/f1_data_team/venv/lib/python3.12/site-packages/airflow/example_dags/example_xcomargs.py
[2026-01-04T12:33:26.692+0000] {processor.py:914} INFO - Processing file /workspaces/f1_data_team/venv/lib/python3.12/site-packages/airflow/example_dags/example_xcomargs.py for tasks to queue
[2026-01-04T12:33:26.694+0000] {logging_mixin.py:190} INFO - [2026-01-04T12:33:26.694+0000] {dagbag.py:588} INFO - Filling up the DagBag from /workspaces/f1_data_team/venv/lib/python3.12/site-packages/airflow/example_dags/example_xcomargs.py
[2026-01-04T12:33:26.702+0000] {processor.py:925} INFO - DAG(s) 'example_xcom_args', 'example_xcom_args_with_operators' retrieved from /workspaces/f1_data_team/venv/lib/python3.12/site-packages/airflow/example_dags/example_xcomargs.py
[2026-01-04T12:33:26.717+0000] {logging_mixin.py:190} INFO - [2026-01-04T12:33:26.717+0000] {dag.py:3239} INFO - Sync 2 DAGs
[2026-01-04T12:33:26.727+0000] {logging_mixin.py:190} INFO - [2026-01-04T12:33:26.727+0000] {dag.py:4180} INFO - Setting next_dagrun for example_xcom_args to None, run_after=None
[2026-01-04T12:33:26.730+0000] {logging_mixin.py:190} INFO - [2026-01-04T12:33:26.729+0000] {dag.py:4180} INFO - Setting next_dagrun for example_xcom_args_with_operators to None, run_after=None
[2026-01-04T12:33:26.743+0000] {processor.py:208} INFO - Processing /workspaces/f1_data_team/venv/lib/python3.12/site-packages/airflow/example_dags/example_xcomargs.py took 0.056 seconds
[2026-01-04T12:34:23.173+0000] {processor.py:186} INFO - Started process (PID=31030) to work on /workspaces/f1_data_team/venv/lib/python3.12/site-packages/airflow/example_dags/example_xcomargs.py
[2026-01-04T12:34:23.174+0000] {processor.py:914} INFO - Processing file /workspaces/f1_data_team/venv/lib/python3.12/site-packages/airflow/example_dags/example_xcomargs.py for tasks to queue
[2026-01-04T12:34:23.176+0000] {logging_mixin.py:190} INFO - [2026-01-04T12:34:23.175+0000] {dagbag.py:588} INFO - Filling up the DagBag from /workspaces/f1_data_team/venv/lib/python3.12/site-packages/airflow/example_dags/example_xcomargs.py
[2026-01-04T12:34:23.185+0000] {processor.py:925} INFO - DAG(s) 'example_xcom_args', 'example_xcom_args_with_operators' retrieved from /workspaces/f1_data_team/venv/lib/python3.12/site-packages/airflow/example_dags/example_xcomargs.py
[2026-01-04T12:34:23.199+0000] {logging_mixin.py:190} INFO - [2026-01-04T12:34:23.199+0000] {dag.py:3239} INFO - Sync 2 DAGs
[2026-01-04T12:34:23.208+0000] {logging_mixin.py:190} INFO - [2026-01-04T12:34:23.208+0000] {dag.py:4180} INFO - Setting next_dagrun for example_xcom_args to None, run_after=None
[2026-01-04T12:34:23.211+0000] {logging_mixin.py:190} INFO - [2026-01-04T12:34:23.211+0000] {dag.py:4180} INFO - Setting next_dagrun for example_xcom_args_with_operators to None, run_after=None
[2026-01-04T12:34:23.224+0000] {processor.py:208} INFO - Processing /workspaces/f1_data_team/venv/lib/python3.12/site-packages/airflow/example_dags/example_xcomargs.py took 0.056 seconds
[2026-01-04T12:35:12.785+0000] {processor.py:186} INFO - Started process (PID=31485) to work on /workspaces/f1_data_team/venv/lib/python3.12/site-packages/airflow/example_dags/example_xcomargs.py
[2026-01-04T12:35:12.786+0000] {processor.py:914} INFO - Processing file /workspaces/f1_data_team/venv/lib/python3.12/site-packages/airflow/example_dags/example_xcomargs.py for tasks to queue
[2026-01-04T12:35:12.788+0000] {logging_mixin.py:190} INFO - [2026-01-04T12:35:12.788+0000] {dagbag.py:588} INFO - Filling up the DagBag from /workspaces/f1_data_team/venv/lib/python3.12/site-packages/airflow/example_dags/example_xcomargs.py
[2026-01-04T12:35:12.796+0000] {processor.py:925} INFO - DAG(s) 'example_xcom_args', 'example_xcom_args_with_operators' retrieved from /workspaces/f1_data_team/venv/lib/python3.12/site-packages/airflow/example_dags/example_xcomargs.py
[2026-01-04T12:35:12.810+0000] {logging_mixin.py:190} INFO - [2026-01-04T12:35:12.810+0000] {dag.py:3239} INFO - Sync 2 DAGs
[2026-01-04T12:35:12.821+0000] {logging_mixin.py:190} INFO - [2026-01-04T12:35:12.821+0000] {dag.py:4180} INFO - Setting next_dagrun for example_xcom_args to None, run_after=None
[2026-01-04T12:35:12.823+0000] {logging_mixin.py:190} INFO - [2026-01-04T12:35:12.823+0000] {dag.py:4180} INFO - Setting next_dagrun for example_xcom_args_with_operators to None, run_after=None
[2026-01-04T12:35:12.840+0000] {processor.py:208} INFO - Processing /workspaces/f1_data_team/venv/lib/python3.12/site-packages/airflow/example_dags/example_xcomargs.py took 0.059 seconds
[2026-01-04T12:36:04.598+0000] {processor.py:186} INFO - Started process (PID=32130) to work on /workspaces/f1_data_team/venv/lib/python3.12/site-packages/airflow/example_dags/example_xcomargs.py
[2026-01-04T12:36:04.598+0000] {processor.py:914} INFO - Processing file /workspaces/f1_data_team/venv/lib/python3.12/site-packages/airflow/example_dags/example_xcomargs.py for tasks to queue
[2026-01-04T12:36:04.601+0000] {logging_mixin.py:190} INFO - [2026-01-04T12:36:04.601+0000] {dagbag.py:588} INFO - Filling up the DagBag from /workspaces/f1_data_team/venv/lib/python3.12/site-packages/airflow/example_dags/example_xcomargs.py
[2026-01-04T12:36:04.610+0000] {processor.py:925} INFO - DAG(s) 'example_xcom_args_with_operators', 'example_xcom_args' retrieved from /workspaces/f1_data_team/venv/lib/python3.12/site-packages/airflow/example_dags/example_xcomargs.py
[2026-01-04T12:36:04.624+0000] {logging_mixin.py:190} INFO - [2026-01-04T12:36:04.624+0000] {dag.py:3239} INFO - Sync 2 DAGs
[2026-01-04T12:36:04.634+0000] {logging_mixin.py:190} INFO - [2026-01-04T12:36:04.634+0000] {dag.py:4180} INFO - Setting next_dagrun for example_xcom_args to None, run_after=None
[2026-01-04T12:36:04.636+0000] {logging_mixin.py:190} INFO - [2026-01-04T12:36:04.636+0000] {dag.py:4180} INFO - Setting next_dagrun for example_xcom_args_with_operators to None, run_after=None
[2026-01-04T12:36:04.649+0000] {processor.py:208} INFO - Processing /workspaces/f1_data_team/venv/lib/python3.12/site-packages/airflow/example_dags/example_xcomargs.py took 0.057 seconds
[2026-01-04T12:36:55.996+0000] {processor.py:186} INFO - Started process (PID=32595) to work on /workspaces/f1_data_team/venv/lib/python3.12/site-packages/airflow/example_dags/example_xcomargs.py
[2026-01-04T12:36:55.997+0000] {processor.py:914} INFO - Processing file /workspaces/f1_data_team/venv/lib/python3.12/site-packages/airflow/example_dags/example_xcomargs.py for tasks to queue
[2026-01-04T12:36:55.999+0000] {logging_mixin.py:190} INFO - [2026-01-04T12:36:55.998+0000] {dagbag.py:588} INFO - Filling up the DagBag from /workspaces/f1_data_team/venv/lib/python3.12/site-packages/airflow/example_dags/example_xcomargs.py
[2026-01-04T12:36:56.007+0000] {processor.py:925} INFO - DAG(s) 'example_xcom_args', 'example_xcom_args_with_operators' retrieved from /workspaces/f1_data_team/venv/lib/python3.12/site-packages/airflow/example_dags/example_xcomargs.py
[2026-01-04T12:36:56.021+0000] {logging_mixin.py:190} INFO - [2026-01-04T12:36:56.021+0000] {dag.py:3239} INFO - Sync 2 DAGs
[2026-01-04T12:36:56.031+0000] {logging_mixin.py:190} INFO - [2026-01-04T12:36:56.031+0000] {dag.py:4180} INFO - Setting next_dagrun for example_xcom_args to None, run_after=None
[2026-01-04T12:36:56.033+0000] {logging_mixin.py:190} INFO - [2026-01-04T12:36:56.033+0000] {dag.py:4180} INFO - Setting next_dagrun for example_xcom_args_with_operators to None, run_after=None
[2026-01-04T12:36:56.046+0000] {processor.py:208} INFO - Processing /workspaces/f1_data_team/venv/lib/python3.12/site-packages/airflow/example_dags/example_xcomargs.py took 0.057 seconds
[2026-01-04T12:37:50.541+0000] {processor.py:186} INFO - Started process (PID=33481) to work on /workspaces/f1_data_team/venv/lib/python3.12/site-packages/airflow/example_dags/example_xcomargs.py
[2026-01-04T12:37:50.542+0000] {processor.py:914} INFO - Processing file /workspaces/f1_data_team/venv/lib/python3.12/site-packages/airflow/example_dags/example_xcomargs.py for tasks to queue
[2026-01-04T12:37:50.543+0000] {logging_mixin.py:190} INFO - [2026-01-04T12:37:50.543+0000] {dagbag.py:588} INFO - Filling up the DagBag from /workspaces/f1_data_team/venv/lib/python3.12/site-packages/airflow/example_dags/example_xcomargs.py
[2026-01-04T12:37:50.553+0000] {processor.py:925} INFO - DAG(s) 'example_xcom_args_with_operators', 'example_xcom_args' retrieved from /workspaces/f1_data_team/venv/lib/python3.12/site-packages/airflow/example_dags/example_xcomargs.py
[2026-01-04T12:37:50.566+0000] {logging_mixin.py:190} INFO - [2026-01-04T12:37:50.566+0000] {dag.py:3239} INFO - Sync 2 DAGs
[2026-01-04T12:37:50.576+0000] {logging_mixin.py:190} INFO - [2026-01-04T12:37:50.576+0000] {dag.py:4180} INFO - Setting next_dagrun for example_xcom_args to None, run_after=None
[2026-01-04T12:37:50.578+0000] {logging_mixin.py:190} INFO - [2026-01-04T12:37:50.578+0000] {dag.py:4180} INFO - Setting next_dagrun for example_xcom_args_with_operators to None, run_after=None
[2026-01-04T12:37:50.591+0000] {processor.py:208} INFO - Processing /workspaces/f1_data_team/venv/lib/python3.12/site-packages/airflow/example_dags/example_xcomargs.py took 0.055 seconds
[2026-01-04T12:38:42.249+0000] {processor.py:186} INFO - Started process (PID=34000) to work on /workspaces/f1_data_team/venv/lib/python3.12/site-packages/airflow/example_dags/example_xcomargs.py
[2026-01-04T12:38:42.250+0000] {processor.py:914} INFO - Processing file /workspaces/f1_data_team/venv/lib/python3.12/site-packages/airflow/example_dags/example_xcomargs.py for tasks to queue
[2026-01-04T12:38:42.252+0000] {logging_mixin.py:190} INFO - [2026-01-04T12:38:42.252+0000] {dagbag.py:588} INFO - Filling up the DagBag from /workspaces/f1_data_team/venv/lib/python3.12/site-packages/airflow/example_dags/example_xcomargs.py
[2026-01-04T12:38:42.261+0000] {processor.py:925} INFO - DAG(s) 'example_xcom_args', 'example_xcom_args_with_operators' retrieved from /workspaces/f1_data_team/venv/lib/python3.12/site-packages/airflow/example_dags/example_xcomargs.py
[2026-01-04T12:38:42.274+0000] {logging_mixin.py:190} INFO - [2026-01-04T12:38:42.274+0000] {dag.py:3239} INFO - Sync 2 DAGs
[2026-01-04T12:38:42.284+0000] {logging_mixin.py:190} INFO - [2026-01-04T12:38:42.284+0000] {dag.py:4180} INFO - Setting next_dagrun for example_xcom_args to None, run_after=None
[2026-01-04T12:38:42.286+0000] {logging_mixin.py:190} INFO - [2026-01-04T12:38:42.286+0000] {dag.py:4180} INFO - Setting next_dagrun for example_xcom_args_with_operators to None, run_after=None
[2026-01-04T12:38:42.299+0000] {processor.py:208} INFO - Processing /workspaces/f1_data_team/venv/lib/python3.12/site-packages/airflow/example_dags/example_xcomargs.py took 0.057 seconds
[2026-01-04T12:39:35.643+0000] {processor.py:186} INFO - Started process (PID=34500) to work on /workspaces/f1_data_team/venv/lib/python3.12/site-packages/airflow/example_dags/example_xcomargs.py
[2026-01-04T12:39:35.644+0000] {processor.py:914} INFO - Processing file /workspaces/f1_data_team/venv/lib/python3.12/site-packages/airflow/example_dags/example_xcomargs.py for tasks to queue
[2026-01-04T12:39:35.646+0000] {logging_mixin.py:190} INFO - [2026-01-04T12:39:35.646+0000] {dagbag.py:588} INFO - Filling up the DagBag from /workspaces/f1_data_team/venv/lib/python3.12/site-packages/airflow/example_dags/example_xcomargs.py
[2026-01-04T12:39:35.655+0000] {processor.py:925} INFO - DAG(s) 'example_xcom_args_with_operators', 'example_xcom_args' retrieved from /workspaces/f1_data_team/venv/lib/python3.12/site-packages/airflow/example_dags/example_xcomargs.py
[2026-01-04T12:39:35.669+0000] {logging_mixin.py:190} INFO - [2026-01-04T12:39:35.668+0000] {dag.py:3239} INFO - Sync 2 DAGs
[2026-01-04T12:39:35.678+0000] {logging_mixin.py:190} INFO - [2026-01-04T12:39:35.678+0000] {dag.py:4180} INFO - Setting next_dagrun for example_xcom_args to None, run_after=None
[2026-01-04T12:39:35.680+0000] {logging_mixin.py:190} INFO - [2026-01-04T12:39:35.680+0000] {dag.py:4180} INFO - Setting next_dagrun for example_xcom_args_with_operators to None, run_after=None
[2026-01-04T12:39:35.695+0000] {processor.py:208} INFO - Processing /workspaces/f1_data_team/venv/lib/python3.12/site-packages/airflow/example_dags/example_xcomargs.py took 0.057 seconds
[2026-01-04T12:40:30.839+0000] {processor.py:186} INFO - Started process (PID=35057) to work on /workspaces/f1_data_team/venv/lib/python3.12/site-packages/airflow/example_dags/example_xcomargs.py
[2026-01-04T12:40:30.839+0000] {processor.py:914} INFO - Processing file /workspaces/f1_data_team/venv/lib/python3.12/site-packages/airflow/example_dags/example_xcomargs.py for tasks to queue
[2026-01-04T12:40:30.841+0000] {logging_mixin.py:190} INFO - [2026-01-04T12:40:30.841+0000] {dagbag.py:588} INFO - Filling up the DagBag from /workspaces/f1_data_team/venv/lib/python3.12/site-packages/airflow/example_dags/example_xcomargs.py
[2026-01-04T12:40:30.850+0000] {processor.py:925} INFO - DAG(s) 'example_xcom_args_with_operators', 'example_xcom_args' retrieved from /workspaces/f1_data_team/venv/lib/python3.12/site-packages/airflow/example_dags/example_xcomargs.py
[2026-01-04T12:40:30.864+0000] {logging_mixin.py:190} INFO - [2026-01-04T12:40:30.864+0000] {dag.py:3239} INFO - Sync 2 DAGs
[2026-01-04T12:40:30.874+0000] {logging_mixin.py:190} INFO - [2026-01-04T12:40:30.874+0000] {dag.py:4180} INFO - Setting next_dagrun for example_xcom_args to None, run_after=None
[2026-01-04T12:40:30.876+0000] {logging_mixin.py:190} INFO - [2026-01-04T12:40:30.876+0000] {dag.py:4180} INFO - Setting next_dagrun for example_xcom_args_with_operators to None, run_after=None
[2026-01-04T12:40:30.889+0000] {processor.py:208} INFO - Processing /workspaces/f1_data_team/venv/lib/python3.12/site-packages/airflow/example_dags/example_xcomargs.py took 0.055 seconds
[2026-01-04T12:41:24.807+0000] {processor.py:186} INFO - Started process (PID=35719) to work on /workspaces/f1_data_team/venv/lib/python3.12/site-packages/airflow/example_dags/example_xcomargs.py
[2026-01-04T12:41:24.808+0000] {processor.py:914} INFO - Processing file /workspaces/f1_data_team/venv/lib/python3.12/site-packages/airflow/example_dags/example_xcomargs.py for tasks to queue
[2026-01-04T12:41:24.810+0000] {logging_mixin.py:190} INFO - [2026-01-04T12:41:24.810+0000] {dagbag.py:588} INFO - Filling up the DagBag from /workspaces/f1_data_team/venv/lib/python3.12/site-packages/airflow/example_dags/example_xcomargs.py
[2026-01-04T12:41:24.818+0000] {processor.py:925} INFO - DAG(s) 'example_xcom_args', 'example_xcom_args_with_operators' retrieved from /workspaces/f1_data_team/venv/lib/python3.12/site-packages/airflow/example_dags/example_xcomargs.py
[2026-01-04T12:41:24.837+0000] {logging_mixin.py:190} INFO - [2026-01-04T12:41:24.836+0000] {dag.py:3239} INFO - Sync 2 DAGs
[2026-01-04T12:41:24.846+0000] {logging_mixin.py:190} INFO - [2026-01-04T12:41:24.846+0000] {dag.py:4180} INFO - Setting next_dagrun for example_xcom_args to None, run_after=None
[2026-01-04T12:41:24.848+0000] {logging_mixin.py:190} INFO - [2026-01-04T12:41:24.848+0000] {dag.py:4180} INFO - Setting next_dagrun for example_xcom_args_with_operators to None, run_after=None
[2026-01-04T12:41:24.862+0000] {processor.py:208} INFO - Processing /workspaces/f1_data_team/venv/lib/python3.12/site-packages/airflow/example_dags/example_xcomargs.py took 0.059 seconds
[2026-01-04T12:42:28.422+0000] {processor.py:186} INFO - Started process (PID=36803) to work on /workspaces/f1_data_team/venv/lib/python3.12/site-packages/airflow/example_dags/example_xcomargs.py
[2026-01-04T12:42:28.422+0000] {processor.py:914} INFO - Processing file /workspaces/f1_data_team/venv/lib/python3.12/site-packages/airflow/example_dags/example_xcomargs.py for tasks to queue
[2026-01-04T12:42:28.425+0000] {logging_mixin.py:190} INFO - [2026-01-04T12:42:28.425+0000] {dagbag.py:588} INFO - Filling up the DagBag from /workspaces/f1_data_team/venv/lib/python3.12/site-packages/airflow/example_dags/example_xcomargs.py
[2026-01-04T12:42:28.433+0000] {processor.py:925} INFO - DAG(s) 'example_xcom_args', 'example_xcom_args_with_operators' retrieved from /workspaces/f1_data_team/venv/lib/python3.12/site-packages/airflow/example_dags/example_xcomargs.py
[2026-01-04T12:42:28.447+0000] {logging_mixin.py:190} INFO - [2026-01-04T12:42:28.447+0000] {dag.py:3239} INFO - Sync 2 DAGs
[2026-01-04T12:42:28.457+0000] {logging_mixin.py:190} INFO - [2026-01-04T12:42:28.457+0000] {dag.py:4180} INFO - Setting next_dagrun for example_xcom_args to None, run_after=None
[2026-01-04T12:42:28.460+0000] {logging_mixin.py:190} INFO - [2026-01-04T12:42:28.460+0000] {dag.py:4180} INFO - Setting next_dagrun for example_xcom_args_with_operators to None, run_after=None
[2026-01-04T12:42:28.473+0000] {processor.py:208} INFO - Processing /workspaces/f1_data_team/venv/lib/python3.12/site-packages/airflow/example_dags/example_xcomargs.py took 0.056 seconds
[2026-01-04T12:43:25.345+0000] {processor.py:186} INFO - Started process (PID=37560) to work on /workspaces/f1_data_team/venv/lib/python3.12/site-packages/airflow/example_dags/example_xcomargs.py
[2026-01-04T12:43:25.345+0000] {processor.py:914} INFO - Processing file /workspaces/f1_data_team/venv/lib/python3.12/site-packages/airflow/example_dags/example_xcomargs.py for tasks to queue
[2026-01-04T12:43:25.348+0000] {logging_mixin.py:190} INFO - [2026-01-04T12:43:25.347+0000] {dagbag.py:588} INFO - Filling up the DagBag from /workspaces/f1_data_team/venv/lib/python3.12/site-packages/airflow/example_dags/example_xcomargs.py
[2026-01-04T12:43:25.356+0000] {processor.py:925} INFO - DAG(s) 'example_xcom_args', 'example_xcom_args_with_operators' retrieved from /workspaces/f1_data_team/venv/lib/python3.12/site-packages/airflow/example_dags/example_xcomargs.py
[2026-01-04T12:43:25.369+0000] {logging_mixin.py:190} INFO - [2026-01-04T12:43:25.369+0000] {dag.py:3239} INFO - Sync 2 DAGs
[2026-01-04T12:43:25.379+0000] {logging_mixin.py:190} INFO - [2026-01-04T12:43:25.379+0000] {dag.py:4180} INFO - Setting next_dagrun for example_xcom_args to None, run_after=None
[2026-01-04T12:43:25.381+0000] {logging_mixin.py:190} INFO - [2026-01-04T12:43:25.381+0000] {dag.py:4180} INFO - Setting next_dagrun for example_xcom_args_with_operators to None, run_after=None
[2026-01-04T12:43:25.394+0000] {processor.py:208} INFO - Processing /workspaces/f1_data_team/venv/lib/python3.12/site-packages/airflow/example_dags/example_xcomargs.py took 0.054 seconds
[2026-01-04T12:44:17.414+0000] {processor.py:186} INFO - Started process (PID=38082) to work on /workspaces/f1_data_team/venv/lib/python3.12/site-packages/airflow/example_dags/example_xcomargs.py
[2026-01-04T12:44:17.415+0000] {processor.py:914} INFO - Processing file /workspaces/f1_data_team/venv/lib/python3.12/site-packages/airflow/example_dags/example_xcomargs.py for tasks to queue
[2026-01-04T12:44:17.417+0000] {logging_mixin.py:190} INFO - [2026-01-04T12:44:17.416+0000] {dagbag.py:588} INFO - Filling up the DagBag from /workspaces/f1_data_team/venv/lib/python3.12/site-packages/airflow/example_dags/example_xcomargs.py
[2026-01-04T12:44:17.425+0000] {processor.py:925} INFO - DAG(s) 'example_xcom_args', 'example_xcom_args_with_operators' retrieved from /workspaces/f1_data_team/venv/lib/python3.12/site-packages/airflow/example_dags/example_xcomargs.py
[2026-01-04T12:44:17.439+0000] {logging_mixin.py:190} INFO - [2026-01-04T12:44:17.438+0000] {dag.py:3239} INFO - Sync 2 DAGs
[2026-01-04T12:44:17.448+0000] {logging_mixin.py:190} INFO - [2026-01-04T12:44:17.448+0000] {dag.py:4180} INFO - Setting next_dagrun for example_xcom_args to None, run_after=None
[2026-01-04T12:44:17.450+0000] {logging_mixin.py:190} INFO - [2026-01-04T12:44:17.450+0000] {dag.py:4180} INFO - Setting next_dagrun for example_xcom_args_with_operators to None, run_after=None
[2026-01-04T12:44:17.464+0000] {processor.py:208} INFO - Processing /workspaces/f1_data_team/venv/lib/python3.12/site-packages/airflow/example_dags/example_xcomargs.py took 0.054 seconds
[2026-01-04T12:45:15.302+0000] {processor.py:186} INFO - Started process (PID=39141) to work on /workspaces/f1_data_team/venv/lib/python3.12/site-packages/airflow/example_dags/example_xcomargs.py
[2026-01-04T12:45:15.303+0000] {processor.py:914} INFO - Processing file /workspaces/f1_data_team/venv/lib/python3.12/site-packages/airflow/example_dags/example_xcomargs.py for tasks to queue
[2026-01-04T12:45:15.305+0000] {logging_mixin.py:190} INFO - [2026-01-04T12:45:15.305+0000] {dagbag.py:588} INFO - Filling up the DagBag from /workspaces/f1_data_team/venv/lib/python3.12/site-packages/airflow/example_dags/example_xcomargs.py
[2026-01-04T12:45:15.313+0000] {processor.py:925} INFO - DAG(s) 'example_xcom_args_with_operators', 'example_xcom_args' retrieved from /workspaces/f1_data_team/venv/lib/python3.12/site-packages/airflow/example_dags/example_xcomargs.py
[2026-01-04T12:45:15.328+0000] {logging_mixin.py:190} INFO - [2026-01-04T12:45:15.327+0000] {dag.py:3239} INFO - Sync 2 DAGs
[2026-01-04T12:45:15.337+0000] {logging_mixin.py:190} INFO - [2026-01-04T12:45:15.337+0000] {dag.py:4180} INFO - Setting next_dagrun for example_xcom_args to None, run_after=None
[2026-01-04T12:45:15.340+0000] {logging_mixin.py:190} INFO - [2026-01-04T12:45:15.340+0000] {dag.py:4180} INFO - Setting next_dagrun for example_xcom_args_with_operators to None, run_after=None
[2026-01-04T12:45:15.353+0000] {processor.py:208} INFO - Processing /workspaces/f1_data_team/venv/lib/python3.12/site-packages/airflow/example_dags/example_xcomargs.py took 0.055 seconds
[2026-01-04T12:46:10.548+0000] {processor.py:186} INFO - Started process (PID=39728) to work on /workspaces/f1_data_team/venv/lib/python3.12/site-packages/airflow/example_dags/example_xcomargs.py
[2026-01-04T12:46:10.549+0000] {processor.py:914} INFO - Processing file /workspaces/f1_data_team/venv/lib/python3.12/site-packages/airflow/example_dags/example_xcomargs.py for tasks to queue
[2026-01-04T12:46:10.551+0000] {logging_mixin.py:190} INFO - [2026-01-04T12:46:10.551+0000] {dagbag.py:588} INFO - Filling up the DagBag from /workspaces/f1_data_team/venv/lib/python3.12/site-packages/airflow/example_dags/example_xcomargs.py
[2026-01-04T12:46:10.560+0000] {processor.py:925} INFO - DAG(s) 'example_xcom_args', 'example_xcom_args_with_operators' retrieved from /workspaces/f1_data_team/venv/lib/python3.12/site-packages/airflow/example_dags/example_xcomargs.py
[2026-01-04T12:46:10.574+0000] {logging_mixin.py:190} INFO - [2026-01-04T12:46:10.574+0000] {dag.py:3239} INFO - Sync 2 DAGs
[2026-01-04T12:46:10.586+0000] {logging_mixin.py:190} INFO - [2026-01-04T12:46:10.586+0000] {dag.py:4180} INFO - Setting next_dagrun for example_xcom_args to None, run_after=None
[2026-01-04T12:46:10.588+0000] {logging_mixin.py:190} INFO - [2026-01-04T12:46:10.588+0000] {dag.py:4180} INFO - Setting next_dagrun for example_xcom_args_with_operators to None, run_after=None
[2026-01-04T12:46:10.602+0000] {processor.py:208} INFO - Processing /workspaces/f1_data_team/venv/lib/python3.12/site-packages/airflow/example_dags/example_xcomargs.py took 0.060 seconds
[2026-01-04T12:47:03.166+0000] {processor.py:186} INFO - Started process (PID=40277) to work on /workspaces/f1_data_team/venv/lib/python3.12/site-packages/airflow/example_dags/example_xcomargs.py
[2026-01-04T12:47:03.167+0000] {processor.py:914} INFO - Processing file /workspaces/f1_data_team/venv/lib/python3.12/site-packages/airflow/example_dags/example_xcomargs.py for tasks to queue
[2026-01-04T12:47:03.169+0000] {logging_mixin.py:190} INFO - [2026-01-04T12:47:03.169+0000] {dagbag.py:588} INFO - Filling up the DagBag from /workspaces/f1_data_team/venv/lib/python3.12/site-packages/airflow/example_dags/example_xcomargs.py
[2026-01-04T12:47:03.178+0000] {processor.py:925} INFO - DAG(s) 'example_xcom_args_with_operators', 'example_xcom_args' retrieved from /workspaces/f1_data_team/venv/lib/python3.12/site-packages/airflow/example_dags/example_xcomargs.py
[2026-01-04T12:47:03.192+0000] {logging_mixin.py:190} INFO - [2026-01-04T12:47:03.192+0000] {dag.py:3239} INFO - Sync 2 DAGs
[2026-01-04T12:47:03.202+0000] {logging_mixin.py:190} INFO - [2026-01-04T12:47:03.202+0000] {dag.py:4180} INFO - Setting next_dagrun for example_xcom_args to None, run_after=None
[2026-01-04T12:47:03.205+0000] {logging_mixin.py:190} INFO - [2026-01-04T12:47:03.204+0000] {dag.py:4180} INFO - Setting next_dagrun for example_xcom_args_with_operators to None, run_after=None
[2026-01-04T12:47:03.217+0000] {processor.py:208} INFO - Processing /workspaces/f1_data_team/venv/lib/python3.12/site-packages/airflow/example_dags/example_xcomargs.py took 0.055 seconds
[2026-01-04T12:47:53.394+0000] {processor.py:186} INFO - Started process (PID=40780) to work on /workspaces/f1_data_team/venv/lib/python3.12/site-packages/airflow/example_dags/example_xcomargs.py
[2026-01-04T12:47:53.395+0000] {processor.py:914} INFO - Processing file /workspaces/f1_data_team/venv/lib/python3.12/site-packages/airflow/example_dags/example_xcomargs.py for tasks to queue
[2026-01-04T12:47:53.397+0000] {logging_mixin.py:190} INFO - [2026-01-04T12:47:53.397+0000] {dagbag.py:588} INFO - Filling up the DagBag from /workspaces/f1_data_team/venv/lib/python3.12/site-packages/airflow/example_dags/example_xcomargs.py
[2026-01-04T12:47:53.406+0000] {processor.py:925} INFO - DAG(s) 'example_xcom_args', 'example_xcom_args_with_operators' retrieved from /workspaces/f1_data_team/venv/lib/python3.12/site-packages/airflow/example_dags/example_xcomargs.py
[2026-01-04T12:47:53.420+0000] {logging_mixin.py:190} INFO - [2026-01-04T12:47:53.419+0000] {dag.py:3239} INFO - Sync 2 DAGs
[2026-01-04T12:47:53.429+0000] {logging_mixin.py:190} INFO - [2026-01-04T12:47:53.429+0000] {dag.py:4180} INFO - Setting next_dagrun for example_xcom_args to None, run_after=None
[2026-01-04T12:47:53.432+0000] {logging_mixin.py:190} INFO - [2026-01-04T12:47:53.432+0000] {dag.py:4180} INFO - Setting next_dagrun for example_xcom_args_with_operators to None, run_after=None
[2026-01-04T12:47:53.446+0000] {processor.py:208} INFO - Processing /workspaces/f1_data_team/venv/lib/python3.12/site-packages/airflow/example_dags/example_xcomargs.py took 0.056 seconds
[2026-01-04T12:48:38.018+0000] {processor.py:186} INFO - Started process (PID=41484) to work on /workspaces/f1_data_team/venv/lib/python3.12/site-packages/airflow/example_dags/example_xcomargs.py
[2026-01-04T12:48:38.018+0000] {processor.py:914} INFO - Processing file /workspaces/f1_data_team/venv/lib/python3.12/site-packages/airflow/example_dags/example_xcomargs.py for tasks to queue
[2026-01-04T12:48:38.020+0000] {logging_mixin.py:190} INFO - [2026-01-04T12:48:38.020+0000] {dagbag.py:588} INFO - Filling up the DagBag from /workspaces/f1_data_team/venv/lib/python3.12/site-packages/airflow/example_dags/example_xcomargs.py
[2026-01-04T12:48:38.029+0000] {processor.py:925} INFO - DAG(s) 'example_xcom_args', 'example_xcom_args_with_operators' retrieved from /workspaces/f1_data_team/venv/lib/python3.12/site-packages/airflow/example_dags/example_xcomargs.py
[2026-01-04T12:48:38.047+0000] {logging_mixin.py:190} INFO - [2026-01-04T12:48:38.047+0000] {dag.py:3239} INFO - Sync 2 DAGs
[2026-01-04T12:48:38.056+0000] {logging_mixin.py:190} INFO - [2026-01-04T12:48:38.056+0000] {dag.py:4180} INFO - Setting next_dagrun for example_xcom_args to None, run_after=None
[2026-01-04T12:48:38.059+0000] {logging_mixin.py:190} INFO - [2026-01-04T12:48:38.059+0000] {dag.py:4180} INFO - Setting next_dagrun for example_xcom_args_with_operators to None, run_after=None
[2026-01-04T12:48:38.072+0000] {processor.py:208} INFO - Processing /workspaces/f1_data_team/venv/lib/python3.12/site-packages/airflow/example_dags/example_xcomargs.py took 0.059 seconds
[2026-01-04T12:49:40.948+0000] {processor.py:186} INFO - Started process (PID=42471) to work on /workspaces/f1_data_team/venv/lib/python3.12/site-packages/airflow/example_dags/example_xcomargs.py
[2026-01-04T12:49:40.948+0000] {processor.py:914} INFO - Processing file /workspaces/f1_data_team/venv/lib/python3.12/site-packages/airflow/example_dags/example_xcomargs.py for tasks to queue
[2026-01-04T12:49:40.950+0000] {logging_mixin.py:190} INFO - [2026-01-04T12:49:40.950+0000] {dagbag.py:588} INFO - Filling up the DagBag from /workspaces/f1_data_team/venv/lib/python3.12/site-packages/airflow/example_dags/example_xcomargs.py
[2026-01-04T12:49:40.959+0000] {processor.py:925} INFO - DAG(s) 'example_xcom_args', 'example_xcom_args_with_operators' retrieved from /workspaces/f1_data_team/venv/lib/python3.12/site-packages/airflow/example_dags/example_xcomargs.py
[2026-01-04T12:49:40.973+0000] {logging_mixin.py:190} INFO - [2026-01-04T12:49:40.973+0000] {dag.py:3239} INFO - Sync 2 DAGs
[2026-01-04T12:49:40.982+0000] {logging_mixin.py:190} INFO - [2026-01-04T12:49:40.982+0000] {dag.py:4180} INFO - Setting next_dagrun for example_xcom_args to None, run_after=None
[2026-01-04T12:49:40.985+0000] {logging_mixin.py:190} INFO - [2026-01-04T12:49:40.984+0000] {dag.py:4180} INFO - Setting next_dagrun for example_xcom_args_with_operators to None, run_after=None
[2026-01-04T12:49:40.998+0000] {processor.py:208} INFO - Processing /workspaces/f1_data_team/venv/lib/python3.12/site-packages/airflow/example_dags/example_xcomargs.py took 0.054 seconds
[2026-01-04T12:50:35.185+0000] {processor.py:186} INFO - Started process (PID=42983) to work on /workspaces/f1_data_team/venv/lib/python3.12/site-packages/airflow/example_dags/example_xcomargs.py
[2026-01-04T12:50:35.186+0000] {processor.py:914} INFO - Processing file /workspaces/f1_data_team/venv/lib/python3.12/site-packages/airflow/example_dags/example_xcomargs.py for tasks to queue
[2026-01-04T12:50:35.188+0000] {logging_mixin.py:190} INFO - [2026-01-04T12:50:35.188+0000] {dagbag.py:588} INFO - Filling up the DagBag from /workspaces/f1_data_team/venv/lib/python3.12/site-packages/airflow/example_dags/example_xcomargs.py
[2026-01-04T12:50:35.197+0000] {processor.py:925} INFO - DAG(s) 'example_xcom_args_with_operators', 'example_xcom_args' retrieved from /workspaces/f1_data_team/venv/lib/python3.12/site-packages/airflow/example_dags/example_xcomargs.py
[2026-01-04T12:50:35.210+0000] {logging_mixin.py:190} INFO - [2026-01-04T12:50:35.210+0000] {dag.py:3239} INFO - Sync 2 DAGs
[2026-01-04T12:50:35.220+0000] {logging_mixin.py:190} INFO - [2026-01-04T12:50:35.220+0000] {dag.py:4180} INFO - Setting next_dagrun for example_xcom_args to None, run_after=None
[2026-01-04T12:50:35.223+0000] {logging_mixin.py:190} INFO - [2026-01-04T12:50:35.223+0000] {dag.py:4180} INFO - Setting next_dagrun for example_xcom_args_with_operators to None, run_after=None
[2026-01-04T12:50:35.236+0000] {processor.py:208} INFO - Processing /workspaces/f1_data_team/venv/lib/python3.12/site-packages/airflow/example_dags/example_xcomargs.py took 0.055 seconds
[2026-01-04T12:51:13.144+0000] {processor.py:186} INFO - Started process (PID=43626) to work on /workspaces/f1_data_team/venv/lib/python3.12/site-packages/airflow/example_dags/example_xcomargs.py
[2026-01-04T12:51:13.145+0000] {processor.py:914} INFO - Processing file /workspaces/f1_data_team/venv/lib/python3.12/site-packages/airflow/example_dags/example_xcomargs.py for tasks to queue
[2026-01-04T12:51:13.146+0000] {logging_mixin.py:190} INFO - [2026-01-04T12:51:13.146+0000] {dagbag.py:588} INFO - Filling up the DagBag from /workspaces/f1_data_team/venv/lib/python3.12/site-packages/airflow/example_dags/example_xcomargs.py
[2026-01-04T12:51:13.156+0000] {processor.py:925} INFO - DAG(s) 'example_xcom_args', 'example_xcom_args_with_operators' retrieved from /workspaces/f1_data_team/venv/lib/python3.12/site-packages/airflow/example_dags/example_xcomargs.py
[2026-01-04T12:51:13.201+0000] {logging_mixin.py:190} INFO - [2026-01-04T12:51:13.200+0000] {dag.py:3239} INFO - Sync 2 DAGs
[2026-01-04T12:51:13.216+0000] {logging_mixin.py:190} INFO - [2026-01-04T12:51:13.216+0000] {dag.py:4180} INFO - Setting next_dagrun for example_xcom_args to None, run_after=None
[2026-01-04T12:51:13.219+0000] {logging_mixin.py:190} INFO - [2026-01-04T12:51:13.219+0000] {dag.py:4180} INFO - Setting next_dagrun for example_xcom_args_with_operators to None, run_after=None
[2026-01-04T12:51:13.232+0000] {processor.py:208} INFO - Processing /workspaces/f1_data_team/venv/lib/python3.12/site-packages/airflow/example_dags/example_xcomargs.py took 0.092 seconds
[2026-01-04T12:52:16.009+0000] {processor.py:186} INFO - Started process (PID=44748) to work on /workspaces/f1_data_team/venv/lib/python3.12/site-packages/airflow/example_dags/example_xcomargs.py
[2026-01-04T12:52:16.010+0000] {processor.py:914} INFO - Processing file /workspaces/f1_data_team/venv/lib/python3.12/site-packages/airflow/example_dags/example_xcomargs.py for tasks to queue
[2026-01-04T12:52:16.012+0000] {logging_mixin.py:190} INFO - [2026-01-04T12:52:16.012+0000] {dagbag.py:588} INFO - Filling up the DagBag from /workspaces/f1_data_team/venv/lib/python3.12/site-packages/airflow/example_dags/example_xcomargs.py
[2026-01-04T12:52:16.021+0000] {processor.py:925} INFO - DAG(s) 'example_xcom_args', 'example_xcom_args_with_operators' retrieved from /workspaces/f1_data_team/venv/lib/python3.12/site-packages/airflow/example_dags/example_xcomargs.py
[2026-01-04T12:52:16.035+0000] {logging_mixin.py:190} INFO - [2026-01-04T12:52:16.035+0000] {dag.py:3239} INFO - Sync 2 DAGs
[2026-01-04T12:52:16.045+0000] {logging_mixin.py:190} INFO - [2026-01-04T12:52:16.044+0000] {dag.py:4180} INFO - Setting next_dagrun for example_xcom_args to None, run_after=None
[2026-01-04T12:52:16.047+0000] {logging_mixin.py:190} INFO - [2026-01-04T12:52:16.047+0000] {dag.py:4180} INFO - Setting next_dagrun for example_xcom_args_with_operators to None, run_after=None
[2026-01-04T12:52:16.060+0000] {processor.py:208} INFO - Processing /workspaces/f1_data_team/venv/lib/python3.12/site-packages/airflow/example_dags/example_xcomargs.py took 0.055 seconds
[2026-01-04T12:53:12.621+0000] {processor.py:186} INFO - Started process (PID=45558) to work on /workspaces/f1_data_team/venv/lib/python3.12/site-packages/airflow/example_dags/example_xcomargs.py
[2026-01-04T12:53:12.621+0000] {processor.py:914} INFO - Processing file /workspaces/f1_data_team/venv/lib/python3.12/site-packages/airflow/example_dags/example_xcomargs.py for tasks to queue
[2026-01-04T12:53:12.623+0000] {logging_mixin.py:190} INFO - [2026-01-04T12:53:12.623+0000] {dagbag.py:588} INFO - Filling up the DagBag from /workspaces/f1_data_team/venv/lib/python3.12/site-packages/airflow/example_dags/example_xcomargs.py
[2026-01-04T12:53:12.632+0000] {processor.py:925} INFO - DAG(s) 'example_xcom_args', 'example_xcom_args_with_operators' retrieved from /workspaces/f1_data_team/venv/lib/python3.12/site-packages/airflow/example_dags/example_xcomargs.py
[2026-01-04T12:53:12.645+0000] {logging_mixin.py:190} INFO - [2026-01-04T12:53:12.645+0000] {dag.py:3239} INFO - Sync 2 DAGs
[2026-01-04T12:53:12.655+0000] {logging_mixin.py:190} INFO - [2026-01-04T12:53:12.655+0000] {dag.py:4180} INFO - Setting next_dagrun for example_xcom_args to None, run_after=None
[2026-01-04T12:53:12.658+0000] {logging_mixin.py:190} INFO - [2026-01-04T12:53:12.658+0000] {dag.py:4180} INFO - Setting next_dagrun for example_xcom_args_with_operators to None, run_after=None
[2026-01-04T12:53:12.671+0000] {processor.py:208} INFO - Processing /workspaces/f1_data_team/venv/lib/python3.12/site-packages/airflow/example_dags/example_xcomargs.py took 0.055 seconds
[2026-01-04T12:54:07.035+0000] {processor.py:186} INFO - Started process (PID=46281) to work on /workspaces/f1_data_team/venv/lib/python3.12/site-packages/airflow/example_dags/example_xcomargs.py
[2026-01-04T12:54:07.036+0000] {processor.py:914} INFO - Processing file /workspaces/f1_data_team/venv/lib/python3.12/site-packages/airflow/example_dags/example_xcomargs.py for tasks to queue
[2026-01-04T12:54:07.038+0000] {logging_mixin.py:190} INFO - [2026-01-04T12:54:07.038+0000] {dagbag.py:588} INFO - Filling up the DagBag from /workspaces/f1_data_team/venv/lib/python3.12/site-packages/airflow/example_dags/example_xcomargs.py
[2026-01-04T12:54:07.047+0000] {processor.py:925} INFO - DAG(s) 'example_xcom_args', 'example_xcom_args_with_operators' retrieved from /workspaces/f1_data_team/venv/lib/python3.12/site-packages/airflow/example_dags/example_xcomargs.py
[2026-01-04T12:54:07.061+0000] {logging_mixin.py:190} INFO - [2026-01-04T12:54:07.061+0000] {dag.py:3239} INFO - Sync 2 DAGs
[2026-01-04T12:54:07.071+0000] {logging_mixin.py:190} INFO - [2026-01-04T12:54:07.071+0000] {dag.py:4180} INFO - Setting next_dagrun for example_xcom_args to None, run_after=None
[2026-01-04T12:54:07.073+0000] {logging_mixin.py:190} INFO - [2026-01-04T12:54:07.073+0000] {dag.py:4180} INFO - Setting next_dagrun for example_xcom_args_with_operators to None, run_after=None
[2026-01-04T12:54:07.087+0000] {processor.py:208} INFO - Processing /workspaces/f1_data_team/venv/lib/python3.12/site-packages/airflow/example_dags/example_xcomargs.py took 0.056 seconds
[2026-01-04T12:55:13.914+0000] {processor.py:186} INFO - Started process (PID=47520) to work on /workspaces/f1_data_team/venv/lib/python3.12/site-packages/airflow/example_dags/example_xcomargs.py
[2026-01-04T12:55:13.915+0000] {processor.py:914} INFO - Processing file /workspaces/f1_data_team/venv/lib/python3.12/site-packages/airflow/example_dags/example_xcomargs.py for tasks to queue
[2026-01-04T12:55:13.917+0000] {logging_mixin.py:190} INFO - [2026-01-04T12:55:13.917+0000] {dagbag.py:588} INFO - Filling up the DagBag from /workspaces/f1_data_team/venv/lib/python3.12/site-packages/airflow/example_dags/example_xcomargs.py
[2026-01-04T12:55:13.930+0000] {processor.py:925} INFO - DAG(s) 'example_xcom_args', 'example_xcom_args_with_operators' retrieved from /workspaces/f1_data_team/venv/lib/python3.12/site-packages/airflow/example_dags/example_xcomargs.py
[2026-01-04T12:55:13.960+0000] {logging_mixin.py:190} INFO - [2026-01-04T12:55:13.960+0000] {dag.py:3239} INFO - Sync 2 DAGs
[2026-01-04T12:55:13.982+0000] {logging_mixin.py:190} INFO - [2026-01-04T12:55:13.981+0000] {dag.py:4180} INFO - Setting next_dagrun for example_xcom_args to None, run_after=None
[2026-01-04T12:55:13.988+0000] {logging_mixin.py:190} INFO - [2026-01-04T12:55:13.987+0000] {dag.py:4180} INFO - Setting next_dagrun for example_xcom_args_with_operators to None, run_after=None
[2026-01-04T12:55:14.023+0000] {processor.py:208} INFO - Processing /workspaces/f1_data_team/venv/lib/python3.12/site-packages/airflow/example_dags/example_xcomargs.py took 0.119 seconds
[2026-01-04T12:55:55.127+0000] {processor.py:186} INFO - Started process (PID=47893) to work on /workspaces/f1_data_team/venv/lib/python3.12/site-packages/airflow/example_dags/example_xcomargs.py
[2026-01-04T12:55:55.128+0000] {processor.py:914} INFO - Processing file /workspaces/f1_data_team/venv/lib/python3.12/site-packages/airflow/example_dags/example_xcomargs.py for tasks to queue
[2026-01-04T12:55:55.130+0000] {logging_mixin.py:190} INFO - [2026-01-04T12:55:55.130+0000] {dagbag.py:588} INFO - Filling up the DagBag from /workspaces/f1_data_team/venv/lib/python3.12/site-packages/airflow/example_dags/example_xcomargs.py
[2026-01-04T12:55:55.139+0000] {processor.py:925} INFO - DAG(s) 'example_xcom_args', 'example_xcom_args_with_operators' retrieved from /workspaces/f1_data_team/venv/lib/python3.12/site-packages/airflow/example_dags/example_xcomargs.py
[2026-01-04T12:55:55.152+0000] {logging_mixin.py:190} INFO - [2026-01-04T12:55:55.152+0000] {dag.py:3239} INFO - Sync 2 DAGs
[2026-01-04T12:55:55.162+0000] {logging_mixin.py:190} INFO - [2026-01-04T12:55:55.162+0000] {dag.py:4180} INFO - Setting next_dagrun for example_xcom_args to None, run_after=None
[2026-01-04T12:55:55.165+0000] {logging_mixin.py:190} INFO - [2026-01-04T12:55:55.165+0000] {dag.py:4180} INFO - Setting next_dagrun for example_xcom_args_with_operators to None, run_after=None
[2026-01-04T12:55:55.178+0000] {processor.py:208} INFO - Processing /workspaces/f1_data_team/venv/lib/python3.12/site-packages/airflow/example_dags/example_xcomargs.py took 0.055 seconds
[2026-01-04T12:56:47.555+0000] {processor.py:186} INFO - Started process (PID=48429) to work on /workspaces/f1_data_team/venv/lib/python3.12/site-packages/airflow/example_dags/example_xcomargs.py
[2026-01-04T12:56:47.556+0000] {processor.py:914} INFO - Processing file /workspaces/f1_data_team/venv/lib/python3.12/site-packages/airflow/example_dags/example_xcomargs.py for tasks to queue
[2026-01-04T12:56:47.559+0000] {logging_mixin.py:190} INFO - [2026-01-04T12:56:47.558+0000] {dagbag.py:588} INFO - Filling up the DagBag from /workspaces/f1_data_team/venv/lib/python3.12/site-packages/airflow/example_dags/example_xcomargs.py
[2026-01-04T12:56:47.568+0000] {processor.py:925} INFO - DAG(s) 'example_xcom_args_with_operators', 'example_xcom_args' retrieved from /workspaces/f1_data_team/venv/lib/python3.12/site-packages/airflow/example_dags/example_xcomargs.py
[2026-01-04T12:56:47.582+0000] {logging_mixin.py:190} INFO - [2026-01-04T12:56:47.582+0000] {dag.py:3239} INFO - Sync 2 DAGs
[2026-01-04T12:56:47.592+0000] {logging_mixin.py:190} INFO - [2026-01-04T12:56:47.592+0000] {dag.py:4180} INFO - Setting next_dagrun for example_xcom_args to None, run_after=None
[2026-01-04T12:56:47.594+0000] {logging_mixin.py:190} INFO - [2026-01-04T12:56:47.594+0000] {dag.py:4180} INFO - Setting next_dagrun for example_xcom_args_with_operators to None, run_after=None
[2026-01-04T12:56:47.608+0000] {processor.py:208} INFO - Processing /workspaces/f1_data_team/venv/lib/python3.12/site-packages/airflow/example_dags/example_xcomargs.py took 0.059 seconds
[2026-01-04T12:57:37.764+0000] {processor.py:186} INFO - Started process (PID=48902) to work on /workspaces/f1_data_team/venv/lib/python3.12/site-packages/airflow/example_dags/example_xcomargs.py
[2026-01-04T12:57:37.765+0000] {processor.py:914} INFO - Processing file /workspaces/f1_data_team/venv/lib/python3.12/site-packages/airflow/example_dags/example_xcomargs.py for tasks to queue
[2026-01-04T12:57:37.767+0000] {logging_mixin.py:190} INFO - [2026-01-04T12:57:37.766+0000] {dagbag.py:588} INFO - Filling up the DagBag from /workspaces/f1_data_team/venv/lib/python3.12/site-packages/airflow/example_dags/example_xcomargs.py
[2026-01-04T12:57:37.775+0000] {processor.py:925} INFO - DAG(s) 'example_xcom_args', 'example_xcom_args_with_operators' retrieved from /workspaces/f1_data_team/venv/lib/python3.12/site-packages/airflow/example_dags/example_xcomargs.py
[2026-01-04T12:57:37.789+0000] {logging_mixin.py:190} INFO - [2026-01-04T12:57:37.789+0000] {dag.py:3239} INFO - Sync 2 DAGs
[2026-01-04T12:57:37.804+0000] {logging_mixin.py:190} INFO - [2026-01-04T12:57:37.804+0000] {dag.py:4180} INFO - Setting next_dagrun for example_xcom_args to None, run_after=None
[2026-01-04T12:57:37.808+0000] {logging_mixin.py:190} INFO - [2026-01-04T12:57:37.808+0000] {dag.py:4180} INFO - Setting next_dagrun for example_xcom_args_with_operators to None, run_after=None
[2026-01-04T12:57:37.826+0000] {processor.py:208} INFO - Processing /workspaces/f1_data_team/venv/lib/python3.12/site-packages/airflow/example_dags/example_xcomargs.py took 0.067 seconds
[2026-01-04T12:58:29.196+0000] {processor.py:186} INFO - Started process (PID=49415) to work on /workspaces/f1_data_team/venv/lib/python3.12/site-packages/airflow/example_dags/example_xcomargs.py
[2026-01-04T12:58:29.197+0000] {processor.py:914} INFO - Processing file /workspaces/f1_data_team/venv/lib/python3.12/site-packages/airflow/example_dags/example_xcomargs.py for tasks to queue
[2026-01-04T12:58:29.200+0000] {logging_mixin.py:190} INFO - [2026-01-04T12:58:29.200+0000] {dagbag.py:588} INFO - Filling up the DagBag from /workspaces/f1_data_team/venv/lib/python3.12/site-packages/airflow/example_dags/example_xcomargs.py
[2026-01-04T12:58:29.213+0000] {processor.py:925} INFO - DAG(s) 'example_xcom_args_with_operators', 'example_xcom_args' retrieved from /workspaces/f1_data_team/venv/lib/python3.12/site-packages/airflow/example_dags/example_xcomargs.py
[2026-01-04T12:58:29.233+0000] {logging_mixin.py:190} INFO - [2026-01-04T12:58:29.233+0000] {dag.py:3239} INFO - Sync 2 DAGs
[2026-01-04T12:58:29.243+0000] {logging_mixin.py:190} INFO - [2026-01-04T12:58:29.242+0000] {dag.py:4180} INFO - Setting next_dagrun for example_xcom_args to None, run_after=None
[2026-01-04T12:58:29.245+0000] {logging_mixin.py:190} INFO - [2026-01-04T12:58:29.245+0000] {dag.py:4180} INFO - Setting next_dagrun for example_xcom_args_with_operators to None, run_after=None
[2026-01-04T12:58:29.259+0000] {processor.py:208} INFO - Processing /workspaces/f1_data_team/venv/lib/python3.12/site-packages/airflow/example_dags/example_xcomargs.py took 0.069 seconds
[2026-01-04T12:59:25.746+0000] {processor.py:186} INFO - Started process (PID=49953) to work on /workspaces/f1_data_team/venv/lib/python3.12/site-packages/airflow/example_dags/example_xcomargs.py
[2026-01-04T12:59:25.747+0000] {processor.py:914} INFO - Processing file /workspaces/f1_data_team/venv/lib/python3.12/site-packages/airflow/example_dags/example_xcomargs.py for tasks to queue
[2026-01-04T12:59:25.749+0000] {logging_mixin.py:190} INFO - [2026-01-04T12:59:25.749+0000] {dagbag.py:588} INFO - Filling up the DagBag from /workspaces/f1_data_team/venv/lib/python3.12/site-packages/airflow/example_dags/example_xcomargs.py
[2026-01-04T12:59:25.758+0000] {processor.py:925} INFO - DAG(s) 'example_xcom_args', 'example_xcom_args_with_operators' retrieved from /workspaces/f1_data_team/venv/lib/python3.12/site-packages/airflow/example_dags/example_xcomargs.py
[2026-01-04T12:59:25.772+0000] {logging_mixin.py:190} INFO - [2026-01-04T12:59:25.772+0000] {dag.py:3239} INFO - Sync 2 DAGs
[2026-01-04T12:59:25.782+0000] {logging_mixin.py:190} INFO - [2026-01-04T12:59:25.782+0000] {dag.py:4180} INFO - Setting next_dagrun for example_xcom_args to None, run_after=None
[2026-01-04T12:59:25.784+0000] {logging_mixin.py:190} INFO - [2026-01-04T12:59:25.784+0000] {dag.py:4180} INFO - Setting next_dagrun for example_xcom_args_with_operators to None, run_after=None
[2026-01-04T12:59:25.797+0000] {processor.py:208} INFO - Processing /workspaces/f1_data_team/venv/lib/python3.12/site-packages/airflow/example_dags/example_xcomargs.py took 0.056 seconds
[2026-01-04T13:00:19.622+0000] {processor.py:186} INFO - Started process (PID=50567) to work on /workspaces/f1_data_team/venv/lib/python3.12/site-packages/airflow/example_dags/example_xcomargs.py
[2026-01-04T13:00:19.623+0000] {processor.py:914} INFO - Processing file /workspaces/f1_data_team/venv/lib/python3.12/site-packages/airflow/example_dags/example_xcomargs.py for tasks to queue
[2026-01-04T13:00:19.625+0000] {logging_mixin.py:190} INFO - [2026-01-04T13:00:19.624+0000] {dagbag.py:588} INFO - Filling up the DagBag from /workspaces/f1_data_team/venv/lib/python3.12/site-packages/airflow/example_dags/example_xcomargs.py
[2026-01-04T13:00:19.633+0000] {processor.py:925} INFO - DAG(s) 'example_xcom_args', 'example_xcom_args_with_operators' retrieved from /workspaces/f1_data_team/venv/lib/python3.12/site-packages/airflow/example_dags/example_xcomargs.py
[2026-01-04T13:00:19.647+0000] {logging_mixin.py:190} INFO - [2026-01-04T13:00:19.647+0000] {dag.py:3239} INFO - Sync 2 DAGs
[2026-01-04T13:00:19.656+0000] {logging_mixin.py:190} INFO - [2026-01-04T13:00:19.656+0000] {dag.py:4180} INFO - Setting next_dagrun for example_xcom_args to None, run_after=None
[2026-01-04T13:00:19.659+0000] {logging_mixin.py:190} INFO - [2026-01-04T13:00:19.659+0000] {dag.py:4180} INFO - Setting next_dagrun for example_xcom_args_with_operators to None, run_after=None
[2026-01-04T13:00:19.673+0000] {processor.py:208} INFO - Processing /workspaces/f1_data_team/venv/lib/python3.12/site-packages/airflow/example_dags/example_xcomargs.py took 0.056 seconds
[2026-01-04T13:01:12.091+0000] {processor.py:186} INFO - Started process (PID=51154) to work on /workspaces/f1_data_team/venv/lib/python3.12/site-packages/airflow/example_dags/example_xcomargs.py
[2026-01-04T13:01:12.092+0000] {processor.py:914} INFO - Processing file /workspaces/f1_data_team/venv/lib/python3.12/site-packages/airflow/example_dags/example_xcomargs.py for tasks to queue
[2026-01-04T13:01:12.094+0000] {logging_mixin.py:190} INFO - [2026-01-04T13:01:12.093+0000] {dagbag.py:588} INFO - Filling up the DagBag from /workspaces/f1_data_team/venv/lib/python3.12/site-packages/airflow/example_dags/example_xcomargs.py
[2026-01-04T13:01:12.102+0000] {processor.py:925} INFO - DAG(s) 'example_xcom_args_with_operators', 'example_xcom_args' retrieved from /workspaces/f1_data_team/venv/lib/python3.12/site-packages/airflow/example_dags/example_xcomargs.py
[2026-01-04T13:01:12.116+0000] {logging_mixin.py:190} INFO - [2026-01-04T13:01:12.116+0000] {dag.py:3239} INFO - Sync 2 DAGs
[2026-01-04T13:01:12.126+0000] {logging_mixin.py:190} INFO - [2026-01-04T13:01:12.126+0000] {dag.py:4180} INFO - Setting next_dagrun for example_xcom_args to None, run_after=None
[2026-01-04T13:01:12.128+0000] {logging_mixin.py:190} INFO - [2026-01-04T13:01:12.128+0000] {dag.py:4180} INFO - Setting next_dagrun for example_xcom_args_with_operators to None, run_after=None
[2026-01-04T13:01:12.142+0000] {processor.py:208} INFO - Processing /workspaces/f1_data_team/venv/lib/python3.12/site-packages/airflow/example_dags/example_xcomargs.py took 0.055 seconds
