[2026-01-04T12:27:32.024+0000] {processor.py:186} INFO - Started process (PID=24962) to work on /workspaces/f1_data_team/venv/lib/python3.12/site-packages/airflow/example_dags/example_branch_datetime_operator.py
[2026-01-04T12:27:32.025+0000] {processor.py:914} INFO - Processing file /workspaces/f1_data_team/venv/lib/python3.12/site-packages/airflow/example_dags/example_branch_datetime_operator.py for tasks to queue
[2026-01-04T12:27:32.026+0000] {logging_mixin.py:190} INFO - [2026-01-04T12:27:32.026+0000] {dagbag.py:588} INFO - Filling up the DagBag from /workspaces/f1_data_team/venv/lib/python3.12/site-packages/airflow/example_dags/example_branch_datetime_operator.py
[2026-01-04T12:27:32.036+0000] {processor.py:925} INFO - DAG(s) 'example_branch_datetime_operator_2', 'example_branch_datetime_operator_3', 'example_branch_datetime_operator' retrieved from /workspaces/f1_data_team/venv/lib/python3.12/site-packages/airflow/example_dags/example_branch_datetime_operator.py
[2026-01-04T12:27:32.109+0000] {logging_mixin.py:190} INFO - [2026-01-04T12:27:32.108+0000] {override.py:1911} INFO - Created Permission View: can read on DAG:example_branch_datetime_operator_2
[2026-01-04T12:27:32.116+0000] {logging_mixin.py:190} INFO - [2026-01-04T12:27:32.116+0000] {override.py:1911} INFO - Created Permission View: can edit on DAG:example_branch_datetime_operator_2
[2026-01-04T12:27:32.122+0000] {logging_mixin.py:190} INFO - [2026-01-04T12:27:32.121+0000] {override.py:1911} INFO - Created Permission View: can delete on DAG:example_branch_datetime_operator_2
[2026-01-04T12:27:32.129+0000] {logging_mixin.py:190} INFO - [2026-01-04T12:27:32.129+0000] {override.py:1911} INFO - Created Permission View: can read on DAG Run:example_branch_datetime_operator_2
[2026-01-04T12:27:32.135+0000] {logging_mixin.py:190} INFO - [2026-01-04T12:27:32.134+0000] {override.py:1911} INFO - Created Permission View: menu access on DAG Run:example_branch_datetime_operator_2
[2026-01-04T12:27:32.140+0000] {logging_mixin.py:190} INFO - [2026-01-04T12:27:32.140+0000] {override.py:1911} INFO - Created Permission View: can create on DAG Run:example_branch_datetime_operator_2
[2026-01-04T12:27:32.145+0000] {logging_mixin.py:190} INFO - [2026-01-04T12:27:32.145+0000] {override.py:1911} INFO - Created Permission View: can delete on DAG Run:example_branch_datetime_operator_2
[2026-01-04T12:27:32.156+0000] {logging_mixin.py:190} INFO - [2026-01-04T12:27:32.156+0000] {override.py:1911} INFO - Created Permission View: can read on DAG:example_branch_datetime_operator_3
[2026-01-04T12:27:32.161+0000] {logging_mixin.py:190} INFO - [2026-01-04T12:27:32.161+0000] {override.py:1911} INFO - Created Permission View: can edit on DAG:example_branch_datetime_operator_3
[2026-01-04T12:27:32.166+0000] {logging_mixin.py:190} INFO - [2026-01-04T12:27:32.165+0000] {override.py:1911} INFO - Created Permission View: can delete on DAG:example_branch_datetime_operator_3
[2026-01-04T12:27:32.173+0000] {logging_mixin.py:190} INFO - [2026-01-04T12:27:32.172+0000] {override.py:1911} INFO - Created Permission View: can read on DAG Run:example_branch_datetime_operator_3
[2026-01-04T12:27:32.178+0000] {logging_mixin.py:190} INFO - [2026-01-04T12:27:32.178+0000] {override.py:1911} INFO - Created Permission View: menu access on DAG Run:example_branch_datetime_operator_3
[2026-01-04T12:27:32.184+0000] {logging_mixin.py:190} INFO - [2026-01-04T12:27:32.183+0000] {override.py:1911} INFO - Created Permission View: can create on DAG Run:example_branch_datetime_operator_3
[2026-01-04T12:27:32.188+0000] {logging_mixin.py:190} INFO - [2026-01-04T12:27:32.188+0000] {override.py:1911} INFO - Created Permission View: can delete on DAG Run:example_branch_datetime_operator_3
[2026-01-04T12:27:32.199+0000] {logging_mixin.py:190} INFO - [2026-01-04T12:27:32.199+0000] {override.py:1911} INFO - Created Permission View: can read on DAG:example_branch_datetime_operator
[2026-01-04T12:27:32.204+0000] {logging_mixin.py:190} INFO - [2026-01-04T12:27:32.204+0000] {override.py:1911} INFO - Created Permission View: can edit on DAG:example_branch_datetime_operator
[2026-01-04T12:27:32.209+0000] {logging_mixin.py:190} INFO - [2026-01-04T12:27:32.209+0000] {override.py:1911} INFO - Created Permission View: can delete on DAG:example_branch_datetime_operator
[2026-01-04T12:27:32.216+0000] {logging_mixin.py:190} INFO - [2026-01-04T12:27:32.216+0000] {override.py:1911} INFO - Created Permission View: can read on DAG Run:example_branch_datetime_operator
[2026-01-04T12:27:32.221+0000] {logging_mixin.py:190} INFO - [2026-01-04T12:27:32.221+0000] {override.py:1911} INFO - Created Permission View: menu access on DAG Run:example_branch_datetime_operator
[2026-01-04T12:27:32.226+0000] {logging_mixin.py:190} INFO - [2026-01-04T12:27:32.226+0000] {override.py:1911} INFO - Created Permission View: can create on DAG Run:example_branch_datetime_operator
[2026-01-04T12:27:32.231+0000] {logging_mixin.py:190} INFO - [2026-01-04T12:27:32.231+0000] {override.py:1911} INFO - Created Permission View: can delete on DAG Run:example_branch_datetime_operator
[2026-01-04T12:27:32.231+0000] {logging_mixin.py:190} INFO - [2026-01-04T12:27:32.231+0000] {dag.py:3239} INFO - Sync 3 DAGs
[2026-01-04T12:27:32.240+0000] {logging_mixin.py:190} INFO - [2026-01-04T12:27:32.240+0000] {dag.py:3262} INFO - Creating ORM DAG for example_branch_datetime_operator_3
[2026-01-04T12:27:32.241+0000] {logging_mixin.py:190} INFO - [2026-01-04T12:27:32.241+0000] {dag.py:3262} INFO - Creating ORM DAG for example_branch_datetime_operator
[2026-01-04T12:27:32.241+0000] {logging_mixin.py:190} INFO - [2026-01-04T12:27:32.241+0000] {dag.py:3262} INFO - Creating ORM DAG for example_branch_datetime_operator_2
[2026-01-04T12:27:32.248+0000] {logging_mixin.py:190} INFO - [2026-01-04T12:27:32.248+0000] {dag.py:4180} INFO - Setting next_dagrun for example_branch_datetime_operator to 2026-01-03 00:00:00+00:00, run_after=2026-01-04 00:00:00+00:00
[2026-01-04T12:27:32.250+0000] {logging_mixin.py:190} INFO - [2026-01-04T12:27:32.249+0000] {dag.py:4180} INFO - Setting next_dagrun for example_branch_datetime_operator_2 to 2026-01-03 00:00:00+00:00, run_after=2026-01-04 00:00:00+00:00
[2026-01-04T12:27:32.251+0000] {logging_mixin.py:190} INFO - [2026-01-04T12:27:32.251+0000] {dag.py:4180} INFO - Setting next_dagrun for example_branch_datetime_operator_3 to 2026-01-03 00:00:00+00:00, run_after=2026-01-04 00:00:00+00:00
[2026-01-04T12:27:32.264+0000] {processor.py:208} INFO - Processing /workspaces/f1_data_team/venv/lib/python3.12/site-packages/airflow/example_dags/example_branch_datetime_operator.py took 0.245 seconds
[2026-01-04T12:28:29.154+0000] {processor.py:186} INFO - Started process (PID=25400) to work on /workspaces/f1_data_team/venv/lib/python3.12/site-packages/airflow/example_dags/example_branch_datetime_operator.py
[2026-01-04T12:28:29.154+0000] {processor.py:914} INFO - Processing file /workspaces/f1_data_team/venv/lib/python3.12/site-packages/airflow/example_dags/example_branch_datetime_operator.py for tasks to queue
[2026-01-04T12:28:29.156+0000] {logging_mixin.py:190} INFO - [2026-01-04T12:28:29.156+0000] {dagbag.py:588} INFO - Filling up the DagBag from /workspaces/f1_data_team/venv/lib/python3.12/site-packages/airflow/example_dags/example_branch_datetime_operator.py
[2026-01-04T12:28:29.166+0000] {processor.py:925} INFO - DAG(s) 'example_branch_datetime_operator_3', 'example_branch_datetime_operator', 'example_branch_datetime_operator_2' retrieved from /workspaces/f1_data_team/venv/lib/python3.12/site-packages/airflow/example_dags/example_branch_datetime_operator.py
[2026-01-04T12:28:29.182+0000] {logging_mixin.py:190} INFO - [2026-01-04T12:28:29.181+0000] {dag.py:3239} INFO - Sync 3 DAGs
[2026-01-04T12:28:29.198+0000] {logging_mixin.py:190} INFO - [2026-01-04T12:28:29.198+0000] {dag.py:4180} INFO - Setting next_dagrun for example_branch_datetime_operator to 2026-01-03 00:00:00+00:00, run_after=2026-01-04 00:00:00+00:00
[2026-01-04T12:28:29.201+0000] {logging_mixin.py:190} INFO - [2026-01-04T12:28:29.201+0000] {dag.py:4180} INFO - Setting next_dagrun for example_branch_datetime_operator_2 to 2026-01-03 00:00:00+00:00, run_after=2026-01-04 00:00:00+00:00
[2026-01-04T12:28:29.203+0000] {logging_mixin.py:190} INFO - [2026-01-04T12:28:29.203+0000] {dag.py:4180} INFO - Setting next_dagrun for example_branch_datetime_operator_3 to 2026-01-03 00:00:00+00:00, run_after=2026-01-04 00:00:00+00:00
[2026-01-04T12:28:29.216+0000] {processor.py:208} INFO - Processing /workspaces/f1_data_team/venv/lib/python3.12/site-packages/airflow/example_dags/example_branch_datetime_operator.py took 0.068 seconds
[2026-01-04T12:29:27.359+0000] {processor.py:186} INFO - Started process (PID=26602) to work on /workspaces/f1_data_team/venv/lib/python3.12/site-packages/airflow/example_dags/example_branch_datetime_operator.py
[2026-01-04T12:29:27.360+0000] {processor.py:914} INFO - Processing file /workspaces/f1_data_team/venv/lib/python3.12/site-packages/airflow/example_dags/example_branch_datetime_operator.py for tasks to queue
[2026-01-04T12:29:27.362+0000] {logging_mixin.py:190} INFO - [2026-01-04T12:29:27.362+0000] {dagbag.py:588} INFO - Filling up the DagBag from /workspaces/f1_data_team/venv/lib/python3.12/site-packages/airflow/example_dags/example_branch_datetime_operator.py
[2026-01-04T12:29:27.372+0000] {processor.py:925} INFO - DAG(s) 'example_branch_datetime_operator_3', 'example_branch_datetime_operator', 'example_branch_datetime_operator_2' retrieved from /workspaces/f1_data_team/venv/lib/python3.12/site-packages/airflow/example_dags/example_branch_datetime_operator.py
[2026-01-04T12:29:27.387+0000] {logging_mixin.py:190} INFO - [2026-01-04T12:29:27.387+0000] {dag.py:3239} INFO - Sync 3 DAGs
[2026-01-04T12:29:27.403+0000] {logging_mixin.py:190} INFO - [2026-01-04T12:29:27.403+0000] {dag.py:4180} INFO - Setting next_dagrun for example_branch_datetime_operator to 2026-01-03 00:00:00+00:00, run_after=2026-01-04 00:00:00+00:00
[2026-01-04T12:29:27.406+0000] {logging_mixin.py:190} INFO - [2026-01-04T12:29:27.406+0000] {dag.py:4180} INFO - Setting next_dagrun for example_branch_datetime_operator_2 to 2026-01-03 00:00:00+00:00, run_after=2026-01-04 00:00:00+00:00
[2026-01-04T12:29:27.407+0000] {logging_mixin.py:190} INFO - [2026-01-04T12:29:27.407+0000] {dag.py:4180} INFO - Setting next_dagrun for example_branch_datetime_operator_3 to 2026-01-03 00:00:00+00:00, run_after=2026-01-04 00:00:00+00:00
[2026-01-04T12:29:27.420+0000] {processor.py:208} INFO - Processing /workspaces/f1_data_team/venv/lib/python3.12/site-packages/airflow/example_dags/example_branch_datetime_operator.py took 0.065 seconds
[2026-01-04T12:31:08.829+0000] {processor.py:186} INFO - Started process (PID=28207) to work on /workspaces/f1_data_team/venv/lib/python3.12/site-packages/airflow/example_dags/example_branch_datetime_operator.py
[2026-01-04T12:31:08.830+0000] {processor.py:914} INFO - Processing file /workspaces/f1_data_team/venv/lib/python3.12/site-packages/airflow/example_dags/example_branch_datetime_operator.py for tasks to queue
[2026-01-04T12:31:08.833+0000] {logging_mixin.py:190} INFO - [2026-01-04T12:31:08.833+0000] {dagbag.py:588} INFO - Filling up the DagBag from /workspaces/f1_data_team/venv/lib/python3.12/site-packages/airflow/example_dags/example_branch_datetime_operator.py
[2026-01-04T12:31:08.846+0000] {processor.py:925} INFO - DAG(s) 'example_branch_datetime_operator_3', 'example_branch_datetime_operator', 'example_branch_datetime_operator_2' retrieved from /workspaces/f1_data_team/venv/lib/python3.12/site-packages/airflow/example_dags/example_branch_datetime_operator.py
[2026-01-04T12:31:08.863+0000] {logging_mixin.py:190} INFO - [2026-01-04T12:31:08.863+0000] {dag.py:3239} INFO - Sync 3 DAGs
[2026-01-04T12:31:08.879+0000] {logging_mixin.py:190} INFO - [2026-01-04T12:31:08.879+0000] {dag.py:4180} INFO - Setting next_dagrun for example_branch_datetime_operator to 2026-01-03 00:00:00+00:00, run_after=2026-01-04 00:00:00+00:00
[2026-01-04T12:31:08.883+0000] {logging_mixin.py:190} INFO - [2026-01-04T12:31:08.883+0000] {dag.py:4180} INFO - Setting next_dagrun for example_branch_datetime_operator_2 to 2026-01-03 00:00:00+00:00, run_after=2026-01-04 00:00:00+00:00
[2026-01-04T12:31:08.885+0000] {logging_mixin.py:190} INFO - [2026-01-04T12:31:08.885+0000] {dag.py:4180} INFO - Setting next_dagrun for example_branch_datetime_operator_3 to 2026-01-03 00:00:00+00:00, run_after=2026-01-04 00:00:00+00:00
[2026-01-04T12:31:08.897+0000] {processor.py:208} INFO - Processing /workspaces/f1_data_team/venv/lib/python3.12/site-packages/airflow/example_dags/example_branch_datetime_operator.py took 0.074 seconds
[2026-01-04T12:33:17.082+0000] {processor.py:186} INFO - Started process (PID=30340) to work on /workspaces/f1_data_team/venv/lib/python3.12/site-packages/airflow/example_dags/example_branch_datetime_operator.py
[2026-01-04T12:33:17.083+0000] {processor.py:914} INFO - Processing file /workspaces/f1_data_team/venv/lib/python3.12/site-packages/airflow/example_dags/example_branch_datetime_operator.py for tasks to queue
[2026-01-04T12:33:17.085+0000] {logging_mixin.py:190} INFO - [2026-01-04T12:33:17.085+0000] {dagbag.py:588} INFO - Filling up the DagBag from /workspaces/f1_data_team/venv/lib/python3.12/site-packages/airflow/example_dags/example_branch_datetime_operator.py
[2026-01-04T12:33:17.094+0000] {processor.py:925} INFO - DAG(s) 'example_branch_datetime_operator_2', 'example_branch_datetime_operator_3', 'example_branch_datetime_operator' retrieved from /workspaces/f1_data_team/venv/lib/python3.12/site-packages/airflow/example_dags/example_branch_datetime_operator.py
[2026-01-04T12:33:17.112+0000] {logging_mixin.py:190} INFO - [2026-01-04T12:33:17.111+0000] {dag.py:3239} INFO - Sync 3 DAGs
[2026-01-04T12:33:17.130+0000] {logging_mixin.py:190} INFO - [2026-01-04T12:33:17.130+0000] {dag.py:4180} INFO - Setting next_dagrun for example_branch_datetime_operator to 2026-01-03 00:00:00+00:00, run_after=2026-01-04 00:00:00+00:00
[2026-01-04T12:33:17.134+0000] {logging_mixin.py:190} INFO - [2026-01-04T12:33:17.133+0000] {dag.py:4180} INFO - Setting next_dagrun for example_branch_datetime_operator_2 to 2026-01-03 00:00:00+00:00, run_after=2026-01-04 00:00:00+00:00
[2026-01-04T12:33:17.135+0000] {logging_mixin.py:190} INFO - [2026-01-04T12:33:17.135+0000] {dag.py:4180} INFO - Setting next_dagrun for example_branch_datetime_operator_3 to 2026-01-03 00:00:00+00:00, run_after=2026-01-04 00:00:00+00:00
[2026-01-04T12:33:17.148+0000] {processor.py:208} INFO - Processing /workspaces/f1_data_team/venv/lib/python3.12/site-packages/airflow/example_dags/example_branch_datetime_operator.py took 0.071 seconds
[2026-01-04T12:34:16.439+0000] {processor.py:186} INFO - Started process (PID=30932) to work on /workspaces/f1_data_team/venv/lib/python3.12/site-packages/airflow/example_dags/example_branch_datetime_operator.py
[2026-01-04T12:34:16.440+0000] {processor.py:914} INFO - Processing file /workspaces/f1_data_team/venv/lib/python3.12/site-packages/airflow/example_dags/example_branch_datetime_operator.py for tasks to queue
[2026-01-04T12:34:16.442+0000] {logging_mixin.py:190} INFO - [2026-01-04T12:34:16.441+0000] {dagbag.py:588} INFO - Filling up the DagBag from /workspaces/f1_data_team/venv/lib/python3.12/site-packages/airflow/example_dags/example_branch_datetime_operator.py
[2026-01-04T12:34:16.451+0000] {processor.py:925} INFO - DAG(s) 'example_branch_datetime_operator', 'example_branch_datetime_operator_2', 'example_branch_datetime_operator_3' retrieved from /workspaces/f1_data_team/venv/lib/python3.12/site-packages/airflow/example_dags/example_branch_datetime_operator.py
[2026-01-04T12:34:16.469+0000] {logging_mixin.py:190} INFO - [2026-01-04T12:34:16.468+0000] {dag.py:3239} INFO - Sync 3 DAGs
[2026-01-04T12:34:16.496+0000] {logging_mixin.py:190} INFO - [2026-01-04T12:34:16.495+0000] {dag.py:4180} INFO - Setting next_dagrun for example_branch_datetime_operator to 2026-01-03 00:00:00+00:00, run_after=2026-01-04 00:00:00+00:00
[2026-01-04T12:34:16.501+0000] {logging_mixin.py:190} INFO - [2026-01-04T12:34:16.500+0000] {dag.py:4180} INFO - Setting next_dagrun for example_branch_datetime_operator_2 to 2026-01-03 00:00:00+00:00, run_after=2026-01-04 00:00:00+00:00
[2026-01-04T12:34:16.503+0000] {logging_mixin.py:190} INFO - [2026-01-04T12:34:16.503+0000] {dag.py:4180} INFO - Setting next_dagrun for example_branch_datetime_operator_3 to 2026-01-03 00:00:00+00:00, run_after=2026-01-04 00:00:00+00:00
[2026-01-04T12:34:16.519+0000] {processor.py:208} INFO - Processing /workspaces/f1_data_team/venv/lib/python3.12/site-packages/airflow/example_dags/example_branch_datetime_operator.py took 0.085 seconds
[2026-01-04T12:35:29.979+0000] {processor.py:186} INFO - Started process (PID=31689) to work on /workspaces/f1_data_team/venv/lib/python3.12/site-packages/airflow/example_dags/example_branch_datetime_operator.py
[2026-01-04T12:35:29.980+0000] {processor.py:914} INFO - Processing file /workspaces/f1_data_team/venv/lib/python3.12/site-packages/airflow/example_dags/example_branch_datetime_operator.py for tasks to queue
[2026-01-04T12:35:29.982+0000] {logging_mixin.py:190} INFO - [2026-01-04T12:35:29.982+0000] {dagbag.py:588} INFO - Filling up the DagBag from /workspaces/f1_data_team/venv/lib/python3.12/site-packages/airflow/example_dags/example_branch_datetime_operator.py
[2026-01-04T12:35:29.992+0000] {processor.py:925} INFO - DAG(s) 'example_branch_datetime_operator_2', 'example_branch_datetime_operator_3', 'example_branch_datetime_operator' retrieved from /workspaces/f1_data_team/venv/lib/python3.12/site-packages/airflow/example_dags/example_branch_datetime_operator.py
[2026-01-04T12:35:30.011+0000] {logging_mixin.py:190} INFO - [2026-01-04T12:35:30.010+0000] {dag.py:3239} INFO - Sync 3 DAGs
[2026-01-04T12:35:30.027+0000] {logging_mixin.py:190} INFO - [2026-01-04T12:35:30.027+0000] {dag.py:4180} INFO - Setting next_dagrun for example_branch_datetime_operator to 2026-01-03 00:00:00+00:00, run_after=2026-01-04 00:00:00+00:00
[2026-01-04T12:35:30.031+0000] {logging_mixin.py:190} INFO - [2026-01-04T12:35:30.031+0000] {dag.py:4180} INFO - Setting next_dagrun for example_branch_datetime_operator_2 to 2026-01-03 00:00:00+00:00, run_after=2026-01-04 00:00:00+00:00
[2026-01-04T12:35:30.032+0000] {logging_mixin.py:190} INFO - [2026-01-04T12:35:30.032+0000] {dag.py:4180} INFO - Setting next_dagrun for example_branch_datetime_operator_3 to 2026-01-03 00:00:00+00:00, run_after=2026-01-04 00:00:00+00:00
[2026-01-04T12:35:30.046+0000] {processor.py:208} INFO - Processing /workspaces/f1_data_team/venv/lib/python3.12/site-packages/airflow/example_dags/example_branch_datetime_operator.py took 0.071 seconds
[2026-01-04T12:36:47.975+0000] {processor.py:186} INFO - Started process (PID=32543) to work on /workspaces/f1_data_team/venv/lib/python3.12/site-packages/airflow/example_dags/example_branch_datetime_operator.py
[2026-01-04T12:36:47.976+0000] {processor.py:914} INFO - Processing file /workspaces/f1_data_team/venv/lib/python3.12/site-packages/airflow/example_dags/example_branch_datetime_operator.py for tasks to queue
[2026-01-04T12:36:47.978+0000] {logging_mixin.py:190} INFO - [2026-01-04T12:36:47.978+0000] {dagbag.py:588} INFO - Filling up the DagBag from /workspaces/f1_data_team/venv/lib/python3.12/site-packages/airflow/example_dags/example_branch_datetime_operator.py
[2026-01-04T12:36:47.987+0000] {processor.py:925} INFO - DAG(s) 'example_branch_datetime_operator', 'example_branch_datetime_operator_2', 'example_branch_datetime_operator_3' retrieved from /workspaces/f1_data_team/venv/lib/python3.12/site-packages/airflow/example_dags/example_branch_datetime_operator.py
[2026-01-04T12:36:48.003+0000] {logging_mixin.py:190} INFO - [2026-01-04T12:36:48.003+0000] {dag.py:3239} INFO - Sync 3 DAGs
[2026-01-04T12:36:48.020+0000] {logging_mixin.py:190} INFO - [2026-01-04T12:36:48.019+0000] {dag.py:4180} INFO - Setting next_dagrun for example_branch_datetime_operator to 2026-01-03 00:00:00+00:00, run_after=2026-01-04 00:00:00+00:00
[2026-01-04T12:36:48.023+0000] {logging_mixin.py:190} INFO - [2026-01-04T12:36:48.023+0000] {dag.py:4180} INFO - Setting next_dagrun for example_branch_datetime_operator_2 to 2026-01-03 00:00:00+00:00, run_after=2026-01-04 00:00:00+00:00
[2026-01-04T12:36:48.024+0000] {logging_mixin.py:190} INFO - [2026-01-04T12:36:48.024+0000] {dag.py:4180} INFO - Setting next_dagrun for example_branch_datetime_operator_3 to 2026-01-03 00:00:00+00:00, run_after=2026-01-04 00:00:00+00:00
[2026-01-04T12:36:48.037+0000] {processor.py:208} INFO - Processing /workspaces/f1_data_team/venv/lib/python3.12/site-packages/airflow/example_dags/example_branch_datetime_operator.py took 0.067 seconds
[2026-01-04T12:38:09.138+0000] {processor.py:186} INFO - Started process (PID=33686) to work on /workspaces/f1_data_team/venv/lib/python3.12/site-packages/airflow/example_dags/example_branch_datetime_operator.py
[2026-01-04T12:38:09.138+0000] {processor.py:914} INFO - Processing file /workspaces/f1_data_team/venv/lib/python3.12/site-packages/airflow/example_dags/example_branch_datetime_operator.py for tasks to queue
[2026-01-04T12:38:09.140+0000] {logging_mixin.py:190} INFO - [2026-01-04T12:38:09.140+0000] {dagbag.py:588} INFO - Filling up the DagBag from /workspaces/f1_data_team/venv/lib/python3.12/site-packages/airflow/example_dags/example_branch_datetime_operator.py
[2026-01-04T12:38:09.150+0000] {processor.py:925} INFO - DAG(s) 'example_branch_datetime_operator_2', 'example_branch_datetime_operator', 'example_branch_datetime_operator_3' retrieved from /workspaces/f1_data_team/venv/lib/python3.12/site-packages/airflow/example_dags/example_branch_datetime_operator.py
[2026-01-04T12:38:09.166+0000] {logging_mixin.py:190} INFO - [2026-01-04T12:38:09.165+0000] {dag.py:3239} INFO - Sync 3 DAGs
[2026-01-04T12:38:09.181+0000] {logging_mixin.py:190} INFO - [2026-01-04T12:38:09.181+0000] {dag.py:4180} INFO - Setting next_dagrun for example_branch_datetime_operator to 2026-01-03 00:00:00+00:00, run_after=2026-01-04 00:00:00+00:00
[2026-01-04T12:38:09.185+0000] {logging_mixin.py:190} INFO - [2026-01-04T12:38:09.185+0000] {dag.py:4180} INFO - Setting next_dagrun for example_branch_datetime_operator_2 to 2026-01-03 00:00:00+00:00, run_after=2026-01-04 00:00:00+00:00
[2026-01-04T12:38:09.186+0000] {logging_mixin.py:190} INFO - [2026-01-04T12:38:09.186+0000] {dag.py:4180} INFO - Setting next_dagrun for example_branch_datetime_operator_3 to 2026-01-03 00:00:00+00:00, run_after=2026-01-04 00:00:00+00:00
[2026-01-04T12:38:09.199+0000] {processor.py:208} INFO - Processing /workspaces/f1_data_team/venv/lib/python3.12/site-packages/airflow/example_dags/example_branch_datetime_operator.py took 0.066 seconds
[2026-01-04T12:39:28.524+0000] {processor.py:186} INFO - Started process (PID=34433) to work on /workspaces/f1_data_team/venv/lib/python3.12/site-packages/airflow/example_dags/example_branch_datetime_operator.py
[2026-01-04T12:39:28.525+0000] {processor.py:914} INFO - Processing file /workspaces/f1_data_team/venv/lib/python3.12/site-packages/airflow/example_dags/example_branch_datetime_operator.py for tasks to queue
[2026-01-04T12:39:28.527+0000] {logging_mixin.py:190} INFO - [2026-01-04T12:39:28.526+0000] {dagbag.py:588} INFO - Filling up the DagBag from /workspaces/f1_data_team/venv/lib/python3.12/site-packages/airflow/example_dags/example_branch_datetime_operator.py
[2026-01-04T12:39:28.536+0000] {processor.py:925} INFO - DAG(s) 'example_branch_datetime_operator_3', 'example_branch_datetime_operator_2', 'example_branch_datetime_operator' retrieved from /workspaces/f1_data_team/venv/lib/python3.12/site-packages/airflow/example_dags/example_branch_datetime_operator.py
[2026-01-04T12:39:28.553+0000] {logging_mixin.py:190} INFO - [2026-01-04T12:39:28.553+0000] {dag.py:3239} INFO - Sync 3 DAGs
[2026-01-04T12:39:28.570+0000] {logging_mixin.py:190} INFO - [2026-01-04T12:39:28.570+0000] {dag.py:4180} INFO - Setting next_dagrun for example_branch_datetime_operator to 2026-01-03 00:00:00+00:00, run_after=2026-01-04 00:00:00+00:00
[2026-01-04T12:39:28.575+0000] {logging_mixin.py:190} INFO - [2026-01-04T12:39:28.575+0000] {dag.py:4180} INFO - Setting next_dagrun for example_branch_datetime_operator_2 to 2026-01-03 00:00:00+00:00, run_after=2026-01-04 00:00:00+00:00
[2026-01-04T12:39:28.577+0000] {logging_mixin.py:190} INFO - [2026-01-04T12:39:28.577+0000] {dag.py:4180} INFO - Setting next_dagrun for example_branch_datetime_operator_3 to 2026-01-03 00:00:00+00:00, run_after=2026-01-04 00:00:00+00:00
[2026-01-04T12:39:28.590+0000] {processor.py:208} INFO - Processing /workspaces/f1_data_team/venv/lib/python3.12/site-packages/airflow/example_dags/example_branch_datetime_operator.py took 0.071 seconds
[2026-01-04T12:40:49.131+0000] {processor.py:186} INFO - Started process (PID=35196) to work on /workspaces/f1_data_team/venv/lib/python3.12/site-packages/airflow/example_dags/example_branch_datetime_operator.py
[2026-01-04T12:40:49.132+0000] {processor.py:914} INFO - Processing file /workspaces/f1_data_team/venv/lib/python3.12/site-packages/airflow/example_dags/example_branch_datetime_operator.py for tasks to queue
[2026-01-04T12:40:49.134+0000] {logging_mixin.py:190} INFO - [2026-01-04T12:40:49.133+0000] {dagbag.py:588} INFO - Filling up the DagBag from /workspaces/f1_data_team/venv/lib/python3.12/site-packages/airflow/example_dags/example_branch_datetime_operator.py
[2026-01-04T12:40:49.143+0000] {processor.py:925} INFO - DAG(s) 'example_branch_datetime_operator', 'example_branch_datetime_operator_3', 'example_branch_datetime_operator_2' retrieved from /workspaces/f1_data_team/venv/lib/python3.12/site-packages/airflow/example_dags/example_branch_datetime_operator.py
[2026-01-04T12:40:49.161+0000] {logging_mixin.py:190} INFO - [2026-01-04T12:40:49.161+0000] {dag.py:3239} INFO - Sync 3 DAGs
[2026-01-04T12:40:49.177+0000] {logging_mixin.py:190} INFO - [2026-01-04T12:40:49.177+0000] {dag.py:4180} INFO - Setting next_dagrun for example_branch_datetime_operator to 2026-01-03 00:00:00+00:00, run_after=2026-01-04 00:00:00+00:00
[2026-01-04T12:40:49.180+0000] {logging_mixin.py:190} INFO - [2026-01-04T12:40:49.180+0000] {dag.py:4180} INFO - Setting next_dagrun for example_branch_datetime_operator_2 to 2026-01-03 00:00:00+00:00, run_after=2026-01-04 00:00:00+00:00
[2026-01-04T12:40:49.182+0000] {logging_mixin.py:190} INFO - [2026-01-04T12:40:49.182+0000] {dag.py:4180} INFO - Setting next_dagrun for example_branch_datetime_operator_3 to 2026-01-03 00:00:00+00:00, run_after=2026-01-04 00:00:00+00:00
[2026-01-04T12:40:49.195+0000] {processor.py:208} INFO - Processing /workspaces/f1_data_team/venv/lib/python3.12/site-packages/airflow/example_dags/example_branch_datetime_operator.py took 0.068 seconds
[2026-01-04T12:42:17.289+0000] {processor.py:186} INFO - Started process (PID=36592) to work on /workspaces/f1_data_team/venv/lib/python3.12/site-packages/airflow/example_dags/example_branch_datetime_operator.py
[2026-01-04T12:42:17.290+0000] {processor.py:914} INFO - Processing file /workspaces/f1_data_team/venv/lib/python3.12/site-packages/airflow/example_dags/example_branch_datetime_operator.py for tasks to queue
[2026-01-04T12:42:17.292+0000] {logging_mixin.py:190} INFO - [2026-01-04T12:42:17.292+0000] {dagbag.py:588} INFO - Filling up the DagBag from /workspaces/f1_data_team/venv/lib/python3.12/site-packages/airflow/example_dags/example_branch_datetime_operator.py
[2026-01-04T12:42:17.302+0000] {processor.py:925} INFO - DAG(s) 'example_branch_datetime_operator_2', 'example_branch_datetime_operator', 'example_branch_datetime_operator_3' retrieved from /workspaces/f1_data_team/venv/lib/python3.12/site-packages/airflow/example_dags/example_branch_datetime_operator.py
[2026-01-04T12:42:17.319+0000] {logging_mixin.py:190} INFO - [2026-01-04T12:42:17.318+0000] {dag.py:3239} INFO - Sync 3 DAGs
[2026-01-04T12:42:17.338+0000] {logging_mixin.py:190} INFO - [2026-01-04T12:42:17.338+0000] {dag.py:4180} INFO - Setting next_dagrun for example_branch_datetime_operator to 2026-01-03 00:00:00+00:00, run_after=2026-01-04 00:00:00+00:00
[2026-01-04T12:42:17.342+0000] {logging_mixin.py:190} INFO - [2026-01-04T12:42:17.342+0000] {dag.py:4180} INFO - Setting next_dagrun for example_branch_datetime_operator_2 to 2026-01-03 00:00:00+00:00, run_after=2026-01-04 00:00:00+00:00
[2026-01-04T12:42:17.344+0000] {logging_mixin.py:190} INFO - [2026-01-04T12:42:17.344+0000] {dag.py:4180} INFO - Setting next_dagrun for example_branch_datetime_operator_3 to 2026-01-03 00:00:00+00:00, run_after=2026-01-04 00:00:00+00:00
[2026-01-04T12:42:17.358+0000] {processor.py:208} INFO - Processing /workspaces/f1_data_team/venv/lib/python3.12/site-packages/airflow/example_dags/example_branch_datetime_operator.py took 0.074 seconds
[2026-01-04T12:43:21.942+0000] {processor.py:186} INFO - Started process (PID=37482) to work on /workspaces/f1_data_team/venv/lib/python3.12/site-packages/airflow/example_dags/example_branch_datetime_operator.py
[2026-01-04T12:43:21.943+0000] {processor.py:914} INFO - Processing file /workspaces/f1_data_team/venv/lib/python3.12/site-packages/airflow/example_dags/example_branch_datetime_operator.py for tasks to queue
[2026-01-04T12:43:21.945+0000] {logging_mixin.py:190} INFO - [2026-01-04T12:43:21.945+0000] {dagbag.py:588} INFO - Filling up the DagBag from /workspaces/f1_data_team/venv/lib/python3.12/site-packages/airflow/example_dags/example_branch_datetime_operator.py
[2026-01-04T12:43:21.955+0000] {processor.py:925} INFO - DAG(s) 'example_branch_datetime_operator_3', 'example_branch_datetime_operator_2', 'example_branch_datetime_operator' retrieved from /workspaces/f1_data_team/venv/lib/python3.12/site-packages/airflow/example_dags/example_branch_datetime_operator.py
[2026-01-04T12:43:21.971+0000] {logging_mixin.py:190} INFO - [2026-01-04T12:43:21.970+0000] {dag.py:3239} INFO - Sync 3 DAGs
[2026-01-04T12:43:21.987+0000] {logging_mixin.py:190} INFO - [2026-01-04T12:43:21.987+0000] {dag.py:4180} INFO - Setting next_dagrun for example_branch_datetime_operator to 2026-01-03 00:00:00+00:00, run_after=2026-01-04 00:00:00+00:00
[2026-01-04T12:43:21.990+0000] {logging_mixin.py:190} INFO - [2026-01-04T12:43:21.990+0000] {dag.py:4180} INFO - Setting next_dagrun for example_branch_datetime_operator_2 to 2026-01-03 00:00:00+00:00, run_after=2026-01-04 00:00:00+00:00
[2026-01-04T12:43:21.992+0000] {logging_mixin.py:190} INFO - [2026-01-04T12:43:21.992+0000] {dag.py:4180} INFO - Setting next_dagrun for example_branch_datetime_operator_3 to 2026-01-03 00:00:00+00:00, run_after=2026-01-04 00:00:00+00:00
[2026-01-04T12:43:22.009+0000] {processor.py:208} INFO - Processing /workspaces/f1_data_team/venv/lib/python3.12/site-packages/airflow/example_dags/example_branch_datetime_operator.py took 0.071 seconds
[2026-01-04T12:44:38.275+0000] {processor.py:186} INFO - Started process (PID=38386) to work on /workspaces/f1_data_team/venv/lib/python3.12/site-packages/airflow/example_dags/example_branch_datetime_operator.py
[2026-01-04T12:44:38.276+0000] {processor.py:914} INFO - Processing file /workspaces/f1_data_team/venv/lib/python3.12/site-packages/airflow/example_dags/example_branch_datetime_operator.py for tasks to queue
[2026-01-04T12:44:38.278+0000] {logging_mixin.py:190} INFO - [2026-01-04T12:44:38.277+0000] {dagbag.py:588} INFO - Filling up the DagBag from /workspaces/f1_data_team/venv/lib/python3.12/site-packages/airflow/example_dags/example_branch_datetime_operator.py
[2026-01-04T12:44:38.287+0000] {processor.py:925} INFO - DAG(s) 'example_branch_datetime_operator_2', 'example_branch_datetime_operator', 'example_branch_datetime_operator_3' retrieved from /workspaces/f1_data_team/venv/lib/python3.12/site-packages/airflow/example_dags/example_branch_datetime_operator.py
[2026-01-04T12:44:38.303+0000] {logging_mixin.py:190} INFO - [2026-01-04T12:44:38.303+0000] {dag.py:3239} INFO - Sync 3 DAGs
[2026-01-04T12:44:38.320+0000] {logging_mixin.py:190} INFO - [2026-01-04T12:44:38.320+0000] {dag.py:4180} INFO - Setting next_dagrun for example_branch_datetime_operator to 2026-01-03 00:00:00+00:00, run_after=2026-01-04 00:00:00+00:00
[2026-01-04T12:44:38.323+0000] {logging_mixin.py:190} INFO - [2026-01-04T12:44:38.323+0000] {dag.py:4180} INFO - Setting next_dagrun for example_branch_datetime_operator_2 to 2026-01-03 00:00:00+00:00, run_after=2026-01-04 00:00:00+00:00
[2026-01-04T12:44:38.325+0000] {logging_mixin.py:190} INFO - [2026-01-04T12:44:38.325+0000] {dag.py:4180} INFO - Setting next_dagrun for example_branch_datetime_operator_3 to 2026-01-03 00:00:00+00:00, run_after=2026-01-04 00:00:00+00:00
[2026-01-04T12:44:38.339+0000] {processor.py:208} INFO - Processing /workspaces/f1_data_team/venv/lib/python3.12/site-packages/airflow/example_dags/example_branch_datetime_operator.py took 0.069 seconds
[2026-01-04T12:45:42.290+0000] {processor.py:186} INFO - Started process (PID=39495) to work on /workspaces/f1_data_team/venv/lib/python3.12/site-packages/airflow/example_dags/example_branch_datetime_operator.py
[2026-01-04T12:45:42.291+0000] {processor.py:914} INFO - Processing file /workspaces/f1_data_team/venv/lib/python3.12/site-packages/airflow/example_dags/example_branch_datetime_operator.py for tasks to queue
[2026-01-04T12:45:42.293+0000] {logging_mixin.py:190} INFO - [2026-01-04T12:45:42.292+0000] {dagbag.py:588} INFO - Filling up the DagBag from /workspaces/f1_data_team/venv/lib/python3.12/site-packages/airflow/example_dags/example_branch_datetime_operator.py
[2026-01-04T12:45:42.302+0000] {processor.py:925} INFO - DAG(s) 'example_branch_datetime_operator', 'example_branch_datetime_operator_3', 'example_branch_datetime_operator_2' retrieved from /workspaces/f1_data_team/venv/lib/python3.12/site-packages/airflow/example_dags/example_branch_datetime_operator.py
[2026-01-04T12:45:42.318+0000] {logging_mixin.py:190} INFO - [2026-01-04T12:45:42.318+0000] {dag.py:3239} INFO - Sync 3 DAGs
[2026-01-04T12:45:42.334+0000] {logging_mixin.py:190} INFO - [2026-01-04T12:45:42.334+0000] {dag.py:4180} INFO - Setting next_dagrun for example_branch_datetime_operator to 2026-01-03 00:00:00+00:00, run_after=2026-01-04 00:00:00+00:00
[2026-01-04T12:45:42.337+0000] {logging_mixin.py:190} INFO - [2026-01-04T12:45:42.337+0000] {dag.py:4180} INFO - Setting next_dagrun for example_branch_datetime_operator_2 to 2026-01-03 00:00:00+00:00, run_after=2026-01-04 00:00:00+00:00
[2026-01-04T12:45:42.339+0000] {logging_mixin.py:190} INFO - [2026-01-04T12:45:42.339+0000] {dag.py:4180} INFO - Setting next_dagrun for example_branch_datetime_operator_3 to 2026-01-03 00:00:00+00:00, run_after=2026-01-04 00:00:00+00:00
[2026-01-04T12:45:42.355+0000] {processor.py:208} INFO - Processing /workspaces/f1_data_team/venv/lib/python3.12/site-packages/airflow/example_dags/example_branch_datetime_operator.py took 0.069 seconds
[2026-01-04T12:46:59.761+0000] {processor.py:186} INFO - Started process (PID=40253) to work on /workspaces/f1_data_team/venv/lib/python3.12/site-packages/airflow/example_dags/example_branch_datetime_operator.py
[2026-01-04T12:46:59.762+0000] {processor.py:914} INFO - Processing file /workspaces/f1_data_team/venv/lib/python3.12/site-packages/airflow/example_dags/example_branch_datetime_operator.py for tasks to queue
[2026-01-04T12:46:59.764+0000] {logging_mixin.py:190} INFO - [2026-01-04T12:46:59.763+0000] {dagbag.py:588} INFO - Filling up the DagBag from /workspaces/f1_data_team/venv/lib/python3.12/site-packages/airflow/example_dags/example_branch_datetime_operator.py
[2026-01-04T12:46:59.773+0000] {processor.py:925} INFO - DAG(s) 'example_branch_datetime_operator_2', 'example_branch_datetime_operator_3', 'example_branch_datetime_operator' retrieved from /workspaces/f1_data_team/venv/lib/python3.12/site-packages/airflow/example_dags/example_branch_datetime_operator.py
[2026-01-04T12:46:59.789+0000] {logging_mixin.py:190} INFO - [2026-01-04T12:46:59.789+0000] {dag.py:3239} INFO - Sync 3 DAGs
[2026-01-04T12:46:59.805+0000] {logging_mixin.py:190} INFO - [2026-01-04T12:46:59.805+0000] {dag.py:4180} INFO - Setting next_dagrun for example_branch_datetime_operator to 2026-01-03 00:00:00+00:00, run_after=2026-01-04 00:00:00+00:00
[2026-01-04T12:46:59.809+0000] {logging_mixin.py:190} INFO - [2026-01-04T12:46:59.808+0000] {dag.py:4180} INFO - Setting next_dagrun for example_branch_datetime_operator_2 to 2026-01-03 00:00:00+00:00, run_after=2026-01-04 00:00:00+00:00
[2026-01-04T12:46:59.810+0000] {logging_mixin.py:190} INFO - [2026-01-04T12:46:59.810+0000] {dag.py:4180} INFO - Setting next_dagrun for example_branch_datetime_operator_3 to 2026-01-03 00:00:00+00:00, run_after=2026-01-04 00:00:00+00:00
[2026-01-04T12:46:59.824+0000] {processor.py:208} INFO - Processing /workspaces/f1_data_team/venv/lib/python3.12/site-packages/airflow/example_dags/example_branch_datetime_operator.py took 0.067 seconds
[2026-01-04T12:49:30.913+0000] {processor.py:186} INFO - Started process (PID=42391) to work on /workspaces/f1_data_team/venv/lib/python3.12/site-packages/airflow/example_dags/example_branch_datetime_operator.py
[2026-01-04T12:49:30.914+0000] {processor.py:914} INFO - Processing file /workspaces/f1_data_team/venv/lib/python3.12/site-packages/airflow/example_dags/example_branch_datetime_operator.py for tasks to queue
[2026-01-04T12:49:30.916+0000] {logging_mixin.py:190} INFO - [2026-01-04T12:49:30.916+0000] {dagbag.py:588} INFO - Filling up the DagBag from /workspaces/f1_data_team/venv/lib/python3.12/site-packages/airflow/example_dags/example_branch_datetime_operator.py
[2026-01-04T12:49:30.925+0000] {processor.py:925} INFO - DAG(s) 'example_branch_datetime_operator_2', 'example_branch_datetime_operator_3', 'example_branch_datetime_operator' retrieved from /workspaces/f1_data_team/venv/lib/python3.12/site-packages/airflow/example_dags/example_branch_datetime_operator.py
[2026-01-04T12:49:30.942+0000] {logging_mixin.py:190} INFO - [2026-01-04T12:49:30.942+0000] {dag.py:3239} INFO - Sync 3 DAGs
[2026-01-04T12:49:30.959+0000] {logging_mixin.py:190} INFO - [2026-01-04T12:49:30.959+0000] {dag.py:4180} INFO - Setting next_dagrun for example_branch_datetime_operator to 2026-01-03 00:00:00+00:00, run_after=2026-01-04 00:00:00+00:00
[2026-01-04T12:49:30.962+0000] {logging_mixin.py:190} INFO - [2026-01-04T12:49:30.962+0000] {dag.py:4180} INFO - Setting next_dagrun for example_branch_datetime_operator_2 to 2026-01-03 00:00:00+00:00, run_after=2026-01-04 00:00:00+00:00
[2026-01-04T12:49:30.964+0000] {logging_mixin.py:190} INFO - [2026-01-04T12:49:30.964+0000] {dag.py:4180} INFO - Setting next_dagrun for example_branch_datetime_operator_3 to 2026-01-03 00:00:00+00:00, run_after=2026-01-04 00:00:00+00:00
[2026-01-04T12:49:30.977+0000] {processor.py:208} INFO - Processing /workspaces/f1_data_team/venv/lib/python3.12/site-packages/airflow/example_dags/example_branch_datetime_operator.py took 0.068 seconds
[2026-01-04T12:52:05.940+0000] {processor.py:186} INFO - Started process (PID=44608) to work on /workspaces/f1_data_team/venv/lib/python3.12/site-packages/airflow/example_dags/example_branch_datetime_operator.py
[2026-01-04T12:52:05.941+0000] {processor.py:914} INFO - Processing file /workspaces/f1_data_team/venv/lib/python3.12/site-packages/airflow/example_dags/example_branch_datetime_operator.py for tasks to queue
[2026-01-04T12:52:05.943+0000] {logging_mixin.py:190} INFO - [2026-01-04T12:52:05.942+0000] {dagbag.py:588} INFO - Filling up the DagBag from /workspaces/f1_data_team/venv/lib/python3.12/site-packages/airflow/example_dags/example_branch_datetime_operator.py
[2026-01-04T12:52:05.952+0000] {processor.py:925} INFO - DAG(s) 'example_branch_datetime_operator', 'example_branch_datetime_operator_3', 'example_branch_datetime_operator_2' retrieved from /workspaces/f1_data_team/venv/lib/python3.12/site-packages/airflow/example_dags/example_branch_datetime_operator.py
[2026-01-04T12:52:05.972+0000] {logging_mixin.py:190} INFO - [2026-01-04T12:52:05.971+0000] {dag.py:3239} INFO - Sync 3 DAGs
[2026-01-04T12:52:05.988+0000] {logging_mixin.py:190} INFO - [2026-01-04T12:52:05.988+0000] {dag.py:4180} INFO - Setting next_dagrun for example_branch_datetime_operator to 2026-01-03 00:00:00+00:00, run_after=2026-01-04 00:00:00+00:00
[2026-01-04T12:52:05.992+0000] {logging_mixin.py:190} INFO - [2026-01-04T12:52:05.992+0000] {dag.py:4180} INFO - Setting next_dagrun for example_branch_datetime_operator_2 to 2026-01-03 00:00:00+00:00, run_after=2026-01-04 00:00:00+00:00
[2026-01-04T12:52:05.993+0000] {logging_mixin.py:190} INFO - [2026-01-04T12:52:05.993+0000] {dag.py:4180} INFO - Setting next_dagrun for example_branch_datetime_operator_3 to 2026-01-03 00:00:00+00:00, run_after=2026-01-04 00:00:00+00:00
[2026-01-04T12:52:06.006+0000] {processor.py:208} INFO - Processing /workspaces/f1_data_team/venv/lib/python3.12/site-packages/airflow/example_dags/example_branch_datetime_operator.py took 0.071 seconds
[2026-01-04T12:53:03.846+0000] {processor.py:186} INFO - Started process (PID=45371) to work on /workspaces/f1_data_team/venv/lib/python3.12/site-packages/airflow/example_dags/example_branch_datetime_operator.py
[2026-01-04T12:53:03.847+0000] {processor.py:914} INFO - Processing file /workspaces/f1_data_team/venv/lib/python3.12/site-packages/airflow/example_dags/example_branch_datetime_operator.py for tasks to queue
[2026-01-04T12:53:03.849+0000] {logging_mixin.py:190} INFO - [2026-01-04T12:53:03.849+0000] {dagbag.py:588} INFO - Filling up the DagBag from /workspaces/f1_data_team/venv/lib/python3.12/site-packages/airflow/example_dags/example_branch_datetime_operator.py
[2026-01-04T12:53:03.859+0000] {processor.py:925} INFO - DAG(s) 'example_branch_datetime_operator_3', 'example_branch_datetime_operator_2', 'example_branch_datetime_operator' retrieved from /workspaces/f1_data_team/venv/lib/python3.12/site-packages/airflow/example_dags/example_branch_datetime_operator.py
[2026-01-04T12:53:03.875+0000] {logging_mixin.py:190} INFO - [2026-01-04T12:53:03.875+0000] {dag.py:3239} INFO - Sync 3 DAGs
[2026-01-04T12:53:03.891+0000] {logging_mixin.py:190} INFO - [2026-01-04T12:53:03.891+0000] {dag.py:4180} INFO - Setting next_dagrun for example_branch_datetime_operator to 2026-01-03 00:00:00+00:00, run_after=2026-01-04 00:00:00+00:00
[2026-01-04T12:53:03.895+0000] {logging_mixin.py:190} INFO - [2026-01-04T12:53:03.895+0000] {dag.py:4180} INFO - Setting next_dagrun for example_branch_datetime_operator_2 to 2026-01-03 00:00:00+00:00, run_after=2026-01-04 00:00:00+00:00
[2026-01-04T12:53:03.897+0000] {logging_mixin.py:190} INFO - [2026-01-04T12:53:03.897+0000] {dag.py:4180} INFO - Setting next_dagrun for example_branch_datetime_operator_3 to 2026-01-03 00:00:00+00:00, run_after=2026-01-04 00:00:00+00:00
[2026-01-04T12:53:03.910+0000] {processor.py:208} INFO - Processing /workspaces/f1_data_team/venv/lib/python3.12/site-packages/airflow/example_dags/example_branch_datetime_operator.py took 0.068 seconds
[2026-01-04T12:54:24.448+0000] {processor.py:186} INFO - Started process (PID=46562) to work on /workspaces/f1_data_team/venv/lib/python3.12/site-packages/airflow/example_dags/example_branch_datetime_operator.py
[2026-01-04T12:54:24.449+0000] {processor.py:914} INFO - Processing file /workspaces/f1_data_team/venv/lib/python3.12/site-packages/airflow/example_dags/example_branch_datetime_operator.py for tasks to queue
[2026-01-04T12:54:24.451+0000] {logging_mixin.py:190} INFO - [2026-01-04T12:54:24.451+0000] {dagbag.py:588} INFO - Filling up the DagBag from /workspaces/f1_data_team/venv/lib/python3.12/site-packages/airflow/example_dags/example_branch_datetime_operator.py
[2026-01-04T12:54:24.462+0000] {processor.py:925} INFO - DAG(s) 'example_branch_datetime_operator_3', 'example_branch_datetime_operator_2', 'example_branch_datetime_operator' retrieved from /workspaces/f1_data_team/venv/lib/python3.12/site-packages/airflow/example_dags/example_branch_datetime_operator.py
[2026-01-04T12:54:24.478+0000] {logging_mixin.py:190} INFO - [2026-01-04T12:54:24.478+0000] {dag.py:3239} INFO - Sync 3 DAGs
[2026-01-04T12:54:24.504+0000] {logging_mixin.py:190} INFO - [2026-01-04T12:54:24.504+0000] {dag.py:4180} INFO - Setting next_dagrun for example_branch_datetime_operator to 2026-01-03 00:00:00+00:00, run_after=2026-01-04 00:00:00+00:00
[2026-01-04T12:54:24.509+0000] {logging_mixin.py:190} INFO - [2026-01-04T12:54:24.509+0000] {dag.py:4180} INFO - Setting next_dagrun for example_branch_datetime_operator_2 to 2026-01-03 00:00:00+00:00, run_after=2026-01-04 00:00:00+00:00
[2026-01-04T12:54:24.512+0000] {logging_mixin.py:190} INFO - [2026-01-04T12:54:24.511+0000] {dag.py:4180} INFO - Setting next_dagrun for example_branch_datetime_operator_3 to 2026-01-03 00:00:00+00:00, run_after=2026-01-04 00:00:00+00:00
[2026-01-04T12:54:24.531+0000] {processor.py:208} INFO - Processing /workspaces/f1_data_team/venv/lib/python3.12/site-packages/airflow/example_dags/example_branch_datetime_operator.py took 0.089 seconds
[2026-01-04T12:55:44.849+0000] {processor.py:186} INFO - Started process (PID=47813) to work on /workspaces/f1_data_team/venv/lib/python3.12/site-packages/airflow/example_dags/example_branch_datetime_operator.py
[2026-01-04T12:55:44.850+0000] {processor.py:914} INFO - Processing file /workspaces/f1_data_team/venv/lib/python3.12/site-packages/airflow/example_dags/example_branch_datetime_operator.py for tasks to queue
[2026-01-04T12:55:44.852+0000] {logging_mixin.py:190} INFO - [2026-01-04T12:55:44.852+0000] {dagbag.py:588} INFO - Filling up the DagBag from /workspaces/f1_data_team/venv/lib/python3.12/site-packages/airflow/example_dags/example_branch_datetime_operator.py
[2026-01-04T12:55:44.861+0000] {processor.py:925} INFO - DAG(s) 'example_branch_datetime_operator_2', 'example_branch_datetime_operator_3', 'example_branch_datetime_operator' retrieved from /workspaces/f1_data_team/venv/lib/python3.12/site-packages/airflow/example_dags/example_branch_datetime_operator.py
[2026-01-04T12:55:44.880+0000] {logging_mixin.py:190} INFO - [2026-01-04T12:55:44.880+0000] {dag.py:3239} INFO - Sync 3 DAGs
[2026-01-04T12:55:44.896+0000] {logging_mixin.py:190} INFO - [2026-01-04T12:55:44.896+0000] {dag.py:4180} INFO - Setting next_dagrun for example_branch_datetime_operator to 2026-01-03 00:00:00+00:00, run_after=2026-01-04 00:00:00+00:00
[2026-01-04T12:55:44.900+0000] {logging_mixin.py:190} INFO - [2026-01-04T12:55:44.899+0000] {dag.py:4180} INFO - Setting next_dagrun for example_branch_datetime_operator_2 to 2026-01-03 00:00:00+00:00, run_after=2026-01-04 00:00:00+00:00
[2026-01-04T12:55:44.901+0000] {logging_mixin.py:190} INFO - [2026-01-04T12:55:44.901+0000] {dag.py:4180} INFO - Setting next_dagrun for example_branch_datetime_operator_3 to 2026-01-03 00:00:00+00:00, run_after=2026-01-04 00:00:00+00:00
[2026-01-04T12:55:44.915+0000] {processor.py:208} INFO - Processing /workspaces/f1_data_team/venv/lib/python3.12/site-packages/airflow/example_dags/example_branch_datetime_operator.py took 0.070 seconds
[2026-01-04T12:57:02.986+0000] {processor.py:186} INFO - Started process (PID=48544) to work on /workspaces/f1_data_team/venv/lib/python3.12/site-packages/airflow/example_dags/example_branch_datetime_operator.py
[2026-01-04T12:57:02.986+0000] {processor.py:914} INFO - Processing file /workspaces/f1_data_team/venv/lib/python3.12/site-packages/airflow/example_dags/example_branch_datetime_operator.py for tasks to queue
[2026-01-04T12:57:02.988+0000] {logging_mixin.py:190} INFO - [2026-01-04T12:57:02.988+0000] {dagbag.py:588} INFO - Filling up the DagBag from /workspaces/f1_data_team/venv/lib/python3.12/site-packages/airflow/example_dags/example_branch_datetime_operator.py
[2026-01-04T12:57:02.998+0000] {processor.py:925} INFO - DAG(s) 'example_branch_datetime_operator_2', 'example_branch_datetime_operator', 'example_branch_datetime_operator_3' retrieved from /workspaces/f1_data_team/venv/lib/python3.12/site-packages/airflow/example_dags/example_branch_datetime_operator.py
[2026-01-04T12:57:03.014+0000] {logging_mixin.py:190} INFO - [2026-01-04T12:57:03.014+0000] {dag.py:3239} INFO - Sync 3 DAGs
[2026-01-04T12:57:03.031+0000] {logging_mixin.py:190} INFO - [2026-01-04T12:57:03.031+0000] {dag.py:4180} INFO - Setting next_dagrun for example_branch_datetime_operator to 2026-01-03 00:00:00+00:00, run_after=2026-01-04 00:00:00+00:00
[2026-01-04T12:57:03.035+0000] {logging_mixin.py:190} INFO - [2026-01-04T12:57:03.035+0000] {dag.py:4180} INFO - Setting next_dagrun for example_branch_datetime_operator_2 to 2026-01-03 00:00:00+00:00, run_after=2026-01-04 00:00:00+00:00
[2026-01-04T12:57:03.036+0000] {logging_mixin.py:190} INFO - [2026-01-04T12:57:03.036+0000] {dag.py:4180} INFO - Setting next_dagrun for example_branch_datetime_operator_3 to 2026-01-03 00:00:00+00:00, run_after=2026-01-04 00:00:00+00:00
[2026-01-04T12:57:03.050+0000] {processor.py:208} INFO - Processing /workspaces/f1_data_team/venv/lib/python3.12/site-packages/airflow/example_dags/example_branch_datetime_operator.py took 0.069 seconds
[2026-01-04T12:58:18.902+0000] {processor.py:186} INFO - Started process (PID=49322) to work on /workspaces/f1_data_team/venv/lib/python3.12/site-packages/airflow/example_dags/example_branch_datetime_operator.py
[2026-01-04T12:58:18.902+0000] {processor.py:914} INFO - Processing file /workspaces/f1_data_team/venv/lib/python3.12/site-packages/airflow/example_dags/example_branch_datetime_operator.py for tasks to queue
[2026-01-04T12:58:18.904+0000] {logging_mixin.py:190} INFO - [2026-01-04T12:58:18.904+0000] {dagbag.py:588} INFO - Filling up the DagBag from /workspaces/f1_data_team/venv/lib/python3.12/site-packages/airflow/example_dags/example_branch_datetime_operator.py
[2026-01-04T12:58:18.914+0000] {processor.py:925} INFO - DAG(s) 'example_branch_datetime_operator', 'example_branch_datetime_operator_3', 'example_branch_datetime_operator_2' retrieved from /workspaces/f1_data_team/venv/lib/python3.12/site-packages/airflow/example_dags/example_branch_datetime_operator.py
[2026-01-04T12:58:18.930+0000] {logging_mixin.py:190} INFO - [2026-01-04T12:58:18.930+0000] {dag.py:3239} INFO - Sync 3 DAGs
[2026-01-04T12:58:18.947+0000] {logging_mixin.py:190} INFO - [2026-01-04T12:58:18.946+0000] {dag.py:4180} INFO - Setting next_dagrun for example_branch_datetime_operator to 2026-01-03 00:00:00+00:00, run_after=2026-01-04 00:00:00+00:00
[2026-01-04T12:58:18.950+0000] {logging_mixin.py:190} INFO - [2026-01-04T12:58:18.950+0000] {dag.py:4180} INFO - Setting next_dagrun for example_branch_datetime_operator_2 to 2026-01-03 00:00:00+00:00, run_after=2026-01-04 00:00:00+00:00
[2026-01-04T12:58:18.951+0000] {logging_mixin.py:190} INFO - [2026-01-04T12:58:18.951+0000] {dag.py:4180} INFO - Setting next_dagrun for example_branch_datetime_operator_3 to 2026-01-03 00:00:00+00:00, run_after=2026-01-04 00:00:00+00:00
[2026-01-04T12:58:18.965+0000] {processor.py:208} INFO - Processing /workspaces/f1_data_team/venv/lib/python3.12/site-packages/airflow/example_dags/example_branch_datetime_operator.py took 0.069 seconds
[2026-01-04T12:59:41.340+0000] {processor.py:186} INFO - Started process (PID=50109) to work on /workspaces/f1_data_team/venv/lib/python3.12/site-packages/airflow/example_dags/example_branch_datetime_operator.py
[2026-01-04T12:59:41.341+0000] {processor.py:914} INFO - Processing file /workspaces/f1_data_team/venv/lib/python3.12/site-packages/airflow/example_dags/example_branch_datetime_operator.py for tasks to queue
[2026-01-04T12:59:41.343+0000] {logging_mixin.py:190} INFO - [2026-01-04T12:59:41.342+0000] {dagbag.py:588} INFO - Filling up the DagBag from /workspaces/f1_data_team/venv/lib/python3.12/site-packages/airflow/example_dags/example_branch_datetime_operator.py
[2026-01-04T12:59:41.352+0000] {processor.py:925} INFO - DAG(s) 'example_branch_datetime_operator', 'example_branch_datetime_operator_2', 'example_branch_datetime_operator_3' retrieved from /workspaces/f1_data_team/venv/lib/python3.12/site-packages/airflow/example_dags/example_branch_datetime_operator.py
[2026-01-04T12:59:41.373+0000] {logging_mixin.py:190} INFO - [2026-01-04T12:59:41.372+0000] {dag.py:3239} INFO - Sync 3 DAGs
[2026-01-04T12:59:41.389+0000] {logging_mixin.py:190} INFO - [2026-01-04T12:59:41.389+0000] {dag.py:4180} INFO - Setting next_dagrun for example_branch_datetime_operator to 2026-01-03 00:00:00+00:00, run_after=2026-01-04 00:00:00+00:00
[2026-01-04T12:59:41.393+0000] {logging_mixin.py:190} INFO - [2026-01-04T12:59:41.393+0000] {dag.py:4180} INFO - Setting next_dagrun for example_branch_datetime_operator_2 to 2026-01-03 00:00:00+00:00, run_after=2026-01-04 00:00:00+00:00
[2026-01-04T12:59:41.394+0000] {logging_mixin.py:190} INFO - [2026-01-04T12:59:41.394+0000] {dag.py:4180} INFO - Setting next_dagrun for example_branch_datetime_operator_3 to 2026-01-03 00:00:00+00:00, run_after=2026-01-04 00:00:00+00:00
[2026-01-04T12:59:41.408+0000] {processor.py:208} INFO - Processing /workspaces/f1_data_team/venv/lib/python3.12/site-packages/airflow/example_dags/example_branch_datetime_operator.py took 0.073 seconds
[2026-01-04T13:00:38.989+0000] {processor.py:186} INFO - Started process (PID=50767) to work on /workspaces/f1_data_team/venv/lib/python3.12/site-packages/airflow/example_dags/example_branch_datetime_operator.py
[2026-01-04T13:00:38.990+0000] {processor.py:914} INFO - Processing file /workspaces/f1_data_team/venv/lib/python3.12/site-packages/airflow/example_dags/example_branch_datetime_operator.py for tasks to queue
[2026-01-04T13:00:38.992+0000] {logging_mixin.py:190} INFO - [2026-01-04T13:00:38.991+0000] {dagbag.py:588} INFO - Filling up the DagBag from /workspaces/f1_data_team/venv/lib/python3.12/site-packages/airflow/example_dags/example_branch_datetime_operator.py
[2026-01-04T13:00:39.001+0000] {processor.py:925} INFO - DAG(s) 'example_branch_datetime_operator_2', 'example_branch_datetime_operator_3', 'example_branch_datetime_operator' retrieved from /workspaces/f1_data_team/venv/lib/python3.12/site-packages/airflow/example_dags/example_branch_datetime_operator.py
[2026-01-04T13:00:39.017+0000] {logging_mixin.py:190} INFO - [2026-01-04T13:00:39.017+0000] {dag.py:3239} INFO - Sync 3 DAGs
[2026-01-04T13:00:39.034+0000] {logging_mixin.py:190} INFO - [2026-01-04T13:00:39.034+0000] {dag.py:4180} INFO - Setting next_dagrun for example_branch_datetime_operator to 2026-01-03 00:00:00+00:00, run_after=2026-01-04 00:00:00+00:00
[2026-01-04T13:00:39.037+0000] {logging_mixin.py:190} INFO - [2026-01-04T13:00:39.037+0000] {dag.py:4180} INFO - Setting next_dagrun for example_branch_datetime_operator_2 to 2026-01-03 00:00:00+00:00, run_after=2026-01-04 00:00:00+00:00
[2026-01-04T13:00:39.039+0000] {logging_mixin.py:190} INFO - [2026-01-04T13:00:39.039+0000] {dag.py:4180} INFO - Setting next_dagrun for example_branch_datetime_operator_3 to 2026-01-03 00:00:00+00:00, run_after=2026-01-04 00:00:00+00:00
[2026-01-04T13:00:39.055+0000] {processor.py:208} INFO - Processing /workspaces/f1_data_team/venv/lib/python3.12/site-packages/airflow/example_dags/example_branch_datetime_operator.py took 0.072 seconds
