[2026-01-04T12:27:24.725+0000] {processor.py:186} INFO - Started process (PID=24840) to work on /workspaces/f1_data_team/venv/lib/python3.12/site-packages/airflow/example_dags/example_branch_operator_decorator.py
[2026-01-04T12:27:24.726+0000] {processor.py:914} INFO - Processing file /workspaces/f1_data_team/venv/lib/python3.12/site-packages/airflow/example_dags/example_branch_operator_decorator.py for tasks to queue
[2026-01-04T12:27:24.728+0000] {logging_mixin.py:190} INFO - [2026-01-04T12:27:24.728+0000] {dagbag.py:588} INFO - Filling up the DagBag from /workspaces/f1_data_team/venv/lib/python3.12/site-packages/airflow/example_dags/example_branch_operator_decorator.py
[2026-01-04T12:27:24.745+0000] {processor.py:925} INFO - DAG(s) 'example_branch_python_operator_decorator' retrieved from /workspaces/f1_data_team/venv/lib/python3.12/site-packages/airflow/example_dags/example_branch_operator_decorator.py
[2026-01-04T12:27:24.826+0000] {logging_mixin.py:190} INFO - [2026-01-04T12:27:24.825+0000] {override.py:1911} INFO - Created Permission View: can read on DAG:example_branch_python_operator_decorator
[2026-01-04T12:27:24.833+0000] {logging_mixin.py:190} INFO - [2026-01-04T12:27:24.833+0000] {override.py:1911} INFO - Created Permission View: can edit on DAG:example_branch_python_operator_decorator
[2026-01-04T12:27:24.838+0000] {logging_mixin.py:190} INFO - [2026-01-04T12:27:24.838+0000] {override.py:1911} INFO - Created Permission View: can delete on DAG:example_branch_python_operator_decorator
[2026-01-04T12:27:24.847+0000] {logging_mixin.py:190} INFO - [2026-01-04T12:27:24.847+0000] {override.py:1911} INFO - Created Permission View: can read on DAG Run:example_branch_python_operator_decorator
[2026-01-04T12:27:24.852+0000] {logging_mixin.py:190} INFO - [2026-01-04T12:27:24.852+0000] {override.py:1911} INFO - Created Permission View: menu access on DAG Run:example_branch_python_operator_decorator
[2026-01-04T12:27:24.857+0000] {logging_mixin.py:190} INFO - [2026-01-04T12:27:24.857+0000] {override.py:1911} INFO - Created Permission View: can create on DAG Run:example_branch_python_operator_decorator
[2026-01-04T12:27:24.862+0000] {logging_mixin.py:190} INFO - [2026-01-04T12:27:24.862+0000] {override.py:1911} INFO - Created Permission View: can delete on DAG Run:example_branch_python_operator_decorator
[2026-01-04T12:27:24.863+0000] {logging_mixin.py:190} INFO - [2026-01-04T12:27:24.863+0000] {dag.py:3239} INFO - Sync 1 DAGs
[2026-01-04T12:27:24.872+0000] {logging_mixin.py:190} INFO - [2026-01-04T12:27:24.872+0000] {dag.py:3262} INFO - Creating ORM DAG for example_branch_python_operator_decorator
[2026-01-04T12:27:24.879+0000] {logging_mixin.py:190} INFO - [2026-01-04T12:27:24.879+0000] {dag.py:4180} INFO - Setting next_dagrun for example_branch_python_operator_decorator to 2026-01-03 00:00:00+00:00, run_after=2026-01-04 00:00:00+00:00
[2026-01-04T12:27:24.892+0000] {processor.py:208} INFO - Processing /workspaces/f1_data_team/venv/lib/python3.12/site-packages/airflow/example_dags/example_branch_operator_decorator.py took 0.171 seconds
[2026-01-04T12:28:23.087+0000] {processor.py:186} INFO - Started process (PID=25363) to work on /workspaces/f1_data_team/venv/lib/python3.12/site-packages/airflow/example_dags/example_branch_operator_decorator.py
[2026-01-04T12:28:23.089+0000] {processor.py:914} INFO - Processing file /workspaces/f1_data_team/venv/lib/python3.12/site-packages/airflow/example_dags/example_branch_operator_decorator.py for tasks to queue
[2026-01-04T12:28:23.091+0000] {logging_mixin.py:190} INFO - [2026-01-04T12:28:23.091+0000] {dagbag.py:588} INFO - Filling up the DagBag from /workspaces/f1_data_team/venv/lib/python3.12/site-packages/airflow/example_dags/example_branch_operator_decorator.py
[2026-01-04T12:28:23.109+0000] {processor.py:925} INFO - DAG(s) 'example_branch_python_operator_decorator' retrieved from /workspaces/f1_data_team/venv/lib/python3.12/site-packages/airflow/example_dags/example_branch_operator_decorator.py
[2026-01-04T12:28:23.127+0000] {logging_mixin.py:190} INFO - [2026-01-04T12:28:23.127+0000] {dag.py:3239} INFO - Sync 1 DAGs
[2026-01-04T12:28:23.142+0000] {logging_mixin.py:190} INFO - [2026-01-04T12:28:23.142+0000] {dag.py:4180} INFO - Setting next_dagrun for example_branch_python_operator_decorator to 2026-01-03 00:00:00+00:00, run_after=2026-01-04 00:00:00+00:00
[2026-01-04T12:28:23.157+0000] {processor.py:208} INFO - Processing /workspaces/f1_data_team/venv/lib/python3.12/site-packages/airflow/example_dags/example_branch_operator_decorator.py took 0.076 seconds
[2026-01-04T12:29:20.361+0000] {processor.py:186} INFO - Started process (PID=26486) to work on /workspaces/f1_data_team/venv/lib/python3.12/site-packages/airflow/example_dags/example_branch_operator_decorator.py
[2026-01-04T12:29:20.362+0000] {processor.py:914} INFO - Processing file /workspaces/f1_data_team/venv/lib/python3.12/site-packages/airflow/example_dags/example_branch_operator_decorator.py for tasks to queue
[2026-01-04T12:29:20.364+0000] {logging_mixin.py:190} INFO - [2026-01-04T12:29:20.363+0000] {dagbag.py:588} INFO - Filling up the DagBag from /workspaces/f1_data_team/venv/lib/python3.12/site-packages/airflow/example_dags/example_branch_operator_decorator.py
[2026-01-04T12:29:20.381+0000] {processor.py:925} INFO - DAG(s) 'example_branch_python_operator_decorator' retrieved from /workspaces/f1_data_team/venv/lib/python3.12/site-packages/airflow/example_dags/example_branch_operator_decorator.py
[2026-01-04T12:29:20.398+0000] {logging_mixin.py:190} INFO - [2026-01-04T12:29:20.398+0000] {dag.py:3239} INFO - Sync 1 DAGs
[2026-01-04T12:29:20.413+0000] {logging_mixin.py:190} INFO - [2026-01-04T12:29:20.413+0000] {dag.py:4180} INFO - Setting next_dagrun for example_branch_python_operator_decorator to 2026-01-03 00:00:00+00:00, run_after=2026-01-04 00:00:00+00:00
[2026-01-04T12:29:20.427+0000] {processor.py:208} INFO - Processing /workspaces/f1_data_team/venv/lib/python3.12/site-packages/airflow/example_dags/example_branch_operator_decorator.py took 0.070 seconds
[2026-01-04T12:31:01.393+0000] {processor.py:186} INFO - Started process (PID=28059) to work on /workspaces/f1_data_team/venv/lib/python3.12/site-packages/airflow/example_dags/example_branch_operator_decorator.py
[2026-01-04T12:31:01.394+0000] {processor.py:914} INFO - Processing file /workspaces/f1_data_team/venv/lib/python3.12/site-packages/airflow/example_dags/example_branch_operator_decorator.py for tasks to queue
[2026-01-04T12:31:01.396+0000] {logging_mixin.py:190} INFO - [2026-01-04T12:31:01.396+0000] {dagbag.py:588} INFO - Filling up the DagBag from /workspaces/f1_data_team/venv/lib/python3.12/site-packages/airflow/example_dags/example_branch_operator_decorator.py
[2026-01-04T12:31:01.424+0000] {processor.py:925} INFO - DAG(s) 'example_branch_python_operator_decorator' retrieved from /workspaces/f1_data_team/venv/lib/python3.12/site-packages/airflow/example_dags/example_branch_operator_decorator.py
[2026-01-04T12:31:01.526+0000] {logging_mixin.py:190} INFO - [2026-01-04T12:31:01.525+0000] {dag.py:3239} INFO - Sync 1 DAGs
[2026-01-04T12:31:01.541+0000] {logging_mixin.py:190} INFO - [2026-01-04T12:31:01.541+0000] {dag.py:4180} INFO - Setting next_dagrun for example_branch_python_operator_decorator to 2026-01-03 00:00:00+00:00, run_after=2026-01-04 00:00:00+00:00
[2026-01-04T12:31:01.556+0000] {processor.py:208} INFO - Processing /workspaces/f1_data_team/venv/lib/python3.12/site-packages/airflow/example_dags/example_branch_operator_decorator.py took 0.172 seconds
[2026-01-04T12:33:07.104+0000] {processor.py:186} INFO - Started process (PID=30136) to work on /workspaces/f1_data_team/venv/lib/python3.12/site-packages/airflow/example_dags/example_branch_operator_decorator.py
[2026-01-04T12:33:07.105+0000] {processor.py:914} INFO - Processing file /workspaces/f1_data_team/venv/lib/python3.12/site-packages/airflow/example_dags/example_branch_operator_decorator.py for tasks to queue
[2026-01-04T12:33:07.107+0000] {logging_mixin.py:190} INFO - [2026-01-04T12:33:07.106+0000] {dagbag.py:588} INFO - Filling up the DagBag from /workspaces/f1_data_team/venv/lib/python3.12/site-packages/airflow/example_dags/example_branch_operator_decorator.py
[2026-01-04T12:33:07.126+0000] {processor.py:925} INFO - DAG(s) 'example_branch_python_operator_decorator' retrieved from /workspaces/f1_data_team/venv/lib/python3.12/site-packages/airflow/example_dags/example_branch_operator_decorator.py
[2026-01-04T12:33:07.232+0000] {logging_mixin.py:190} INFO - [2026-01-04T12:33:07.231+0000] {dag.py:3239} INFO - Sync 1 DAGs
[2026-01-04T12:33:07.248+0000] {logging_mixin.py:190} INFO - [2026-01-04T12:33:07.248+0000] {dag.py:4180} INFO - Setting next_dagrun for example_branch_python_operator_decorator to 2026-01-03 00:00:00+00:00, run_after=2026-01-04 00:00:00+00:00
[2026-01-04T12:33:07.262+0000] {processor.py:208} INFO - Processing /workspaces/f1_data_team/venv/lib/python3.12/site-packages/airflow/example_dags/example_branch_operator_decorator.py took 0.163 seconds
[2026-01-04T12:34:09.049+0000] {processor.py:186} INFO - Started process (PID=30869) to work on /workspaces/f1_data_team/venv/lib/python3.12/site-packages/airflow/example_dags/example_branch_operator_decorator.py
[2026-01-04T12:34:09.050+0000] {processor.py:914} INFO - Processing file /workspaces/f1_data_team/venv/lib/python3.12/site-packages/airflow/example_dags/example_branch_operator_decorator.py for tasks to queue
[2026-01-04T12:34:09.052+0000] {logging_mixin.py:190} INFO - [2026-01-04T12:34:09.052+0000] {dagbag.py:588} INFO - Filling up the DagBag from /workspaces/f1_data_team/venv/lib/python3.12/site-packages/airflow/example_dags/example_branch_operator_decorator.py
[2026-01-04T12:34:09.069+0000] {processor.py:925} INFO - DAG(s) 'example_branch_python_operator_decorator' retrieved from /workspaces/f1_data_team/venv/lib/python3.12/site-packages/airflow/example_dags/example_branch_operator_decorator.py
[2026-01-04T12:34:09.087+0000] {logging_mixin.py:190} INFO - [2026-01-04T12:34:09.086+0000] {dag.py:3239} INFO - Sync 1 DAGs
[2026-01-04T12:34:09.102+0000] {logging_mixin.py:190} INFO - [2026-01-04T12:34:09.102+0000] {dag.py:4180} INFO - Setting next_dagrun for example_branch_python_operator_decorator to 2026-01-03 00:00:00+00:00, run_after=2026-01-04 00:00:00+00:00
[2026-01-04T12:34:09.118+0000] {processor.py:208} INFO - Processing /workspaces/f1_data_team/venv/lib/python3.12/site-packages/airflow/example_dags/example_branch_operator_decorator.py took 0.073 seconds
[2026-01-04T12:35:02.885+0000] {processor.py:186} INFO - Started process (PID=31405) to work on /workspaces/f1_data_team/venv/lib/python3.12/site-packages/airflow/example_dags/example_branch_operator_decorator.py
[2026-01-04T12:35:02.886+0000] {processor.py:914} INFO - Processing file /workspaces/f1_data_team/venv/lib/python3.12/site-packages/airflow/example_dags/example_branch_operator_decorator.py for tasks to queue
[2026-01-04T12:35:02.889+0000] {logging_mixin.py:190} INFO - [2026-01-04T12:35:02.888+0000] {dagbag.py:588} INFO - Filling up the DagBag from /workspaces/f1_data_team/venv/lib/python3.12/site-packages/airflow/example_dags/example_branch_operator_decorator.py
[2026-01-04T12:35:02.915+0000] {processor.py:925} INFO - DAG(s) 'example_branch_python_operator_decorator' retrieved from /workspaces/f1_data_team/venv/lib/python3.12/site-packages/airflow/example_dags/example_branch_operator_decorator.py
[2026-01-04T12:35:02.952+0000] {logging_mixin.py:190} INFO - [2026-01-04T12:35:02.952+0000] {dag.py:3239} INFO - Sync 1 DAGs
[2026-01-04T12:35:02.968+0000] {logging_mixin.py:190} INFO - [2026-01-04T12:35:02.968+0000] {dag.py:4180} INFO - Setting next_dagrun for example_branch_python_operator_decorator to 2026-01-03 00:00:00+00:00, run_after=2026-01-04 00:00:00+00:00
[2026-01-04T12:35:02.982+0000] {processor.py:208} INFO - Processing /workspaces/f1_data_team/venv/lib/python3.12/site-packages/airflow/example_dags/example_branch_operator_decorator.py took 0.103 seconds
[2026-01-04T12:36:18.599+0000] {processor.py:186} INFO - Started process (PID=32281) to work on /workspaces/f1_data_team/venv/lib/python3.12/site-packages/airflow/example_dags/example_branch_operator_decorator.py
[2026-01-04T12:36:18.600+0000] {processor.py:914} INFO - Processing file /workspaces/f1_data_team/venv/lib/python3.12/site-packages/airflow/example_dags/example_branch_operator_decorator.py for tasks to queue
[2026-01-04T12:36:18.602+0000] {logging_mixin.py:190} INFO - [2026-01-04T12:36:18.602+0000] {dagbag.py:588} INFO - Filling up the DagBag from /workspaces/f1_data_team/venv/lib/python3.12/site-packages/airflow/example_dags/example_branch_operator_decorator.py
[2026-01-04T12:36:18.628+0000] {processor.py:925} INFO - DAG(s) 'example_branch_python_operator_decorator' retrieved from /workspaces/f1_data_team/venv/lib/python3.12/site-packages/airflow/example_dags/example_branch_operator_decorator.py
[2026-01-04T12:36:18.648+0000] {logging_mixin.py:190} INFO - [2026-01-04T12:36:18.647+0000] {dag.py:3239} INFO - Sync 1 DAGs
[2026-01-04T12:36:18.663+0000] {logging_mixin.py:190} INFO - [2026-01-04T12:36:18.663+0000] {dag.py:4180} INFO - Setting next_dagrun for example_branch_python_operator_decorator to 2026-01-03 00:00:00+00:00, run_after=2026-01-04 00:00:00+00:00
[2026-01-04T12:36:18.678+0000] {processor.py:208} INFO - Processing /workspaces/f1_data_team/venv/lib/python3.12/site-packages/airflow/example_dags/example_branch_operator_decorator.py took 0.085 seconds
[2026-01-04T12:37:15.611+0000] {processor.py:186} INFO - Started process (PID=32771) to work on /workspaces/f1_data_team/venv/lib/python3.12/site-packages/airflow/example_dags/example_branch_operator_decorator.py
[2026-01-04T12:37:15.612+0000] {processor.py:914} INFO - Processing file /workspaces/f1_data_team/venv/lib/python3.12/site-packages/airflow/example_dags/example_branch_operator_decorator.py for tasks to queue
[2026-01-04T12:37:15.614+0000] {logging_mixin.py:190} INFO - [2026-01-04T12:37:15.614+0000] {dagbag.py:588} INFO - Filling up the DagBag from /workspaces/f1_data_team/venv/lib/python3.12/site-packages/airflow/example_dags/example_branch_operator_decorator.py
[2026-01-04T12:37:15.631+0000] {processor.py:925} INFO - DAG(s) 'example_branch_python_operator_decorator' retrieved from /workspaces/f1_data_team/venv/lib/python3.12/site-packages/airflow/example_dags/example_branch_operator_decorator.py
[2026-01-04T12:37:15.649+0000] {logging_mixin.py:190} INFO - [2026-01-04T12:37:15.648+0000] {dag.py:3239} INFO - Sync 1 DAGs
[2026-01-04T12:37:15.664+0000] {logging_mixin.py:190} INFO - [2026-01-04T12:37:15.664+0000] {dag.py:4180} INFO - Setting next_dagrun for example_branch_python_operator_decorator to 2026-01-03 00:00:00+00:00, run_after=2026-01-04 00:00:00+00:00
[2026-01-04T12:37:15.678+0000] {processor.py:208} INFO - Processing /workspaces/f1_data_team/venv/lib/python3.12/site-packages/airflow/example_dags/example_branch_operator_decorator.py took 0.072 seconds
[2026-01-04T12:38:33.704+0000] {processor.py:186} INFO - Started process (PID=33929) to work on /workspaces/f1_data_team/venv/lib/python3.12/site-packages/airflow/example_dags/example_branch_operator_decorator.py
[2026-01-04T12:38:33.704+0000] {processor.py:914} INFO - Processing file /workspaces/f1_data_team/venv/lib/python3.12/site-packages/airflow/example_dags/example_branch_operator_decorator.py for tasks to queue
[2026-01-04T12:38:33.706+0000] {logging_mixin.py:190} INFO - [2026-01-04T12:38:33.706+0000] {dagbag.py:588} INFO - Filling up the DagBag from /workspaces/f1_data_team/venv/lib/python3.12/site-packages/airflow/example_dags/example_branch_operator_decorator.py
[2026-01-04T12:38:33.723+0000] {processor.py:925} INFO - DAG(s) 'example_branch_python_operator_decorator' retrieved from /workspaces/f1_data_team/venv/lib/python3.12/site-packages/airflow/example_dags/example_branch_operator_decorator.py
[2026-01-04T12:38:33.741+0000] {logging_mixin.py:190} INFO - [2026-01-04T12:38:33.741+0000] {dag.py:3239} INFO - Sync 1 DAGs
[2026-01-04T12:38:33.757+0000] {logging_mixin.py:190} INFO - [2026-01-04T12:38:33.757+0000] {dag.py:4180} INFO - Setting next_dagrun for example_branch_python_operator_decorator to 2026-01-03 00:00:00+00:00, run_after=2026-01-04 00:00:00+00:00
[2026-01-04T12:38:33.772+0000] {processor.py:208} INFO - Processing /workspaces/f1_data_team/venv/lib/python3.12/site-packages/airflow/example_dags/example_branch_operator_decorator.py took 0.073 seconds
[2026-01-04T12:39:53.155+0000] {processor.py:186} INFO - Started process (PID=34650) to work on /workspaces/f1_data_team/venv/lib/python3.12/site-packages/airflow/example_dags/example_branch_operator_decorator.py
[2026-01-04T12:39:53.157+0000] {processor.py:914} INFO - Processing file /workspaces/f1_data_team/venv/lib/python3.12/site-packages/airflow/example_dags/example_branch_operator_decorator.py for tasks to queue
[2026-01-04T12:39:53.164+0000] {logging_mixin.py:190} INFO - [2026-01-04T12:39:53.161+0000] {dagbag.py:588} INFO - Filling up the DagBag from /workspaces/f1_data_team/venv/lib/python3.12/site-packages/airflow/example_dags/example_branch_operator_decorator.py
[2026-01-04T12:39:53.194+0000] {processor.py:925} INFO - DAG(s) 'example_branch_python_operator_decorator' retrieved from /workspaces/f1_data_team/venv/lib/python3.12/site-packages/airflow/example_dags/example_branch_operator_decorator.py
[2026-01-04T12:39:53.229+0000] {logging_mixin.py:190} INFO - [2026-01-04T12:39:53.225+0000] {dag.py:3239} INFO - Sync 1 DAGs
[2026-01-04T12:39:53.277+0000] {logging_mixin.py:190} INFO - [2026-01-04T12:39:53.277+0000] {dag.py:4180} INFO - Setting next_dagrun for example_branch_python_operator_decorator to 2026-01-03 00:00:00+00:00, run_after=2026-01-04 00:00:00+00:00
[2026-01-04T12:39:53.303+0000] {processor.py:208} INFO - Processing /workspaces/f1_data_team/venv/lib/python3.12/site-packages/airflow/example_dags/example_branch_operator_decorator.py took 0.156 seconds
[2026-01-04T12:40:46.860+0000] {processor.py:186} INFO - Started process (PID=35186) to work on /workspaces/f1_data_team/venv/lib/python3.12/site-packages/airflow/example_dags/example_branch_operator_decorator.py
[2026-01-04T12:40:46.861+0000] {processor.py:914} INFO - Processing file /workspaces/f1_data_team/venv/lib/python3.12/site-packages/airflow/example_dags/example_branch_operator_decorator.py for tasks to queue
[2026-01-04T12:40:46.862+0000] {logging_mixin.py:190} INFO - [2026-01-04T12:40:46.862+0000] {dagbag.py:588} INFO - Filling up the DagBag from /workspaces/f1_data_team/venv/lib/python3.12/site-packages/airflow/example_dags/example_branch_operator_decorator.py
[2026-01-04T12:40:46.880+0000] {processor.py:925} INFO - DAG(s) 'example_branch_python_operator_decorator' retrieved from /workspaces/f1_data_team/venv/lib/python3.12/site-packages/airflow/example_dags/example_branch_operator_decorator.py
[2026-01-04T12:40:46.897+0000] {logging_mixin.py:190} INFO - [2026-01-04T12:40:46.897+0000] {dag.py:3239} INFO - Sync 1 DAGs
[2026-01-04T12:40:46.912+0000] {logging_mixin.py:190} INFO - [2026-01-04T12:40:46.912+0000] {dag.py:4180} INFO - Setting next_dagrun for example_branch_python_operator_decorator to 2026-01-03 00:00:00+00:00, run_after=2026-01-04 00:00:00+00:00
[2026-01-04T12:40:46.926+0000] {processor.py:208} INFO - Processing /workspaces/f1_data_team/venv/lib/python3.12/site-packages/airflow/example_dags/example_branch_operator_decorator.py took 0.071 seconds
[2026-01-04T12:42:05.619+0000] {processor.py:186} INFO - Started process (PID=36321) to work on /workspaces/f1_data_team/venv/lib/python3.12/site-packages/airflow/example_dags/example_branch_operator_decorator.py
[2026-01-04T12:42:05.619+0000] {processor.py:914} INFO - Processing file /workspaces/f1_data_team/venv/lib/python3.12/site-packages/airflow/example_dags/example_branch_operator_decorator.py for tasks to queue
[2026-01-04T12:42:05.621+0000] {logging_mixin.py:190} INFO - [2026-01-04T12:42:05.621+0000] {dagbag.py:588} INFO - Filling up the DagBag from /workspaces/f1_data_team/venv/lib/python3.12/site-packages/airflow/example_dags/example_branch_operator_decorator.py
[2026-01-04T12:42:05.639+0000] {processor.py:925} INFO - DAG(s) 'example_branch_python_operator_decorator' retrieved from /workspaces/f1_data_team/venv/lib/python3.12/site-packages/airflow/example_dags/example_branch_operator_decorator.py
[2026-01-04T12:42:05.733+0000] {logging_mixin.py:190} INFO - [2026-01-04T12:42:05.733+0000] {dag.py:3239} INFO - Sync 1 DAGs
[2026-01-04T12:42:05.748+0000] {logging_mixin.py:190} INFO - [2026-01-04T12:42:05.748+0000] {dag.py:4180} INFO - Setting next_dagrun for example_branch_python_operator_decorator to 2026-01-03 00:00:00+00:00, run_after=2026-01-04 00:00:00+00:00
[2026-01-04T12:42:05.763+0000] {processor.py:208} INFO - Processing /workspaces/f1_data_team/venv/lib/python3.12/site-packages/airflow/example_dags/example_branch_operator_decorator.py took 0.150 seconds
[2026-01-04T12:43:16.303+0000] {processor.py:186} INFO - Started process (PID=37386) to work on /workspaces/f1_data_team/venv/lib/python3.12/site-packages/airflow/example_dags/example_branch_operator_decorator.py
[2026-01-04T12:43:16.304+0000] {processor.py:914} INFO - Processing file /workspaces/f1_data_team/venv/lib/python3.12/site-packages/airflow/example_dags/example_branch_operator_decorator.py for tasks to queue
[2026-01-04T12:43:16.306+0000] {logging_mixin.py:190} INFO - [2026-01-04T12:43:16.305+0000] {dagbag.py:588} INFO - Filling up the DagBag from /workspaces/f1_data_team/venv/lib/python3.12/site-packages/airflow/example_dags/example_branch_operator_decorator.py
[2026-01-04T12:43:16.323+0000] {processor.py:925} INFO - DAG(s) 'example_branch_python_operator_decorator' retrieved from /workspaces/f1_data_team/venv/lib/python3.12/site-packages/airflow/example_dags/example_branch_operator_decorator.py
[2026-01-04T12:43:16.345+0000] {logging_mixin.py:190} INFO - [2026-01-04T12:43:16.344+0000] {dag.py:3239} INFO - Sync 1 DAGs
[2026-01-04T12:43:16.360+0000] {logging_mixin.py:190} INFO - [2026-01-04T12:43:16.360+0000] {dag.py:4180} INFO - Setting next_dagrun for example_branch_python_operator_decorator to 2026-01-03 00:00:00+00:00, run_after=2026-01-04 00:00:00+00:00
[2026-01-04T12:43:16.376+0000] {processor.py:208} INFO - Processing /workspaces/f1_data_team/venv/lib/python3.12/site-packages/airflow/example_dags/example_branch_operator_decorator.py took 0.077 seconds
[2026-01-04T12:44:10.716+0000] {processor.py:186} INFO - Started process (PID=37966) to work on /workspaces/f1_data_team/venv/lib/python3.12/site-packages/airflow/example_dags/example_branch_operator_decorator.py
[2026-01-04T12:44:10.716+0000] {processor.py:914} INFO - Processing file /workspaces/f1_data_team/venv/lib/python3.12/site-packages/airflow/example_dags/example_branch_operator_decorator.py for tasks to queue
[2026-01-04T12:44:10.718+0000] {logging_mixin.py:190} INFO - [2026-01-04T12:44:10.718+0000] {dagbag.py:588} INFO - Filling up the DagBag from /workspaces/f1_data_team/venv/lib/python3.12/site-packages/airflow/example_dags/example_branch_operator_decorator.py
[2026-01-04T12:44:10.735+0000] {processor.py:925} INFO - DAG(s) 'example_branch_python_operator_decorator' retrieved from /workspaces/f1_data_team/venv/lib/python3.12/site-packages/airflow/example_dags/example_branch_operator_decorator.py
[2026-01-04T12:44:10.753+0000] {logging_mixin.py:190} INFO - [2026-01-04T12:44:10.753+0000] {dag.py:3239} INFO - Sync 1 DAGs
[2026-01-04T12:44:10.770+0000] {logging_mixin.py:190} INFO - [2026-01-04T12:44:10.770+0000] {dag.py:4180} INFO - Setting next_dagrun for example_branch_python_operator_decorator to 2026-01-03 00:00:00+00:00, run_after=2026-01-04 00:00:00+00:00
[2026-01-04T12:44:10.784+0000] {processor.py:208} INFO - Processing /workspaces/f1_data_team/venv/lib/python3.12/site-packages/airflow/example_dags/example_branch_operator_decorator.py took 0.073 seconds
[2026-01-04T12:45:36.084+0000] {processor.py:186} INFO - Started process (PID=39457) to work on /workspaces/f1_data_team/venv/lib/python3.12/site-packages/airflow/example_dags/example_branch_operator_decorator.py
[2026-01-04T12:45:36.085+0000] {processor.py:914} INFO - Processing file /workspaces/f1_data_team/venv/lib/python3.12/site-packages/airflow/example_dags/example_branch_operator_decorator.py for tasks to queue
[2026-01-04T12:45:36.087+0000] {logging_mixin.py:190} INFO - [2026-01-04T12:45:36.086+0000] {dagbag.py:588} INFO - Filling up the DagBag from /workspaces/f1_data_team/venv/lib/python3.12/site-packages/airflow/example_dags/example_branch_operator_decorator.py
[2026-01-04T12:45:36.103+0000] {processor.py:925} INFO - DAG(s) 'example_branch_python_operator_decorator' retrieved from /workspaces/f1_data_team/venv/lib/python3.12/site-packages/airflow/example_dags/example_branch_operator_decorator.py
[2026-01-04T12:45:36.122+0000] {logging_mixin.py:190} INFO - [2026-01-04T12:45:36.122+0000] {dag.py:3239} INFO - Sync 1 DAGs
[2026-01-04T12:45:36.138+0000] {logging_mixin.py:190} INFO - [2026-01-04T12:45:36.138+0000] {dag.py:4180} INFO - Setting next_dagrun for example_branch_python_operator_decorator to 2026-01-03 00:00:00+00:00, run_after=2026-01-04 00:00:00+00:00
[2026-01-04T12:45:36.152+0000] {processor.py:208} INFO - Processing /workspaces/f1_data_team/venv/lib/python3.12/site-packages/airflow/example_dags/example_branch_operator_decorator.py took 0.073 seconds
[2026-01-04T12:46:32.347+0000] {processor.py:186} INFO - Started process (PID=40034) to work on /workspaces/f1_data_team/venv/lib/python3.12/site-packages/airflow/example_dags/example_branch_operator_decorator.py
[2026-01-04T12:46:32.348+0000] {processor.py:914} INFO - Processing file /workspaces/f1_data_team/venv/lib/python3.12/site-packages/airflow/example_dags/example_branch_operator_decorator.py for tasks to queue
[2026-01-04T12:46:32.350+0000] {logging_mixin.py:190} INFO - [2026-01-04T12:46:32.349+0000] {dagbag.py:588} INFO - Filling up the DagBag from /workspaces/f1_data_team/venv/lib/python3.12/site-packages/airflow/example_dags/example_branch_operator_decorator.py
[2026-01-04T12:46:32.367+0000] {processor.py:925} INFO - DAG(s) 'example_branch_python_operator_decorator' retrieved from /workspaces/f1_data_team/venv/lib/python3.12/site-packages/airflow/example_dags/example_branch_operator_decorator.py
[2026-01-04T12:46:32.385+0000] {logging_mixin.py:190} INFO - [2026-01-04T12:46:32.384+0000] {dag.py:3239} INFO - Sync 1 DAGs
[2026-01-04T12:46:32.401+0000] {logging_mixin.py:190} INFO - [2026-01-04T12:46:32.401+0000] {dag.py:4180} INFO - Setting next_dagrun for example_branch_python_operator_decorator to 2026-01-03 00:00:00+00:00, run_after=2026-01-04 00:00:00+00:00
[2026-01-04T12:46:32.416+0000] {processor.py:208} INFO - Processing /workspaces/f1_data_team/venv/lib/python3.12/site-packages/airflow/example_dags/example_branch_operator_decorator.py took 0.073 seconds
[2026-01-04T12:47:48.411+0000] {processor.py:186} INFO - Started process (PID=40742) to work on /workspaces/f1_data_team/venv/lib/python3.12/site-packages/airflow/example_dags/example_branch_operator_decorator.py
[2026-01-04T12:47:48.412+0000] {processor.py:914} INFO - Processing file /workspaces/f1_data_team/venv/lib/python3.12/site-packages/airflow/example_dags/example_branch_operator_decorator.py for tasks to queue
[2026-01-04T12:47:48.414+0000] {logging_mixin.py:190} INFO - [2026-01-04T12:47:48.413+0000] {dagbag.py:588} INFO - Filling up the DagBag from /workspaces/f1_data_team/venv/lib/python3.12/site-packages/airflow/example_dags/example_branch_operator_decorator.py
[2026-01-04T12:47:48.431+0000] {processor.py:925} INFO - DAG(s) 'example_branch_python_operator_decorator' retrieved from /workspaces/f1_data_team/venv/lib/python3.12/site-packages/airflow/example_dags/example_branch_operator_decorator.py
[2026-01-04T12:47:48.450+0000] {logging_mixin.py:190} INFO - [2026-01-04T12:47:48.449+0000] {dag.py:3239} INFO - Sync 1 DAGs
[2026-01-04T12:47:48.465+0000] {logging_mixin.py:190} INFO - [2026-01-04T12:47:48.465+0000] {dag.py:4180} INFO - Setting next_dagrun for example_branch_python_operator_decorator to 2026-01-03 00:00:00+00:00, run_after=2026-01-04 00:00:00+00:00
[2026-01-04T12:47:48.482+0000] {processor.py:208} INFO - Processing /workspaces/f1_data_team/venv/lib/python3.12/site-packages/airflow/example_dags/example_branch_operator_decorator.py took 0.075 seconds
[2026-01-04T12:49:24.284+0000] {processor.py:186} INFO - Started process (PID=42275) to work on /workspaces/f1_data_team/venv/lib/python3.12/site-packages/airflow/example_dags/example_branch_operator_decorator.py
[2026-01-04T12:49:24.285+0000] {processor.py:914} INFO - Processing file /workspaces/f1_data_team/venv/lib/python3.12/site-packages/airflow/example_dags/example_branch_operator_decorator.py for tasks to queue
[2026-01-04T12:49:24.287+0000] {logging_mixin.py:190} INFO - [2026-01-04T12:49:24.287+0000] {dagbag.py:588} INFO - Filling up the DagBag from /workspaces/f1_data_team/venv/lib/python3.12/site-packages/airflow/example_dags/example_branch_operator_decorator.py
[2026-01-04T12:49:24.304+0000] {processor.py:925} INFO - DAG(s) 'example_branch_python_operator_decorator' retrieved from /workspaces/f1_data_team/venv/lib/python3.12/site-packages/airflow/example_dags/example_branch_operator_decorator.py
[2026-01-04T12:49:24.381+0000] {logging_mixin.py:190} INFO - [2026-01-04T12:49:24.381+0000] {dag.py:3239} INFO - Sync 1 DAGs
[2026-01-04T12:49:24.396+0000] {logging_mixin.py:190} INFO - [2026-01-04T12:49:24.395+0000] {dag.py:4180} INFO - Setting next_dagrun for example_branch_python_operator_decorator to 2026-01-03 00:00:00+00:00, run_after=2026-01-04 00:00:00+00:00
[2026-01-04T12:49:24.411+0000] {processor.py:208} INFO - Processing /workspaces/f1_data_team/venv/lib/python3.12/site-packages/airflow/example_dags/example_branch_operator_decorator.py took 0.131 seconds
[2026-01-04T12:50:21.508+0000] {processor.py:186} INFO - Started process (PID=42816) to work on /workspaces/f1_data_team/venv/lib/python3.12/site-packages/airflow/example_dags/example_branch_operator_decorator.py
[2026-01-04T12:50:21.508+0000] {processor.py:914} INFO - Processing file /workspaces/f1_data_team/venv/lib/python3.12/site-packages/airflow/example_dags/example_branch_operator_decorator.py for tasks to queue
[2026-01-04T12:50:21.510+0000] {logging_mixin.py:190} INFO - [2026-01-04T12:50:21.510+0000] {dagbag.py:588} INFO - Filling up the DagBag from /workspaces/f1_data_team/venv/lib/python3.12/site-packages/airflow/example_dags/example_branch_operator_decorator.py
[2026-01-04T12:50:21.530+0000] {processor.py:925} INFO - DAG(s) 'example_branch_python_operator_decorator' retrieved from /workspaces/f1_data_team/venv/lib/python3.12/site-packages/airflow/example_dags/example_branch_operator_decorator.py
[2026-01-04T12:50:21.550+0000] {logging_mixin.py:190} INFO - [2026-01-04T12:50:21.549+0000] {dag.py:3239} INFO - Sync 1 DAGs
[2026-01-04T12:50:21.566+0000] {logging_mixin.py:190} INFO - [2026-01-04T12:50:21.566+0000] {dag.py:4180} INFO - Setting next_dagrun for example_branch_python_operator_decorator to 2026-01-03 00:00:00+00:00, run_after=2026-01-04 00:00:00+00:00
[2026-01-04T12:50:21.582+0000] {processor.py:208} INFO - Processing /workspaces/f1_data_team/venv/lib/python3.12/site-packages/airflow/example_dags/example_branch_operator_decorator.py took 0.080 seconds
[2026-01-04T12:51:59.361+0000] {processor.py:186} INFO - Started process (PID=44457) to work on /workspaces/f1_data_team/venv/lib/python3.12/site-packages/airflow/example_dags/example_branch_operator_decorator.py
[2026-01-04T12:51:59.362+0000] {processor.py:914} INFO - Processing file /workspaces/f1_data_team/venv/lib/python3.12/site-packages/airflow/example_dags/example_branch_operator_decorator.py for tasks to queue
[2026-01-04T12:51:59.364+0000] {logging_mixin.py:190} INFO - [2026-01-04T12:51:59.364+0000] {dagbag.py:588} INFO - Filling up the DagBag from /workspaces/f1_data_team/venv/lib/python3.12/site-packages/airflow/example_dags/example_branch_operator_decorator.py
[2026-01-04T12:51:59.395+0000] {processor.py:925} INFO - DAG(s) 'example_branch_python_operator_decorator' retrieved from /workspaces/f1_data_team/venv/lib/python3.12/site-packages/airflow/example_dags/example_branch_operator_decorator.py
[2026-01-04T12:51:59.507+0000] {logging_mixin.py:190} INFO - [2026-01-04T12:51:59.506+0000] {dag.py:3239} INFO - Sync 1 DAGs
[2026-01-04T12:51:59.520+0000] {logging_mixin.py:190} INFO - [2026-01-04T12:51:59.520+0000] {dag.py:4180} INFO - Setting next_dagrun for example_branch_python_operator_decorator to 2026-01-03 00:00:00+00:00, run_after=2026-01-04 00:00:00+00:00
[2026-01-04T12:51:59.535+0000] {processor.py:208} INFO - Processing /workspaces/f1_data_team/venv/lib/python3.12/site-packages/airflow/example_dags/example_branch_operator_decorator.py took 0.185 seconds
[2026-01-04T12:52:57.618+0000] {processor.py:186} INFO - Started process (PID=45255) to work on /workspaces/f1_data_team/venv/lib/python3.12/site-packages/airflow/example_dags/example_branch_operator_decorator.py
[2026-01-04T12:52:57.618+0000] {processor.py:914} INFO - Processing file /workspaces/f1_data_team/venv/lib/python3.12/site-packages/airflow/example_dags/example_branch_operator_decorator.py for tasks to queue
[2026-01-04T12:52:57.621+0000] {logging_mixin.py:190} INFO - [2026-01-04T12:52:57.621+0000] {dagbag.py:588} INFO - Filling up the DagBag from /workspaces/f1_data_team/venv/lib/python3.12/site-packages/airflow/example_dags/example_branch_operator_decorator.py
[2026-01-04T12:52:57.638+0000] {processor.py:925} INFO - DAG(s) 'example_branch_python_operator_decorator' retrieved from /workspaces/f1_data_team/venv/lib/python3.12/site-packages/airflow/example_dags/example_branch_operator_decorator.py
[2026-01-04T12:52:57.656+0000] {logging_mixin.py:190} INFO - [2026-01-04T12:52:57.656+0000] {dag.py:3239} INFO - Sync 1 DAGs
[2026-01-04T12:52:57.674+0000] {logging_mixin.py:190} INFO - [2026-01-04T12:52:57.673+0000] {dag.py:4180} INFO - Setting next_dagrun for example_branch_python_operator_decorator to 2026-01-03 00:00:00+00:00, run_after=2026-01-04 00:00:00+00:00
[2026-01-04T12:52:57.689+0000] {processor.py:208} INFO - Processing /workspaces/f1_data_team/venv/lib/python3.12/site-packages/airflow/example_dags/example_branch_operator_decorator.py took 0.077 seconds
[2026-01-04T12:53:52.474+0000] {processor.py:186} INFO - Started process (PID=46101) to work on /workspaces/f1_data_team/venv/lib/python3.12/site-packages/airflow/example_dags/example_branch_operator_decorator.py
[2026-01-04T12:53:52.475+0000] {processor.py:914} INFO - Processing file /workspaces/f1_data_team/venv/lib/python3.12/site-packages/airflow/example_dags/example_branch_operator_decorator.py for tasks to queue
[2026-01-04T12:53:52.477+0000] {logging_mixin.py:190} INFO - [2026-01-04T12:53:52.476+0000] {dagbag.py:588} INFO - Filling up the DagBag from /workspaces/f1_data_team/venv/lib/python3.12/site-packages/airflow/example_dags/example_branch_operator_decorator.py
[2026-01-04T12:53:52.497+0000] {processor.py:925} INFO - DAG(s) 'example_branch_python_operator_decorator' retrieved from /workspaces/f1_data_team/venv/lib/python3.12/site-packages/airflow/example_dags/example_branch_operator_decorator.py
[2026-01-04T12:53:52.528+0000] {logging_mixin.py:190} INFO - [2026-01-04T12:53:52.527+0000] {dag.py:3239} INFO - Sync 1 DAGs
[2026-01-04T12:53:52.559+0000] {logging_mixin.py:190} INFO - [2026-01-04T12:53:52.558+0000] {dag.py:4180} INFO - Setting next_dagrun for example_branch_python_operator_decorator to 2026-01-03 00:00:00+00:00, run_after=2026-01-04 00:00:00+00:00
[2026-01-04T12:53:52.580+0000] {processor.py:208} INFO - Processing /workspaces/f1_data_team/venv/lib/python3.12/site-packages/airflow/example_dags/example_branch_operator_decorator.py took 0.112 seconds
[2026-01-04T12:55:03.621+0000] {processor.py:186} INFO - Started process (PID=47313) to work on /workspaces/f1_data_team/venv/lib/python3.12/site-packages/airflow/example_dags/example_branch_operator_decorator.py
[2026-01-04T12:55:03.621+0000] {processor.py:914} INFO - Processing file /workspaces/f1_data_team/venv/lib/python3.12/site-packages/airflow/example_dags/example_branch_operator_decorator.py for tasks to queue
[2026-01-04T12:55:03.623+0000] {logging_mixin.py:190} INFO - [2026-01-04T12:55:03.623+0000] {dagbag.py:588} INFO - Filling up the DagBag from /workspaces/f1_data_team/venv/lib/python3.12/site-packages/airflow/example_dags/example_branch_operator_decorator.py
[2026-01-04T12:55:03.641+0000] {processor.py:925} INFO - DAG(s) 'example_branch_python_operator_decorator' retrieved from /workspaces/f1_data_team/venv/lib/python3.12/site-packages/airflow/example_dags/example_branch_operator_decorator.py
[2026-01-04T12:55:03.659+0000] {logging_mixin.py:190} INFO - [2026-01-04T12:55:03.659+0000] {dag.py:3239} INFO - Sync 1 DAGs
[2026-01-04T12:55:03.675+0000] {logging_mixin.py:190} INFO - [2026-01-04T12:55:03.675+0000] {dag.py:4180} INFO - Setting next_dagrun for example_branch_python_operator_decorator to 2026-01-03 00:00:00+00:00, run_after=2026-01-04 00:00:00+00:00
[2026-01-04T12:55:03.690+0000] {processor.py:208} INFO - Processing /workspaces/f1_data_team/venv/lib/python3.12/site-packages/airflow/example_dags/example_branch_operator_decorator.py took 0.074 seconds
[2026-01-04T12:56:10.428+0000] {processor.py:186} INFO - Started process (PID=48088) to work on /workspaces/f1_data_team/venv/lib/python3.12/site-packages/airflow/example_dags/example_branch_operator_decorator.py
[2026-01-04T12:56:10.429+0000] {processor.py:914} INFO - Processing file /workspaces/f1_data_team/venv/lib/python3.12/site-packages/airflow/example_dags/example_branch_operator_decorator.py for tasks to queue
[2026-01-04T12:56:10.431+0000] {logging_mixin.py:190} INFO - [2026-01-04T12:56:10.431+0000] {dagbag.py:588} INFO - Filling up the DagBag from /workspaces/f1_data_team/venv/lib/python3.12/site-packages/airflow/example_dags/example_branch_operator_decorator.py
[2026-01-04T12:56:10.448+0000] {processor.py:925} INFO - DAG(s) 'example_branch_python_operator_decorator' retrieved from /workspaces/f1_data_team/venv/lib/python3.12/site-packages/airflow/example_dags/example_branch_operator_decorator.py
[2026-01-04T12:56:10.466+0000] {logging_mixin.py:190} INFO - [2026-01-04T12:56:10.466+0000] {dag.py:3239} INFO - Sync 1 DAGs
[2026-01-04T12:56:10.482+0000] {logging_mixin.py:190} INFO - [2026-01-04T12:56:10.481+0000] {dag.py:4180} INFO - Setting next_dagrun for example_branch_python_operator_decorator to 2026-01-03 00:00:00+00:00, run_after=2026-01-04 00:00:00+00:00
[2026-01-04T12:56:10.496+0000] {processor.py:208} INFO - Processing /workspaces/f1_data_team/venv/lib/python3.12/site-packages/airflow/example_dags/example_branch_operator_decorator.py took 0.072 seconds
[2026-01-04T12:57:25.814+0000] {processor.py:186} INFO - Started process (PID=48776) to work on /workspaces/f1_data_team/venv/lib/python3.12/site-packages/airflow/example_dags/example_branch_operator_decorator.py
[2026-01-04T12:57:25.815+0000] {processor.py:914} INFO - Processing file /workspaces/f1_data_team/venv/lib/python3.12/site-packages/airflow/example_dags/example_branch_operator_decorator.py for tasks to queue
[2026-01-04T12:57:25.817+0000] {logging_mixin.py:190} INFO - [2026-01-04T12:57:25.817+0000] {dagbag.py:588} INFO - Filling up the DagBag from /workspaces/f1_data_team/venv/lib/python3.12/site-packages/airflow/example_dags/example_branch_operator_decorator.py
[2026-01-04T12:57:25.844+0000] {processor.py:925} INFO - DAG(s) 'example_branch_python_operator_decorator' retrieved from /workspaces/f1_data_team/venv/lib/python3.12/site-packages/airflow/example_dags/example_branch_operator_decorator.py
[2026-01-04T12:57:25.876+0000] {logging_mixin.py:190} INFO - [2026-01-04T12:57:25.875+0000] {dag.py:3239} INFO - Sync 1 DAGs
[2026-01-04T12:57:25.901+0000] {logging_mixin.py:190} INFO - [2026-01-04T12:57:25.901+0000] {dag.py:4180} INFO - Setting next_dagrun for example_branch_python_operator_decorator to 2026-01-03 00:00:00+00:00, run_after=2026-01-04 00:00:00+00:00
[2026-01-04T12:57:25.922+0000] {processor.py:208} INFO - Processing /workspaces/f1_data_team/venv/lib/python3.12/site-packages/airflow/example_dags/example_branch_operator_decorator.py took 0.116 seconds
[2026-01-04T12:58:44.613+0000] {processor.py:186} INFO - Started process (PID=49530) to work on /workspaces/f1_data_team/venv/lib/python3.12/site-packages/airflow/example_dags/example_branch_operator_decorator.py
[2026-01-04T12:58:44.614+0000] {processor.py:914} INFO - Processing file /workspaces/f1_data_team/venv/lib/python3.12/site-packages/airflow/example_dags/example_branch_operator_decorator.py for tasks to queue
[2026-01-04T12:58:44.616+0000] {logging_mixin.py:190} INFO - [2026-01-04T12:58:44.615+0000] {dagbag.py:588} INFO - Filling up the DagBag from /workspaces/f1_data_team/venv/lib/python3.12/site-packages/airflow/example_dags/example_branch_operator_decorator.py
[2026-01-04T12:58:44.632+0000] {processor.py:925} INFO - DAG(s) 'example_branch_python_operator_decorator' retrieved from /workspaces/f1_data_team/venv/lib/python3.12/site-packages/airflow/example_dags/example_branch_operator_decorator.py
[2026-01-04T12:58:44.650+0000] {logging_mixin.py:190} INFO - [2026-01-04T12:58:44.650+0000] {dag.py:3239} INFO - Sync 1 DAGs
[2026-01-04T12:58:44.666+0000] {logging_mixin.py:190} INFO - [2026-01-04T12:58:44.666+0000] {dag.py:4180} INFO - Setting next_dagrun for example_branch_python_operator_decorator to 2026-01-03 00:00:00+00:00, run_after=2026-01-04 00:00:00+00:00
[2026-01-04T12:58:44.681+0000] {processor.py:208} INFO - Processing /workspaces/f1_data_team/venv/lib/python3.12/site-packages/airflow/example_dags/example_branch_operator_decorator.py took 0.073 seconds
[2026-01-04T12:59:38.476+0000] {processor.py:186} INFO - Started process (PID=50085) to work on /workspaces/f1_data_team/venv/lib/python3.12/site-packages/airflow/example_dags/example_branch_operator_decorator.py
[2026-01-04T12:59:38.477+0000] {processor.py:914} INFO - Processing file /workspaces/f1_data_team/venv/lib/python3.12/site-packages/airflow/example_dags/example_branch_operator_decorator.py for tasks to queue
[2026-01-04T12:59:38.479+0000] {logging_mixin.py:190} INFO - [2026-01-04T12:59:38.479+0000] {dagbag.py:588} INFO - Filling up the DagBag from /workspaces/f1_data_team/venv/lib/python3.12/site-packages/airflow/example_dags/example_branch_operator_decorator.py
[2026-01-04T12:59:38.499+0000] {processor.py:925} INFO - DAG(s) 'example_branch_python_operator_decorator' retrieved from /workspaces/f1_data_team/venv/lib/python3.12/site-packages/airflow/example_dags/example_branch_operator_decorator.py
[2026-01-04T12:59:38.517+0000] {logging_mixin.py:190} INFO - [2026-01-04T12:59:38.516+0000] {dag.py:3239} INFO - Sync 1 DAGs
[2026-01-04T12:59:38.533+0000] {logging_mixin.py:190} INFO - [2026-01-04T12:59:38.533+0000] {dag.py:4180} INFO - Setting next_dagrun for example_branch_python_operator_decorator to 2026-01-03 00:00:00+00:00, run_after=2026-01-04 00:00:00+00:00
[2026-01-04T12:59:38.547+0000] {processor.py:208} INFO - Processing /workspaces/f1_data_team/venv/lib/python3.12/site-packages/airflow/example_dags/example_branch_operator_decorator.py took 0.075 seconds
[2026-01-04T13:00:33.157+0000] {processor.py:186} INFO - Started process (PID=50692) to work on /workspaces/f1_data_team/venv/lib/python3.12/site-packages/airflow/example_dags/example_branch_operator_decorator.py
[2026-01-04T13:00:33.158+0000] {processor.py:914} INFO - Processing file /workspaces/f1_data_team/venv/lib/python3.12/site-packages/airflow/example_dags/example_branch_operator_decorator.py for tasks to queue
[2026-01-04T13:00:33.159+0000] {logging_mixin.py:190} INFO - [2026-01-04T13:00:33.159+0000] {dagbag.py:588} INFO - Filling up the DagBag from /workspaces/f1_data_team/venv/lib/python3.12/site-packages/airflow/example_dags/example_branch_operator_decorator.py
[2026-01-04T13:00:33.177+0000] {processor.py:925} INFO - DAG(s) 'example_branch_python_operator_decorator' retrieved from /workspaces/f1_data_team/venv/lib/python3.12/site-packages/airflow/example_dags/example_branch_operator_decorator.py
[2026-01-04T13:00:33.195+0000] {logging_mixin.py:190} INFO - [2026-01-04T13:00:33.195+0000] {dag.py:3239} INFO - Sync 1 DAGs
[2026-01-04T13:00:33.210+0000] {logging_mixin.py:190} INFO - [2026-01-04T13:00:33.210+0000] {dag.py:4180} INFO - Setting next_dagrun for example_branch_python_operator_decorator to 2026-01-03 00:00:00+00:00, run_after=2026-01-04 00:00:00+00:00
[2026-01-04T13:00:33.225+0000] {processor.py:208} INFO - Processing /workspaces/f1_data_team/venv/lib/python3.12/site-packages/airflow/example_dags/example_branch_operator_decorator.py took 0.072 seconds
[2026-01-04T13:01:25.248+0000] {processor.py:186} INFO - Started process (PID=51322) to work on /workspaces/f1_data_team/venv/lib/python3.12/site-packages/airflow/example_dags/example_branch_operator_decorator.py
[2026-01-04T13:01:25.248+0000] {processor.py:914} INFO - Processing file /workspaces/f1_data_team/venv/lib/python3.12/site-packages/airflow/example_dags/example_branch_operator_decorator.py for tasks to queue
[2026-01-04T13:01:25.250+0000] {logging_mixin.py:190} INFO - [2026-01-04T13:01:25.250+0000] {dagbag.py:588} INFO - Filling up the DagBag from /workspaces/f1_data_team/venv/lib/python3.12/site-packages/airflow/example_dags/example_branch_operator_decorator.py
[2026-01-04T13:01:25.267+0000] {processor.py:925} INFO - DAG(s) 'example_branch_python_operator_decorator' retrieved from /workspaces/f1_data_team/venv/lib/python3.12/site-packages/airflow/example_dags/example_branch_operator_decorator.py
[2026-01-04T13:01:25.285+0000] {logging_mixin.py:190} INFO - [2026-01-04T13:01:25.285+0000] {dag.py:3239} INFO - Sync 1 DAGs
[2026-01-04T13:01:25.301+0000] {logging_mixin.py:190} INFO - [2026-01-04T13:01:25.301+0000] {dag.py:4180} INFO - Setting next_dagrun for example_branch_python_operator_decorator to 2026-01-03 00:00:00+00:00, run_after=2026-01-04 00:00:00+00:00
[2026-01-04T13:01:25.316+0000] {processor.py:208} INFO - Processing /workspaces/f1_data_team/venv/lib/python3.12/site-packages/airflow/example_dags/example_branch_operator_decorator.py took 0.074 seconds
