[2026-01-04T12:26:49.154+0000] {processor.py:186} INFO - Started process (PID=24565) to work on /workspaces/f1_data_team/venv/lib/python3.12/site-packages/airflow/example_dags/example_task_group.py
[2026-01-04T12:26:49.155+0000] {processor.py:914} INFO - Processing file /workspaces/f1_data_team/venv/lib/python3.12/site-packages/airflow/example_dags/example_task_group.py for tasks to queue
[2026-01-04T12:26:49.156+0000] {logging_mixin.py:190} INFO - [2026-01-04T12:26:49.156+0000] {dagbag.py:588} INFO - Filling up the DagBag from /workspaces/f1_data_team/venv/lib/python3.12/site-packages/airflow/example_dags/example_task_group.py
[2026-01-04T12:26:49.164+0000] {processor.py:925} INFO - DAG(s) 'example_task_group' retrieved from /workspaces/f1_data_team/venv/lib/python3.12/site-packages/airflow/example_dags/example_task_group.py
[2026-01-04T12:26:49.245+0000] {logging_mixin.py:190} INFO - [2026-01-04T12:26:49.244+0000] {override.py:1911} INFO - Created Permission View: can read on DAG:example_task_group
[2026-01-04T12:26:49.253+0000] {logging_mixin.py:190} INFO - [2026-01-04T12:26:49.252+0000] {override.py:1911} INFO - Created Permission View: can edit on DAG:example_task_group
[2026-01-04T12:26:49.258+0000] {logging_mixin.py:190} INFO - [2026-01-04T12:26:49.257+0000] {override.py:1911} INFO - Created Permission View: can delete on DAG:example_task_group
[2026-01-04T12:26:49.265+0000] {logging_mixin.py:190} INFO - [2026-01-04T12:26:49.265+0000] {override.py:1911} INFO - Created Permission View: can read on DAG Run:example_task_group
[2026-01-04T12:26:49.270+0000] {logging_mixin.py:190} INFO - [2026-01-04T12:26:49.270+0000] {override.py:1911} INFO - Created Permission View: menu access on DAG Run:example_task_group
[2026-01-04T12:26:49.275+0000] {logging_mixin.py:190} INFO - [2026-01-04T12:26:49.275+0000] {override.py:1911} INFO - Created Permission View: can create on DAG Run:example_task_group
[2026-01-04T12:26:49.281+0000] {logging_mixin.py:190} INFO - [2026-01-04T12:26:49.280+0000] {override.py:1911} INFO - Created Permission View: can delete on DAG Run:example_task_group
[2026-01-04T12:26:49.281+0000] {logging_mixin.py:190} INFO - [2026-01-04T12:26:49.281+0000] {dag.py:3239} INFO - Sync 1 DAGs
[2026-01-04T12:26:49.289+0000] {logging_mixin.py:190} INFO - [2026-01-04T12:26:49.289+0000] {dag.py:3262} INFO - Creating ORM DAG for example_task_group
[2026-01-04T12:26:49.289+0000] {logging_mixin.py:190} INFO - [2026-01-04T12:26:49.289+0000] {dag.py:4180} INFO - Setting next_dagrun for example_task_group to None, run_after=None
[2026-01-04T12:26:49.302+0000] {processor.py:208} INFO - Processing /workspaces/f1_data_team/venv/lib/python3.12/site-packages/airflow/example_dags/example_task_group.py took 0.152 seconds
[2026-01-04T12:27:51.409+0000] {processor.py:186} INFO - Started process (PID=25115) to work on /workspaces/f1_data_team/venv/lib/python3.12/site-packages/airflow/example_dags/example_task_group.py
[2026-01-04T12:27:51.410+0000] {processor.py:914} INFO - Processing file /workspaces/f1_data_team/venv/lib/python3.12/site-packages/airflow/example_dags/example_task_group.py for tasks to queue
[2026-01-04T12:27:51.412+0000] {logging_mixin.py:190} INFO - [2026-01-04T12:27:51.411+0000] {dagbag.py:588} INFO - Filling up the DagBag from /workspaces/f1_data_team/venv/lib/python3.12/site-packages/airflow/example_dags/example_task_group.py
[2026-01-04T12:27:51.419+0000] {processor.py:925} INFO - DAG(s) 'example_task_group' retrieved from /workspaces/f1_data_team/venv/lib/python3.12/site-packages/airflow/example_dags/example_task_group.py
[2026-01-04T12:27:51.431+0000] {logging_mixin.py:190} INFO - [2026-01-04T12:27:51.431+0000] {dag.py:3239} INFO - Sync 1 DAGs
[2026-01-04T12:27:51.442+0000] {logging_mixin.py:190} INFO - [2026-01-04T12:27:51.442+0000] {dag.py:4180} INFO - Setting next_dagrun for example_task_group to None, run_after=None
[2026-01-04T12:27:51.460+0000] {processor.py:208} INFO - Processing /workspaces/f1_data_team/venv/lib/python3.12/site-packages/airflow/example_dags/example_task_group.py took 0.056 seconds
[2026-01-04T12:28:48.110+0000] {processor.py:186} INFO - Started process (PID=25625) to work on /workspaces/f1_data_team/venv/lib/python3.12/site-packages/airflow/example_dags/example_task_group.py
[2026-01-04T12:28:48.111+0000] {processor.py:914} INFO - Processing file /workspaces/f1_data_team/venv/lib/python3.12/site-packages/airflow/example_dags/example_task_group.py for tasks to queue
[2026-01-04T12:28:48.114+0000] {logging_mixin.py:190} INFO - [2026-01-04T12:28:48.113+0000] {dagbag.py:588} INFO - Filling up the DagBag from /workspaces/f1_data_team/venv/lib/python3.12/site-packages/airflow/example_dags/example_task_group.py
[2026-01-04T12:28:48.121+0000] {processor.py:925} INFO - DAG(s) 'example_task_group' retrieved from /workspaces/f1_data_team/venv/lib/python3.12/site-packages/airflow/example_dags/example_task_group.py
[2026-01-04T12:28:48.133+0000] {logging_mixin.py:190} INFO - [2026-01-04T12:28:48.133+0000] {dag.py:3239} INFO - Sync 1 DAGs
[2026-01-04T12:28:48.142+0000] {logging_mixin.py:190} INFO - [2026-01-04T12:28:48.142+0000] {dag.py:4180} INFO - Setting next_dagrun for example_task_group to None, run_after=None
[2026-01-04T12:28:48.158+0000] {processor.py:208} INFO - Processing /workspaces/f1_data_team/venv/lib/python3.12/site-packages/airflow/example_dags/example_task_group.py took 0.053 seconds
[2026-01-04T12:29:46.708+0000] {processor.py:186} INFO - Started process (PID=26891) to work on /workspaces/f1_data_team/venv/lib/python3.12/site-packages/airflow/example_dags/example_task_group.py
[2026-01-04T12:29:46.709+0000] {processor.py:914} INFO - Processing file /workspaces/f1_data_team/venv/lib/python3.12/site-packages/airflow/example_dags/example_task_group.py for tasks to queue
[2026-01-04T12:29:46.711+0000] {logging_mixin.py:190} INFO - [2026-01-04T12:29:46.710+0000] {dagbag.py:588} INFO - Filling up the DagBag from /workspaces/f1_data_team/venv/lib/python3.12/site-packages/airflow/example_dags/example_task_group.py
[2026-01-04T12:29:46.717+0000] {processor.py:925} INFO - DAG(s) 'example_task_group' retrieved from /workspaces/f1_data_team/venv/lib/python3.12/site-packages/airflow/example_dags/example_task_group.py
[2026-01-04T12:29:46.730+0000] {logging_mixin.py:190} INFO - [2026-01-04T12:29:46.730+0000] {dag.py:3239} INFO - Sync 1 DAGs
[2026-01-04T12:29:46.739+0000] {logging_mixin.py:190} INFO - [2026-01-04T12:29:46.739+0000] {dag.py:4180} INFO - Setting next_dagrun for example_task_group to None, run_after=None
[2026-01-04T12:29:46.766+0000] {processor.py:208} INFO - Processing /workspaces/f1_data_team/venv/lib/python3.12/site-packages/airflow/example_dags/example_task_group.py took 0.064 seconds
[2026-01-04T12:30:29.610+0000] {processor.py:186} INFO - Started process (PID=27537) to work on /workspaces/f1_data_team/venv/lib/python3.12/site-packages/airflow/example_dags/example_task_group.py
[2026-01-04T12:30:29.611+0000] {processor.py:914} INFO - Processing file /workspaces/f1_data_team/venv/lib/python3.12/site-packages/airflow/example_dags/example_task_group.py for tasks to queue
[2026-01-04T12:30:29.613+0000] {logging_mixin.py:190} INFO - [2026-01-04T12:30:29.613+0000] {dagbag.py:588} INFO - Filling up the DagBag from /workspaces/f1_data_team/venv/lib/python3.12/site-packages/airflow/example_dags/example_task_group.py
[2026-01-04T12:30:29.620+0000] {processor.py:925} INFO - DAG(s) 'example_task_group' retrieved from /workspaces/f1_data_team/venv/lib/python3.12/site-packages/airflow/example_dags/example_task_group.py
[2026-01-04T12:30:29.635+0000] {logging_mixin.py:190} INFO - [2026-01-04T12:30:29.635+0000] {dag.py:3239} INFO - Sync 1 DAGs
[2026-01-04T12:30:29.644+0000] {logging_mixin.py:190} INFO - [2026-01-04T12:30:29.644+0000] {dag.py:4180} INFO - Setting next_dagrun for example_task_group to None, run_after=None
[2026-01-04T12:30:29.659+0000] {processor.py:208} INFO - Processing /workspaces/f1_data_team/venv/lib/python3.12/site-packages/airflow/example_dags/example_task_group.py took 0.053 seconds
[2026-01-04T12:31:28.262+0000] {processor.py:186} INFO - Started process (PID=28573) to work on /workspaces/f1_data_team/venv/lib/python3.12/site-packages/airflow/example_dags/example_task_group.py
[2026-01-04T12:31:28.263+0000] {processor.py:914} INFO - Processing file /workspaces/f1_data_team/venv/lib/python3.12/site-packages/airflow/example_dags/example_task_group.py for tasks to queue
[2026-01-04T12:31:28.265+0000] {logging_mixin.py:190} INFO - [2026-01-04T12:31:28.264+0000] {dagbag.py:588} INFO - Filling up the DagBag from /workspaces/f1_data_team/venv/lib/python3.12/site-packages/airflow/example_dags/example_task_group.py
[2026-01-04T12:31:28.272+0000] {processor.py:925} INFO - DAG(s) 'example_task_group' retrieved from /workspaces/f1_data_team/venv/lib/python3.12/site-packages/airflow/example_dags/example_task_group.py
[2026-01-04T12:31:28.286+0000] {logging_mixin.py:190} INFO - [2026-01-04T12:31:28.285+0000] {dag.py:3239} INFO - Sync 1 DAGs
[2026-01-04T12:31:28.296+0000] {logging_mixin.py:190} INFO - [2026-01-04T12:31:28.296+0000] {dag.py:4180} INFO - Setting next_dagrun for example_task_group to None, run_after=None
[2026-01-04T12:31:28.310+0000] {processor.py:208} INFO - Processing /workspaces/f1_data_team/venv/lib/python3.12/site-packages/airflow/example_dags/example_task_group.py took 0.054 seconds
[2026-01-04T12:32:36.622+0000] {processor.py:186} INFO - Started process (PID=29647) to work on /workspaces/f1_data_team/venv/lib/python3.12/site-packages/airflow/example_dags/example_task_group.py
[2026-01-04T12:32:36.623+0000] {processor.py:914} INFO - Processing file /workspaces/f1_data_team/venv/lib/python3.12/site-packages/airflow/example_dags/example_task_group.py for tasks to queue
[2026-01-04T12:32:36.625+0000] {logging_mixin.py:190} INFO - [2026-01-04T12:32:36.625+0000] {dagbag.py:588} INFO - Filling up the DagBag from /workspaces/f1_data_team/venv/lib/python3.12/site-packages/airflow/example_dags/example_task_group.py
[2026-01-04T12:32:36.634+0000] {processor.py:925} INFO - DAG(s) 'example_task_group' retrieved from /workspaces/f1_data_team/venv/lib/python3.12/site-packages/airflow/example_dags/example_task_group.py
[2026-01-04T12:32:36.648+0000] {logging_mixin.py:190} INFO - [2026-01-04T12:32:36.648+0000] {dag.py:3239} INFO - Sync 1 DAGs
[2026-01-04T12:32:36.658+0000] {logging_mixin.py:190} INFO - [2026-01-04T12:32:36.658+0000] {dag.py:4180} INFO - Setting next_dagrun for example_task_group to None, run_after=None
[2026-01-04T12:32:36.673+0000] {processor.py:208} INFO - Processing /workspaces/f1_data_team/venv/lib/python3.12/site-packages/airflow/example_dags/example_task_group.py took 0.055 seconds
[2026-01-04T12:33:35.828+0000] {processor.py:186} INFO - Started process (PID=30619) to work on /workspaces/f1_data_team/venv/lib/python3.12/site-packages/airflow/example_dags/example_task_group.py
[2026-01-04T12:33:35.828+0000] {processor.py:914} INFO - Processing file /workspaces/f1_data_team/venv/lib/python3.12/site-packages/airflow/example_dags/example_task_group.py for tasks to queue
[2026-01-04T12:33:35.830+0000] {logging_mixin.py:190} INFO - [2026-01-04T12:33:35.830+0000] {dagbag.py:588} INFO - Filling up the DagBag from /workspaces/f1_data_team/venv/lib/python3.12/site-packages/airflow/example_dags/example_task_group.py
[2026-01-04T12:33:35.837+0000] {processor.py:925} INFO - DAG(s) 'example_task_group' retrieved from /workspaces/f1_data_team/venv/lib/python3.12/site-packages/airflow/example_dags/example_task_group.py
[2026-01-04T12:33:35.850+0000] {logging_mixin.py:190} INFO - [2026-01-04T12:33:35.850+0000] {dag.py:3239} INFO - Sync 1 DAGs
[2026-01-04T12:33:35.860+0000] {logging_mixin.py:190} INFO - [2026-01-04T12:33:35.859+0000] {dag.py:4180} INFO - Setting next_dagrun for example_task_group to None, run_after=None
[2026-01-04T12:33:35.874+0000] {processor.py:208} INFO - Processing /workspaces/f1_data_team/venv/lib/python3.12/site-packages/airflow/example_dags/example_task_group.py took 0.051 seconds
[2026-01-04T12:34:32.662+0000] {processor.py:186} INFO - Started process (PID=31104) to work on /workspaces/f1_data_team/venv/lib/python3.12/site-packages/airflow/example_dags/example_task_group.py
[2026-01-04T12:34:32.663+0000] {processor.py:914} INFO - Processing file /workspaces/f1_data_team/venv/lib/python3.12/site-packages/airflow/example_dags/example_task_group.py for tasks to queue
[2026-01-04T12:34:32.666+0000] {logging_mixin.py:190} INFO - [2026-01-04T12:34:32.665+0000] {dagbag.py:588} INFO - Filling up the DagBag from /workspaces/f1_data_team/venv/lib/python3.12/site-packages/airflow/example_dags/example_task_group.py
[2026-01-04T12:34:32.673+0000] {processor.py:925} INFO - DAG(s) 'example_task_group' retrieved from /workspaces/f1_data_team/venv/lib/python3.12/site-packages/airflow/example_dags/example_task_group.py
[2026-01-04T12:34:32.693+0000] {logging_mixin.py:190} INFO - [2026-01-04T12:34:32.693+0000] {dag.py:3239} INFO - Sync 1 DAGs
[2026-01-04T12:34:32.709+0000] {logging_mixin.py:190} INFO - [2026-01-04T12:34:32.709+0000] {dag.py:4180} INFO - Setting next_dagrun for example_task_group to None, run_after=None
[2026-01-04T12:34:32.723+0000] {processor.py:208} INFO - Processing /workspaces/f1_data_team/venv/lib/python3.12/site-packages/airflow/example_dags/example_task_group.py took 0.067 seconds
[2026-01-04T12:35:22.920+0000] {processor.py:186} INFO - Started process (PID=31620) to work on /workspaces/f1_data_team/venv/lib/python3.12/site-packages/airflow/example_dags/example_task_group.py
[2026-01-04T12:35:22.921+0000] {processor.py:914} INFO - Processing file /workspaces/f1_data_team/venv/lib/python3.12/site-packages/airflow/example_dags/example_task_group.py for tasks to queue
[2026-01-04T12:35:22.923+0000] {logging_mixin.py:190} INFO - [2026-01-04T12:35:22.923+0000] {dagbag.py:588} INFO - Filling up the DagBag from /workspaces/f1_data_team/venv/lib/python3.12/site-packages/airflow/example_dags/example_task_group.py
[2026-01-04T12:35:22.930+0000] {processor.py:925} INFO - DAG(s) 'example_task_group' retrieved from /workspaces/f1_data_team/venv/lib/python3.12/site-packages/airflow/example_dags/example_task_group.py
[2026-01-04T12:35:22.943+0000] {logging_mixin.py:190} INFO - [2026-01-04T12:35:22.943+0000] {dag.py:3239} INFO - Sync 1 DAGs
[2026-01-04T12:35:22.954+0000] {logging_mixin.py:190} INFO - [2026-01-04T12:35:22.954+0000] {dag.py:4180} INFO - Setting next_dagrun for example_task_group to None, run_after=None
[2026-01-04T12:35:22.970+0000] {processor.py:208} INFO - Processing /workspaces/f1_data_team/venv/lib/python3.12/site-packages/airflow/example_dags/example_task_group.py took 0.055 seconds
[2026-01-04T12:36:14.872+0000] {processor.py:186} INFO - Started process (PID=32211) to work on /workspaces/f1_data_team/venv/lib/python3.12/site-packages/airflow/example_dags/example_task_group.py
[2026-01-04T12:36:14.872+0000] {processor.py:914} INFO - Processing file /workspaces/f1_data_team/venv/lib/python3.12/site-packages/airflow/example_dags/example_task_group.py for tasks to queue
[2026-01-04T12:36:14.875+0000] {logging_mixin.py:190} INFO - [2026-01-04T12:36:14.874+0000] {dagbag.py:588} INFO - Filling up the DagBag from /workspaces/f1_data_team/venv/lib/python3.12/site-packages/airflow/example_dags/example_task_group.py
[2026-01-04T12:36:14.882+0000] {processor.py:925} INFO - DAG(s) 'example_task_group' retrieved from /workspaces/f1_data_team/venv/lib/python3.12/site-packages/airflow/example_dags/example_task_group.py
[2026-01-04T12:36:14.895+0000] {logging_mixin.py:190} INFO - [2026-01-04T12:36:14.894+0000] {dag.py:3239} INFO - Sync 1 DAGs
[2026-01-04T12:36:14.904+0000] {logging_mixin.py:190} INFO - [2026-01-04T12:36:14.904+0000] {dag.py:4180} INFO - Setting next_dagrun for example_task_group to None, run_after=None
[2026-01-04T12:36:14.919+0000] {processor.py:208} INFO - Processing /workspaces/f1_data_team/venv/lib/python3.12/site-packages/airflow/example_dags/example_task_group.py took 0.052 seconds
[2026-01-04T12:37:07.407+0000] {processor.py:186} INFO - Started process (PID=32683) to work on /workspaces/f1_data_team/venv/lib/python3.12/site-packages/airflow/example_dags/example_task_group.py
[2026-01-04T12:37:07.408+0000] {processor.py:914} INFO - Processing file /workspaces/f1_data_team/venv/lib/python3.12/site-packages/airflow/example_dags/example_task_group.py for tasks to queue
[2026-01-04T12:37:07.410+0000] {logging_mixin.py:190} INFO - [2026-01-04T12:37:07.410+0000] {dagbag.py:588} INFO - Filling up the DagBag from /workspaces/f1_data_team/venv/lib/python3.12/site-packages/airflow/example_dags/example_task_group.py
[2026-01-04T12:37:07.417+0000] {processor.py:925} INFO - DAG(s) 'example_task_group' retrieved from /workspaces/f1_data_team/venv/lib/python3.12/site-packages/airflow/example_dags/example_task_group.py
[2026-01-04T12:37:07.430+0000] {logging_mixin.py:190} INFO - [2026-01-04T12:37:07.430+0000] {dag.py:3239} INFO - Sync 1 DAGs
[2026-01-04T12:37:07.439+0000] {logging_mixin.py:190} INFO - [2026-01-04T12:37:07.439+0000] {dag.py:4180} INFO - Setting next_dagrun for example_task_group to None, run_after=None
[2026-01-04T12:37:07.455+0000] {processor.py:208} INFO - Processing /workspaces/f1_data_team/venv/lib/python3.12/site-packages/airflow/example_dags/example_task_group.py took 0.053 seconds
[2026-01-04T12:38:01.124+0000] {processor.py:186} INFO - Started process (PID=33616) to work on /workspaces/f1_data_team/venv/lib/python3.12/site-packages/airflow/example_dags/example_task_group.py
[2026-01-04T12:38:01.125+0000] {processor.py:914} INFO - Processing file /workspaces/f1_data_team/venv/lib/python3.12/site-packages/airflow/example_dags/example_task_group.py for tasks to queue
[2026-01-04T12:38:01.127+0000] {logging_mixin.py:190} INFO - [2026-01-04T12:38:01.127+0000] {dagbag.py:588} INFO - Filling up the DagBag from /workspaces/f1_data_team/venv/lib/python3.12/site-packages/airflow/example_dags/example_task_group.py
[2026-01-04T12:38:01.135+0000] {processor.py:925} INFO - DAG(s) 'example_task_group' retrieved from /workspaces/f1_data_team/venv/lib/python3.12/site-packages/airflow/example_dags/example_task_group.py
[2026-01-04T12:38:01.148+0000] {logging_mixin.py:190} INFO - [2026-01-04T12:38:01.147+0000] {dag.py:3239} INFO - Sync 1 DAGs
[2026-01-04T12:38:01.157+0000] {logging_mixin.py:190} INFO - [2026-01-04T12:38:01.157+0000] {dag.py:4180} INFO - Setting next_dagrun for example_task_group to None, run_after=None
[2026-01-04T12:38:01.172+0000] {processor.py:208} INFO - Processing /workspaces/f1_data_team/venv/lib/python3.12/site-packages/airflow/example_dags/example_task_group.py took 0.052 seconds
[2026-01-04T12:38:53.338+0000] {processor.py:186} INFO - Started process (PID=34088) to work on /workspaces/f1_data_team/venv/lib/python3.12/site-packages/airflow/example_dags/example_task_group.py
[2026-01-04T12:38:53.339+0000] {processor.py:914} INFO - Processing file /workspaces/f1_data_team/venv/lib/python3.12/site-packages/airflow/example_dags/example_task_group.py for tasks to queue
[2026-01-04T12:38:53.341+0000] {logging_mixin.py:190} INFO - [2026-01-04T12:38:53.340+0000] {dagbag.py:588} INFO - Filling up the DagBag from /workspaces/f1_data_team/venv/lib/python3.12/site-packages/airflow/example_dags/example_task_group.py
[2026-01-04T12:38:53.350+0000] {processor.py:925} INFO - DAG(s) 'example_task_group' retrieved from /workspaces/f1_data_team/venv/lib/python3.12/site-packages/airflow/example_dags/example_task_group.py
[2026-01-04T12:38:53.363+0000] {logging_mixin.py:190} INFO - [2026-01-04T12:38:53.363+0000] {dag.py:3239} INFO - Sync 1 DAGs
[2026-01-04T12:38:53.373+0000] {logging_mixin.py:190} INFO - [2026-01-04T12:38:53.373+0000] {dag.py:4180} INFO - Setting next_dagrun for example_task_group to None, run_after=None
[2026-01-04T12:38:53.388+0000] {processor.py:208} INFO - Processing /workspaces/f1_data_team/venv/lib/python3.12/site-packages/airflow/example_dags/example_task_group.py took 0.055 seconds
[2026-01-04T12:39:47.557+0000] {processor.py:186} INFO - Started process (PID=34592) to work on /workspaces/f1_data_team/venv/lib/python3.12/site-packages/airflow/example_dags/example_task_group.py
[2026-01-04T12:39:47.558+0000] {processor.py:914} INFO - Processing file /workspaces/f1_data_team/venv/lib/python3.12/site-packages/airflow/example_dags/example_task_group.py for tasks to queue
[2026-01-04T12:39:47.560+0000] {logging_mixin.py:190} INFO - [2026-01-04T12:39:47.560+0000] {dagbag.py:588} INFO - Filling up the DagBag from /workspaces/f1_data_team/venv/lib/python3.12/site-packages/airflow/example_dags/example_task_group.py
[2026-01-04T12:39:47.568+0000] {processor.py:925} INFO - DAG(s) 'example_task_group' retrieved from /workspaces/f1_data_team/venv/lib/python3.12/site-packages/airflow/example_dags/example_task_group.py
[2026-01-04T12:39:47.581+0000] {logging_mixin.py:190} INFO - [2026-01-04T12:39:47.581+0000] {dag.py:3239} INFO - Sync 1 DAGs
[2026-01-04T12:39:47.590+0000] {logging_mixin.py:190} INFO - [2026-01-04T12:39:47.590+0000] {dag.py:4180} INFO - Setting next_dagrun for example_task_group to None, run_after=None
[2026-01-04T12:39:47.605+0000] {processor.py:208} INFO - Processing /workspaces/f1_data_team/venv/lib/python3.12/site-packages/airflow/example_dags/example_task_group.py took 0.053 seconds
[2026-01-04T12:40:41.115+0000] {processor.py:186} INFO - Started process (PID=35146) to work on /workspaces/f1_data_team/venv/lib/python3.12/site-packages/airflow/example_dags/example_task_group.py
[2026-01-04T12:40:41.115+0000] {processor.py:914} INFO - Processing file /workspaces/f1_data_team/venv/lib/python3.12/site-packages/airflow/example_dags/example_task_group.py for tasks to queue
[2026-01-04T12:40:41.118+0000] {logging_mixin.py:190} INFO - [2026-01-04T12:40:41.117+0000] {dagbag.py:588} INFO - Filling up the DagBag from /workspaces/f1_data_team/venv/lib/python3.12/site-packages/airflow/example_dags/example_task_group.py
[2026-01-04T12:40:41.127+0000] {processor.py:925} INFO - DAG(s) 'example_task_group' retrieved from /workspaces/f1_data_team/venv/lib/python3.12/site-packages/airflow/example_dags/example_task_group.py
[2026-01-04T12:40:41.141+0000] {logging_mixin.py:190} INFO - [2026-01-04T12:40:41.140+0000] {dag.py:3239} INFO - Sync 1 DAGs
[2026-01-04T12:40:41.152+0000] {logging_mixin.py:190} INFO - [2026-01-04T12:40:41.152+0000] {dag.py:4180} INFO - Setting next_dagrun for example_task_group to None, run_after=None
[2026-01-04T12:40:41.169+0000] {processor.py:208} INFO - Processing /workspaces/f1_data_team/venv/lib/python3.12/site-packages/airflow/example_dags/example_task_group.py took 0.059 seconds
[2026-01-04T12:41:34.927+0000] {processor.py:186} INFO - Started process (PID=35920) to work on /workspaces/f1_data_team/venv/lib/python3.12/site-packages/airflow/example_dags/example_task_group.py
[2026-01-04T12:41:34.928+0000] {processor.py:914} INFO - Processing file /workspaces/f1_data_team/venv/lib/python3.12/site-packages/airflow/example_dags/example_task_group.py for tasks to queue
[2026-01-04T12:41:34.930+0000] {logging_mixin.py:190} INFO - [2026-01-04T12:41:34.930+0000] {dagbag.py:588} INFO - Filling up the DagBag from /workspaces/f1_data_team/venv/lib/python3.12/site-packages/airflow/example_dags/example_task_group.py
[2026-01-04T12:41:34.938+0000] {processor.py:925} INFO - DAG(s) 'example_task_group' retrieved from /workspaces/f1_data_team/venv/lib/python3.12/site-packages/airflow/example_dags/example_task_group.py
[2026-01-04T12:41:34.953+0000] {logging_mixin.py:190} INFO - [2026-01-04T12:41:34.952+0000] {dag.py:3239} INFO - Sync 1 DAGs
[2026-01-04T12:41:34.962+0000] {logging_mixin.py:190} INFO - [2026-01-04T12:41:34.962+0000] {dag.py:4180} INFO - Setting next_dagrun for example_task_group to None, run_after=None
[2026-01-04T12:41:34.977+0000] {processor.py:208} INFO - Processing /workspaces/f1_data_team/venv/lib/python3.12/site-packages/airflow/example_dags/example_task_group.py took 0.054 seconds
[2026-01-04T12:42:39.688+0000] {processor.py:186} INFO - Started process (PID=36945) to work on /workspaces/f1_data_team/venv/lib/python3.12/site-packages/airflow/example_dags/example_task_group.py
[2026-01-04T12:42:39.689+0000] {processor.py:914} INFO - Processing file /workspaces/f1_data_team/venv/lib/python3.12/site-packages/airflow/example_dags/example_task_group.py for tasks to queue
[2026-01-04T12:42:39.691+0000] {logging_mixin.py:190} INFO - [2026-01-04T12:42:39.690+0000] {dagbag.py:588} INFO - Filling up the DagBag from /workspaces/f1_data_team/venv/lib/python3.12/site-packages/airflow/example_dags/example_task_group.py
[2026-01-04T12:42:39.698+0000] {processor.py:925} INFO - DAG(s) 'example_task_group' retrieved from /workspaces/f1_data_team/venv/lib/python3.12/site-packages/airflow/example_dags/example_task_group.py
[2026-01-04T12:42:39.711+0000] {logging_mixin.py:190} INFO - [2026-01-04T12:42:39.711+0000] {dag.py:3239} INFO - Sync 1 DAGs
[2026-01-04T12:42:39.720+0000] {logging_mixin.py:190} INFO - [2026-01-04T12:42:39.720+0000] {dag.py:4180} INFO - Setting next_dagrun for example_task_group to None, run_after=None
[2026-01-04T12:42:39.736+0000] {processor.py:208} INFO - Processing /workspaces/f1_data_team/venv/lib/python3.12/site-packages/airflow/example_dags/example_task_group.py took 0.053 seconds
[2026-01-04T12:43:36.206+0000] {processor.py:186} INFO - Started process (PID=37642) to work on /workspaces/f1_data_team/venv/lib/python3.12/site-packages/airflow/example_dags/example_task_group.py
[2026-01-04T12:43:36.207+0000] {processor.py:914} INFO - Processing file /workspaces/f1_data_team/venv/lib/python3.12/site-packages/airflow/example_dags/example_task_group.py for tasks to queue
[2026-01-04T12:43:36.209+0000] {logging_mixin.py:190} INFO - [2026-01-04T12:43:36.208+0000] {dagbag.py:588} INFO - Filling up the DagBag from /workspaces/f1_data_team/venv/lib/python3.12/site-packages/airflow/example_dags/example_task_group.py
[2026-01-04T12:43:36.216+0000] {processor.py:925} INFO - DAG(s) 'example_task_group' retrieved from /workspaces/f1_data_team/venv/lib/python3.12/site-packages/airflow/example_dags/example_task_group.py
[2026-01-04T12:43:36.229+0000] {logging_mixin.py:190} INFO - [2026-01-04T12:43:36.229+0000] {dag.py:3239} INFO - Sync 1 DAGs
[2026-01-04T12:43:36.239+0000] {logging_mixin.py:190} INFO - [2026-01-04T12:43:36.239+0000] {dag.py:4180} INFO - Setting next_dagrun for example_task_group to None, run_after=None
[2026-01-04T12:43:36.255+0000] {processor.py:208} INFO - Processing /workspaces/f1_data_team/venv/lib/python3.12/site-packages/airflow/example_dags/example_task_group.py took 0.053 seconds
[2026-01-04T12:44:28.127+0000] {processor.py:186} INFO - Started process (PID=38244) to work on /workspaces/f1_data_team/venv/lib/python3.12/site-packages/airflow/example_dags/example_task_group.py
[2026-01-04T12:44:28.128+0000] {processor.py:914} INFO - Processing file /workspaces/f1_data_team/venv/lib/python3.12/site-packages/airflow/example_dags/example_task_group.py for tasks to queue
[2026-01-04T12:44:28.130+0000] {logging_mixin.py:190} INFO - [2026-01-04T12:44:28.129+0000] {dagbag.py:588} INFO - Filling up the DagBag from /workspaces/f1_data_team/venv/lib/python3.12/site-packages/airflow/example_dags/example_task_group.py
[2026-01-04T12:44:28.137+0000] {processor.py:925} INFO - DAG(s) 'example_task_group' retrieved from /workspaces/f1_data_team/venv/lib/python3.12/site-packages/airflow/example_dags/example_task_group.py
[2026-01-04T12:44:28.150+0000] {logging_mixin.py:190} INFO - [2026-01-04T12:44:28.150+0000] {dag.py:3239} INFO - Sync 1 DAGs
[2026-01-04T12:44:28.160+0000] {logging_mixin.py:190} INFO - [2026-01-04T12:44:28.160+0000] {dag.py:4180} INFO - Setting next_dagrun for example_task_group to None, run_after=None
[2026-01-04T12:44:28.175+0000] {processor.py:208} INFO - Processing /workspaces/f1_data_team/venv/lib/python3.12/site-packages/airflow/example_dags/example_task_group.py took 0.053 seconds
[2026-01-04T12:45:26.559+0000] {processor.py:186} INFO - Started process (PID=39378) to work on /workspaces/f1_data_team/venv/lib/python3.12/site-packages/airflow/example_dags/example_task_group.py
[2026-01-04T12:45:26.560+0000] {processor.py:914} INFO - Processing file /workspaces/f1_data_team/venv/lib/python3.12/site-packages/airflow/example_dags/example_task_group.py for tasks to queue
[2026-01-04T12:45:26.562+0000] {logging_mixin.py:190} INFO - [2026-01-04T12:45:26.562+0000] {dagbag.py:588} INFO - Filling up the DagBag from /workspaces/f1_data_team/venv/lib/python3.12/site-packages/airflow/example_dags/example_task_group.py
[2026-01-04T12:45:26.569+0000] {processor.py:925} INFO - DAG(s) 'example_task_group' retrieved from /workspaces/f1_data_team/venv/lib/python3.12/site-packages/airflow/example_dags/example_task_group.py
[2026-01-04T12:45:26.582+0000] {logging_mixin.py:190} INFO - [2026-01-04T12:45:26.582+0000] {dag.py:3239} INFO - Sync 1 DAGs
[2026-01-04T12:45:26.592+0000] {logging_mixin.py:190} INFO - [2026-01-04T12:45:26.591+0000] {dag.py:4180} INFO - Setting next_dagrun for example_task_group to None, run_after=None
[2026-01-04T12:45:26.606+0000] {processor.py:208} INFO - Processing /workspaces/f1_data_team/venv/lib/python3.12/site-packages/airflow/example_dags/example_task_group.py took 0.052 seconds
[2026-01-04T12:46:21.386+0000] {processor.py:186} INFO - Started process (PID=39903) to work on /workspaces/f1_data_team/venv/lib/python3.12/site-packages/airflow/example_dags/example_task_group.py
[2026-01-04T12:46:21.387+0000] {processor.py:914} INFO - Processing file /workspaces/f1_data_team/venv/lib/python3.12/site-packages/airflow/example_dags/example_task_group.py for tasks to queue
[2026-01-04T12:46:21.388+0000] {logging_mixin.py:190} INFO - [2026-01-04T12:46:21.388+0000] {dagbag.py:588} INFO - Filling up the DagBag from /workspaces/f1_data_team/venv/lib/python3.12/site-packages/airflow/example_dags/example_task_group.py
[2026-01-04T12:46:21.396+0000] {processor.py:925} INFO - DAG(s) 'example_task_group' retrieved from /workspaces/f1_data_team/venv/lib/python3.12/site-packages/airflow/example_dags/example_task_group.py
[2026-01-04T12:46:21.409+0000] {logging_mixin.py:190} INFO - [2026-01-04T12:46:21.409+0000] {dag.py:3239} INFO - Sync 1 DAGs
[2026-01-04T12:46:21.421+0000] {logging_mixin.py:190} INFO - [2026-01-04T12:46:21.420+0000] {dag.py:4180} INFO - Setting next_dagrun for example_task_group to None, run_after=None
[2026-01-04T12:46:21.436+0000] {processor.py:208} INFO - Processing /workspaces/f1_data_team/venv/lib/python3.12/site-packages/airflow/example_dags/example_task_group.py took 0.055 seconds
[2026-01-04T12:47:13.471+0000] {processor.py:186} INFO - Started process (PID=40366) to work on /workspaces/f1_data_team/venv/lib/python3.12/site-packages/airflow/example_dags/example_task_group.py
[2026-01-04T12:47:13.472+0000] {processor.py:914} INFO - Processing file /workspaces/f1_data_team/venv/lib/python3.12/site-packages/airflow/example_dags/example_task_group.py for tasks to queue
[2026-01-04T12:47:13.474+0000] {logging_mixin.py:190} INFO - [2026-01-04T12:47:13.474+0000] {dagbag.py:588} INFO - Filling up the DagBag from /workspaces/f1_data_team/venv/lib/python3.12/site-packages/airflow/example_dags/example_task_group.py
[2026-01-04T12:47:13.482+0000] {processor.py:925} INFO - DAG(s) 'example_task_group' retrieved from /workspaces/f1_data_team/venv/lib/python3.12/site-packages/airflow/example_dags/example_task_group.py
[2026-01-04T12:47:13.494+0000] {logging_mixin.py:190} INFO - [2026-01-04T12:47:13.494+0000] {dag.py:3239} INFO - Sync 1 DAGs
[2026-01-04T12:47:13.504+0000] {logging_mixin.py:190} INFO - [2026-01-04T12:47:13.504+0000] {dag.py:4180} INFO - Setting next_dagrun for example_task_group to None, run_after=None
[2026-01-04T12:47:13.518+0000] {processor.py:208} INFO - Processing /workspaces/f1_data_team/venv/lib/python3.12/site-packages/airflow/example_dags/example_task_group.py took 0.052 seconds
[2026-01-04T12:48:03.832+0000] {processor.py:186} INFO - Started process (PID=40880) to work on /workspaces/f1_data_team/venv/lib/python3.12/site-packages/airflow/example_dags/example_task_group.py
[2026-01-04T12:48:03.833+0000] {processor.py:914} INFO - Processing file /workspaces/f1_data_team/venv/lib/python3.12/site-packages/airflow/example_dags/example_task_group.py for tasks to queue
[2026-01-04T12:48:03.835+0000] {logging_mixin.py:190} INFO - [2026-01-04T12:48:03.835+0000] {dagbag.py:588} INFO - Filling up the DagBag from /workspaces/f1_data_team/venv/lib/python3.12/site-packages/airflow/example_dags/example_task_group.py
[2026-01-04T12:48:03.842+0000] {processor.py:925} INFO - DAG(s) 'example_task_group' retrieved from /workspaces/f1_data_team/venv/lib/python3.12/site-packages/airflow/example_dags/example_task_group.py
[2026-01-04T12:48:03.855+0000] {logging_mixin.py:190} INFO - [2026-01-04T12:48:03.855+0000] {dag.py:3239} INFO - Sync 1 DAGs
[2026-01-04T12:48:03.865+0000] {logging_mixin.py:190} INFO - [2026-01-04T12:48:03.865+0000] {dag.py:4180} INFO - Setting next_dagrun for example_task_group to None, run_after=None
[2026-01-04T12:48:03.880+0000] {processor.py:208} INFO - Processing /workspaces/f1_data_team/venv/lib/python3.12/site-packages/airflow/example_dags/example_task_group.py took 0.052 seconds
[2026-01-04T12:48:55.928+0000] {processor.py:186} INFO - Started process (PID=41865) to work on /workspaces/f1_data_team/venv/lib/python3.12/site-packages/airflow/example_dags/example_task_group.py
[2026-01-04T12:48:55.928+0000] {processor.py:914} INFO - Processing file /workspaces/f1_data_team/venv/lib/python3.12/site-packages/airflow/example_dags/example_task_group.py for tasks to queue
[2026-01-04T12:48:55.931+0000] {logging_mixin.py:190} INFO - [2026-01-04T12:48:55.930+0000] {dagbag.py:588} INFO - Filling up the DagBag from /workspaces/f1_data_team/venv/lib/python3.12/site-packages/airflow/example_dags/example_task_group.py
[2026-01-04T12:48:55.939+0000] {processor.py:925} INFO - DAG(s) 'example_task_group' retrieved from /workspaces/f1_data_team/venv/lib/python3.12/site-packages/airflow/example_dags/example_task_group.py
[2026-01-04T12:48:55.954+0000] {logging_mixin.py:190} INFO - [2026-01-04T12:48:55.954+0000] {dag.py:3239} INFO - Sync 1 DAGs
[2026-01-04T12:48:55.963+0000] {logging_mixin.py:190} INFO - [2026-01-04T12:48:55.963+0000] {dag.py:4180} INFO - Setting next_dagrun for example_task_group to None, run_after=None
[2026-01-04T12:48:55.978+0000] {processor.py:208} INFO - Processing /workspaces/f1_data_team/venv/lib/python3.12/site-packages/airflow/example_dags/example_task_group.py took 0.055 seconds
[2026-01-04T12:49:52.222+0000] {processor.py:186} INFO - Started process (PID=42559) to work on /workspaces/f1_data_team/venv/lib/python3.12/site-packages/airflow/example_dags/example_task_group.py
[2026-01-04T12:49:52.223+0000] {processor.py:914} INFO - Processing file /workspaces/f1_data_team/venv/lib/python3.12/site-packages/airflow/example_dags/example_task_group.py for tasks to queue
[2026-01-04T12:49:52.225+0000] {logging_mixin.py:190} INFO - [2026-01-04T12:49:52.225+0000] {dagbag.py:588} INFO - Filling up the DagBag from /workspaces/f1_data_team/venv/lib/python3.12/site-packages/airflow/example_dags/example_task_group.py
[2026-01-04T12:49:52.232+0000] {processor.py:925} INFO - DAG(s) 'example_task_group' retrieved from /workspaces/f1_data_team/venv/lib/python3.12/site-packages/airflow/example_dags/example_task_group.py
[2026-01-04T12:49:52.245+0000] {logging_mixin.py:190} INFO - [2026-01-04T12:49:52.245+0000] {dag.py:3239} INFO - Sync 1 DAGs
[2026-01-04T12:49:52.254+0000] {logging_mixin.py:190} INFO - [2026-01-04T12:49:52.254+0000] {dag.py:4180} INFO - Setting next_dagrun for example_task_group to None, run_after=None
[2026-01-04T12:49:52.268+0000] {processor.py:208} INFO - Processing /workspaces/f1_data_team/venv/lib/python3.12/site-packages/airflow/example_dags/example_task_group.py took 0.051 seconds
[2026-01-04T12:50:45.462+0000] {processor.py:186} INFO - Started process (PID=43074) to work on /workspaces/f1_data_team/venv/lib/python3.12/site-packages/airflow/example_dags/example_task_group.py
[2026-01-04T12:50:45.462+0000] {processor.py:914} INFO - Processing file /workspaces/f1_data_team/venv/lib/python3.12/site-packages/airflow/example_dags/example_task_group.py for tasks to queue
[2026-01-04T12:50:45.465+0000] {logging_mixin.py:190} INFO - [2026-01-04T12:50:45.464+0000] {dagbag.py:588} INFO - Filling up the DagBag from /workspaces/f1_data_team/venv/lib/python3.12/site-packages/airflow/example_dags/example_task_group.py
[2026-01-04T12:50:45.472+0000] {processor.py:925} INFO - DAG(s) 'example_task_group' retrieved from /workspaces/f1_data_team/venv/lib/python3.12/site-packages/airflow/example_dags/example_task_group.py
[2026-01-04T12:50:45.485+0000] {logging_mixin.py:190} INFO - [2026-01-04T12:50:45.485+0000] {dag.py:3239} INFO - Sync 1 DAGs
[2026-01-04T12:50:45.495+0000] {logging_mixin.py:190} INFO - [2026-01-04T12:50:45.494+0000] {dag.py:4180} INFO - Setting next_dagrun for example_task_group to None, run_after=None
[2026-01-04T12:50:45.509+0000] {processor.py:208} INFO - Processing /workspaces/f1_data_team/venv/lib/python3.12/site-packages/airflow/example_dags/example_task_group.py took 0.052 seconds
[2026-01-04T12:51:23.289+0000] {processor.py:186} INFO - Started process (PID=43718) to work on /workspaces/f1_data_team/venv/lib/python3.12/site-packages/airflow/example_dags/example_task_group.py
[2026-01-04T12:51:23.290+0000] {processor.py:914} INFO - Processing file /workspaces/f1_data_team/venv/lib/python3.12/site-packages/airflow/example_dags/example_task_group.py for tasks to queue
[2026-01-04T12:51:23.292+0000] {logging_mixin.py:190} INFO - [2026-01-04T12:51:23.291+0000] {dagbag.py:588} INFO - Filling up the DagBag from /workspaces/f1_data_team/venv/lib/python3.12/site-packages/airflow/example_dags/example_task_group.py
[2026-01-04T12:51:23.300+0000] {processor.py:925} INFO - DAG(s) 'example_task_group' retrieved from /workspaces/f1_data_team/venv/lib/python3.12/site-packages/airflow/example_dags/example_task_group.py
[2026-01-04T12:51:23.315+0000] {logging_mixin.py:190} INFO - [2026-01-04T12:51:23.314+0000] {dag.py:3239} INFO - Sync 1 DAGs
[2026-01-04T12:51:23.324+0000] {logging_mixin.py:190} INFO - [2026-01-04T12:51:23.324+0000] {dag.py:4180} INFO - Setting next_dagrun for example_task_group to None, run_after=None
[2026-01-04T12:51:23.339+0000] {processor.py:208} INFO - Processing /workspaces/f1_data_team/venv/lib/python3.12/site-packages/airflow/example_dags/example_task_group.py took 0.054 seconds
[2026-01-04T12:52:27.276+0000] {processor.py:186} INFO - Started process (PID=44956) to work on /workspaces/f1_data_team/venv/lib/python3.12/site-packages/airflow/example_dags/example_task_group.py
[2026-01-04T12:52:27.277+0000] {processor.py:914} INFO - Processing file /workspaces/f1_data_team/venv/lib/python3.12/site-packages/airflow/example_dags/example_task_group.py for tasks to queue
[2026-01-04T12:52:27.279+0000] {logging_mixin.py:190} INFO - [2026-01-04T12:52:27.278+0000] {dagbag.py:588} INFO - Filling up the DagBag from /workspaces/f1_data_team/venv/lib/python3.12/site-packages/airflow/example_dags/example_task_group.py
[2026-01-04T12:52:27.286+0000] {processor.py:925} INFO - DAG(s) 'example_task_group' retrieved from /workspaces/f1_data_team/venv/lib/python3.12/site-packages/airflow/example_dags/example_task_group.py
[2026-01-04T12:52:27.299+0000] {logging_mixin.py:190} INFO - [2026-01-04T12:52:27.299+0000] {dag.py:3239} INFO - Sync 1 DAGs
[2026-01-04T12:52:27.308+0000] {logging_mixin.py:190} INFO - [2026-01-04T12:52:27.308+0000] {dag.py:4180} INFO - Setting next_dagrun for example_task_group to None, run_after=None
[2026-01-04T12:52:27.323+0000] {processor.py:208} INFO - Processing /workspaces/f1_data_team/venv/lib/python3.12/site-packages/airflow/example_dags/example_task_group.py took 0.052 seconds
[2026-01-04T12:53:23.911+0000] {processor.py:186} INFO - Started process (PID=45766) to work on /workspaces/f1_data_team/venv/lib/python3.12/site-packages/airflow/example_dags/example_task_group.py
[2026-01-04T12:53:23.911+0000] {processor.py:914} INFO - Processing file /workspaces/f1_data_team/venv/lib/python3.12/site-packages/airflow/example_dags/example_task_group.py for tasks to queue
[2026-01-04T12:53:23.914+0000] {logging_mixin.py:190} INFO - [2026-01-04T12:53:23.913+0000] {dagbag.py:588} INFO - Filling up the DagBag from /workspaces/f1_data_team/venv/lib/python3.12/site-packages/airflow/example_dags/example_task_group.py
[2026-01-04T12:53:23.921+0000] {processor.py:925} INFO - DAG(s) 'example_task_group' retrieved from /workspaces/f1_data_team/venv/lib/python3.12/site-packages/airflow/example_dags/example_task_group.py
[2026-01-04T12:53:23.936+0000] {logging_mixin.py:190} INFO - [2026-01-04T12:53:23.936+0000] {dag.py:3239} INFO - Sync 1 DAGs
[2026-01-04T12:53:23.951+0000] {logging_mixin.py:190} INFO - [2026-01-04T12:53:23.951+0000] {dag.py:4180} INFO - Setting next_dagrun for example_task_group to None, run_after=None
[2026-01-04T12:53:23.969+0000] {processor.py:208} INFO - Processing /workspaces/f1_data_team/venv/lib/python3.12/site-packages/airflow/example_dags/example_task_group.py took 0.063 seconds
[2026-01-04T12:54:18.273+0000] {processor.py:186} INFO - Started process (PID=46413) to work on /workspaces/f1_data_team/venv/lib/python3.12/site-packages/airflow/example_dags/example_task_group.py
[2026-01-04T12:54:18.274+0000] {processor.py:914} INFO - Processing file /workspaces/f1_data_team/venv/lib/python3.12/site-packages/airflow/example_dags/example_task_group.py for tasks to queue
[2026-01-04T12:54:18.276+0000] {logging_mixin.py:190} INFO - [2026-01-04T12:54:18.275+0000] {dagbag.py:588} INFO - Filling up the DagBag from /workspaces/f1_data_team/venv/lib/python3.12/site-packages/airflow/example_dags/example_task_group.py
[2026-01-04T12:54:18.283+0000] {processor.py:925} INFO - DAG(s) 'example_task_group' retrieved from /workspaces/f1_data_team/venv/lib/python3.12/site-packages/airflow/example_dags/example_task_group.py
[2026-01-04T12:54:18.296+0000] {logging_mixin.py:190} INFO - [2026-01-04T12:54:18.296+0000] {dag.py:3239} INFO - Sync 1 DAGs
[2026-01-04T12:54:18.306+0000] {logging_mixin.py:190} INFO - [2026-01-04T12:54:18.305+0000] {dag.py:4180} INFO - Setting next_dagrun for example_task_group to None, run_after=None
[2026-01-04T12:54:18.320+0000] {processor.py:208} INFO - Processing /workspaces/f1_data_team/venv/lib/python3.12/site-packages/airflow/example_dags/example_task_group.py took 0.052 seconds
[2026-01-04T12:55:24.288+0000] {processor.py:186} INFO - Started process (PID=47655) to work on /workspaces/f1_data_team/venv/lib/python3.12/site-packages/airflow/example_dags/example_task_group.py
[2026-01-04T12:55:24.289+0000] {processor.py:914} INFO - Processing file /workspaces/f1_data_team/venv/lib/python3.12/site-packages/airflow/example_dags/example_task_group.py for tasks to queue
[2026-01-04T12:55:24.291+0000] {logging_mixin.py:190} INFO - [2026-01-04T12:55:24.291+0000] {dagbag.py:588} INFO - Filling up the DagBag from /workspaces/f1_data_team/venv/lib/python3.12/site-packages/airflow/example_dags/example_task_group.py
[2026-01-04T12:55:24.298+0000] {processor.py:925} INFO - DAG(s) 'example_task_group' retrieved from /workspaces/f1_data_team/venv/lib/python3.12/site-packages/airflow/example_dags/example_task_group.py
[2026-01-04T12:55:24.311+0000] {logging_mixin.py:190} INFO - [2026-01-04T12:55:24.311+0000] {dag.py:3239} INFO - Sync 1 DAGs
[2026-01-04T12:55:24.320+0000] {logging_mixin.py:190} INFO - [2026-01-04T12:55:24.320+0000] {dag.py:4180} INFO - Setting next_dagrun for example_task_group to None, run_after=None
[2026-01-04T12:55:24.335+0000] {processor.py:208} INFO - Processing /workspaces/f1_data_team/venv/lib/python3.12/site-packages/airflow/example_dags/example_task_group.py took 0.052 seconds
[2026-01-04T12:56:20.708+0000] {processor.py:186} INFO - Started process (PID=48205) to work on /workspaces/f1_data_team/venv/lib/python3.12/site-packages/airflow/example_dags/example_task_group.py
[2026-01-04T12:56:20.709+0000] {processor.py:914} INFO - Processing file /workspaces/f1_data_team/venv/lib/python3.12/site-packages/airflow/example_dags/example_task_group.py for tasks to queue
[2026-01-04T12:56:20.711+0000] {logging_mixin.py:190} INFO - [2026-01-04T12:56:20.711+0000] {dagbag.py:588} INFO - Filling up the DagBag from /workspaces/f1_data_team/venv/lib/python3.12/site-packages/airflow/example_dags/example_task_group.py
[2026-01-04T12:56:20.719+0000] {processor.py:925} INFO - DAG(s) 'example_task_group' retrieved from /workspaces/f1_data_team/venv/lib/python3.12/site-packages/airflow/example_dags/example_task_group.py
[2026-01-04T12:56:20.732+0000] {logging_mixin.py:190} INFO - [2026-01-04T12:56:20.732+0000] {dag.py:3239} INFO - Sync 1 DAGs
[2026-01-04T12:56:20.741+0000] {logging_mixin.py:190} INFO - [2026-01-04T12:56:20.741+0000] {dag.py:4180} INFO - Setting next_dagrun for example_task_group to None, run_after=None
[2026-01-04T12:56:20.756+0000] {processor.py:208} INFO - Processing /workspaces/f1_data_team/venv/lib/python3.12/site-packages/airflow/example_dags/example_task_group.py took 0.052 seconds
[2026-01-04T12:57:12.124+0000] {processor.py:186} INFO - Started process (PID=48676) to work on /workspaces/f1_data_team/venv/lib/python3.12/site-packages/airflow/example_dags/example_task_group.py
[2026-01-04T12:57:12.125+0000] {processor.py:914} INFO - Processing file /workspaces/f1_data_team/venv/lib/python3.12/site-packages/airflow/example_dags/example_task_group.py for tasks to queue
[2026-01-04T12:57:12.127+0000] {logging_mixin.py:190} INFO - [2026-01-04T12:57:12.127+0000] {dagbag.py:588} INFO - Filling up the DagBag from /workspaces/f1_data_team/venv/lib/python3.12/site-packages/airflow/example_dags/example_task_group.py
[2026-01-04T12:57:12.135+0000] {processor.py:925} INFO - DAG(s) 'example_task_group' retrieved from /workspaces/f1_data_team/venv/lib/python3.12/site-packages/airflow/example_dags/example_task_group.py
[2026-01-04T12:57:12.148+0000] {logging_mixin.py:190} INFO - [2026-01-04T12:57:12.148+0000] {dag.py:3239} INFO - Sync 1 DAGs
[2026-01-04T12:57:12.158+0000] {logging_mixin.py:190} INFO - [2026-01-04T12:57:12.158+0000] {dag.py:4180} INFO - Setting next_dagrun for example_task_group to None, run_after=None
[2026-01-04T12:57:12.173+0000] {processor.py:208} INFO - Processing /workspaces/f1_data_team/venv/lib/python3.12/site-packages/airflow/example_dags/example_task_group.py took 0.053 seconds
[2026-01-04T12:58:03.037+0000] {processor.py:186} INFO - Started process (PID=49120) to work on /workspaces/f1_data_team/venv/lib/python3.12/site-packages/airflow/example_dags/example_task_group.py
[2026-01-04T12:58:03.038+0000] {processor.py:914} INFO - Processing file /workspaces/f1_data_team/venv/lib/python3.12/site-packages/airflow/example_dags/example_task_group.py for tasks to queue
[2026-01-04T12:58:03.040+0000] {logging_mixin.py:190} INFO - [2026-01-04T12:58:03.040+0000] {dagbag.py:588} INFO - Filling up the DagBag from /workspaces/f1_data_team/venv/lib/python3.12/site-packages/airflow/example_dags/example_task_group.py
[2026-01-04T12:58:03.048+0000] {processor.py:925} INFO - DAG(s) 'example_task_group' retrieved from /workspaces/f1_data_team/venv/lib/python3.12/site-packages/airflow/example_dags/example_task_group.py
[2026-01-04T12:58:03.060+0000] {logging_mixin.py:190} INFO - [2026-01-04T12:58:03.060+0000] {dag.py:3239} INFO - Sync 1 DAGs
[2026-01-04T12:58:03.070+0000] {logging_mixin.py:190} INFO - [2026-01-04T12:58:03.070+0000] {dag.py:4180} INFO - Setting next_dagrun for example_task_group to None, run_after=None
[2026-01-04T12:58:03.088+0000] {processor.py:208} INFO - Processing /workspaces/f1_data_team/venv/lib/python3.12/site-packages/airflow/example_dags/example_task_group.py took 0.055 seconds
[2026-01-04T12:58:57.164+0000] {processor.py:186} INFO - Started process (PID=49635) to work on /workspaces/f1_data_team/venv/lib/python3.12/site-packages/airflow/example_dags/example_task_group.py
[2026-01-04T12:58:57.164+0000] {processor.py:914} INFO - Processing file /workspaces/f1_data_team/venv/lib/python3.12/site-packages/airflow/example_dags/example_task_group.py for tasks to queue
[2026-01-04T12:58:57.167+0000] {logging_mixin.py:190} INFO - [2026-01-04T12:58:57.166+0000] {dagbag.py:588} INFO - Filling up the DagBag from /workspaces/f1_data_team/venv/lib/python3.12/site-packages/airflow/example_dags/example_task_group.py
[2026-01-04T12:58:57.174+0000] {processor.py:925} INFO - DAG(s) 'example_task_group' retrieved from /workspaces/f1_data_team/venv/lib/python3.12/site-packages/airflow/example_dags/example_task_group.py
[2026-01-04T12:58:57.187+0000] {logging_mixin.py:190} INFO - [2026-01-04T12:58:57.187+0000] {dag.py:3239} INFO - Sync 1 DAGs
[2026-01-04T12:58:57.197+0000] {logging_mixin.py:190} INFO - [2026-01-04T12:58:57.197+0000] {dag.py:4180} INFO - Setting next_dagrun for example_task_group to None, run_after=None
[2026-01-04T12:58:57.213+0000] {processor.py:208} INFO - Processing /workspaces/f1_data_team/venv/lib/python3.12/site-packages/airflow/example_dags/example_task_group.py took 0.054 seconds
[2026-01-04T12:59:51.619+0000] {processor.py:186} INFO - Started process (PID=50205) to work on /workspaces/f1_data_team/venv/lib/python3.12/site-packages/airflow/example_dags/example_task_group.py
[2026-01-04T12:59:51.620+0000] {processor.py:914} INFO - Processing file /workspaces/f1_data_team/venv/lib/python3.12/site-packages/airflow/example_dags/example_task_group.py for tasks to queue
[2026-01-04T12:59:51.623+0000] {logging_mixin.py:190} INFO - [2026-01-04T12:59:51.622+0000] {dagbag.py:588} INFO - Filling up the DagBag from /workspaces/f1_data_team/venv/lib/python3.12/site-packages/airflow/example_dags/example_task_group.py
[2026-01-04T12:59:51.630+0000] {processor.py:925} INFO - DAG(s) 'example_task_group' retrieved from /workspaces/f1_data_team/venv/lib/python3.12/site-packages/airflow/example_dags/example_task_group.py
[2026-01-04T12:59:51.644+0000] {logging_mixin.py:190} INFO - [2026-01-04T12:59:51.644+0000] {dag.py:3239} INFO - Sync 1 DAGs
[2026-01-04T12:59:51.654+0000] {logging_mixin.py:190} INFO - [2026-01-04T12:59:51.654+0000] {dag.py:4180} INFO - Setting next_dagrun for example_task_group to None, run_after=None
[2026-01-04T12:59:51.673+0000] {processor.py:208} INFO - Processing /workspaces/f1_data_team/venv/lib/python3.12/site-packages/airflow/example_dags/example_task_group.py took 0.058 seconds
[2026-01-04T13:00:47.586+0000] {processor.py:186} INFO - Started process (PID=50824) to work on /workspaces/f1_data_team/venv/lib/python3.12/site-packages/airflow/example_dags/example_task_group.py
[2026-01-04T13:00:47.587+0000] {processor.py:914} INFO - Processing file /workspaces/f1_data_team/venv/lib/python3.12/site-packages/airflow/example_dags/example_task_group.py for tasks to queue
[2026-01-04T13:00:47.590+0000] {logging_mixin.py:190} INFO - [2026-01-04T13:00:47.589+0000] {dagbag.py:588} INFO - Filling up the DagBag from /workspaces/f1_data_team/venv/lib/python3.12/site-packages/airflow/example_dags/example_task_group.py
[2026-01-04T13:00:47.597+0000] {processor.py:925} INFO - DAG(s) 'example_task_group' retrieved from /workspaces/f1_data_team/venv/lib/python3.12/site-packages/airflow/example_dags/example_task_group.py
[2026-01-04T13:00:47.610+0000] {logging_mixin.py:190} INFO - [2026-01-04T13:00:47.610+0000] {dag.py:3239} INFO - Sync 1 DAGs
[2026-01-04T13:00:47.619+0000] {logging_mixin.py:190} INFO - [2026-01-04T13:00:47.619+0000] {dag.py:4180} INFO - Setting next_dagrun for example_task_group to None, run_after=None
[2026-01-04T13:00:47.634+0000] {processor.py:208} INFO - Processing /workspaces/f1_data_team/venv/lib/python3.12/site-packages/airflow/example_dags/example_task_group.py took 0.052 seconds
[2026-01-04T13:01:34.385+0000] {processor.py:186} INFO - Started process (PID=51457) to work on /workspaces/f1_data_team/venv/lib/python3.12/site-packages/airflow/example_dags/example_task_group.py
[2026-01-04T13:01:34.385+0000] {processor.py:914} INFO - Processing file /workspaces/f1_data_team/venv/lib/python3.12/site-packages/airflow/example_dags/example_task_group.py for tasks to queue
[2026-01-04T13:01:34.388+0000] {logging_mixin.py:190} INFO - [2026-01-04T13:01:34.388+0000] {dagbag.py:588} INFO - Filling up the DagBag from /workspaces/f1_data_team/venv/lib/python3.12/site-packages/airflow/example_dags/example_task_group.py
[2026-01-04T13:01:34.395+0000] {processor.py:925} INFO - DAG(s) 'example_task_group' retrieved from /workspaces/f1_data_team/venv/lib/python3.12/site-packages/airflow/example_dags/example_task_group.py
[2026-01-04T13:01:34.408+0000] {logging_mixin.py:190} INFO - [2026-01-04T13:01:34.408+0000] {dag.py:3239} INFO - Sync 1 DAGs
[2026-01-04T13:01:34.417+0000] {logging_mixin.py:190} INFO - [2026-01-04T13:01:34.417+0000] {dag.py:4180} INFO - Setting next_dagrun for example_task_group to None, run_after=None
[2026-01-04T13:01:34.432+0000] {processor.py:208} INFO - Processing /workspaces/f1_data_team/venv/lib/python3.12/site-packages/airflow/example_dags/example_task_group.py took 0.052 seconds
