[2026-01-04T12:26:44.456+0000] {processor.py:186} INFO - Started process (PID=24510) to work on /workspaces/f1_data_team/venv/lib/python3.12/site-packages/airflow/example_dags/example_time_delta_sensor_async.py
[2026-01-04T12:26:44.457+0000] {processor.py:914} INFO - Processing file /workspaces/f1_data_team/venv/lib/python3.12/site-packages/airflow/example_dags/example_time_delta_sensor_async.py for tasks to queue
[2026-01-04T12:26:44.459+0000] {logging_mixin.py:190} INFO - [2026-01-04T12:26:44.459+0000] {dagbag.py:588} INFO - Filling up the DagBag from /workspaces/f1_data_team/venv/lib/python3.12/site-packages/airflow/example_dags/example_time_delta_sensor_async.py
[2026-01-04T12:26:44.465+0000] {processor.py:925} INFO - DAG(s) 'example_time_delta_sensor_async' retrieved from /workspaces/f1_data_team/venv/lib/python3.12/site-packages/airflow/example_dags/example_time_delta_sensor_async.py
[2026-01-04T12:26:44.544+0000] {logging_mixin.py:190} INFO - [2026-01-04T12:26:44.544+0000] {override.py:1911} INFO - Created Permission View: can read on DAG:example_time_delta_sensor_async
[2026-01-04T12:26:44.552+0000] {logging_mixin.py:190} INFO - [2026-01-04T12:26:44.552+0000] {override.py:1911} INFO - Created Permission View: can edit on DAG:example_time_delta_sensor_async
[2026-01-04T12:26:44.558+0000] {logging_mixin.py:190} INFO - [2026-01-04T12:26:44.558+0000] {override.py:1911} INFO - Created Permission View: can delete on DAG:example_time_delta_sensor_async
[2026-01-04T12:26:44.566+0000] {logging_mixin.py:190} INFO - [2026-01-04T12:26:44.566+0000] {override.py:1911} INFO - Created Permission View: can read on DAG Run:example_time_delta_sensor_async
[2026-01-04T12:26:44.571+0000] {logging_mixin.py:190} INFO - [2026-01-04T12:26:44.571+0000] {override.py:1911} INFO - Created Permission View: menu access on DAG Run:example_time_delta_sensor_async
[2026-01-04T12:26:44.577+0000] {logging_mixin.py:190} INFO - [2026-01-04T12:26:44.576+0000] {override.py:1911} INFO - Created Permission View: can create on DAG Run:example_time_delta_sensor_async
[2026-01-04T12:26:44.584+0000] {logging_mixin.py:190} INFO - [2026-01-04T12:26:44.583+0000] {override.py:1911} INFO - Created Permission View: can delete on DAG Run:example_time_delta_sensor_async
[2026-01-04T12:26:44.584+0000] {logging_mixin.py:190} INFO - [2026-01-04T12:26:44.584+0000] {dag.py:3239} INFO - Sync 1 DAGs
[2026-01-04T12:26:44.597+0000] {logging_mixin.py:190} INFO - [2026-01-04T12:26:44.596+0000] {dag.py:3262} INFO - Creating ORM DAG for example_time_delta_sensor_async
[2026-01-04T12:26:44.597+0000] {logging_mixin.py:190} INFO - [2026-01-04T12:26:44.597+0000] {dag.py:4180} INFO - Setting next_dagrun for example_time_delta_sensor_async to None, run_after=None
[2026-01-04T12:26:44.621+0000] {processor.py:208} INFO - Processing /workspaces/f1_data_team/venv/lib/python3.12/site-packages/airflow/example_dags/example_time_delta_sensor_async.py took 0.170 seconds
[2026-01-04T12:27:47.542+0000] {processor.py:186} INFO - Started process (PID=25072) to work on /workspaces/f1_data_team/venv/lib/python3.12/site-packages/airflow/example_dags/example_time_delta_sensor_async.py
[2026-01-04T12:27:47.542+0000] {processor.py:914} INFO - Processing file /workspaces/f1_data_team/venv/lib/python3.12/site-packages/airflow/example_dags/example_time_delta_sensor_async.py for tasks to queue
[2026-01-04T12:27:47.544+0000] {logging_mixin.py:190} INFO - [2026-01-04T12:27:47.544+0000] {dagbag.py:588} INFO - Filling up the DagBag from /workspaces/f1_data_team/venv/lib/python3.12/site-packages/airflow/example_dags/example_time_delta_sensor_async.py
[2026-01-04T12:27:47.550+0000] {processor.py:925} INFO - DAG(s) 'example_time_delta_sensor_async' retrieved from /workspaces/f1_data_team/venv/lib/python3.12/site-packages/airflow/example_dags/example_time_delta_sensor_async.py
[2026-01-04T12:27:47.561+0000] {logging_mixin.py:190} INFO - [2026-01-04T12:27:47.561+0000] {dag.py:3239} INFO - Sync 1 DAGs
[2026-01-04T12:27:47.571+0000] {logging_mixin.py:190} INFO - [2026-01-04T12:27:47.571+0000] {dag.py:4180} INFO - Setting next_dagrun for example_time_delta_sensor_async to None, run_after=None
[2026-01-04T12:27:47.585+0000] {processor.py:208} INFO - Processing /workspaces/f1_data_team/venv/lib/python3.12/site-packages/airflow/example_dags/example_time_delta_sensor_async.py took 0.048 seconds
[2026-01-04T12:28:44.251+0000] {processor.py:186} INFO - Started process (PID=25595) to work on /workspaces/f1_data_team/venv/lib/python3.12/site-packages/airflow/example_dags/example_time_delta_sensor_async.py
[2026-01-04T12:28:44.254+0000] {processor.py:914} INFO - Processing file /workspaces/f1_data_team/venv/lib/python3.12/site-packages/airflow/example_dags/example_time_delta_sensor_async.py for tasks to queue
[2026-01-04T12:28:44.259+0000] {logging_mixin.py:190} INFO - [2026-01-04T12:28:44.258+0000] {dagbag.py:588} INFO - Filling up the DagBag from /workspaces/f1_data_team/venv/lib/python3.12/site-packages/airflow/example_dags/example_time_delta_sensor_async.py
[2026-01-04T12:28:44.300+0000] {processor.py:925} INFO - DAG(s) 'example_time_delta_sensor_async' retrieved from /workspaces/f1_data_team/venv/lib/python3.12/site-packages/airflow/example_dags/example_time_delta_sensor_async.py
[2026-01-04T12:28:44.354+0000] {logging_mixin.py:190} INFO - [2026-01-04T12:28:44.354+0000] {dag.py:3239} INFO - Sync 1 DAGs
[2026-01-04T12:28:44.379+0000] {logging_mixin.py:190} INFO - [2026-01-04T12:28:44.379+0000] {dag.py:4180} INFO - Setting next_dagrun for example_time_delta_sensor_async to None, run_after=None
[2026-01-04T12:28:44.403+0000] {processor.py:208} INFO - Processing /workspaces/f1_data_team/venv/lib/python3.12/site-packages/airflow/example_dags/example_time_delta_sensor_async.py took 0.180 seconds
[2026-01-04T12:29:42.148+0000] {processor.py:186} INFO - Started process (PID=26807) to work on /workspaces/f1_data_team/venv/lib/python3.12/site-packages/airflow/example_dags/example_time_delta_sensor_async.py
[2026-01-04T12:29:42.149+0000] {processor.py:914} INFO - Processing file /workspaces/f1_data_team/venv/lib/python3.12/site-packages/airflow/example_dags/example_time_delta_sensor_async.py for tasks to queue
[2026-01-04T12:29:42.152+0000] {logging_mixin.py:190} INFO - [2026-01-04T12:29:42.151+0000] {dagbag.py:588} INFO - Filling up the DagBag from /workspaces/f1_data_team/venv/lib/python3.12/site-packages/airflow/example_dags/example_time_delta_sensor_async.py
[2026-01-04T12:29:42.157+0000] {processor.py:925} INFO - DAG(s) 'example_time_delta_sensor_async' retrieved from /workspaces/f1_data_team/venv/lib/python3.12/site-packages/airflow/example_dags/example_time_delta_sensor_async.py
[2026-01-04T12:29:42.168+0000] {logging_mixin.py:190} INFO - [2026-01-04T12:29:42.168+0000] {dag.py:3239} INFO - Sync 1 DAGs
[2026-01-04T12:29:42.178+0000] {logging_mixin.py:190} INFO - [2026-01-04T12:29:42.178+0000] {dag.py:4180} INFO - Setting next_dagrun for example_time_delta_sensor_async to None, run_after=None
[2026-01-04T12:29:42.192+0000] {processor.py:208} INFO - Processing /workspaces/f1_data_team/venv/lib/python3.12/site-packages/airflow/example_dags/example_time_delta_sensor_async.py took 0.048 seconds
[2026-01-04T12:30:26.060+0000] {processor.py:186} INFO - Started process (PID=27513) to work on /workspaces/f1_data_team/venv/lib/python3.12/site-packages/airflow/example_dags/example_time_delta_sensor_async.py
[2026-01-04T12:30:26.061+0000] {processor.py:914} INFO - Processing file /workspaces/f1_data_team/venv/lib/python3.12/site-packages/airflow/example_dags/example_time_delta_sensor_async.py for tasks to queue
[2026-01-04T12:30:26.063+0000] {logging_mixin.py:190} INFO - [2026-01-04T12:30:26.063+0000] {dagbag.py:588} INFO - Filling up the DagBag from /workspaces/f1_data_team/venv/lib/python3.12/site-packages/airflow/example_dags/example_time_delta_sensor_async.py
[2026-01-04T12:30:26.069+0000] {processor.py:925} INFO - DAG(s) 'example_time_delta_sensor_async' retrieved from /workspaces/f1_data_team/venv/lib/python3.12/site-packages/airflow/example_dags/example_time_delta_sensor_async.py
[2026-01-04T12:30:26.086+0000] {logging_mixin.py:190} INFO - [2026-01-04T12:30:26.086+0000] {dag.py:3239} INFO - Sync 1 DAGs
[2026-01-04T12:30:26.095+0000] {logging_mixin.py:190} INFO - [2026-01-04T12:30:26.095+0000] {dag.py:4180} INFO - Setting next_dagrun for example_time_delta_sensor_async to None, run_after=None
[2026-01-04T12:30:26.110+0000] {processor.py:208} INFO - Processing /workspaces/f1_data_team/venv/lib/python3.12/site-packages/airflow/example_dags/example_time_delta_sensor_async.py took 0.054 seconds
[2026-01-04T12:31:24.258+0000] {processor.py:186} INFO - Started process (PID=28548) to work on /workspaces/f1_data_team/venv/lib/python3.12/site-packages/airflow/example_dags/example_time_delta_sensor_async.py
[2026-01-04T12:31:24.259+0000] {processor.py:914} INFO - Processing file /workspaces/f1_data_team/venv/lib/python3.12/site-packages/airflow/example_dags/example_time_delta_sensor_async.py for tasks to queue
[2026-01-04T12:31:24.261+0000] {logging_mixin.py:190} INFO - [2026-01-04T12:31:24.261+0000] {dagbag.py:588} INFO - Filling up the DagBag from /workspaces/f1_data_team/venv/lib/python3.12/site-packages/airflow/example_dags/example_time_delta_sensor_async.py
[2026-01-04T12:31:24.266+0000] {processor.py:925} INFO - DAG(s) 'example_time_delta_sensor_async' retrieved from /workspaces/f1_data_team/venv/lib/python3.12/site-packages/airflow/example_dags/example_time_delta_sensor_async.py
[2026-01-04T12:31:24.277+0000] {logging_mixin.py:190} INFO - [2026-01-04T12:31:24.277+0000] {dag.py:3239} INFO - Sync 1 DAGs
[2026-01-04T12:31:24.287+0000] {logging_mixin.py:190} INFO - [2026-01-04T12:31:24.287+0000] {dag.py:4180} INFO - Setting next_dagrun for example_time_delta_sensor_async to None, run_after=None
[2026-01-04T12:31:24.303+0000] {processor.py:208} INFO - Processing /workspaces/f1_data_team/venv/lib/python3.12/site-packages/airflow/example_dags/example_time_delta_sensor_async.py took 0.049 seconds
[2026-01-04T12:32:31.920+0000] {processor.py:186} INFO - Started process (PID=29542) to work on /workspaces/f1_data_team/venv/lib/python3.12/site-packages/airflow/example_dags/example_time_delta_sensor_async.py
[2026-01-04T12:32:31.921+0000] {processor.py:914} INFO - Processing file /workspaces/f1_data_team/venv/lib/python3.12/site-packages/airflow/example_dags/example_time_delta_sensor_async.py for tasks to queue
[2026-01-04T12:32:31.923+0000] {logging_mixin.py:190} INFO - [2026-01-04T12:32:31.923+0000] {dagbag.py:588} INFO - Filling up the DagBag from /workspaces/f1_data_team/venv/lib/python3.12/site-packages/airflow/example_dags/example_time_delta_sensor_async.py
[2026-01-04T12:32:31.929+0000] {processor.py:925} INFO - DAG(s) 'example_time_delta_sensor_async' retrieved from /workspaces/f1_data_team/venv/lib/python3.12/site-packages/airflow/example_dags/example_time_delta_sensor_async.py
[2026-01-04T12:32:31.945+0000] {logging_mixin.py:190} INFO - [2026-01-04T12:32:31.945+0000] {dag.py:3239} INFO - Sync 1 DAGs
[2026-01-04T12:32:31.955+0000] {logging_mixin.py:190} INFO - [2026-01-04T12:32:31.955+0000] {dag.py:4180} INFO - Setting next_dagrun for example_time_delta_sensor_async to None, run_after=None
[2026-01-04T12:32:31.970+0000] {processor.py:208} INFO - Processing /workspaces/f1_data_team/venv/lib/python3.12/site-packages/airflow/example_dags/example_time_delta_sensor_async.py took 0.055 seconds
[2026-01-04T12:33:32.217+0000] {processor.py:186} INFO - Started process (PID=30576) to work on /workspaces/f1_data_team/venv/lib/python3.12/site-packages/airflow/example_dags/example_time_delta_sensor_async.py
[2026-01-04T12:33:32.217+0000] {processor.py:914} INFO - Processing file /workspaces/f1_data_team/venv/lib/python3.12/site-packages/airflow/example_dags/example_time_delta_sensor_async.py for tasks to queue
[2026-01-04T12:33:32.220+0000] {logging_mixin.py:190} INFO - [2026-01-04T12:33:32.219+0000] {dagbag.py:588} INFO - Filling up the DagBag from /workspaces/f1_data_team/venv/lib/python3.12/site-packages/airflow/example_dags/example_time_delta_sensor_async.py
[2026-01-04T12:33:32.225+0000] {processor.py:925} INFO - DAG(s) 'example_time_delta_sensor_async' retrieved from /workspaces/f1_data_team/venv/lib/python3.12/site-packages/airflow/example_dags/example_time_delta_sensor_async.py
[2026-01-04T12:33:32.237+0000] {logging_mixin.py:190} INFO - [2026-01-04T12:33:32.237+0000] {dag.py:3239} INFO - Sync 1 DAGs
[2026-01-04T12:33:32.247+0000] {logging_mixin.py:190} INFO - [2026-01-04T12:33:32.247+0000] {dag.py:4180} INFO - Setting next_dagrun for example_time_delta_sensor_async to None, run_after=None
[2026-01-04T12:33:32.261+0000] {processor.py:208} INFO - Processing /workspaces/f1_data_team/venv/lib/python3.12/site-packages/airflow/example_dags/example_time_delta_sensor_async.py took 0.051 seconds
[2026-01-04T12:34:30.569+0000] {processor.py:186} INFO - Started process (PID=31092) to work on /workspaces/f1_data_team/venv/lib/python3.12/site-packages/airflow/example_dags/example_time_delta_sensor_async.py
[2026-01-04T12:34:30.570+0000] {processor.py:914} INFO - Processing file /workspaces/f1_data_team/venv/lib/python3.12/site-packages/airflow/example_dags/example_time_delta_sensor_async.py for tasks to queue
[2026-01-04T12:34:30.572+0000] {logging_mixin.py:190} INFO - [2026-01-04T12:34:30.572+0000] {dagbag.py:588} INFO - Filling up the DagBag from /workspaces/f1_data_team/venv/lib/python3.12/site-packages/airflow/example_dags/example_time_delta_sensor_async.py
[2026-01-04T12:34:30.578+0000] {processor.py:925} INFO - DAG(s) 'example_time_delta_sensor_async' retrieved from /workspaces/f1_data_team/venv/lib/python3.12/site-packages/airflow/example_dags/example_time_delta_sensor_async.py
[2026-01-04T12:34:30.590+0000] {logging_mixin.py:190} INFO - [2026-01-04T12:34:30.589+0000] {dag.py:3239} INFO - Sync 1 DAGs
[2026-01-04T12:34:30.600+0000] {logging_mixin.py:190} INFO - [2026-01-04T12:34:30.599+0000] {dag.py:4180} INFO - Setting next_dagrun for example_time_delta_sensor_async to None, run_after=None
[2026-01-04T12:34:30.617+0000] {processor.py:208} INFO - Processing /workspaces/f1_data_team/venv/lib/python3.12/site-packages/airflow/example_dags/example_time_delta_sensor_async.py took 0.053 seconds
[2026-01-04T12:35:18.566+0000] {processor.py:186} INFO - Started process (PID=31600) to work on /workspaces/f1_data_team/venv/lib/python3.12/site-packages/airflow/example_dags/example_time_delta_sensor_async.py
[2026-01-04T12:35:18.567+0000] {processor.py:914} INFO - Processing file /workspaces/f1_data_team/venv/lib/python3.12/site-packages/airflow/example_dags/example_time_delta_sensor_async.py for tasks to queue
[2026-01-04T12:35:18.569+0000] {logging_mixin.py:190} INFO - [2026-01-04T12:35:18.569+0000] {dagbag.py:588} INFO - Filling up the DagBag from /workspaces/f1_data_team/venv/lib/python3.12/site-packages/airflow/example_dags/example_time_delta_sensor_async.py
[2026-01-04T12:35:18.575+0000] {processor.py:925} INFO - DAG(s) 'example_time_delta_sensor_async' retrieved from /workspaces/f1_data_team/venv/lib/python3.12/site-packages/airflow/example_dags/example_time_delta_sensor_async.py
[2026-01-04T12:35:18.587+0000] {logging_mixin.py:190} INFO - [2026-01-04T12:35:18.586+0000] {dag.py:3239} INFO - Sync 1 DAGs
[2026-01-04T12:35:18.596+0000] {logging_mixin.py:190} INFO - [2026-01-04T12:35:18.596+0000] {dag.py:4180} INFO - Setting next_dagrun for example_time_delta_sensor_async to None, run_after=None
[2026-01-04T12:35:18.611+0000] {processor.py:208} INFO - Processing /workspaces/f1_data_team/venv/lib/python3.12/site-packages/airflow/example_dags/example_time_delta_sensor_async.py took 0.049 seconds
[2026-01-04T12:36:12.007+0000] {processor.py:186} INFO - Started process (PID=32186) to work on /workspaces/f1_data_team/venv/lib/python3.12/site-packages/airflow/example_dags/example_time_delta_sensor_async.py
[2026-01-04T12:36:12.008+0000] {processor.py:914} INFO - Processing file /workspaces/f1_data_team/venv/lib/python3.12/site-packages/airflow/example_dags/example_time_delta_sensor_async.py for tasks to queue
[2026-01-04T12:36:12.010+0000] {logging_mixin.py:190} INFO - [2026-01-04T12:36:12.010+0000] {dagbag.py:588} INFO - Filling up the DagBag from /workspaces/f1_data_team/venv/lib/python3.12/site-packages/airflow/example_dags/example_time_delta_sensor_async.py
[2026-01-04T12:36:12.016+0000] {processor.py:925} INFO - DAG(s) 'example_time_delta_sensor_async' retrieved from /workspaces/f1_data_team/venv/lib/python3.12/site-packages/airflow/example_dags/example_time_delta_sensor_async.py
[2026-01-04T12:36:12.028+0000] {logging_mixin.py:190} INFO - [2026-01-04T12:36:12.027+0000] {dag.py:3239} INFO - Sync 1 DAGs
[2026-01-04T12:36:12.037+0000] {logging_mixin.py:190} INFO - [2026-01-04T12:36:12.037+0000] {dag.py:4180} INFO - Setting next_dagrun for example_time_delta_sensor_async to None, run_after=None
[2026-01-04T12:36:12.052+0000] {processor.py:208} INFO - Processing /workspaces/f1_data_team/venv/lib/python3.12/site-packages/airflow/example_dags/example_time_delta_sensor_async.py took 0.049 seconds
[2026-01-04T12:37:03.108+0000] {processor.py:186} INFO - Started process (PID=32654) to work on /workspaces/f1_data_team/venv/lib/python3.12/site-packages/airflow/example_dags/example_time_delta_sensor_async.py
[2026-01-04T12:37:03.109+0000] {processor.py:914} INFO - Processing file /workspaces/f1_data_team/venv/lib/python3.12/site-packages/airflow/example_dags/example_time_delta_sensor_async.py for tasks to queue
[2026-01-04T12:37:03.111+0000] {logging_mixin.py:190} INFO - [2026-01-04T12:37:03.111+0000] {dagbag.py:588} INFO - Filling up the DagBag from /workspaces/f1_data_team/venv/lib/python3.12/site-packages/airflow/example_dags/example_time_delta_sensor_async.py
[2026-01-04T12:37:03.117+0000] {processor.py:925} INFO - DAG(s) 'example_time_delta_sensor_async' retrieved from /workspaces/f1_data_team/venv/lib/python3.12/site-packages/airflow/example_dags/example_time_delta_sensor_async.py
[2026-01-04T12:37:03.129+0000] {logging_mixin.py:190} INFO - [2026-01-04T12:37:03.129+0000] {dag.py:3239} INFO - Sync 1 DAGs
[2026-01-04T12:37:03.139+0000] {logging_mixin.py:190} INFO - [2026-01-04T12:37:03.138+0000] {dag.py:4180} INFO - Setting next_dagrun for example_time_delta_sensor_async to None, run_after=None
[2026-01-04T12:37:03.154+0000] {processor.py:208} INFO - Processing /workspaces/f1_data_team/venv/lib/python3.12/site-packages/airflow/example_dags/example_time_delta_sensor_async.py took 0.052 seconds
[2026-01-04T12:37:57.302+0000] {processor.py:186} INFO - Started process (PID=33578) to work on /workspaces/f1_data_team/venv/lib/python3.12/site-packages/airflow/example_dags/example_time_delta_sensor_async.py
[2026-01-04T12:37:57.303+0000] {processor.py:914} INFO - Processing file /workspaces/f1_data_team/venv/lib/python3.12/site-packages/airflow/example_dags/example_time_delta_sensor_async.py for tasks to queue
[2026-01-04T12:37:57.305+0000] {logging_mixin.py:190} INFO - [2026-01-04T12:37:57.305+0000] {dagbag.py:588} INFO - Filling up the DagBag from /workspaces/f1_data_team/venv/lib/python3.12/site-packages/airflow/example_dags/example_time_delta_sensor_async.py
[2026-01-04T12:37:57.311+0000] {processor.py:925} INFO - DAG(s) 'example_time_delta_sensor_async' retrieved from /workspaces/f1_data_team/venv/lib/python3.12/site-packages/airflow/example_dags/example_time_delta_sensor_async.py
[2026-01-04T12:37:57.322+0000] {logging_mixin.py:190} INFO - [2026-01-04T12:37:57.322+0000] {dag.py:3239} INFO - Sync 1 DAGs
[2026-01-04T12:37:57.332+0000] {logging_mixin.py:190} INFO - [2026-01-04T12:37:57.332+0000] {dag.py:4180} INFO - Setting next_dagrun for example_time_delta_sensor_async to None, run_after=None
[2026-01-04T12:37:57.347+0000] {processor.py:208} INFO - Processing /workspaces/f1_data_team/venv/lib/python3.12/site-packages/airflow/example_dags/example_time_delta_sensor_async.py took 0.049 seconds
[2026-01-04T12:38:49.067+0000] {processor.py:186} INFO - Started process (PID=34044) to work on /workspaces/f1_data_team/venv/lib/python3.12/site-packages/airflow/example_dags/example_time_delta_sensor_async.py
[2026-01-04T12:38:49.067+0000] {processor.py:914} INFO - Processing file /workspaces/f1_data_team/venv/lib/python3.12/site-packages/airflow/example_dags/example_time_delta_sensor_async.py for tasks to queue
[2026-01-04T12:38:49.070+0000] {logging_mixin.py:190} INFO - [2026-01-04T12:38:49.069+0000] {dagbag.py:588} INFO - Filling up the DagBag from /workspaces/f1_data_team/venv/lib/python3.12/site-packages/airflow/example_dags/example_time_delta_sensor_async.py
[2026-01-04T12:38:49.075+0000] {processor.py:925} INFO - DAG(s) 'example_time_delta_sensor_async' retrieved from /workspaces/f1_data_team/venv/lib/python3.12/site-packages/airflow/example_dags/example_time_delta_sensor_async.py
[2026-01-04T12:38:49.087+0000] {logging_mixin.py:190} INFO - [2026-01-04T12:38:49.087+0000] {dag.py:3239} INFO - Sync 1 DAGs
[2026-01-04T12:38:49.097+0000] {logging_mixin.py:190} INFO - [2026-01-04T12:38:49.097+0000] {dag.py:4180} INFO - Setting next_dagrun for example_time_delta_sensor_async to None, run_after=None
[2026-01-04T12:38:49.111+0000] {processor.py:208} INFO - Processing /workspaces/f1_data_team/venv/lib/python3.12/site-packages/airflow/example_dags/example_time_delta_sensor_async.py took 0.049 seconds
[2026-01-04T12:39:43.572+0000] {processor.py:186} INFO - Started process (PID=34566) to work on /workspaces/f1_data_team/venv/lib/python3.12/site-packages/airflow/example_dags/example_time_delta_sensor_async.py
[2026-01-04T12:39:43.573+0000] {processor.py:914} INFO - Processing file /workspaces/f1_data_team/venv/lib/python3.12/site-packages/airflow/example_dags/example_time_delta_sensor_async.py for tasks to queue
[2026-01-04T12:39:43.575+0000] {logging_mixin.py:190} INFO - [2026-01-04T12:39:43.574+0000] {dagbag.py:588} INFO - Filling up the DagBag from /workspaces/f1_data_team/venv/lib/python3.12/site-packages/airflow/example_dags/example_time_delta_sensor_async.py
[2026-01-04T12:39:43.581+0000] {processor.py:925} INFO - DAG(s) 'example_time_delta_sensor_async' retrieved from /workspaces/f1_data_team/venv/lib/python3.12/site-packages/airflow/example_dags/example_time_delta_sensor_async.py
[2026-01-04T12:39:43.593+0000] {logging_mixin.py:190} INFO - [2026-01-04T12:39:43.593+0000] {dag.py:3239} INFO - Sync 1 DAGs
[2026-01-04T12:39:43.602+0000] {logging_mixin.py:190} INFO - [2026-01-04T12:39:43.602+0000] {dag.py:4180} INFO - Setting next_dagrun for example_time_delta_sensor_async to None, run_after=None
[2026-01-04T12:39:43.618+0000] {processor.py:208} INFO - Processing /workspaces/f1_data_team/venv/lib/python3.12/site-packages/airflow/example_dags/example_time_delta_sensor_async.py took 0.050 seconds
[2026-01-04T12:40:36.583+0000] {processor.py:186} INFO - Started process (PID=35097) to work on /workspaces/f1_data_team/venv/lib/python3.12/site-packages/airflow/example_dags/example_time_delta_sensor_async.py
[2026-01-04T12:40:36.584+0000] {processor.py:914} INFO - Processing file /workspaces/f1_data_team/venv/lib/python3.12/site-packages/airflow/example_dags/example_time_delta_sensor_async.py for tasks to queue
[2026-01-04T12:40:36.586+0000] {logging_mixin.py:190} INFO - [2026-01-04T12:40:36.585+0000] {dagbag.py:588} INFO - Filling up the DagBag from /workspaces/f1_data_team/venv/lib/python3.12/site-packages/airflow/example_dags/example_time_delta_sensor_async.py
[2026-01-04T12:40:36.591+0000] {processor.py:925} INFO - DAG(s) 'example_time_delta_sensor_async' retrieved from /workspaces/f1_data_team/venv/lib/python3.12/site-packages/airflow/example_dags/example_time_delta_sensor_async.py
[2026-01-04T12:40:36.603+0000] {logging_mixin.py:190} INFO - [2026-01-04T12:40:36.603+0000] {dag.py:3239} INFO - Sync 1 DAGs
[2026-01-04T12:40:36.613+0000] {logging_mixin.py:190} INFO - [2026-01-04T12:40:36.613+0000] {dag.py:4180} INFO - Setting next_dagrun for example_time_delta_sensor_async to None, run_after=None
[2026-01-04T12:40:36.627+0000] {processor.py:208} INFO - Processing /workspaces/f1_data_team/venv/lib/python3.12/site-packages/airflow/example_dags/example_time_delta_sensor_async.py took 0.049 seconds
[2026-01-04T12:41:30.397+0000] {processor.py:186} INFO - Started process (PID=35844) to work on /workspaces/f1_data_team/venv/lib/python3.12/site-packages/airflow/example_dags/example_time_delta_sensor_async.py
[2026-01-04T12:41:30.398+0000] {processor.py:914} INFO - Processing file /workspaces/f1_data_team/venv/lib/python3.12/site-packages/airflow/example_dags/example_time_delta_sensor_async.py for tasks to queue
[2026-01-04T12:41:30.400+0000] {logging_mixin.py:190} INFO - [2026-01-04T12:41:30.400+0000] {dagbag.py:588} INFO - Filling up the DagBag from /workspaces/f1_data_team/venv/lib/python3.12/site-packages/airflow/example_dags/example_time_delta_sensor_async.py
[2026-01-04T12:41:30.406+0000] {processor.py:925} INFO - DAG(s) 'example_time_delta_sensor_async' retrieved from /workspaces/f1_data_team/venv/lib/python3.12/site-packages/airflow/example_dags/example_time_delta_sensor_async.py
[2026-01-04T12:41:30.423+0000] {logging_mixin.py:190} INFO - [2026-01-04T12:41:30.423+0000] {dag.py:3239} INFO - Sync 1 DAGs
[2026-01-04T12:41:30.433+0000] {logging_mixin.py:190} INFO - [2026-01-04T12:41:30.432+0000] {dag.py:4180} INFO - Setting next_dagrun for example_time_delta_sensor_async to None, run_after=None
[2026-01-04T12:41:30.448+0000] {processor.py:208} INFO - Processing /workspaces/f1_data_team/venv/lib/python3.12/site-packages/airflow/example_dags/example_time_delta_sensor_async.py took 0.056 seconds
[2026-01-04T12:42:35.596+0000] {processor.py:186} INFO - Started process (PID=36925) to work on /workspaces/f1_data_team/venv/lib/python3.12/site-packages/airflow/example_dags/example_time_delta_sensor_async.py
[2026-01-04T12:42:35.596+0000] {processor.py:914} INFO - Processing file /workspaces/f1_data_team/venv/lib/python3.12/site-packages/airflow/example_dags/example_time_delta_sensor_async.py for tasks to queue
[2026-01-04T12:42:35.599+0000] {logging_mixin.py:190} INFO - [2026-01-04T12:42:35.598+0000] {dagbag.py:588} INFO - Filling up the DagBag from /workspaces/f1_data_team/venv/lib/python3.12/site-packages/airflow/example_dags/example_time_delta_sensor_async.py
[2026-01-04T12:42:35.604+0000] {processor.py:925} INFO - DAG(s) 'example_time_delta_sensor_async' retrieved from /workspaces/f1_data_team/venv/lib/python3.12/site-packages/airflow/example_dags/example_time_delta_sensor_async.py
[2026-01-04T12:42:35.616+0000] {logging_mixin.py:190} INFO - [2026-01-04T12:42:35.615+0000] {dag.py:3239} INFO - Sync 1 DAGs
[2026-01-04T12:42:35.626+0000] {logging_mixin.py:190} INFO - [2026-01-04T12:42:35.625+0000] {dag.py:4180} INFO - Setting next_dagrun for example_time_delta_sensor_async to None, run_after=None
[2026-01-04T12:42:35.640+0000] {processor.py:208} INFO - Processing /workspaces/f1_data_team/venv/lib/python3.12/site-packages/airflow/example_dags/example_time_delta_sensor_async.py took 0.049 seconds
[2026-01-04T12:43:32.221+0000] {processor.py:186} INFO - Started process (PID=37598) to work on /workspaces/f1_data_team/venv/lib/python3.12/site-packages/airflow/example_dags/example_time_delta_sensor_async.py
[2026-01-04T12:43:32.222+0000] {processor.py:914} INFO - Processing file /workspaces/f1_data_team/venv/lib/python3.12/site-packages/airflow/example_dags/example_time_delta_sensor_async.py for tasks to queue
[2026-01-04T12:43:32.224+0000] {logging_mixin.py:190} INFO - [2026-01-04T12:43:32.223+0000] {dagbag.py:588} INFO - Filling up the DagBag from /workspaces/f1_data_team/venv/lib/python3.12/site-packages/airflow/example_dags/example_time_delta_sensor_async.py
[2026-01-04T12:43:32.230+0000] {processor.py:925} INFO - DAG(s) 'example_time_delta_sensor_async' retrieved from /workspaces/f1_data_team/venv/lib/python3.12/site-packages/airflow/example_dags/example_time_delta_sensor_async.py
[2026-01-04T12:43:32.244+0000] {logging_mixin.py:190} INFO - [2026-01-04T12:43:32.243+0000] {dag.py:3239} INFO - Sync 1 DAGs
[2026-01-04T12:43:32.253+0000] {logging_mixin.py:190} INFO - [2026-01-04T12:43:32.253+0000] {dag.py:4180} INFO - Setting next_dagrun for example_time_delta_sensor_async to None, run_after=None
[2026-01-04T12:43:32.267+0000] {processor.py:208} INFO - Processing /workspaces/f1_data_team/venv/lib/python3.12/site-packages/airflow/example_dags/example_time_delta_sensor_async.py took 0.051 seconds
[2026-01-04T12:44:23.594+0000] {processor.py:186} INFO - Started process (PID=38204) to work on /workspaces/f1_data_team/venv/lib/python3.12/site-packages/airflow/example_dags/example_time_delta_sensor_async.py
[2026-01-04T12:44:23.594+0000] {processor.py:914} INFO - Processing file /workspaces/f1_data_team/venv/lib/python3.12/site-packages/airflow/example_dags/example_time_delta_sensor_async.py for tasks to queue
[2026-01-04T12:44:23.597+0000] {logging_mixin.py:190} INFO - [2026-01-04T12:44:23.596+0000] {dagbag.py:588} INFO - Filling up the DagBag from /workspaces/f1_data_team/venv/lib/python3.12/site-packages/airflow/example_dags/example_time_delta_sensor_async.py
[2026-01-04T12:44:23.602+0000] {processor.py:925} INFO - DAG(s) 'example_time_delta_sensor_async' retrieved from /workspaces/f1_data_team/venv/lib/python3.12/site-packages/airflow/example_dags/example_time_delta_sensor_async.py
[2026-01-04T12:44:23.618+0000] {logging_mixin.py:190} INFO - [2026-01-04T12:44:23.617+0000] {dag.py:3239} INFO - Sync 1 DAGs
[2026-01-04T12:44:23.632+0000] {logging_mixin.py:190} INFO - [2026-01-04T12:44:23.632+0000] {dag.py:4180} INFO - Setting next_dagrun for example_time_delta_sensor_async to None, run_after=None
[2026-01-04T12:44:23.659+0000] {processor.py:208} INFO - Processing /workspaces/f1_data_team/venv/lib/python3.12/site-packages/airflow/example_dags/example_time_delta_sensor_async.py took 0.072 seconds
[2026-01-04T12:45:22.011+0000] {processor.py:186} INFO - Started process (PID=39273) to work on /workspaces/f1_data_team/venv/lib/python3.12/site-packages/airflow/example_dags/example_time_delta_sensor_async.py
[2026-01-04T12:45:22.012+0000] {processor.py:914} INFO - Processing file /workspaces/f1_data_team/venv/lib/python3.12/site-packages/airflow/example_dags/example_time_delta_sensor_async.py for tasks to queue
[2026-01-04T12:45:22.014+0000] {logging_mixin.py:190} INFO - [2026-01-04T12:45:22.014+0000] {dagbag.py:588} INFO - Filling up the DagBag from /workspaces/f1_data_team/venv/lib/python3.12/site-packages/airflow/example_dags/example_time_delta_sensor_async.py
[2026-01-04T12:45:22.019+0000] {processor.py:925} INFO - DAG(s) 'example_time_delta_sensor_async' retrieved from /workspaces/f1_data_team/venv/lib/python3.12/site-packages/airflow/example_dags/example_time_delta_sensor_async.py
[2026-01-04T12:45:22.031+0000] {logging_mixin.py:190} INFO - [2026-01-04T12:45:22.031+0000] {dag.py:3239} INFO - Sync 1 DAGs
[2026-01-04T12:45:22.041+0000] {logging_mixin.py:190} INFO - [2026-01-04T12:45:22.041+0000] {dag.py:4180} INFO - Setting next_dagrun for example_time_delta_sensor_async to None, run_after=None
[2026-01-04T12:45:22.056+0000] {processor.py:208} INFO - Processing /workspaces/f1_data_team/venv/lib/python3.12/site-packages/airflow/example_dags/example_time_delta_sensor_async.py took 0.049 seconds
[2026-01-04T12:46:17.550+0000] {processor.py:186} INFO - Started process (PID=39854) to work on /workspaces/f1_data_team/venv/lib/python3.12/site-packages/airflow/example_dags/example_time_delta_sensor_async.py
[2026-01-04T12:46:17.550+0000] {processor.py:914} INFO - Processing file /workspaces/f1_data_team/venv/lib/python3.12/site-packages/airflow/example_dags/example_time_delta_sensor_async.py for tasks to queue
[2026-01-04T12:46:17.552+0000] {logging_mixin.py:190} INFO - [2026-01-04T12:46:17.552+0000] {dagbag.py:588} INFO - Filling up the DagBag from /workspaces/f1_data_team/venv/lib/python3.12/site-packages/airflow/example_dags/example_time_delta_sensor_async.py
[2026-01-04T12:46:17.558+0000] {processor.py:925} INFO - DAG(s) 'example_time_delta_sensor_async' retrieved from /workspaces/f1_data_team/venv/lib/python3.12/site-packages/airflow/example_dags/example_time_delta_sensor_async.py
[2026-01-04T12:46:17.570+0000] {logging_mixin.py:190} INFO - [2026-01-04T12:46:17.570+0000] {dag.py:3239} INFO - Sync 1 DAGs
[2026-01-04T12:46:17.579+0000] {logging_mixin.py:190} INFO - [2026-01-04T12:46:17.579+0000] {dag.py:4180} INFO - Setting next_dagrun for example_time_delta_sensor_async to None, run_after=None
[2026-01-04T12:46:17.594+0000] {processor.py:208} INFO - Processing /workspaces/f1_data_team/venv/lib/python3.12/site-packages/airflow/example_dags/example_time_delta_sensor_async.py took 0.049 seconds
[2026-01-04T12:47:09.049+0000] {processor.py:186} INFO - Started process (PID=40335) to work on /workspaces/f1_data_team/venv/lib/python3.12/site-packages/airflow/example_dags/example_time_delta_sensor_async.py
[2026-01-04T12:47:09.050+0000] {processor.py:914} INFO - Processing file /workspaces/f1_data_team/venv/lib/python3.12/site-packages/airflow/example_dags/example_time_delta_sensor_async.py for tasks to queue
[2026-01-04T12:47:09.052+0000] {logging_mixin.py:190} INFO - [2026-01-04T12:47:09.052+0000] {dagbag.py:588} INFO - Filling up the DagBag from /workspaces/f1_data_team/venv/lib/python3.12/site-packages/airflow/example_dags/example_time_delta_sensor_async.py
[2026-01-04T12:47:09.058+0000] {processor.py:925} INFO - DAG(s) 'example_time_delta_sensor_async' retrieved from /workspaces/f1_data_team/venv/lib/python3.12/site-packages/airflow/example_dags/example_time_delta_sensor_async.py
[2026-01-04T12:47:09.072+0000] {logging_mixin.py:190} INFO - [2026-01-04T12:47:09.071+0000] {dag.py:3239} INFO - Sync 1 DAGs
[2026-01-04T12:47:09.081+0000] {logging_mixin.py:190} INFO - [2026-01-04T12:47:09.081+0000] {dag.py:4180} INFO - Setting next_dagrun for example_time_delta_sensor_async to None, run_after=None
[2026-01-04T12:47:09.096+0000] {processor.py:208} INFO - Processing /workspaces/f1_data_team/venv/lib/python3.12/site-packages/airflow/example_dags/example_time_delta_sensor_async.py took 0.051 seconds
[2026-01-04T12:47:59.823+0000] {processor.py:186} INFO - Started process (PID=40850) to work on /workspaces/f1_data_team/venv/lib/python3.12/site-packages/airflow/example_dags/example_time_delta_sensor_async.py
[2026-01-04T12:47:59.824+0000] {processor.py:914} INFO - Processing file /workspaces/f1_data_team/venv/lib/python3.12/site-packages/airflow/example_dags/example_time_delta_sensor_async.py for tasks to queue
[2026-01-04T12:47:59.826+0000] {logging_mixin.py:190} INFO - [2026-01-04T12:47:59.826+0000] {dagbag.py:588} INFO - Filling up the DagBag from /workspaces/f1_data_team/venv/lib/python3.12/site-packages/airflow/example_dags/example_time_delta_sensor_async.py
[2026-01-04T12:47:59.832+0000] {processor.py:925} INFO - DAG(s) 'example_time_delta_sensor_async' retrieved from /workspaces/f1_data_team/venv/lib/python3.12/site-packages/airflow/example_dags/example_time_delta_sensor_async.py
[2026-01-04T12:47:59.849+0000] {logging_mixin.py:190} INFO - [2026-01-04T12:47:59.848+0000] {dag.py:3239} INFO - Sync 1 DAGs
[2026-01-04T12:47:59.860+0000] {logging_mixin.py:190} INFO - [2026-01-04T12:47:59.860+0000] {dag.py:4180} INFO - Setting next_dagrun for example_time_delta_sensor_async to None, run_after=None
[2026-01-04T12:47:59.875+0000] {processor.py:208} INFO - Processing /workspaces/f1_data_team/venv/lib/python3.12/site-packages/airflow/example_dags/example_time_delta_sensor_async.py took 0.056 seconds
[2026-01-04T12:48:49.377+0000] {processor.py:186} INFO - Started process (PID=41727) to work on /workspaces/f1_data_team/venv/lib/python3.12/site-packages/airflow/example_dags/example_time_delta_sensor_async.py
[2026-01-04T12:48:49.377+0000] {processor.py:914} INFO - Processing file /workspaces/f1_data_team/venv/lib/python3.12/site-packages/airflow/example_dags/example_time_delta_sensor_async.py for tasks to queue
[2026-01-04T12:48:49.379+0000] {logging_mixin.py:190} INFO - [2026-01-04T12:48:49.379+0000] {dagbag.py:588} INFO - Filling up the DagBag from /workspaces/f1_data_team/venv/lib/python3.12/site-packages/airflow/example_dags/example_time_delta_sensor_async.py
[2026-01-04T12:48:49.385+0000] {processor.py:925} INFO - DAG(s) 'example_time_delta_sensor_async' retrieved from /workspaces/f1_data_team/venv/lib/python3.12/site-packages/airflow/example_dags/example_time_delta_sensor_async.py
[2026-01-04T12:48:49.401+0000] {logging_mixin.py:190} INFO - [2026-01-04T12:48:49.401+0000] {dag.py:3239} INFO - Sync 1 DAGs
[2026-01-04T12:48:49.411+0000] {logging_mixin.py:190} INFO - [2026-01-04T12:48:49.411+0000] {dag.py:4180} INFO - Setting next_dagrun for example_time_delta_sensor_async to None, run_after=None
[2026-01-04T12:48:49.428+0000] {processor.py:208} INFO - Processing /workspaces/f1_data_team/venv/lib/python3.12/site-packages/airflow/example_dags/example_time_delta_sensor_async.py took 0.057 seconds
[2026-01-04T12:49:47.883+0000] {processor.py:186} INFO - Started process (PID=42509) to work on /workspaces/f1_data_team/venv/lib/python3.12/site-packages/airflow/example_dags/example_time_delta_sensor_async.py
[2026-01-04T12:49:47.884+0000] {processor.py:914} INFO - Processing file /workspaces/f1_data_team/venv/lib/python3.12/site-packages/airflow/example_dags/example_time_delta_sensor_async.py for tasks to queue
[2026-01-04T12:49:47.886+0000] {logging_mixin.py:190} INFO - [2026-01-04T12:49:47.886+0000] {dagbag.py:588} INFO - Filling up the DagBag from /workspaces/f1_data_team/venv/lib/python3.12/site-packages/airflow/example_dags/example_time_delta_sensor_async.py
[2026-01-04T12:49:47.892+0000] {processor.py:925} INFO - DAG(s) 'example_time_delta_sensor_async' retrieved from /workspaces/f1_data_team/venv/lib/python3.12/site-packages/airflow/example_dags/example_time_delta_sensor_async.py
[2026-01-04T12:49:47.904+0000] {logging_mixin.py:190} INFO - [2026-01-04T12:49:47.903+0000] {dag.py:3239} INFO - Sync 1 DAGs
[2026-01-04T12:49:47.913+0000] {logging_mixin.py:190} INFO - [2026-01-04T12:49:47.913+0000] {dag.py:4180} INFO - Setting next_dagrun for example_time_delta_sensor_async to None, run_after=None
[2026-01-04T12:49:47.928+0000] {processor.py:208} INFO - Processing /workspaces/f1_data_team/venv/lib/python3.12/site-packages/airflow/example_dags/example_time_delta_sensor_async.py took 0.050 seconds
[2026-01-04T12:50:41.774+0000] {processor.py:186} INFO - Started process (PID=43049) to work on /workspaces/f1_data_team/venv/lib/python3.12/site-packages/airflow/example_dags/example_time_delta_sensor_async.py
[2026-01-04T12:50:41.774+0000] {processor.py:914} INFO - Processing file /workspaces/f1_data_team/venv/lib/python3.12/site-packages/airflow/example_dags/example_time_delta_sensor_async.py for tasks to queue
[2026-01-04T12:50:41.777+0000] {logging_mixin.py:190} INFO - [2026-01-04T12:50:41.776+0000] {dagbag.py:588} INFO - Filling up the DagBag from /workspaces/f1_data_team/venv/lib/python3.12/site-packages/airflow/example_dags/example_time_delta_sensor_async.py
[2026-01-04T12:50:41.782+0000] {processor.py:925} INFO - DAG(s) 'example_time_delta_sensor_async' retrieved from /workspaces/f1_data_team/venv/lib/python3.12/site-packages/airflow/example_dags/example_time_delta_sensor_async.py
[2026-01-04T12:50:41.794+0000] {logging_mixin.py:190} INFO - [2026-01-04T12:50:41.794+0000] {dag.py:3239} INFO - Sync 1 DAGs
[2026-01-04T12:50:41.803+0000] {logging_mixin.py:190} INFO - [2026-01-04T12:50:41.803+0000] {dag.py:4180} INFO - Setting next_dagrun for example_time_delta_sensor_async to None, run_after=None
[2026-01-04T12:50:41.819+0000] {processor.py:208} INFO - Processing /workspaces/f1_data_team/venv/lib/python3.12/site-packages/airflow/example_dags/example_time_delta_sensor_async.py took 0.050 seconds
[2026-01-04T12:51:18.751+0000] {processor.py:186} INFO - Started process (PID=43666) to work on /workspaces/f1_data_team/venv/lib/python3.12/site-packages/airflow/example_dags/example_time_delta_sensor_async.py
[2026-01-04T12:51:18.752+0000] {processor.py:914} INFO - Processing file /workspaces/f1_data_team/venv/lib/python3.12/site-packages/airflow/example_dags/example_time_delta_sensor_async.py for tasks to queue
[2026-01-04T12:51:18.754+0000] {logging_mixin.py:190} INFO - [2026-01-04T12:51:18.753+0000] {dagbag.py:588} INFO - Filling up the DagBag from /workspaces/f1_data_team/venv/lib/python3.12/site-packages/airflow/example_dags/example_time_delta_sensor_async.py
[2026-01-04T12:51:18.759+0000] {processor.py:925} INFO - DAG(s) 'example_time_delta_sensor_async' retrieved from /workspaces/f1_data_team/venv/lib/python3.12/site-packages/airflow/example_dags/example_time_delta_sensor_async.py
[2026-01-04T12:51:18.775+0000] {logging_mixin.py:190} INFO - [2026-01-04T12:51:18.775+0000] {dag.py:3239} INFO - Sync 1 DAGs
[2026-01-04T12:51:18.785+0000] {logging_mixin.py:190} INFO - [2026-01-04T12:51:18.784+0000] {dag.py:4180} INFO - Setting next_dagrun for example_time_delta_sensor_async to None, run_after=None
[2026-01-04T12:51:18.799+0000] {processor.py:208} INFO - Processing /workspaces/f1_data_team/venv/lib/python3.12/site-packages/airflow/example_dags/example_time_delta_sensor_async.py took 0.053 seconds
[2026-01-04T12:52:23.342+0000] {processor.py:186} INFO - Started process (PID=44895) to work on /workspaces/f1_data_team/venv/lib/python3.12/site-packages/airflow/example_dags/example_time_delta_sensor_async.py
[2026-01-04T12:52:23.342+0000] {processor.py:914} INFO - Processing file /workspaces/f1_data_team/venv/lib/python3.12/site-packages/airflow/example_dags/example_time_delta_sensor_async.py for tasks to queue
[2026-01-04T12:52:23.344+0000] {logging_mixin.py:190} INFO - [2026-01-04T12:52:23.344+0000] {dagbag.py:588} INFO - Filling up the DagBag from /workspaces/f1_data_team/venv/lib/python3.12/site-packages/airflow/example_dags/example_time_delta_sensor_async.py
[2026-01-04T12:52:23.350+0000] {processor.py:925} INFO - DAG(s) 'example_time_delta_sensor_async' retrieved from /workspaces/f1_data_team/venv/lib/python3.12/site-packages/airflow/example_dags/example_time_delta_sensor_async.py
[2026-01-04T12:52:23.362+0000] {logging_mixin.py:190} INFO - [2026-01-04T12:52:23.362+0000] {dag.py:3239} INFO - Sync 1 DAGs
[2026-01-04T12:52:23.372+0000] {logging_mixin.py:190} INFO - [2026-01-04T12:52:23.372+0000] {dag.py:4180} INFO - Setting next_dagrun for example_time_delta_sensor_async to None, run_after=None
[2026-01-04T12:52:23.389+0000] {processor.py:208} INFO - Processing /workspaces/f1_data_team/venv/lib/python3.12/site-packages/airflow/example_dags/example_time_delta_sensor_async.py took 0.052 seconds
[2026-01-04T12:53:20.124+0000] {processor.py:186} INFO - Started process (PID=45694) to work on /workspaces/f1_data_team/venv/lib/python3.12/site-packages/airflow/example_dags/example_time_delta_sensor_async.py
[2026-01-04T12:53:20.125+0000] {processor.py:914} INFO - Processing file /workspaces/f1_data_team/venv/lib/python3.12/site-packages/airflow/example_dags/example_time_delta_sensor_async.py for tasks to queue
[2026-01-04T12:53:20.127+0000] {logging_mixin.py:190} INFO - [2026-01-04T12:53:20.126+0000] {dagbag.py:588} INFO - Filling up the DagBag from /workspaces/f1_data_team/venv/lib/python3.12/site-packages/airflow/example_dags/example_time_delta_sensor_async.py
[2026-01-04T12:53:20.132+0000] {processor.py:925} INFO - DAG(s) 'example_time_delta_sensor_async' retrieved from /workspaces/f1_data_team/venv/lib/python3.12/site-packages/airflow/example_dags/example_time_delta_sensor_async.py
[2026-01-04T12:53:20.144+0000] {logging_mixin.py:190} INFO - [2026-01-04T12:53:20.144+0000] {dag.py:3239} INFO - Sync 1 DAGs
[2026-01-04T12:53:20.154+0000] {logging_mixin.py:190} INFO - [2026-01-04T12:53:20.154+0000] {dag.py:4180} INFO - Setting next_dagrun for example_time_delta_sensor_async to None, run_after=None
[2026-01-04T12:53:20.169+0000] {processor.py:208} INFO - Processing /workspaces/f1_data_team/venv/lib/python3.12/site-packages/airflow/example_dags/example_time_delta_sensor_async.py took 0.050 seconds
[2026-01-04T12:54:14.273+0000] {processor.py:186} INFO - Started process (PID=46362) to work on /workspaces/f1_data_team/venv/lib/python3.12/site-packages/airflow/example_dags/example_time_delta_sensor_async.py
[2026-01-04T12:54:14.274+0000] {processor.py:914} INFO - Processing file /workspaces/f1_data_team/venv/lib/python3.12/site-packages/airflow/example_dags/example_time_delta_sensor_async.py for tasks to queue
[2026-01-04T12:54:14.276+0000] {logging_mixin.py:190} INFO - [2026-01-04T12:54:14.276+0000] {dagbag.py:588} INFO - Filling up the DagBag from /workspaces/f1_data_team/venv/lib/python3.12/site-packages/airflow/example_dags/example_time_delta_sensor_async.py
[2026-01-04T12:54:14.282+0000] {processor.py:925} INFO - DAG(s) 'example_time_delta_sensor_async' retrieved from /workspaces/f1_data_team/venv/lib/python3.12/site-packages/airflow/example_dags/example_time_delta_sensor_async.py
[2026-01-04T12:54:14.294+0000] {logging_mixin.py:190} INFO - [2026-01-04T12:54:14.293+0000] {dag.py:3239} INFO - Sync 1 DAGs
[2026-01-04T12:54:14.303+0000] {logging_mixin.py:190} INFO - [2026-01-04T12:54:14.303+0000] {dag.py:4180} INFO - Setting next_dagrun for example_time_delta_sensor_async to None, run_after=None
[2026-01-04T12:54:14.318+0000] {processor.py:208} INFO - Processing /workspaces/f1_data_team/venv/lib/python3.12/site-packages/airflow/example_dags/example_time_delta_sensor_async.py took 0.049 seconds
[2026-01-04T12:55:20.288+0000] {processor.py:186} INFO - Started process (PID=47611) to work on /workspaces/f1_data_team/venv/lib/python3.12/site-packages/airflow/example_dags/example_time_delta_sensor_async.py
[2026-01-04T12:55:20.289+0000] {processor.py:914} INFO - Processing file /workspaces/f1_data_team/venv/lib/python3.12/site-packages/airflow/example_dags/example_time_delta_sensor_async.py for tasks to queue
[2026-01-04T12:55:20.291+0000] {logging_mixin.py:190} INFO - [2026-01-04T12:55:20.291+0000] {dagbag.py:588} INFO - Filling up the DagBag from /workspaces/f1_data_team/venv/lib/python3.12/site-packages/airflow/example_dags/example_time_delta_sensor_async.py
[2026-01-04T12:55:20.296+0000] {processor.py:925} INFO - DAG(s) 'example_time_delta_sensor_async' retrieved from /workspaces/f1_data_team/venv/lib/python3.12/site-packages/airflow/example_dags/example_time_delta_sensor_async.py
[2026-01-04T12:55:20.308+0000] {logging_mixin.py:190} INFO - [2026-01-04T12:55:20.308+0000] {dag.py:3239} INFO - Sync 1 DAGs
[2026-01-04T12:55:20.318+0000] {logging_mixin.py:190} INFO - [2026-01-04T12:55:20.318+0000] {dag.py:4180} INFO - Setting next_dagrun for example_time_delta_sensor_async to None, run_after=None
[2026-01-04T12:55:20.332+0000] {processor.py:208} INFO - Processing /workspaces/f1_data_team/venv/lib/python3.12/site-packages/airflow/example_dags/example_time_delta_sensor_async.py took 0.049 seconds
[2026-01-04T12:56:17.840+0000] {processor.py:186} INFO - Started process (PID=48186) to work on /workspaces/f1_data_team/venv/lib/python3.12/site-packages/airflow/example_dags/example_time_delta_sensor_async.py
[2026-01-04T12:56:17.841+0000] {processor.py:914} INFO - Processing file /workspaces/f1_data_team/venv/lib/python3.12/site-packages/airflow/example_dags/example_time_delta_sensor_async.py for tasks to queue
[2026-01-04T12:56:17.843+0000] {logging_mixin.py:190} INFO - [2026-01-04T12:56:17.843+0000] {dagbag.py:588} INFO - Filling up the DagBag from /workspaces/f1_data_team/venv/lib/python3.12/site-packages/airflow/example_dags/example_time_delta_sensor_async.py
[2026-01-04T12:56:17.849+0000] {processor.py:925} INFO - DAG(s) 'example_time_delta_sensor_async' retrieved from /workspaces/f1_data_team/venv/lib/python3.12/site-packages/airflow/example_dags/example_time_delta_sensor_async.py
[2026-01-04T12:56:17.861+0000] {logging_mixin.py:190} INFO - [2026-01-04T12:56:17.861+0000] {dag.py:3239} INFO - Sync 1 DAGs
[2026-01-04T12:56:17.871+0000] {logging_mixin.py:190} INFO - [2026-01-04T12:56:17.871+0000] {dag.py:4180} INFO - Setting next_dagrun for example_time_delta_sensor_async to None, run_after=None
[2026-01-04T12:56:17.886+0000] {processor.py:208} INFO - Processing /workspaces/f1_data_team/venv/lib/python3.12/site-packages/airflow/example_dags/example_time_delta_sensor_async.py took 0.050 seconds
[2026-01-04T12:57:08.122+0000] {processor.py:186} INFO - Started process (PID=48656) to work on /workspaces/f1_data_team/venv/lib/python3.12/site-packages/airflow/example_dags/example_time_delta_sensor_async.py
[2026-01-04T12:57:08.123+0000] {processor.py:914} INFO - Processing file /workspaces/f1_data_team/venv/lib/python3.12/site-packages/airflow/example_dags/example_time_delta_sensor_async.py for tasks to queue
[2026-01-04T12:57:08.125+0000] {logging_mixin.py:190} INFO - [2026-01-04T12:57:08.125+0000] {dagbag.py:588} INFO - Filling up the DagBag from /workspaces/f1_data_team/venv/lib/python3.12/site-packages/airflow/example_dags/example_time_delta_sensor_async.py
[2026-01-04T12:57:08.131+0000] {processor.py:925} INFO - DAG(s) 'example_time_delta_sensor_async' retrieved from /workspaces/f1_data_team/venv/lib/python3.12/site-packages/airflow/example_dags/example_time_delta_sensor_async.py
[2026-01-04T12:57:08.143+0000] {logging_mixin.py:190} INFO - [2026-01-04T12:57:08.142+0000] {dag.py:3239} INFO - Sync 1 DAGs
[2026-01-04T12:57:08.152+0000] {logging_mixin.py:190} INFO - [2026-01-04T12:57:08.152+0000] {dag.py:4180} INFO - Setting next_dagrun for example_time_delta_sensor_async to None, run_after=None
[2026-01-04T12:57:08.167+0000] {processor.py:208} INFO - Processing /workspaces/f1_data_team/venv/lib/python3.12/site-packages/airflow/example_dags/example_time_delta_sensor_async.py took 0.049 seconds
[2026-01-04T12:57:59.486+0000] {processor.py:186} INFO - Started process (PID=49092) to work on /workspaces/f1_data_team/venv/lib/python3.12/site-packages/airflow/example_dags/example_time_delta_sensor_async.py
[2026-01-04T12:57:59.487+0000] {processor.py:914} INFO - Processing file /workspaces/f1_data_team/venv/lib/python3.12/site-packages/airflow/example_dags/example_time_delta_sensor_async.py for tasks to queue
[2026-01-04T12:57:59.489+0000] {logging_mixin.py:190} INFO - [2026-01-04T12:57:59.489+0000] {dagbag.py:588} INFO - Filling up the DagBag from /workspaces/f1_data_team/venv/lib/python3.12/site-packages/airflow/example_dags/example_time_delta_sensor_async.py
[2026-01-04T12:57:59.496+0000] {processor.py:925} INFO - DAG(s) 'example_time_delta_sensor_async' retrieved from /workspaces/f1_data_team/venv/lib/python3.12/site-packages/airflow/example_dags/example_time_delta_sensor_async.py
[2026-01-04T12:57:59.508+0000] {logging_mixin.py:190} INFO - [2026-01-04T12:57:59.508+0000] {dag.py:3239} INFO - Sync 1 DAGs
[2026-01-04T12:57:59.519+0000] {logging_mixin.py:190} INFO - [2026-01-04T12:57:59.519+0000] {dag.py:4180} INFO - Setting next_dagrun for example_time_delta_sensor_async to None, run_after=None
[2026-01-04T12:57:59.535+0000] {processor.py:208} INFO - Processing /workspaces/f1_data_team/venv/lib/python3.12/site-packages/airflow/example_dags/example_time_delta_sensor_async.py took 0.053 seconds
[2026-01-04T12:58:52.697+0000] {processor.py:186} INFO - Started process (PID=49604) to work on /workspaces/f1_data_team/venv/lib/python3.12/site-packages/airflow/example_dags/example_time_delta_sensor_async.py
[2026-01-04T12:58:52.697+0000] {processor.py:914} INFO - Processing file /workspaces/f1_data_team/venv/lib/python3.12/site-packages/airflow/example_dags/example_time_delta_sensor_async.py for tasks to queue
[2026-01-04T12:58:52.699+0000] {logging_mixin.py:190} INFO - [2026-01-04T12:58:52.699+0000] {dagbag.py:588} INFO - Filling up the DagBag from /workspaces/f1_data_team/venv/lib/python3.12/site-packages/airflow/example_dags/example_time_delta_sensor_async.py
[2026-01-04T12:58:52.705+0000] {processor.py:925} INFO - DAG(s) 'example_time_delta_sensor_async' retrieved from /workspaces/f1_data_team/venv/lib/python3.12/site-packages/airflow/example_dags/example_time_delta_sensor_async.py
[2026-01-04T12:58:52.717+0000] {logging_mixin.py:190} INFO - [2026-01-04T12:58:52.717+0000] {dag.py:3239} INFO - Sync 1 DAGs
[2026-01-04T12:58:52.727+0000] {logging_mixin.py:190} INFO - [2026-01-04T12:58:52.727+0000] {dag.py:4180} INFO - Setting next_dagrun for example_time_delta_sensor_async to None, run_after=None
[2026-01-04T12:58:52.742+0000] {processor.py:208} INFO - Processing /workspaces/f1_data_team/venv/lib/python3.12/site-packages/airflow/example_dags/example_time_delta_sensor_async.py took 0.049 seconds
[2026-01-04T12:59:47.620+0000] {processor.py:186} INFO - Started process (PID=50155) to work on /workspaces/f1_data_team/venv/lib/python3.12/site-packages/airflow/example_dags/example_time_delta_sensor_async.py
[2026-01-04T12:59:47.620+0000] {processor.py:914} INFO - Processing file /workspaces/f1_data_team/venv/lib/python3.12/site-packages/airflow/example_dags/example_time_delta_sensor_async.py for tasks to queue
[2026-01-04T12:59:47.622+0000] {logging_mixin.py:190} INFO - [2026-01-04T12:59:47.622+0000] {dagbag.py:588} INFO - Filling up the DagBag from /workspaces/f1_data_team/venv/lib/python3.12/site-packages/airflow/example_dags/example_time_delta_sensor_async.py
[2026-01-04T12:59:47.628+0000] {processor.py:925} INFO - DAG(s) 'example_time_delta_sensor_async' retrieved from /workspaces/f1_data_team/venv/lib/python3.12/site-packages/airflow/example_dags/example_time_delta_sensor_async.py
[2026-01-04T12:59:47.640+0000] {logging_mixin.py:190} INFO - [2026-01-04T12:59:47.640+0000] {dag.py:3239} INFO - Sync 1 DAGs
[2026-01-04T12:59:47.650+0000] {logging_mixin.py:190} INFO - [2026-01-04T12:59:47.650+0000] {dag.py:4180} INFO - Setting next_dagrun for example_time_delta_sensor_async to None, run_after=None
[2026-01-04T12:59:47.666+0000] {processor.py:208} INFO - Processing /workspaces/f1_data_team/venv/lib/python3.12/site-packages/airflow/example_dags/example_time_delta_sensor_async.py took 0.051 seconds
[2026-01-04T13:00:43.293+0000] {processor.py:186} INFO - Started process (PID=50794) to work on /workspaces/f1_data_team/venv/lib/python3.12/site-packages/airflow/example_dags/example_time_delta_sensor_async.py
[2026-01-04T13:00:43.294+0000] {processor.py:914} INFO - Processing file /workspaces/f1_data_team/venv/lib/python3.12/site-packages/airflow/example_dags/example_time_delta_sensor_async.py for tasks to queue
[2026-01-04T13:00:43.296+0000] {logging_mixin.py:190} INFO - [2026-01-04T13:00:43.295+0000] {dagbag.py:588} INFO - Filling up the DagBag from /workspaces/f1_data_team/venv/lib/python3.12/site-packages/airflow/example_dags/example_time_delta_sensor_async.py
[2026-01-04T13:00:43.302+0000] {processor.py:925} INFO - DAG(s) 'example_time_delta_sensor_async' retrieved from /workspaces/f1_data_team/venv/lib/python3.12/site-packages/airflow/example_dags/example_time_delta_sensor_async.py
[2026-01-04T13:00:43.314+0000] {logging_mixin.py:190} INFO - [2026-01-04T13:00:43.313+0000] {dag.py:3239} INFO - Sync 1 DAGs
[2026-01-04T13:00:43.323+0000] {logging_mixin.py:190} INFO - [2026-01-04T13:00:43.323+0000] {dag.py:4180} INFO - Setting next_dagrun for example_time_delta_sensor_async to None, run_after=None
[2026-01-04T13:00:43.338+0000] {processor.py:208} INFO - Processing /workspaces/f1_data_team/venv/lib/python3.12/site-packages/airflow/example_dags/example_time_delta_sensor_async.py took 0.049 seconds
[2026-01-04T13:01:31.516+0000] {processor.py:186} INFO - Started process (PID=51418) to work on /workspaces/f1_data_team/venv/lib/python3.12/site-packages/airflow/example_dags/example_time_delta_sensor_async.py
[2026-01-04T13:01:31.517+0000] {processor.py:914} INFO - Processing file /workspaces/f1_data_team/venv/lib/python3.12/site-packages/airflow/example_dags/example_time_delta_sensor_async.py for tasks to queue
[2026-01-04T13:01:31.520+0000] {logging_mixin.py:190} INFO - [2026-01-04T13:01:31.519+0000] {dagbag.py:588} INFO - Filling up the DagBag from /workspaces/f1_data_team/venv/lib/python3.12/site-packages/airflow/example_dags/example_time_delta_sensor_async.py
[2026-01-04T13:01:31.527+0000] {processor.py:925} INFO - DAG(s) 'example_time_delta_sensor_async' retrieved from /workspaces/f1_data_team/venv/lib/python3.12/site-packages/airflow/example_dags/example_time_delta_sensor_async.py
[2026-01-04T13:01:31.539+0000] {logging_mixin.py:190} INFO - [2026-01-04T13:01:31.539+0000] {dag.py:3239} INFO - Sync 1 DAGs
[2026-01-04T13:01:31.549+0000] {logging_mixin.py:190} INFO - [2026-01-04T13:01:31.549+0000] {dag.py:4180} INFO - Setting next_dagrun for example_time_delta_sensor_async to None, run_after=None
[2026-01-04T13:01:31.566+0000] {processor.py:208} INFO - Processing /workspaces/f1_data_team/venv/lib/python3.12/site-packages/airflow/example_dags/example_time_delta_sensor_async.py took 0.056 seconds
