[2026-01-04T12:27:31.140+0000] {processor.py:186} INFO - Started process (PID=24954) to work on /workspaces/f1_data_team/venv/lib/python3.12/site-packages/airflow/example_dags/example_branch_day_of_week_operator.py
[2026-01-04T12:27:31.141+0000] {processor.py:914} INFO - Processing file /workspaces/f1_data_team/venv/lib/python3.12/site-packages/airflow/example_dags/example_branch_day_of_week_operator.py for tasks to queue
[2026-01-04T12:27:31.143+0000] {logging_mixin.py:190} INFO - [2026-01-04T12:27:31.142+0000] {dagbag.py:588} INFO - Filling up the DagBag from /workspaces/f1_data_team/venv/lib/python3.12/site-packages/airflow/example_dags/example_branch_day_of_week_operator.py
[2026-01-04T12:27:31.151+0000] {processor.py:925} INFO - DAG(s) 'example_weekday_branch_operator' retrieved from /workspaces/f1_data_team/venv/lib/python3.12/site-packages/airflow/example_dags/example_branch_day_of_week_operator.py
[2026-01-04T12:27:31.226+0000] {logging_mixin.py:190} INFO - [2026-01-04T12:27:31.225+0000] {override.py:1911} INFO - Created Permission View: can read on DAG:example_weekday_branch_operator
[2026-01-04T12:27:31.234+0000] {logging_mixin.py:190} INFO - [2026-01-04T12:27:31.233+0000] {override.py:1911} INFO - Created Permission View: can edit on DAG:example_weekday_branch_operator
[2026-01-04T12:27:31.239+0000] {logging_mixin.py:190} INFO - [2026-01-04T12:27:31.239+0000] {override.py:1911} INFO - Created Permission View: can delete on DAG:example_weekday_branch_operator
[2026-01-04T12:27:31.247+0000] {logging_mixin.py:190} INFO - [2026-01-04T12:27:31.246+0000] {override.py:1911} INFO - Created Permission View: can read on DAG Run:example_weekday_branch_operator
[2026-01-04T12:27:31.252+0000] {logging_mixin.py:190} INFO - [2026-01-04T12:27:31.252+0000] {override.py:1911} INFO - Created Permission View: menu access on DAG Run:example_weekday_branch_operator
[2026-01-04T12:27:31.257+0000] {logging_mixin.py:190} INFO - [2026-01-04T12:27:31.257+0000] {override.py:1911} INFO - Created Permission View: can create on DAG Run:example_weekday_branch_operator
[2026-01-04T12:27:31.262+0000] {logging_mixin.py:190} INFO - [2026-01-04T12:27:31.262+0000] {override.py:1911} INFO - Created Permission View: can delete on DAG Run:example_weekday_branch_operator
[2026-01-04T12:27:31.263+0000] {logging_mixin.py:190} INFO - [2026-01-04T12:27:31.262+0000] {dag.py:3239} INFO - Sync 1 DAGs
[2026-01-04T12:27:31.274+0000] {logging_mixin.py:190} INFO - [2026-01-04T12:27:31.274+0000] {dag.py:3262} INFO - Creating ORM DAG for example_weekday_branch_operator
[2026-01-04T12:27:31.283+0000] {logging_mixin.py:190} INFO - [2026-01-04T12:27:31.282+0000] {dag.py:4180} INFO - Setting next_dagrun for example_weekday_branch_operator to 2026-01-03 00:00:00+00:00, run_after=2026-01-04 00:00:00+00:00
[2026-01-04T12:27:31.297+0000] {processor.py:208} INFO - Processing /workspaces/f1_data_team/venv/lib/python3.12/site-packages/airflow/example_dags/example_branch_day_of_week_operator.py took 0.162 seconds
[2026-01-04T12:28:28.908+0000] {processor.py:186} INFO - Started process (PID=25399) to work on /workspaces/f1_data_team/venv/lib/python3.12/site-packages/airflow/example_dags/example_branch_day_of_week_operator.py
[2026-01-04T12:28:28.909+0000] {processor.py:914} INFO - Processing file /workspaces/f1_data_team/venv/lib/python3.12/site-packages/airflow/example_dags/example_branch_day_of_week_operator.py for tasks to queue
[2026-01-04T12:28:28.910+0000] {logging_mixin.py:190} INFO - [2026-01-04T12:28:28.910+0000] {dagbag.py:588} INFO - Filling up the DagBag from /workspaces/f1_data_team/venv/lib/python3.12/site-packages/airflow/example_dags/example_branch_day_of_week_operator.py
[2026-01-04T12:28:28.918+0000] {processor.py:925} INFO - DAG(s) 'example_weekday_branch_operator' retrieved from /workspaces/f1_data_team/venv/lib/python3.12/site-packages/airflow/example_dags/example_branch_day_of_week_operator.py
[2026-01-04T12:28:28.930+0000] {logging_mixin.py:190} INFO - [2026-01-04T12:28:28.930+0000] {dag.py:3239} INFO - Sync 1 DAGs
[2026-01-04T12:28:28.947+0000] {logging_mixin.py:190} INFO - [2026-01-04T12:28:28.947+0000] {dag.py:4180} INFO - Setting next_dagrun for example_weekday_branch_operator to 2026-01-03 00:00:00+00:00, run_after=2026-01-04 00:00:00+00:00
[2026-01-04T12:28:28.962+0000] {processor.py:208} INFO - Processing /workspaces/f1_data_team/venv/lib/python3.12/site-packages/airflow/example_dags/example_branch_day_of_week_operator.py took 0.058 seconds
[2026-01-04T12:29:26.220+0000] {processor.py:186} INFO - Started process (PID=26600) to work on /workspaces/f1_data_team/venv/lib/python3.12/site-packages/airflow/example_dags/example_branch_day_of_week_operator.py
[2026-01-04T12:29:26.221+0000] {processor.py:914} INFO - Processing file /workspaces/f1_data_team/venv/lib/python3.12/site-packages/airflow/example_dags/example_branch_day_of_week_operator.py for tasks to queue
[2026-01-04T12:29:26.223+0000] {logging_mixin.py:190} INFO - [2026-01-04T12:29:26.223+0000] {dagbag.py:588} INFO - Filling up the DagBag from /workspaces/f1_data_team/venv/lib/python3.12/site-packages/airflow/example_dags/example_branch_day_of_week_operator.py
[2026-01-04T12:29:26.231+0000] {processor.py:925} INFO - DAG(s) 'example_weekday_branch_operator' retrieved from /workspaces/f1_data_team/venv/lib/python3.12/site-packages/airflow/example_dags/example_branch_day_of_week_operator.py
[2026-01-04T12:29:26.243+0000] {logging_mixin.py:190} INFO - [2026-01-04T12:29:26.243+0000] {dag.py:3239} INFO - Sync 1 DAGs
[2026-01-04T12:29:26.258+0000] {logging_mixin.py:190} INFO - [2026-01-04T12:29:26.258+0000] {dag.py:4180} INFO - Setting next_dagrun for example_weekday_branch_operator to 2026-01-03 00:00:00+00:00, run_after=2026-01-04 00:00:00+00:00
[2026-01-04T12:29:26.272+0000] {processor.py:208} INFO - Processing /workspaces/f1_data_team/venv/lib/python3.12/site-packages/airflow/example_dags/example_branch_day_of_week_operator.py took 0.057 seconds
[2026-01-04T12:31:07.684+0000] {processor.py:186} INFO - Started process (PID=28172) to work on /workspaces/f1_data_team/venv/lib/python3.12/site-packages/airflow/example_dags/example_branch_day_of_week_operator.py
[2026-01-04T12:31:07.685+0000] {processor.py:914} INFO - Processing file /workspaces/f1_data_team/venv/lib/python3.12/site-packages/airflow/example_dags/example_branch_day_of_week_operator.py for tasks to queue
[2026-01-04T12:31:07.686+0000] {logging_mixin.py:190} INFO - [2026-01-04T12:31:07.686+0000] {dagbag.py:588} INFO - Filling up the DagBag from /workspaces/f1_data_team/venv/lib/python3.12/site-packages/airflow/example_dags/example_branch_day_of_week_operator.py
[2026-01-04T12:31:07.694+0000] {processor.py:925} INFO - DAG(s) 'example_weekday_branch_operator' retrieved from /workspaces/f1_data_team/venv/lib/python3.12/site-packages/airflow/example_dags/example_branch_day_of_week_operator.py
[2026-01-04T12:31:07.706+0000] {logging_mixin.py:190} INFO - [2026-01-04T12:31:07.706+0000] {dag.py:3239} INFO - Sync 1 DAGs
[2026-01-04T12:31:07.725+0000] {logging_mixin.py:190} INFO - [2026-01-04T12:31:07.725+0000] {dag.py:4180} INFO - Setting next_dagrun for example_weekday_branch_operator to 2026-01-03 00:00:00+00:00, run_after=2026-01-04 00:00:00+00:00
[2026-01-04T12:31:07.740+0000] {processor.py:208} INFO - Processing /workspaces/f1_data_team/venv/lib/python3.12/site-packages/airflow/example_dags/example_branch_day_of_week_operator.py took 0.060 seconds
[2026-01-04T12:33:16.777+0000] {processor.py:186} INFO - Started process (PID=30339) to work on /workspaces/f1_data_team/venv/lib/python3.12/site-packages/airflow/example_dags/example_branch_day_of_week_operator.py
[2026-01-04T12:33:16.778+0000] {processor.py:914} INFO - Processing file /workspaces/f1_data_team/venv/lib/python3.12/site-packages/airflow/example_dags/example_branch_day_of_week_operator.py for tasks to queue
[2026-01-04T12:33:16.780+0000] {logging_mixin.py:190} INFO - [2026-01-04T12:33:16.780+0000] {dagbag.py:588} INFO - Filling up the DagBag from /workspaces/f1_data_team/venv/lib/python3.12/site-packages/airflow/example_dags/example_branch_day_of_week_operator.py
[2026-01-04T12:33:16.788+0000] {processor.py:925} INFO - DAG(s) 'example_weekday_branch_operator' retrieved from /workspaces/f1_data_team/venv/lib/python3.12/site-packages/airflow/example_dags/example_branch_day_of_week_operator.py
[2026-01-04T12:33:16.805+0000] {logging_mixin.py:190} INFO - [2026-01-04T12:33:16.805+0000] {dag.py:3239} INFO - Sync 1 DAGs
[2026-01-04T12:33:16.830+0000] {logging_mixin.py:190} INFO - [2026-01-04T12:33:16.829+0000] {dag.py:4180} INFO - Setting next_dagrun for example_weekday_branch_operator to 2026-01-03 00:00:00+00:00, run_after=2026-01-04 00:00:00+00:00
[2026-01-04T12:33:16.850+0000] {processor.py:208} INFO - Processing /workspaces/f1_data_team/venv/lib/python3.12/site-packages/airflow/example_dags/example_branch_day_of_week_operator.py took 0.078 seconds
[2026-01-04T12:34:15.299+0000] {processor.py:186} INFO - Started process (PID=30906) to work on /workspaces/f1_data_team/venv/lib/python3.12/site-packages/airflow/example_dags/example_branch_day_of_week_operator.py
[2026-01-04T12:34:15.299+0000] {processor.py:914} INFO - Processing file /workspaces/f1_data_team/venv/lib/python3.12/site-packages/airflow/example_dags/example_branch_day_of_week_operator.py for tasks to queue
[2026-01-04T12:34:15.301+0000] {logging_mixin.py:190} INFO - [2026-01-04T12:34:15.301+0000] {dagbag.py:588} INFO - Filling up the DagBag from /workspaces/f1_data_team/venv/lib/python3.12/site-packages/airflow/example_dags/example_branch_day_of_week_operator.py
[2026-01-04T12:34:15.309+0000] {processor.py:925} INFO - DAG(s) 'example_weekday_branch_operator' retrieved from /workspaces/f1_data_team/venv/lib/python3.12/site-packages/airflow/example_dags/example_branch_day_of_week_operator.py
[2026-01-04T12:34:15.322+0000] {logging_mixin.py:190} INFO - [2026-01-04T12:34:15.322+0000] {dag.py:3239} INFO - Sync 1 DAGs
[2026-01-04T12:34:15.337+0000] {logging_mixin.py:190} INFO - [2026-01-04T12:34:15.337+0000] {dag.py:4180} INFO - Setting next_dagrun for example_weekday_branch_operator to 2026-01-03 00:00:00+00:00, run_after=2026-01-04 00:00:00+00:00
[2026-01-04T12:34:15.352+0000] {processor.py:208} INFO - Processing /workspaces/f1_data_team/venv/lib/python3.12/site-packages/airflow/example_dags/example_branch_day_of_week_operator.py took 0.058 seconds
[2026-01-04T12:35:28.842+0000] {processor.py:186} INFO - Started process (PID=31681) to work on /workspaces/f1_data_team/venv/lib/python3.12/site-packages/airflow/example_dags/example_branch_day_of_week_operator.py
[2026-01-04T12:35:28.842+0000] {processor.py:914} INFO - Processing file /workspaces/f1_data_team/venv/lib/python3.12/site-packages/airflow/example_dags/example_branch_day_of_week_operator.py for tasks to queue
[2026-01-04T12:35:28.844+0000] {logging_mixin.py:190} INFO - [2026-01-04T12:35:28.844+0000] {dagbag.py:588} INFO - Filling up the DagBag from /workspaces/f1_data_team/venv/lib/python3.12/site-packages/airflow/example_dags/example_branch_day_of_week_operator.py
[2026-01-04T12:35:28.853+0000] {processor.py:925} INFO - DAG(s) 'example_weekday_branch_operator' retrieved from /workspaces/f1_data_team/venv/lib/python3.12/site-packages/airflow/example_dags/example_branch_day_of_week_operator.py
[2026-01-04T12:35:28.867+0000] {logging_mixin.py:190} INFO - [2026-01-04T12:35:28.866+0000] {dag.py:3239} INFO - Sync 1 DAGs
[2026-01-04T12:35:28.883+0000] {logging_mixin.py:190} INFO - [2026-01-04T12:35:28.883+0000] {dag.py:4180} INFO - Setting next_dagrun for example_weekday_branch_operator to 2026-01-03 00:00:00+00:00, run_after=2026-01-04 00:00:00+00:00
[2026-01-04T12:35:28.897+0000] {processor.py:208} INFO - Processing /workspaces/f1_data_team/venv/lib/python3.12/site-packages/airflow/example_dags/example_branch_day_of_week_operator.py took 0.060 seconds
[2026-01-04T12:36:23.734+0000] {processor.py:186} INFO - Started process (PID=32345) to work on /workspaces/f1_data_team/venv/lib/python3.12/site-packages/airflow/example_dags/example_branch_day_of_week_operator.py
[2026-01-04T12:36:23.735+0000] {processor.py:914} INFO - Processing file /workspaces/f1_data_team/venv/lib/python3.12/site-packages/airflow/example_dags/example_branch_day_of_week_operator.py for tasks to queue
[2026-01-04T12:36:23.737+0000] {logging_mixin.py:190} INFO - [2026-01-04T12:36:23.736+0000] {dagbag.py:588} INFO - Filling up the DagBag from /workspaces/f1_data_team/venv/lib/python3.12/site-packages/airflow/example_dags/example_branch_day_of_week_operator.py
[2026-01-04T12:36:23.748+0000] {processor.py:925} INFO - DAG(s) 'example_weekday_branch_operator' retrieved from /workspaces/f1_data_team/venv/lib/python3.12/site-packages/airflow/example_dags/example_branch_day_of_week_operator.py
[2026-01-04T12:36:23.769+0000] {logging_mixin.py:190} INFO - [2026-01-04T12:36:23.768+0000] {dag.py:3239} INFO - Sync 1 DAGs
[2026-01-04T12:36:23.804+0000] {logging_mixin.py:190} INFO - [2026-01-04T12:36:23.804+0000] {dag.py:4180} INFO - Setting next_dagrun for example_weekday_branch_operator to 2026-01-03 00:00:00+00:00, run_after=2026-01-04 00:00:00+00:00
[2026-01-04T12:36:23.822+0000] {processor.py:208} INFO - Processing /workspaces/f1_data_team/venv/lib/python3.12/site-packages/airflow/example_dags/example_branch_day_of_week_operator.py took 0.092 seconds
[2026-01-04T12:37:43.769+0000] {processor.py:186} INFO - Started process (PID=33318) to work on /workspaces/f1_data_team/venv/lib/python3.12/site-packages/airflow/example_dags/example_branch_day_of_week_operator.py
[2026-01-04T12:37:43.770+0000] {processor.py:914} INFO - Processing file /workspaces/f1_data_team/venv/lib/python3.12/site-packages/airflow/example_dags/example_branch_day_of_week_operator.py for tasks to queue
[2026-01-04T12:37:43.772+0000] {logging_mixin.py:190} INFO - [2026-01-04T12:37:43.771+0000] {dagbag.py:588} INFO - Filling up the DagBag from /workspaces/f1_data_team/venv/lib/python3.12/site-packages/airflow/example_dags/example_branch_day_of_week_operator.py
[2026-01-04T12:37:43.781+0000] {processor.py:925} INFO - DAG(s) 'example_weekday_branch_operator' retrieved from /workspaces/f1_data_team/venv/lib/python3.12/site-packages/airflow/example_dags/example_branch_day_of_week_operator.py
[2026-01-04T12:37:43.794+0000] {logging_mixin.py:190} INFO - [2026-01-04T12:37:43.793+0000] {dag.py:3239} INFO - Sync 1 DAGs
[2026-01-04T12:37:43.809+0000] {logging_mixin.py:190} INFO - [2026-01-04T12:37:43.809+0000] {dag.py:4180} INFO - Setting next_dagrun for example_weekday_branch_operator to 2026-01-03 00:00:00+00:00, run_after=2026-01-04 00:00:00+00:00
[2026-01-04T12:37:43.825+0000] {processor.py:208} INFO - Processing /workspaces/f1_data_team/venv/lib/python3.12/site-packages/airflow/example_dags/example_branch_day_of_week_operator.py took 0.061 seconds
[2026-01-04T12:39:02.638+0000] {processor.py:186} INFO - Started process (PID=34169) to work on /workspaces/f1_data_team/venv/lib/python3.12/site-packages/airflow/example_dags/example_branch_day_of_week_operator.py
[2026-01-04T12:39:02.639+0000] {processor.py:914} INFO - Processing file /workspaces/f1_data_team/venv/lib/python3.12/site-packages/airflow/example_dags/example_branch_day_of_week_operator.py for tasks to queue
[2026-01-04T12:39:02.641+0000] {logging_mixin.py:190} INFO - [2026-01-04T12:39:02.641+0000] {dagbag.py:588} INFO - Filling up the DagBag from /workspaces/f1_data_team/venv/lib/python3.12/site-packages/airflow/example_dags/example_branch_day_of_week_operator.py
[2026-01-04T12:39:02.649+0000] {processor.py:925} INFO - DAG(s) 'example_weekday_branch_operator' retrieved from /workspaces/f1_data_team/venv/lib/python3.12/site-packages/airflow/example_dags/example_branch_day_of_week_operator.py
[2026-01-04T12:39:02.662+0000] {logging_mixin.py:190} INFO - [2026-01-04T12:39:02.662+0000] {dag.py:3239} INFO - Sync 1 DAGs
[2026-01-04T12:39:02.679+0000] {logging_mixin.py:190} INFO - [2026-01-04T12:39:02.678+0000] {dag.py:4180} INFO - Setting next_dagrun for example_weekday_branch_operator to 2026-01-03 00:00:00+00:00, run_after=2026-01-04 00:00:00+00:00
[2026-01-04T12:39:02.694+0000] {processor.py:208} INFO - Processing /workspaces/f1_data_team/venv/lib/python3.12/site-packages/airflow/example_dags/example_branch_day_of_week_operator.py took 0.060 seconds
[2026-01-04T12:40:23.434+0000] {processor.py:186} INFO - Started process (PID=34992) to work on /workspaces/f1_data_team/venv/lib/python3.12/site-packages/airflow/example_dags/example_branch_day_of_week_operator.py
[2026-01-04T12:40:23.435+0000] {processor.py:914} INFO - Processing file /workspaces/f1_data_team/venv/lib/python3.12/site-packages/airflow/example_dags/example_branch_day_of_week_operator.py for tasks to queue
[2026-01-04T12:40:23.437+0000] {logging_mixin.py:190} INFO - [2026-01-04T12:40:23.437+0000] {dagbag.py:588} INFO - Filling up the DagBag from /workspaces/f1_data_team/venv/lib/python3.12/site-packages/airflow/example_dags/example_branch_day_of_week_operator.py
[2026-01-04T12:40:23.445+0000] {processor.py:925} INFO - DAG(s) 'example_weekday_branch_operator' retrieved from /workspaces/f1_data_team/venv/lib/python3.12/site-packages/airflow/example_dags/example_branch_day_of_week_operator.py
[2026-01-04T12:40:23.458+0000] {logging_mixin.py:190} INFO - [2026-01-04T12:40:23.458+0000] {dag.py:3239} INFO - Sync 1 DAGs
[2026-01-04T12:40:23.474+0000] {logging_mixin.py:190} INFO - [2026-01-04T12:40:23.474+0000] {dag.py:4180} INFO - Setting next_dagrun for example_weekday_branch_operator to 2026-01-03 00:00:00+00:00, run_after=2026-01-04 00:00:00+00:00
[2026-01-04T12:40:23.488+0000] {processor.py:208} INFO - Processing /workspaces/f1_data_team/venv/lib/python3.12/site-packages/airflow/example_dags/example_branch_day_of_week_operator.py took 0.061 seconds
[2026-01-04T12:42:14.358+0000] {processor.py:186} INFO - Started process (PID=36516) to work on /workspaces/f1_data_team/venv/lib/python3.12/site-packages/airflow/example_dags/example_branch_day_of_week_operator.py
[2026-01-04T12:42:14.359+0000] {processor.py:914} INFO - Processing file /workspaces/f1_data_team/venv/lib/python3.12/site-packages/airflow/example_dags/example_branch_day_of_week_operator.py for tasks to queue
[2026-01-04T12:42:14.361+0000] {logging_mixin.py:190} INFO - [2026-01-04T12:42:14.361+0000] {dagbag.py:588} INFO - Filling up the DagBag from /workspaces/f1_data_team/venv/lib/python3.12/site-packages/airflow/example_dags/example_branch_day_of_week_operator.py
[2026-01-04T12:42:14.369+0000] {processor.py:925} INFO - DAG(s) 'example_weekday_branch_operator' retrieved from /workspaces/f1_data_team/venv/lib/python3.12/site-packages/airflow/example_dags/example_branch_day_of_week_operator.py
[2026-01-04T12:42:14.381+0000] {logging_mixin.py:190} INFO - [2026-01-04T12:42:14.381+0000] {dag.py:3239} INFO - Sync 1 DAGs
[2026-01-04T12:42:14.399+0000] {logging_mixin.py:190} INFO - [2026-01-04T12:42:14.399+0000] {dag.py:4180} INFO - Setting next_dagrun for example_weekday_branch_operator to 2026-01-03 00:00:00+00:00, run_after=2026-01-04 00:00:00+00:00
[2026-01-04T12:42:14.413+0000] {processor.py:208} INFO - Processing /workspaces/f1_data_team/venv/lib/python3.12/site-packages/airflow/example_dags/example_branch_day_of_week_operator.py took 0.059 seconds
[2026-01-04T12:43:21.075+0000] {processor.py:186} INFO - Started process (PID=37481) to work on /workspaces/f1_data_team/venv/lib/python3.12/site-packages/airflow/example_dags/example_branch_day_of_week_operator.py
[2026-01-04T12:43:21.076+0000] {processor.py:914} INFO - Processing file /workspaces/f1_data_team/venv/lib/python3.12/site-packages/airflow/example_dags/example_branch_day_of_week_operator.py for tasks to queue
[2026-01-04T12:43:21.078+0000] {logging_mixin.py:190} INFO - [2026-01-04T12:43:21.077+0000] {dagbag.py:588} INFO - Filling up the DagBag from /workspaces/f1_data_team/venv/lib/python3.12/site-packages/airflow/example_dags/example_branch_day_of_week_operator.py
[2026-01-04T12:43:21.086+0000] {processor.py:925} INFO - DAG(s) 'example_weekday_branch_operator' retrieved from /workspaces/f1_data_team/venv/lib/python3.12/site-packages/airflow/example_dags/example_branch_day_of_week_operator.py
[2026-01-04T12:43:21.098+0000] {logging_mixin.py:190} INFO - [2026-01-04T12:43:21.098+0000] {dag.py:3239} INFO - Sync 1 DAGs
[2026-01-04T12:43:21.116+0000] {logging_mixin.py:190} INFO - [2026-01-04T12:43:21.116+0000] {dag.py:4180} INFO - Setting next_dagrun for example_weekday_branch_operator to 2026-01-03 00:00:00+00:00, run_after=2026-01-04 00:00:00+00:00
[2026-01-04T12:43:21.138+0000] {processor.py:208} INFO - Processing /workspaces/f1_data_team/venv/lib/python3.12/site-packages/airflow/example_dags/example_branch_day_of_week_operator.py took 0.068 seconds
[2026-01-04T12:44:37.144+0000] {processor.py:186} INFO - Started process (PID=38377) to work on /workspaces/f1_data_team/venv/lib/python3.12/site-packages/airflow/example_dags/example_branch_day_of_week_operator.py
[2026-01-04T12:44:37.144+0000] {processor.py:914} INFO - Processing file /workspaces/f1_data_team/venv/lib/python3.12/site-packages/airflow/example_dags/example_branch_day_of_week_operator.py for tasks to queue
[2026-01-04T12:44:37.146+0000] {logging_mixin.py:190} INFO - [2026-01-04T12:44:37.146+0000] {dagbag.py:588} INFO - Filling up the DagBag from /workspaces/f1_data_team/venv/lib/python3.12/site-packages/airflow/example_dags/example_branch_day_of_week_operator.py
[2026-01-04T12:44:37.155+0000] {processor.py:925} INFO - DAG(s) 'example_weekday_branch_operator' retrieved from /workspaces/f1_data_team/venv/lib/python3.12/site-packages/airflow/example_dags/example_branch_day_of_week_operator.py
[2026-01-04T12:44:37.167+0000] {logging_mixin.py:190} INFO - [2026-01-04T12:44:37.167+0000] {dag.py:3239} INFO - Sync 1 DAGs
[2026-01-04T12:44:37.183+0000] {logging_mixin.py:190} INFO - [2026-01-04T12:44:37.183+0000] {dag.py:4180} INFO - Setting next_dagrun for example_weekday_branch_operator to 2026-01-03 00:00:00+00:00, run_after=2026-01-04 00:00:00+00:00
[2026-01-04T12:44:37.197+0000] {processor.py:208} INFO - Processing /workspaces/f1_data_team/venv/lib/python3.12/site-packages/airflow/example_dags/example_branch_day_of_week_operator.py took 0.058 seconds
[2026-01-04T12:45:41.978+0000] {processor.py:186} INFO - Started process (PID=39493) to work on /workspaces/f1_data_team/venv/lib/python3.12/site-packages/airflow/example_dags/example_branch_day_of_week_operator.py
[2026-01-04T12:45:41.979+0000] {processor.py:914} INFO - Processing file /workspaces/f1_data_team/venv/lib/python3.12/site-packages/airflow/example_dags/example_branch_day_of_week_operator.py for tasks to queue
[2026-01-04T12:45:41.981+0000] {logging_mixin.py:190} INFO - [2026-01-04T12:45:41.980+0000] {dagbag.py:588} INFO - Filling up the DagBag from /workspaces/f1_data_team/venv/lib/python3.12/site-packages/airflow/example_dags/example_branch_day_of_week_operator.py
[2026-01-04T12:45:41.989+0000] {processor.py:925} INFO - DAG(s) 'example_weekday_branch_operator' retrieved from /workspaces/f1_data_team/venv/lib/python3.12/site-packages/airflow/example_dags/example_branch_day_of_week_operator.py
[2026-01-04T12:45:42.002+0000] {logging_mixin.py:190} INFO - [2026-01-04T12:45:42.002+0000] {dag.py:3239} INFO - Sync 1 DAGs
[2026-01-04T12:45:42.018+0000] {logging_mixin.py:190} INFO - [2026-01-04T12:45:42.018+0000] {dag.py:4180} INFO - Setting next_dagrun for example_weekday_branch_operator to 2026-01-03 00:00:00+00:00, run_after=2026-01-04 00:00:00+00:00
[2026-01-04T12:45:42.032+0000] {processor.py:208} INFO - Processing /workspaces/f1_data_team/venv/lib/python3.12/site-packages/airflow/example_dags/example_branch_day_of_week_operator.py took 0.059 seconds
[2026-01-04T12:46:59.157+0000] {processor.py:186} INFO - Started process (PID=40251) to work on /workspaces/f1_data_team/venv/lib/python3.12/site-packages/airflow/example_dags/example_branch_day_of_week_operator.py
[2026-01-04T12:46:59.157+0000] {processor.py:914} INFO - Processing file /workspaces/f1_data_team/venv/lib/python3.12/site-packages/airflow/example_dags/example_branch_day_of_week_operator.py for tasks to queue
[2026-01-04T12:46:59.159+0000] {logging_mixin.py:190} INFO - [2026-01-04T12:46:59.159+0000] {dagbag.py:588} INFO - Filling up the DagBag from /workspaces/f1_data_team/venv/lib/python3.12/site-packages/airflow/example_dags/example_branch_day_of_week_operator.py
[2026-01-04T12:46:59.167+0000] {processor.py:925} INFO - DAG(s) 'example_weekday_branch_operator' retrieved from /workspaces/f1_data_team/venv/lib/python3.12/site-packages/airflow/example_dags/example_branch_day_of_week_operator.py
[2026-01-04T12:46:59.180+0000] {logging_mixin.py:190} INFO - [2026-01-04T12:46:59.179+0000] {dag.py:3239} INFO - Sync 1 DAGs
[2026-01-04T12:46:59.196+0000] {logging_mixin.py:190} INFO - [2026-01-04T12:46:59.195+0000] {dag.py:4180} INFO - Setting next_dagrun for example_weekday_branch_operator to 2026-01-03 00:00:00+00:00, run_after=2026-01-04 00:00:00+00:00
[2026-01-04T12:46:59.210+0000] {processor.py:208} INFO - Processing /workspaces/f1_data_team/venv/lib/python3.12/site-packages/airflow/example_dags/example_branch_day_of_week_operator.py took 0.059 seconds
[2026-01-04T12:49:29.779+0000] {processor.py:186} INFO - Started process (PID=42354) to work on /workspaces/f1_data_team/venv/lib/python3.12/site-packages/airflow/example_dags/example_branch_day_of_week_operator.py
[2026-01-04T12:49:29.780+0000] {processor.py:914} INFO - Processing file /workspaces/f1_data_team/venv/lib/python3.12/site-packages/airflow/example_dags/example_branch_day_of_week_operator.py for tasks to queue
[2026-01-04T12:49:29.782+0000] {logging_mixin.py:190} INFO - [2026-01-04T12:49:29.782+0000] {dagbag.py:588} INFO - Filling up the DagBag from /workspaces/f1_data_team/venv/lib/python3.12/site-packages/airflow/example_dags/example_branch_day_of_week_operator.py
[2026-01-04T12:49:29.790+0000] {processor.py:925} INFO - DAG(s) 'example_weekday_branch_operator' retrieved from /workspaces/f1_data_team/venv/lib/python3.12/site-packages/airflow/example_dags/example_branch_day_of_week_operator.py
[2026-01-04T12:49:29.804+0000] {logging_mixin.py:190} INFO - [2026-01-04T12:49:29.803+0000] {dag.py:3239} INFO - Sync 1 DAGs
[2026-01-04T12:49:29.821+0000] {logging_mixin.py:190} INFO - [2026-01-04T12:49:29.821+0000] {dag.py:4180} INFO - Setting next_dagrun for example_weekday_branch_operator to 2026-01-03 00:00:00+00:00, run_after=2026-01-04 00:00:00+00:00
[2026-01-04T12:49:29.836+0000] {processor.py:208} INFO - Processing /workspaces/f1_data_team/venv/lib/python3.12/site-packages/airflow/example_dags/example_branch_day_of_week_operator.py took 0.061 seconds
[2026-01-04T12:50:28.309+0000] {processor.py:186} INFO - Started process (PID=42853) to work on /workspaces/f1_data_team/venv/lib/python3.12/site-packages/airflow/example_dags/example_branch_day_of_week_operator.py
[2026-01-04T12:50:28.310+0000] {processor.py:914} INFO - Processing file /workspaces/f1_data_team/venv/lib/python3.12/site-packages/airflow/example_dags/example_branch_day_of_week_operator.py for tasks to queue
[2026-01-04T12:50:28.312+0000] {logging_mixin.py:190} INFO - [2026-01-04T12:50:28.312+0000] {dagbag.py:588} INFO - Filling up the DagBag from /workspaces/f1_data_team/venv/lib/python3.12/site-packages/airflow/example_dags/example_branch_day_of_week_operator.py
[2026-01-04T12:50:28.320+0000] {processor.py:925} INFO - DAG(s) 'example_weekday_branch_operator' retrieved from /workspaces/f1_data_team/venv/lib/python3.12/site-packages/airflow/example_dags/example_branch_day_of_week_operator.py
[2026-01-04T12:50:28.333+0000] {logging_mixin.py:190} INFO - [2026-01-04T12:50:28.333+0000] {dag.py:3239} INFO - Sync 1 DAGs
[2026-01-04T12:50:28.349+0000] {logging_mixin.py:190} INFO - [2026-01-04T12:50:28.349+0000] {dag.py:4180} INFO - Setting next_dagrun for example_weekday_branch_operator to 2026-01-03 00:00:00+00:00, run_after=2026-01-04 00:00:00+00:00
[2026-01-04T12:50:28.365+0000] {processor.py:208} INFO - Processing /workspaces/f1_data_team/venv/lib/python3.12/site-packages/airflow/example_dags/example_branch_day_of_week_operator.py took 0.060 seconds
[2026-01-04T12:52:05.738+0000] {processor.py:186} INFO - Started process (PID=44606) to work on /workspaces/f1_data_team/venv/lib/python3.12/site-packages/airflow/example_dags/example_branch_day_of_week_operator.py
[2026-01-04T12:52:05.738+0000] {processor.py:914} INFO - Processing file /workspaces/f1_data_team/venv/lib/python3.12/site-packages/airflow/example_dags/example_branch_day_of_week_operator.py for tasks to queue
[2026-01-04T12:52:05.741+0000] {logging_mixin.py:190} INFO - [2026-01-04T12:52:05.740+0000] {dagbag.py:588} INFO - Filling up the DagBag from /workspaces/f1_data_team/venv/lib/python3.12/site-packages/airflow/example_dags/example_branch_day_of_week_operator.py
[2026-01-04T12:52:05.748+0000] {processor.py:925} INFO - DAG(s) 'example_weekday_branch_operator' retrieved from /workspaces/f1_data_team/venv/lib/python3.12/site-packages/airflow/example_dags/example_branch_day_of_week_operator.py
[2026-01-04T12:52:05.761+0000] {logging_mixin.py:190} INFO - [2026-01-04T12:52:05.760+0000] {dag.py:3239} INFO - Sync 1 DAGs
[2026-01-04T12:52:05.776+0000] {logging_mixin.py:190} INFO - [2026-01-04T12:52:05.776+0000] {dag.py:4180} INFO - Setting next_dagrun for example_weekday_branch_operator to 2026-01-03 00:00:00+00:00, run_after=2026-01-04 00:00:00+00:00
[2026-01-04T12:52:05.791+0000] {processor.py:208} INFO - Processing /workspaces/f1_data_team/venv/lib/python3.12/site-packages/airflow/example_dags/example_branch_day_of_week_operator.py took 0.058 seconds
[2026-01-04T12:53:03.486+0000] {processor.py:186} INFO - Started process (PID=45364) to work on /workspaces/f1_data_team/venv/lib/python3.12/site-packages/airflow/example_dags/example_branch_day_of_week_operator.py
[2026-01-04T12:53:03.487+0000] {processor.py:914} INFO - Processing file /workspaces/f1_data_team/venv/lib/python3.12/site-packages/airflow/example_dags/example_branch_day_of_week_operator.py for tasks to queue
[2026-01-04T12:53:03.489+0000] {logging_mixin.py:190} INFO - [2026-01-04T12:53:03.488+0000] {dagbag.py:588} INFO - Filling up the DagBag from /workspaces/f1_data_team/venv/lib/python3.12/site-packages/airflow/example_dags/example_branch_day_of_week_operator.py
[2026-01-04T12:53:03.497+0000] {processor.py:925} INFO - DAG(s) 'example_weekday_branch_operator' retrieved from /workspaces/f1_data_team/venv/lib/python3.12/site-packages/airflow/example_dags/example_branch_day_of_week_operator.py
[2026-01-04T12:53:03.509+0000] {logging_mixin.py:190} INFO - [2026-01-04T12:53:03.509+0000] {dag.py:3239} INFO - Sync 1 DAGs
[2026-01-04T12:53:03.525+0000] {logging_mixin.py:190} INFO - [2026-01-04T12:53:03.525+0000] {dag.py:4180} INFO - Setting next_dagrun for example_weekday_branch_operator to 2026-01-03 00:00:00+00:00, run_after=2026-01-04 00:00:00+00:00
[2026-01-04T12:53:03.540+0000] {processor.py:208} INFO - Processing /workspaces/f1_data_team/venv/lib/python3.12/site-packages/airflow/example_dags/example_branch_day_of_week_operator.py took 0.059 seconds
[2026-01-04T12:54:23.307+0000] {processor.py:186} INFO - Started process (PID=46519) to work on /workspaces/f1_data_team/venv/lib/python3.12/site-packages/airflow/example_dags/example_branch_day_of_week_operator.py
[2026-01-04T12:54:23.308+0000] {processor.py:914} INFO - Processing file /workspaces/f1_data_team/venv/lib/python3.12/site-packages/airflow/example_dags/example_branch_day_of_week_operator.py for tasks to queue
[2026-01-04T12:54:23.310+0000] {logging_mixin.py:190} INFO - [2026-01-04T12:54:23.310+0000] {dagbag.py:588} INFO - Filling up the DagBag from /workspaces/f1_data_team/venv/lib/python3.12/site-packages/airflow/example_dags/example_branch_day_of_week_operator.py
[2026-01-04T12:54:23.318+0000] {processor.py:925} INFO - DAG(s) 'example_weekday_branch_operator' retrieved from /workspaces/f1_data_team/venv/lib/python3.12/site-packages/airflow/example_dags/example_branch_day_of_week_operator.py
[2026-01-04T12:54:23.332+0000] {logging_mixin.py:190} INFO - [2026-01-04T12:54:23.332+0000] {dag.py:3239} INFO - Sync 1 DAGs
[2026-01-04T12:54:23.348+0000] {logging_mixin.py:190} INFO - [2026-01-04T12:54:23.347+0000] {dag.py:4180} INFO - Setting next_dagrun for example_weekday_branch_operator to 2026-01-03 00:00:00+00:00, run_after=2026-01-04 00:00:00+00:00
[2026-01-04T12:54:23.363+0000] {processor.py:208} INFO - Processing /workspaces/f1_data_team/venv/lib/python3.12/site-packages/airflow/example_dags/example_branch_day_of_week_operator.py took 0.061 seconds
[2026-01-04T12:55:43.892+0000] {processor.py:186} INFO - Started process (PID=47787) to work on /workspaces/f1_data_team/venv/lib/python3.12/site-packages/airflow/example_dags/example_branch_day_of_week_operator.py
[2026-01-04T12:55:43.892+0000] {processor.py:914} INFO - Processing file /workspaces/f1_data_team/venv/lib/python3.12/site-packages/airflow/example_dags/example_branch_day_of_week_operator.py for tasks to queue
[2026-01-04T12:55:43.894+0000] {logging_mixin.py:190} INFO - [2026-01-04T12:55:43.894+0000] {dagbag.py:588} INFO - Filling up the DagBag from /workspaces/f1_data_team/venv/lib/python3.12/site-packages/airflow/example_dags/example_branch_day_of_week_operator.py
[2026-01-04T12:55:43.902+0000] {processor.py:925} INFO - DAG(s) 'example_weekday_branch_operator' retrieved from /workspaces/f1_data_team/venv/lib/python3.12/site-packages/airflow/example_dags/example_branch_day_of_week_operator.py
[2026-01-04T12:55:43.915+0000] {logging_mixin.py:190} INFO - [2026-01-04T12:55:43.915+0000] {dag.py:3239} INFO - Sync 1 DAGs
[2026-01-04T12:55:43.931+0000] {logging_mixin.py:190} INFO - [2026-01-04T12:55:43.931+0000] {dag.py:4180} INFO - Setting next_dagrun for example_weekday_branch_operator to 2026-01-03 00:00:00+00:00, run_after=2026-01-04 00:00:00+00:00
[2026-01-04T12:55:43.945+0000] {processor.py:208} INFO - Processing /workspaces/f1_data_team/venv/lib/python3.12/site-packages/airflow/example_dags/example_branch_day_of_week_operator.py took 0.058 seconds
[2026-01-04T12:56:39.528+0000] {processor.py:186} INFO - Started process (PID=48357) to work on /workspaces/f1_data_team/venv/lib/python3.12/site-packages/airflow/example_dags/example_branch_day_of_week_operator.py
[2026-01-04T12:56:39.529+0000] {processor.py:914} INFO - Processing file /workspaces/f1_data_team/venv/lib/python3.12/site-packages/airflow/example_dags/example_branch_day_of_week_operator.py for tasks to queue
[2026-01-04T12:56:39.531+0000] {logging_mixin.py:190} INFO - [2026-01-04T12:56:39.530+0000] {dagbag.py:588} INFO - Filling up the DagBag from /workspaces/f1_data_team/venv/lib/python3.12/site-packages/airflow/example_dags/example_branch_day_of_week_operator.py
[2026-01-04T12:56:39.539+0000] {processor.py:925} INFO - DAG(s) 'example_weekday_branch_operator' retrieved from /workspaces/f1_data_team/venv/lib/python3.12/site-packages/airflow/example_dags/example_branch_day_of_week_operator.py
[2026-01-04T12:56:39.551+0000] {logging_mixin.py:190} INFO - [2026-01-04T12:56:39.551+0000] {dag.py:3239} INFO - Sync 1 DAGs
[2026-01-04T12:56:39.567+0000] {logging_mixin.py:190} INFO - [2026-01-04T12:56:39.567+0000] {dag.py:4180} INFO - Setting next_dagrun for example_weekday_branch_operator to 2026-01-03 00:00:00+00:00, run_after=2026-01-04 00:00:00+00:00
[2026-01-04T12:56:39.583+0000] {processor.py:208} INFO - Processing /workspaces/f1_data_team/venv/lib/python3.12/site-packages/airflow/example_dags/example_branch_day_of_week_operator.py took 0.059 seconds
[2026-01-04T12:57:54.347+0000] {processor.py:186} INFO - Started process (PID=49035) to work on /workspaces/f1_data_team/venv/lib/python3.12/site-packages/airflow/example_dags/example_branch_day_of_week_operator.py
[2026-01-04T12:57:54.348+0000] {processor.py:914} INFO - Processing file /workspaces/f1_data_team/venv/lib/python3.12/site-packages/airflow/example_dags/example_branch_day_of_week_operator.py for tasks to queue
[2026-01-04T12:57:54.349+0000] {logging_mixin.py:190} INFO - [2026-01-04T12:57:54.349+0000] {dagbag.py:588} INFO - Filling up the DagBag from /workspaces/f1_data_team/venv/lib/python3.12/site-packages/airflow/example_dags/example_branch_day_of_week_operator.py
[2026-01-04T12:57:54.357+0000] {processor.py:925} INFO - DAG(s) 'example_weekday_branch_operator' retrieved from /workspaces/f1_data_team/venv/lib/python3.12/site-packages/airflow/example_dags/example_branch_day_of_week_operator.py
[2026-01-04T12:57:54.370+0000] {logging_mixin.py:190} INFO - [2026-01-04T12:57:54.369+0000] {dag.py:3239} INFO - Sync 1 DAGs
[2026-01-04T12:57:54.385+0000] {logging_mixin.py:190} INFO - [2026-01-04T12:57:54.385+0000] {dag.py:4180} INFO - Setting next_dagrun for example_weekday_branch_operator to 2026-01-03 00:00:00+00:00, run_after=2026-01-04 00:00:00+00:00
[2026-01-04T12:57:54.400+0000] {processor.py:208} INFO - Processing /workspaces/f1_data_team/venv/lib/python3.12/site-packages/airflow/example_dags/example_branch_day_of_week_operator.py took 0.057 seconds
[2026-01-04T12:59:16.785+0000] {processor.py:186} INFO - Started process (PID=49862) to work on /workspaces/f1_data_team/venv/lib/python3.12/site-packages/airflow/example_dags/example_branch_day_of_week_operator.py
[2026-01-04T12:59:16.786+0000] {processor.py:914} INFO - Processing file /workspaces/f1_data_team/venv/lib/python3.12/site-packages/airflow/example_dags/example_branch_day_of_week_operator.py for tasks to queue
[2026-01-04T12:59:16.787+0000] {logging_mixin.py:190} INFO - [2026-01-04T12:59:16.787+0000] {dagbag.py:588} INFO - Filling up the DagBag from /workspaces/f1_data_team/venv/lib/python3.12/site-packages/airflow/example_dags/example_branch_day_of_week_operator.py
[2026-01-04T12:59:16.796+0000] {processor.py:925} INFO - DAG(s) 'example_weekday_branch_operator' retrieved from /workspaces/f1_data_team/venv/lib/python3.12/site-packages/airflow/example_dags/example_branch_day_of_week_operator.py
[2026-01-04T12:59:16.814+0000] {logging_mixin.py:190} INFO - [2026-01-04T12:59:16.813+0000] {dag.py:3239} INFO - Sync 1 DAGs
[2026-01-04T12:59:16.830+0000] {logging_mixin.py:190} INFO - [2026-01-04T12:59:16.830+0000] {dag.py:4180} INFO - Setting next_dagrun for example_weekday_branch_operator to 2026-01-03 00:00:00+00:00, run_after=2026-01-04 00:00:00+00:00
[2026-01-04T12:59:16.844+0000] {processor.py:208} INFO - Processing /workspaces/f1_data_team/venv/lib/python3.12/site-packages/airflow/example_dags/example_branch_day_of_week_operator.py took 0.064 seconds
[2026-01-04T13:00:37.850+0000] {processor.py:186} INFO - Started process (PID=50743) to work on /workspaces/f1_data_team/venv/lib/python3.12/site-packages/airflow/example_dags/example_branch_day_of_week_operator.py
[2026-01-04T13:00:37.851+0000] {processor.py:914} INFO - Processing file /workspaces/f1_data_team/venv/lib/python3.12/site-packages/airflow/example_dags/example_branch_day_of_week_operator.py for tasks to queue
[2026-01-04T13:00:37.853+0000] {logging_mixin.py:190} INFO - [2026-01-04T13:00:37.852+0000] {dagbag.py:588} INFO - Filling up the DagBag from /workspaces/f1_data_team/venv/lib/python3.12/site-packages/airflow/example_dags/example_branch_day_of_week_operator.py
[2026-01-04T13:00:37.861+0000] {processor.py:925} INFO - DAG(s) 'example_weekday_branch_operator' retrieved from /workspaces/f1_data_team/venv/lib/python3.12/site-packages/airflow/example_dags/example_branch_day_of_week_operator.py
[2026-01-04T13:00:37.873+0000] {logging_mixin.py:190} INFO - [2026-01-04T13:00:37.873+0000] {dag.py:3239} INFO - Sync 1 DAGs
[2026-01-04T13:00:37.889+0000] {logging_mixin.py:190} INFO - [2026-01-04T13:00:37.888+0000] {dag.py:4180} INFO - Setting next_dagrun for example_weekday_branch_operator to 2026-01-03 00:00:00+00:00, run_after=2026-01-04 00:00:00+00:00
[2026-01-04T13:00:37.903+0000] {processor.py:208} INFO - Processing /workspaces/f1_data_team/venv/lib/python3.12/site-packages/airflow/example_dags/example_branch_day_of_week_operator.py took 0.058 seconds
