[2026-01-04T12:27:22.790+0000] {processor.py:186} INFO - Started process (PID=24825) to work on /workspaces/f1_data_team/venv/lib/python3.12/site-packages/airflow/example_dags/example_dataset_alias.py
[2026-01-04T12:27:22.791+0000] {processor.py:914} INFO - Processing file /workspaces/f1_data_team/venv/lib/python3.12/site-packages/airflow/example_dags/example_dataset_alias.py for tasks to queue
[2026-01-04T12:27:22.794+0000] {logging_mixin.py:190} INFO - [2026-01-04T12:27:22.793+0000] {dagbag.py:588} INFO - Filling up the DagBag from /workspaces/f1_data_team/venv/lib/python3.12/site-packages/airflow/example_dags/example_dataset_alias.py
[2026-01-04T12:27:23.271+0000] {processor.py:925} INFO - DAG(s) 'dataset_alias_example_alias_producer', 'dataset_alias_example_alias_consumer', 'dataset_s3_bucket_producer', 'dataset_s3_bucket_consumer' retrieved from /workspaces/f1_data_team/venv/lib/python3.12/site-packages/airflow/example_dags/example_dataset_alias.py
[2026-01-04T12:27:23.389+0000] {logging_mixin.py:190} INFO - [2026-01-04T12:27:23.388+0000] {override.py:1911} INFO - Created Permission View: can read on DAG:dataset_alias_example_alias_producer
[2026-01-04T12:27:23.396+0000] {logging_mixin.py:190} INFO - [2026-01-04T12:27:23.396+0000] {override.py:1911} INFO - Created Permission View: can edit on DAG:dataset_alias_example_alias_producer
[2026-01-04T12:27:23.402+0000] {logging_mixin.py:190} INFO - [2026-01-04T12:27:23.401+0000] {override.py:1911} INFO - Created Permission View: can delete on DAG:dataset_alias_example_alias_producer
[2026-01-04T12:27:23.409+0000] {logging_mixin.py:190} INFO - [2026-01-04T12:27:23.409+0000] {override.py:1911} INFO - Created Permission View: can read on DAG Run:dataset_alias_example_alias_producer
[2026-01-04T12:27:23.415+0000] {logging_mixin.py:190} INFO - [2026-01-04T12:27:23.414+0000] {override.py:1911} INFO - Created Permission View: menu access on DAG Run:dataset_alias_example_alias_producer
[2026-01-04T12:27:23.420+0000] {logging_mixin.py:190} INFO - [2026-01-04T12:27:23.419+0000] {override.py:1911} INFO - Created Permission View: can create on DAG Run:dataset_alias_example_alias_producer
[2026-01-04T12:27:23.425+0000] {logging_mixin.py:190} INFO - [2026-01-04T12:27:23.424+0000] {override.py:1911} INFO - Created Permission View: can delete on DAG Run:dataset_alias_example_alias_producer
[2026-01-04T12:27:23.436+0000] {logging_mixin.py:190} INFO - [2026-01-04T12:27:23.436+0000] {override.py:1911} INFO - Created Permission View: can read on DAG:dataset_alias_example_alias_consumer
[2026-01-04T12:27:23.441+0000] {logging_mixin.py:190} INFO - [2026-01-04T12:27:23.441+0000] {override.py:1911} INFO - Created Permission View: can edit on DAG:dataset_alias_example_alias_consumer
[2026-01-04T12:27:23.446+0000] {logging_mixin.py:190} INFO - [2026-01-04T12:27:23.446+0000] {override.py:1911} INFO - Created Permission View: can delete on DAG:dataset_alias_example_alias_consumer
[2026-01-04T12:27:23.456+0000] {logging_mixin.py:190} INFO - [2026-01-04T12:27:23.456+0000] {override.py:1911} INFO - Created Permission View: can read on DAG Run:dataset_alias_example_alias_consumer
[2026-01-04T12:27:23.461+0000] {logging_mixin.py:190} INFO - [2026-01-04T12:27:23.461+0000] {override.py:1911} INFO - Created Permission View: menu access on DAG Run:dataset_alias_example_alias_consumer
[2026-01-04T12:27:23.466+0000] {logging_mixin.py:190} INFO - [2026-01-04T12:27:23.466+0000] {override.py:1911} INFO - Created Permission View: can create on DAG Run:dataset_alias_example_alias_consumer
[2026-01-04T12:27:23.470+0000] {logging_mixin.py:190} INFO - [2026-01-04T12:27:23.470+0000] {override.py:1911} INFO - Created Permission View: can delete on DAG Run:dataset_alias_example_alias_consumer
[2026-01-04T12:27:23.481+0000] {logging_mixin.py:190} INFO - [2026-01-04T12:27:23.481+0000] {override.py:1911} INFO - Created Permission View: can read on DAG:dataset_s3_bucket_producer
[2026-01-04T12:27:23.486+0000] {logging_mixin.py:190} INFO - [2026-01-04T12:27:23.486+0000] {override.py:1911} INFO - Created Permission View: can edit on DAG:dataset_s3_bucket_producer
[2026-01-04T12:27:23.491+0000] {logging_mixin.py:190} INFO - [2026-01-04T12:27:23.491+0000] {override.py:1911} INFO - Created Permission View: can delete on DAG:dataset_s3_bucket_producer
[2026-01-04T12:27:23.498+0000] {logging_mixin.py:190} INFO - [2026-01-04T12:27:23.498+0000] {override.py:1911} INFO - Created Permission View: can read on DAG Run:dataset_s3_bucket_producer
[2026-01-04T12:27:23.503+0000] {logging_mixin.py:190} INFO - [2026-01-04T12:27:23.503+0000] {override.py:1911} INFO - Created Permission View: menu access on DAG Run:dataset_s3_bucket_producer
[2026-01-04T12:27:23.507+0000] {logging_mixin.py:190} INFO - [2026-01-04T12:27:23.507+0000] {override.py:1911} INFO - Created Permission View: can create on DAG Run:dataset_s3_bucket_producer
[2026-01-04T12:27:23.513+0000] {logging_mixin.py:190} INFO - [2026-01-04T12:27:23.513+0000] {override.py:1911} INFO - Created Permission View: can delete on DAG Run:dataset_s3_bucket_producer
[2026-01-04T12:27:23.523+0000] {logging_mixin.py:190} INFO - [2026-01-04T12:27:23.523+0000] {override.py:1911} INFO - Created Permission View: can read on DAG:dataset_s3_bucket_consumer
[2026-01-04T12:27:23.528+0000] {logging_mixin.py:190} INFO - [2026-01-04T12:27:23.528+0000] {override.py:1911} INFO - Created Permission View: can edit on DAG:dataset_s3_bucket_consumer
[2026-01-04T12:27:23.533+0000] {logging_mixin.py:190} INFO - [2026-01-04T12:27:23.533+0000] {override.py:1911} INFO - Created Permission View: can delete on DAG:dataset_s3_bucket_consumer
[2026-01-04T12:27:23.540+0000] {logging_mixin.py:190} INFO - [2026-01-04T12:27:23.540+0000] {override.py:1911} INFO - Created Permission View: can read on DAG Run:dataset_s3_bucket_consumer
[2026-01-04T12:27:23.545+0000] {logging_mixin.py:190} INFO - [2026-01-04T12:27:23.545+0000] {override.py:1911} INFO - Created Permission View: menu access on DAG Run:dataset_s3_bucket_consumer
[2026-01-04T12:27:23.550+0000] {logging_mixin.py:190} INFO - [2026-01-04T12:27:23.550+0000] {override.py:1911} INFO - Created Permission View: can create on DAG Run:dataset_s3_bucket_consumer
[2026-01-04T12:27:23.555+0000] {logging_mixin.py:190} INFO - [2026-01-04T12:27:23.555+0000] {override.py:1911} INFO - Created Permission View: can delete on DAG Run:dataset_s3_bucket_consumer
[2026-01-04T12:27:23.556+0000] {logging_mixin.py:190} INFO - [2026-01-04T12:27:23.555+0000] {dag.py:3239} INFO - Sync 4 DAGs
[2026-01-04T12:27:23.564+0000] {logging_mixin.py:190} INFO - [2026-01-04T12:27:23.564+0000] {dag.py:3262} INFO - Creating ORM DAG for dataset_s3_bucket_consumer
[2026-01-04T12:27:23.564+0000] {logging_mixin.py:190} INFO - [2026-01-04T12:27:23.564+0000] {dag.py:3262} INFO - Creating ORM DAG for dataset_alias_example_alias_producer
[2026-01-04T12:27:23.565+0000] {logging_mixin.py:190} INFO - [2026-01-04T12:27:23.565+0000] {dag.py:3262} INFO - Creating ORM DAG for dataset_s3_bucket_producer
[2026-01-04T12:27:23.565+0000] {logging_mixin.py:190} INFO - [2026-01-04T12:27:23.565+0000] {dag.py:3262} INFO - Creating ORM DAG for dataset_alias_example_alias_consumer
[2026-01-04T12:27:23.571+0000] {logging_mixin.py:190} INFO - [2026-01-04T12:27:23.570+0000] {dag.py:4180} INFO - Setting next_dagrun for dataset_alias_example_alias_consumer to None, run_after=None
[2026-01-04T12:27:23.571+0000] {logging_mixin.py:190} INFO - [2026-01-04T12:27:23.571+0000] {dag.py:4180} INFO - Setting next_dagrun for dataset_alias_example_alias_producer to None, run_after=None
[2026-01-04T12:27:23.571+0000] {logging_mixin.py:190} INFO - [2026-01-04T12:27:23.571+0000] {dag.py:4180} INFO - Setting next_dagrun for dataset_s3_bucket_consumer to None, run_after=None
[2026-01-04T12:27:23.572+0000] {logging_mixin.py:190} INFO - [2026-01-04T12:27:23.572+0000] {dag.py:4180} INFO - Setting next_dagrun for dataset_s3_bucket_producer to None, run_after=None
[2026-01-04T12:27:23.591+0000] {processor.py:208} INFO - Processing /workspaces/f1_data_team/venv/lib/python3.12/site-packages/airflow/example_dags/example_dataset_alias.py took 0.808 seconds
[2026-01-04T12:28:21.548+0000] {processor.py:186} INFO - Started process (PID=25349) to work on /workspaces/f1_data_team/venv/lib/python3.12/site-packages/airflow/example_dags/example_dataset_alias.py
[2026-01-04T12:28:21.549+0000] {processor.py:914} INFO - Processing file /workspaces/f1_data_team/venv/lib/python3.12/site-packages/airflow/example_dags/example_dataset_alias.py for tasks to queue
[2026-01-04T12:28:21.551+0000] {logging_mixin.py:190} INFO - [2026-01-04T12:28:21.550+0000] {dagbag.py:588} INFO - Filling up the DagBag from /workspaces/f1_data_team/venv/lib/python3.12/site-packages/airflow/example_dags/example_dataset_alias.py
[2026-01-04T12:28:21.928+0000] {processor.py:925} INFO - DAG(s) 'dataset_s3_bucket_consumer', 'dataset_alias_example_alias_consumer', 'dataset_alias_example_alias_producer', 'dataset_s3_bucket_producer' retrieved from /workspaces/f1_data_team/venv/lib/python3.12/site-packages/airflow/example_dags/example_dataset_alias.py
[2026-01-04T12:28:21.940+0000] {logging_mixin.py:190} INFO - [2026-01-04T12:28:21.940+0000] {dag.py:3239} INFO - Sync 4 DAGs
[2026-01-04T12:28:21.954+0000] {logging_mixin.py:190} INFO - [2026-01-04T12:28:21.954+0000] {dag.py:4180} INFO - Setting next_dagrun for dataset_alias_example_alias_consumer to None, run_after=None
[2026-01-04T12:28:21.956+0000] {logging_mixin.py:190} INFO - [2026-01-04T12:28:21.956+0000] {dag.py:4180} INFO - Setting next_dagrun for dataset_alias_example_alias_producer to None, run_after=None
[2026-01-04T12:28:21.957+0000] {logging_mixin.py:190} INFO - [2026-01-04T12:28:21.956+0000] {dag.py:4180} INFO - Setting next_dagrun for dataset_s3_bucket_consumer to None, run_after=None
[2026-01-04T12:28:21.957+0000] {logging_mixin.py:190} INFO - [2026-01-04T12:28:21.957+0000] {dag.py:4180} INFO - Setting next_dagrun for dataset_s3_bucket_producer to None, run_after=None
[2026-01-04T12:28:21.973+0000] {processor.py:208} INFO - Processing /workspaces/f1_data_team/venv/lib/python3.12/site-packages/airflow/example_dags/example_dataset_alias.py took 0.430 seconds
[2026-01-04T12:29:18.828+0000] {processor.py:186} INFO - Started process (PID=26478) to work on /workspaces/f1_data_team/venv/lib/python3.12/site-packages/airflow/example_dags/example_dataset_alias.py
[2026-01-04T12:29:18.829+0000] {processor.py:914} INFO - Processing file /workspaces/f1_data_team/venv/lib/python3.12/site-packages/airflow/example_dags/example_dataset_alias.py for tasks to queue
[2026-01-04T12:29:18.831+0000] {logging_mixin.py:190} INFO - [2026-01-04T12:29:18.831+0000] {dagbag.py:588} INFO - Filling up the DagBag from /workspaces/f1_data_team/venv/lib/python3.12/site-packages/airflow/example_dags/example_dataset_alias.py
[2026-01-04T12:29:19.189+0000] {processor.py:925} INFO - DAG(s) 'dataset_s3_bucket_consumer', 'dataset_alias_example_alias_consumer', 'dataset_s3_bucket_producer', 'dataset_alias_example_alias_producer' retrieved from /workspaces/f1_data_team/venv/lib/python3.12/site-packages/airflow/example_dags/example_dataset_alias.py
[2026-01-04T12:29:19.202+0000] {logging_mixin.py:190} INFO - [2026-01-04T12:29:19.202+0000] {dag.py:3239} INFO - Sync 4 DAGs
[2026-01-04T12:29:19.214+0000] {logging_mixin.py:190} INFO - [2026-01-04T12:29:19.214+0000] {dag.py:4180} INFO - Setting next_dagrun for dataset_alias_example_alias_consumer to None, run_after=None
[2026-01-04T12:29:19.216+0000] {logging_mixin.py:190} INFO - [2026-01-04T12:29:19.216+0000] {dag.py:4180} INFO - Setting next_dagrun for dataset_alias_example_alias_producer to None, run_after=None
[2026-01-04T12:29:19.217+0000] {logging_mixin.py:190} INFO - [2026-01-04T12:29:19.216+0000] {dag.py:4180} INFO - Setting next_dagrun for dataset_s3_bucket_consumer to None, run_after=None
[2026-01-04T12:29:19.217+0000] {logging_mixin.py:190} INFO - [2026-01-04T12:29:19.217+0000] {dag.py:4180} INFO - Setting next_dagrun for dataset_s3_bucket_producer to None, run_after=None
[2026-01-04T12:29:19.232+0000] {processor.py:208} INFO - Processing /workspaces/f1_data_team/venv/lib/python3.12/site-packages/airflow/example_dags/example_dataset_alias.py took 0.408 seconds
[2026-01-04T12:30:59.808+0000] {processor.py:186} INFO - Started process (PID=28044) to work on /workspaces/f1_data_team/venv/lib/python3.12/site-packages/airflow/example_dags/example_dataset_alias.py
[2026-01-04T12:30:59.808+0000] {processor.py:914} INFO - Processing file /workspaces/f1_data_team/venv/lib/python3.12/site-packages/airflow/example_dags/example_dataset_alias.py for tasks to queue
[2026-01-04T12:30:59.811+0000] {logging_mixin.py:190} INFO - [2026-01-04T12:30:59.810+0000] {dagbag.py:588} INFO - Filling up the DagBag from /workspaces/f1_data_team/venv/lib/python3.12/site-packages/airflow/example_dags/example_dataset_alias.py
[2026-01-04T12:31:00.191+0000] {processor.py:925} INFO - DAG(s) 'dataset_alias_example_alias_producer', 'dataset_s3_bucket_consumer', 'dataset_s3_bucket_producer', 'dataset_alias_example_alias_consumer' retrieved from /workspaces/f1_data_team/venv/lib/python3.12/site-packages/airflow/example_dags/example_dataset_alias.py
[2026-01-04T12:31:00.210+0000] {logging_mixin.py:190} INFO - [2026-01-04T12:31:00.210+0000] {dag.py:3239} INFO - Sync 4 DAGs
[2026-01-04T12:31:00.228+0000] {logging_mixin.py:190} INFO - [2026-01-04T12:31:00.228+0000] {dag.py:4180} INFO - Setting next_dagrun for dataset_alias_example_alias_consumer to None, run_after=None
[2026-01-04T12:31:00.230+0000] {logging_mixin.py:190} INFO - [2026-01-04T12:31:00.230+0000] {dag.py:4180} INFO - Setting next_dagrun for dataset_alias_example_alias_producer to None, run_after=None
[2026-01-04T12:31:00.231+0000] {logging_mixin.py:190} INFO - [2026-01-04T12:31:00.231+0000] {dag.py:4180} INFO - Setting next_dagrun for dataset_s3_bucket_consumer to None, run_after=None
[2026-01-04T12:31:00.232+0000] {logging_mixin.py:190} INFO - [2026-01-04T12:31:00.232+0000] {dag.py:4180} INFO - Setting next_dagrun for dataset_s3_bucket_producer to None, run_after=None
[2026-01-04T12:31:00.247+0000] {processor.py:208} INFO - Processing /workspaces/f1_data_team/venv/lib/python3.12/site-packages/airflow/example_dags/example_dataset_alias.py took 0.444 seconds
[2026-01-04T12:33:03.867+0000] {processor.py:186} INFO - Started process (PID=30095) to work on /workspaces/f1_data_team/venv/lib/python3.12/site-packages/airflow/example_dags/example_dataset_alias.py
[2026-01-04T12:33:03.869+0000] {processor.py:914} INFO - Processing file /workspaces/f1_data_team/venv/lib/python3.12/site-packages/airflow/example_dags/example_dataset_alias.py for tasks to queue
[2026-01-04T12:33:03.874+0000] {logging_mixin.py:190} INFO - [2026-01-04T12:33:03.874+0000] {dagbag.py:588} INFO - Filling up the DagBag from /workspaces/f1_data_team/venv/lib/python3.12/site-packages/airflow/example_dags/example_dataset_alias.py
[2026-01-04T12:33:03.923+0000] {processor.py:925} INFO - DAG(s) 'dataset_s3_bucket_consumer', 'dataset_s3_bucket_producer', 'dataset_alias_example_alias_producer', 'dataset_alias_example_alias_consumer' retrieved from /workspaces/f1_data_team/venv/lib/python3.12/site-packages/airflow/example_dags/example_dataset_alias.py
[2026-01-04T12:33:03.950+0000] {logging_mixin.py:190} INFO - [2026-01-04T12:33:03.950+0000] {dag.py:3239} INFO - Sync 4 DAGs
[2026-01-04T12:33:03.979+0000] {logging_mixin.py:190} INFO - [2026-01-04T12:33:03.979+0000] {dag.py:4180} INFO - Setting next_dagrun for dataset_alias_example_alias_consumer to None, run_after=None
[2026-01-04T12:33:03.982+0000] {logging_mixin.py:190} INFO - [2026-01-04T12:33:03.982+0000] {dag.py:4180} INFO - Setting next_dagrun for dataset_alias_example_alias_producer to None, run_after=None
[2026-01-04T12:33:03.983+0000] {logging_mixin.py:190} INFO - [2026-01-04T12:33:03.983+0000] {dag.py:4180} INFO - Setting next_dagrun for dataset_s3_bucket_consumer to None, run_after=None
[2026-01-04T12:33:03.984+0000] {logging_mixin.py:190} INFO - [2026-01-04T12:33:03.984+0000] {dag.py:4180} INFO - Setting next_dagrun for dataset_s3_bucket_producer to None, run_after=None
[2026-01-04T12:33:04.024+0000] {processor.py:208} INFO - Processing /workspaces/f1_data_team/venv/lib/python3.12/site-packages/airflow/example_dags/example_dataset_alias.py took 0.165 seconds
[2026-01-04T12:34:07.918+0000] {processor.py:186} INFO - Started process (PID=30861) to work on /workspaces/f1_data_team/venv/lib/python3.12/site-packages/airflow/example_dags/example_dataset_alias.py
[2026-01-04T12:34:07.919+0000] {processor.py:914} INFO - Processing file /workspaces/f1_data_team/venv/lib/python3.12/site-packages/airflow/example_dags/example_dataset_alias.py for tasks to queue
[2026-01-04T12:34:07.921+0000] {logging_mixin.py:190} INFO - [2026-01-04T12:34:07.920+0000] {dagbag.py:588} INFO - Filling up the DagBag from /workspaces/f1_data_team/venv/lib/python3.12/site-packages/airflow/example_dags/example_dataset_alias.py
[2026-01-04T12:34:07.940+0000] {processor.py:925} INFO - DAG(s) 'dataset_s3_bucket_producer', 'dataset_alias_example_alias_producer', 'dataset_alias_example_alias_consumer', 'dataset_s3_bucket_consumer' retrieved from /workspaces/f1_data_team/venv/lib/python3.12/site-packages/airflow/example_dags/example_dataset_alias.py
[2026-01-04T12:34:07.954+0000] {logging_mixin.py:190} INFO - [2026-01-04T12:34:07.954+0000] {dag.py:3239} INFO - Sync 4 DAGs
[2026-01-04T12:34:07.968+0000] {logging_mixin.py:190} INFO - [2026-01-04T12:34:07.968+0000] {dag.py:4180} INFO - Setting next_dagrun for dataset_alias_example_alias_consumer to None, run_after=None
[2026-01-04T12:34:07.970+0000] {logging_mixin.py:190} INFO - [2026-01-04T12:34:07.970+0000] {dag.py:4180} INFO - Setting next_dagrun for dataset_alias_example_alias_producer to None, run_after=None
[2026-01-04T12:34:07.971+0000] {logging_mixin.py:190} INFO - [2026-01-04T12:34:07.971+0000] {dag.py:4180} INFO - Setting next_dagrun for dataset_s3_bucket_consumer to None, run_after=None
[2026-01-04T12:34:07.971+0000] {logging_mixin.py:190} INFO - [2026-01-04T12:34:07.971+0000] {dag.py:4180} INFO - Setting next_dagrun for dataset_s3_bucket_producer to None, run_after=None
[2026-01-04T12:34:07.988+0000] {processor.py:208} INFO - Processing /workspaces/f1_data_team/venv/lib/python3.12/site-packages/airflow/example_dags/example_dataset_alias.py took 0.075 seconds
[2026-01-04T12:35:02.652+0000] {processor.py:186} INFO - Started process (PID=31404) to work on /workspaces/f1_data_team/venv/lib/python3.12/site-packages/airflow/example_dags/example_dataset_alias.py
[2026-01-04T12:35:02.653+0000] {processor.py:914} INFO - Processing file /workspaces/f1_data_team/venv/lib/python3.12/site-packages/airflow/example_dags/example_dataset_alias.py for tasks to queue
[2026-01-04T12:35:02.655+0000] {logging_mixin.py:190} INFO - [2026-01-04T12:35:02.654+0000] {dagbag.py:588} INFO - Filling up the DagBag from /workspaces/f1_data_team/venv/lib/python3.12/site-packages/airflow/example_dags/example_dataset_alias.py
[2026-01-04T12:35:02.674+0000] {processor.py:925} INFO - DAG(s) 'dataset_alias_example_alias_consumer', 'dataset_s3_bucket_consumer', 'dataset_alias_example_alias_producer', 'dataset_s3_bucket_producer' retrieved from /workspaces/f1_data_team/venv/lib/python3.12/site-packages/airflow/example_dags/example_dataset_alias.py
[2026-01-04T12:35:02.689+0000] {logging_mixin.py:190} INFO - [2026-01-04T12:35:02.688+0000] {dag.py:3239} INFO - Sync 4 DAGs
[2026-01-04T12:35:02.703+0000] {logging_mixin.py:190} INFO - [2026-01-04T12:35:02.703+0000] {dag.py:4180} INFO - Setting next_dagrun for dataset_alias_example_alias_consumer to None, run_after=None
[2026-01-04T12:35:02.705+0000] {logging_mixin.py:190} INFO - [2026-01-04T12:35:02.705+0000] {dag.py:4180} INFO - Setting next_dagrun for dataset_alias_example_alias_producer to None, run_after=None
[2026-01-04T12:35:02.706+0000] {logging_mixin.py:190} INFO - [2026-01-04T12:35:02.705+0000] {dag.py:4180} INFO - Setting next_dagrun for dataset_s3_bucket_consumer to None, run_after=None
[2026-01-04T12:35:02.706+0000] {logging_mixin.py:190} INFO - [2026-01-04T12:35:02.706+0000] {dag.py:4180} INFO - Setting next_dagrun for dataset_s3_bucket_producer to None, run_after=None
[2026-01-04T12:35:02.722+0000] {processor.py:208} INFO - Processing /workspaces/f1_data_team/venv/lib/python3.12/site-packages/airflow/example_dags/example_dataset_alias.py took 0.075 seconds
[2026-01-04T12:36:18.330+0000] {processor.py:186} INFO - Started process (PID=32273) to work on /workspaces/f1_data_team/venv/lib/python3.12/site-packages/airflow/example_dags/example_dataset_alias.py
[2026-01-04T12:36:18.331+0000] {processor.py:914} INFO - Processing file /workspaces/f1_data_team/venv/lib/python3.12/site-packages/airflow/example_dags/example_dataset_alias.py for tasks to queue
[2026-01-04T12:36:18.333+0000] {logging_mixin.py:190} INFO - [2026-01-04T12:36:18.332+0000] {dagbag.py:588} INFO - Filling up the DagBag from /workspaces/f1_data_team/venv/lib/python3.12/site-packages/airflow/example_dags/example_dataset_alias.py
[2026-01-04T12:36:18.352+0000] {processor.py:925} INFO - DAG(s) 'dataset_s3_bucket_consumer', 'dataset_alias_example_alias_consumer', 'dataset_alias_example_alias_producer', 'dataset_s3_bucket_producer' retrieved from /workspaces/f1_data_team/venv/lib/python3.12/site-packages/airflow/example_dags/example_dataset_alias.py
[2026-01-04T12:36:18.374+0000] {logging_mixin.py:190} INFO - [2026-01-04T12:36:18.373+0000] {dag.py:3239} INFO - Sync 4 DAGs
[2026-01-04T12:36:18.394+0000] {logging_mixin.py:190} INFO - [2026-01-04T12:36:18.394+0000] {dag.py:4180} INFO - Setting next_dagrun for dataset_alias_example_alias_consumer to None, run_after=None
[2026-01-04T12:36:18.396+0000] {logging_mixin.py:190} INFO - [2026-01-04T12:36:18.396+0000] {dag.py:4180} INFO - Setting next_dagrun for dataset_alias_example_alias_producer to None, run_after=None
[2026-01-04T12:36:18.397+0000] {logging_mixin.py:190} INFO - [2026-01-04T12:36:18.397+0000] {dag.py:4180} INFO - Setting next_dagrun for dataset_s3_bucket_consumer to None, run_after=None
[2026-01-04T12:36:18.397+0000] {logging_mixin.py:190} INFO - [2026-01-04T12:36:18.397+0000] {dag.py:4180} INFO - Setting next_dagrun for dataset_s3_bucket_producer to None, run_after=None
[2026-01-04T12:36:18.413+0000] {processor.py:208} INFO - Processing /workspaces/f1_data_team/venv/lib/python3.12/site-packages/airflow/example_dags/example_dataset_alias.py took 0.088 seconds
[2026-01-04T12:37:14.480+0000] {processor.py:186} INFO - Started process (PID=32763) to work on /workspaces/f1_data_team/venv/lib/python3.12/site-packages/airflow/example_dags/example_dataset_alias.py
[2026-01-04T12:37:14.481+0000] {processor.py:914} INFO - Processing file /workspaces/f1_data_team/venv/lib/python3.12/site-packages/airflow/example_dags/example_dataset_alias.py for tasks to queue
[2026-01-04T12:37:14.483+0000] {logging_mixin.py:190} INFO - [2026-01-04T12:37:14.483+0000] {dagbag.py:588} INFO - Filling up the DagBag from /workspaces/f1_data_team/venv/lib/python3.12/site-packages/airflow/example_dags/example_dataset_alias.py
[2026-01-04T12:37:14.502+0000] {processor.py:925} INFO - DAG(s) 'dataset_s3_bucket_producer', 'dataset_alias_example_alias_consumer', 'dataset_alias_example_alias_producer', 'dataset_s3_bucket_consumer' retrieved from /workspaces/f1_data_team/venv/lib/python3.12/site-packages/airflow/example_dags/example_dataset_alias.py
[2026-01-04T12:37:14.516+0000] {logging_mixin.py:190} INFO - [2026-01-04T12:37:14.516+0000] {dag.py:3239} INFO - Sync 4 DAGs
[2026-01-04T12:37:14.531+0000] {logging_mixin.py:190} INFO - [2026-01-04T12:37:14.531+0000] {dag.py:4180} INFO - Setting next_dagrun for dataset_alias_example_alias_consumer to None, run_after=None
[2026-01-04T12:37:14.533+0000] {logging_mixin.py:190} INFO - [2026-01-04T12:37:14.533+0000] {dag.py:4180} INFO - Setting next_dagrun for dataset_alias_example_alias_producer to None, run_after=None
[2026-01-04T12:37:14.533+0000] {logging_mixin.py:190} INFO - [2026-01-04T12:37:14.533+0000] {dag.py:4180} INFO - Setting next_dagrun for dataset_s3_bucket_consumer to None, run_after=None
[2026-01-04T12:37:14.534+0000] {logging_mixin.py:190} INFO - [2026-01-04T12:37:14.534+0000] {dag.py:4180} INFO - Setting next_dagrun for dataset_s3_bucket_producer to None, run_after=None
[2026-01-04T12:37:14.550+0000] {processor.py:208} INFO - Processing /workspaces/f1_data_team/venv/lib/python3.12/site-packages/airflow/example_dags/example_dataset_alias.py took 0.075 seconds
[2026-01-04T12:38:08.000+0000] {processor.py:186} INFO - Started process (PID=33660) to work on /workspaces/f1_data_team/venv/lib/python3.12/site-packages/airflow/example_dags/example_dataset_alias.py
[2026-01-04T12:38:08.000+0000] {processor.py:914} INFO - Processing file /workspaces/f1_data_team/venv/lib/python3.12/site-packages/airflow/example_dags/example_dataset_alias.py for tasks to queue
[2026-01-04T12:38:08.002+0000] {logging_mixin.py:190} INFO - [2026-01-04T12:38:08.002+0000] {dagbag.py:588} INFO - Filling up the DagBag from /workspaces/f1_data_team/venv/lib/python3.12/site-packages/airflow/example_dags/example_dataset_alias.py
[2026-01-04T12:38:08.022+0000] {processor.py:925} INFO - DAG(s) 'dataset_alias_example_alias_consumer', 'dataset_alias_example_alias_producer', 'dataset_s3_bucket_producer', 'dataset_s3_bucket_consumer' retrieved from /workspaces/f1_data_team/venv/lib/python3.12/site-packages/airflow/example_dags/example_dataset_alias.py
[2026-01-04T12:38:08.039+0000] {logging_mixin.py:190} INFO - [2026-01-04T12:38:08.039+0000] {dag.py:3239} INFO - Sync 4 DAGs
[2026-01-04T12:38:08.054+0000] {logging_mixin.py:190} INFO - [2026-01-04T12:38:08.053+0000] {dag.py:4180} INFO - Setting next_dagrun for dataset_alias_example_alias_consumer to None, run_after=None
[2026-01-04T12:38:08.055+0000] {logging_mixin.py:190} INFO - [2026-01-04T12:38:08.055+0000] {dag.py:4180} INFO - Setting next_dagrun for dataset_alias_example_alias_producer to None, run_after=None
[2026-01-04T12:38:08.056+0000] {logging_mixin.py:190} INFO - [2026-01-04T12:38:08.056+0000] {dag.py:4180} INFO - Setting next_dagrun for dataset_s3_bucket_consumer to None, run_after=None
[2026-01-04T12:38:08.056+0000] {logging_mixin.py:190} INFO - [2026-01-04T12:38:08.056+0000] {dag.py:4180} INFO - Setting next_dagrun for dataset_s3_bucket_producer to None, run_after=None
[2026-01-04T12:38:08.073+0000] {processor.py:208} INFO - Processing /workspaces/f1_data_team/venv/lib/python3.12/site-packages/airflow/example_dags/example_dataset_alias.py took 0.077 seconds
[2026-01-04T12:39:27.393+0000] {processor.py:186} INFO - Started process (PID=34425) to work on /workspaces/f1_data_team/venv/lib/python3.12/site-packages/airflow/example_dags/example_dataset_alias.py
[2026-01-04T12:39:27.394+0000] {processor.py:914} INFO - Processing file /workspaces/f1_data_team/venv/lib/python3.12/site-packages/airflow/example_dags/example_dataset_alias.py for tasks to queue
[2026-01-04T12:39:27.396+0000] {logging_mixin.py:190} INFO - [2026-01-04T12:39:27.395+0000] {dagbag.py:588} INFO - Filling up the DagBag from /workspaces/f1_data_team/venv/lib/python3.12/site-packages/airflow/example_dags/example_dataset_alias.py
[2026-01-04T12:39:27.414+0000] {processor.py:925} INFO - DAG(s) 'dataset_alias_example_alias_producer', 'dataset_alias_example_alias_consumer', 'dataset_s3_bucket_producer', 'dataset_s3_bucket_consumer' retrieved from /workspaces/f1_data_team/venv/lib/python3.12/site-packages/airflow/example_dags/example_dataset_alias.py
[2026-01-04T12:39:27.429+0000] {logging_mixin.py:190} INFO - [2026-01-04T12:39:27.428+0000] {dag.py:3239} INFO - Sync 4 DAGs
[2026-01-04T12:39:27.443+0000] {logging_mixin.py:190} INFO - [2026-01-04T12:39:27.442+0000] {dag.py:4180} INFO - Setting next_dagrun for dataset_alias_example_alias_consumer to None, run_after=None
[2026-01-04T12:39:27.444+0000] {logging_mixin.py:190} INFO - [2026-01-04T12:39:27.444+0000] {dag.py:4180} INFO - Setting next_dagrun for dataset_alias_example_alias_producer to None, run_after=None
[2026-01-04T12:39:27.445+0000] {logging_mixin.py:190} INFO - [2026-01-04T12:39:27.445+0000] {dag.py:4180} INFO - Setting next_dagrun for dataset_s3_bucket_consumer to None, run_after=None
[2026-01-04T12:39:27.446+0000] {logging_mixin.py:190} INFO - [2026-01-04T12:39:27.445+0000] {dag.py:4180} INFO - Setting next_dagrun for dataset_s3_bucket_producer to None, run_after=None
[2026-01-04T12:39:27.461+0000] {processor.py:208} INFO - Processing /workspaces/f1_data_team/venv/lib/python3.12/site-packages/airflow/example_dags/example_dataset_alias.py took 0.073 seconds
[2026-01-04T12:40:20.159+0000] {processor.py:186} INFO - Started process (PID=34946) to work on /workspaces/f1_data_team/venv/lib/python3.12/site-packages/airflow/example_dags/example_dataset_alias.py
[2026-01-04T12:40:20.159+0000] {processor.py:914} INFO - Processing file /workspaces/f1_data_team/venv/lib/python3.12/site-packages/airflow/example_dags/example_dataset_alias.py for tasks to queue
[2026-01-04T12:40:20.162+0000] {logging_mixin.py:190} INFO - [2026-01-04T12:40:20.161+0000] {dagbag.py:588} INFO - Filling up the DagBag from /workspaces/f1_data_team/venv/lib/python3.12/site-packages/airflow/example_dags/example_dataset_alias.py
[2026-01-04T12:40:20.182+0000] {processor.py:925} INFO - DAG(s) 'dataset_alias_example_alias_consumer', 'dataset_s3_bucket_producer', 'dataset_alias_example_alias_producer', 'dataset_s3_bucket_consumer' retrieved from /workspaces/f1_data_team/venv/lib/python3.12/site-packages/airflow/example_dags/example_dataset_alias.py
[2026-01-04T12:40:20.205+0000] {logging_mixin.py:190} INFO - [2026-01-04T12:40:20.205+0000] {dag.py:3239} INFO - Sync 4 DAGs
[2026-01-04T12:40:20.220+0000] {logging_mixin.py:190} INFO - [2026-01-04T12:40:20.220+0000] {dag.py:4180} INFO - Setting next_dagrun for dataset_alias_example_alias_consumer to None, run_after=None
[2026-01-04T12:40:20.222+0000] {logging_mixin.py:190} INFO - [2026-01-04T12:40:20.221+0000] {dag.py:4180} INFO - Setting next_dagrun for dataset_alias_example_alias_producer to None, run_after=None
[2026-01-04T12:40:20.222+0000] {logging_mixin.py:190} INFO - [2026-01-04T12:40:20.222+0000] {dag.py:4180} INFO - Setting next_dagrun for dataset_s3_bucket_consumer to None, run_after=None
[2026-01-04T12:40:20.223+0000] {logging_mixin.py:190} INFO - [2026-01-04T12:40:20.223+0000] {dag.py:4180} INFO - Setting next_dagrun for dataset_s3_bucket_producer to None, run_after=None
[2026-01-04T12:40:20.239+0000] {processor.py:208} INFO - Processing /workspaces/f1_data_team/venv/lib/python3.12/site-packages/airflow/example_dags/example_dataset_alias.py took 0.085 seconds
[2026-01-04T12:42:03.599+0000] {processor.py:186} INFO - Started process (PID=36311) to work on /workspaces/f1_data_team/venv/lib/python3.12/site-packages/airflow/example_dags/example_dataset_alias.py
[2026-01-04T12:42:03.600+0000] {processor.py:914} INFO - Processing file /workspaces/f1_data_team/venv/lib/python3.12/site-packages/airflow/example_dags/example_dataset_alias.py for tasks to queue
[2026-01-04T12:42:03.602+0000] {logging_mixin.py:190} INFO - [2026-01-04T12:42:03.602+0000] {dagbag.py:588} INFO - Filling up the DagBag from /workspaces/f1_data_team/venv/lib/python3.12/site-packages/airflow/example_dags/example_dataset_alias.py
[2026-01-04T12:42:03.621+0000] {processor.py:925} INFO - DAG(s) 'dataset_s3_bucket_producer', 'dataset_s3_bucket_consumer', 'dataset_alias_example_alias_producer', 'dataset_alias_example_alias_consumer' retrieved from /workspaces/f1_data_team/venv/lib/python3.12/site-packages/airflow/example_dags/example_dataset_alias.py
[2026-01-04T12:42:03.635+0000] {logging_mixin.py:190} INFO - [2026-01-04T12:42:03.635+0000] {dag.py:3239} INFO - Sync 4 DAGs
[2026-01-04T12:42:03.650+0000] {logging_mixin.py:190} INFO - [2026-01-04T12:42:03.650+0000] {dag.py:4180} INFO - Setting next_dagrun for dataset_alias_example_alias_consumer to None, run_after=None
[2026-01-04T12:42:03.652+0000] {logging_mixin.py:190} INFO - [2026-01-04T12:42:03.651+0000] {dag.py:4180} INFO - Setting next_dagrun for dataset_alias_example_alias_producer to None, run_after=None
[2026-01-04T12:42:03.652+0000] {logging_mixin.py:190} INFO - [2026-01-04T12:42:03.652+0000] {dag.py:4180} INFO - Setting next_dagrun for dataset_s3_bucket_consumer to None, run_after=None
[2026-01-04T12:42:03.653+0000] {logging_mixin.py:190} INFO - [2026-01-04T12:42:03.653+0000] {dag.py:4180} INFO - Setting next_dagrun for dataset_s3_bucket_producer to None, run_after=None
[2026-01-04T12:42:03.668+0000] {processor.py:208} INFO - Processing /workspaces/f1_data_team/venv/lib/python3.12/site-packages/airflow/example_dags/example_dataset_alias.py took 0.073 seconds
[2026-01-04T12:43:15.168+0000] {processor.py:186} INFO - Started process (PID=37359) to work on /workspaces/f1_data_team/venv/lib/python3.12/site-packages/airflow/example_dags/example_dataset_alias.py
[2026-01-04T12:43:15.169+0000] {processor.py:914} INFO - Processing file /workspaces/f1_data_team/venv/lib/python3.12/site-packages/airflow/example_dags/example_dataset_alias.py for tasks to queue
[2026-01-04T12:43:15.171+0000] {logging_mixin.py:190} INFO - [2026-01-04T12:43:15.171+0000] {dagbag.py:588} INFO - Filling up the DagBag from /workspaces/f1_data_team/venv/lib/python3.12/site-packages/airflow/example_dags/example_dataset_alias.py
[2026-01-04T12:43:15.190+0000] {processor.py:925} INFO - DAG(s) 'dataset_s3_bucket_producer', 'dataset_s3_bucket_consumer', 'dataset_alias_example_alias_producer', 'dataset_alias_example_alias_consumer' retrieved from /workspaces/f1_data_team/venv/lib/python3.12/site-packages/airflow/example_dags/example_dataset_alias.py
[2026-01-04T12:43:15.204+0000] {logging_mixin.py:190} INFO - [2026-01-04T12:43:15.204+0000] {dag.py:3239} INFO - Sync 4 DAGs
[2026-01-04T12:43:15.219+0000] {logging_mixin.py:190} INFO - [2026-01-04T12:43:15.218+0000] {dag.py:4180} INFO - Setting next_dagrun for dataset_alias_example_alias_consumer to None, run_after=None
[2026-01-04T12:43:15.220+0000] {logging_mixin.py:190} INFO - [2026-01-04T12:43:15.220+0000] {dag.py:4180} INFO - Setting next_dagrun for dataset_alias_example_alias_producer to None, run_after=None
[2026-01-04T12:43:15.221+0000] {logging_mixin.py:190} INFO - [2026-01-04T12:43:15.221+0000] {dag.py:4180} INFO - Setting next_dagrun for dataset_s3_bucket_consumer to None, run_after=None
[2026-01-04T12:43:15.221+0000] {logging_mixin.py:190} INFO - [2026-01-04T12:43:15.221+0000] {dag.py:4180} INFO - Setting next_dagrun for dataset_s3_bucket_producer to None, run_after=None
[2026-01-04T12:43:15.238+0000] {processor.py:208} INFO - Processing /workspaces/f1_data_team/venv/lib/python3.12/site-packages/airflow/example_dags/example_dataset_alias.py took 0.074 seconds
[2026-01-04T12:44:09.584+0000] {processor.py:186} INFO - Started process (PID=37964) to work on /workspaces/f1_data_team/venv/lib/python3.12/site-packages/airflow/example_dags/example_dataset_alias.py
[2026-01-04T12:44:09.584+0000] {processor.py:914} INFO - Processing file /workspaces/f1_data_team/venv/lib/python3.12/site-packages/airflow/example_dags/example_dataset_alias.py for tasks to queue
[2026-01-04T12:44:09.586+0000] {logging_mixin.py:190} INFO - [2026-01-04T12:44:09.586+0000] {dagbag.py:588} INFO - Filling up the DagBag from /workspaces/f1_data_team/venv/lib/python3.12/site-packages/airflow/example_dags/example_dataset_alias.py
[2026-01-04T12:44:09.606+0000] {processor.py:925} INFO - DAG(s) 'dataset_alias_example_alias_producer', 'dataset_s3_bucket_producer', 'dataset_alias_example_alias_consumer', 'dataset_s3_bucket_consumer' retrieved from /workspaces/f1_data_team/venv/lib/python3.12/site-packages/airflow/example_dags/example_dataset_alias.py
[2026-01-04T12:44:09.620+0000] {logging_mixin.py:190} INFO - [2026-01-04T12:44:09.620+0000] {dag.py:3239} INFO - Sync 4 DAGs
[2026-01-04T12:44:09.638+0000] {logging_mixin.py:190} INFO - [2026-01-04T12:44:09.638+0000] {dag.py:4180} INFO - Setting next_dagrun for dataset_alias_example_alias_consumer to None, run_after=None
[2026-01-04T12:44:09.640+0000] {logging_mixin.py:190} INFO - [2026-01-04T12:44:09.640+0000] {dag.py:4180} INFO - Setting next_dagrun for dataset_alias_example_alias_producer to None, run_after=None
[2026-01-04T12:44:09.641+0000] {logging_mixin.py:190} INFO - [2026-01-04T12:44:09.641+0000] {dag.py:4180} INFO - Setting next_dagrun for dataset_s3_bucket_consumer to None, run_after=None
[2026-01-04T12:44:09.642+0000] {logging_mixin.py:190} INFO - [2026-01-04T12:44:09.642+0000] {dag.py:4180} INFO - Setting next_dagrun for dataset_s3_bucket_producer to None, run_after=None
[2026-01-04T12:44:09.665+0000] {processor.py:208} INFO - Processing /workspaces/f1_data_team/venv/lib/python3.12/site-packages/airflow/example_dags/example_dataset_alias.py took 0.086 seconds
[2026-01-04T12:45:35.701+0000] {processor.py:186} INFO - Started process (PID=39456) to work on /workspaces/f1_data_team/venv/lib/python3.12/site-packages/airflow/example_dags/example_dataset_alias.py
[2026-01-04T12:45:35.702+0000] {processor.py:914} INFO - Processing file /workspaces/f1_data_team/venv/lib/python3.12/site-packages/airflow/example_dags/example_dataset_alias.py for tasks to queue
[2026-01-04T12:45:35.704+0000] {logging_mixin.py:190} INFO - [2026-01-04T12:45:35.703+0000] {dagbag.py:588} INFO - Filling up the DagBag from /workspaces/f1_data_team/venv/lib/python3.12/site-packages/airflow/example_dags/example_dataset_alias.py
[2026-01-04T12:45:35.723+0000] {processor.py:925} INFO - DAG(s) 'dataset_s3_bucket_producer', 'dataset_alias_example_alias_producer', 'dataset_s3_bucket_consumer', 'dataset_alias_example_alias_consumer' retrieved from /workspaces/f1_data_team/venv/lib/python3.12/site-packages/airflow/example_dags/example_dataset_alias.py
[2026-01-04T12:45:35.737+0000] {logging_mixin.py:190} INFO - [2026-01-04T12:45:35.736+0000] {dag.py:3239} INFO - Sync 4 DAGs
[2026-01-04T12:45:35.751+0000] {logging_mixin.py:190} INFO - [2026-01-04T12:45:35.751+0000] {dag.py:4180} INFO - Setting next_dagrun for dataset_alias_example_alias_consumer to None, run_after=None
[2026-01-04T12:45:35.752+0000] {logging_mixin.py:190} INFO - [2026-01-04T12:45:35.752+0000] {dag.py:4180} INFO - Setting next_dagrun for dataset_alias_example_alias_producer to None, run_after=None
[2026-01-04T12:45:35.753+0000] {logging_mixin.py:190} INFO - [2026-01-04T12:45:35.753+0000] {dag.py:4180} INFO - Setting next_dagrun for dataset_s3_bucket_consumer to None, run_after=None
[2026-01-04T12:45:35.754+0000] {logging_mixin.py:190} INFO - [2026-01-04T12:45:35.754+0000] {dag.py:4180} INFO - Setting next_dagrun for dataset_s3_bucket_producer to None, run_after=None
[2026-01-04T12:45:35.769+0000] {processor.py:208} INFO - Processing /workspaces/f1_data_team/venv/lib/python3.12/site-packages/airflow/example_dags/example_dataset_alias.py took 0.073 seconds
[2026-01-04T12:46:31.216+0000] {processor.py:186} INFO - Started process (PID=40025) to work on /workspaces/f1_data_team/venv/lib/python3.12/site-packages/airflow/example_dags/example_dataset_alias.py
[2026-01-04T12:46:31.217+0000] {processor.py:914} INFO - Processing file /workspaces/f1_data_team/venv/lib/python3.12/site-packages/airflow/example_dags/example_dataset_alias.py for tasks to queue
[2026-01-04T12:46:31.219+0000] {logging_mixin.py:190} INFO - [2026-01-04T12:46:31.218+0000] {dagbag.py:588} INFO - Filling up the DagBag from /workspaces/f1_data_team/venv/lib/python3.12/site-packages/airflow/example_dags/example_dataset_alias.py
[2026-01-04T12:46:31.238+0000] {processor.py:925} INFO - DAG(s) 'dataset_s3_bucket_consumer', 'dataset_alias_example_alias_consumer', 'dataset_alias_example_alias_producer', 'dataset_s3_bucket_producer' retrieved from /workspaces/f1_data_team/venv/lib/python3.12/site-packages/airflow/example_dags/example_dataset_alias.py
[2026-01-04T12:46:31.252+0000] {logging_mixin.py:190} INFO - [2026-01-04T12:46:31.252+0000] {dag.py:3239} INFO - Sync 4 DAGs
[2026-01-04T12:46:31.266+0000] {logging_mixin.py:190} INFO - [2026-01-04T12:46:31.266+0000] {dag.py:4180} INFO - Setting next_dagrun for dataset_alias_example_alias_consumer to None, run_after=None
[2026-01-04T12:46:31.268+0000] {logging_mixin.py:190} INFO - [2026-01-04T12:46:31.268+0000] {dag.py:4180} INFO - Setting next_dagrun for dataset_alias_example_alias_producer to None, run_after=None
[2026-01-04T12:46:31.269+0000] {logging_mixin.py:190} INFO - [2026-01-04T12:46:31.269+0000] {dag.py:4180} INFO - Setting next_dagrun for dataset_s3_bucket_consumer to None, run_after=None
[2026-01-04T12:46:31.269+0000] {logging_mixin.py:190} INFO - [2026-01-04T12:46:31.269+0000] {dag.py:4180} INFO - Setting next_dagrun for dataset_s3_bucket_producer to None, run_after=None
[2026-01-04T12:46:31.285+0000] {processor.py:208} INFO - Processing /workspaces/f1_data_team/venv/lib/python3.12/site-packages/airflow/example_dags/example_dataset_alias.py took 0.074 seconds
[2026-01-04T12:47:24.740+0000] {processor.py:186} INFO - Started process (PID=40532) to work on /workspaces/f1_data_team/venv/lib/python3.12/site-packages/airflow/example_dags/example_dataset_alias.py
[2026-01-04T12:47:24.741+0000] {processor.py:914} INFO - Processing file /workspaces/f1_data_team/venv/lib/python3.12/site-packages/airflow/example_dags/example_dataset_alias.py for tasks to queue
[2026-01-04T12:47:24.743+0000] {logging_mixin.py:190} INFO - [2026-01-04T12:47:24.742+0000] {dagbag.py:588} INFO - Filling up the DagBag from /workspaces/f1_data_team/venv/lib/python3.12/site-packages/airflow/example_dags/example_dataset_alias.py
[2026-01-04T12:47:24.764+0000] {processor.py:925} INFO - DAG(s) 'dataset_alias_example_alias_producer', 'dataset_s3_bucket_producer', 'dataset_s3_bucket_consumer', 'dataset_alias_example_alias_consumer' retrieved from /workspaces/f1_data_team/venv/lib/python3.12/site-packages/airflow/example_dags/example_dataset_alias.py
[2026-01-04T12:47:24.787+0000] {logging_mixin.py:190} INFO - [2026-01-04T12:47:24.787+0000] {dag.py:3239} INFO - Sync 4 DAGs
[2026-01-04T12:47:24.809+0000] {logging_mixin.py:190} INFO - [2026-01-04T12:47:24.809+0000] {dag.py:4180} INFO - Setting next_dagrun for dataset_alias_example_alias_consumer to None, run_after=None
[2026-01-04T12:47:24.811+0000] {logging_mixin.py:190} INFO - [2026-01-04T12:47:24.810+0000] {dag.py:4180} INFO - Setting next_dagrun for dataset_alias_example_alias_producer to None, run_after=None
[2026-01-04T12:47:24.811+0000] {logging_mixin.py:190} INFO - [2026-01-04T12:47:24.811+0000] {dag.py:4180} INFO - Setting next_dagrun for dataset_s3_bucket_consumer to None, run_after=None
[2026-01-04T12:47:24.812+0000] {logging_mixin.py:190} INFO - [2026-01-04T12:47:24.812+0000] {dag.py:4180} INFO - Setting next_dagrun for dataset_s3_bucket_producer to None, run_after=None
[2026-01-04T12:47:24.829+0000] {processor.py:208} INFO - Processing /workspaces/f1_data_team/venv/lib/python3.12/site-packages/airflow/example_dags/example_dataset_alias.py took 0.093 seconds
[2026-01-04T12:49:23.146+0000] {processor.py:186} INFO - Started process (PID=42261) to work on /workspaces/f1_data_team/venv/lib/python3.12/site-packages/airflow/example_dags/example_dataset_alias.py
[2026-01-04T12:49:23.146+0000] {processor.py:914} INFO - Processing file /workspaces/f1_data_team/venv/lib/python3.12/site-packages/airflow/example_dags/example_dataset_alias.py for tasks to queue
[2026-01-04T12:49:23.149+0000] {logging_mixin.py:190} INFO - [2026-01-04T12:49:23.148+0000] {dagbag.py:588} INFO - Filling up the DagBag from /workspaces/f1_data_team/venv/lib/python3.12/site-packages/airflow/example_dags/example_dataset_alias.py
[2026-01-04T12:49:23.168+0000] {processor.py:925} INFO - DAG(s) 'dataset_s3_bucket_consumer', 'dataset_alias_example_alias_producer', 'dataset_alias_example_alias_consumer', 'dataset_s3_bucket_producer' retrieved from /workspaces/f1_data_team/venv/lib/python3.12/site-packages/airflow/example_dags/example_dataset_alias.py
[2026-01-04T12:49:23.182+0000] {logging_mixin.py:190} INFO - [2026-01-04T12:49:23.182+0000] {dag.py:3239} INFO - Sync 4 DAGs
[2026-01-04T12:49:23.197+0000] {logging_mixin.py:190} INFO - [2026-01-04T12:49:23.197+0000] {dag.py:4180} INFO - Setting next_dagrun for dataset_alias_example_alias_consumer to None, run_after=None
[2026-01-04T12:49:23.198+0000] {logging_mixin.py:190} INFO - [2026-01-04T12:49:23.198+0000] {dag.py:4180} INFO - Setting next_dagrun for dataset_alias_example_alias_producer to None, run_after=None
[2026-01-04T12:49:23.199+0000] {logging_mixin.py:190} INFO - [2026-01-04T12:49:23.199+0000] {dag.py:4180} INFO - Setting next_dagrun for dataset_s3_bucket_consumer to None, run_after=None
[2026-01-04T12:49:23.200+0000] {logging_mixin.py:190} INFO - [2026-01-04T12:49:23.200+0000] {dag.py:4180} INFO - Setting next_dagrun for dataset_s3_bucket_producer to None, run_after=None
[2026-01-04T12:49:23.216+0000] {processor.py:208} INFO - Processing /workspaces/f1_data_team/venv/lib/python3.12/site-packages/airflow/example_dags/example_dataset_alias.py took 0.076 seconds
[2026-01-04T12:50:20.377+0000] {processor.py:186} INFO - Started process (PID=42797) to work on /workspaces/f1_data_team/venv/lib/python3.12/site-packages/airflow/example_dags/example_dataset_alias.py
[2026-01-04T12:50:20.377+0000] {processor.py:914} INFO - Processing file /workspaces/f1_data_team/venv/lib/python3.12/site-packages/airflow/example_dags/example_dataset_alias.py for tasks to queue
[2026-01-04T12:50:20.379+0000] {logging_mixin.py:190} INFO - [2026-01-04T12:50:20.379+0000] {dagbag.py:588} INFO - Filling up the DagBag from /workspaces/f1_data_team/venv/lib/python3.12/site-packages/airflow/example_dags/example_dataset_alias.py
[2026-01-04T12:50:20.400+0000] {processor.py:925} INFO - DAG(s) 'dataset_s3_bucket_producer', 'dataset_alias_example_alias_producer', 'dataset_s3_bucket_consumer', 'dataset_alias_example_alias_consumer' retrieved from /workspaces/f1_data_team/venv/lib/python3.12/site-packages/airflow/example_dags/example_dataset_alias.py
[2026-01-04T12:50:20.420+0000] {logging_mixin.py:190} INFO - [2026-01-04T12:50:20.419+0000] {dag.py:3239} INFO - Sync 4 DAGs
[2026-01-04T12:50:20.434+0000] {logging_mixin.py:190} INFO - [2026-01-04T12:50:20.434+0000] {dag.py:4180} INFO - Setting next_dagrun for dataset_alias_example_alias_consumer to None, run_after=None
[2026-01-04T12:50:20.435+0000] {logging_mixin.py:190} INFO - [2026-01-04T12:50:20.435+0000] {dag.py:4180} INFO - Setting next_dagrun for dataset_alias_example_alias_producer to None, run_after=None
[2026-01-04T12:50:20.436+0000] {logging_mixin.py:190} INFO - [2026-01-04T12:50:20.436+0000] {dag.py:4180} INFO - Setting next_dagrun for dataset_s3_bucket_consumer to None, run_after=None
[2026-01-04T12:50:20.437+0000] {logging_mixin.py:190} INFO - [2026-01-04T12:50:20.437+0000] {dag.py:4180} INFO - Setting next_dagrun for dataset_s3_bucket_producer to None, run_after=None
[2026-01-04T12:50:20.454+0000] {processor.py:208} INFO - Processing /workspaces/f1_data_team/venv/lib/python3.12/site-packages/airflow/example_dags/example_dataset_alias.py took 0.089 seconds
[2026-01-04T12:51:58.304+0000] {processor.py:186} INFO - Started process (PID=44424) to work on /workspaces/f1_data_team/venv/lib/python3.12/site-packages/airflow/example_dags/example_dataset_alias.py
[2026-01-04T12:51:58.305+0000] {processor.py:914} INFO - Processing file /workspaces/f1_data_team/venv/lib/python3.12/site-packages/airflow/example_dags/example_dataset_alias.py for tasks to queue
[2026-01-04T12:51:58.307+0000] {logging_mixin.py:190} INFO - [2026-01-04T12:51:58.307+0000] {dagbag.py:588} INFO - Filling up the DagBag from /workspaces/f1_data_team/venv/lib/python3.12/site-packages/airflow/example_dags/example_dataset_alias.py
[2026-01-04T12:51:58.326+0000] {processor.py:925} INFO - DAG(s) 'dataset_s3_bucket_consumer', 'dataset_s3_bucket_producer', 'dataset_alias_example_alias_consumer', 'dataset_alias_example_alias_producer' retrieved from /workspaces/f1_data_team/venv/lib/python3.12/site-packages/airflow/example_dags/example_dataset_alias.py
[2026-01-04T12:51:58.340+0000] {logging_mixin.py:190} INFO - [2026-01-04T12:51:58.340+0000] {dag.py:3239} INFO - Sync 4 DAGs
[2026-01-04T12:51:58.355+0000] {logging_mixin.py:190} INFO - [2026-01-04T12:51:58.355+0000] {dag.py:4180} INFO - Setting next_dagrun for dataset_alias_example_alias_consumer to None, run_after=None
[2026-01-04T12:51:58.356+0000] {logging_mixin.py:190} INFO - [2026-01-04T12:51:58.356+0000] {dag.py:4180} INFO - Setting next_dagrun for dataset_alias_example_alias_producer to None, run_after=None
[2026-01-04T12:51:58.357+0000] {logging_mixin.py:190} INFO - [2026-01-04T12:51:58.357+0000] {dag.py:4180} INFO - Setting next_dagrun for dataset_s3_bucket_consumer to None, run_after=None
[2026-01-04T12:51:58.358+0000] {logging_mixin.py:190} INFO - [2026-01-04T12:51:58.357+0000] {dag.py:4180} INFO - Setting next_dagrun for dataset_s3_bucket_producer to None, run_after=None
[2026-01-04T12:51:58.374+0000] {processor.py:208} INFO - Processing /workspaces/f1_data_team/venv/lib/python3.12/site-packages/airflow/example_dags/example_dataset_alias.py took 0.074 seconds
[2026-01-04T12:52:56.483+0000] {processor.py:186} INFO - Started process (PID=45247) to work on /workspaces/f1_data_team/venv/lib/python3.12/site-packages/airflow/example_dags/example_dataset_alias.py
[2026-01-04T12:52:56.484+0000] {processor.py:914} INFO - Processing file /workspaces/f1_data_team/venv/lib/python3.12/site-packages/airflow/example_dags/example_dataset_alias.py for tasks to queue
[2026-01-04T12:52:56.486+0000] {logging_mixin.py:190} INFO - [2026-01-04T12:52:56.485+0000] {dagbag.py:588} INFO - Filling up the DagBag from /workspaces/f1_data_team/venv/lib/python3.12/site-packages/airflow/example_dags/example_dataset_alias.py
[2026-01-04T12:52:56.505+0000] {processor.py:925} INFO - DAG(s) 'dataset_alias_example_alias_producer', 'dataset_alias_example_alias_consumer', 'dataset_s3_bucket_consumer', 'dataset_s3_bucket_producer' retrieved from /workspaces/f1_data_team/venv/lib/python3.12/site-packages/airflow/example_dags/example_dataset_alias.py
[2026-01-04T12:52:56.519+0000] {logging_mixin.py:190} INFO - [2026-01-04T12:52:56.518+0000] {dag.py:3239} INFO - Sync 4 DAGs
[2026-01-04T12:52:56.533+0000] {logging_mixin.py:190} INFO - [2026-01-04T12:52:56.533+0000] {dag.py:4180} INFO - Setting next_dagrun for dataset_alias_example_alias_consumer to None, run_after=None
[2026-01-04T12:52:56.535+0000] {logging_mixin.py:190} INFO - [2026-01-04T12:52:56.535+0000] {dag.py:4180} INFO - Setting next_dagrun for dataset_alias_example_alias_producer to None, run_after=None
[2026-01-04T12:52:56.537+0000] {logging_mixin.py:190} INFO - [2026-01-04T12:52:56.536+0000] {dag.py:4180} INFO - Setting next_dagrun for dataset_s3_bucket_consumer to None, run_after=None
[2026-01-04T12:52:56.537+0000] {logging_mixin.py:190} INFO - [2026-01-04T12:52:56.537+0000] {dag.py:4180} INFO - Setting next_dagrun for dataset_s3_bucket_producer to None, run_after=None
[2026-01-04T12:52:56.553+0000] {processor.py:208} INFO - Processing /workspaces/f1_data_team/venv/lib/python3.12/site-packages/airflow/example_dags/example_dataset_alias.py took 0.075 seconds
[2026-01-04T12:53:51.901+0000] {processor.py:186} INFO - Started process (PID=46095) to work on /workspaces/f1_data_team/venv/lib/python3.12/site-packages/airflow/example_dags/example_dataset_alias.py
[2026-01-04T12:53:51.901+0000] {processor.py:914} INFO - Processing file /workspaces/f1_data_team/venv/lib/python3.12/site-packages/airflow/example_dags/example_dataset_alias.py for tasks to queue
[2026-01-04T12:53:51.903+0000] {logging_mixin.py:190} INFO - [2026-01-04T12:53:51.903+0000] {dagbag.py:588} INFO - Filling up the DagBag from /workspaces/f1_data_team/venv/lib/python3.12/site-packages/airflow/example_dags/example_dataset_alias.py
[2026-01-04T12:53:51.922+0000] {processor.py:925} INFO - DAG(s) 'dataset_alias_example_alias_consumer', 'dataset_s3_bucket_consumer', 'dataset_alias_example_alias_producer', 'dataset_s3_bucket_producer' retrieved from /workspaces/f1_data_team/venv/lib/python3.12/site-packages/airflow/example_dags/example_dataset_alias.py
[2026-01-04T12:53:51.937+0000] {logging_mixin.py:190} INFO - [2026-01-04T12:53:51.936+0000] {dag.py:3239} INFO - Sync 4 DAGs
[2026-01-04T12:53:51.951+0000] {logging_mixin.py:190} INFO - [2026-01-04T12:53:51.951+0000] {dag.py:4180} INFO - Setting next_dagrun for dataset_alias_example_alias_consumer to None, run_after=None
[2026-01-04T12:53:51.953+0000] {logging_mixin.py:190} INFO - [2026-01-04T12:53:51.952+0000] {dag.py:4180} INFO - Setting next_dagrun for dataset_alias_example_alias_producer to None, run_after=None
[2026-01-04T12:53:51.953+0000] {logging_mixin.py:190} INFO - [2026-01-04T12:53:51.953+0000] {dag.py:4180} INFO - Setting next_dagrun for dataset_s3_bucket_consumer to None, run_after=None
[2026-01-04T12:53:51.954+0000] {logging_mixin.py:190} INFO - [2026-01-04T12:53:51.954+0000] {dag.py:4180} INFO - Setting next_dagrun for dataset_s3_bucket_producer to None, run_after=None
[2026-01-04T12:53:51.969+0000] {processor.py:208} INFO - Processing /workspaces/f1_data_team/venv/lib/python3.12/site-packages/airflow/example_dags/example_dataset_alias.py took 0.073 seconds
[2026-01-04T12:55:03.257+0000] {processor.py:186} INFO - Started process (PID=47312) to work on /workspaces/f1_data_team/venv/lib/python3.12/site-packages/airflow/example_dags/example_dataset_alias.py
[2026-01-04T12:55:03.257+0000] {processor.py:914} INFO - Processing file /workspaces/f1_data_team/venv/lib/python3.12/site-packages/airflow/example_dags/example_dataset_alias.py for tasks to queue
[2026-01-04T12:55:03.259+0000] {logging_mixin.py:190} INFO - [2026-01-04T12:55:03.259+0000] {dagbag.py:588} INFO - Filling up the DagBag from /workspaces/f1_data_team/venv/lib/python3.12/site-packages/airflow/example_dags/example_dataset_alias.py
[2026-01-04T12:55:03.278+0000] {processor.py:925} INFO - DAG(s) 'dataset_s3_bucket_producer', 'dataset_s3_bucket_consumer', 'dataset_alias_example_alias_producer', 'dataset_alias_example_alias_consumer' retrieved from /workspaces/f1_data_team/venv/lib/python3.12/site-packages/airflow/example_dags/example_dataset_alias.py
[2026-01-04T12:55:03.292+0000] {logging_mixin.py:190} INFO - [2026-01-04T12:55:03.292+0000] {dag.py:3239} INFO - Sync 4 DAGs
[2026-01-04T12:55:03.306+0000] {logging_mixin.py:190} INFO - [2026-01-04T12:55:03.306+0000] {dag.py:4180} INFO - Setting next_dagrun for dataset_alias_example_alias_consumer to None, run_after=None
[2026-01-04T12:55:03.308+0000] {logging_mixin.py:190} INFO - [2026-01-04T12:55:03.308+0000] {dag.py:4180} INFO - Setting next_dagrun for dataset_alias_example_alias_producer to None, run_after=None
[2026-01-04T12:55:03.309+0000] {logging_mixin.py:190} INFO - [2026-01-04T12:55:03.308+0000] {dag.py:4180} INFO - Setting next_dagrun for dataset_s3_bucket_consumer to None, run_after=None
[2026-01-04T12:55:03.309+0000] {logging_mixin.py:190} INFO - [2026-01-04T12:55:03.309+0000] {dag.py:4180} INFO - Setting next_dagrun for dataset_s3_bucket_producer to None, run_after=None
[2026-01-04T12:55:03.325+0000] {processor.py:208} INFO - Processing /workspaces/f1_data_team/venv/lib/python3.12/site-packages/airflow/example_dags/example_dataset_alias.py took 0.073 seconds
[2026-01-04T12:56:09.294+0000] {processor.py:186} INFO - Started process (PID=48061) to work on /workspaces/f1_data_team/venv/lib/python3.12/site-packages/airflow/example_dags/example_dataset_alias.py
[2026-01-04T12:56:09.295+0000] {processor.py:914} INFO - Processing file /workspaces/f1_data_team/venv/lib/python3.12/site-packages/airflow/example_dags/example_dataset_alias.py for tasks to queue
[2026-01-04T12:56:09.297+0000] {logging_mixin.py:190} INFO - [2026-01-04T12:56:09.297+0000] {dagbag.py:588} INFO - Filling up the DagBag from /workspaces/f1_data_team/venv/lib/python3.12/site-packages/airflow/example_dags/example_dataset_alias.py
[2026-01-04T12:56:09.316+0000] {processor.py:925} INFO - DAG(s) 'dataset_alias_example_alias_consumer', 'dataset_s3_bucket_consumer', 'dataset_s3_bucket_producer', 'dataset_alias_example_alias_producer' retrieved from /workspaces/f1_data_team/venv/lib/python3.12/site-packages/airflow/example_dags/example_dataset_alias.py
[2026-01-04T12:56:09.330+0000] {logging_mixin.py:190} INFO - [2026-01-04T12:56:09.330+0000] {dag.py:3239} INFO - Sync 4 DAGs
[2026-01-04T12:56:09.345+0000] {logging_mixin.py:190} INFO - [2026-01-04T12:56:09.345+0000] {dag.py:4180} INFO - Setting next_dagrun for dataset_alias_example_alias_consumer to None, run_after=None
[2026-01-04T12:56:09.346+0000] {logging_mixin.py:190} INFO - [2026-01-04T12:56:09.346+0000] {dag.py:4180} INFO - Setting next_dagrun for dataset_alias_example_alias_producer to None, run_after=None
[2026-01-04T12:56:09.347+0000] {logging_mixin.py:190} INFO - [2026-01-04T12:56:09.347+0000] {dag.py:4180} INFO - Setting next_dagrun for dataset_s3_bucket_consumer to None, run_after=None
[2026-01-04T12:56:09.347+0000] {logging_mixin.py:190} INFO - [2026-01-04T12:56:09.347+0000] {dag.py:4180} INFO - Setting next_dagrun for dataset_s3_bucket_producer to None, run_after=None
[2026-01-04T12:56:09.363+0000] {processor.py:208} INFO - Processing /workspaces/f1_data_team/venv/lib/python3.12/site-packages/airflow/example_dags/example_dataset_alias.py took 0.074 seconds
[2026-01-04T12:57:01.826+0000] {processor.py:186} INFO - Started process (PID=48537) to work on /workspaces/f1_data_team/venv/lib/python3.12/site-packages/airflow/example_dags/example_dataset_alias.py
[2026-01-04T12:57:01.827+0000] {processor.py:914} INFO - Processing file /workspaces/f1_data_team/venv/lib/python3.12/site-packages/airflow/example_dags/example_dataset_alias.py for tasks to queue
[2026-01-04T12:57:01.829+0000] {logging_mixin.py:190} INFO - [2026-01-04T12:57:01.829+0000] {dagbag.py:588} INFO - Filling up the DagBag from /workspaces/f1_data_team/venv/lib/python3.12/site-packages/airflow/example_dags/example_dataset_alias.py
[2026-01-04T12:57:01.849+0000] {processor.py:925} INFO - DAG(s) 'dataset_s3_bucket_producer', 'dataset_s3_bucket_consumer', 'dataset_alias_example_alias_producer', 'dataset_alias_example_alias_consumer' retrieved from /workspaces/f1_data_team/venv/lib/python3.12/site-packages/airflow/example_dags/example_dataset_alias.py
[2026-01-04T12:57:01.863+0000] {logging_mixin.py:190} INFO - [2026-01-04T12:57:01.862+0000] {dag.py:3239} INFO - Sync 4 DAGs
[2026-01-04T12:57:01.878+0000] {logging_mixin.py:190} INFO - [2026-01-04T12:57:01.877+0000] {dag.py:4180} INFO - Setting next_dagrun for dataset_alias_example_alias_consumer to None, run_after=None
[2026-01-04T12:57:01.879+0000] {logging_mixin.py:190} INFO - [2026-01-04T12:57:01.879+0000] {dag.py:4180} INFO - Setting next_dagrun for dataset_alias_example_alias_producer to None, run_after=None
[2026-01-04T12:57:01.880+0000] {logging_mixin.py:190} INFO - [2026-01-04T12:57:01.880+0000] {dag.py:4180} INFO - Setting next_dagrun for dataset_s3_bucket_consumer to None, run_after=None
[2026-01-04T12:57:01.880+0000] {logging_mixin.py:190} INFO - [2026-01-04T12:57:01.880+0000] {dag.py:4180} INFO - Setting next_dagrun for dataset_s3_bucket_producer to None, run_after=None
[2026-01-04T12:57:01.900+0000] {processor.py:208} INFO - Processing /workspaces/f1_data_team/venv/lib/python3.12/site-packages/airflow/example_dags/example_dataset_alias.py took 0.078 seconds
[2026-01-04T12:58:18.719+0000] {processor.py:186} INFO - Started process (PID=49321) to work on /workspaces/f1_data_team/venv/lib/python3.12/site-packages/airflow/example_dags/example_dataset_alias.py
[2026-01-04T12:58:18.720+0000] {processor.py:914} INFO - Processing file /workspaces/f1_data_team/venv/lib/python3.12/site-packages/airflow/example_dags/example_dataset_alias.py for tasks to queue
[2026-01-04T12:58:18.726+0000] {logging_mixin.py:190} INFO - [2026-01-04T12:58:18.726+0000] {dagbag.py:588} INFO - Filling up the DagBag from /workspaces/f1_data_team/venv/lib/python3.12/site-packages/airflow/example_dags/example_dataset_alias.py
[2026-01-04T12:58:18.746+0000] {processor.py:925} INFO - DAG(s) 'dataset_alias_example_alias_producer', 'dataset_s3_bucket_producer', 'dataset_s3_bucket_consumer', 'dataset_alias_example_alias_consumer' retrieved from /workspaces/f1_data_team/venv/lib/python3.12/site-packages/airflow/example_dags/example_dataset_alias.py
[2026-01-04T12:58:18.760+0000] {logging_mixin.py:190} INFO - [2026-01-04T12:58:18.760+0000] {dag.py:3239} INFO - Sync 4 DAGs
[2026-01-04T12:58:18.775+0000] {logging_mixin.py:190} INFO - [2026-01-04T12:58:18.775+0000] {dag.py:4180} INFO - Setting next_dagrun for dataset_alias_example_alias_consumer to None, run_after=None
[2026-01-04T12:58:18.777+0000] {logging_mixin.py:190} INFO - [2026-01-04T12:58:18.777+0000] {dag.py:4180} INFO - Setting next_dagrun for dataset_alias_example_alias_producer to None, run_after=None
[2026-01-04T12:58:18.777+0000] {logging_mixin.py:190} INFO - [2026-01-04T12:58:18.777+0000] {dag.py:4180} INFO - Setting next_dagrun for dataset_s3_bucket_consumer to None, run_after=None
[2026-01-04T12:58:18.778+0000] {logging_mixin.py:190} INFO - [2026-01-04T12:58:18.778+0000] {dag.py:4180} INFO - Setting next_dagrun for dataset_s3_bucket_producer to None, run_after=None
[2026-01-04T12:58:18.794+0000] {processor.py:208} INFO - Processing /workspaces/f1_data_team/venv/lib/python3.12/site-packages/airflow/example_dags/example_dataset_alias.py took 0.082 seconds
[2026-01-04T12:59:13.331+0000] {processor.py:186} INFO - Started process (PID=49843) to work on /workspaces/f1_data_team/venv/lib/python3.12/site-packages/airflow/example_dags/example_dataset_alias.py
[2026-01-04T12:59:13.331+0000] {processor.py:914} INFO - Processing file /workspaces/f1_data_team/venv/lib/python3.12/site-packages/airflow/example_dags/example_dataset_alias.py for tasks to queue
[2026-01-04T12:59:13.333+0000] {logging_mixin.py:190} INFO - [2026-01-04T12:59:13.333+0000] {dagbag.py:588} INFO - Filling up the DagBag from /workspaces/f1_data_team/venv/lib/python3.12/site-packages/airflow/example_dags/example_dataset_alias.py
[2026-01-04T12:59:13.363+0000] {processor.py:925} INFO - DAG(s) 'dataset_s3_bucket_consumer', 'dataset_alias_example_alias_consumer', 'dataset_s3_bucket_producer', 'dataset_alias_example_alias_producer' retrieved from /workspaces/f1_data_team/venv/lib/python3.12/site-packages/airflow/example_dags/example_dataset_alias.py
[2026-01-04T12:59:13.387+0000] {logging_mixin.py:190} INFO - [2026-01-04T12:59:13.386+0000] {dag.py:3239} INFO - Sync 4 DAGs
[2026-01-04T12:59:13.410+0000] {logging_mixin.py:190} INFO - [2026-01-04T12:59:13.410+0000] {dag.py:4180} INFO - Setting next_dagrun for dataset_alias_example_alias_consumer to None, run_after=None
[2026-01-04T12:59:13.413+0000] {logging_mixin.py:190} INFO - [2026-01-04T12:59:13.412+0000] {dag.py:4180} INFO - Setting next_dagrun for dataset_alias_example_alias_producer to None, run_after=None
[2026-01-04T12:59:13.414+0000] {logging_mixin.py:190} INFO - [2026-01-04T12:59:13.413+0000] {dag.py:4180} INFO - Setting next_dagrun for dataset_s3_bucket_consumer to None, run_after=None
[2026-01-04T12:59:13.415+0000] {logging_mixin.py:190} INFO - [2026-01-04T12:59:13.414+0000] {dag.py:4180} INFO - Setting next_dagrun for dataset_s3_bucket_producer to None, run_after=None
[2026-01-04T12:59:13.440+0000] {processor.py:208} INFO - Processing /workspaces/f1_data_team/venv/lib/python3.12/site-packages/airflow/example_dags/example_dataset_alias.py took 0.114 seconds
[2026-01-04T13:00:09.420+0000] {processor.py:186} INFO - Started process (PID=50470) to work on /workspaces/f1_data_team/venv/lib/python3.12/site-packages/airflow/example_dags/example_dataset_alias.py
[2026-01-04T13:00:09.421+0000] {processor.py:914} INFO - Processing file /workspaces/f1_data_team/venv/lib/python3.12/site-packages/airflow/example_dags/example_dataset_alias.py for tasks to queue
[2026-01-04T13:00:09.423+0000] {logging_mixin.py:190} INFO - [2026-01-04T13:00:09.423+0000] {dagbag.py:588} INFO - Filling up the DagBag from /workspaces/f1_data_team/venv/lib/python3.12/site-packages/airflow/example_dags/example_dataset_alias.py
[2026-01-04T13:00:09.442+0000] {processor.py:925} INFO - DAG(s) 'dataset_alias_example_alias_consumer', 'dataset_s3_bucket_consumer', 'dataset_s3_bucket_producer', 'dataset_alias_example_alias_producer' retrieved from /workspaces/f1_data_team/venv/lib/python3.12/site-packages/airflow/example_dags/example_dataset_alias.py
[2026-01-04T13:00:09.457+0000] {logging_mixin.py:190} INFO - [2026-01-04T13:00:09.456+0000] {dag.py:3239} INFO - Sync 4 DAGs
[2026-01-04T13:00:09.471+0000] {logging_mixin.py:190} INFO - [2026-01-04T13:00:09.471+0000] {dag.py:4180} INFO - Setting next_dagrun for dataset_alias_example_alias_consumer to None, run_after=None
[2026-01-04T13:00:09.472+0000] {logging_mixin.py:190} INFO - [2026-01-04T13:00:09.472+0000] {dag.py:4180} INFO - Setting next_dagrun for dataset_alias_example_alias_producer to None, run_after=None
[2026-01-04T13:00:09.473+0000] {logging_mixin.py:190} INFO - [2026-01-04T13:00:09.473+0000] {dag.py:4180} INFO - Setting next_dagrun for dataset_s3_bucket_consumer to None, run_after=None
[2026-01-04T13:00:09.474+0000] {logging_mixin.py:190} INFO - [2026-01-04T13:00:09.474+0000] {dag.py:4180} INFO - Setting next_dagrun for dataset_s3_bucket_producer to None, run_after=None
[2026-01-04T13:00:09.489+0000] {processor.py:208} INFO - Processing /workspaces/f1_data_team/venv/lib/python3.12/site-packages/airflow/example_dags/example_dataset_alias.py took 0.074 seconds
[2026-01-04T13:01:03.550+0000] {processor.py:186} INFO - Started process (PID=50967) to work on /workspaces/f1_data_team/venv/lib/python3.12/site-packages/airflow/example_dags/example_dataset_alias.py
[2026-01-04T13:01:03.551+0000] {processor.py:914} INFO - Processing file /workspaces/f1_data_team/venv/lib/python3.12/site-packages/airflow/example_dags/example_dataset_alias.py for tasks to queue
[2026-01-04T13:01:03.553+0000] {logging_mixin.py:190} INFO - [2026-01-04T13:01:03.552+0000] {dagbag.py:588} INFO - Filling up the DagBag from /workspaces/f1_data_team/venv/lib/python3.12/site-packages/airflow/example_dags/example_dataset_alias.py
[2026-01-04T13:01:03.572+0000] {processor.py:925} INFO - DAG(s) 'dataset_s3_bucket_consumer', 'dataset_alias_example_alias_consumer', 'dataset_s3_bucket_producer', 'dataset_alias_example_alias_producer' retrieved from /workspaces/f1_data_team/venv/lib/python3.12/site-packages/airflow/example_dags/example_dataset_alias.py
[2026-01-04T13:01:03.587+0000] {logging_mixin.py:190} INFO - [2026-01-04T13:01:03.586+0000] {dag.py:3239} INFO - Sync 4 DAGs
[2026-01-04T13:01:03.602+0000] {logging_mixin.py:190} INFO - [2026-01-04T13:01:03.602+0000] {dag.py:4180} INFO - Setting next_dagrun for dataset_alias_example_alias_consumer to None, run_after=None
[2026-01-04T13:01:03.604+0000] {logging_mixin.py:190} INFO - [2026-01-04T13:01:03.604+0000] {dag.py:4180} INFO - Setting next_dagrun for dataset_alias_example_alias_producer to None, run_after=None
[2026-01-04T13:01:03.604+0000] {logging_mixin.py:190} INFO - [2026-01-04T13:01:03.604+0000] {dag.py:4180} INFO - Setting next_dagrun for dataset_s3_bucket_consumer to None, run_after=None
[2026-01-04T13:01:03.605+0000] {logging_mixin.py:190} INFO - [2026-01-04T13:01:03.605+0000] {dag.py:4180} INFO - Setting next_dagrun for dataset_s3_bucket_producer to None, run_after=None
[2026-01-04T13:01:03.621+0000] {processor.py:208} INFO - Processing /workspaces/f1_data_team/venv/lib/python3.12/site-packages/airflow/example_dags/example_dataset_alias.py took 0.076 seconds
