[2026-01-04T12:27:01.228+0000] {processor.py:186} INFO - Started process (PID=24667) to work on /workspaces/f1_data_team/venv/lib/python3.12/site-packages/airflow/example_dags/example_sensor_decorator.py
[2026-01-04T12:27:01.229+0000] {processor.py:914} INFO - Processing file /workspaces/f1_data_team/venv/lib/python3.12/site-packages/airflow/example_dags/example_sensor_decorator.py for tasks to queue
[2026-01-04T12:27:01.230+0000] {logging_mixin.py:190} INFO - [2026-01-04T12:27:01.230+0000] {dagbag.py:588} INFO - Filling up the DagBag from /workspaces/f1_data_team/venv/lib/python3.12/site-packages/airflow/example_dags/example_sensor_decorator.py
[2026-01-04T12:27:01.237+0000] {processor.py:925} INFO - DAG(s) 'example_sensor_decorator' retrieved from /workspaces/f1_data_team/venv/lib/python3.12/site-packages/airflow/example_dags/example_sensor_decorator.py
[2026-01-04T12:27:01.325+0000] {logging_mixin.py:190} INFO - [2026-01-04T12:27:01.324+0000] {override.py:1911} INFO - Created Permission View: can read on DAG:example_sensor_decorator
[2026-01-04T12:27:01.332+0000] {logging_mixin.py:190} INFO - [2026-01-04T12:27:01.332+0000] {override.py:1911} INFO - Created Permission View: can edit on DAG:example_sensor_decorator
[2026-01-04T12:27:01.337+0000] {logging_mixin.py:190} INFO - [2026-01-04T12:27:01.337+0000] {override.py:1911} INFO - Created Permission View: can delete on DAG:example_sensor_decorator
[2026-01-04T12:27:01.344+0000] {logging_mixin.py:190} INFO - [2026-01-04T12:27:01.344+0000] {override.py:1911} INFO - Created Permission View: can read on DAG Run:example_sensor_decorator
[2026-01-04T12:27:01.349+0000] {logging_mixin.py:190} INFO - [2026-01-04T12:27:01.349+0000] {override.py:1911} INFO - Created Permission View: menu access on DAG Run:example_sensor_decorator
[2026-01-04T12:27:01.354+0000] {logging_mixin.py:190} INFO - [2026-01-04T12:27:01.354+0000] {override.py:1911} INFO - Created Permission View: can create on DAG Run:example_sensor_decorator
[2026-01-04T12:27:01.359+0000] {logging_mixin.py:190} INFO - [2026-01-04T12:27:01.359+0000] {override.py:1911} INFO - Created Permission View: can delete on DAG Run:example_sensor_decorator
[2026-01-04T12:27:01.360+0000] {logging_mixin.py:190} INFO - [2026-01-04T12:27:01.359+0000] {dag.py:3239} INFO - Sync 1 DAGs
[2026-01-04T12:27:01.368+0000] {logging_mixin.py:190} INFO - [2026-01-04T12:27:01.368+0000] {dag.py:3262} INFO - Creating ORM DAG for example_sensor_decorator
[2026-01-04T12:27:01.369+0000] {logging_mixin.py:190} INFO - [2026-01-04T12:27:01.369+0000] {dag.py:4180} INFO - Setting next_dagrun for example_sensor_decorator to None, run_after=None
[2026-01-04T12:27:01.382+0000] {processor.py:208} INFO - Processing /workspaces/f1_data_team/venv/lib/python3.12/site-packages/airflow/example_dags/example_sensor_decorator.py took 0.159 seconds
[2026-01-04T12:28:02.552+0000] {processor.py:186} INFO - Started process (PID=25205) to work on /workspaces/f1_data_team/venv/lib/python3.12/site-packages/airflow/example_dags/example_sensor_decorator.py
[2026-01-04T12:28:02.555+0000] {processor.py:914} INFO - Processing file /workspaces/f1_data_team/venv/lib/python3.12/site-packages/airflow/example_dags/example_sensor_decorator.py for tasks to queue
[2026-01-04T12:28:02.557+0000] {logging_mixin.py:190} INFO - [2026-01-04T12:28:02.556+0000] {dagbag.py:588} INFO - Filling up the DagBag from /workspaces/f1_data_team/venv/lib/python3.12/site-packages/airflow/example_dags/example_sensor_decorator.py
[2026-01-04T12:28:02.564+0000] {processor.py:925} INFO - DAG(s) 'example_sensor_decorator' retrieved from /workspaces/f1_data_team/venv/lib/python3.12/site-packages/airflow/example_dags/example_sensor_decorator.py
[2026-01-04T12:28:02.575+0000] {logging_mixin.py:190} INFO - [2026-01-04T12:28:02.575+0000] {dag.py:3239} INFO - Sync 1 DAGs
[2026-01-04T12:28:02.585+0000] {logging_mixin.py:190} INFO - [2026-01-04T12:28:02.584+0000] {dag.py:4180} INFO - Setting next_dagrun for example_sensor_decorator to None, run_after=None
[2026-01-04T12:28:02.600+0000] {processor.py:208} INFO - Processing /workspaces/f1_data_team/venv/lib/python3.12/site-packages/airflow/example_dags/example_sensor_decorator.py took 0.055 seconds
[2026-01-04T12:29:00.199+0000] {processor.py:186} INFO - Started process (PID=25723) to work on /workspaces/f1_data_team/venv/lib/python3.12/site-packages/airflow/example_dags/example_sensor_decorator.py
[2026-01-04T12:29:00.200+0000] {processor.py:914} INFO - Processing file /workspaces/f1_data_team/venv/lib/python3.12/site-packages/airflow/example_dags/example_sensor_decorator.py for tasks to queue
[2026-01-04T12:29:00.202+0000] {logging_mixin.py:190} INFO - [2026-01-04T12:29:00.202+0000] {dagbag.py:588} INFO - Filling up the DagBag from /workspaces/f1_data_team/venv/lib/python3.12/site-packages/airflow/example_dags/example_sensor_decorator.py
[2026-01-04T12:29:00.208+0000] {processor.py:925} INFO - DAG(s) 'example_sensor_decorator' retrieved from /workspaces/f1_data_team/venv/lib/python3.12/site-packages/airflow/example_dags/example_sensor_decorator.py
[2026-01-04T12:29:00.219+0000] {logging_mixin.py:190} INFO - [2026-01-04T12:29:00.219+0000] {dag.py:3239} INFO - Sync 1 DAGs
[2026-01-04T12:29:00.228+0000] {logging_mixin.py:190} INFO - [2026-01-04T12:29:00.228+0000] {dag.py:4180} INFO - Setting next_dagrun for example_sensor_decorator to None, run_after=None
[2026-01-04T12:29:00.244+0000] {processor.py:208} INFO - Processing /workspaces/f1_data_team/venv/lib/python3.12/site-packages/airflow/example_dags/example_sensor_decorator.py took 0.049 seconds
[2026-01-04T12:30:41.194+0000] {processor.py:186} INFO - Started process (PID=27633) to work on /workspaces/f1_data_team/venv/lib/python3.12/site-packages/airflow/example_dags/example_sensor_decorator.py
[2026-01-04T12:30:41.195+0000] {processor.py:914} INFO - Processing file /workspaces/f1_data_team/venv/lib/python3.12/site-packages/airflow/example_dags/example_sensor_decorator.py for tasks to queue
[2026-01-04T12:30:41.197+0000] {logging_mixin.py:190} INFO - [2026-01-04T12:30:41.197+0000] {dagbag.py:588} INFO - Filling up the DagBag from /workspaces/f1_data_team/venv/lib/python3.12/site-packages/airflow/example_dags/example_sensor_decorator.py
[2026-01-04T12:30:41.205+0000] {processor.py:925} INFO - DAG(s) 'example_sensor_decorator' retrieved from /workspaces/f1_data_team/venv/lib/python3.12/site-packages/airflow/example_dags/example_sensor_decorator.py
[2026-01-04T12:30:41.217+0000] {logging_mixin.py:190} INFO - [2026-01-04T12:30:41.217+0000] {dag.py:3239} INFO - Sync 1 DAGs
[2026-01-04T12:30:41.227+0000] {logging_mixin.py:190} INFO - [2026-01-04T12:30:41.227+0000] {dag.py:4180} INFO - Setting next_dagrun for example_sensor_decorator to None, run_after=None
[2026-01-04T12:30:41.242+0000] {processor.py:208} INFO - Processing /workspaces/f1_data_team/venv/lib/python3.12/site-packages/airflow/example_dags/example_sensor_decorator.py took 0.052 seconds
[2026-01-04T12:31:39.963+0000] {processor.py:186} INFO - Started process (PID=28680) to work on /workspaces/f1_data_team/venv/lib/python3.12/site-packages/airflow/example_dags/example_sensor_decorator.py
[2026-01-04T12:31:39.966+0000] {processor.py:914} INFO - Processing file /workspaces/f1_data_team/venv/lib/python3.12/site-packages/airflow/example_dags/example_sensor_decorator.py for tasks to queue
[2026-01-04T12:31:39.968+0000] {logging_mixin.py:190} INFO - [2026-01-04T12:31:39.968+0000] {dagbag.py:588} INFO - Filling up the DagBag from /workspaces/f1_data_team/venv/lib/python3.12/site-packages/airflow/example_dags/example_sensor_decorator.py
[2026-01-04T12:31:39.978+0000] {processor.py:925} INFO - DAG(s) 'example_sensor_decorator' retrieved from /workspaces/f1_data_team/venv/lib/python3.12/site-packages/airflow/example_dags/example_sensor_decorator.py
[2026-01-04T12:31:39.994+0000] {logging_mixin.py:190} INFO - [2026-01-04T12:31:39.993+0000] {dag.py:3239} INFO - Sync 1 DAGs
[2026-01-04T12:31:40.011+0000] {logging_mixin.py:190} INFO - [2026-01-04T12:31:40.011+0000] {dag.py:4180} INFO - Setting next_dagrun for example_sensor_decorator to None, run_after=None
[2026-01-04T12:31:40.032+0000] {processor.py:208} INFO - Processing /workspaces/f1_data_team/venv/lib/python3.12/site-packages/airflow/example_dags/example_sensor_decorator.py took 0.094 seconds
[2026-01-04T12:32:47.205+0000] {processor.py:186} INFO - Started process (PID=29856) to work on /workspaces/f1_data_team/venv/lib/python3.12/site-packages/airflow/example_dags/example_sensor_decorator.py
[2026-01-04T12:32:47.206+0000] {processor.py:914} INFO - Processing file /workspaces/f1_data_team/venv/lib/python3.12/site-packages/airflow/example_dags/example_sensor_decorator.py for tasks to queue
[2026-01-04T12:32:47.208+0000] {logging_mixin.py:190} INFO - [2026-01-04T12:32:47.207+0000] {dagbag.py:588} INFO - Filling up the DagBag from /workspaces/f1_data_team/venv/lib/python3.12/site-packages/airflow/example_dags/example_sensor_decorator.py
[2026-01-04T12:32:47.214+0000] {processor.py:925} INFO - DAG(s) 'example_sensor_decorator' retrieved from /workspaces/f1_data_team/venv/lib/python3.12/site-packages/airflow/example_dags/example_sensor_decorator.py
[2026-01-04T12:32:47.227+0000] {logging_mixin.py:190} INFO - [2026-01-04T12:32:47.227+0000] {dag.py:3239} INFO - Sync 1 DAGs
[2026-01-04T12:32:47.238+0000] {logging_mixin.py:190} INFO - [2026-01-04T12:32:47.238+0000] {dag.py:4180} INFO - Setting next_dagrun for example_sensor_decorator to None, run_after=None
[2026-01-04T12:32:47.252+0000] {processor.py:208} INFO - Processing /workspaces/f1_data_team/venv/lib/python3.12/site-packages/airflow/example_dags/example_sensor_decorator.py took 0.052 seconds
[2026-01-04T12:33:48.393+0000] {processor.py:186} INFO - Started process (PID=30709) to work on /workspaces/f1_data_team/venv/lib/python3.12/site-packages/airflow/example_dags/example_sensor_decorator.py
[2026-01-04T12:33:48.394+0000] {processor.py:914} INFO - Processing file /workspaces/f1_data_team/venv/lib/python3.12/site-packages/airflow/example_dags/example_sensor_decorator.py for tasks to queue
[2026-01-04T12:33:48.396+0000] {logging_mixin.py:190} INFO - [2026-01-04T12:33:48.396+0000] {dagbag.py:588} INFO - Filling up the DagBag from /workspaces/f1_data_team/venv/lib/python3.12/site-packages/airflow/example_dags/example_sensor_decorator.py
[2026-01-04T12:33:48.403+0000] {processor.py:925} INFO - DAG(s) 'example_sensor_decorator' retrieved from /workspaces/f1_data_team/venv/lib/python3.12/site-packages/airflow/example_dags/example_sensor_decorator.py
[2026-01-04T12:33:48.415+0000] {logging_mixin.py:190} INFO - [2026-01-04T12:33:48.415+0000] {dag.py:3239} INFO - Sync 1 DAGs
[2026-01-04T12:33:48.424+0000] {logging_mixin.py:190} INFO - [2026-01-04T12:33:48.424+0000] {dag.py:4180} INFO - Setting next_dagrun for example_sensor_decorator to None, run_after=None
[2026-01-04T12:33:48.439+0000] {processor.py:208} INFO - Processing /workspaces/f1_data_team/venv/lib/python3.12/site-packages/airflow/example_dags/example_sensor_decorator.py took 0.050 seconds
[2026-01-04T12:34:45.997+0000] {processor.py:186} INFO - Started process (PID=31287) to work on /workspaces/f1_data_team/venv/lib/python3.12/site-packages/airflow/example_dags/example_sensor_decorator.py
[2026-01-04T12:34:45.998+0000] {processor.py:914} INFO - Processing file /workspaces/f1_data_team/venv/lib/python3.12/site-packages/airflow/example_dags/example_sensor_decorator.py for tasks to queue
[2026-01-04T12:34:46.000+0000] {logging_mixin.py:190} INFO - [2026-01-04T12:34:45.999+0000] {dagbag.py:588} INFO - Filling up the DagBag from /workspaces/f1_data_team/venv/lib/python3.12/site-packages/airflow/example_dags/example_sensor_decorator.py
[2026-01-04T12:34:46.006+0000] {processor.py:925} INFO - DAG(s) 'example_sensor_decorator' retrieved from /workspaces/f1_data_team/venv/lib/python3.12/site-packages/airflow/example_dags/example_sensor_decorator.py
[2026-01-04T12:34:46.020+0000] {logging_mixin.py:190} INFO - [2026-01-04T12:34:46.019+0000] {dag.py:3239} INFO - Sync 1 DAGs
[2026-01-04T12:34:46.029+0000] {logging_mixin.py:190} INFO - [2026-01-04T12:34:46.029+0000] {dag.py:4180} INFO - Setting next_dagrun for example_sensor_decorator to None, run_after=None
[2026-01-04T12:34:46.044+0000] {processor.py:208} INFO - Processing /workspaces/f1_data_team/venv/lib/python3.12/site-packages/airflow/example_dags/example_sensor_decorator.py took 0.052 seconds
[2026-01-04T12:35:41.385+0000] {processor.py:186} INFO - Started process (PID=31773) to work on /workspaces/f1_data_team/venv/lib/python3.12/site-packages/airflow/example_dags/example_sensor_decorator.py
[2026-01-04T12:35:41.386+0000] {processor.py:914} INFO - Processing file /workspaces/f1_data_team/venv/lib/python3.12/site-packages/airflow/example_dags/example_sensor_decorator.py for tasks to queue
[2026-01-04T12:35:41.388+0000] {logging_mixin.py:190} INFO - [2026-01-04T12:35:41.388+0000] {dagbag.py:588} INFO - Filling up the DagBag from /workspaces/f1_data_team/venv/lib/python3.12/site-packages/airflow/example_dags/example_sensor_decorator.py
[2026-01-04T12:35:41.395+0000] {processor.py:925} INFO - DAG(s) 'example_sensor_decorator' retrieved from /workspaces/f1_data_team/venv/lib/python3.12/site-packages/airflow/example_dags/example_sensor_decorator.py
[2026-01-04T12:35:41.406+0000] {logging_mixin.py:190} INFO - [2026-01-04T12:35:41.406+0000] {dag.py:3239} INFO - Sync 1 DAGs
[2026-01-04T12:35:41.416+0000] {logging_mixin.py:190} INFO - [2026-01-04T12:35:41.416+0000] {dag.py:4180} INFO - Setting next_dagrun for example_sensor_decorator to None, run_after=None
[2026-01-04T12:35:41.430+0000] {processor.py:208} INFO - Processing /workspaces/f1_data_team/venv/lib/python3.12/site-packages/airflow/example_dags/example_sensor_decorator.py took 0.049 seconds
[2026-01-04T12:36:33.740+0000] {processor.py:186} INFO - Started process (PID=32420) to work on /workspaces/f1_data_team/venv/lib/python3.12/site-packages/airflow/example_dags/example_sensor_decorator.py
[2026-01-04T12:36:33.741+0000] {processor.py:914} INFO - Processing file /workspaces/f1_data_team/venv/lib/python3.12/site-packages/airflow/example_dags/example_sensor_decorator.py for tasks to queue
[2026-01-04T12:36:33.743+0000] {logging_mixin.py:190} INFO - [2026-01-04T12:36:33.742+0000] {dagbag.py:588} INFO - Filling up the DagBag from /workspaces/f1_data_team/venv/lib/python3.12/site-packages/airflow/example_dags/example_sensor_decorator.py
[2026-01-04T12:36:33.749+0000] {processor.py:925} INFO - DAG(s) 'example_sensor_decorator' retrieved from /workspaces/f1_data_team/venv/lib/python3.12/site-packages/airflow/example_dags/example_sensor_decorator.py
[2026-01-04T12:36:33.762+0000] {logging_mixin.py:190} INFO - [2026-01-04T12:36:33.761+0000] {dag.py:3239} INFO - Sync 1 DAGs
[2026-01-04T12:36:33.771+0000] {logging_mixin.py:190} INFO - [2026-01-04T12:36:33.771+0000] {dag.py:4180} INFO - Setting next_dagrun for example_sensor_decorator to None, run_after=None
[2026-01-04T12:36:33.787+0000] {processor.py:208} INFO - Processing /workspaces/f1_data_team/venv/lib/python3.12/site-packages/airflow/example_dags/example_sensor_decorator.py took 0.052 seconds
[2026-01-04T12:37:26.897+0000] {processor.py:186} INFO - Started process (PID=32974) to work on /workspaces/f1_data_team/venv/lib/python3.12/site-packages/airflow/example_dags/example_sensor_decorator.py
[2026-01-04T12:37:26.897+0000] {processor.py:914} INFO - Processing file /workspaces/f1_data_team/venv/lib/python3.12/site-packages/airflow/example_dags/example_sensor_decorator.py for tasks to queue
[2026-01-04T12:37:26.899+0000] {logging_mixin.py:190} INFO - [2026-01-04T12:37:26.899+0000] {dagbag.py:588} INFO - Filling up the DagBag from /workspaces/f1_data_team/venv/lib/python3.12/site-packages/airflow/example_dags/example_sensor_decorator.py
[2026-01-04T12:37:26.906+0000] {processor.py:925} INFO - DAG(s) 'example_sensor_decorator' retrieved from /workspaces/f1_data_team/venv/lib/python3.12/site-packages/airflow/example_dags/example_sensor_decorator.py
[2026-01-04T12:37:26.918+0000] {logging_mixin.py:190} INFO - [2026-01-04T12:37:26.917+0000] {dag.py:3239} INFO - Sync 1 DAGs
[2026-01-04T12:37:26.928+0000] {logging_mixin.py:190} INFO - [2026-01-04T12:37:26.928+0000] {dag.py:4180} INFO - Setting next_dagrun for example_sensor_decorator to None, run_after=None
[2026-01-04T12:37:26.943+0000] {processor.py:208} INFO - Processing /workspaces/f1_data_team/venv/lib/python3.12/site-packages/airflow/example_dags/example_sensor_decorator.py took 0.051 seconds
[2026-01-04T12:38:19.676+0000] {processor.py:186} INFO - Started process (PID=33829) to work on /workspaces/f1_data_team/venv/lib/python3.12/site-packages/airflow/example_dags/example_sensor_decorator.py
[2026-01-04T12:38:19.677+0000] {processor.py:914} INFO - Processing file /workspaces/f1_data_team/venv/lib/python3.12/site-packages/airflow/example_dags/example_sensor_decorator.py for tasks to queue
[2026-01-04T12:38:19.679+0000] {logging_mixin.py:190} INFO - [2026-01-04T12:38:19.679+0000] {dagbag.py:588} INFO - Filling up the DagBag from /workspaces/f1_data_team/venv/lib/python3.12/site-packages/airflow/example_dags/example_sensor_decorator.py
[2026-01-04T12:38:19.686+0000] {processor.py:925} INFO - DAG(s) 'example_sensor_decorator' retrieved from /workspaces/f1_data_team/venv/lib/python3.12/site-packages/airflow/example_dags/example_sensor_decorator.py
[2026-01-04T12:38:19.697+0000] {logging_mixin.py:190} INFO - [2026-01-04T12:38:19.697+0000] {dag.py:3239} INFO - Sync 1 DAGs
[2026-01-04T12:38:19.706+0000] {logging_mixin.py:190} INFO - [2026-01-04T12:38:19.706+0000] {dag.py:4180} INFO - Setting next_dagrun for example_sensor_decorator to None, run_after=None
[2026-01-04T12:38:19.721+0000] {processor.py:208} INFO - Processing /workspaces/f1_data_team/venv/lib/python3.12/site-packages/airflow/example_dags/example_sensor_decorator.py took 0.049 seconds
[2026-01-04T12:39:13.100+0000] {processor.py:186} INFO - Started process (PID=34250) to work on /workspaces/f1_data_team/venv/lib/python3.12/site-packages/airflow/example_dags/example_sensor_decorator.py
[2026-01-04T12:39:13.105+0000] {processor.py:914} INFO - Processing file /workspaces/f1_data_team/venv/lib/python3.12/site-packages/airflow/example_dags/example_sensor_decorator.py for tasks to queue
[2026-01-04T12:39:13.111+0000] {logging_mixin.py:190} INFO - [2026-01-04T12:39:13.111+0000] {dagbag.py:588} INFO - Filling up the DagBag from /workspaces/f1_data_team/venv/lib/python3.12/site-packages/airflow/example_dags/example_sensor_decorator.py
[2026-01-04T12:39:13.142+0000] {processor.py:925} INFO - DAG(s) 'example_sensor_decorator' retrieved from /workspaces/f1_data_team/venv/lib/python3.12/site-packages/airflow/example_dags/example_sensor_decorator.py
[2026-01-04T12:39:13.192+0000] {logging_mixin.py:190} INFO - [2026-01-04T12:39:13.192+0000] {dag.py:3239} INFO - Sync 1 DAGs
[2026-01-04T12:39:13.240+0000] {logging_mixin.py:190} INFO - [2026-01-04T12:39:13.234+0000] {dag.py:4180} INFO - Setting next_dagrun for example_sensor_decorator to None, run_after=None
[2026-01-04T12:39:13.297+0000] {processor.py:208} INFO - Processing /workspaces/f1_data_team/venv/lib/python3.12/site-packages/airflow/example_dags/example_sensor_decorator.py took 0.213 seconds
[2026-01-04T12:40:06.014+0000] {processor.py:186} INFO - Started process (PID=34755) to work on /workspaces/f1_data_team/venv/lib/python3.12/site-packages/airflow/example_dags/example_sensor_decorator.py
[2026-01-04T12:40:06.015+0000] {processor.py:914} INFO - Processing file /workspaces/f1_data_team/venv/lib/python3.12/site-packages/airflow/example_dags/example_sensor_decorator.py for tasks to queue
[2026-01-04T12:40:06.017+0000] {logging_mixin.py:190} INFO - [2026-01-04T12:40:06.017+0000] {dagbag.py:588} INFO - Filling up the DagBag from /workspaces/f1_data_team/venv/lib/python3.12/site-packages/airflow/example_dags/example_sensor_decorator.py
[2026-01-04T12:40:06.025+0000] {processor.py:925} INFO - DAG(s) 'example_sensor_decorator' retrieved from /workspaces/f1_data_team/venv/lib/python3.12/site-packages/airflow/example_dags/example_sensor_decorator.py
[2026-01-04T12:40:06.037+0000] {logging_mixin.py:190} INFO - [2026-01-04T12:40:06.037+0000] {dag.py:3239} INFO - Sync 1 DAGs
[2026-01-04T12:40:06.047+0000] {logging_mixin.py:190} INFO - [2026-01-04T12:40:06.046+0000] {dag.py:4180} INFO - Setting next_dagrun for example_sensor_decorator to None, run_after=None
[2026-01-04T12:40:06.061+0000] {processor.py:208} INFO - Processing /workspaces/f1_data_team/venv/lib/python3.12/site-packages/airflow/example_dags/example_sensor_decorator.py took 0.052 seconds
[2026-01-04T12:41:45.799+0000] {processor.py:186} INFO - Started process (PID=36040) to work on /workspaces/f1_data_team/venv/lib/python3.12/site-packages/airflow/example_dags/example_sensor_decorator.py
[2026-01-04T12:41:45.800+0000] {processor.py:914} INFO - Processing file /workspaces/f1_data_team/venv/lib/python3.12/site-packages/airflow/example_dags/example_sensor_decorator.py for tasks to queue
[2026-01-04T12:41:45.802+0000] {logging_mixin.py:190} INFO - [2026-01-04T12:41:45.801+0000] {dagbag.py:588} INFO - Filling up the DagBag from /workspaces/f1_data_team/venv/lib/python3.12/site-packages/airflow/example_dags/example_sensor_decorator.py
[2026-01-04T12:41:45.808+0000] {processor.py:925} INFO - DAG(s) 'example_sensor_decorator' retrieved from /workspaces/f1_data_team/venv/lib/python3.12/site-packages/airflow/example_dags/example_sensor_decorator.py
[2026-01-04T12:41:45.822+0000] {logging_mixin.py:190} INFO - [2026-01-04T12:41:45.821+0000] {dag.py:3239} INFO - Sync 1 DAGs
[2026-01-04T12:41:45.833+0000] {logging_mixin.py:190} INFO - [2026-01-04T12:41:45.833+0000] {dag.py:4180} INFO - Setting next_dagrun for example_sensor_decorator to None, run_after=None
[2026-01-04T12:41:45.849+0000] {processor.py:208} INFO - Processing /workspaces/f1_data_team/venv/lib/python3.12/site-packages/airflow/example_dags/example_sensor_decorator.py took 0.057 seconds
[2026-01-04T12:42:51.014+0000] {processor.py:186} INFO - Started process (PID=37041) to work on /workspaces/f1_data_team/venv/lib/python3.12/site-packages/airflow/example_dags/example_sensor_decorator.py
[2026-01-04T12:42:51.015+0000] {processor.py:914} INFO - Processing file /workspaces/f1_data_team/venv/lib/python3.12/site-packages/airflow/example_dags/example_sensor_decorator.py for tasks to queue
[2026-01-04T12:42:51.017+0000] {logging_mixin.py:190} INFO - [2026-01-04T12:42:51.017+0000] {dagbag.py:588} INFO - Filling up the DagBag from /workspaces/f1_data_team/venv/lib/python3.12/site-packages/airflow/example_dags/example_sensor_decorator.py
[2026-01-04T12:42:51.024+0000] {processor.py:925} INFO - DAG(s) 'example_sensor_decorator' retrieved from /workspaces/f1_data_team/venv/lib/python3.12/site-packages/airflow/example_dags/example_sensor_decorator.py
[2026-01-04T12:42:51.036+0000] {logging_mixin.py:190} INFO - [2026-01-04T12:42:51.036+0000] {dag.py:3239} INFO - Sync 1 DAGs
[2026-01-04T12:42:51.046+0000] {logging_mixin.py:190} INFO - [2026-01-04T12:42:51.046+0000] {dag.py:4180} INFO - Setting next_dagrun for example_sensor_decorator to None, run_after=None
[2026-01-04T12:42:51.072+0000] {processor.py:208} INFO - Processing /workspaces/f1_data_team/venv/lib/python3.12/site-packages/airflow/example_dags/example_sensor_decorator.py took 0.062 seconds
[2026-01-04T12:43:47.943+0000] {processor.py:186} INFO - Started process (PID=37730) to work on /workspaces/f1_data_team/venv/lib/python3.12/site-packages/airflow/example_dags/example_sensor_decorator.py
[2026-01-04T12:43:47.943+0000] {processor.py:914} INFO - Processing file /workspaces/f1_data_team/venv/lib/python3.12/site-packages/airflow/example_dags/example_sensor_decorator.py for tasks to queue
[2026-01-04T12:43:47.945+0000] {logging_mixin.py:190} INFO - [2026-01-04T12:43:47.945+0000] {dagbag.py:588} INFO - Filling up the DagBag from /workspaces/f1_data_team/venv/lib/python3.12/site-packages/airflow/example_dags/example_sensor_decorator.py
[2026-01-04T12:43:47.952+0000] {processor.py:925} INFO - DAG(s) 'example_sensor_decorator' retrieved from /workspaces/f1_data_team/venv/lib/python3.12/site-packages/airflow/example_dags/example_sensor_decorator.py
[2026-01-04T12:43:47.963+0000] {logging_mixin.py:190} INFO - [2026-01-04T12:43:47.963+0000] {dag.py:3239} INFO - Sync 1 DAGs
[2026-01-04T12:43:47.973+0000] {logging_mixin.py:190} INFO - [2026-01-04T12:43:47.973+0000] {dag.py:4180} INFO - Setting next_dagrun for example_sensor_decorator to None, run_after=None
[2026-01-04T12:43:47.988+0000] {processor.py:208} INFO - Processing /workspaces/f1_data_team/venv/lib/python3.12/site-packages/airflow/example_dags/example_sensor_decorator.py took 0.050 seconds
[2026-01-04T12:44:48.464+0000] {processor.py:186} INFO - Started process (PID=38587) to work on /workspaces/f1_data_team/venv/lib/python3.12/site-packages/airflow/example_dags/example_sensor_decorator.py
[2026-01-04T12:44:48.465+0000] {processor.py:914} INFO - Processing file /workspaces/f1_data_team/venv/lib/python3.12/site-packages/airflow/example_dags/example_sensor_decorator.py for tasks to queue
[2026-01-04T12:44:48.469+0000] {logging_mixin.py:190} INFO - [2026-01-04T12:44:48.468+0000] {dagbag.py:588} INFO - Filling up the DagBag from /workspaces/f1_data_team/venv/lib/python3.12/site-packages/airflow/example_dags/example_sensor_decorator.py
[2026-01-04T12:44:48.479+0000] {processor.py:925} INFO - DAG(s) 'example_sensor_decorator' retrieved from /workspaces/f1_data_team/venv/lib/python3.12/site-packages/airflow/example_dags/example_sensor_decorator.py
[2026-01-04T12:44:48.491+0000] {logging_mixin.py:190} INFO - [2026-01-04T12:44:48.490+0000] {dag.py:3239} INFO - Sync 1 DAGs
[2026-01-04T12:44:48.500+0000] {logging_mixin.py:190} INFO - [2026-01-04T12:44:48.500+0000] {dag.py:4180} INFO - Setting next_dagrun for example_sensor_decorator to None, run_after=None
[2026-01-04T12:44:48.514+0000] {processor.py:208} INFO - Processing /workspaces/f1_data_team/venv/lib/python3.12/site-packages/airflow/example_dags/example_sensor_decorator.py took 0.058 seconds
[2026-01-04T12:45:52.426+0000] {processor.py:186} INFO - Started process (PID=39576) to work on /workspaces/f1_data_team/venv/lib/python3.12/site-packages/airflow/example_dags/example_sensor_decorator.py
[2026-01-04T12:45:52.426+0000] {processor.py:914} INFO - Processing file /workspaces/f1_data_team/venv/lib/python3.12/site-packages/airflow/example_dags/example_sensor_decorator.py for tasks to queue
[2026-01-04T12:45:52.428+0000] {logging_mixin.py:190} INFO - [2026-01-04T12:45:52.428+0000] {dagbag.py:588} INFO - Filling up the DagBag from /workspaces/f1_data_team/venv/lib/python3.12/site-packages/airflow/example_dags/example_sensor_decorator.py
[2026-01-04T12:45:52.435+0000] {processor.py:925} INFO - DAG(s) 'example_sensor_decorator' retrieved from /workspaces/f1_data_team/venv/lib/python3.12/site-packages/airflow/example_dags/example_sensor_decorator.py
[2026-01-04T12:45:52.446+0000] {logging_mixin.py:190} INFO - [2026-01-04T12:45:52.446+0000] {dag.py:3239} INFO - Sync 1 DAGs
[2026-01-04T12:45:52.456+0000] {logging_mixin.py:190} INFO - [2026-01-04T12:45:52.456+0000] {dag.py:4180} INFO - Setting next_dagrun for example_sensor_decorator to None, run_after=None
[2026-01-04T12:45:52.470+0000] {processor.py:208} INFO - Processing /workspaces/f1_data_team/venv/lib/python3.12/site-packages/airflow/example_dags/example_sensor_decorator.py took 0.049 seconds
[2026-01-04T12:46:44.204+0000] {processor.py:186} INFO - Started process (PID=40124) to work on /workspaces/f1_data_team/venv/lib/python3.12/site-packages/airflow/example_dags/example_sensor_decorator.py
[2026-01-04T12:46:44.205+0000] {processor.py:914} INFO - Processing file /workspaces/f1_data_team/venv/lib/python3.12/site-packages/airflow/example_dags/example_sensor_decorator.py for tasks to queue
[2026-01-04T12:46:44.207+0000] {logging_mixin.py:190} INFO - [2026-01-04T12:46:44.206+0000] {dagbag.py:588} INFO - Filling up the DagBag from /workspaces/f1_data_team/venv/lib/python3.12/site-packages/airflow/example_dags/example_sensor_decorator.py
[2026-01-04T12:46:44.213+0000] {processor.py:925} INFO - DAG(s) 'example_sensor_decorator' retrieved from /workspaces/f1_data_team/venv/lib/python3.12/site-packages/airflow/example_dags/example_sensor_decorator.py
[2026-01-04T12:46:44.225+0000] {logging_mixin.py:190} INFO - [2026-01-04T12:46:44.225+0000] {dag.py:3239} INFO - Sync 1 DAGs
[2026-01-04T12:46:44.235+0000] {logging_mixin.py:190} INFO - [2026-01-04T12:46:44.234+0000] {dag.py:4180} INFO - Setting next_dagrun for example_sensor_decorator to None, run_after=None
[2026-01-04T12:46:44.249+0000] {processor.py:208} INFO - Processing /workspaces/f1_data_team/venv/lib/python3.12/site-packages/airflow/example_dags/example_sensor_decorator.py took 0.050 seconds
[2026-01-04T12:47:34.882+0000] {processor.py:186} INFO - Started process (PID=40620) to work on /workspaces/f1_data_team/venv/lib/python3.12/site-packages/airflow/example_dags/example_sensor_decorator.py
[2026-01-04T12:47:34.883+0000] {processor.py:914} INFO - Processing file /workspaces/f1_data_team/venv/lib/python3.12/site-packages/airflow/example_dags/example_sensor_decorator.py for tasks to queue
[2026-01-04T12:47:34.886+0000] {logging_mixin.py:190} INFO - [2026-01-04T12:47:34.886+0000] {dagbag.py:588} INFO - Filling up the DagBag from /workspaces/f1_data_team/venv/lib/python3.12/site-packages/airflow/example_dags/example_sensor_decorator.py
[2026-01-04T12:47:34.896+0000] {processor.py:925} INFO - DAG(s) 'example_sensor_decorator' retrieved from /workspaces/f1_data_team/venv/lib/python3.12/site-packages/airflow/example_dags/example_sensor_decorator.py
[2026-01-04T12:47:34.912+0000] {logging_mixin.py:190} INFO - [2026-01-04T12:47:34.912+0000] {dag.py:3239} INFO - Sync 1 DAGs
[2026-01-04T12:47:34.929+0000] {logging_mixin.py:190} INFO - [2026-01-04T12:47:34.929+0000] {dag.py:4180} INFO - Setting next_dagrun for example_sensor_decorator to None, run_after=None
[2026-01-04T12:47:34.956+0000] {processor.py:208} INFO - Processing /workspaces/f1_data_team/venv/lib/python3.12/site-packages/airflow/example_dags/example_sensor_decorator.py took 0.080 seconds
[2026-01-04T12:49:07.422+0000] {processor.py:186} INFO - Started process (PID=42045) to work on /workspaces/f1_data_team/venv/lib/python3.12/site-packages/airflow/example_dags/example_sensor_decorator.py
[2026-01-04T12:49:07.423+0000] {processor.py:914} INFO - Processing file /workspaces/f1_data_team/venv/lib/python3.12/site-packages/airflow/example_dags/example_sensor_decorator.py for tasks to queue
[2026-01-04T12:49:07.426+0000] {logging_mixin.py:190} INFO - [2026-01-04T12:49:07.426+0000] {dagbag.py:588} INFO - Filling up the DagBag from /workspaces/f1_data_team/venv/lib/python3.12/site-packages/airflow/example_dags/example_sensor_decorator.py
[2026-01-04T12:49:07.442+0000] {processor.py:925} INFO - DAG(s) 'example_sensor_decorator' retrieved from /workspaces/f1_data_team/venv/lib/python3.12/site-packages/airflow/example_dags/example_sensor_decorator.py
[2026-01-04T12:49:07.458+0000] {logging_mixin.py:190} INFO - [2026-01-04T12:49:07.458+0000] {dag.py:3239} INFO - Sync 1 DAGs
[2026-01-04T12:49:07.468+0000] {logging_mixin.py:190} INFO - [2026-01-04T12:49:07.468+0000] {dag.py:4180} INFO - Setting next_dagrun for example_sensor_decorator to None, run_after=None
[2026-01-04T12:49:07.482+0000] {processor.py:208} INFO - Processing /workspaces/f1_data_team/venv/lib/python3.12/site-packages/airflow/example_dags/example_sensor_decorator.py took 0.071 seconds
[2026-01-04T12:50:04.151+0000] {processor.py:186} INFO - Started process (PID=42647) to work on /workspaces/f1_data_team/venv/lib/python3.12/site-packages/airflow/example_dags/example_sensor_decorator.py
[2026-01-04T12:50:04.152+0000] {processor.py:914} INFO - Processing file /workspaces/f1_data_team/venv/lib/python3.12/site-packages/airflow/example_dags/example_sensor_decorator.py for tasks to queue
[2026-01-04T12:50:04.154+0000] {logging_mixin.py:190} INFO - [2026-01-04T12:50:04.153+0000] {dagbag.py:588} INFO - Filling up the DagBag from /workspaces/f1_data_team/venv/lib/python3.12/site-packages/airflow/example_dags/example_sensor_decorator.py
[2026-01-04T12:50:04.160+0000] {processor.py:925} INFO - DAG(s) 'example_sensor_decorator' retrieved from /workspaces/f1_data_team/venv/lib/python3.12/site-packages/airflow/example_dags/example_sensor_decorator.py
[2026-01-04T12:50:04.172+0000] {logging_mixin.py:190} INFO - [2026-01-04T12:50:04.172+0000] {dag.py:3239} INFO - Sync 1 DAGs
[2026-01-04T12:50:04.182+0000] {logging_mixin.py:190} INFO - [2026-01-04T12:50:04.182+0000] {dag.py:4180} INFO - Setting next_dagrun for example_sensor_decorator to None, run_after=None
[2026-01-04T12:50:04.197+0000] {processor.py:208} INFO - Processing /workspaces/f1_data_team/venv/lib/python3.12/site-packages/airflow/example_dags/example_sensor_decorator.py took 0.051 seconds
[2026-01-04T12:51:41.370+0000] {processor.py:186} INFO - Started process (PID=44126) to work on /workspaces/f1_data_team/venv/lib/python3.12/site-packages/airflow/example_dags/example_sensor_decorator.py
[2026-01-04T12:51:41.371+0000] {processor.py:914} INFO - Processing file /workspaces/f1_data_team/venv/lib/python3.12/site-packages/airflow/example_dags/example_sensor_decorator.py for tasks to queue
[2026-01-04T12:51:41.373+0000] {logging_mixin.py:190} INFO - [2026-01-04T12:51:41.373+0000] {dagbag.py:588} INFO - Filling up the DagBag from /workspaces/f1_data_team/venv/lib/python3.12/site-packages/airflow/example_dags/example_sensor_decorator.py
[2026-01-04T12:51:41.380+0000] {processor.py:925} INFO - DAG(s) 'example_sensor_decorator' retrieved from /workspaces/f1_data_team/venv/lib/python3.12/site-packages/airflow/example_dags/example_sensor_decorator.py
[2026-01-04T12:51:41.393+0000] {logging_mixin.py:190} INFO - [2026-01-04T12:51:41.393+0000] {dag.py:3239} INFO - Sync 1 DAGs
[2026-01-04T12:51:41.402+0000] {logging_mixin.py:190} INFO - [2026-01-04T12:51:41.402+0000] {dag.py:4180} INFO - Setting next_dagrun for example_sensor_decorator to None, run_after=None
[2026-01-04T12:51:41.417+0000] {processor.py:208} INFO - Processing /workspaces/f1_data_team/venv/lib/python3.12/site-packages/airflow/example_dags/example_sensor_decorator.py took 0.051 seconds
[2026-01-04T12:52:39.614+0000] {processor.py:186} INFO - Started process (PID=45045) to work on /workspaces/f1_data_team/venv/lib/python3.12/site-packages/airflow/example_dags/example_sensor_decorator.py
[2026-01-04T12:52:39.615+0000] {processor.py:914} INFO - Processing file /workspaces/f1_data_team/venv/lib/python3.12/site-packages/airflow/example_dags/example_sensor_decorator.py for tasks to queue
[2026-01-04T12:52:39.617+0000] {logging_mixin.py:190} INFO - [2026-01-04T12:52:39.616+0000] {dagbag.py:588} INFO - Filling up the DagBag from /workspaces/f1_data_team/venv/lib/python3.12/site-packages/airflow/example_dags/example_sensor_decorator.py
[2026-01-04T12:52:39.624+0000] {processor.py:925} INFO - DAG(s) 'example_sensor_decorator' retrieved from /workspaces/f1_data_team/venv/lib/python3.12/site-packages/airflow/example_dags/example_sensor_decorator.py
[2026-01-04T12:52:39.635+0000] {logging_mixin.py:190} INFO - [2026-01-04T12:52:39.635+0000] {dag.py:3239} INFO - Sync 1 DAGs
[2026-01-04T12:52:39.644+0000] {logging_mixin.py:190} INFO - [2026-01-04T12:52:39.644+0000] {dag.py:4180} INFO - Setting next_dagrun for example_sensor_decorator to None, run_after=None
[2026-01-04T12:52:39.659+0000] {processor.py:208} INFO - Processing /workspaces/f1_data_team/venv/lib/python3.12/site-packages/airflow/example_dags/example_sensor_decorator.py took 0.049 seconds
[2026-01-04T12:53:36.440+0000] {processor.py:186} INFO - Started process (PID=45863) to work on /workspaces/f1_data_team/venv/lib/python3.12/site-packages/airflow/example_dags/example_sensor_decorator.py
[2026-01-04T12:53:36.441+0000] {processor.py:914} INFO - Processing file /workspaces/f1_data_team/venv/lib/python3.12/site-packages/airflow/example_dags/example_sensor_decorator.py for tasks to queue
[2026-01-04T12:53:36.442+0000] {logging_mixin.py:190} INFO - [2026-01-04T12:53:36.442+0000] {dagbag.py:588} INFO - Filling up the DagBag from /workspaces/f1_data_team/venv/lib/python3.12/site-packages/airflow/example_dags/example_sensor_decorator.py
[2026-01-04T12:53:36.449+0000] {processor.py:925} INFO - DAG(s) 'example_sensor_decorator' retrieved from /workspaces/f1_data_team/venv/lib/python3.12/site-packages/airflow/example_dags/example_sensor_decorator.py
[2026-01-04T12:53:36.461+0000] {logging_mixin.py:190} INFO - [2026-01-04T12:53:36.461+0000] {dag.py:3239} INFO - Sync 1 DAGs
[2026-01-04T12:53:36.471+0000] {logging_mixin.py:190} INFO - [2026-01-04T12:53:36.471+0000] {dag.py:4180} INFO - Setting next_dagrun for example_sensor_decorator to None, run_after=None
[2026-01-04T12:53:36.486+0000] {processor.py:208} INFO - Processing /workspaces/f1_data_team/venv/lib/python3.12/site-packages/airflow/example_dags/example_sensor_decorator.py took 0.051 seconds
[2026-01-04T12:54:33.584+0000] {processor.py:186} INFO - Started process (PID=46718) to work on /workspaces/f1_data_team/venv/lib/python3.12/site-packages/airflow/example_dags/example_sensor_decorator.py
[2026-01-04T12:54:33.585+0000] {processor.py:914} INFO - Processing file /workspaces/f1_data_team/venv/lib/python3.12/site-packages/airflow/example_dags/example_sensor_decorator.py for tasks to queue
[2026-01-04T12:54:33.587+0000] {logging_mixin.py:190} INFO - [2026-01-04T12:54:33.587+0000] {dagbag.py:588} INFO - Filling up the DagBag from /workspaces/f1_data_team/venv/lib/python3.12/site-packages/airflow/example_dags/example_sensor_decorator.py
[2026-01-04T12:54:33.594+0000] {processor.py:925} INFO - DAG(s) 'example_sensor_decorator' retrieved from /workspaces/f1_data_team/venv/lib/python3.12/site-packages/airflow/example_dags/example_sensor_decorator.py
[2026-01-04T12:54:33.606+0000] {logging_mixin.py:190} INFO - [2026-01-04T12:54:33.605+0000] {dag.py:3239} INFO - Sync 1 DAGs
[2026-01-04T12:54:33.615+0000] {logging_mixin.py:190} INFO - [2026-01-04T12:54:33.615+0000] {dag.py:4180} INFO - Setting next_dagrun for example_sensor_decorator to None, run_after=None
[2026-01-04T12:54:33.630+0000] {processor.py:208} INFO - Processing /workspaces/f1_data_team/venv/lib/python3.12/site-packages/airflow/example_dags/example_sensor_decorator.py took 0.050 seconds
[2026-01-04T12:55:36.844+0000] {processor.py:186} INFO - Started process (PID=47749) to work on /workspaces/f1_data_team/venv/lib/python3.12/site-packages/airflow/example_dags/example_sensor_decorator.py
[2026-01-04T12:55:36.845+0000] {processor.py:914} INFO - Processing file /workspaces/f1_data_team/venv/lib/python3.12/site-packages/airflow/example_dags/example_sensor_decorator.py for tasks to queue
[2026-01-04T12:55:36.847+0000] {logging_mixin.py:190} INFO - [2026-01-04T12:55:36.847+0000] {dagbag.py:588} INFO - Filling up the DagBag from /workspaces/f1_data_team/venv/lib/python3.12/site-packages/airflow/example_dags/example_sensor_decorator.py
[2026-01-04T12:55:36.854+0000] {processor.py:925} INFO - DAG(s) 'example_sensor_decorator' retrieved from /workspaces/f1_data_team/venv/lib/python3.12/site-packages/airflow/example_dags/example_sensor_decorator.py
[2026-01-04T12:55:36.865+0000] {logging_mixin.py:190} INFO - [2026-01-04T12:55:36.865+0000] {dag.py:3239} INFO - Sync 1 DAGs
[2026-01-04T12:55:36.874+0000] {logging_mixin.py:190} INFO - [2026-01-04T12:55:36.874+0000] {dag.py:4180} INFO - Setting next_dagrun for example_sensor_decorator to None, run_after=None
[2026-01-04T12:55:36.889+0000] {processor.py:208} INFO - Processing /workspaces/f1_data_team/venv/lib/python3.12/site-packages/airflow/example_dags/example_sensor_decorator.py took 0.049 seconds
[2026-01-04T12:56:32.125+0000] {processor.py:186} INFO - Started process (PID=48294) to work on /workspaces/f1_data_team/venv/lib/python3.12/site-packages/airflow/example_dags/example_sensor_decorator.py
[2026-01-04T12:56:32.126+0000] {processor.py:914} INFO - Processing file /workspaces/f1_data_team/venv/lib/python3.12/site-packages/airflow/example_dags/example_sensor_decorator.py for tasks to queue
[2026-01-04T12:56:32.128+0000] {logging_mixin.py:190} INFO - [2026-01-04T12:56:32.127+0000] {dagbag.py:588} INFO - Filling up the DagBag from /workspaces/f1_data_team/venv/lib/python3.12/site-packages/airflow/example_dags/example_sensor_decorator.py
[2026-01-04T12:56:32.135+0000] {processor.py:925} INFO - DAG(s) 'example_sensor_decorator' retrieved from /workspaces/f1_data_team/venv/lib/python3.12/site-packages/airflow/example_dags/example_sensor_decorator.py
[2026-01-04T12:56:32.147+0000] {logging_mixin.py:190} INFO - [2026-01-04T12:56:32.147+0000] {dag.py:3239} INFO - Sync 1 DAGs
[2026-01-04T12:56:32.157+0000] {logging_mixin.py:190} INFO - [2026-01-04T12:56:32.157+0000] {dag.py:4180} INFO - Setting next_dagrun for example_sensor_decorator to None, run_after=None
[2026-01-04T12:56:32.172+0000] {processor.py:208} INFO - Processing /workspaces/f1_data_team/venv/lib/python3.12/site-packages/airflow/example_dags/example_sensor_decorator.py took 0.052 seconds
[2026-01-04T12:57:23.541+0000] {processor.py:186} INFO - Started process (PID=48760) to work on /workspaces/f1_data_team/venv/lib/python3.12/site-packages/airflow/example_dags/example_sensor_decorator.py
[2026-01-04T12:57:23.542+0000] {processor.py:914} INFO - Processing file /workspaces/f1_data_team/venv/lib/python3.12/site-packages/airflow/example_dags/example_sensor_decorator.py for tasks to queue
[2026-01-04T12:57:23.544+0000] {logging_mixin.py:190} INFO - [2026-01-04T12:57:23.544+0000] {dagbag.py:588} INFO - Filling up the DagBag from /workspaces/f1_data_team/venv/lib/python3.12/site-packages/airflow/example_dags/example_sensor_decorator.py
[2026-01-04T12:57:23.551+0000] {processor.py:925} INFO - DAG(s) 'example_sensor_decorator' retrieved from /workspaces/f1_data_team/venv/lib/python3.12/site-packages/airflow/example_dags/example_sensor_decorator.py
[2026-01-04T12:57:23.563+0000] {logging_mixin.py:190} INFO - [2026-01-04T12:57:23.562+0000] {dag.py:3239} INFO - Sync 1 DAGs
[2026-01-04T12:57:23.573+0000] {logging_mixin.py:190} INFO - [2026-01-04T12:57:23.573+0000] {dag.py:4180} INFO - Setting next_dagrun for example_sensor_decorator to None, run_after=None
[2026-01-04T12:57:23.588+0000] {processor.py:208} INFO - Processing /workspaces/f1_data_team/venv/lib/python3.12/site-packages/airflow/example_dags/example_sensor_decorator.py took 0.051 seconds
[2026-01-04T12:58:14.902+0000] {processor.py:186} INFO - Started process (PID=49272) to work on /workspaces/f1_data_team/venv/lib/python3.12/site-packages/airflow/example_dags/example_sensor_decorator.py
[2026-01-04T12:58:14.902+0000] {processor.py:914} INFO - Processing file /workspaces/f1_data_team/venv/lib/python3.12/site-packages/airflow/example_dags/example_sensor_decorator.py for tasks to queue
[2026-01-04T12:58:14.904+0000] {logging_mixin.py:190} INFO - [2026-01-04T12:58:14.904+0000] {dagbag.py:588} INFO - Filling up the DagBag from /workspaces/f1_data_team/venv/lib/python3.12/site-packages/airflow/example_dags/example_sensor_decorator.py
[2026-01-04T12:58:14.911+0000] {processor.py:925} INFO - DAG(s) 'example_sensor_decorator' retrieved from /workspaces/f1_data_team/venv/lib/python3.12/site-packages/airflow/example_dags/example_sensor_decorator.py
[2026-01-04T12:58:14.923+0000] {logging_mixin.py:190} INFO - [2026-01-04T12:58:14.923+0000] {dag.py:3239} INFO - Sync 1 DAGs
[2026-01-04T12:58:14.935+0000] {logging_mixin.py:190} INFO - [2026-01-04T12:58:14.935+0000] {dag.py:4180} INFO - Setting next_dagrun for example_sensor_decorator to None, run_after=None
[2026-01-04T12:58:14.951+0000] {processor.py:208} INFO - Processing /workspaces/f1_data_team/venv/lib/python3.12/site-packages/airflow/example_dags/example_sensor_decorator.py took 0.054 seconds
[2026-01-04T12:59:08.705+0000] {processor.py:186} INFO - Started process (PID=49812) to work on /workspaces/f1_data_team/venv/lib/python3.12/site-packages/airflow/example_dags/example_sensor_decorator.py
[2026-01-04T12:59:08.706+0000] {processor.py:914} INFO - Processing file /workspaces/f1_data_team/venv/lib/python3.12/site-packages/airflow/example_dags/example_sensor_decorator.py for tasks to queue
[2026-01-04T12:59:08.710+0000] {logging_mixin.py:190} INFO - [2026-01-04T12:59:08.709+0000] {dagbag.py:588} INFO - Filling up the DagBag from /workspaces/f1_data_team/venv/lib/python3.12/site-packages/airflow/example_dags/example_sensor_decorator.py
[2026-01-04T12:59:08.722+0000] {processor.py:925} INFO - DAG(s) 'example_sensor_decorator' retrieved from /workspaces/f1_data_team/venv/lib/python3.12/site-packages/airflow/example_dags/example_sensor_decorator.py
[2026-01-04T12:59:08.741+0000] {logging_mixin.py:190} INFO - [2026-01-04T12:59:08.740+0000] {dag.py:3239} INFO - Sync 1 DAGs
[2026-01-04T12:59:08.762+0000] {logging_mixin.py:190} INFO - [2026-01-04T12:59:08.762+0000] {dag.py:4180} INFO - Setting next_dagrun for example_sensor_decorator to None, run_after=None
[2026-01-04T12:59:08.787+0000] {processor.py:208} INFO - Processing /workspaces/f1_data_team/venv/lib/python3.12/site-packages/airflow/example_dags/example_sensor_decorator.py took 0.089 seconds
[2026-01-04T13:00:03.884+0000] {processor.py:186} INFO - Started process (PID=50308) to work on /workspaces/f1_data_team/venv/lib/python3.12/site-packages/airflow/example_dags/example_sensor_decorator.py
[2026-01-04T13:00:03.885+0000] {processor.py:914} INFO - Processing file /workspaces/f1_data_team/venv/lib/python3.12/site-packages/airflow/example_dags/example_sensor_decorator.py for tasks to queue
[2026-01-04T13:00:03.887+0000] {logging_mixin.py:190} INFO - [2026-01-04T13:00:03.886+0000] {dagbag.py:588} INFO - Filling up the DagBag from /workspaces/f1_data_team/venv/lib/python3.12/site-packages/airflow/example_dags/example_sensor_decorator.py
[2026-01-04T13:00:03.894+0000] {processor.py:925} INFO - DAG(s) 'example_sensor_decorator' retrieved from /workspaces/f1_data_team/venv/lib/python3.12/site-packages/airflow/example_dags/example_sensor_decorator.py
[2026-01-04T13:00:03.912+0000] {logging_mixin.py:190} INFO - [2026-01-04T13:00:03.911+0000] {dag.py:3239} INFO - Sync 1 DAGs
[2026-01-04T13:00:03.931+0000] {logging_mixin.py:190} INFO - [2026-01-04T13:00:03.931+0000] {dag.py:4180} INFO - Setting next_dagrun for example_sensor_decorator to None, run_after=None
[2026-01-04T13:00:03.952+0000] {processor.py:208} INFO - Processing /workspaces/f1_data_team/venv/lib/python3.12/site-packages/airflow/example_dags/example_sensor_decorator.py took 0.073 seconds
[2026-01-04T13:00:58.411+0000] {processor.py:186} INFO - Started process (PID=50921) to work on /workspaces/f1_data_team/venv/lib/python3.12/site-packages/airflow/example_dags/example_sensor_decorator.py
[2026-01-04T13:00:58.412+0000] {processor.py:914} INFO - Processing file /workspaces/f1_data_team/venv/lib/python3.12/site-packages/airflow/example_dags/example_sensor_decorator.py for tasks to queue
[2026-01-04T13:00:58.414+0000] {logging_mixin.py:190} INFO - [2026-01-04T13:00:58.414+0000] {dagbag.py:588} INFO - Filling up the DagBag from /workspaces/f1_data_team/venv/lib/python3.12/site-packages/airflow/example_dags/example_sensor_decorator.py
[2026-01-04T13:00:58.421+0000] {processor.py:925} INFO - DAG(s) 'example_sensor_decorator' retrieved from /workspaces/f1_data_team/venv/lib/python3.12/site-packages/airflow/example_dags/example_sensor_decorator.py
[2026-01-04T13:00:58.433+0000] {logging_mixin.py:190} INFO - [2026-01-04T13:00:58.432+0000] {dag.py:3239} INFO - Sync 1 DAGs
[2026-01-04T13:00:58.443+0000] {logging_mixin.py:190} INFO - [2026-01-04T13:00:58.443+0000] {dag.py:4180} INFO - Setting next_dagrun for example_sensor_decorator to None, run_after=None
[2026-01-04T13:00:58.457+0000] {processor.py:208} INFO - Processing /workspaces/f1_data_team/venv/lib/python3.12/site-packages/airflow/example_dags/example_sensor_decorator.py took 0.050 seconds
