[2026-01-04T12:27:17.544+0000] {processor.py:186} INFO - Started process (PID=24780) to work on /workspaces/f1_data_team/venv/lib/python3.12/site-packages/airflow/example_dags/example_dynamic_task_mapping.py
[2026-01-04T12:27:17.544+0000] {processor.py:914} INFO - Processing file /workspaces/f1_data_team/venv/lib/python3.12/site-packages/airflow/example_dags/example_dynamic_task_mapping.py for tasks to queue
[2026-01-04T12:27:17.546+0000] {logging_mixin.py:190} INFO - [2026-01-04T12:27:17.546+0000] {dagbag.py:588} INFO - Filling up the DagBag from /workspaces/f1_data_team/venv/lib/python3.12/site-packages/airflow/example_dags/example_dynamic_task_mapping.py
[2026-01-04T12:27:17.553+0000] {processor.py:925} INFO - DAG(s) 'example_dynamic_task_mapping' retrieved from /workspaces/f1_data_team/venv/lib/python3.12/site-packages/airflow/example_dags/example_dynamic_task_mapping.py
[2026-01-04T12:27:17.629+0000] {logging_mixin.py:190} INFO - [2026-01-04T12:27:17.628+0000] {override.py:1911} INFO - Created Permission View: can read on DAG:example_dynamic_task_mapping
[2026-01-04T12:27:17.636+0000] {logging_mixin.py:190} INFO - [2026-01-04T12:27:17.636+0000] {override.py:1911} INFO - Created Permission View: can edit on DAG:example_dynamic_task_mapping
[2026-01-04T12:27:17.651+0000] {logging_mixin.py:190} INFO - [2026-01-04T12:27:17.651+0000] {override.py:1911} INFO - Created Permission View: can delete on DAG:example_dynamic_task_mapping
[2026-01-04T12:27:17.660+0000] {logging_mixin.py:190} INFO - [2026-01-04T12:27:17.660+0000] {override.py:1911} INFO - Created Permission View: can read on DAG Run:example_dynamic_task_mapping
[2026-01-04T12:27:17.666+0000] {logging_mixin.py:190} INFO - [2026-01-04T12:27:17.665+0000] {override.py:1911} INFO - Created Permission View: menu access on DAG Run:example_dynamic_task_mapping
[2026-01-04T12:27:17.671+0000] {logging_mixin.py:190} INFO - [2026-01-04T12:27:17.670+0000] {override.py:1911} INFO - Created Permission View: can create on DAG Run:example_dynamic_task_mapping
[2026-01-04T12:27:17.676+0000] {logging_mixin.py:190} INFO - [2026-01-04T12:27:17.675+0000] {override.py:1911} INFO - Created Permission View: can delete on DAG Run:example_dynamic_task_mapping
[2026-01-04T12:27:17.676+0000] {logging_mixin.py:190} INFO - [2026-01-04T12:27:17.676+0000] {dag.py:3239} INFO - Sync 1 DAGs
[2026-01-04T12:27:17.692+0000] {logging_mixin.py:190} INFO - [2026-01-04T12:27:17.692+0000] {dag.py:3262} INFO - Creating ORM DAG for example_dynamic_task_mapping
[2026-01-04T12:27:17.693+0000] {logging_mixin.py:190} INFO - [2026-01-04T12:27:17.693+0000] {dag.py:4180} INFO - Setting next_dagrun for example_dynamic_task_mapping to None, run_after=None
[2026-01-04T12:27:17.710+0000] {processor.py:208} INFO - Processing /workspaces/f1_data_team/venv/lib/python3.12/site-packages/airflow/example_dags/example_dynamic_task_mapping.py took 0.171 seconds
[2026-01-04T12:28:16.711+0000] {processor.py:186} INFO - Started process (PID=25304) to work on /workspaces/f1_data_team/venv/lib/python3.12/site-packages/airflow/example_dags/example_dynamic_task_mapping.py
[2026-01-04T12:28:16.711+0000] {processor.py:914} INFO - Processing file /workspaces/f1_data_team/venv/lib/python3.12/site-packages/airflow/example_dags/example_dynamic_task_mapping.py for tasks to queue
[2026-01-04T12:28:16.714+0000] {logging_mixin.py:190} INFO - [2026-01-04T12:28:16.713+0000] {dagbag.py:588} INFO - Filling up the DagBag from /workspaces/f1_data_team/venv/lib/python3.12/site-packages/airflow/example_dags/example_dynamic_task_mapping.py
[2026-01-04T12:28:16.720+0000] {processor.py:925} INFO - DAG(s) 'example_dynamic_task_mapping' retrieved from /workspaces/f1_data_team/venv/lib/python3.12/site-packages/airflow/example_dags/example_dynamic_task_mapping.py
[2026-01-04T12:28:16.731+0000] {logging_mixin.py:190} INFO - [2026-01-04T12:28:16.731+0000] {dag.py:3239} INFO - Sync 1 DAGs
[2026-01-04T12:28:16.741+0000] {logging_mixin.py:190} INFO - [2026-01-04T12:28:16.740+0000] {dag.py:4180} INFO - Setting next_dagrun for example_dynamic_task_mapping to None, run_after=None
[2026-01-04T12:28:16.755+0000] {processor.py:208} INFO - Processing /workspaces/f1_data_team/venv/lib/python3.12/site-packages/airflow/example_dags/example_dynamic_task_mapping.py took 0.048 seconds
[2026-01-04T12:29:14.411+0000] {processor.py:186} INFO - Started process (PID=26375) to work on /workspaces/f1_data_team/venv/lib/python3.12/site-packages/airflow/example_dags/example_dynamic_task_mapping.py
[2026-01-04T12:29:14.412+0000] {processor.py:914} INFO - Processing file /workspaces/f1_data_team/venv/lib/python3.12/site-packages/airflow/example_dags/example_dynamic_task_mapping.py for tasks to queue
[2026-01-04T12:29:14.414+0000] {logging_mixin.py:190} INFO - [2026-01-04T12:29:14.414+0000] {dagbag.py:588} INFO - Filling up the DagBag from /workspaces/f1_data_team/venv/lib/python3.12/site-packages/airflow/example_dags/example_dynamic_task_mapping.py
[2026-01-04T12:29:14.421+0000] {processor.py:925} INFO - DAG(s) 'example_dynamic_task_mapping' retrieved from /workspaces/f1_data_team/venv/lib/python3.12/site-packages/airflow/example_dags/example_dynamic_task_mapping.py
[2026-01-04T12:29:14.433+0000] {logging_mixin.py:190} INFO - [2026-01-04T12:29:14.433+0000] {dag.py:3239} INFO - Sync 1 DAGs
[2026-01-04T12:29:14.448+0000] {logging_mixin.py:190} INFO - [2026-01-04T12:29:14.448+0000] {dag.py:4180} INFO - Setting next_dagrun for example_dynamic_task_mapping to None, run_after=None
[2026-01-04T12:29:14.467+0000] {processor.py:208} INFO - Processing /workspaces/f1_data_team/venv/lib/python3.12/site-packages/airflow/example_dags/example_dynamic_task_mapping.py took 0.061 seconds
[2026-01-04T12:30:54.881+0000] {processor.py:186} INFO - Started process (PID=27958) to work on /workspaces/f1_data_team/venv/lib/python3.12/site-packages/airflow/example_dags/example_dynamic_task_mapping.py
[2026-01-04T12:30:54.881+0000] {processor.py:914} INFO - Processing file /workspaces/f1_data_team/venv/lib/python3.12/site-packages/airflow/example_dags/example_dynamic_task_mapping.py for tasks to queue
[2026-01-04T12:30:54.883+0000] {logging_mixin.py:190} INFO - [2026-01-04T12:30:54.883+0000] {dagbag.py:588} INFO - Filling up the DagBag from /workspaces/f1_data_team/venv/lib/python3.12/site-packages/airflow/example_dags/example_dynamic_task_mapping.py
[2026-01-04T12:30:54.890+0000] {processor.py:925} INFO - DAG(s) 'example_dynamic_task_mapping' retrieved from /workspaces/f1_data_team/venv/lib/python3.12/site-packages/airflow/example_dags/example_dynamic_task_mapping.py
[2026-01-04T12:30:54.902+0000] {logging_mixin.py:190} INFO - [2026-01-04T12:30:54.902+0000] {dag.py:3239} INFO - Sync 1 DAGs
[2026-01-04T12:30:54.911+0000] {logging_mixin.py:190} INFO - [2026-01-04T12:30:54.911+0000] {dag.py:4180} INFO - Setting next_dagrun for example_dynamic_task_mapping to None, run_after=None
[2026-01-04T12:30:54.925+0000] {processor.py:208} INFO - Processing /workspaces/f1_data_team/venv/lib/python3.12/site-packages/airflow/example_dags/example_dynamic_task_mapping.py took 0.049 seconds
[2026-01-04T12:31:53.598+0000] {processor.py:186} INFO - Started process (PID=28943) to work on /workspaces/f1_data_team/venv/lib/python3.12/site-packages/airflow/example_dags/example_dynamic_task_mapping.py
[2026-01-04T12:31:53.599+0000] {processor.py:914} INFO - Processing file /workspaces/f1_data_team/venv/lib/python3.12/site-packages/airflow/example_dags/example_dynamic_task_mapping.py for tasks to queue
[2026-01-04T12:31:53.601+0000] {logging_mixin.py:190} INFO - [2026-01-04T12:31:53.601+0000] {dagbag.py:588} INFO - Filling up the DagBag from /workspaces/f1_data_team/venv/lib/python3.12/site-packages/airflow/example_dags/example_dynamic_task_mapping.py
[2026-01-04T12:31:53.608+0000] {processor.py:925} INFO - DAG(s) 'example_dynamic_task_mapping' retrieved from /workspaces/f1_data_team/venv/lib/python3.12/site-packages/airflow/example_dags/example_dynamic_task_mapping.py
[2026-01-04T12:31:53.618+0000] {logging_mixin.py:190} INFO - [2026-01-04T12:31:53.618+0000] {dag.py:3239} INFO - Sync 1 DAGs
[2026-01-04T12:31:53.628+0000] {logging_mixin.py:190} INFO - [2026-01-04T12:31:53.628+0000] {dag.py:4180} INFO - Setting next_dagrun for example_dynamic_task_mapping to None, run_after=None
[2026-01-04T12:31:53.642+0000] {processor.py:208} INFO - Processing /workspaces/f1_data_team/venv/lib/python3.12/site-packages/airflow/example_dags/example_dynamic_task_mapping.py took 0.048 seconds
[2026-01-04T12:32:59.751+0000] {processor.py:186} INFO - Started process (PID=30007) to work on /workspaces/f1_data_team/venv/lib/python3.12/site-packages/airflow/example_dags/example_dynamic_task_mapping.py
[2026-01-04T12:32:59.752+0000] {processor.py:914} INFO - Processing file /workspaces/f1_data_team/venv/lib/python3.12/site-packages/airflow/example_dags/example_dynamic_task_mapping.py for tasks to queue
[2026-01-04T12:32:59.754+0000] {logging_mixin.py:190} INFO - [2026-01-04T12:32:59.754+0000] {dagbag.py:588} INFO - Filling up the DagBag from /workspaces/f1_data_team/venv/lib/python3.12/site-packages/airflow/example_dags/example_dynamic_task_mapping.py
[2026-01-04T12:32:59.761+0000] {processor.py:925} INFO - DAG(s) 'example_dynamic_task_mapping' retrieved from /workspaces/f1_data_team/venv/lib/python3.12/site-packages/airflow/example_dags/example_dynamic_task_mapping.py
[2026-01-04T12:32:59.774+0000] {logging_mixin.py:190} INFO - [2026-01-04T12:32:59.773+0000] {dag.py:3239} INFO - Sync 1 DAGs
[2026-01-04T12:32:59.783+0000] {logging_mixin.py:190} INFO - [2026-01-04T12:32:59.783+0000] {dag.py:4180} INFO - Setting next_dagrun for example_dynamic_task_mapping to None, run_after=None
[2026-01-04T12:32:59.797+0000] {processor.py:208} INFO - Processing /workspaces/f1_data_team/venv/lib/python3.12/site-packages/airflow/example_dags/example_dynamic_task_mapping.py took 0.051 seconds
[2026-01-04T12:34:03.526+0000] {processor.py:186} INFO - Started process (PID=30817) to work on /workspaces/f1_data_team/venv/lib/python3.12/site-packages/airflow/example_dags/example_dynamic_task_mapping.py
[2026-01-04T12:34:03.527+0000] {processor.py:914} INFO - Processing file /workspaces/f1_data_team/venv/lib/python3.12/site-packages/airflow/example_dags/example_dynamic_task_mapping.py for tasks to queue
[2026-01-04T12:34:03.529+0000] {logging_mixin.py:190} INFO - [2026-01-04T12:34:03.529+0000] {dagbag.py:588} INFO - Filling up the DagBag from /workspaces/f1_data_team/venv/lib/python3.12/site-packages/airflow/example_dags/example_dynamic_task_mapping.py
[2026-01-04T12:34:03.536+0000] {processor.py:925} INFO - DAG(s) 'example_dynamic_task_mapping' retrieved from /workspaces/f1_data_team/venv/lib/python3.12/site-packages/airflow/example_dags/example_dynamic_task_mapping.py
[2026-01-04T12:34:03.548+0000] {logging_mixin.py:190} INFO - [2026-01-04T12:34:03.548+0000] {dag.py:3239} INFO - Sync 1 DAGs
[2026-01-04T12:34:03.558+0000] {logging_mixin.py:190} INFO - [2026-01-04T12:34:03.558+0000] {dag.py:4180} INFO - Setting next_dagrun for example_dynamic_task_mapping to None, run_after=None
[2026-01-04T12:34:03.573+0000] {processor.py:208} INFO - Processing /workspaces/f1_data_team/venv/lib/python3.12/site-packages/airflow/example_dags/example_dynamic_task_mapping.py took 0.051 seconds
[2026-01-04T12:34:58.016+0000] {processor.py:186} INFO - Started process (PID=31378) to work on /workspaces/f1_data_team/venv/lib/python3.12/site-packages/airflow/example_dags/example_dynamic_task_mapping.py
[2026-01-04T12:34:58.017+0000] {processor.py:914} INFO - Processing file /workspaces/f1_data_team/venv/lib/python3.12/site-packages/airflow/example_dags/example_dynamic_task_mapping.py for tasks to queue
[2026-01-04T12:34:58.019+0000] {logging_mixin.py:190} INFO - [2026-01-04T12:34:58.019+0000] {dagbag.py:588} INFO - Filling up the DagBag from /workspaces/f1_data_team/venv/lib/python3.12/site-packages/airflow/example_dags/example_dynamic_task_mapping.py
[2026-01-04T12:34:58.026+0000] {processor.py:925} INFO - DAG(s) 'example_dynamic_task_mapping' retrieved from /workspaces/f1_data_team/venv/lib/python3.12/site-packages/airflow/example_dags/example_dynamic_task_mapping.py
[2026-01-04T12:34:58.038+0000] {logging_mixin.py:190} INFO - [2026-01-04T12:34:58.037+0000] {dag.py:3239} INFO - Sync 1 DAGs
[2026-01-04T12:34:58.047+0000] {logging_mixin.py:190} INFO - [2026-01-04T12:34:58.047+0000] {dag.py:4180} INFO - Setting next_dagrun for example_dynamic_task_mapping to None, run_after=None
[2026-01-04T12:34:58.061+0000] {processor.py:208} INFO - Processing /workspaces/f1_data_team/venv/lib/python3.12/site-packages/airflow/example_dags/example_dynamic_task_mapping.py took 0.049 seconds
[2026-01-04T12:35:54.451+0000] {processor.py:186} INFO - Started process (PID=32016) to work on /workspaces/f1_data_team/venv/lib/python3.12/site-packages/airflow/example_dags/example_dynamic_task_mapping.py
[2026-01-04T12:35:54.452+0000] {processor.py:914} INFO - Processing file /workspaces/f1_data_team/venv/lib/python3.12/site-packages/airflow/example_dags/example_dynamic_task_mapping.py for tasks to queue
[2026-01-04T12:35:54.454+0000] {logging_mixin.py:190} INFO - [2026-01-04T12:35:54.454+0000] {dagbag.py:588} INFO - Filling up the DagBag from /workspaces/f1_data_team/venv/lib/python3.12/site-packages/airflow/example_dags/example_dynamic_task_mapping.py
[2026-01-04T12:35:54.461+0000] {processor.py:925} INFO - DAG(s) 'example_dynamic_task_mapping' retrieved from /workspaces/f1_data_team/venv/lib/python3.12/site-packages/airflow/example_dags/example_dynamic_task_mapping.py
[2026-01-04T12:35:54.472+0000] {logging_mixin.py:190} INFO - [2026-01-04T12:35:54.472+0000] {dag.py:3239} INFO - Sync 1 DAGs
[2026-01-04T12:35:54.482+0000] {logging_mixin.py:190} INFO - [2026-01-04T12:35:54.482+0000] {dag.py:4180} INFO - Setting next_dagrun for example_dynamic_task_mapping to None, run_after=None
[2026-01-04T12:35:54.497+0000] {processor.py:208} INFO - Processing /workspaces/f1_data_team/venv/lib/python3.12/site-packages/airflow/example_dags/example_dynamic_task_mapping.py took 0.050 seconds
[2026-01-04T12:36:46.847+0000] {processor.py:186} INFO - Started process (PID=32520) to work on /workspaces/f1_data_team/venv/lib/python3.12/site-packages/airflow/example_dags/example_dynamic_task_mapping.py
[2026-01-04T12:36:46.848+0000] {processor.py:914} INFO - Processing file /workspaces/f1_data_team/venv/lib/python3.12/site-packages/airflow/example_dags/example_dynamic_task_mapping.py for tasks to queue
[2026-01-04T12:36:46.851+0000] {logging_mixin.py:190} INFO - [2026-01-04T12:36:46.850+0000] {dagbag.py:588} INFO - Filling up the DagBag from /workspaces/f1_data_team/venv/lib/python3.12/site-packages/airflow/example_dags/example_dynamic_task_mapping.py
[2026-01-04T12:36:46.857+0000] {processor.py:925} INFO - DAG(s) 'example_dynamic_task_mapping' retrieved from /workspaces/f1_data_team/venv/lib/python3.12/site-packages/airflow/example_dags/example_dynamic_task_mapping.py
[2026-01-04T12:36:46.869+0000] {logging_mixin.py:190} INFO - [2026-01-04T12:36:46.869+0000] {dag.py:3239} INFO - Sync 1 DAGs
[2026-01-04T12:36:46.878+0000] {logging_mixin.py:190} INFO - [2026-01-04T12:36:46.878+0000] {dag.py:4180} INFO - Setting next_dagrun for example_dynamic_task_mapping to None, run_after=None
[2026-01-04T12:36:46.893+0000] {processor.py:208} INFO - Processing /workspaces/f1_data_team/venv/lib/python3.12/site-packages/airflow/example_dags/example_dynamic_task_mapping.py took 0.052 seconds
[2026-01-04T12:37:39.447+0000] {processor.py:186} INFO - Started process (PID=33265) to work on /workspaces/f1_data_team/venv/lib/python3.12/site-packages/airflow/example_dags/example_dynamic_task_mapping.py
[2026-01-04T12:37:39.448+0000] {processor.py:914} INFO - Processing file /workspaces/f1_data_team/venv/lib/python3.12/site-packages/airflow/example_dags/example_dynamic_task_mapping.py for tasks to queue
[2026-01-04T12:37:39.450+0000] {logging_mixin.py:190} INFO - [2026-01-04T12:37:39.449+0000] {dagbag.py:588} INFO - Filling up the DagBag from /workspaces/f1_data_team/venv/lib/python3.12/site-packages/airflow/example_dags/example_dynamic_task_mapping.py
[2026-01-04T12:37:39.457+0000] {processor.py:925} INFO - DAG(s) 'example_dynamic_task_mapping' retrieved from /workspaces/f1_data_team/venv/lib/python3.12/site-packages/airflow/example_dags/example_dynamic_task_mapping.py
[2026-01-04T12:37:39.469+0000] {logging_mixin.py:190} INFO - [2026-01-04T12:37:39.469+0000] {dag.py:3239} INFO - Sync 1 DAGs
[2026-01-04T12:37:39.479+0000] {logging_mixin.py:190} INFO - [2026-01-04T12:37:39.478+0000] {dag.py:4180} INFO - Setting next_dagrun for example_dynamic_task_mapping to None, run_after=None
[2026-01-04T12:37:39.492+0000] {processor.py:208} INFO - Processing /workspaces/f1_data_team/venv/lib/python3.12/site-packages/airflow/example_dags/example_dynamic_task_mapping.py took 0.050 seconds
[2026-01-04T12:38:33.096+0000] {processor.py:186} INFO - Started process (PID=33927) to work on /workspaces/f1_data_team/venv/lib/python3.12/site-packages/airflow/example_dags/example_dynamic_task_mapping.py
[2026-01-04T12:38:33.097+0000] {processor.py:914} INFO - Processing file /workspaces/f1_data_team/venv/lib/python3.12/site-packages/airflow/example_dags/example_dynamic_task_mapping.py for tasks to queue
[2026-01-04T12:38:33.099+0000] {logging_mixin.py:190} INFO - [2026-01-04T12:38:33.099+0000] {dagbag.py:588} INFO - Filling up the DagBag from /workspaces/f1_data_team/venv/lib/python3.12/site-packages/airflow/example_dags/example_dynamic_task_mapping.py
[2026-01-04T12:38:33.106+0000] {processor.py:925} INFO - DAG(s) 'example_dynamic_task_mapping' retrieved from /workspaces/f1_data_team/venv/lib/python3.12/site-packages/airflow/example_dags/example_dynamic_task_mapping.py
[2026-01-04T12:38:33.118+0000] {logging_mixin.py:190} INFO - [2026-01-04T12:38:33.117+0000] {dag.py:3239} INFO - Sync 1 DAGs
[2026-01-04T12:38:33.127+0000] {logging_mixin.py:190} INFO - [2026-01-04T12:38:33.127+0000] {dag.py:4180} INFO - Setting next_dagrun for example_dynamic_task_mapping to None, run_after=None
[2026-01-04T12:38:33.141+0000] {processor.py:208} INFO - Processing /workspaces/f1_data_team/venv/lib/python3.12/site-packages/airflow/example_dags/example_dynamic_task_mapping.py took 0.050 seconds
[2026-01-04T12:39:24.981+0000] {processor.py:186} INFO - Started process (PID=34415) to work on /workspaces/f1_data_team/venv/lib/python3.12/site-packages/airflow/example_dags/example_dynamic_task_mapping.py
[2026-01-04T12:39:24.982+0000] {processor.py:914} INFO - Processing file /workspaces/f1_data_team/venv/lib/python3.12/site-packages/airflow/example_dags/example_dynamic_task_mapping.py for tasks to queue
[2026-01-04T12:39:24.985+0000] {logging_mixin.py:190} INFO - [2026-01-04T12:39:24.984+0000] {dagbag.py:588} INFO - Filling up the DagBag from /workspaces/f1_data_team/venv/lib/python3.12/site-packages/airflow/example_dags/example_dynamic_task_mapping.py
[2026-01-04T12:39:24.996+0000] {processor.py:925} INFO - DAG(s) 'example_dynamic_task_mapping' retrieved from /workspaces/f1_data_team/venv/lib/python3.12/site-packages/airflow/example_dags/example_dynamic_task_mapping.py
[2026-01-04T12:39:25.020+0000] {logging_mixin.py:190} INFO - [2026-01-04T12:39:25.019+0000] {dag.py:3239} INFO - Sync 1 DAGs
[2026-01-04T12:39:25.034+0000] {logging_mixin.py:190} INFO - [2026-01-04T12:39:25.034+0000] {dag.py:4180} INFO - Setting next_dagrun for example_dynamic_task_mapping to None, run_after=None
[2026-01-04T12:39:25.054+0000] {processor.py:208} INFO - Processing /workspaces/f1_data_team/venv/lib/python3.12/site-packages/airflow/example_dags/example_dynamic_task_mapping.py took 0.080 seconds
[2026-01-04T12:40:17.762+0000] {processor.py:186} INFO - Started process (PID=34874) to work on /workspaces/f1_data_team/venv/lib/python3.12/site-packages/airflow/example_dags/example_dynamic_task_mapping.py
[2026-01-04T12:40:17.763+0000] {processor.py:914} INFO - Processing file /workspaces/f1_data_team/venv/lib/python3.12/site-packages/airflow/example_dags/example_dynamic_task_mapping.py for tasks to queue
[2026-01-04T12:40:17.765+0000] {logging_mixin.py:190} INFO - [2026-01-04T12:40:17.764+0000] {dagbag.py:588} INFO - Filling up the DagBag from /workspaces/f1_data_team/venv/lib/python3.12/site-packages/airflow/example_dags/example_dynamic_task_mapping.py
[2026-01-04T12:40:17.771+0000] {processor.py:925} INFO - DAG(s) 'example_dynamic_task_mapping' retrieved from /workspaces/f1_data_team/venv/lib/python3.12/site-packages/airflow/example_dags/example_dynamic_task_mapping.py
[2026-01-04T12:40:17.783+0000] {logging_mixin.py:190} INFO - [2026-01-04T12:40:17.783+0000] {dag.py:3239} INFO - Sync 1 DAGs
[2026-01-04T12:40:17.795+0000] {logging_mixin.py:190} INFO - [2026-01-04T12:40:17.794+0000] {dag.py:4180} INFO - Setting next_dagrun for example_dynamic_task_mapping to None, run_after=None
[2026-01-04T12:40:17.809+0000] {processor.py:208} INFO - Processing /workspaces/f1_data_team/venv/lib/python3.12/site-packages/airflow/example_dags/example_dynamic_task_mapping.py took 0.052 seconds
[2026-01-04T12:41:59.487+0000] {processor.py:186} INFO - Started process (PID=36207) to work on /workspaces/f1_data_team/venv/lib/python3.12/site-packages/airflow/example_dags/example_dynamic_task_mapping.py
[2026-01-04T12:41:59.488+0000] {processor.py:914} INFO - Processing file /workspaces/f1_data_team/venv/lib/python3.12/site-packages/airflow/example_dags/example_dynamic_task_mapping.py for tasks to queue
[2026-01-04T12:41:59.490+0000] {logging_mixin.py:190} INFO - [2026-01-04T12:41:59.490+0000] {dagbag.py:588} INFO - Filling up the DagBag from /workspaces/f1_data_team/venv/lib/python3.12/site-packages/airflow/example_dags/example_dynamic_task_mapping.py
[2026-01-04T12:41:59.497+0000] {processor.py:925} INFO - DAG(s) 'example_dynamic_task_mapping' retrieved from /workspaces/f1_data_team/venv/lib/python3.12/site-packages/airflow/example_dags/example_dynamic_task_mapping.py
[2026-01-04T12:41:59.510+0000] {logging_mixin.py:190} INFO - [2026-01-04T12:41:59.510+0000] {dag.py:3239} INFO - Sync 1 DAGs
[2026-01-04T12:41:59.520+0000] {logging_mixin.py:190} INFO - [2026-01-04T12:41:59.519+0000] {dag.py:4180} INFO - Setting next_dagrun for example_dynamic_task_mapping to None, run_after=None
[2026-01-04T12:41:59.534+0000] {processor.py:208} INFO - Processing /workspaces/f1_data_team/venv/lib/python3.12/site-packages/airflow/example_dags/example_dynamic_task_mapping.py took 0.051 seconds
[2026-01-04T12:43:10.962+0000] {processor.py:186} INFO - Started process (PID=37279) to work on /workspaces/f1_data_team/venv/lib/python3.12/site-packages/airflow/example_dags/example_dynamic_task_mapping.py
[2026-01-04T12:43:10.963+0000] {processor.py:914} INFO - Processing file /workspaces/f1_data_team/venv/lib/python3.12/site-packages/airflow/example_dags/example_dynamic_task_mapping.py for tasks to queue
[2026-01-04T12:43:10.965+0000] {logging_mixin.py:190} INFO - [2026-01-04T12:43:10.965+0000] {dagbag.py:588} INFO - Filling up the DagBag from /workspaces/f1_data_team/venv/lib/python3.12/site-packages/airflow/example_dags/example_dynamic_task_mapping.py
[2026-01-04T12:43:10.972+0000] {processor.py:925} INFO - DAG(s) 'example_dynamic_task_mapping' retrieved from /workspaces/f1_data_team/venv/lib/python3.12/site-packages/airflow/example_dags/example_dynamic_task_mapping.py
[2026-01-04T12:43:10.984+0000] {logging_mixin.py:190} INFO - [2026-01-04T12:43:10.984+0000] {dag.py:3239} INFO - Sync 1 DAGs
[2026-01-04T12:43:10.994+0000] {logging_mixin.py:190} INFO - [2026-01-04T12:43:10.994+0000] {dag.py:4180} INFO - Setting next_dagrun for example_dynamic_task_mapping to None, run_after=None
[2026-01-04T12:43:11.008+0000] {processor.py:208} INFO - Processing /workspaces/f1_data_team/venv/lib/python3.12/site-packages/airflow/example_dags/example_dynamic_task_mapping.py took 0.051 seconds
[2026-01-04T12:44:06.437+0000] {processor.py:186} INFO - Started process (PID=37879) to work on /workspaces/f1_data_team/venv/lib/python3.12/site-packages/airflow/example_dags/example_dynamic_task_mapping.py
[2026-01-04T12:44:06.438+0000] {processor.py:914} INFO - Processing file /workspaces/f1_data_team/venv/lib/python3.12/site-packages/airflow/example_dags/example_dynamic_task_mapping.py for tasks to queue
[2026-01-04T12:44:06.440+0000] {logging_mixin.py:190} INFO - [2026-01-04T12:44:06.440+0000] {dagbag.py:588} INFO - Filling up the DagBag from /workspaces/f1_data_team/venv/lib/python3.12/site-packages/airflow/example_dags/example_dynamic_task_mapping.py
[2026-01-04T12:44:06.447+0000] {processor.py:925} INFO - DAG(s) 'example_dynamic_task_mapping' retrieved from /workspaces/f1_data_team/venv/lib/python3.12/site-packages/airflow/example_dags/example_dynamic_task_mapping.py
[2026-01-04T12:44:06.459+0000] {logging_mixin.py:190} INFO - [2026-01-04T12:44:06.459+0000] {dag.py:3239} INFO - Sync 1 DAGs
[2026-01-04T12:44:06.469+0000] {logging_mixin.py:190} INFO - [2026-01-04T12:44:06.469+0000] {dag.py:4180} INFO - Setting next_dagrun for example_dynamic_task_mapping to None, run_after=None
[2026-01-04T12:44:06.483+0000] {processor.py:208} INFO - Processing /workspaces/f1_data_team/venv/lib/python3.12/site-packages/airflow/example_dags/example_dynamic_task_mapping.py took 0.050 seconds
[2026-01-04T12:45:01.710+0000] {processor.py:186} INFO - Started process (PID=38866) to work on /workspaces/f1_data_team/venv/lib/python3.12/site-packages/airflow/example_dags/example_dynamic_task_mapping.py
[2026-01-04T12:45:01.711+0000] {processor.py:914} INFO - Processing file /workspaces/f1_data_team/venv/lib/python3.12/site-packages/airflow/example_dags/example_dynamic_task_mapping.py for tasks to queue
[2026-01-04T12:45:01.713+0000] {logging_mixin.py:190} INFO - [2026-01-04T12:45:01.713+0000] {dagbag.py:588} INFO - Filling up the DagBag from /workspaces/f1_data_team/venv/lib/python3.12/site-packages/airflow/example_dags/example_dynamic_task_mapping.py
[2026-01-04T12:45:01.720+0000] {processor.py:925} INFO - DAG(s) 'example_dynamic_task_mapping' retrieved from /workspaces/f1_data_team/venv/lib/python3.12/site-packages/airflow/example_dags/example_dynamic_task_mapping.py
[2026-01-04T12:45:01.732+0000] {logging_mixin.py:190} INFO - [2026-01-04T12:45:01.731+0000] {dag.py:3239} INFO - Sync 1 DAGs
[2026-01-04T12:45:01.741+0000] {logging_mixin.py:190} INFO - [2026-01-04T12:45:01.741+0000] {dag.py:4180} INFO - Setting next_dagrun for example_dynamic_task_mapping to None, run_after=None
[2026-01-04T12:45:01.756+0000] {processor.py:208} INFO - Processing /workspaces/f1_data_team/venv/lib/python3.12/site-packages/airflow/example_dags/example_dynamic_task_mapping.py took 0.050 seconds
[2026-01-04T12:46:05.398+0000] {processor.py:186} INFO - Started process (PID=39682) to work on /workspaces/f1_data_team/venv/lib/python3.12/site-packages/airflow/example_dags/example_dynamic_task_mapping.py
[2026-01-04T12:46:05.399+0000] {processor.py:914} INFO - Processing file /workspaces/f1_data_team/venv/lib/python3.12/site-packages/airflow/example_dags/example_dynamic_task_mapping.py for tasks to queue
[2026-01-04T12:46:05.401+0000] {logging_mixin.py:190} INFO - [2026-01-04T12:46:05.401+0000] {dagbag.py:588} INFO - Filling up the DagBag from /workspaces/f1_data_team/venv/lib/python3.12/site-packages/airflow/example_dags/example_dynamic_task_mapping.py
[2026-01-04T12:46:05.408+0000] {processor.py:925} INFO - DAG(s) 'example_dynamic_task_mapping' retrieved from /workspaces/f1_data_team/venv/lib/python3.12/site-packages/airflow/example_dags/example_dynamic_task_mapping.py
[2026-01-04T12:46:05.420+0000] {logging_mixin.py:190} INFO - [2026-01-04T12:46:05.419+0000] {dag.py:3239} INFO - Sync 1 DAGs
[2026-01-04T12:46:05.429+0000] {logging_mixin.py:190} INFO - [2026-01-04T12:46:05.429+0000] {dag.py:4180} INFO - Setting next_dagrun for example_dynamic_task_mapping to None, run_after=None
[2026-01-04T12:46:05.444+0000] {processor.py:208} INFO - Processing /workspaces/f1_data_team/venv/lib/python3.12/site-packages/airflow/example_dags/example_dynamic_task_mapping.py took 0.050 seconds
[2026-01-04T12:46:55.761+0000] {processor.py:186} INFO - Started process (PID=40209) to work on /workspaces/f1_data_team/venv/lib/python3.12/site-packages/airflow/example_dags/example_dynamic_task_mapping.py
[2026-01-04T12:46:55.762+0000] {processor.py:914} INFO - Processing file /workspaces/f1_data_team/venv/lib/python3.12/site-packages/airflow/example_dags/example_dynamic_task_mapping.py for tasks to queue
[2026-01-04T12:46:55.763+0000] {logging_mixin.py:190} INFO - [2026-01-04T12:46:55.763+0000] {dagbag.py:588} INFO - Filling up the DagBag from /workspaces/f1_data_team/venv/lib/python3.12/site-packages/airflow/example_dags/example_dynamic_task_mapping.py
[2026-01-04T12:46:55.772+0000] {processor.py:925} INFO - DAG(s) 'example_dynamic_task_mapping' retrieved from /workspaces/f1_data_team/venv/lib/python3.12/site-packages/airflow/example_dags/example_dynamic_task_mapping.py
[2026-01-04T12:46:55.789+0000] {logging_mixin.py:190} INFO - [2026-01-04T12:46:55.788+0000] {dag.py:3239} INFO - Sync 1 DAGs
[2026-01-04T12:46:55.805+0000] {logging_mixin.py:190} INFO - [2026-01-04T12:46:55.805+0000] {dag.py:4180} INFO - Setting next_dagrun for example_dynamic_task_mapping to None, run_after=None
[2026-01-04T12:46:55.825+0000] {processor.py:208} INFO - Processing /workspaces/f1_data_team/venv/lib/python3.12/site-packages/airflow/example_dags/example_dynamic_task_mapping.py took 0.069 seconds
[2026-01-04T12:49:19.185+0000] {processor.py:186} INFO - Started process (PID=42241) to work on /workspaces/f1_data_team/venv/lib/python3.12/site-packages/airflow/example_dags/example_dynamic_task_mapping.py
[2026-01-04T12:49:19.185+0000] {processor.py:914} INFO - Processing file /workspaces/f1_data_team/venv/lib/python3.12/site-packages/airflow/example_dags/example_dynamic_task_mapping.py for tasks to queue
[2026-01-04T12:49:19.188+0000] {logging_mixin.py:190} INFO - [2026-01-04T12:49:19.187+0000] {dagbag.py:588} INFO - Filling up the DagBag from /workspaces/f1_data_team/venv/lib/python3.12/site-packages/airflow/example_dags/example_dynamic_task_mapping.py
[2026-01-04T12:49:19.194+0000] {processor.py:925} INFO - DAG(s) 'example_dynamic_task_mapping' retrieved from /workspaces/f1_data_team/venv/lib/python3.12/site-packages/airflow/example_dags/example_dynamic_task_mapping.py
[2026-01-04T12:49:19.208+0000] {logging_mixin.py:190} INFO - [2026-01-04T12:49:19.207+0000] {dag.py:3239} INFO - Sync 1 DAGs
[2026-01-04T12:49:19.219+0000] {logging_mixin.py:190} INFO - [2026-01-04T12:49:19.219+0000] {dag.py:4180} INFO - Setting next_dagrun for example_dynamic_task_mapping to None, run_after=None
[2026-01-04T12:49:19.235+0000] {processor.py:208} INFO - Processing /workspaces/f1_data_team/venv/lib/python3.12/site-packages/airflow/example_dags/example_dynamic_task_mapping.py took 0.055 seconds
[2026-01-04T12:50:16.913+0000] {processor.py:186} INFO - Started process (PID=42757) to work on /workspaces/f1_data_team/venv/lib/python3.12/site-packages/airflow/example_dags/example_dynamic_task_mapping.py
[2026-01-04T12:50:16.913+0000] {processor.py:914} INFO - Processing file /workspaces/f1_data_team/venv/lib/python3.12/site-packages/airflow/example_dags/example_dynamic_task_mapping.py for tasks to queue
[2026-01-04T12:50:16.916+0000] {logging_mixin.py:190} INFO - [2026-01-04T12:50:16.915+0000] {dagbag.py:588} INFO - Filling up the DagBag from /workspaces/f1_data_team/venv/lib/python3.12/site-packages/airflow/example_dags/example_dynamic_task_mapping.py
[2026-01-04T12:50:16.922+0000] {processor.py:925} INFO - DAG(s) 'example_dynamic_task_mapping' retrieved from /workspaces/f1_data_team/venv/lib/python3.12/site-packages/airflow/example_dags/example_dynamic_task_mapping.py
[2026-01-04T12:50:16.934+0000] {logging_mixin.py:190} INFO - [2026-01-04T12:50:16.934+0000] {dag.py:3239} INFO - Sync 1 DAGs
[2026-01-04T12:50:16.943+0000] {logging_mixin.py:190} INFO - [2026-01-04T12:50:16.943+0000] {dag.py:4180} INFO - Setting next_dagrun for example_dynamic_task_mapping to None, run_after=None
[2026-01-04T12:50:16.958+0000] {processor.py:208} INFO - Processing /workspaces/f1_data_team/venv/lib/python3.12/site-packages/airflow/example_dags/example_dynamic_task_mapping.py took 0.050 seconds
[2026-01-04T12:51:54.208+0000] {processor.py:186} INFO - Started process (PID=44363) to work on /workspaces/f1_data_team/venv/lib/python3.12/site-packages/airflow/example_dags/example_dynamic_task_mapping.py
[2026-01-04T12:51:54.209+0000] {processor.py:914} INFO - Processing file /workspaces/f1_data_team/venv/lib/python3.12/site-packages/airflow/example_dags/example_dynamic_task_mapping.py for tasks to queue
[2026-01-04T12:51:54.211+0000] {logging_mixin.py:190} INFO - [2026-01-04T12:51:54.211+0000] {dagbag.py:588} INFO - Filling up the DagBag from /workspaces/f1_data_team/venv/lib/python3.12/site-packages/airflow/example_dags/example_dynamic_task_mapping.py
[2026-01-04T12:51:54.218+0000] {processor.py:925} INFO - DAG(s) 'example_dynamic_task_mapping' retrieved from /workspaces/f1_data_team/venv/lib/python3.12/site-packages/airflow/example_dags/example_dynamic_task_mapping.py
[2026-01-04T12:51:54.231+0000] {logging_mixin.py:190} INFO - [2026-01-04T12:51:54.230+0000] {dag.py:3239} INFO - Sync 1 DAGs
[2026-01-04T12:51:54.240+0000] {logging_mixin.py:190} INFO - [2026-01-04T12:51:54.240+0000] {dag.py:4180} INFO - Setting next_dagrun for example_dynamic_task_mapping to None, run_after=None
[2026-01-04T12:51:54.255+0000] {processor.py:208} INFO - Processing /workspaces/f1_data_team/venv/lib/python3.12/site-packages/airflow/example_dags/example_dynamic_task_mapping.py took 0.052 seconds
[2026-01-04T12:52:52.488+0000] {processor.py:186} INFO - Started process (PID=45161) to work on /workspaces/f1_data_team/venv/lib/python3.12/site-packages/airflow/example_dags/example_dynamic_task_mapping.py
[2026-01-04T12:52:52.489+0000] {processor.py:914} INFO - Processing file /workspaces/f1_data_team/venv/lib/python3.12/site-packages/airflow/example_dags/example_dynamic_task_mapping.py for tasks to queue
[2026-01-04T12:52:52.491+0000] {logging_mixin.py:190} INFO - [2026-01-04T12:52:52.491+0000] {dagbag.py:588} INFO - Filling up the DagBag from /workspaces/f1_data_team/venv/lib/python3.12/site-packages/airflow/example_dags/example_dynamic_task_mapping.py
[2026-01-04T12:52:52.497+0000] {processor.py:925} INFO - DAG(s) 'example_dynamic_task_mapping' retrieved from /workspaces/f1_data_team/venv/lib/python3.12/site-packages/airflow/example_dags/example_dynamic_task_mapping.py
[2026-01-04T12:52:52.509+0000] {logging_mixin.py:190} INFO - [2026-01-04T12:52:52.509+0000] {dag.py:3239} INFO - Sync 1 DAGs
[2026-01-04T12:52:52.519+0000] {logging_mixin.py:190} INFO - [2026-01-04T12:52:52.519+0000] {dag.py:4180} INFO - Setting next_dagrun for example_dynamic_task_mapping to None, run_after=None
[2026-01-04T12:52:52.533+0000] {processor.py:208} INFO - Processing /workspaces/f1_data_team/venv/lib/python3.12/site-packages/airflow/example_dags/example_dynamic_task_mapping.py took 0.049 seconds
[2026-01-04T12:53:47.328+0000] {processor.py:186} INFO - Started process (PID=46069) to work on /workspaces/f1_data_team/venv/lib/python3.12/site-packages/airflow/example_dags/example_dynamic_task_mapping.py
[2026-01-04T12:53:47.328+0000] {processor.py:914} INFO - Processing file /workspaces/f1_data_team/venv/lib/python3.12/site-packages/airflow/example_dags/example_dynamic_task_mapping.py for tasks to queue
[2026-01-04T12:53:47.331+0000] {logging_mixin.py:190} INFO - [2026-01-04T12:53:47.330+0000] {dagbag.py:588} INFO - Filling up the DagBag from /workspaces/f1_data_team/venv/lib/python3.12/site-packages/airflow/example_dags/example_dynamic_task_mapping.py
[2026-01-04T12:53:47.337+0000] {processor.py:925} INFO - DAG(s) 'example_dynamic_task_mapping' retrieved from /workspaces/f1_data_team/venv/lib/python3.12/site-packages/airflow/example_dags/example_dynamic_task_mapping.py
[2026-01-04T12:53:47.349+0000] {logging_mixin.py:190} INFO - [2026-01-04T12:53:47.349+0000] {dag.py:3239} INFO - Sync 1 DAGs
[2026-01-04T12:53:47.359+0000] {logging_mixin.py:190} INFO - [2026-01-04T12:53:47.359+0000] {dag.py:4180} INFO - Setting next_dagrun for example_dynamic_task_mapping to None, run_after=None
[2026-01-04T12:53:47.373+0000] {processor.py:208} INFO - Processing /workspaces/f1_data_team/venv/lib/python3.12/site-packages/airflow/example_dags/example_dynamic_task_mapping.py took 0.050 seconds
[2026-01-04T12:54:58.623+0000] {processor.py:186} INFO - Started process (PID=47223) to work on /workspaces/f1_data_team/venv/lib/python3.12/site-packages/airflow/example_dags/example_dynamic_task_mapping.py
[2026-01-04T12:54:58.623+0000] {processor.py:914} INFO - Processing file /workspaces/f1_data_team/venv/lib/python3.12/site-packages/airflow/example_dags/example_dynamic_task_mapping.py for tasks to queue
[2026-01-04T12:54:58.626+0000] {logging_mixin.py:190} INFO - [2026-01-04T12:54:58.625+0000] {dagbag.py:588} INFO - Filling up the DagBag from /workspaces/f1_data_team/venv/lib/python3.12/site-packages/airflow/example_dags/example_dynamic_task_mapping.py
[2026-01-04T12:54:58.633+0000] {processor.py:925} INFO - DAG(s) 'example_dynamic_task_mapping' retrieved from /workspaces/f1_data_team/venv/lib/python3.12/site-packages/airflow/example_dags/example_dynamic_task_mapping.py
[2026-01-04T12:54:58.645+0000] {logging_mixin.py:190} INFO - [2026-01-04T12:54:58.645+0000] {dag.py:3239} INFO - Sync 1 DAGs
[2026-01-04T12:54:58.655+0000] {logging_mixin.py:190} INFO - [2026-01-04T12:54:58.655+0000] {dag.py:4180} INFO - Setting next_dagrun for example_dynamic_task_mapping to None, run_after=None
[2026-01-04T12:54:58.669+0000] {processor.py:208} INFO - Processing /workspaces/f1_data_team/venv/lib/python3.12/site-packages/airflow/example_dags/example_dynamic_task_mapping.py took 0.051 seconds
[2026-01-04T12:56:05.407+0000] {processor.py:186} INFO - Started process (PID=48000) to work on /workspaces/f1_data_team/venv/lib/python3.12/site-packages/airflow/example_dags/example_dynamic_task_mapping.py
[2026-01-04T12:56:05.408+0000] {processor.py:914} INFO - Processing file /workspaces/f1_data_team/venv/lib/python3.12/site-packages/airflow/example_dags/example_dynamic_task_mapping.py for tasks to queue
[2026-01-04T12:56:05.410+0000] {logging_mixin.py:190} INFO - [2026-01-04T12:56:05.409+0000] {dagbag.py:588} INFO - Filling up the DagBag from /workspaces/f1_data_team/venv/lib/python3.12/site-packages/airflow/example_dags/example_dynamic_task_mapping.py
[2026-01-04T12:56:05.417+0000] {processor.py:925} INFO - DAG(s) 'example_dynamic_task_mapping' retrieved from /workspaces/f1_data_team/venv/lib/python3.12/site-packages/airflow/example_dags/example_dynamic_task_mapping.py
[2026-01-04T12:56:05.429+0000] {logging_mixin.py:190} INFO - [2026-01-04T12:56:05.428+0000] {dag.py:3239} INFO - Sync 1 DAGs
[2026-01-04T12:56:05.439+0000] {logging_mixin.py:190} INFO - [2026-01-04T12:56:05.438+0000] {dag.py:4180} INFO - Setting next_dagrun for example_dynamic_task_mapping to None, run_after=None
[2026-01-04T12:56:05.453+0000] {processor.py:208} INFO - Processing /workspaces/f1_data_team/venv/lib/python3.12/site-packages/airflow/example_dags/example_dynamic_task_mapping.py took 0.050 seconds
[2026-01-04T12:56:58.959+0000] {processor.py:186} INFO - Started process (PID=48518) to work on /workspaces/f1_data_team/venv/lib/python3.12/site-packages/airflow/example_dags/example_dynamic_task_mapping.py
[2026-01-04T12:56:58.959+0000] {processor.py:914} INFO - Processing file /workspaces/f1_data_team/venv/lib/python3.12/site-packages/airflow/example_dags/example_dynamic_task_mapping.py for tasks to queue
[2026-01-04T12:56:58.961+0000] {logging_mixin.py:190} INFO - [2026-01-04T12:56:58.961+0000] {dagbag.py:588} INFO - Filling up the DagBag from /workspaces/f1_data_team/venv/lib/python3.12/site-packages/airflow/example_dags/example_dynamic_task_mapping.py
[2026-01-04T12:56:58.968+0000] {processor.py:925} INFO - DAG(s) 'example_dynamic_task_mapping' retrieved from /workspaces/f1_data_team/venv/lib/python3.12/site-packages/airflow/example_dags/example_dynamic_task_mapping.py
[2026-01-04T12:56:58.980+0000] {logging_mixin.py:190} INFO - [2026-01-04T12:56:58.980+0000] {dag.py:3239} INFO - Sync 1 DAGs
[2026-01-04T12:56:58.989+0000] {logging_mixin.py:190} INFO - [2026-01-04T12:56:58.989+0000] {dag.py:4180} INFO - Setting next_dagrun for example_dynamic_task_mapping to None, run_after=None
[2026-01-04T12:56:59.004+0000] {processor.py:208} INFO - Processing /workspaces/f1_data_team/venv/lib/python3.12/site-packages/airflow/example_dags/example_dynamic_task_mapping.py took 0.050 seconds
[2026-01-04T12:57:50.634+0000] {processor.py:186} INFO - Started process (PID=49006) to work on /workspaces/f1_data_team/venv/lib/python3.12/site-packages/airflow/example_dags/example_dynamic_task_mapping.py
[2026-01-04T12:57:50.634+0000] {processor.py:914} INFO - Processing file /workspaces/f1_data_team/venv/lib/python3.12/site-packages/airflow/example_dags/example_dynamic_task_mapping.py for tasks to queue
[2026-01-04T12:57:50.636+0000] {logging_mixin.py:190} INFO - [2026-01-04T12:57:50.636+0000] {dagbag.py:588} INFO - Filling up the DagBag from /workspaces/f1_data_team/venv/lib/python3.12/site-packages/airflow/example_dags/example_dynamic_task_mapping.py
[2026-01-04T12:57:50.644+0000] {processor.py:925} INFO - DAG(s) 'example_dynamic_task_mapping' retrieved from /workspaces/f1_data_team/venv/lib/python3.12/site-packages/airflow/example_dags/example_dynamic_task_mapping.py
[2026-01-04T12:57:50.656+0000] {logging_mixin.py:190} INFO - [2026-01-04T12:57:50.655+0000] {dag.py:3239} INFO - Sync 1 DAGs
[2026-01-04T12:57:50.665+0000] {logging_mixin.py:190} INFO - [2026-01-04T12:57:50.665+0000] {dag.py:4180} INFO - Setting next_dagrun for example_dynamic_task_mapping to None, run_after=None
[2026-01-04T12:57:50.680+0000] {processor.py:208} INFO - Processing /workspaces/f1_data_team/venv/lib/python3.12/site-packages/airflow/example_dags/example_dynamic_task_mapping.py took 0.051 seconds
[2026-01-04T12:58:43.694+0000] {processor.py:186} INFO - Started process (PID=49522) to work on /workspaces/f1_data_team/venv/lib/python3.12/site-packages/airflow/example_dags/example_dynamic_task_mapping.py
[2026-01-04T12:58:43.694+0000] {processor.py:914} INFO - Processing file /workspaces/f1_data_team/venv/lib/python3.12/site-packages/airflow/example_dags/example_dynamic_task_mapping.py for tasks to queue
[2026-01-04T12:58:43.696+0000] {logging_mixin.py:190} INFO - [2026-01-04T12:58:43.696+0000] {dagbag.py:588} INFO - Filling up the DagBag from /workspaces/f1_data_team/venv/lib/python3.12/site-packages/airflow/example_dags/example_dynamic_task_mapping.py
[2026-01-04T12:58:43.703+0000] {processor.py:925} INFO - DAG(s) 'example_dynamic_task_mapping' retrieved from /workspaces/f1_data_team/venv/lib/python3.12/site-packages/airflow/example_dags/example_dynamic_task_mapping.py
[2026-01-04T12:58:43.716+0000] {logging_mixin.py:190} INFO - [2026-01-04T12:58:43.716+0000] {dag.py:3239} INFO - Sync 1 DAGs
[2026-01-04T12:58:43.726+0000] {logging_mixin.py:190} INFO - [2026-01-04T12:58:43.726+0000] {dag.py:4180} INFO - Setting next_dagrun for example_dynamic_task_mapping to None, run_after=None
[2026-01-04T12:58:43.743+0000] {processor.py:208} INFO - Processing /workspaces/f1_data_team/venv/lib/python3.12/site-packages/airflow/example_dags/example_dynamic_task_mapping.py took 0.053 seconds
[2026-01-04T12:59:37.344+0000] {processor.py:186} INFO - Started process (PID=50061) to work on /workspaces/f1_data_team/venv/lib/python3.12/site-packages/airflow/example_dags/example_dynamic_task_mapping.py
[2026-01-04T12:59:37.344+0000] {processor.py:914} INFO - Processing file /workspaces/f1_data_team/venv/lib/python3.12/site-packages/airflow/example_dags/example_dynamic_task_mapping.py for tasks to queue
[2026-01-04T12:59:37.346+0000] {logging_mixin.py:190} INFO - [2026-01-04T12:59:37.346+0000] {dagbag.py:588} INFO - Filling up the DagBag from /workspaces/f1_data_team/venv/lib/python3.12/site-packages/airflow/example_dags/example_dynamic_task_mapping.py
[2026-01-04T12:59:37.353+0000] {processor.py:925} INFO - DAG(s) 'example_dynamic_task_mapping' retrieved from /workspaces/f1_data_team/venv/lib/python3.12/site-packages/airflow/example_dags/example_dynamic_task_mapping.py
[2026-01-04T12:59:37.365+0000] {logging_mixin.py:190} INFO - [2026-01-04T12:59:37.365+0000] {dag.py:3239} INFO - Sync 1 DAGs
[2026-01-04T12:59:37.374+0000] {logging_mixin.py:190} INFO - [2026-01-04T12:59:37.374+0000] {dag.py:4180} INFO - Setting next_dagrun for example_dynamic_task_mapping to None, run_after=None
[2026-01-04T12:59:37.389+0000] {processor.py:208} INFO - Processing /workspaces/f1_data_team/venv/lib/python3.12/site-packages/airflow/example_dags/example_dynamic_task_mapping.py took 0.050 seconds
[2026-01-04T13:00:32.710+0000] {processor.py:186} INFO - Started process (PID=50687) to work on /workspaces/f1_data_team/venv/lib/python3.12/site-packages/airflow/example_dags/example_dynamic_task_mapping.py
[2026-01-04T13:00:32.711+0000] {processor.py:914} INFO - Processing file /workspaces/f1_data_team/venv/lib/python3.12/site-packages/airflow/example_dags/example_dynamic_task_mapping.py for tasks to queue
[2026-01-04T13:00:32.713+0000] {logging_mixin.py:190} INFO - [2026-01-04T13:00:32.712+0000] {dagbag.py:588} INFO - Filling up the DagBag from /workspaces/f1_data_team/venv/lib/python3.12/site-packages/airflow/example_dags/example_dynamic_task_mapping.py
[2026-01-04T13:00:32.720+0000] {processor.py:925} INFO - DAG(s) 'example_dynamic_task_mapping' retrieved from /workspaces/f1_data_team/venv/lib/python3.12/site-packages/airflow/example_dags/example_dynamic_task_mapping.py
[2026-01-04T13:00:32.732+0000] {logging_mixin.py:190} INFO - [2026-01-04T13:00:32.732+0000] {dag.py:3239} INFO - Sync 1 DAGs
[2026-01-04T13:00:32.742+0000] {logging_mixin.py:190} INFO - [2026-01-04T13:00:32.741+0000] {dag.py:4180} INFO - Setting next_dagrun for example_dynamic_task_mapping to None, run_after=None
[2026-01-04T13:00:32.757+0000] {processor.py:208} INFO - Processing /workspaces/f1_data_team/venv/lib/python3.12/site-packages/airflow/example_dags/example_dynamic_task_mapping.py took 0.051 seconds
[2026-01-04T13:01:24.106+0000] {processor.py:186} INFO - Started process (PID=51305) to work on /workspaces/f1_data_team/venv/lib/python3.12/site-packages/airflow/example_dags/example_dynamic_task_mapping.py
[2026-01-04T13:01:24.106+0000] {processor.py:914} INFO - Processing file /workspaces/f1_data_team/venv/lib/python3.12/site-packages/airflow/example_dags/example_dynamic_task_mapping.py for tasks to queue
[2026-01-04T13:01:24.108+0000] {logging_mixin.py:190} INFO - [2026-01-04T13:01:24.108+0000] {dagbag.py:588} INFO - Filling up the DagBag from /workspaces/f1_data_team/venv/lib/python3.12/site-packages/airflow/example_dags/example_dynamic_task_mapping.py
[2026-01-04T13:01:24.116+0000] {processor.py:925} INFO - DAG(s) 'example_dynamic_task_mapping' retrieved from /workspaces/f1_data_team/venv/lib/python3.12/site-packages/airflow/example_dags/example_dynamic_task_mapping.py
[2026-01-04T13:01:24.128+0000] {logging_mixin.py:190} INFO - [2026-01-04T13:01:24.127+0000] {dag.py:3239} INFO - Sync 1 DAGs
[2026-01-04T13:01:24.137+0000] {logging_mixin.py:190} INFO - [2026-01-04T13:01:24.137+0000] {dag.py:4180} INFO - Setting next_dagrun for example_dynamic_task_mapping to None, run_after=None
[2026-01-04T13:01:24.152+0000] {processor.py:208} INFO - Processing /workspaces/f1_data_team/venv/lib/python3.12/site-packages/airflow/example_dags/example_dynamic_task_mapping.py took 0.051 seconds
