[2026-01-04T12:27:14.166+0000] {processor.py:186} INFO - Started process (PID=24762) to work on /workspaces/f1_data_team/venv/lib/python3.12/site-packages/airflow/example_dags/example_inlet_event_extra.py
[2026-01-04T12:27:14.167+0000] {processor.py:914} INFO - Processing file /workspaces/f1_data_team/venv/lib/python3.12/site-packages/airflow/example_dags/example_inlet_event_extra.py for tasks to queue
[2026-01-04T12:27:14.169+0000] {logging_mixin.py:190} INFO - [2026-01-04T12:27:14.168+0000] {dagbag.py:588} INFO - Filling up the DagBag from /workspaces/f1_data_team/venv/lib/python3.12/site-packages/airflow/example_dags/example_inlet_event_extra.py
[2026-01-04T12:27:14.655+0000] {processor.py:925} INFO - DAG(s) 'read_dataset_event', 'read_dataset_event_from_classic' retrieved from /workspaces/f1_data_team/venv/lib/python3.12/site-packages/airflow/example_dags/example_inlet_event_extra.py
[2026-01-04T12:27:14.722+0000] {logging_mixin.py:190} INFO - [2026-01-04T12:27:14.721+0000] {override.py:1911} INFO - Created Permission View: can read on DAG:read_dataset_event
[2026-01-04T12:27:14.729+0000] {logging_mixin.py:190} INFO - [2026-01-04T12:27:14.729+0000] {override.py:1911} INFO - Created Permission View: can edit on DAG:read_dataset_event
[2026-01-04T12:27:14.735+0000] {logging_mixin.py:190} INFO - [2026-01-04T12:27:14.734+0000] {override.py:1911} INFO - Created Permission View: can delete on DAG:read_dataset_event
[2026-01-04T12:27:14.742+0000] {logging_mixin.py:190} INFO - [2026-01-04T12:27:14.742+0000] {override.py:1911} INFO - Created Permission View: can read on DAG Run:read_dataset_event
[2026-01-04T12:27:14.748+0000] {logging_mixin.py:190} INFO - [2026-01-04T12:27:14.747+0000] {override.py:1911} INFO - Created Permission View: menu access on DAG Run:read_dataset_event
[2026-01-04T12:27:14.753+0000] {logging_mixin.py:190} INFO - [2026-01-04T12:27:14.753+0000] {override.py:1911} INFO - Created Permission View: can create on DAG Run:read_dataset_event
[2026-01-04T12:27:14.758+0000] {logging_mixin.py:190} INFO - [2026-01-04T12:27:14.758+0000] {override.py:1911} INFO - Created Permission View: can delete on DAG Run:read_dataset_event
[2026-01-04T12:27:14.768+0000] {logging_mixin.py:190} INFO - [2026-01-04T12:27:14.768+0000] {override.py:1911} INFO - Created Permission View: can read on DAG:read_dataset_event_from_classic
[2026-01-04T12:27:14.774+0000] {logging_mixin.py:190} INFO - [2026-01-04T12:27:14.773+0000] {override.py:1911} INFO - Created Permission View: can edit on DAG:read_dataset_event_from_classic
[2026-01-04T12:27:14.779+0000] {logging_mixin.py:190} INFO - [2026-01-04T12:27:14.778+0000] {override.py:1911} INFO - Created Permission View: can delete on DAG:read_dataset_event_from_classic
[2026-01-04T12:27:14.786+0000] {logging_mixin.py:190} INFO - [2026-01-04T12:27:14.786+0000] {override.py:1911} INFO - Created Permission View: can read on DAG Run:read_dataset_event_from_classic
[2026-01-04T12:27:14.792+0000] {logging_mixin.py:190} INFO - [2026-01-04T12:27:14.791+0000] {override.py:1911} INFO - Created Permission View: menu access on DAG Run:read_dataset_event_from_classic
[2026-01-04T12:27:14.797+0000] {logging_mixin.py:190} INFO - [2026-01-04T12:27:14.796+0000] {override.py:1911} INFO - Created Permission View: can create on DAG Run:read_dataset_event_from_classic
[2026-01-04T12:27:14.802+0000] {logging_mixin.py:190} INFO - [2026-01-04T12:27:14.802+0000] {override.py:1911} INFO - Created Permission View: can delete on DAG Run:read_dataset_event_from_classic
[2026-01-04T12:27:14.802+0000] {logging_mixin.py:190} INFO - [2026-01-04T12:27:14.802+0000] {dag.py:3239} INFO - Sync 2 DAGs
[2026-01-04T12:27:14.811+0000] {logging_mixin.py:190} INFO - [2026-01-04T12:27:14.811+0000] {dag.py:3262} INFO - Creating ORM DAG for read_dataset_event_from_classic
[2026-01-04T12:27:14.811+0000] {logging_mixin.py:190} INFO - [2026-01-04T12:27:14.811+0000] {dag.py:3262} INFO - Creating ORM DAG for read_dataset_event
[2026-01-04T12:27:14.818+0000] {logging_mixin.py:190} INFO - [2026-01-04T12:27:14.818+0000] {dag.py:4180} INFO - Setting next_dagrun for read_dataset_event to 2026-01-03 00:00:00+00:00, run_after=2026-01-04 00:00:00+00:00
[2026-01-04T12:27:14.820+0000] {logging_mixin.py:190} INFO - [2026-01-04T12:27:14.820+0000] {dag.py:4180} INFO - Setting next_dagrun for read_dataset_event_from_classic to 2026-01-03 00:00:00+00:00, run_after=2026-01-04 00:00:00+00:00
[2026-01-04T12:27:14.833+0000] {processor.py:208} INFO - Processing /workspaces/f1_data_team/venv/lib/python3.12/site-packages/airflow/example_dags/example_inlet_event_extra.py took 0.671 seconds
[2026-01-04T12:28:13.641+0000] {processor.py:186} INFO - Started process (PID=25287) to work on /workspaces/f1_data_team/venv/lib/python3.12/site-packages/airflow/example_dags/example_inlet_event_extra.py
[2026-01-04T12:28:13.641+0000] {processor.py:914} INFO - Processing file /workspaces/f1_data_team/venv/lib/python3.12/site-packages/airflow/example_dags/example_inlet_event_extra.py for tasks to queue
[2026-01-04T12:28:13.643+0000] {logging_mixin.py:190} INFO - [2026-01-04T12:28:13.643+0000] {dagbag.py:588} INFO - Filling up the DagBag from /workspaces/f1_data_team/venv/lib/python3.12/site-packages/airflow/example_dags/example_inlet_event_extra.py
[2026-01-04T12:28:14.010+0000] {processor.py:925} INFO - DAG(s) 'read_dataset_event', 'read_dataset_event_from_classic' retrieved from /workspaces/f1_data_team/venv/lib/python3.12/site-packages/airflow/example_dags/example_inlet_event_extra.py
[2026-01-04T12:28:14.019+0000] {logging_mixin.py:190} INFO - [2026-01-04T12:28:14.019+0000] {dag.py:3239} INFO - Sync 2 DAGs
[2026-01-04T12:28:14.033+0000] {logging_mixin.py:190} INFO - [2026-01-04T12:28:14.033+0000] {dag.py:4180} INFO - Setting next_dagrun for read_dataset_event to 2026-01-03 00:00:00+00:00, run_after=2026-01-04 00:00:00+00:00
[2026-01-04T12:28:14.036+0000] {logging_mixin.py:190} INFO - [2026-01-04T12:28:14.036+0000] {dag.py:4180} INFO - Setting next_dagrun for read_dataset_event_from_classic to 2026-01-03 00:00:00+00:00, run_after=2026-01-04 00:00:00+00:00
[2026-01-04T12:28:14.053+0000] {processor.py:208} INFO - Processing /workspaces/f1_data_team/venv/lib/python3.12/site-packages/airflow/example_dags/example_inlet_event_extra.py took 0.418 seconds
[2026-01-04T12:29:11.439+0000] {processor.py:186} INFO - Started process (PID=26352) to work on /workspaces/f1_data_team/venv/lib/python3.12/site-packages/airflow/example_dags/example_inlet_event_extra.py
[2026-01-04T12:29:11.440+0000] {processor.py:914} INFO - Processing file /workspaces/f1_data_team/venv/lib/python3.12/site-packages/airflow/example_dags/example_inlet_event_extra.py for tasks to queue
[2026-01-04T12:29:11.442+0000] {logging_mixin.py:190} INFO - [2026-01-04T12:29:11.441+0000] {dagbag.py:588} INFO - Filling up the DagBag from /workspaces/f1_data_team/venv/lib/python3.12/site-packages/airflow/example_dags/example_inlet_event_extra.py
[2026-01-04T12:29:11.787+0000] {processor.py:925} INFO - DAG(s) 'read_dataset_event_from_classic', 'read_dataset_event' retrieved from /workspaces/f1_data_team/venv/lib/python3.12/site-packages/airflow/example_dags/example_inlet_event_extra.py
[2026-01-04T12:29:11.798+0000] {logging_mixin.py:190} INFO - [2026-01-04T12:29:11.798+0000] {dag.py:3239} INFO - Sync 2 DAGs
[2026-01-04T12:29:11.811+0000] {logging_mixin.py:190} INFO - [2026-01-04T12:29:11.811+0000] {dag.py:4180} INFO - Setting next_dagrun for read_dataset_event to 2026-01-03 00:00:00+00:00, run_after=2026-01-04 00:00:00+00:00
[2026-01-04T12:29:11.814+0000] {logging_mixin.py:190} INFO - [2026-01-04T12:29:11.814+0000] {dag.py:4180} INFO - Setting next_dagrun for read_dataset_event_from_classic to 2026-01-03 00:00:00+00:00, run_after=2026-01-04 00:00:00+00:00
[2026-01-04T12:29:11.827+0000] {processor.py:208} INFO - Processing /workspaces/f1_data_team/venv/lib/python3.12/site-packages/airflow/example_dags/example_inlet_event_extra.py took 0.394 seconds
[2026-01-04T12:30:51.895+0000] {processor.py:186} INFO - Started process (PID=27853) to work on /workspaces/f1_data_team/venv/lib/python3.12/site-packages/airflow/example_dags/example_inlet_event_extra.py
[2026-01-04T12:30:51.895+0000] {processor.py:914} INFO - Processing file /workspaces/f1_data_team/venv/lib/python3.12/site-packages/airflow/example_dags/example_inlet_event_extra.py for tasks to queue
[2026-01-04T12:30:51.898+0000] {logging_mixin.py:190} INFO - [2026-01-04T12:30:51.897+0000] {dagbag.py:588} INFO - Filling up the DagBag from /workspaces/f1_data_team/venv/lib/python3.12/site-packages/airflow/example_dags/example_inlet_event_extra.py
[2026-01-04T12:30:52.295+0000] {processor.py:925} INFO - DAG(s) 'read_dataset_event_from_classic', 'read_dataset_event' retrieved from /workspaces/f1_data_team/venv/lib/python3.12/site-packages/airflow/example_dags/example_inlet_event_extra.py
[2026-01-04T12:30:52.313+0000] {logging_mixin.py:190} INFO - [2026-01-04T12:30:52.313+0000] {dag.py:3239} INFO - Sync 2 DAGs
[2026-01-04T12:30:52.334+0000] {logging_mixin.py:190} INFO - [2026-01-04T12:30:52.333+0000] {dag.py:4180} INFO - Setting next_dagrun for read_dataset_event to 2026-01-03 00:00:00+00:00, run_after=2026-01-04 00:00:00+00:00
[2026-01-04T12:30:52.341+0000] {logging_mixin.py:190} INFO - [2026-01-04T12:30:52.340+0000] {dag.py:4180} INFO - Setting next_dagrun for read_dataset_event_from_classic to 2026-01-03 00:00:00+00:00, run_after=2026-01-04 00:00:00+00:00
[2026-01-04T12:30:52.358+0000] {processor.py:208} INFO - Processing /workspaces/f1_data_team/venv/lib/python3.12/site-packages/airflow/example_dags/example_inlet_event_extra.py took 0.469 seconds
[2026-01-04T12:31:51.300+0000] {processor.py:186} INFO - Started process (PID=28851) to work on /workspaces/f1_data_team/venv/lib/python3.12/site-packages/airflow/example_dags/example_inlet_event_extra.py
[2026-01-04T12:31:51.300+0000] {processor.py:914} INFO - Processing file /workspaces/f1_data_team/venv/lib/python3.12/site-packages/airflow/example_dags/example_inlet_event_extra.py for tasks to queue
[2026-01-04T12:31:51.303+0000] {logging_mixin.py:190} INFO - [2026-01-04T12:31:51.302+0000] {dagbag.py:588} INFO - Filling up the DagBag from /workspaces/f1_data_team/venv/lib/python3.12/site-packages/airflow/example_dags/example_inlet_event_extra.py
[2026-01-04T12:31:51.637+0000] {processor.py:925} INFO - DAG(s) 'read_dataset_event_from_classic', 'read_dataset_event' retrieved from /workspaces/f1_data_team/venv/lib/python3.12/site-packages/airflow/example_dags/example_inlet_event_extra.py
[2026-01-04T12:31:51.647+0000] {logging_mixin.py:190} INFO - [2026-01-04T12:31:51.647+0000] {dag.py:3239} INFO - Sync 2 DAGs
[2026-01-04T12:31:51.660+0000] {logging_mixin.py:190} INFO - [2026-01-04T12:31:51.660+0000] {dag.py:4180} INFO - Setting next_dagrun for read_dataset_event to 2026-01-03 00:00:00+00:00, run_after=2026-01-04 00:00:00+00:00
[2026-01-04T12:31:51.663+0000] {logging_mixin.py:190} INFO - [2026-01-04T12:31:51.663+0000] {dag.py:4180} INFO - Setting next_dagrun for read_dataset_event_from_classic to 2026-01-03 00:00:00+00:00, run_after=2026-01-04 00:00:00+00:00
[2026-01-04T12:31:51.675+0000] {processor.py:208} INFO - Processing /workspaces/f1_data_team/venv/lib/python3.12/site-packages/airflow/example_dags/example_inlet_event_extra.py took 0.382 seconds
[2026-01-04T12:32:57.480+0000] {processor.py:186} INFO - Started process (PID=29997) to work on /workspaces/f1_data_team/venv/lib/python3.12/site-packages/airflow/example_dags/example_inlet_event_extra.py
[2026-01-04T12:32:57.481+0000] {processor.py:914} INFO - Processing file /workspaces/f1_data_team/venv/lib/python3.12/site-packages/airflow/example_dags/example_inlet_event_extra.py for tasks to queue
[2026-01-04T12:32:57.483+0000] {logging_mixin.py:190} INFO - [2026-01-04T12:32:57.482+0000] {dagbag.py:588} INFO - Filling up the DagBag from /workspaces/f1_data_team/venv/lib/python3.12/site-packages/airflow/example_dags/example_inlet_event_extra.py
[2026-01-04T12:32:57.493+0000] {processor.py:925} INFO - DAG(s) 'read_dataset_event_from_classic', 'read_dataset_event' retrieved from /workspaces/f1_data_team/venv/lib/python3.12/site-packages/airflow/example_dags/example_inlet_event_extra.py
[2026-01-04T12:32:57.508+0000] {logging_mixin.py:190} INFO - [2026-01-04T12:32:57.508+0000] {dag.py:3239} INFO - Sync 2 DAGs
[2026-01-04T12:32:57.524+0000] {logging_mixin.py:190} INFO - [2026-01-04T12:32:57.523+0000] {dag.py:4180} INFO - Setting next_dagrun for read_dataset_event to 2026-01-03 00:00:00+00:00, run_after=2026-01-04 00:00:00+00:00
[2026-01-04T12:32:57.527+0000] {logging_mixin.py:190} INFO - [2026-01-04T12:32:57.527+0000] {dag.py:4180} INFO - Setting next_dagrun for read_dataset_event_from_classic to 2026-01-03 00:00:00+00:00, run_after=2026-01-04 00:00:00+00:00
[2026-01-04T12:32:57.541+0000] {processor.py:208} INFO - Processing /workspaces/f1_data_team/venv/lib/python3.12/site-packages/airflow/example_dags/example_inlet_event_extra.py took 0.065 seconds
[2026-01-04T12:34:01.538+0000] {processor.py:186} INFO - Started process (PID=30801) to work on /workspaces/f1_data_team/venv/lib/python3.12/site-packages/airflow/example_dags/example_inlet_event_extra.py
[2026-01-04T12:34:01.538+0000] {processor.py:914} INFO - Processing file /workspaces/f1_data_team/venv/lib/python3.12/site-packages/airflow/example_dags/example_inlet_event_extra.py for tasks to queue
[2026-01-04T12:34:01.541+0000] {logging_mixin.py:190} INFO - [2026-01-04T12:34:01.540+0000] {dagbag.py:588} INFO - Filling up the DagBag from /workspaces/f1_data_team/venv/lib/python3.12/site-packages/airflow/example_dags/example_inlet_event_extra.py
[2026-01-04T12:34:01.551+0000] {processor.py:925} INFO - DAG(s) 'read_dataset_event_from_classic', 'read_dataset_event' retrieved from /workspaces/f1_data_team/venv/lib/python3.12/site-packages/airflow/example_dags/example_inlet_event_extra.py
[2026-01-04T12:34:01.564+0000] {logging_mixin.py:190} INFO - [2026-01-04T12:34:01.564+0000] {dag.py:3239} INFO - Sync 2 DAGs
[2026-01-04T12:34:01.580+0000] {logging_mixin.py:190} INFO - [2026-01-04T12:34:01.580+0000] {dag.py:4180} INFO - Setting next_dagrun for read_dataset_event to 2026-01-03 00:00:00+00:00, run_after=2026-01-04 00:00:00+00:00
[2026-01-04T12:34:01.583+0000] {logging_mixin.py:190} INFO - [2026-01-04T12:34:01.583+0000] {dag.py:4180} INFO - Setting next_dagrun for read_dataset_event_from_classic to 2026-01-03 00:00:00+00:00, run_after=2026-01-04 00:00:00+00:00
[2026-01-04T12:34:01.596+0000] {processor.py:208} INFO - Processing /workspaces/f1_data_team/venv/lib/python3.12/site-packages/airflow/example_dags/example_inlet_event_extra.py took 0.064 seconds
[2026-01-04T12:34:56.278+0000] {processor.py:186} INFO - Started process (PID=31369) to work on /workspaces/f1_data_team/venv/lib/python3.12/site-packages/airflow/example_dags/example_inlet_event_extra.py
[2026-01-04T12:34:56.279+0000] {processor.py:914} INFO - Processing file /workspaces/f1_data_team/venv/lib/python3.12/site-packages/airflow/example_dags/example_inlet_event_extra.py for tasks to queue
[2026-01-04T12:34:56.281+0000] {logging_mixin.py:190} INFO - [2026-01-04T12:34:56.281+0000] {dagbag.py:588} INFO - Filling up the DagBag from /workspaces/f1_data_team/venv/lib/python3.12/site-packages/airflow/example_dags/example_inlet_event_extra.py
[2026-01-04T12:34:56.295+0000] {processor.py:925} INFO - DAG(s) 'read_dataset_event_from_classic', 'read_dataset_event' retrieved from /workspaces/f1_data_team/venv/lib/python3.12/site-packages/airflow/example_dags/example_inlet_event_extra.py
[2026-01-04T12:34:56.314+0000] {logging_mixin.py:190} INFO - [2026-01-04T12:34:56.313+0000] {dag.py:3239} INFO - Sync 2 DAGs
[2026-01-04T12:34:56.329+0000] {logging_mixin.py:190} INFO - [2026-01-04T12:34:56.329+0000] {dag.py:4180} INFO - Setting next_dagrun for read_dataset_event to 2026-01-03 00:00:00+00:00, run_after=2026-01-04 00:00:00+00:00
[2026-01-04T12:34:56.333+0000] {logging_mixin.py:190} INFO - [2026-01-04T12:34:56.332+0000] {dag.py:4180} INFO - Setting next_dagrun for read_dataset_event_from_classic to 2026-01-03 00:00:00+00:00, run_after=2026-01-04 00:00:00+00:00
[2026-01-04T12:34:56.345+0000] {processor.py:208} INFO - Processing /workspaces/f1_data_team/venv/lib/python3.12/site-packages/airflow/example_dags/example_inlet_event_extra.py took 0.071 seconds
[2026-01-04T12:35:52.188+0000] {processor.py:186} INFO - Started process (PID=31980) to work on /workspaces/f1_data_team/venv/lib/python3.12/site-packages/airflow/example_dags/example_inlet_event_extra.py
[2026-01-04T12:35:52.188+0000] {processor.py:914} INFO - Processing file /workspaces/f1_data_team/venv/lib/python3.12/site-packages/airflow/example_dags/example_inlet_event_extra.py for tasks to queue
[2026-01-04T12:35:52.191+0000] {logging_mixin.py:190} INFO - [2026-01-04T12:35:52.190+0000] {dagbag.py:588} INFO - Filling up the DagBag from /workspaces/f1_data_team/venv/lib/python3.12/site-packages/airflow/example_dags/example_inlet_event_extra.py
[2026-01-04T12:35:52.202+0000] {processor.py:925} INFO - DAG(s) 'read_dataset_event', 'read_dataset_event_from_classic' retrieved from /workspaces/f1_data_team/venv/lib/python3.12/site-packages/airflow/example_dags/example_inlet_event_extra.py
[2026-01-04T12:35:52.215+0000] {logging_mixin.py:190} INFO - [2026-01-04T12:35:52.214+0000] {dag.py:3239} INFO - Sync 2 DAGs
[2026-01-04T12:35:52.231+0000] {logging_mixin.py:190} INFO - [2026-01-04T12:35:52.231+0000] {dag.py:4180} INFO - Setting next_dagrun for read_dataset_event to 2026-01-03 00:00:00+00:00, run_after=2026-01-04 00:00:00+00:00
[2026-01-04T12:35:52.234+0000] {logging_mixin.py:190} INFO - [2026-01-04T12:35:52.234+0000] {dag.py:4180} INFO - Setting next_dagrun for read_dataset_event_from_classic to 2026-01-03 00:00:00+00:00, run_after=2026-01-04 00:00:00+00:00
[2026-01-04T12:35:52.247+0000] {processor.py:208} INFO - Processing /workspaces/f1_data_team/venv/lib/python3.12/site-packages/airflow/example_dags/example_inlet_event_extra.py took 0.064 seconds
[2026-01-04T12:36:45.103+0000] {processor.py:186} INFO - Started process (PID=32513) to work on /workspaces/f1_data_team/venv/lib/python3.12/site-packages/airflow/example_dags/example_inlet_event_extra.py
[2026-01-04T12:36:45.105+0000] {processor.py:914} INFO - Processing file /workspaces/f1_data_team/venv/lib/python3.12/site-packages/airflow/example_dags/example_inlet_event_extra.py for tasks to queue
[2026-01-04T12:36:45.107+0000] {logging_mixin.py:190} INFO - [2026-01-04T12:36:45.107+0000] {dagbag.py:588} INFO - Filling up the DagBag from /workspaces/f1_data_team/venv/lib/python3.12/site-packages/airflow/example_dags/example_inlet_event_extra.py
[2026-01-04T12:36:45.118+0000] {processor.py:925} INFO - DAG(s) 'read_dataset_event_from_classic', 'read_dataset_event' retrieved from /workspaces/f1_data_team/venv/lib/python3.12/site-packages/airflow/example_dags/example_inlet_event_extra.py
[2026-01-04T12:36:45.132+0000] {logging_mixin.py:190} INFO - [2026-01-04T12:36:45.132+0000] {dag.py:3239} INFO - Sync 2 DAGs
[2026-01-04T12:36:45.148+0000] {logging_mixin.py:190} INFO - [2026-01-04T12:36:45.148+0000] {dag.py:4180} INFO - Setting next_dagrun for read_dataset_event to 2026-01-03 00:00:00+00:00, run_after=2026-01-04 00:00:00+00:00
[2026-01-04T12:36:45.151+0000] {logging_mixin.py:190} INFO - [2026-01-04T12:36:45.151+0000] {dag.py:4180} INFO - Setting next_dagrun for read_dataset_event_from_classic to 2026-01-03 00:00:00+00:00, run_after=2026-01-04 00:00:00+00:00
[2026-01-04T12:36:45.163+0000] {processor.py:208} INFO - Processing /workspaces/f1_data_team/venv/lib/python3.12/site-packages/airflow/example_dags/example_inlet_event_extra.py took 0.067 seconds
[2026-01-04T12:37:37.172+0000] {processor.py:186} INFO - Started process (PID=33177) to work on /workspaces/f1_data_team/venv/lib/python3.12/site-packages/airflow/example_dags/example_inlet_event_extra.py
[2026-01-04T12:37:37.173+0000] {processor.py:914} INFO - Processing file /workspaces/f1_data_team/venv/lib/python3.12/site-packages/airflow/example_dags/example_inlet_event_extra.py for tasks to queue
[2026-01-04T12:37:37.175+0000] {logging_mixin.py:190} INFO - [2026-01-04T12:37:37.174+0000] {dagbag.py:588} INFO - Filling up the DagBag from /workspaces/f1_data_team/venv/lib/python3.12/site-packages/airflow/example_dags/example_inlet_event_extra.py
[2026-01-04T12:37:37.185+0000] {processor.py:925} INFO - DAG(s) 'read_dataset_event', 'read_dataset_event_from_classic' retrieved from /workspaces/f1_data_team/venv/lib/python3.12/site-packages/airflow/example_dags/example_inlet_event_extra.py
[2026-01-04T12:37:37.198+0000] {logging_mixin.py:190} INFO - [2026-01-04T12:37:37.198+0000] {dag.py:3239} INFO - Sync 2 DAGs
[2026-01-04T12:37:37.214+0000] {logging_mixin.py:190} INFO - [2026-01-04T12:37:37.214+0000] {dag.py:4180} INFO - Setting next_dagrun for read_dataset_event to 2026-01-03 00:00:00+00:00, run_after=2026-01-04 00:00:00+00:00
[2026-01-04T12:37:37.217+0000] {logging_mixin.py:190} INFO - [2026-01-04T12:37:37.217+0000] {dag.py:4180} INFO - Setting next_dagrun for read_dataset_event_from_classic to 2026-01-03 00:00:00+00:00, run_after=2026-01-04 00:00:00+00:00
[2026-01-04T12:37:37.230+0000] {processor.py:208} INFO - Processing /workspaces/f1_data_team/venv/lib/python3.12/site-packages/airflow/example_dags/example_inlet_event_extra.py took 0.063 seconds
[2026-01-04T12:38:30.834+0000] {processor.py:186} INFO - Started process (PID=33917) to work on /workspaces/f1_data_team/venv/lib/python3.12/site-packages/airflow/example_dags/example_inlet_event_extra.py
[2026-01-04T12:38:30.835+0000] {processor.py:914} INFO - Processing file /workspaces/f1_data_team/venv/lib/python3.12/site-packages/airflow/example_dags/example_inlet_event_extra.py for tasks to queue
[2026-01-04T12:38:30.837+0000] {logging_mixin.py:190} INFO - [2026-01-04T12:38:30.836+0000] {dagbag.py:588} INFO - Filling up the DagBag from /workspaces/f1_data_team/venv/lib/python3.12/site-packages/airflow/example_dags/example_inlet_event_extra.py
[2026-01-04T12:38:30.848+0000] {processor.py:925} INFO - DAG(s) 'read_dataset_event', 'read_dataset_event_from_classic' retrieved from /workspaces/f1_data_team/venv/lib/python3.12/site-packages/airflow/example_dags/example_inlet_event_extra.py
[2026-01-04T12:38:30.861+0000] {logging_mixin.py:190} INFO - [2026-01-04T12:38:30.861+0000] {dag.py:3239} INFO - Sync 2 DAGs
[2026-01-04T12:38:30.877+0000] {logging_mixin.py:190} INFO - [2026-01-04T12:38:30.876+0000] {dag.py:4180} INFO - Setting next_dagrun for read_dataset_event to 2026-01-03 00:00:00+00:00, run_after=2026-01-04 00:00:00+00:00
[2026-01-04T12:38:30.880+0000] {logging_mixin.py:190} INFO - [2026-01-04T12:38:30.880+0000] {dag.py:4180} INFO - Setting next_dagrun for read_dataset_event_from_classic to 2026-01-03 00:00:00+00:00, run_after=2026-01-04 00:00:00+00:00
[2026-01-04T12:38:30.893+0000] {processor.py:208} INFO - Processing /workspaces/f1_data_team/venv/lib/python3.12/site-packages/airflow/example_dags/example_inlet_event_extra.py took 0.064 seconds
[2026-01-04T12:39:22.842+0000] {processor.py:186} INFO - Started process (PID=34395) to work on /workspaces/f1_data_team/venv/lib/python3.12/site-packages/airflow/example_dags/example_inlet_event_extra.py
[2026-01-04T12:39:22.846+0000] {processor.py:914} INFO - Processing file /workspaces/f1_data_team/venv/lib/python3.12/site-packages/airflow/example_dags/example_inlet_event_extra.py for tasks to queue
[2026-01-04T12:39:22.850+0000] {logging_mixin.py:190} INFO - [2026-01-04T12:39:22.850+0000] {dagbag.py:588} INFO - Filling up the DagBag from /workspaces/f1_data_team/venv/lib/python3.12/site-packages/airflow/example_dags/example_inlet_event_extra.py
[2026-01-04T12:39:22.905+0000] {processor.py:925} INFO - DAG(s) 'read_dataset_event_from_classic', 'read_dataset_event' retrieved from /workspaces/f1_data_team/venv/lib/python3.12/site-packages/airflow/example_dags/example_inlet_event_extra.py
[2026-01-04T12:39:22.959+0000] {logging_mixin.py:190} INFO - [2026-01-04T12:39:22.959+0000] {dag.py:3239} INFO - Sync 2 DAGs
[2026-01-04T12:39:23.038+0000] {logging_mixin.py:190} INFO - [2026-01-04T12:39:23.038+0000] {dag.py:4180} INFO - Setting next_dagrun for read_dataset_event to 2026-01-03 00:00:00+00:00, run_after=2026-01-04 00:00:00+00:00
[2026-01-04T12:39:23.065+0000] {logging_mixin.py:190} INFO - [2026-01-04T12:39:23.065+0000] {dag.py:4180} INFO - Setting next_dagrun for read_dataset_event_from_classic to 2026-01-03 00:00:00+00:00, run_after=2026-01-04 00:00:00+00:00
[2026-01-04T12:39:23.145+0000] {processor.py:208} INFO - Processing /workspaces/f1_data_team/venv/lib/python3.12/site-packages/airflow/example_dags/example_inlet_event_extra.py took 0.325 seconds
[2026-01-04T12:40:16.013+0000] {processor.py:186} INFO - Started process (PID=34858) to work on /workspaces/f1_data_team/venv/lib/python3.12/site-packages/airflow/example_dags/example_inlet_event_extra.py
[2026-01-04T12:40:16.014+0000] {processor.py:914} INFO - Processing file /workspaces/f1_data_team/venv/lib/python3.12/site-packages/airflow/example_dags/example_inlet_event_extra.py for tasks to queue
[2026-01-04T12:40:16.016+0000] {logging_mixin.py:190} INFO - [2026-01-04T12:40:16.015+0000] {dagbag.py:588} INFO - Filling up the DagBag from /workspaces/f1_data_team/venv/lib/python3.12/site-packages/airflow/example_dags/example_inlet_event_extra.py
[2026-01-04T12:40:16.027+0000] {processor.py:925} INFO - DAG(s) 'read_dataset_event_from_classic', 'read_dataset_event' retrieved from /workspaces/f1_data_team/venv/lib/python3.12/site-packages/airflow/example_dags/example_inlet_event_extra.py
[2026-01-04T12:40:16.040+0000] {logging_mixin.py:190} INFO - [2026-01-04T12:40:16.040+0000] {dag.py:3239} INFO - Sync 2 DAGs
[2026-01-04T12:40:16.058+0000] {logging_mixin.py:190} INFO - [2026-01-04T12:40:16.058+0000] {dag.py:4180} INFO - Setting next_dagrun for read_dataset_event to 2026-01-03 00:00:00+00:00, run_after=2026-01-04 00:00:00+00:00
[2026-01-04T12:40:16.061+0000] {logging_mixin.py:190} INFO - [2026-01-04T12:40:16.061+0000] {dag.py:4180} INFO - Setting next_dagrun for read_dataset_event_from_classic to 2026-01-03 00:00:00+00:00, run_after=2026-01-04 00:00:00+00:00
[2026-01-04T12:40:16.075+0000] {processor.py:208} INFO - Processing /workspaces/f1_data_team/venv/lib/python3.12/site-packages/airflow/example_dags/example_inlet_event_extra.py took 0.067 seconds
[2026-01-04T12:41:57.224+0000] {processor.py:186} INFO - Started process (PID=36197) to work on /workspaces/f1_data_team/venv/lib/python3.12/site-packages/airflow/example_dags/example_inlet_event_extra.py
[2026-01-04T12:41:57.224+0000] {processor.py:914} INFO - Processing file /workspaces/f1_data_team/venv/lib/python3.12/site-packages/airflow/example_dags/example_inlet_event_extra.py for tasks to queue
[2026-01-04T12:41:57.226+0000] {logging_mixin.py:190} INFO - [2026-01-04T12:41:57.226+0000] {dagbag.py:588} INFO - Filling up the DagBag from /workspaces/f1_data_team/venv/lib/python3.12/site-packages/airflow/example_dags/example_inlet_event_extra.py
[2026-01-04T12:41:57.237+0000] {processor.py:925} INFO - DAG(s) 'read_dataset_event', 'read_dataset_event_from_classic' retrieved from /workspaces/f1_data_team/venv/lib/python3.12/site-packages/airflow/example_dags/example_inlet_event_extra.py
[2026-01-04T12:41:57.251+0000] {logging_mixin.py:190} INFO - [2026-01-04T12:41:57.251+0000] {dag.py:3239} INFO - Sync 2 DAGs
[2026-01-04T12:41:57.267+0000] {logging_mixin.py:190} INFO - [2026-01-04T12:41:57.267+0000] {dag.py:4180} INFO - Setting next_dagrun for read_dataset_event to 2026-01-03 00:00:00+00:00, run_after=2026-01-04 00:00:00+00:00
[2026-01-04T12:41:57.270+0000] {logging_mixin.py:190} INFO - [2026-01-04T12:41:57.270+0000] {dag.py:4180} INFO - Setting next_dagrun for read_dataset_event_from_classic to 2026-01-03 00:00:00+00:00, run_after=2026-01-04 00:00:00+00:00
[2026-01-04T12:41:57.283+0000] {processor.py:208} INFO - Processing /workspaces/f1_data_team/venv/lib/python3.12/site-packages/airflow/example_dags/example_inlet_event_extra.py took 0.064 seconds
[2026-01-04T12:43:08.698+0000] {processor.py:186} INFO - Started process (PID=37244) to work on /workspaces/f1_data_team/venv/lib/python3.12/site-packages/airflow/example_dags/example_inlet_event_extra.py
[2026-01-04T12:43:08.699+0000] {processor.py:914} INFO - Processing file /workspaces/f1_data_team/venv/lib/python3.12/site-packages/airflow/example_dags/example_inlet_event_extra.py for tasks to queue
[2026-01-04T12:43:08.701+0000] {logging_mixin.py:190} INFO - [2026-01-04T12:43:08.701+0000] {dagbag.py:588} INFO - Filling up the DagBag from /workspaces/f1_data_team/venv/lib/python3.12/site-packages/airflow/example_dags/example_inlet_event_extra.py
[2026-01-04T12:43:08.712+0000] {processor.py:925} INFO - DAG(s) 'read_dataset_event_from_classic', 'read_dataset_event' retrieved from /workspaces/f1_data_team/venv/lib/python3.12/site-packages/airflow/example_dags/example_inlet_event_extra.py
[2026-01-04T12:43:08.726+0000] {logging_mixin.py:190} INFO - [2026-01-04T12:43:08.725+0000] {dag.py:3239} INFO - Sync 2 DAGs
[2026-01-04T12:43:08.742+0000] {logging_mixin.py:190} INFO - [2026-01-04T12:43:08.742+0000] {dag.py:4180} INFO - Setting next_dagrun for read_dataset_event to 2026-01-03 00:00:00+00:00, run_after=2026-01-04 00:00:00+00:00
[2026-01-04T12:43:08.745+0000] {logging_mixin.py:190} INFO - [2026-01-04T12:43:08.745+0000] {dag.py:4180} INFO - Setting next_dagrun for read_dataset_event_from_classic to 2026-01-03 00:00:00+00:00, run_after=2026-01-04 00:00:00+00:00
[2026-01-04T12:43:08.758+0000] {processor.py:208} INFO - Processing /workspaces/f1_data_team/venv/lib/python3.12/site-packages/airflow/example_dags/example_inlet_event_extra.py took 0.064 seconds
[2026-01-04T12:44:04.170+0000] {processor.py:186} INFO - Started process (PID=37869) to work on /workspaces/f1_data_team/venv/lib/python3.12/site-packages/airflow/example_dags/example_inlet_event_extra.py
[2026-01-04T12:44:04.171+0000] {processor.py:914} INFO - Processing file /workspaces/f1_data_team/venv/lib/python3.12/site-packages/airflow/example_dags/example_inlet_event_extra.py for tasks to queue
[2026-01-04T12:44:04.173+0000] {logging_mixin.py:190} INFO - [2026-01-04T12:44:04.172+0000] {dagbag.py:588} INFO - Filling up the DagBag from /workspaces/f1_data_team/venv/lib/python3.12/site-packages/airflow/example_dags/example_inlet_event_extra.py
[2026-01-04T12:44:04.184+0000] {processor.py:925} INFO - DAG(s) 'read_dataset_event', 'read_dataset_event_from_classic' retrieved from /workspaces/f1_data_team/venv/lib/python3.12/site-packages/airflow/example_dags/example_inlet_event_extra.py
[2026-01-04T12:44:04.197+0000] {logging_mixin.py:190} INFO - [2026-01-04T12:44:04.197+0000] {dag.py:3239} INFO - Sync 2 DAGs
[2026-01-04T12:44:04.213+0000] {logging_mixin.py:190} INFO - [2026-01-04T12:44:04.213+0000] {dag.py:4180} INFO - Setting next_dagrun for read_dataset_event to 2026-01-03 00:00:00+00:00, run_after=2026-01-04 00:00:00+00:00
[2026-01-04T12:44:04.217+0000] {logging_mixin.py:190} INFO - [2026-01-04T12:44:04.217+0000] {dag.py:4180} INFO - Setting next_dagrun for read_dataset_event_from_classic to 2026-01-03 00:00:00+00:00, run_after=2026-01-04 00:00:00+00:00
[2026-01-04T12:44:04.230+0000] {processor.py:208} INFO - Processing /workspaces/f1_data_team/venv/lib/python3.12/site-packages/airflow/example_dags/example_inlet_event_extra.py took 0.064 seconds
[2026-01-04T12:44:59.441+0000] {processor.py:186} INFO - Started process (PID=38790) to work on /workspaces/f1_data_team/venv/lib/python3.12/site-packages/airflow/example_dags/example_inlet_event_extra.py
[2026-01-04T12:44:59.442+0000] {processor.py:914} INFO - Processing file /workspaces/f1_data_team/venv/lib/python3.12/site-packages/airflow/example_dags/example_inlet_event_extra.py for tasks to queue
[2026-01-04T12:44:59.444+0000] {logging_mixin.py:190} INFO - [2026-01-04T12:44:59.444+0000] {dagbag.py:588} INFO - Filling up the DagBag from /workspaces/f1_data_team/venv/lib/python3.12/site-packages/airflow/example_dags/example_inlet_event_extra.py
[2026-01-04T12:44:59.455+0000] {processor.py:925} INFO - DAG(s) 'read_dataset_event_from_classic', 'read_dataset_event' retrieved from /workspaces/f1_data_team/venv/lib/python3.12/site-packages/airflow/example_dags/example_inlet_event_extra.py
[2026-01-04T12:44:59.468+0000] {logging_mixin.py:190} INFO - [2026-01-04T12:44:59.468+0000] {dag.py:3239} INFO - Sync 2 DAGs
[2026-01-04T12:44:59.484+0000] {logging_mixin.py:190} INFO - [2026-01-04T12:44:59.484+0000] {dag.py:4180} INFO - Setting next_dagrun for read_dataset_event to 2026-01-03 00:00:00+00:00, run_after=2026-01-04 00:00:00+00:00
[2026-01-04T12:44:59.487+0000] {logging_mixin.py:190} INFO - [2026-01-04T12:44:59.487+0000] {dag.py:4180} INFO - Setting next_dagrun for read_dataset_event_from_classic to 2026-01-03 00:00:00+00:00, run_after=2026-01-04 00:00:00+00:00
[2026-01-04T12:44:59.500+0000] {processor.py:208} INFO - Processing /workspaces/f1_data_team/venv/lib/python3.12/site-packages/airflow/example_dags/example_inlet_event_extra.py took 0.063 seconds
[2026-01-04T12:46:03.128+0000] {processor.py:186} INFO - Started process (PID=39665) to work on /workspaces/f1_data_team/venv/lib/python3.12/site-packages/airflow/example_dags/example_inlet_event_extra.py
[2026-01-04T12:46:03.128+0000] {processor.py:914} INFO - Processing file /workspaces/f1_data_team/venv/lib/python3.12/site-packages/airflow/example_dags/example_inlet_event_extra.py for tasks to queue
[2026-01-04T12:46:03.130+0000] {logging_mixin.py:190} INFO - [2026-01-04T12:46:03.130+0000] {dagbag.py:588} INFO - Filling up the DagBag from /workspaces/f1_data_team/venv/lib/python3.12/site-packages/airflow/example_dags/example_inlet_event_extra.py
[2026-01-04T12:46:03.141+0000] {processor.py:925} INFO - DAG(s) 'read_dataset_event', 'read_dataset_event_from_classic' retrieved from /workspaces/f1_data_team/venv/lib/python3.12/site-packages/airflow/example_dags/example_inlet_event_extra.py
[2026-01-04T12:46:03.154+0000] {logging_mixin.py:190} INFO - [2026-01-04T12:46:03.154+0000] {dag.py:3239} INFO - Sync 2 DAGs
[2026-01-04T12:46:03.170+0000] {logging_mixin.py:190} INFO - [2026-01-04T12:46:03.170+0000] {dag.py:4180} INFO - Setting next_dagrun for read_dataset_event to 2026-01-03 00:00:00+00:00, run_after=2026-01-04 00:00:00+00:00
[2026-01-04T12:46:03.173+0000] {logging_mixin.py:190} INFO - [2026-01-04T12:46:03.173+0000] {dag.py:4180} INFO - Setting next_dagrun for read_dataset_event_from_classic to 2026-01-03 00:00:00+00:00, run_after=2026-01-04 00:00:00+00:00
[2026-01-04T12:46:03.188+0000] {processor.py:208} INFO - Processing /workspaces/f1_data_team/venv/lib/python3.12/site-packages/airflow/example_dags/example_inlet_event_extra.py took 0.065 seconds
[2026-01-04T12:46:54.338+0000] {processor.py:186} INFO - Started process (PID=40205) to work on /workspaces/f1_data_team/venv/lib/python3.12/site-packages/airflow/example_dags/example_inlet_event_extra.py
[2026-01-04T12:46:54.339+0000] {processor.py:914} INFO - Processing file /workspaces/f1_data_team/venv/lib/python3.12/site-packages/airflow/example_dags/example_inlet_event_extra.py for tasks to queue
[2026-01-04T12:46:54.341+0000] {logging_mixin.py:190} INFO - [2026-01-04T12:46:54.340+0000] {dagbag.py:588} INFO - Filling up the DagBag from /workspaces/f1_data_team/venv/lib/python3.12/site-packages/airflow/example_dags/example_inlet_event_extra.py
[2026-01-04T12:46:54.352+0000] {processor.py:925} INFO - DAG(s) 'read_dataset_event_from_classic', 'read_dataset_event' retrieved from /workspaces/f1_data_team/venv/lib/python3.12/site-packages/airflow/example_dags/example_inlet_event_extra.py
[2026-01-04T12:46:54.365+0000] {logging_mixin.py:190} INFO - [2026-01-04T12:46:54.365+0000] {dag.py:3239} INFO - Sync 2 DAGs
[2026-01-04T12:46:54.381+0000] {logging_mixin.py:190} INFO - [2026-01-04T12:46:54.381+0000] {dag.py:4180} INFO - Setting next_dagrun for read_dataset_event to 2026-01-03 00:00:00+00:00, run_after=2026-01-04 00:00:00+00:00
[2026-01-04T12:46:54.385+0000] {logging_mixin.py:190} INFO - [2026-01-04T12:46:54.384+0000] {dag.py:4180} INFO - Setting next_dagrun for read_dataset_event_from_classic to 2026-01-03 00:00:00+00:00, run_after=2026-01-04 00:00:00+00:00
[2026-01-04T12:46:54.404+0000] {processor.py:208} INFO - Processing /workspaces/f1_data_team/venv/lib/python3.12/site-packages/airflow/example_dags/example_inlet_event_extra.py took 0.071 seconds
[2026-01-04T12:47:46.142+0000] {processor.py:186} INFO - Started process (PID=40714) to work on /workspaces/f1_data_team/venv/lib/python3.12/site-packages/airflow/example_dags/example_inlet_event_extra.py
[2026-01-04T12:47:46.143+0000] {processor.py:914} INFO - Processing file /workspaces/f1_data_team/venv/lib/python3.12/site-packages/airflow/example_dags/example_inlet_event_extra.py for tasks to queue
[2026-01-04T12:47:46.145+0000] {logging_mixin.py:190} INFO - [2026-01-04T12:47:46.145+0000] {dagbag.py:588} INFO - Filling up the DagBag from /workspaces/f1_data_team/venv/lib/python3.12/site-packages/airflow/example_dags/example_inlet_event_extra.py
[2026-01-04T12:47:46.156+0000] {processor.py:925} INFO - DAG(s) 'read_dataset_event', 'read_dataset_event_from_classic' retrieved from /workspaces/f1_data_team/venv/lib/python3.12/site-packages/airflow/example_dags/example_inlet_event_extra.py
[2026-01-04T12:47:46.169+0000] {logging_mixin.py:190} INFO - [2026-01-04T12:47:46.169+0000] {dag.py:3239} INFO - Sync 2 DAGs
[2026-01-04T12:47:46.185+0000] {logging_mixin.py:190} INFO - [2026-01-04T12:47:46.185+0000] {dag.py:4180} INFO - Setting next_dagrun for read_dataset_event to 2026-01-03 00:00:00+00:00, run_after=2026-01-04 00:00:00+00:00
[2026-01-04T12:47:46.189+0000] {logging_mixin.py:190} INFO - [2026-01-04T12:47:46.188+0000] {dag.py:4180} INFO - Setting next_dagrun for read_dataset_event_from_classic to 2026-01-03 00:00:00+00:00, run_after=2026-01-04 00:00:00+00:00
[2026-01-04T12:47:46.201+0000] {processor.py:208} INFO - Processing /workspaces/f1_data_team/venv/lib/python3.12/site-packages/airflow/example_dags/example_inlet_event_extra.py took 0.064 seconds
[2026-01-04T12:49:17.612+0000] {processor.py:186} INFO - Started process (PID=42214) to work on /workspaces/f1_data_team/venv/lib/python3.12/site-packages/airflow/example_dags/example_inlet_event_extra.py
[2026-01-04T12:49:17.613+0000] {processor.py:914} INFO - Processing file /workspaces/f1_data_team/venv/lib/python3.12/site-packages/airflow/example_dags/example_inlet_event_extra.py for tasks to queue
[2026-01-04T12:49:17.615+0000] {logging_mixin.py:190} INFO - [2026-01-04T12:49:17.615+0000] {dagbag.py:588} INFO - Filling up the DagBag from /workspaces/f1_data_team/venv/lib/python3.12/site-packages/airflow/example_dags/example_inlet_event_extra.py
[2026-01-04T12:49:17.627+0000] {processor.py:925} INFO - DAG(s) 'read_dataset_event', 'read_dataset_event_from_classic' retrieved from /workspaces/f1_data_team/venv/lib/python3.12/site-packages/airflow/example_dags/example_inlet_event_extra.py
[2026-01-04T12:49:17.641+0000] {logging_mixin.py:190} INFO - [2026-01-04T12:49:17.641+0000] {dag.py:3239} INFO - Sync 2 DAGs
[2026-01-04T12:49:17.657+0000] {logging_mixin.py:190} INFO - [2026-01-04T12:49:17.657+0000] {dag.py:4180} INFO - Setting next_dagrun for read_dataset_event to 2026-01-03 00:00:00+00:00, run_after=2026-01-04 00:00:00+00:00
[2026-01-04T12:49:17.660+0000] {logging_mixin.py:190} INFO - [2026-01-04T12:49:17.660+0000] {dag.py:4180} INFO - Setting next_dagrun for read_dataset_event_from_classic to 2026-01-03 00:00:00+00:00, run_after=2026-01-04 00:00:00+00:00
[2026-01-04T12:49:17.674+0000] {processor.py:208} INFO - Processing /workspaces/f1_data_team/venv/lib/python3.12/site-packages/airflow/example_dags/example_inlet_event_extra.py took 0.066 seconds
[2026-01-04T12:50:14.641+0000] {processor.py:186} INFO - Started process (PID=42742) to work on /workspaces/f1_data_team/venv/lib/python3.12/site-packages/airflow/example_dags/example_inlet_event_extra.py
[2026-01-04T12:50:14.642+0000] {processor.py:914} INFO - Processing file /workspaces/f1_data_team/venv/lib/python3.12/site-packages/airflow/example_dags/example_inlet_event_extra.py for tasks to queue
[2026-01-04T12:50:14.644+0000] {logging_mixin.py:190} INFO - [2026-01-04T12:50:14.644+0000] {dagbag.py:588} INFO - Filling up the DagBag from /workspaces/f1_data_team/venv/lib/python3.12/site-packages/airflow/example_dags/example_inlet_event_extra.py
[2026-01-04T12:50:14.655+0000] {processor.py:925} INFO - DAG(s) 'read_dataset_event', 'read_dataset_event_from_classic' retrieved from /workspaces/f1_data_team/venv/lib/python3.12/site-packages/airflow/example_dags/example_inlet_event_extra.py
[2026-01-04T12:50:14.671+0000] {logging_mixin.py:190} INFO - [2026-01-04T12:50:14.671+0000] {dag.py:3239} INFO - Sync 2 DAGs
[2026-01-04T12:50:14.690+0000] {logging_mixin.py:190} INFO - [2026-01-04T12:50:14.689+0000] {dag.py:4180} INFO - Setting next_dagrun for read_dataset_event to 2026-01-03 00:00:00+00:00, run_after=2026-01-04 00:00:00+00:00
[2026-01-04T12:50:14.693+0000] {logging_mixin.py:190} INFO - [2026-01-04T12:50:14.693+0000] {dag.py:4180} INFO - Setting next_dagrun for read_dataset_event_from_classic to 2026-01-03 00:00:00+00:00, run_after=2026-01-04 00:00:00+00:00
[2026-01-04T12:50:14.706+0000] {processor.py:208} INFO - Processing /workspaces/f1_data_team/venv/lib/python3.12/site-packages/airflow/example_dags/example_inlet_event_extra.py took 0.071 seconds
[2026-01-04T12:51:51.939+0000] {processor.py:186} INFO - Started process (PID=44328) to work on /workspaces/f1_data_team/venv/lib/python3.12/site-packages/airflow/example_dags/example_inlet_event_extra.py
[2026-01-04T12:51:51.939+0000] {processor.py:914} INFO - Processing file /workspaces/f1_data_team/venv/lib/python3.12/site-packages/airflow/example_dags/example_inlet_event_extra.py for tasks to queue
[2026-01-04T12:51:51.942+0000] {logging_mixin.py:190} INFO - [2026-01-04T12:51:51.941+0000] {dagbag.py:588} INFO - Filling up the DagBag from /workspaces/f1_data_team/venv/lib/python3.12/site-packages/airflow/example_dags/example_inlet_event_extra.py
[2026-01-04T12:51:51.952+0000] {processor.py:925} INFO - DAG(s) 'read_dataset_event_from_classic', 'read_dataset_event' retrieved from /workspaces/f1_data_team/venv/lib/python3.12/site-packages/airflow/example_dags/example_inlet_event_extra.py
[2026-01-04T12:51:51.967+0000] {logging_mixin.py:190} INFO - [2026-01-04T12:51:51.967+0000] {dag.py:3239} INFO - Sync 2 DAGs
[2026-01-04T12:51:51.983+0000] {logging_mixin.py:190} INFO - [2026-01-04T12:51:51.982+0000] {dag.py:4180} INFO - Setting next_dagrun for read_dataset_event to 2026-01-03 00:00:00+00:00, run_after=2026-01-04 00:00:00+00:00
[2026-01-04T12:51:51.987+0000] {logging_mixin.py:190} INFO - [2026-01-04T12:51:51.986+0000] {dag.py:4180} INFO - Setting next_dagrun for read_dataset_event_from_classic to 2026-01-03 00:00:00+00:00, run_after=2026-01-04 00:00:00+00:00
[2026-01-04T12:51:51.999+0000] {processor.py:208} INFO - Processing /workspaces/f1_data_team/venv/lib/python3.12/site-packages/airflow/example_dags/example_inlet_event_extra.py took 0.065 seconds
[2026-01-04T12:52:50.821+0000] {processor.py:186} INFO - Started process (PID=45127) to work on /workspaces/f1_data_team/venv/lib/python3.12/site-packages/airflow/example_dags/example_inlet_event_extra.py
[2026-01-04T12:52:50.822+0000] {processor.py:914} INFO - Processing file /workspaces/f1_data_team/venv/lib/python3.12/site-packages/airflow/example_dags/example_inlet_event_extra.py for tasks to queue
[2026-01-04T12:52:50.825+0000] {logging_mixin.py:190} INFO - [2026-01-04T12:52:50.824+0000] {dagbag.py:588} INFO - Filling up the DagBag from /workspaces/f1_data_team/venv/lib/python3.12/site-packages/airflow/example_dags/example_inlet_event_extra.py
[2026-01-04T12:52:50.835+0000] {processor.py:925} INFO - DAG(s) 'read_dataset_event_from_classic', 'read_dataset_event' retrieved from /workspaces/f1_data_team/venv/lib/python3.12/site-packages/airflow/example_dags/example_inlet_event_extra.py
[2026-01-04T12:52:50.848+0000] {logging_mixin.py:190} INFO - [2026-01-04T12:52:50.848+0000] {dag.py:3239} INFO - Sync 2 DAGs
[2026-01-04T12:52:50.864+0000] {logging_mixin.py:190} INFO - [2026-01-04T12:52:50.864+0000] {dag.py:4180} INFO - Setting next_dagrun for read_dataset_event to 2026-01-03 00:00:00+00:00, run_after=2026-01-04 00:00:00+00:00
[2026-01-04T12:52:50.867+0000] {logging_mixin.py:190} INFO - [2026-01-04T12:52:50.867+0000] {dag.py:4180} INFO - Setting next_dagrun for read_dataset_event_from_classic to 2026-01-03 00:00:00+00:00, run_after=2026-01-04 00:00:00+00:00
[2026-01-04T12:52:50.880+0000] {processor.py:208} INFO - Processing /workspaces/f1_data_team/venv/lib/python3.12/site-packages/airflow/example_dags/example_inlet_event_extra.py took 0.063 seconds
[2026-01-04T12:53:46.722+0000] {processor.py:186} INFO - Started process (PID=46066) to work on /workspaces/f1_data_team/venv/lib/python3.12/site-packages/airflow/example_dags/example_inlet_event_extra.py
[2026-01-04T12:53:46.722+0000] {processor.py:914} INFO - Processing file /workspaces/f1_data_team/venv/lib/python3.12/site-packages/airflow/example_dags/example_inlet_event_extra.py for tasks to queue
[2026-01-04T12:53:46.725+0000] {logging_mixin.py:190} INFO - [2026-01-04T12:53:46.725+0000] {dagbag.py:588} INFO - Filling up the DagBag from /workspaces/f1_data_team/venv/lib/python3.12/site-packages/airflow/example_dags/example_inlet_event_extra.py
[2026-01-04T12:53:46.738+0000] {processor.py:925} INFO - DAG(s) 'read_dataset_event', 'read_dataset_event_from_classic' retrieved from /workspaces/f1_data_team/venv/lib/python3.12/site-packages/airflow/example_dags/example_inlet_event_extra.py
[2026-01-04T12:53:46.751+0000] {logging_mixin.py:190} INFO - [2026-01-04T12:53:46.750+0000] {dag.py:3239} INFO - Sync 2 DAGs
[2026-01-04T12:53:46.767+0000] {logging_mixin.py:190} INFO - [2026-01-04T12:53:46.767+0000] {dag.py:4180} INFO - Setting next_dagrun for read_dataset_event to 2026-01-03 00:00:00+00:00, run_after=2026-01-04 00:00:00+00:00
[2026-01-04T12:53:46.770+0000] {logging_mixin.py:190} INFO - [2026-01-04T12:53:46.770+0000] {dag.py:4180} INFO - Setting next_dagrun for read_dataset_event_from_classic to 2026-01-03 00:00:00+00:00, run_after=2026-01-04 00:00:00+00:00
[2026-01-04T12:53:46.783+0000] {processor.py:208} INFO - Processing /workspaces/f1_data_team/venv/lib/python3.12/site-packages/airflow/example_dags/example_inlet_event_extra.py took 0.066 seconds
[2026-01-04T12:54:48.253+0000] {processor.py:186} INFO - Started process (PID=47017) to work on /workspaces/f1_data_team/venv/lib/python3.12/site-packages/airflow/example_dags/example_inlet_event_extra.py
[2026-01-04T12:54:48.254+0000] {processor.py:914} INFO - Processing file /workspaces/f1_data_team/venv/lib/python3.12/site-packages/airflow/example_dags/example_inlet_event_extra.py for tasks to queue
[2026-01-04T12:54:48.256+0000] {logging_mixin.py:190} INFO - [2026-01-04T12:54:48.255+0000] {dagbag.py:588} INFO - Filling up the DagBag from /workspaces/f1_data_team/venv/lib/python3.12/site-packages/airflow/example_dags/example_inlet_event_extra.py
[2026-01-04T12:54:48.267+0000] {processor.py:925} INFO - DAG(s) 'read_dataset_event_from_classic', 'read_dataset_event' retrieved from /workspaces/f1_data_team/venv/lib/python3.12/site-packages/airflow/example_dags/example_inlet_event_extra.py
[2026-01-04T12:54:48.280+0000] {logging_mixin.py:190} INFO - [2026-01-04T12:54:48.280+0000] {dag.py:3239} INFO - Sync 2 DAGs
[2026-01-04T12:54:48.298+0000] {logging_mixin.py:190} INFO - [2026-01-04T12:54:48.298+0000] {dag.py:4180} INFO - Setting next_dagrun for read_dataset_event to 2026-01-03 00:00:00+00:00, run_after=2026-01-04 00:00:00+00:00
[2026-01-04T12:54:48.303+0000] {logging_mixin.py:190} INFO - [2026-01-04T12:54:48.302+0000] {dag.py:4180} INFO - Setting next_dagrun for read_dataset_event_from_classic to 2026-01-03 00:00:00+00:00, run_after=2026-01-04 00:00:00+00:00
[2026-01-04T12:54:48.322+0000] {processor.py:208} INFO - Processing /workspaces/f1_data_team/venv/lib/python3.12/site-packages/airflow/example_dags/example_inlet_event_extra.py took 0.074 seconds
[2026-01-04T12:56:03.611+0000] {processor.py:186} INFO - Started process (PID=47947) to work on /workspaces/f1_data_team/venv/lib/python3.12/site-packages/airflow/example_dags/example_inlet_event_extra.py
[2026-01-04T12:56:03.611+0000] {processor.py:914} INFO - Processing file /workspaces/f1_data_team/venv/lib/python3.12/site-packages/airflow/example_dags/example_inlet_event_extra.py for tasks to queue
[2026-01-04T12:56:03.613+0000] {logging_mixin.py:190} INFO - [2026-01-04T12:56:03.613+0000] {dagbag.py:588} INFO - Filling up the DagBag from /workspaces/f1_data_team/venv/lib/python3.12/site-packages/airflow/example_dags/example_inlet_event_extra.py
[2026-01-04T12:56:03.624+0000] {processor.py:925} INFO - DAG(s) 'read_dataset_event', 'read_dataset_event_from_classic' retrieved from /workspaces/f1_data_team/venv/lib/python3.12/site-packages/airflow/example_dags/example_inlet_event_extra.py
[2026-01-04T12:56:03.637+0000] {logging_mixin.py:190} INFO - [2026-01-04T12:56:03.637+0000] {dag.py:3239} INFO - Sync 2 DAGs
[2026-01-04T12:56:03.654+0000] {logging_mixin.py:190} INFO - [2026-01-04T12:56:03.653+0000] {dag.py:4180} INFO - Setting next_dagrun for read_dataset_event to 2026-01-03 00:00:00+00:00, run_after=2026-01-04 00:00:00+00:00
[2026-01-04T12:56:03.657+0000] {logging_mixin.py:190} INFO - [2026-01-04T12:56:03.657+0000] {dag.py:4180} INFO - Setting next_dagrun for read_dataset_event_from_classic to 2026-01-03 00:00:00+00:00, run_after=2026-01-04 00:00:00+00:00
[2026-01-04T12:56:03.670+0000] {processor.py:208} INFO - Processing /workspaces/f1_data_team/venv/lib/python3.12/site-packages/airflow/example_dags/example_inlet_event_extra.py took 0.064 seconds
[2026-01-04T12:56:56.692+0000] {processor.py:186} INFO - Started process (PID=48508) to work on /workspaces/f1_data_team/venv/lib/python3.12/site-packages/airflow/example_dags/example_inlet_event_extra.py
[2026-01-04T12:56:56.693+0000] {processor.py:914} INFO - Processing file /workspaces/f1_data_team/venv/lib/python3.12/site-packages/airflow/example_dags/example_inlet_event_extra.py for tasks to queue
[2026-01-04T12:56:56.696+0000] {logging_mixin.py:190} INFO - [2026-01-04T12:56:56.695+0000] {dagbag.py:588} INFO - Filling up the DagBag from /workspaces/f1_data_team/venv/lib/python3.12/site-packages/airflow/example_dags/example_inlet_event_extra.py
[2026-01-04T12:56:56.709+0000] {processor.py:925} INFO - DAG(s) 'read_dataset_event_from_classic', 'read_dataset_event' retrieved from /workspaces/f1_data_team/venv/lib/python3.12/site-packages/airflow/example_dags/example_inlet_event_extra.py
[2026-01-04T12:56:56.723+0000] {logging_mixin.py:190} INFO - [2026-01-04T12:56:56.722+0000] {dag.py:3239} INFO - Sync 2 DAGs
[2026-01-04T12:56:56.739+0000] {logging_mixin.py:190} INFO - [2026-01-04T12:56:56.739+0000] {dag.py:4180} INFO - Setting next_dagrun for read_dataset_event to 2026-01-03 00:00:00+00:00, run_after=2026-01-04 00:00:00+00:00
[2026-01-04T12:56:56.743+0000] {logging_mixin.py:190} INFO - [2026-01-04T12:56:56.743+0000] {dag.py:4180} INFO - Setting next_dagrun for read_dataset_event_from_classic to 2026-01-03 00:00:00+00:00, run_after=2026-01-04 00:00:00+00:00
[2026-01-04T12:56:56.755+0000] {processor.py:208} INFO - Processing /workspaces/f1_data_team/venv/lib/python3.12/site-packages/airflow/example_dags/example_inlet_event_extra.py took 0.070 seconds
[2026-01-04T12:57:49.219+0000] {processor.py:186} INFO - Started process (PID=49002) to work on /workspaces/f1_data_team/venv/lib/python3.12/site-packages/airflow/example_dags/example_inlet_event_extra.py
[2026-01-04T12:57:49.220+0000] {processor.py:914} INFO - Processing file /workspaces/f1_data_team/venv/lib/python3.12/site-packages/airflow/example_dags/example_inlet_event_extra.py for tasks to queue
[2026-01-04T12:57:49.223+0000] {logging_mixin.py:190} INFO - [2026-01-04T12:57:49.222+0000] {dagbag.py:588} INFO - Filling up the DagBag from /workspaces/f1_data_team/venv/lib/python3.12/site-packages/airflow/example_dags/example_inlet_event_extra.py
[2026-01-04T12:57:49.239+0000] {processor.py:925} INFO - DAG(s) 'read_dataset_event', 'read_dataset_event_from_classic' retrieved from /workspaces/f1_data_team/venv/lib/python3.12/site-packages/airflow/example_dags/example_inlet_event_extra.py
[2026-01-04T12:57:49.258+0000] {logging_mixin.py:190} INFO - [2026-01-04T12:57:49.258+0000] {dag.py:3239} INFO - Sync 2 DAGs
[2026-01-04T12:57:49.283+0000] {logging_mixin.py:190} INFO - [2026-01-04T12:57:49.283+0000] {dag.py:4180} INFO - Setting next_dagrun for read_dataset_event to 2026-01-03 00:00:00+00:00, run_after=2026-01-04 00:00:00+00:00
[2026-01-04T12:57:49.288+0000] {logging_mixin.py:190} INFO - [2026-01-04T12:57:49.288+0000] {dag.py:4180} INFO - Setting next_dagrun for read_dataset_event_from_classic to 2026-01-03 00:00:00+00:00, run_after=2026-01-04 00:00:00+00:00
[2026-01-04T12:57:49.310+0000] {processor.py:208} INFO - Processing /workspaces/f1_data_team/venv/lib/python3.12/site-packages/airflow/example_dags/example_inlet_event_extra.py took 0.098 seconds
[2026-01-04T12:58:41.424+0000] {processor.py:186} INFO - Started process (PID=49511) to work on /workspaces/f1_data_team/venv/lib/python3.12/site-packages/airflow/example_dags/example_inlet_event_extra.py
[2026-01-04T12:58:41.425+0000] {processor.py:914} INFO - Processing file /workspaces/f1_data_team/venv/lib/python3.12/site-packages/airflow/example_dags/example_inlet_event_extra.py for tasks to queue
[2026-01-04T12:58:41.426+0000] {logging_mixin.py:190} INFO - [2026-01-04T12:58:41.426+0000] {dagbag.py:588} INFO - Filling up the DagBag from /workspaces/f1_data_team/venv/lib/python3.12/site-packages/airflow/example_dags/example_inlet_event_extra.py
[2026-01-04T12:58:41.437+0000] {processor.py:925} INFO - DAG(s) 'read_dataset_event', 'read_dataset_event_from_classic' retrieved from /workspaces/f1_data_team/venv/lib/python3.12/site-packages/airflow/example_dags/example_inlet_event_extra.py
[2026-01-04T12:58:41.450+0000] {logging_mixin.py:190} INFO - [2026-01-04T12:58:41.450+0000] {dag.py:3239} INFO - Sync 2 DAGs
[2026-01-04T12:58:41.466+0000] {logging_mixin.py:190} INFO - [2026-01-04T12:58:41.466+0000] {dag.py:4180} INFO - Setting next_dagrun for read_dataset_event to 2026-01-03 00:00:00+00:00, run_after=2026-01-04 00:00:00+00:00
[2026-01-04T12:58:41.470+0000] {logging_mixin.py:190} INFO - [2026-01-04T12:58:41.469+0000] {dag.py:4180} INFO - Setting next_dagrun for read_dataset_event_from_classic to 2026-01-03 00:00:00+00:00, run_after=2026-01-04 00:00:00+00:00
[2026-01-04T12:58:41.483+0000] {processor.py:208} INFO - Processing /workspaces/f1_data_team/venv/lib/python3.12/site-packages/airflow/example_dags/example_inlet_event_extra.py took 0.063 seconds
[2026-01-04T12:59:35.880+0000] {processor.py:186} INFO - Started process (PID=50052) to work on /workspaces/f1_data_team/venv/lib/python3.12/site-packages/airflow/example_dags/example_inlet_event_extra.py
[2026-01-04T12:59:35.881+0000] {processor.py:914} INFO - Processing file /workspaces/f1_data_team/venv/lib/python3.12/site-packages/airflow/example_dags/example_inlet_event_extra.py for tasks to queue
[2026-01-04T12:59:35.882+0000] {logging_mixin.py:190} INFO - [2026-01-04T12:59:35.882+0000] {dagbag.py:588} INFO - Filling up the DagBag from /workspaces/f1_data_team/venv/lib/python3.12/site-packages/airflow/example_dags/example_inlet_event_extra.py
[2026-01-04T12:59:35.894+0000] {processor.py:925} INFO - DAG(s) 'read_dataset_event', 'read_dataset_event_from_classic' retrieved from /workspaces/f1_data_team/venv/lib/python3.12/site-packages/airflow/example_dags/example_inlet_event_extra.py
[2026-01-04T12:59:35.907+0000] {logging_mixin.py:190} INFO - [2026-01-04T12:59:35.907+0000] {dag.py:3239} INFO - Sync 2 DAGs
[2026-01-04T12:59:35.923+0000] {logging_mixin.py:190} INFO - [2026-01-04T12:59:35.923+0000] {dag.py:4180} INFO - Setting next_dagrun for read_dataset_event to 2026-01-03 00:00:00+00:00, run_after=2026-01-04 00:00:00+00:00
[2026-01-04T12:59:35.926+0000] {logging_mixin.py:190} INFO - [2026-01-04T12:59:35.926+0000] {dag.py:4180} INFO - Setting next_dagrun for read_dataset_event_from_classic to 2026-01-03 00:00:00+00:00, run_after=2026-01-04 00:00:00+00:00
[2026-01-04T12:59:35.940+0000] {processor.py:208} INFO - Processing /workspaces/f1_data_team/venv/lib/python3.12/site-packages/airflow/example_dags/example_inlet_event_extra.py took 0.065 seconds
[2026-01-04T13:00:31.320+0000] {processor.py:186} INFO - Started process (PID=50675) to work on /workspaces/f1_data_team/venv/lib/python3.12/site-packages/airflow/example_dags/example_inlet_event_extra.py
[2026-01-04T13:00:31.320+0000] {processor.py:914} INFO - Processing file /workspaces/f1_data_team/venv/lib/python3.12/site-packages/airflow/example_dags/example_inlet_event_extra.py for tasks to queue
[2026-01-04T13:00:31.322+0000] {logging_mixin.py:190} INFO - [2026-01-04T13:00:31.322+0000] {dagbag.py:588} INFO - Filling up the DagBag from /workspaces/f1_data_team/venv/lib/python3.12/site-packages/airflow/example_dags/example_inlet_event_extra.py
[2026-01-04T13:00:31.334+0000] {processor.py:925} INFO - DAG(s) 'read_dataset_event_from_classic', 'read_dataset_event' retrieved from /workspaces/f1_data_team/venv/lib/python3.12/site-packages/airflow/example_dags/example_inlet_event_extra.py
[2026-01-04T13:00:31.347+0000] {logging_mixin.py:190} INFO - [2026-01-04T13:00:31.346+0000] {dag.py:3239} INFO - Sync 2 DAGs
[2026-01-04T13:00:31.363+0000] {logging_mixin.py:190} INFO - [2026-01-04T13:00:31.363+0000] {dag.py:4180} INFO - Setting next_dagrun for read_dataset_event to 2026-01-03 00:00:00+00:00, run_after=2026-01-04 00:00:00+00:00
[2026-01-04T13:00:31.367+0000] {logging_mixin.py:190} INFO - [2026-01-04T13:00:31.367+0000] {dag.py:4180} INFO - Setting next_dagrun for read_dataset_event_from_classic to 2026-01-03 00:00:00+00:00, run_after=2026-01-04 00:00:00+00:00
[2026-01-04T13:00:31.380+0000] {processor.py:208} INFO - Processing /workspaces/f1_data_team/venv/lib/python3.12/site-packages/airflow/example_dags/example_inlet_event_extra.py took 0.065 seconds
[2026-01-04T13:01:23.505+0000] {processor.py:186} INFO - Started process (PID=51296) to work on /workspaces/f1_data_team/venv/lib/python3.12/site-packages/airflow/example_dags/example_inlet_event_extra.py
[2026-01-04T13:01:23.506+0000] {processor.py:914} INFO - Processing file /workspaces/f1_data_team/venv/lib/python3.12/site-packages/airflow/example_dags/example_inlet_event_extra.py for tasks to queue
[2026-01-04T13:01:23.508+0000] {logging_mixin.py:190} INFO - [2026-01-04T13:01:23.507+0000] {dagbag.py:588} INFO - Filling up the DagBag from /workspaces/f1_data_team/venv/lib/python3.12/site-packages/airflow/example_dags/example_inlet_event_extra.py
[2026-01-04T13:01:23.519+0000] {processor.py:925} INFO - DAG(s) 'read_dataset_event', 'read_dataset_event_from_classic' retrieved from /workspaces/f1_data_team/venv/lib/python3.12/site-packages/airflow/example_dags/example_inlet_event_extra.py
[2026-01-04T13:01:23.532+0000] {logging_mixin.py:190} INFO - [2026-01-04T13:01:23.532+0000] {dag.py:3239} INFO - Sync 2 DAGs
[2026-01-04T13:01:23.549+0000] {logging_mixin.py:190} INFO - [2026-01-04T13:01:23.548+0000] {dag.py:4180} INFO - Setting next_dagrun for read_dataset_event to 2026-01-03 00:00:00+00:00, run_after=2026-01-04 00:00:00+00:00
[2026-01-04T13:01:23.552+0000] {logging_mixin.py:190} INFO - [2026-01-04T13:01:23.552+0000] {dag.py:4180} INFO - Setting next_dagrun for read_dataset_event_from_classic to 2026-01-03 00:00:00+00:00, run_after=2026-01-04 00:00:00+00:00
[2026-01-04T13:01:23.565+0000] {processor.py:208} INFO - Processing /workspaces/f1_data_team/venv/lib/python3.12/site-packages/airflow/example_dags/example_inlet_event_extra.py took 0.065 seconds
