[2026-01-04T12:26:38.908+0000] {processor.py:186} INFO - Started process (PID=24410) to work on /workspaces/f1_data_team/venv/lib/python3.12/site-packages/airflow/example_dags/tutorial_taskflow_api.py
[2026-01-04T12:26:38.909+0000] {processor.py:914} INFO - Processing file /workspaces/f1_data_team/venv/lib/python3.12/site-packages/airflow/example_dags/tutorial_taskflow_api.py for tasks to queue
[2026-01-04T12:26:38.911+0000] {logging_mixin.py:190} INFO - [2026-01-04T12:26:38.911+0000] {dagbag.py:588} INFO - Filling up the DagBag from /workspaces/f1_data_team/venv/lib/python3.12/site-packages/airflow/example_dags/tutorial_taskflow_api.py
[2026-01-04T12:26:38.919+0000] {processor.py:925} INFO - DAG(s) 'tutorial_taskflow_api' retrieved from /workspaces/f1_data_team/venv/lib/python3.12/site-packages/airflow/example_dags/tutorial_taskflow_api.py
[2026-01-04T12:26:39.016+0000] {logging_mixin.py:190} INFO - [2026-01-04T12:26:39.015+0000] {override.py:1911} INFO - Created Permission View: can read on DAG:tutorial_taskflow_api
[2026-01-04T12:26:39.026+0000] {logging_mixin.py:190} INFO - [2026-01-04T12:26:39.026+0000] {override.py:1911} INFO - Created Permission View: can edit on DAG:tutorial_taskflow_api
[2026-01-04T12:26:39.032+0000] {logging_mixin.py:190} INFO - [2026-01-04T12:26:39.031+0000] {override.py:1911} INFO - Created Permission View: can delete on DAG:tutorial_taskflow_api
[2026-01-04T12:26:39.040+0000] {logging_mixin.py:190} INFO - [2026-01-04T12:26:39.040+0000] {override.py:1911} INFO - Created Permission View: can read on DAG Run:tutorial_taskflow_api
[2026-01-04T12:26:39.046+0000] {logging_mixin.py:190} INFO - [2026-01-04T12:26:39.046+0000] {override.py:1911} INFO - Created Permission View: menu access on DAG Run:tutorial_taskflow_api
[2026-01-04T12:26:39.052+0000] {logging_mixin.py:190} INFO - [2026-01-04T12:26:39.052+0000] {override.py:1911} INFO - Created Permission View: can create on DAG Run:tutorial_taskflow_api
[2026-01-04T12:26:39.057+0000] {logging_mixin.py:190} INFO - [2026-01-04T12:26:39.057+0000] {override.py:1911} INFO - Created Permission View: can delete on DAG Run:tutorial_taskflow_api
[2026-01-04T12:26:39.057+0000] {logging_mixin.py:190} INFO - [2026-01-04T12:26:39.057+0000] {dag.py:3239} INFO - Sync 1 DAGs
[2026-01-04T12:26:39.066+0000] {logging_mixin.py:190} INFO - [2026-01-04T12:26:39.065+0000] {dag.py:3262} INFO - Creating ORM DAG for tutorial_taskflow_api
[2026-01-04T12:26:39.066+0000] {logging_mixin.py:190} INFO - [2026-01-04T12:26:39.066+0000] {dag.py:4180} INFO - Setting next_dagrun for tutorial_taskflow_api to None, run_after=None
[2026-01-04T12:26:39.080+0000] {processor.py:208} INFO - Processing /workspaces/f1_data_team/venv/lib/python3.12/site-packages/airflow/example_dags/tutorial_taskflow_api.py took 0.176 seconds
[2026-01-04T12:27:42.403+0000] {processor.py:186} INFO - Started process (PID=25042) to work on /workspaces/f1_data_team/venv/lib/python3.12/site-packages/airflow/example_dags/tutorial_taskflow_api.py
[2026-01-04T12:27:42.404+0000] {processor.py:914} INFO - Processing file /workspaces/f1_data_team/venv/lib/python3.12/site-packages/airflow/example_dags/tutorial_taskflow_api.py for tasks to queue
[2026-01-04T12:27:42.406+0000] {logging_mixin.py:190} INFO - [2026-01-04T12:27:42.406+0000] {dagbag.py:588} INFO - Filling up the DagBag from /workspaces/f1_data_team/venv/lib/python3.12/site-packages/airflow/example_dags/tutorial_taskflow_api.py
[2026-01-04T12:27:42.413+0000] {processor.py:925} INFO - DAG(s) 'tutorial_taskflow_api' retrieved from /workspaces/f1_data_team/venv/lib/python3.12/site-packages/airflow/example_dags/tutorial_taskflow_api.py
[2026-01-04T12:27:42.424+0000] {logging_mixin.py:190} INFO - [2026-01-04T12:27:42.424+0000] {dag.py:3239} INFO - Sync 1 DAGs
[2026-01-04T12:27:42.434+0000] {logging_mixin.py:190} INFO - [2026-01-04T12:27:42.434+0000] {dag.py:4180} INFO - Setting next_dagrun for tutorial_taskflow_api to None, run_after=None
[2026-01-04T12:27:42.449+0000] {processor.py:208} INFO - Processing /workspaces/f1_data_team/venv/lib/python3.12/site-packages/airflow/example_dags/tutorial_taskflow_api.py took 0.051 seconds
[2026-01-04T12:28:37.895+0000] {processor.py:186} INFO - Started process (PID=25527) to work on /workspaces/f1_data_team/venv/lib/python3.12/site-packages/airflow/example_dags/tutorial_taskflow_api.py
[2026-01-04T12:28:37.895+0000] {processor.py:914} INFO - Processing file /workspaces/f1_data_team/venv/lib/python3.12/site-packages/airflow/example_dags/tutorial_taskflow_api.py for tasks to queue
[2026-01-04T12:28:37.897+0000] {logging_mixin.py:190} INFO - [2026-01-04T12:28:37.897+0000] {dagbag.py:588} INFO - Filling up the DagBag from /workspaces/f1_data_team/venv/lib/python3.12/site-packages/airflow/example_dags/tutorial_taskflow_api.py
[2026-01-04T12:28:37.904+0000] {processor.py:925} INFO - DAG(s) 'tutorial_taskflow_api' retrieved from /workspaces/f1_data_team/venv/lib/python3.12/site-packages/airflow/example_dags/tutorial_taskflow_api.py
[2026-01-04T12:28:37.916+0000] {logging_mixin.py:190} INFO - [2026-01-04T12:28:37.916+0000] {dag.py:3239} INFO - Sync 1 DAGs
[2026-01-04T12:28:37.925+0000] {logging_mixin.py:190} INFO - [2026-01-04T12:28:37.925+0000] {dag.py:4180} INFO - Setting next_dagrun for tutorial_taskflow_api to None, run_after=None
[2026-01-04T12:28:37.941+0000] {processor.py:208} INFO - Processing /workspaces/f1_data_team/venv/lib/python3.12/site-packages/airflow/example_dags/tutorial_taskflow_api.py took 0.052 seconds
[2026-01-04T12:29:36.503+0000] {processor.py:186} INFO - Started process (PID=26745) to work on /workspaces/f1_data_team/venv/lib/python3.12/site-packages/airflow/example_dags/tutorial_taskflow_api.py
[2026-01-04T12:29:36.503+0000] {processor.py:914} INFO - Processing file /workspaces/f1_data_team/venv/lib/python3.12/site-packages/airflow/example_dags/tutorial_taskflow_api.py for tasks to queue
[2026-01-04T12:29:36.505+0000] {logging_mixin.py:190} INFO - [2026-01-04T12:29:36.505+0000] {dagbag.py:588} INFO - Filling up the DagBag from /workspaces/f1_data_team/venv/lib/python3.12/site-packages/airflow/example_dags/tutorial_taskflow_api.py
[2026-01-04T12:29:36.514+0000] {processor.py:925} INFO - DAG(s) 'tutorial_taskflow_api' retrieved from /workspaces/f1_data_team/venv/lib/python3.12/site-packages/airflow/example_dags/tutorial_taskflow_api.py
[2026-01-04T12:29:36.528+0000] {logging_mixin.py:190} INFO - [2026-01-04T12:29:36.528+0000] {dag.py:3239} INFO - Sync 1 DAGs
[2026-01-04T12:29:36.538+0000] {logging_mixin.py:190} INFO - [2026-01-04T12:29:36.538+0000] {dag.py:4180} INFO - Setting next_dagrun for tutorial_taskflow_api to None, run_after=None
[2026-01-04T12:29:36.557+0000] {processor.py:208} INFO - Processing /workspaces/f1_data_team/venv/lib/python3.12/site-packages/airflow/example_dags/tutorial_taskflow_api.py took 0.059 seconds
[2026-01-04T12:30:20.506+0000] {processor.py:186} INFO - Started process (PID=27391) to work on /workspaces/f1_data_team/venv/lib/python3.12/site-packages/airflow/example_dags/tutorial_taskflow_api.py
[2026-01-04T12:30:20.507+0000] {processor.py:914} INFO - Processing file /workspaces/f1_data_team/venv/lib/python3.12/site-packages/airflow/example_dags/tutorial_taskflow_api.py for tasks to queue
[2026-01-04T12:30:20.509+0000] {logging_mixin.py:190} INFO - [2026-01-04T12:30:20.509+0000] {dagbag.py:588} INFO - Filling up the DagBag from /workspaces/f1_data_team/venv/lib/python3.12/site-packages/airflow/example_dags/tutorial_taskflow_api.py
[2026-01-04T12:30:20.516+0000] {processor.py:925} INFO - DAG(s) 'tutorial_taskflow_api' retrieved from /workspaces/f1_data_team/venv/lib/python3.12/site-packages/airflow/example_dags/tutorial_taskflow_api.py
[2026-01-04T12:30:20.533+0000] {logging_mixin.py:190} INFO - [2026-01-04T12:30:20.533+0000] {dag.py:3239} INFO - Sync 1 DAGs
[2026-01-04T12:30:20.542+0000] {logging_mixin.py:190} INFO - [2026-01-04T12:30:20.542+0000] {dag.py:4180} INFO - Setting next_dagrun for tutorial_taskflow_api to None, run_after=None
[2026-01-04T12:30:20.556+0000] {processor.py:208} INFO - Processing /workspaces/f1_data_team/venv/lib/python3.12/site-packages/airflow/example_dags/tutorial_taskflow_api.py took 0.054 seconds
[2026-01-04T12:31:19.115+0000] {processor.py:186} INFO - Started process (PID=28441) to work on /workspaces/f1_data_team/venv/lib/python3.12/site-packages/airflow/example_dags/tutorial_taskflow_api.py
[2026-01-04T12:31:19.116+0000] {processor.py:914} INFO - Processing file /workspaces/f1_data_team/venv/lib/python3.12/site-packages/airflow/example_dags/tutorial_taskflow_api.py for tasks to queue
[2026-01-04T12:31:19.117+0000] {logging_mixin.py:190} INFO - [2026-01-04T12:31:19.117+0000] {dagbag.py:588} INFO - Filling up the DagBag from /workspaces/f1_data_team/venv/lib/python3.12/site-packages/airflow/example_dags/tutorial_taskflow_api.py
[2026-01-04T12:31:19.124+0000] {processor.py:925} INFO - DAG(s) 'tutorial_taskflow_api' retrieved from /workspaces/f1_data_team/venv/lib/python3.12/site-packages/airflow/example_dags/tutorial_taskflow_api.py
[2026-01-04T12:31:19.135+0000] {logging_mixin.py:190} INFO - [2026-01-04T12:31:19.135+0000] {dag.py:3239} INFO - Sync 1 DAGs
[2026-01-04T12:31:19.144+0000] {logging_mixin.py:190} INFO - [2026-01-04T12:31:19.144+0000] {dag.py:4180} INFO - Setting next_dagrun for tutorial_taskflow_api to None, run_after=None
[2026-01-04T12:31:19.159+0000] {processor.py:208} INFO - Processing /workspaces/f1_data_team/venv/lib/python3.12/site-packages/airflow/example_dags/tutorial_taskflow_api.py took 0.049 seconds
[2026-01-04T12:32:26.778+0000] {processor.py:186} INFO - Started process (PID=29453) to work on /workspaces/f1_data_team/venv/lib/python3.12/site-packages/airflow/example_dags/tutorial_taskflow_api.py
[2026-01-04T12:32:26.779+0000] {processor.py:914} INFO - Processing file /workspaces/f1_data_team/venv/lib/python3.12/site-packages/airflow/example_dags/tutorial_taskflow_api.py for tasks to queue
[2026-01-04T12:32:26.781+0000] {logging_mixin.py:190} INFO - [2026-01-04T12:32:26.780+0000] {dagbag.py:588} INFO - Filling up the DagBag from /workspaces/f1_data_team/venv/lib/python3.12/site-packages/airflow/example_dags/tutorial_taskflow_api.py
[2026-01-04T12:32:26.788+0000] {processor.py:925} INFO - DAG(s) 'tutorial_taskflow_api' retrieved from /workspaces/f1_data_team/venv/lib/python3.12/site-packages/airflow/example_dags/tutorial_taskflow_api.py
[2026-01-04T12:32:26.805+0000] {logging_mixin.py:190} INFO - [2026-01-04T12:32:26.804+0000] {dag.py:3239} INFO - Sync 1 DAGs
[2026-01-04T12:32:26.814+0000] {logging_mixin.py:190} INFO - [2026-01-04T12:32:26.814+0000] {dag.py:4180} INFO - Setting next_dagrun for tutorial_taskflow_api to None, run_after=None
[2026-01-04T12:32:26.829+0000] {processor.py:208} INFO - Processing /workspaces/f1_data_team/venv/lib/python3.12/site-packages/airflow/example_dags/tutorial_taskflow_api.py took 0.055 seconds
[2026-01-04T12:33:27.822+0000] {processor.py:186} INFO - Started process (PID=30548) to work on /workspaces/f1_data_team/venv/lib/python3.12/site-packages/airflow/example_dags/tutorial_taskflow_api.py
[2026-01-04T12:33:27.823+0000] {processor.py:914} INFO - Processing file /workspaces/f1_data_team/venv/lib/python3.12/site-packages/airflow/example_dags/tutorial_taskflow_api.py for tasks to queue
[2026-01-04T12:33:27.826+0000] {logging_mixin.py:190} INFO - [2026-01-04T12:33:27.825+0000] {dagbag.py:588} INFO - Filling up the DagBag from /workspaces/f1_data_team/venv/lib/python3.12/site-packages/airflow/example_dags/tutorial_taskflow_api.py
[2026-01-04T12:33:27.833+0000] {processor.py:925} INFO - DAG(s) 'tutorial_taskflow_api' retrieved from /workspaces/f1_data_team/venv/lib/python3.12/site-packages/airflow/example_dags/tutorial_taskflow_api.py
[2026-01-04T12:33:27.844+0000] {logging_mixin.py:190} INFO - [2026-01-04T12:33:27.844+0000] {dag.py:3239} INFO - Sync 1 DAGs
[2026-01-04T12:33:27.854+0000] {logging_mixin.py:190} INFO - [2026-01-04T12:33:27.854+0000] {dag.py:4180} INFO - Setting next_dagrun for tutorial_taskflow_api to None, run_after=None
[2026-01-04T12:33:27.868+0000] {processor.py:208} INFO - Processing /workspaces/f1_data_team/venv/lib/python3.12/site-packages/airflow/example_dags/tutorial_taskflow_api.py took 0.050 seconds
[2026-01-04T12:34:24.302+0000] {processor.py:186} INFO - Started process (PID=31039) to work on /workspaces/f1_data_team/venv/lib/python3.12/site-packages/airflow/example_dags/tutorial_taskflow_api.py
[2026-01-04T12:34:24.302+0000] {processor.py:914} INFO - Processing file /workspaces/f1_data_team/venv/lib/python3.12/site-packages/airflow/example_dags/tutorial_taskflow_api.py for tasks to queue
[2026-01-04T12:34:24.304+0000] {logging_mixin.py:190} INFO - [2026-01-04T12:34:24.304+0000] {dagbag.py:588} INFO - Filling up the DagBag from /workspaces/f1_data_team/venv/lib/python3.12/site-packages/airflow/example_dags/tutorial_taskflow_api.py
[2026-01-04T12:34:24.311+0000] {processor.py:925} INFO - DAG(s) 'tutorial_taskflow_api' retrieved from /workspaces/f1_data_team/venv/lib/python3.12/site-packages/airflow/example_dags/tutorial_taskflow_api.py
[2026-01-04T12:34:24.323+0000] {logging_mixin.py:190} INFO - [2026-01-04T12:34:24.323+0000] {dag.py:3239} INFO - Sync 1 DAGs
[2026-01-04T12:34:24.332+0000] {logging_mixin.py:190} INFO - [2026-01-04T12:34:24.332+0000] {dag.py:4180} INFO - Setting next_dagrun for tutorial_taskflow_api to None, run_after=None
[2026-01-04T12:34:24.347+0000] {processor.py:208} INFO - Processing /workspaces/f1_data_team/venv/lib/python3.12/site-packages/airflow/example_dags/tutorial_taskflow_api.py took 0.049 seconds
[2026-01-04T12:35:13.429+0000] {processor.py:186} INFO - Started process (PID=31493) to work on /workspaces/f1_data_team/venv/lib/python3.12/site-packages/airflow/example_dags/tutorial_taskflow_api.py
[2026-01-04T12:35:13.429+0000] {processor.py:914} INFO - Processing file /workspaces/f1_data_team/venv/lib/python3.12/site-packages/airflow/example_dags/tutorial_taskflow_api.py for tasks to queue
[2026-01-04T12:35:13.431+0000] {logging_mixin.py:190} INFO - [2026-01-04T12:35:13.431+0000] {dagbag.py:588} INFO - Filling up the DagBag from /workspaces/f1_data_team/venv/lib/python3.12/site-packages/airflow/example_dags/tutorial_taskflow_api.py
[2026-01-04T12:35:13.438+0000] {processor.py:925} INFO - DAG(s) 'tutorial_taskflow_api' retrieved from /workspaces/f1_data_team/venv/lib/python3.12/site-packages/airflow/example_dags/tutorial_taskflow_api.py
[2026-01-04T12:35:13.450+0000] {logging_mixin.py:190} INFO - [2026-01-04T12:35:13.450+0000] {dag.py:3239} INFO - Sync 1 DAGs
[2026-01-04T12:35:13.459+0000] {logging_mixin.py:190} INFO - [2026-01-04T12:35:13.459+0000] {dag.py:4180} INFO - Setting next_dagrun for tutorial_taskflow_api to None, run_after=None
[2026-01-04T12:35:13.474+0000] {processor.py:208} INFO - Processing /workspaces/f1_data_team/venv/lib/python3.12/site-packages/airflow/example_dags/tutorial_taskflow_api.py took 0.049 seconds
[2026-01-04T12:36:05.735+0000] {processor.py:186} INFO - Started process (PID=32132) to work on /workspaces/f1_data_team/venv/lib/python3.12/site-packages/airflow/example_dags/tutorial_taskflow_api.py
[2026-01-04T12:36:05.736+0000] {processor.py:914} INFO - Processing file /workspaces/f1_data_team/venv/lib/python3.12/site-packages/airflow/example_dags/tutorial_taskflow_api.py for tasks to queue
[2026-01-04T12:36:05.738+0000] {logging_mixin.py:190} INFO - [2026-01-04T12:36:05.737+0000] {dagbag.py:588} INFO - Filling up the DagBag from /workspaces/f1_data_team/venv/lib/python3.12/site-packages/airflow/example_dags/tutorial_taskflow_api.py
[2026-01-04T12:36:05.745+0000] {processor.py:925} INFO - DAG(s) 'tutorial_taskflow_api' retrieved from /workspaces/f1_data_team/venv/lib/python3.12/site-packages/airflow/example_dags/tutorial_taskflow_api.py
[2026-01-04T12:36:05.756+0000] {logging_mixin.py:190} INFO - [2026-01-04T12:36:05.756+0000] {dag.py:3239} INFO - Sync 1 DAGs
[2026-01-04T12:36:05.766+0000] {logging_mixin.py:190} INFO - [2026-01-04T12:36:05.766+0000] {dag.py:4180} INFO - Setting next_dagrun for tutorial_taskflow_api to None, run_after=None
[2026-01-04T12:36:05.781+0000] {processor.py:208} INFO - Processing /workspaces/f1_data_team/venv/lib/python3.12/site-packages/airflow/example_dags/tutorial_taskflow_api.py took 0.051 seconds
[2026-01-04T12:36:57.132+0000] {processor.py:186} INFO - Started process (PID=32603) to work on /workspaces/f1_data_team/venv/lib/python3.12/site-packages/airflow/example_dags/tutorial_taskflow_api.py
[2026-01-04T12:36:57.133+0000] {processor.py:914} INFO - Processing file /workspaces/f1_data_team/venv/lib/python3.12/site-packages/airflow/example_dags/tutorial_taskflow_api.py for tasks to queue
[2026-01-04T12:36:57.135+0000] {logging_mixin.py:190} INFO - [2026-01-04T12:36:57.135+0000] {dagbag.py:588} INFO - Filling up the DagBag from /workspaces/f1_data_team/venv/lib/python3.12/site-packages/airflow/example_dags/tutorial_taskflow_api.py
[2026-01-04T12:36:57.144+0000] {processor.py:925} INFO - DAG(s) 'tutorial_taskflow_api' retrieved from /workspaces/f1_data_team/venv/lib/python3.12/site-packages/airflow/example_dags/tutorial_taskflow_api.py
[2026-01-04T12:36:57.157+0000] {logging_mixin.py:190} INFO - [2026-01-04T12:36:57.156+0000] {dag.py:3239} INFO - Sync 1 DAGs
[2026-01-04T12:36:57.166+0000] {logging_mixin.py:190} INFO - [2026-01-04T12:36:57.166+0000] {dag.py:4180} INFO - Setting next_dagrun for tutorial_taskflow_api to None, run_after=None
[2026-01-04T12:36:57.181+0000] {processor.py:208} INFO - Processing /workspaces/f1_data_team/venv/lib/python3.12/site-packages/airflow/example_dags/tutorial_taskflow_api.py took 0.053 seconds
[2026-01-04T12:37:51.673+0000] {processor.py:186} INFO - Started process (PID=33483) to work on /workspaces/f1_data_team/venv/lib/python3.12/site-packages/airflow/example_dags/tutorial_taskflow_api.py
[2026-01-04T12:37:51.673+0000] {processor.py:914} INFO - Processing file /workspaces/f1_data_team/venv/lib/python3.12/site-packages/airflow/example_dags/tutorial_taskflow_api.py for tasks to queue
[2026-01-04T12:37:51.675+0000] {logging_mixin.py:190} INFO - [2026-01-04T12:37:51.675+0000] {dagbag.py:588} INFO - Filling up the DagBag from /workspaces/f1_data_team/venv/lib/python3.12/site-packages/airflow/example_dags/tutorial_taskflow_api.py
[2026-01-04T12:37:51.682+0000] {processor.py:925} INFO - DAG(s) 'tutorial_taskflow_api' retrieved from /workspaces/f1_data_team/venv/lib/python3.12/site-packages/airflow/example_dags/tutorial_taskflow_api.py
[2026-01-04T12:37:51.694+0000] {logging_mixin.py:190} INFO - [2026-01-04T12:37:51.694+0000] {dag.py:3239} INFO - Sync 1 DAGs
[2026-01-04T12:37:51.703+0000] {logging_mixin.py:190} INFO - [2026-01-04T12:37:51.703+0000] {dag.py:4180} INFO - Setting next_dagrun for tutorial_taskflow_api to None, run_after=None
[2026-01-04T12:37:51.721+0000] {processor.py:208} INFO - Processing /workspaces/f1_data_team/venv/lib/python3.12/site-packages/airflow/example_dags/tutorial_taskflow_api.py took 0.053 seconds
[2026-01-04T12:38:43.378+0000] {processor.py:186} INFO - Started process (PID=34008) to work on /workspaces/f1_data_team/venv/lib/python3.12/site-packages/airflow/example_dags/tutorial_taskflow_api.py
[2026-01-04T12:38:43.379+0000] {processor.py:914} INFO - Processing file /workspaces/f1_data_team/venv/lib/python3.12/site-packages/airflow/example_dags/tutorial_taskflow_api.py for tasks to queue
[2026-01-04T12:38:43.381+0000] {logging_mixin.py:190} INFO - [2026-01-04T12:38:43.381+0000] {dagbag.py:588} INFO - Filling up the DagBag from /workspaces/f1_data_team/venv/lib/python3.12/site-packages/airflow/example_dags/tutorial_taskflow_api.py
[2026-01-04T12:38:43.388+0000] {processor.py:925} INFO - DAG(s) 'tutorial_taskflow_api' retrieved from /workspaces/f1_data_team/venv/lib/python3.12/site-packages/airflow/example_dags/tutorial_taskflow_api.py
[2026-01-04T12:38:43.399+0000] {logging_mixin.py:190} INFO - [2026-01-04T12:38:43.399+0000] {dag.py:3239} INFO - Sync 1 DAGs
[2026-01-04T12:38:43.409+0000] {logging_mixin.py:190} INFO - [2026-01-04T12:38:43.409+0000] {dag.py:4180} INFO - Setting next_dagrun for tutorial_taskflow_api to None, run_after=None
[2026-01-04T12:38:43.424+0000] {processor.py:208} INFO - Processing /workspaces/f1_data_team/venv/lib/python3.12/site-packages/airflow/example_dags/tutorial_taskflow_api.py took 0.050 seconds
[2026-01-04T12:39:36.776+0000] {processor.py:186} INFO - Started process (PID=34513) to work on /workspaces/f1_data_team/venv/lib/python3.12/site-packages/airflow/example_dags/tutorial_taskflow_api.py
[2026-01-04T12:39:36.777+0000] {processor.py:914} INFO - Processing file /workspaces/f1_data_team/venv/lib/python3.12/site-packages/airflow/example_dags/tutorial_taskflow_api.py for tasks to queue
[2026-01-04T12:39:36.779+0000] {logging_mixin.py:190} INFO - [2026-01-04T12:39:36.779+0000] {dagbag.py:588} INFO - Filling up the DagBag from /workspaces/f1_data_team/venv/lib/python3.12/site-packages/airflow/example_dags/tutorial_taskflow_api.py
[2026-01-04T12:39:36.786+0000] {processor.py:925} INFO - DAG(s) 'tutorial_taskflow_api' retrieved from /workspaces/f1_data_team/venv/lib/python3.12/site-packages/airflow/example_dags/tutorial_taskflow_api.py
[2026-01-04T12:39:36.798+0000] {logging_mixin.py:190} INFO - [2026-01-04T12:39:36.798+0000] {dag.py:3239} INFO - Sync 1 DAGs
[2026-01-04T12:39:36.812+0000] {logging_mixin.py:190} INFO - [2026-01-04T12:39:36.812+0000] {dag.py:4180} INFO - Setting next_dagrun for tutorial_taskflow_api to None, run_after=None
[2026-01-04T12:39:36.831+0000] {processor.py:208} INFO - Processing /workspaces/f1_data_team/venv/lib/python3.12/site-packages/airflow/example_dags/tutorial_taskflow_api.py took 0.060 seconds
[2026-01-04T12:40:31.447+0000] {processor.py:186} INFO - Started process (PID=35064) to work on /workspaces/f1_data_team/venv/lib/python3.12/site-packages/airflow/example_dags/tutorial_taskflow_api.py
[2026-01-04T12:40:31.448+0000] {processor.py:914} INFO - Processing file /workspaces/f1_data_team/venv/lib/python3.12/site-packages/airflow/example_dags/tutorial_taskflow_api.py for tasks to queue
[2026-01-04T12:40:31.450+0000] {logging_mixin.py:190} INFO - [2026-01-04T12:40:31.450+0000] {dagbag.py:588} INFO - Filling up the DagBag from /workspaces/f1_data_team/venv/lib/python3.12/site-packages/airflow/example_dags/tutorial_taskflow_api.py
[2026-01-04T12:40:31.460+0000] {processor.py:925} INFO - DAG(s) 'tutorial_taskflow_api' retrieved from /workspaces/f1_data_team/venv/lib/python3.12/site-packages/airflow/example_dags/tutorial_taskflow_api.py
[2026-01-04T12:40:31.478+0000] {logging_mixin.py:190} INFO - [2026-01-04T12:40:31.477+0000] {dag.py:3239} INFO - Sync 1 DAGs
[2026-01-04T12:40:31.493+0000] {logging_mixin.py:190} INFO - [2026-01-04T12:40:31.492+0000] {dag.py:4180} INFO - Setting next_dagrun for tutorial_taskflow_api to None, run_after=None
[2026-01-04T12:40:31.511+0000] {processor.py:208} INFO - Processing /workspaces/f1_data_team/venv/lib/python3.12/site-packages/airflow/example_dags/tutorial_taskflow_api.py took 0.071 seconds
[2026-01-04T12:41:25.260+0000] {processor.py:186} INFO - Started process (PID=35756) to work on /workspaces/f1_data_team/venv/lib/python3.12/site-packages/airflow/example_dags/tutorial_taskflow_api.py
[2026-01-04T12:41:25.261+0000] {processor.py:914} INFO - Processing file /workspaces/f1_data_team/venv/lib/python3.12/site-packages/airflow/example_dags/tutorial_taskflow_api.py for tasks to queue
[2026-01-04T12:41:25.263+0000] {logging_mixin.py:190} INFO - [2026-01-04T12:41:25.262+0000] {dagbag.py:588} INFO - Filling up the DagBag from /workspaces/f1_data_team/venv/lib/python3.12/site-packages/airflow/example_dags/tutorial_taskflow_api.py
[2026-01-04T12:41:25.269+0000] {processor.py:925} INFO - DAG(s) 'tutorial_taskflow_api' retrieved from /workspaces/f1_data_team/venv/lib/python3.12/site-packages/airflow/example_dags/tutorial_taskflow_api.py
[2026-01-04T12:41:25.286+0000] {logging_mixin.py:190} INFO - [2026-01-04T12:41:25.285+0000] {dag.py:3239} INFO - Sync 1 DAGs
[2026-01-04T12:41:25.295+0000] {logging_mixin.py:190} INFO - [2026-01-04T12:41:25.295+0000] {dag.py:4180} INFO - Setting next_dagrun for tutorial_taskflow_api to None, run_after=None
[2026-01-04T12:41:25.309+0000] {processor.py:208} INFO - Processing /workspaces/f1_data_team/venv/lib/python3.12/site-packages/airflow/example_dags/tutorial_taskflow_api.py took 0.054 seconds
[2026-01-04T12:42:29.553+0000] {processor.py:186} INFO - Started process (PID=36811) to work on /workspaces/f1_data_team/venv/lib/python3.12/site-packages/airflow/example_dags/tutorial_taskflow_api.py
[2026-01-04T12:42:29.554+0000] {processor.py:914} INFO - Processing file /workspaces/f1_data_team/venv/lib/python3.12/site-packages/airflow/example_dags/tutorial_taskflow_api.py for tasks to queue
[2026-01-04T12:42:29.556+0000] {logging_mixin.py:190} INFO - [2026-01-04T12:42:29.555+0000] {dagbag.py:588} INFO - Filling up the DagBag from /workspaces/f1_data_team/venv/lib/python3.12/site-packages/airflow/example_dags/tutorial_taskflow_api.py
[2026-01-04T12:42:29.563+0000] {processor.py:925} INFO - DAG(s) 'tutorial_taskflow_api' retrieved from /workspaces/f1_data_team/venv/lib/python3.12/site-packages/airflow/example_dags/tutorial_taskflow_api.py
[2026-01-04T12:42:29.576+0000] {logging_mixin.py:190} INFO - [2026-01-04T12:42:29.575+0000] {dag.py:3239} INFO - Sync 1 DAGs
[2026-01-04T12:42:29.586+0000] {logging_mixin.py:190} INFO - [2026-01-04T12:42:29.586+0000] {dag.py:4180} INFO - Setting next_dagrun for tutorial_taskflow_api to None, run_after=None
[2026-01-04T12:42:29.602+0000] {processor.py:208} INFO - Processing /workspaces/f1_data_team/venv/lib/python3.12/site-packages/airflow/example_dags/tutorial_taskflow_api.py took 0.054 seconds
[2026-01-04T12:43:26.476+0000] {processor.py:186} INFO - Started process (PID=37562) to work on /workspaces/f1_data_team/venv/lib/python3.12/site-packages/airflow/example_dags/tutorial_taskflow_api.py
[2026-01-04T12:43:26.476+0000] {processor.py:914} INFO - Processing file /workspaces/f1_data_team/venv/lib/python3.12/site-packages/airflow/example_dags/tutorial_taskflow_api.py for tasks to queue
[2026-01-04T12:43:26.479+0000] {logging_mixin.py:190} INFO - [2026-01-04T12:43:26.478+0000] {dagbag.py:588} INFO - Filling up the DagBag from /workspaces/f1_data_team/venv/lib/python3.12/site-packages/airflow/example_dags/tutorial_taskflow_api.py
[2026-01-04T12:43:26.485+0000] {processor.py:925} INFO - DAG(s) 'tutorial_taskflow_api' retrieved from /workspaces/f1_data_team/venv/lib/python3.12/site-packages/airflow/example_dags/tutorial_taskflow_api.py
[2026-01-04T12:43:26.497+0000] {logging_mixin.py:190} INFO - [2026-01-04T12:43:26.497+0000] {dag.py:3239} INFO - Sync 1 DAGs
[2026-01-04T12:43:26.506+0000] {logging_mixin.py:190} INFO - [2026-01-04T12:43:26.506+0000] {dag.py:4180} INFO - Setting next_dagrun for tutorial_taskflow_api to None, run_after=None
[2026-01-04T12:43:26.520+0000] {processor.py:208} INFO - Processing /workspaces/f1_data_team/venv/lib/python3.12/site-packages/airflow/example_dags/tutorial_taskflow_api.py took 0.049 seconds
[2026-01-04T12:44:18.185+0000] {processor.py:186} INFO - Started process (PID=38121) to work on /workspaces/f1_data_team/venv/lib/python3.12/site-packages/airflow/example_dags/tutorial_taskflow_api.py
[2026-01-04T12:44:18.186+0000] {processor.py:914} INFO - Processing file /workspaces/f1_data_team/venv/lib/python3.12/site-packages/airflow/example_dags/tutorial_taskflow_api.py for tasks to queue
[2026-01-04T12:44:18.189+0000] {logging_mixin.py:190} INFO - [2026-01-04T12:44:18.188+0000] {dagbag.py:588} INFO - Filling up the DagBag from /workspaces/f1_data_team/venv/lib/python3.12/site-packages/airflow/example_dags/tutorial_taskflow_api.py
[2026-01-04T12:44:18.198+0000] {processor.py:925} INFO - DAG(s) 'tutorial_taskflow_api' retrieved from /workspaces/f1_data_team/venv/lib/python3.12/site-packages/airflow/example_dags/tutorial_taskflow_api.py
[2026-01-04T12:44:18.211+0000] {logging_mixin.py:190} INFO - [2026-01-04T12:44:18.210+0000] {dag.py:3239} INFO - Sync 1 DAGs
[2026-01-04T12:44:18.220+0000] {logging_mixin.py:190} INFO - [2026-01-04T12:44:18.220+0000] {dag.py:4180} INFO - Setting next_dagrun for tutorial_taskflow_api to None, run_after=None
[2026-01-04T12:44:18.234+0000] {processor.py:208} INFO - Processing /workspaces/f1_data_team/venv/lib/python3.12/site-packages/airflow/example_dags/tutorial_taskflow_api.py took 0.055 seconds
[2026-01-04T12:45:16.435+0000] {processor.py:186} INFO - Started process (PID=39178) to work on /workspaces/f1_data_team/venv/lib/python3.12/site-packages/airflow/example_dags/tutorial_taskflow_api.py
[2026-01-04T12:45:16.436+0000] {processor.py:914} INFO - Processing file /workspaces/f1_data_team/venv/lib/python3.12/site-packages/airflow/example_dags/tutorial_taskflow_api.py for tasks to queue
[2026-01-04T12:45:16.438+0000] {logging_mixin.py:190} INFO - [2026-01-04T12:45:16.437+0000] {dagbag.py:588} INFO - Filling up the DagBag from /workspaces/f1_data_team/venv/lib/python3.12/site-packages/airflow/example_dags/tutorial_taskflow_api.py
[2026-01-04T12:45:16.444+0000] {processor.py:925} INFO - DAG(s) 'tutorial_taskflow_api' retrieved from /workspaces/f1_data_team/venv/lib/python3.12/site-packages/airflow/example_dags/tutorial_taskflow_api.py
[2026-01-04T12:45:16.461+0000] {logging_mixin.py:190} INFO - [2026-01-04T12:45:16.460+0000] {dag.py:3239} INFO - Sync 1 DAGs
[2026-01-04T12:45:16.476+0000] {logging_mixin.py:190} INFO - [2026-01-04T12:45:16.476+0000] {dag.py:4180} INFO - Setting next_dagrun for tutorial_taskflow_api to None, run_after=None
[2026-01-04T12:45:16.519+0000] {processor.py:208} INFO - Processing /workspaces/f1_data_team/venv/lib/python3.12/site-packages/airflow/example_dags/tutorial_taskflow_api.py took 0.089 seconds
[2026-01-04T12:46:11.679+0000] {processor.py:186} INFO - Started process (PID=39736) to work on /workspaces/f1_data_team/venv/lib/python3.12/site-packages/airflow/example_dags/tutorial_taskflow_api.py
[2026-01-04T12:46:11.680+0000] {processor.py:914} INFO - Processing file /workspaces/f1_data_team/venv/lib/python3.12/site-packages/airflow/example_dags/tutorial_taskflow_api.py for tasks to queue
[2026-01-04T12:46:11.683+0000] {logging_mixin.py:190} INFO - [2026-01-04T12:46:11.682+0000] {dagbag.py:588} INFO - Filling up the DagBag from /workspaces/f1_data_team/venv/lib/python3.12/site-packages/airflow/example_dags/tutorial_taskflow_api.py
[2026-01-04T12:46:11.690+0000] {processor.py:925} INFO - DAG(s) 'tutorial_taskflow_api' retrieved from /workspaces/f1_data_team/venv/lib/python3.12/site-packages/airflow/example_dags/tutorial_taskflow_api.py
[2026-01-04T12:46:11.702+0000] {logging_mixin.py:190} INFO - [2026-01-04T12:46:11.702+0000] {dag.py:3239} INFO - Sync 1 DAGs
[2026-01-04T12:46:11.711+0000] {logging_mixin.py:190} INFO - [2026-01-04T12:46:11.711+0000] {dag.py:4180} INFO - Setting next_dagrun for tutorial_taskflow_api to None, run_after=None
[2026-01-04T12:46:11.726+0000] {processor.py:208} INFO - Processing /workspaces/f1_data_team/venv/lib/python3.12/site-packages/airflow/example_dags/tutorial_taskflow_api.py took 0.053 seconds
[2026-01-04T12:47:03.338+0000] {processor.py:186} INFO - Started process (PID=40278) to work on /workspaces/f1_data_team/venv/lib/python3.12/site-packages/airflow/example_dags/tutorial_taskflow_api.py
[2026-01-04T12:47:03.339+0000] {processor.py:914} INFO - Processing file /workspaces/f1_data_team/venv/lib/python3.12/site-packages/airflow/example_dags/tutorial_taskflow_api.py for tasks to queue
[2026-01-04T12:47:03.341+0000] {logging_mixin.py:190} INFO - [2026-01-04T12:47:03.341+0000] {dagbag.py:588} INFO - Filling up the DagBag from /workspaces/f1_data_team/venv/lib/python3.12/site-packages/airflow/example_dags/tutorial_taskflow_api.py
[2026-01-04T12:47:03.348+0000] {processor.py:925} INFO - DAG(s) 'tutorial_taskflow_api' retrieved from /workspaces/f1_data_team/venv/lib/python3.12/site-packages/airflow/example_dags/tutorial_taskflow_api.py
[2026-01-04T12:47:03.360+0000] {logging_mixin.py:190} INFO - [2026-01-04T12:47:03.360+0000] {dag.py:3239} INFO - Sync 1 DAGs
[2026-01-04T12:47:03.372+0000] {logging_mixin.py:190} INFO - [2026-01-04T12:47:03.372+0000] {dag.py:4180} INFO - Setting next_dagrun for tutorial_taskflow_api to None, run_after=None
[2026-01-04T12:47:03.387+0000] {processor.py:208} INFO - Processing /workspaces/f1_data_team/venv/lib/python3.12/site-packages/airflow/example_dags/tutorial_taskflow_api.py took 0.053 seconds
[2026-01-04T12:47:54.008+0000] {processor.py:186} INFO - Started process (PID=40786) to work on /workspaces/f1_data_team/venv/lib/python3.12/site-packages/airflow/example_dags/tutorial_taskflow_api.py
[2026-01-04T12:47:54.008+0000] {processor.py:914} INFO - Processing file /workspaces/f1_data_team/venv/lib/python3.12/site-packages/airflow/example_dags/tutorial_taskflow_api.py for tasks to queue
[2026-01-04T12:47:54.010+0000] {logging_mixin.py:190} INFO - [2026-01-04T12:47:54.010+0000] {dagbag.py:588} INFO - Filling up the DagBag from /workspaces/f1_data_team/venv/lib/python3.12/site-packages/airflow/example_dags/tutorial_taskflow_api.py
[2026-01-04T12:47:54.017+0000] {processor.py:925} INFO - DAG(s) 'tutorial_taskflow_api' retrieved from /workspaces/f1_data_team/venv/lib/python3.12/site-packages/airflow/example_dags/tutorial_taskflow_api.py
[2026-01-04T12:47:54.029+0000] {logging_mixin.py:190} INFO - [2026-01-04T12:47:54.028+0000] {dag.py:3239} INFO - Sync 1 DAGs
[2026-01-04T12:47:54.038+0000] {logging_mixin.py:190} INFO - [2026-01-04T12:47:54.038+0000] {dag.py:4180} INFO - Setting next_dagrun for tutorial_taskflow_api to None, run_after=None
[2026-01-04T12:47:54.053+0000] {processor.py:208} INFO - Processing /workspaces/f1_data_team/venv/lib/python3.12/site-packages/airflow/example_dags/tutorial_taskflow_api.py took 0.050 seconds
[2026-01-04T12:48:38.475+0000] {processor.py:186} INFO - Started process (PID=41485) to work on /workspaces/f1_data_team/venv/lib/python3.12/site-packages/airflow/example_dags/tutorial_taskflow_api.py
[2026-01-04T12:48:38.476+0000] {processor.py:914} INFO - Processing file /workspaces/f1_data_team/venv/lib/python3.12/site-packages/airflow/example_dags/tutorial_taskflow_api.py for tasks to queue
[2026-01-04T12:48:38.478+0000] {logging_mixin.py:190} INFO - [2026-01-04T12:48:38.477+0000] {dagbag.py:588} INFO - Filling up the DagBag from /workspaces/f1_data_team/venv/lib/python3.12/site-packages/airflow/example_dags/tutorial_taskflow_api.py
[2026-01-04T12:48:38.484+0000] {processor.py:925} INFO - DAG(s) 'tutorial_taskflow_api' retrieved from /workspaces/f1_data_team/venv/lib/python3.12/site-packages/airflow/example_dags/tutorial_taskflow_api.py
[2026-01-04T12:48:38.502+0000] {logging_mixin.py:190} INFO - [2026-01-04T12:48:38.501+0000] {dag.py:3239} INFO - Sync 1 DAGs
[2026-01-04T12:48:38.514+0000] {logging_mixin.py:190} INFO - [2026-01-04T12:48:38.513+0000] {dag.py:4180} INFO - Setting next_dagrun for tutorial_taskflow_api to None, run_after=None
[2026-01-04T12:48:38.535+0000] {processor.py:208} INFO - Processing /workspaces/f1_data_team/venv/lib/python3.12/site-packages/airflow/example_dags/tutorial_taskflow_api.py took 0.064 seconds
[2026-01-04T12:49:42.079+0000] {processor.py:186} INFO - Started process (PID=42479) to work on /workspaces/f1_data_team/venv/lib/python3.12/site-packages/airflow/example_dags/tutorial_taskflow_api.py
[2026-01-04T12:49:42.080+0000] {processor.py:914} INFO - Processing file /workspaces/f1_data_team/venv/lib/python3.12/site-packages/airflow/example_dags/tutorial_taskflow_api.py for tasks to queue
[2026-01-04T12:49:42.082+0000] {logging_mixin.py:190} INFO - [2026-01-04T12:49:42.081+0000] {dagbag.py:588} INFO - Filling up the DagBag from /workspaces/f1_data_team/venv/lib/python3.12/site-packages/airflow/example_dags/tutorial_taskflow_api.py
[2026-01-04T12:49:42.089+0000] {processor.py:925} INFO - DAG(s) 'tutorial_taskflow_api' retrieved from /workspaces/f1_data_team/venv/lib/python3.12/site-packages/airflow/example_dags/tutorial_taskflow_api.py
[2026-01-04T12:49:42.100+0000] {logging_mixin.py:190} INFO - [2026-01-04T12:49:42.100+0000] {dag.py:3239} INFO - Sync 1 DAGs
[2026-01-04T12:49:42.110+0000] {logging_mixin.py:190} INFO - [2026-01-04T12:49:42.110+0000] {dag.py:4180} INFO - Setting next_dagrun for tutorial_taskflow_api to None, run_after=None
[2026-01-04T12:49:42.125+0000] {processor.py:208} INFO - Processing /workspaces/f1_data_team/venv/lib/python3.12/site-packages/airflow/example_dags/tutorial_taskflow_api.py took 0.051 seconds
[2026-01-04T12:50:36.323+0000] {processor.py:186} INFO - Started process (PID=42985) to work on /workspaces/f1_data_team/venv/lib/python3.12/site-packages/airflow/example_dags/tutorial_taskflow_api.py
[2026-01-04T12:50:36.324+0000] {processor.py:914} INFO - Processing file /workspaces/f1_data_team/venv/lib/python3.12/site-packages/airflow/example_dags/tutorial_taskflow_api.py for tasks to queue
[2026-01-04T12:50:36.326+0000] {logging_mixin.py:190} INFO - [2026-01-04T12:50:36.326+0000] {dagbag.py:588} INFO - Filling up the DagBag from /workspaces/f1_data_team/venv/lib/python3.12/site-packages/airflow/example_dags/tutorial_taskflow_api.py
[2026-01-04T12:50:36.333+0000] {processor.py:925} INFO - DAG(s) 'tutorial_taskflow_api' retrieved from /workspaces/f1_data_team/venv/lib/python3.12/site-packages/airflow/example_dags/tutorial_taskflow_api.py
[2026-01-04T12:50:36.345+0000] {logging_mixin.py:190} INFO - [2026-01-04T12:50:36.345+0000] {dag.py:3239} INFO - Sync 1 DAGs
[2026-01-04T12:50:36.354+0000] {logging_mixin.py:190} INFO - [2026-01-04T12:50:36.354+0000] {dag.py:4180} INFO - Setting next_dagrun for tutorial_taskflow_api to None, run_after=None
[2026-01-04T12:50:36.370+0000] {processor.py:208} INFO - Processing /workspaces/f1_data_team/venv/lib/python3.12/site-packages/airflow/example_dags/tutorial_taskflow_api.py took 0.052 seconds
[2026-01-04T12:51:13.612+0000] {processor.py:186} INFO - Started process (PID=43627) to work on /workspaces/f1_data_team/venv/lib/python3.12/site-packages/airflow/example_dags/tutorial_taskflow_api.py
[2026-01-04T12:51:13.613+0000] {processor.py:914} INFO - Processing file /workspaces/f1_data_team/venv/lib/python3.12/site-packages/airflow/example_dags/tutorial_taskflow_api.py for tasks to queue
[2026-01-04T12:51:13.615+0000] {logging_mixin.py:190} INFO - [2026-01-04T12:51:13.615+0000] {dagbag.py:588} INFO - Filling up the DagBag from /workspaces/f1_data_team/venv/lib/python3.12/site-packages/airflow/example_dags/tutorial_taskflow_api.py
[2026-01-04T12:51:13.622+0000] {processor.py:925} INFO - DAG(s) 'tutorial_taskflow_api' retrieved from /workspaces/f1_data_team/venv/lib/python3.12/site-packages/airflow/example_dags/tutorial_taskflow_api.py
[2026-01-04T12:51:13.639+0000] {logging_mixin.py:190} INFO - [2026-01-04T12:51:13.639+0000] {dag.py:3239} INFO - Sync 1 DAGs
[2026-01-04T12:51:13.649+0000] {logging_mixin.py:190} INFO - [2026-01-04T12:51:13.649+0000] {dag.py:4180} INFO - Setting next_dagrun for tutorial_taskflow_api to None, run_after=None
[2026-01-04T12:51:13.665+0000] {processor.py:208} INFO - Processing /workspaces/f1_data_team/venv/lib/python3.12/site-packages/airflow/example_dags/tutorial_taskflow_api.py took 0.058 seconds
[2026-01-04T12:52:17.143+0000] {processor.py:186} INFO - Started process (PID=44756) to work on /workspaces/f1_data_team/venv/lib/python3.12/site-packages/airflow/example_dags/tutorial_taskflow_api.py
[2026-01-04T12:52:17.144+0000] {processor.py:914} INFO - Processing file /workspaces/f1_data_team/venv/lib/python3.12/site-packages/airflow/example_dags/tutorial_taskflow_api.py for tasks to queue
[2026-01-04T12:52:17.145+0000] {logging_mixin.py:190} INFO - [2026-01-04T12:52:17.145+0000] {dagbag.py:588} INFO - Filling up the DagBag from /workspaces/f1_data_team/venv/lib/python3.12/site-packages/airflow/example_dags/tutorial_taskflow_api.py
[2026-01-04T12:52:17.153+0000] {processor.py:925} INFO - DAG(s) 'tutorial_taskflow_api' retrieved from /workspaces/f1_data_team/venv/lib/python3.12/site-packages/airflow/example_dags/tutorial_taskflow_api.py
[2026-01-04T12:52:17.165+0000] {logging_mixin.py:190} INFO - [2026-01-04T12:52:17.165+0000] {dag.py:3239} INFO - Sync 1 DAGs
[2026-01-04T12:52:17.174+0000] {logging_mixin.py:190} INFO - [2026-01-04T12:52:17.174+0000] {dag.py:4180} INFO - Setting next_dagrun for tutorial_taskflow_api to None, run_after=None
[2026-01-04T12:52:17.189+0000] {processor.py:208} INFO - Processing /workspaces/f1_data_team/venv/lib/python3.12/site-packages/airflow/example_dags/tutorial_taskflow_api.py took 0.051 seconds
[2026-01-04T12:53:13.755+0000] {processor.py:186} INFO - Started process (PID=45566) to work on /workspaces/f1_data_team/venv/lib/python3.12/site-packages/airflow/example_dags/tutorial_taskflow_api.py
[2026-01-04T12:53:13.756+0000] {processor.py:914} INFO - Processing file /workspaces/f1_data_team/venv/lib/python3.12/site-packages/airflow/example_dags/tutorial_taskflow_api.py for tasks to queue
[2026-01-04T12:53:13.757+0000] {logging_mixin.py:190} INFO - [2026-01-04T12:53:13.757+0000] {dagbag.py:588} INFO - Filling up the DagBag from /workspaces/f1_data_team/venv/lib/python3.12/site-packages/airflow/example_dags/tutorial_taskflow_api.py
[2026-01-04T12:53:13.764+0000] {processor.py:925} INFO - DAG(s) 'tutorial_taskflow_api' retrieved from /workspaces/f1_data_team/venv/lib/python3.12/site-packages/airflow/example_dags/tutorial_taskflow_api.py
[2026-01-04T12:53:13.776+0000] {logging_mixin.py:190} INFO - [2026-01-04T12:53:13.776+0000] {dag.py:3239} INFO - Sync 1 DAGs
[2026-01-04T12:53:13.786+0000] {logging_mixin.py:190} INFO - [2026-01-04T12:53:13.786+0000] {dag.py:4180} INFO - Setting next_dagrun for tutorial_taskflow_api to None, run_after=None
[2026-01-04T12:53:13.801+0000] {processor.py:208} INFO - Processing /workspaces/f1_data_team/venv/lib/python3.12/site-packages/airflow/example_dags/tutorial_taskflow_api.py took 0.050 seconds
[2026-01-04T12:54:07.987+0000] {processor.py:186} INFO - Started process (PID=46289) to work on /workspaces/f1_data_team/venv/lib/python3.12/site-packages/airflow/example_dags/tutorial_taskflow_api.py
[2026-01-04T12:54:07.988+0000] {processor.py:914} INFO - Processing file /workspaces/f1_data_team/venv/lib/python3.12/site-packages/airflow/example_dags/tutorial_taskflow_api.py for tasks to queue
[2026-01-04T12:54:07.990+0000] {logging_mixin.py:190} INFO - [2026-01-04T12:54:07.990+0000] {dagbag.py:588} INFO - Filling up the DagBag from /workspaces/f1_data_team/venv/lib/python3.12/site-packages/airflow/example_dags/tutorial_taskflow_api.py
[2026-01-04T12:54:07.997+0000] {processor.py:925} INFO - DAG(s) 'tutorial_taskflow_api' retrieved from /workspaces/f1_data_team/venv/lib/python3.12/site-packages/airflow/example_dags/tutorial_taskflow_api.py
[2026-01-04T12:54:08.009+0000] {logging_mixin.py:190} INFO - [2026-01-04T12:54:08.008+0000] {dag.py:3239} INFO - Sync 1 DAGs
[2026-01-04T12:54:08.018+0000] {logging_mixin.py:190} INFO - [2026-01-04T12:54:08.018+0000] {dag.py:4180} INFO - Setting next_dagrun for tutorial_taskflow_api to None, run_after=None
[2026-01-04T12:54:08.032+0000] {processor.py:208} INFO - Processing /workspaces/f1_data_team/venv/lib/python3.12/site-packages/airflow/example_dags/tutorial_taskflow_api.py took 0.050 seconds
[2026-01-04T12:55:15.149+0000] {processor.py:186} INFO - Started process (PID=47575) to work on /workspaces/f1_data_team/venv/lib/python3.12/site-packages/airflow/example_dags/tutorial_taskflow_api.py
[2026-01-04T12:55:15.150+0000] {processor.py:914} INFO - Processing file /workspaces/f1_data_team/venv/lib/python3.12/site-packages/airflow/example_dags/tutorial_taskflow_api.py for tasks to queue
[2026-01-04T12:55:15.152+0000] {logging_mixin.py:190} INFO - [2026-01-04T12:55:15.151+0000] {dagbag.py:588} INFO - Filling up the DagBag from /workspaces/f1_data_team/venv/lib/python3.12/site-packages/airflow/example_dags/tutorial_taskflow_api.py
[2026-01-04T12:55:15.159+0000] {processor.py:925} INFO - DAG(s) 'tutorial_taskflow_api' retrieved from /workspaces/f1_data_team/venv/lib/python3.12/site-packages/airflow/example_dags/tutorial_taskflow_api.py
[2026-01-04T12:55:15.170+0000] {logging_mixin.py:190} INFO - [2026-01-04T12:55:15.170+0000] {dag.py:3239} INFO - Sync 1 DAGs
[2026-01-04T12:55:15.180+0000] {logging_mixin.py:190} INFO - [2026-01-04T12:55:15.180+0000] {dag.py:4180} INFO - Setting next_dagrun for tutorial_taskflow_api to None, run_after=None
[2026-01-04T12:55:15.196+0000] {processor.py:208} INFO - Processing /workspaces/f1_data_team/venv/lib/python3.12/site-packages/airflow/example_dags/tutorial_taskflow_api.py took 0.052 seconds
[2026-01-04T12:55:56.266+0000] {processor.py:186} INFO - Started process (PID=47896) to work on /workspaces/f1_data_team/venv/lib/python3.12/site-packages/airflow/example_dags/tutorial_taskflow_api.py
[2026-01-04T12:55:56.267+0000] {processor.py:914} INFO - Processing file /workspaces/f1_data_team/venv/lib/python3.12/site-packages/airflow/example_dags/tutorial_taskflow_api.py for tasks to queue
[2026-01-04T12:55:56.269+0000] {logging_mixin.py:190} INFO - [2026-01-04T12:55:56.268+0000] {dagbag.py:588} INFO - Filling up the DagBag from /workspaces/f1_data_team/venv/lib/python3.12/site-packages/airflow/example_dags/tutorial_taskflow_api.py
[2026-01-04T12:55:56.276+0000] {processor.py:925} INFO - DAG(s) 'tutorial_taskflow_api' retrieved from /workspaces/f1_data_team/venv/lib/python3.12/site-packages/airflow/example_dags/tutorial_taskflow_api.py
[2026-01-04T12:55:56.287+0000] {logging_mixin.py:190} INFO - [2026-01-04T12:55:56.287+0000] {dag.py:3239} INFO - Sync 1 DAGs
[2026-01-04T12:55:56.297+0000] {logging_mixin.py:190} INFO - [2026-01-04T12:55:56.297+0000] {dag.py:4180} INFO - Setting next_dagrun for tutorial_taskflow_api to None, run_after=None
[2026-01-04T12:55:56.315+0000] {processor.py:208} INFO - Processing /workspaces/f1_data_team/venv/lib/python3.12/site-packages/airflow/example_dags/tutorial_taskflow_api.py took 0.054 seconds
[2026-01-04T12:56:48.683+0000] {processor.py:186} INFO - Started process (PID=48434) to work on /workspaces/f1_data_team/venv/lib/python3.12/site-packages/airflow/example_dags/tutorial_taskflow_api.py
[2026-01-04T12:56:48.684+0000] {processor.py:914} INFO - Processing file /workspaces/f1_data_team/venv/lib/python3.12/site-packages/airflow/example_dags/tutorial_taskflow_api.py for tasks to queue
[2026-01-04T12:56:48.686+0000] {logging_mixin.py:190} INFO - [2026-01-04T12:56:48.686+0000] {dagbag.py:588} INFO - Filling up the DagBag from /workspaces/f1_data_team/venv/lib/python3.12/site-packages/airflow/example_dags/tutorial_taskflow_api.py
[2026-01-04T12:56:48.693+0000] {processor.py:925} INFO - DAG(s) 'tutorial_taskflow_api' retrieved from /workspaces/f1_data_team/venv/lib/python3.12/site-packages/airflow/example_dags/tutorial_taskflow_api.py
[2026-01-04T12:56:48.705+0000] {logging_mixin.py:190} INFO - [2026-01-04T12:56:48.705+0000] {dag.py:3239} INFO - Sync 1 DAGs
[2026-01-04T12:56:48.715+0000] {logging_mixin.py:190} INFO - [2026-01-04T12:56:48.714+0000] {dag.py:4180} INFO - Setting next_dagrun for tutorial_taskflow_api to None, run_after=None
[2026-01-04T12:56:48.729+0000] {processor.py:208} INFO - Processing /workspaces/f1_data_team/venv/lib/python3.12/site-packages/airflow/example_dags/tutorial_taskflow_api.py took 0.050 seconds
[2026-01-04T12:57:38.907+0000] {processor.py:186} INFO - Started process (PID=48914) to work on /workspaces/f1_data_team/venv/lib/python3.12/site-packages/airflow/example_dags/tutorial_taskflow_api.py
[2026-01-04T12:57:38.907+0000] {processor.py:914} INFO - Processing file /workspaces/f1_data_team/venv/lib/python3.12/site-packages/airflow/example_dags/tutorial_taskflow_api.py for tasks to queue
[2026-01-04T12:57:38.909+0000] {logging_mixin.py:190} INFO - [2026-01-04T12:57:38.909+0000] {dagbag.py:588} INFO - Filling up the DagBag from /workspaces/f1_data_team/venv/lib/python3.12/site-packages/airflow/example_dags/tutorial_taskflow_api.py
[2026-01-04T12:57:38.916+0000] {processor.py:925} INFO - DAG(s) 'tutorial_taskflow_api' retrieved from /workspaces/f1_data_team/venv/lib/python3.12/site-packages/airflow/example_dags/tutorial_taskflow_api.py
[2026-01-04T12:57:38.929+0000] {logging_mixin.py:190} INFO - [2026-01-04T12:57:38.929+0000] {dag.py:3239} INFO - Sync 1 DAGs
[2026-01-04T12:57:38.939+0000] {logging_mixin.py:190} INFO - [2026-01-04T12:57:38.939+0000] {dag.py:4180} INFO - Setting next_dagrun for tutorial_taskflow_api to None, run_after=None
[2026-01-04T12:57:38.954+0000] {processor.py:208} INFO - Processing /workspaces/f1_data_team/venv/lib/python3.12/site-packages/airflow/example_dags/tutorial_taskflow_api.py took 0.052 seconds
[2026-01-04T12:58:30.332+0000] {processor.py:186} INFO - Started process (PID=49429) to work on /workspaces/f1_data_team/venv/lib/python3.12/site-packages/airflow/example_dags/tutorial_taskflow_api.py
[2026-01-04T12:58:30.333+0000] {processor.py:914} INFO - Processing file /workspaces/f1_data_team/venv/lib/python3.12/site-packages/airflow/example_dags/tutorial_taskflow_api.py for tasks to queue
[2026-01-04T12:58:30.335+0000] {logging_mixin.py:190} INFO - [2026-01-04T12:58:30.335+0000] {dagbag.py:588} INFO - Filling up the DagBag from /workspaces/f1_data_team/venv/lib/python3.12/site-packages/airflow/example_dags/tutorial_taskflow_api.py
[2026-01-04T12:58:30.342+0000] {processor.py:925} INFO - DAG(s) 'tutorial_taskflow_api' retrieved from /workspaces/f1_data_team/venv/lib/python3.12/site-packages/airflow/example_dags/tutorial_taskflow_api.py
[2026-01-04T12:58:30.354+0000] {logging_mixin.py:190} INFO - [2026-01-04T12:58:30.354+0000] {dag.py:3239} INFO - Sync 1 DAGs
[2026-01-04T12:58:30.363+0000] {logging_mixin.py:190} INFO - [2026-01-04T12:58:30.363+0000] {dag.py:4180} INFO - Setting next_dagrun for tutorial_taskflow_api to None, run_after=None
[2026-01-04T12:58:30.378+0000] {processor.py:208} INFO - Processing /workspaces/f1_data_team/venv/lib/python3.12/site-packages/airflow/example_dags/tutorial_taskflow_api.py took 0.050 seconds
[2026-01-04T12:59:25.921+0000] {processor.py:186} INFO - Started process (PID=49954) to work on /workspaces/f1_data_team/venv/lib/python3.12/site-packages/airflow/example_dags/tutorial_taskflow_api.py
[2026-01-04T12:59:25.922+0000] {processor.py:914} INFO - Processing file /workspaces/f1_data_team/venv/lib/python3.12/site-packages/airflow/example_dags/tutorial_taskflow_api.py for tasks to queue
[2026-01-04T12:59:25.924+0000] {logging_mixin.py:190} INFO - [2026-01-04T12:59:25.923+0000] {dagbag.py:588} INFO - Filling up the DagBag from /workspaces/f1_data_team/venv/lib/python3.12/site-packages/airflow/example_dags/tutorial_taskflow_api.py
[2026-01-04T12:59:25.931+0000] {processor.py:925} INFO - DAG(s) 'tutorial_taskflow_api' retrieved from /workspaces/f1_data_team/venv/lib/python3.12/site-packages/airflow/example_dags/tutorial_taskflow_api.py
[2026-01-04T12:59:25.942+0000] {logging_mixin.py:190} INFO - [2026-01-04T12:59:25.942+0000] {dag.py:3239} INFO - Sync 1 DAGs
[2026-01-04T12:59:25.952+0000] {logging_mixin.py:190} INFO - [2026-01-04T12:59:25.952+0000] {dag.py:4180} INFO - Setting next_dagrun for tutorial_taskflow_api to None, run_after=None
[2026-01-04T12:59:25.966+0000] {processor.py:208} INFO - Processing /workspaces/f1_data_team/venv/lib/python3.12/site-packages/airflow/example_dags/tutorial_taskflow_api.py took 0.050 seconds
[2026-01-04T13:00:20.754+0000] {processor.py:186} INFO - Started process (PID=50570) to work on /workspaces/f1_data_team/venv/lib/python3.12/site-packages/airflow/example_dags/tutorial_taskflow_api.py
[2026-01-04T13:00:20.754+0000] {processor.py:914} INFO - Processing file /workspaces/f1_data_team/venv/lib/python3.12/site-packages/airflow/example_dags/tutorial_taskflow_api.py for tasks to queue
[2026-01-04T13:00:20.756+0000] {logging_mixin.py:190} INFO - [2026-01-04T13:00:20.756+0000] {dagbag.py:588} INFO - Filling up the DagBag from /workspaces/f1_data_team/venv/lib/python3.12/site-packages/airflow/example_dags/tutorial_taskflow_api.py
[2026-01-04T13:00:20.763+0000] {processor.py:925} INFO - DAG(s) 'tutorial_taskflow_api' retrieved from /workspaces/f1_data_team/venv/lib/python3.12/site-packages/airflow/example_dags/tutorial_taskflow_api.py
[2026-01-04T13:00:20.775+0000] {logging_mixin.py:190} INFO - [2026-01-04T13:00:20.775+0000] {dag.py:3239} INFO - Sync 1 DAGs
[2026-01-04T13:00:20.785+0000] {logging_mixin.py:190} INFO - [2026-01-04T13:00:20.785+0000] {dag.py:4180} INFO - Setting next_dagrun for tutorial_taskflow_api to None, run_after=None
[2026-01-04T13:00:20.808+0000] {processor.py:208} INFO - Processing /workspaces/f1_data_team/venv/lib/python3.12/site-packages/airflow/example_dags/tutorial_taskflow_api.py took 0.059 seconds
[2026-01-04T13:01:13.222+0000] {processor.py:186} INFO - Started process (PID=51168) to work on /workspaces/f1_data_team/venv/lib/python3.12/site-packages/airflow/example_dags/tutorial_taskflow_api.py
[2026-01-04T13:01:13.223+0000] {processor.py:914} INFO - Processing file /workspaces/f1_data_team/venv/lib/python3.12/site-packages/airflow/example_dags/tutorial_taskflow_api.py for tasks to queue
[2026-01-04T13:01:13.225+0000] {logging_mixin.py:190} INFO - [2026-01-04T13:01:13.225+0000] {dagbag.py:588} INFO - Filling up the DagBag from /workspaces/f1_data_team/venv/lib/python3.12/site-packages/airflow/example_dags/tutorial_taskflow_api.py
[2026-01-04T13:01:13.232+0000] {processor.py:925} INFO - DAG(s) 'tutorial_taskflow_api' retrieved from /workspaces/f1_data_team/venv/lib/python3.12/site-packages/airflow/example_dags/tutorial_taskflow_api.py
[2026-01-04T13:01:13.250+0000] {logging_mixin.py:190} INFO - [2026-01-04T13:01:13.249+0000] {dag.py:3239} INFO - Sync 1 DAGs
[2026-01-04T13:01:13.266+0000] {logging_mixin.py:190} INFO - [2026-01-04T13:01:13.265+0000] {dag.py:4180} INFO - Setting next_dagrun for tutorial_taskflow_api to None, run_after=None
[2026-01-04T13:01:13.284+0000] {processor.py:208} INFO - Processing /workspaces/f1_data_team/venv/lib/python3.12/site-packages/airflow/example_dags/tutorial_taskflow_api.py took 0.066 seconds
