[2026-01-04T12:26:30.519+0000] {processor.py:186} INFO - Started process (PID=24263) to work on /workspaces/f1_data_team/venv/lib/python3.12/site-packages/airflow/example_dags/tutorial_taskflow_templates.py
[2026-01-04T12:26:30.526+0000] {processor.py:914} INFO - Processing file /workspaces/f1_data_team/venv/lib/python3.12/site-packages/airflow/example_dags/tutorial_taskflow_templates.py for tasks to queue
[2026-01-04T12:26:30.533+0000] {logging_mixin.py:190} INFO - [2026-01-04T12:26:30.530+0000] {dagbag.py:588} INFO - Filling up the DagBag from /workspaces/f1_data_team/venv/lib/python3.12/site-packages/airflow/example_dags/tutorial_taskflow_templates.py
[2026-01-04T12:26:30.570+0000] {processor.py:925} INFO - DAG(s) 'tutorial_taskflow_templates' retrieved from /workspaces/f1_data_team/venv/lib/python3.12/site-packages/airflow/example_dags/tutorial_taskflow_templates.py
[2026-01-04T12:26:30.818+0000] {logging_mixin.py:190} INFO - [2026-01-04T12:26:30.816+0000] {override.py:1911} INFO - Created Permission View: can read on DAG:tutorial_taskflow_templates
[2026-01-04T12:26:30.845+0000] {logging_mixin.py:190} INFO - [2026-01-04T12:26:30.844+0000] {override.py:1911} INFO - Created Permission View: can edit on DAG:tutorial_taskflow_templates
[2026-01-04T12:26:30.860+0000] {logging_mixin.py:190} INFO - [2026-01-04T12:26:30.859+0000] {override.py:1911} INFO - Created Permission View: can delete on DAG:tutorial_taskflow_templates
[2026-01-04T12:26:30.876+0000] {logging_mixin.py:190} INFO - [2026-01-04T12:26:30.875+0000] {override.py:1911} INFO - Created Permission View: can read on DAG Run:tutorial_taskflow_templates
[2026-01-04T12:26:30.883+0000] {logging_mixin.py:190} INFO - [2026-01-04T12:26:30.883+0000] {override.py:1911} INFO - Created Permission View: menu access on DAG Run:tutorial_taskflow_templates
[2026-01-04T12:26:30.894+0000] {logging_mixin.py:190} INFO - [2026-01-04T12:26:30.893+0000] {override.py:1911} INFO - Created Permission View: can create on DAG Run:tutorial_taskflow_templates
[2026-01-04T12:26:30.901+0000] {logging_mixin.py:190} INFO - [2026-01-04T12:26:30.900+0000] {override.py:1911} INFO - Created Permission View: can delete on DAG Run:tutorial_taskflow_templates
[2026-01-04T12:26:30.901+0000] {logging_mixin.py:190} INFO - [2026-01-04T12:26:30.901+0000] {dag.py:3239} INFO - Sync 1 DAGs
[2026-01-04T12:26:30.915+0000] {logging_mixin.py:190} INFO - [2026-01-04T12:26:30.914+0000] {dag.py:3262} INFO - Creating ORM DAG for tutorial_taskflow_templates
[2026-01-04T12:26:30.926+0000] {logging_mixin.py:190} INFO - [2026-01-04T12:26:30.925+0000] {dag.py:4180} INFO - Setting next_dagrun for tutorial_taskflow_templates to 2026-01-03 00:00:00+00:00, run_after=2026-01-04 00:00:00+00:00
[2026-01-04T12:26:30.945+0000] {processor.py:208} INFO - Processing /workspaces/f1_data_team/venv/lib/python3.12/site-packages/airflow/example_dags/tutorial_taskflow_templates.py took 0.446 seconds
[2026-01-04T12:27:35.725+0000] {processor.py:186} INFO - Started process (PID=24981) to work on /workspaces/f1_data_team/venv/lib/python3.12/site-packages/airflow/example_dags/tutorial_taskflow_templates.py
[2026-01-04T12:27:35.726+0000] {processor.py:914} INFO - Processing file /workspaces/f1_data_team/venv/lib/python3.12/site-packages/airflow/example_dags/tutorial_taskflow_templates.py for tasks to queue
[2026-01-04T12:27:35.728+0000] {logging_mixin.py:190} INFO - [2026-01-04T12:27:35.728+0000] {dagbag.py:588} INFO - Filling up the DagBag from /workspaces/f1_data_team/venv/lib/python3.12/site-packages/airflow/example_dags/tutorial_taskflow_templates.py
[2026-01-04T12:27:35.739+0000] {processor.py:925} INFO - DAG(s) 'tutorial_taskflow_templates' retrieved from /workspaces/f1_data_team/venv/lib/python3.12/site-packages/airflow/example_dags/tutorial_taskflow_templates.py
[2026-01-04T12:27:35.752+0000] {logging_mixin.py:190} INFO - [2026-01-04T12:27:35.752+0000] {dag.py:3239} INFO - Sync 1 DAGs
[2026-01-04T12:27:35.769+0000] {logging_mixin.py:190} INFO - [2026-01-04T12:27:35.769+0000] {dag.py:4180} INFO - Setting next_dagrun for tutorial_taskflow_templates to 2026-01-03 00:00:00+00:00, run_after=2026-01-04 00:00:00+00:00
[2026-01-04T12:27:35.785+0000] {processor.py:208} INFO - Processing /workspaces/f1_data_team/venv/lib/python3.12/site-packages/airflow/example_dags/tutorial_taskflow_templates.py took 0.064 seconds
[2026-01-04T12:28:30.713+0000] {processor.py:186} INFO - Started process (PID=25483) to work on /workspaces/f1_data_team/venv/lib/python3.12/site-packages/airflow/example_dags/tutorial_taskflow_templates.py
[2026-01-04T12:28:30.714+0000] {processor.py:914} INFO - Processing file /workspaces/f1_data_team/venv/lib/python3.12/site-packages/airflow/example_dags/tutorial_taskflow_templates.py for tasks to queue
[2026-01-04T12:28:30.716+0000] {logging_mixin.py:190} INFO - [2026-01-04T12:28:30.715+0000] {dagbag.py:588} INFO - Filling up the DagBag from /workspaces/f1_data_team/venv/lib/python3.12/site-packages/airflow/example_dags/tutorial_taskflow_templates.py
[2026-01-04T12:28:30.726+0000] {processor.py:925} INFO - DAG(s) 'tutorial_taskflow_templates' retrieved from /workspaces/f1_data_team/venv/lib/python3.12/site-packages/airflow/example_dags/tutorial_taskflow_templates.py
[2026-01-04T12:28:30.738+0000] {logging_mixin.py:190} INFO - [2026-01-04T12:28:30.738+0000] {dag.py:3239} INFO - Sync 1 DAGs
[2026-01-04T12:28:30.754+0000] {logging_mixin.py:190} INFO - [2026-01-04T12:28:30.753+0000] {dag.py:4180} INFO - Setting next_dagrun for tutorial_taskflow_templates to 2026-01-03 00:00:00+00:00, run_after=2026-01-04 00:00:00+00:00
[2026-01-04T12:28:30.769+0000] {processor.py:208} INFO - Processing /workspaces/f1_data_team/venv/lib/python3.12/site-packages/airflow/example_dags/tutorial_taskflow_templates.py took 0.061 seconds
[2026-01-04T12:29:30.420+0000] {processor.py:186} INFO - Started process (PID=26651) to work on /workspaces/f1_data_team/venv/lib/python3.12/site-packages/airflow/example_dags/tutorial_taskflow_templates.py
[2026-01-04T12:29:30.420+0000] {processor.py:914} INFO - Processing file /workspaces/f1_data_team/venv/lib/python3.12/site-packages/airflow/example_dags/tutorial_taskflow_templates.py for tasks to queue
[2026-01-04T12:29:30.422+0000] {logging_mixin.py:190} INFO - [2026-01-04T12:29:30.422+0000] {dagbag.py:588} INFO - Filling up the DagBag from /workspaces/f1_data_team/venv/lib/python3.12/site-packages/airflow/example_dags/tutorial_taskflow_templates.py
[2026-01-04T12:29:30.433+0000] {processor.py:925} INFO - DAG(s) 'tutorial_taskflow_templates' retrieved from /workspaces/f1_data_team/venv/lib/python3.12/site-packages/airflow/example_dags/tutorial_taskflow_templates.py
[2026-01-04T12:29:30.445+0000] {logging_mixin.py:190} INFO - [2026-01-04T12:29:30.444+0000] {dag.py:3239} INFO - Sync 1 DAGs
[2026-01-04T12:29:30.460+0000] {logging_mixin.py:190} INFO - [2026-01-04T12:29:30.460+0000] {dag.py:4180} INFO - Setting next_dagrun for tutorial_taskflow_templates to 2026-01-03 00:00:00+00:00, run_after=2026-01-04 00:00:00+00:00
[2026-01-04T12:29:30.475+0000] {processor.py:208} INFO - Processing /workspaces/f1_data_team/venv/lib/python3.12/site-packages/airflow/example_dags/tutorial_taskflow_templates.py took 0.060 seconds
[2026-01-04T12:30:12.452+0000] {processor.py:186} INFO - Started process (PID=27276) to work on /workspaces/f1_data_team/venv/lib/python3.12/site-packages/airflow/example_dags/tutorial_taskflow_templates.py
[2026-01-04T12:30:12.452+0000] {processor.py:914} INFO - Processing file /workspaces/f1_data_team/venv/lib/python3.12/site-packages/airflow/example_dags/tutorial_taskflow_templates.py for tasks to queue
[2026-01-04T12:30:12.455+0000] {logging_mixin.py:190} INFO - [2026-01-04T12:30:12.455+0000] {dagbag.py:588} INFO - Filling up the DagBag from /workspaces/f1_data_team/venv/lib/python3.12/site-packages/airflow/example_dags/tutorial_taskflow_templates.py
[2026-01-04T12:30:12.476+0000] {processor.py:925} INFO - DAG(s) 'tutorial_taskflow_templates' retrieved from /workspaces/f1_data_team/venv/lib/python3.12/site-packages/airflow/example_dags/tutorial_taskflow_templates.py
[2026-01-04T12:30:12.500+0000] {logging_mixin.py:190} INFO - [2026-01-04T12:30:12.500+0000] {dag.py:3239} INFO - Sync 1 DAGs
[2026-01-04T12:30:12.531+0000] {logging_mixin.py:190} INFO - [2026-01-04T12:30:12.530+0000] {dag.py:4180} INFO - Setting next_dagrun for tutorial_taskflow_templates to 2026-01-03 00:00:00+00:00, run_after=2026-01-04 00:00:00+00:00
[2026-01-04T12:30:12.551+0000] {processor.py:208} INFO - Processing /workspaces/f1_data_team/venv/lib/python3.12/site-packages/airflow/example_dags/tutorial_taskflow_templates.py took 0.106 seconds
[2026-01-04T12:31:11.553+0000] {processor.py:186} INFO - Started process (PID=28252) to work on /workspaces/f1_data_team/venv/lib/python3.12/site-packages/airflow/example_dags/tutorial_taskflow_templates.py
[2026-01-04T12:31:11.554+0000] {processor.py:914} INFO - Processing file /workspaces/f1_data_team/venv/lib/python3.12/site-packages/airflow/example_dags/tutorial_taskflow_templates.py for tasks to queue
[2026-01-04T12:31:11.555+0000] {logging_mixin.py:190} INFO - [2026-01-04T12:31:11.555+0000] {dagbag.py:588} INFO - Filling up the DagBag from /workspaces/f1_data_team/venv/lib/python3.12/site-packages/airflow/example_dags/tutorial_taskflow_templates.py
[2026-01-04T12:31:11.565+0000] {processor.py:925} INFO - DAG(s) 'tutorial_taskflow_templates' retrieved from /workspaces/f1_data_team/venv/lib/python3.12/site-packages/airflow/example_dags/tutorial_taskflow_templates.py
[2026-01-04T12:31:11.577+0000] {logging_mixin.py:190} INFO - [2026-01-04T12:31:11.577+0000] {dag.py:3239} INFO - Sync 1 DAGs
[2026-01-04T12:31:11.592+0000] {logging_mixin.py:190} INFO - [2026-01-04T12:31:11.592+0000] {dag.py:4180} INFO - Setting next_dagrun for tutorial_taskflow_templates to 2026-01-03 00:00:00+00:00, run_after=2026-01-04 00:00:00+00:00
[2026-01-04T12:31:11.606+0000] {processor.py:208} INFO - Processing /workspaces/f1_data_team/venv/lib/python3.12/site-packages/airflow/example_dags/tutorial_taskflow_templates.py took 0.058 seconds
[2026-01-04T12:32:20.316+0000] {processor.py:186} INFO - Started process (PID=29328) to work on /workspaces/f1_data_team/venv/lib/python3.12/site-packages/airflow/example_dags/tutorial_taskflow_templates.py
[2026-01-04T12:32:20.317+0000] {processor.py:914} INFO - Processing file /workspaces/f1_data_team/venv/lib/python3.12/site-packages/airflow/example_dags/tutorial_taskflow_templates.py for tasks to queue
[2026-01-04T12:32:20.319+0000] {logging_mixin.py:190} INFO - [2026-01-04T12:32:20.319+0000] {dagbag.py:588} INFO - Filling up the DagBag from /workspaces/f1_data_team/venv/lib/python3.12/site-packages/airflow/example_dags/tutorial_taskflow_templates.py
[2026-01-04T12:32:20.334+0000] {processor.py:925} INFO - DAG(s) 'tutorial_taskflow_templates' retrieved from /workspaces/f1_data_team/venv/lib/python3.12/site-packages/airflow/example_dags/tutorial_taskflow_templates.py
[2026-01-04T12:32:20.351+0000] {logging_mixin.py:190} INFO - [2026-01-04T12:32:20.350+0000] {dag.py:3239} INFO - Sync 1 DAGs
[2026-01-04T12:32:20.368+0000] {logging_mixin.py:190} INFO - [2026-01-04T12:32:20.368+0000] {dag.py:4180} INFO - Setting next_dagrun for tutorial_taskflow_templates to 2026-01-03 00:00:00+00:00, run_after=2026-01-04 00:00:00+00:00
[2026-01-04T12:32:20.386+0000] {processor.py:208} INFO - Processing /workspaces/f1_data_team/venv/lib/python3.12/site-packages/airflow/example_dags/tutorial_taskflow_templates.py took 0.075 seconds
[2026-01-04T12:33:20.416+0000] {processor.py:186} INFO - Started process (PID=30426) to work on /workspaces/f1_data_team/venv/lib/python3.12/site-packages/airflow/example_dags/tutorial_taskflow_templates.py
[2026-01-04T12:33:20.417+0000] {processor.py:914} INFO - Processing file /workspaces/f1_data_team/venv/lib/python3.12/site-packages/airflow/example_dags/tutorial_taskflow_templates.py for tasks to queue
[2026-01-04T12:33:20.418+0000] {logging_mixin.py:190} INFO - [2026-01-04T12:33:20.418+0000] {dagbag.py:588} INFO - Filling up the DagBag from /workspaces/f1_data_team/venv/lib/python3.12/site-packages/airflow/example_dags/tutorial_taskflow_templates.py
[2026-01-04T12:33:20.429+0000] {processor.py:925} INFO - DAG(s) 'tutorial_taskflow_templates' retrieved from /workspaces/f1_data_team/venv/lib/python3.12/site-packages/airflow/example_dags/tutorial_taskflow_templates.py
[2026-01-04T12:33:20.441+0000] {logging_mixin.py:190} INFO - [2026-01-04T12:33:20.441+0000] {dag.py:3239} INFO - Sync 1 DAGs
[2026-01-04T12:33:20.457+0000] {logging_mixin.py:190} INFO - [2026-01-04T12:33:20.457+0000] {dag.py:4180} INFO - Setting next_dagrun for tutorial_taskflow_templates to 2026-01-03 00:00:00+00:00, run_after=2026-01-04 00:00:00+00:00
[2026-01-04T12:33:20.472+0000] {processor.py:208} INFO - Processing /workspaces/f1_data_team/venv/lib/python3.12/site-packages/airflow/example_dags/tutorial_taskflow_templates.py took 0.060 seconds
[2026-01-04T12:34:16.912+0000] {processor.py:186} INFO - Started process (PID=30934) to work on /workspaces/f1_data_team/venv/lib/python3.12/site-packages/airflow/example_dags/tutorial_taskflow_templates.py
[2026-01-04T12:34:16.913+0000] {processor.py:914} INFO - Processing file /workspaces/f1_data_team/venv/lib/python3.12/site-packages/airflow/example_dags/tutorial_taskflow_templates.py for tasks to queue
[2026-01-04T12:34:16.915+0000] {logging_mixin.py:190} INFO - [2026-01-04T12:34:16.915+0000] {dagbag.py:588} INFO - Filling up the DagBag from /workspaces/f1_data_team/venv/lib/python3.12/site-packages/airflow/example_dags/tutorial_taskflow_templates.py
[2026-01-04T12:34:16.925+0000] {processor.py:925} INFO - DAG(s) 'tutorial_taskflow_templates' retrieved from /workspaces/f1_data_team/venv/lib/python3.12/site-packages/airflow/example_dags/tutorial_taskflow_templates.py
[2026-01-04T12:34:16.938+0000] {logging_mixin.py:190} INFO - [2026-01-04T12:34:16.937+0000] {dag.py:3239} INFO - Sync 1 DAGs
[2026-01-04T12:34:16.953+0000] {logging_mixin.py:190} INFO - [2026-01-04T12:34:16.953+0000] {dag.py:4180} INFO - Setting next_dagrun for tutorial_taskflow_templates to 2026-01-03 00:00:00+00:00, run_after=2026-01-04 00:00:00+00:00
[2026-01-04T12:34:16.970+0000] {processor.py:208} INFO - Processing /workspaces/f1_data_team/venv/lib/python3.12/site-packages/airflow/example_dags/tutorial_taskflow_templates.py took 0.063 seconds
[2026-01-04T12:35:06.558+0000] {processor.py:186} INFO - Started process (PID=31443) to work on /workspaces/f1_data_team/venv/lib/python3.12/site-packages/airflow/example_dags/tutorial_taskflow_templates.py
[2026-01-04T12:35:06.559+0000] {processor.py:914} INFO - Processing file /workspaces/f1_data_team/venv/lib/python3.12/site-packages/airflow/example_dags/tutorial_taskflow_templates.py for tasks to queue
[2026-01-04T12:35:06.561+0000] {logging_mixin.py:190} INFO - [2026-01-04T12:35:06.561+0000] {dagbag.py:588} INFO - Filling up the DagBag from /workspaces/f1_data_team/venv/lib/python3.12/site-packages/airflow/example_dags/tutorial_taskflow_templates.py
[2026-01-04T12:35:06.575+0000] {processor.py:925} INFO - DAG(s) 'tutorial_taskflow_templates' retrieved from /workspaces/f1_data_team/venv/lib/python3.12/site-packages/airflow/example_dags/tutorial_taskflow_templates.py
[2026-01-04T12:35:06.593+0000] {logging_mixin.py:190} INFO - [2026-01-04T12:35:06.593+0000] {dag.py:3239} INFO - Sync 1 DAGs
[2026-01-04T12:35:06.609+0000] {logging_mixin.py:190} INFO - [2026-01-04T12:35:06.609+0000] {dag.py:4180} INFO - Setting next_dagrun for tutorial_taskflow_templates to 2026-01-03 00:00:00+00:00, run_after=2026-01-04 00:00:00+00:00
[2026-01-04T12:35:06.623+0000] {processor.py:208} INFO - Processing /workspaces/f1_data_team/venv/lib/python3.12/site-packages/airflow/example_dags/tutorial_taskflow_templates.py took 0.072 seconds
[2026-01-04T12:35:59.104+0000] {processor.py:186} INFO - Started process (PID=32094) to work on /workspaces/f1_data_team/venv/lib/python3.12/site-packages/airflow/example_dags/tutorial_taskflow_templates.py
[2026-01-04T12:35:59.105+0000] {processor.py:914} INFO - Processing file /workspaces/f1_data_team/venv/lib/python3.12/site-packages/airflow/example_dags/tutorial_taskflow_templates.py for tasks to queue
[2026-01-04T12:35:59.107+0000] {logging_mixin.py:190} INFO - [2026-01-04T12:35:59.107+0000] {dagbag.py:588} INFO - Filling up the DagBag from /workspaces/f1_data_team/venv/lib/python3.12/site-packages/airflow/example_dags/tutorial_taskflow_templates.py
[2026-01-04T12:35:59.117+0000] {processor.py:925} INFO - DAG(s) 'tutorial_taskflow_templates' retrieved from /workspaces/f1_data_team/venv/lib/python3.12/site-packages/airflow/example_dags/tutorial_taskflow_templates.py
[2026-01-04T12:35:59.130+0000] {logging_mixin.py:190} INFO - [2026-01-04T12:35:59.130+0000] {dag.py:3239} INFO - Sync 1 DAGs
[2026-01-04T12:35:59.146+0000] {logging_mixin.py:190} INFO - [2026-01-04T12:35:59.146+0000] {dag.py:4180} INFO - Setting next_dagrun for tutorial_taskflow_templates to 2026-01-03 00:00:00+00:00, run_after=2026-01-04 00:00:00+00:00
[2026-01-04T12:35:59.160+0000] {processor.py:208} INFO - Processing /workspaces/f1_data_team/venv/lib/python3.12/site-packages/airflow/example_dags/tutorial_taskflow_templates.py took 0.060 seconds
[2026-01-04T12:36:50.008+0000] {processor.py:186} INFO - Started process (PID=32553) to work on /workspaces/f1_data_team/venv/lib/python3.12/site-packages/airflow/example_dags/tutorial_taskflow_templates.py
[2026-01-04T12:36:50.009+0000] {processor.py:914} INFO - Processing file /workspaces/f1_data_team/venv/lib/python3.12/site-packages/airflow/example_dags/tutorial_taskflow_templates.py for tasks to queue
[2026-01-04T12:36:50.011+0000] {logging_mixin.py:190} INFO - [2026-01-04T12:36:50.011+0000] {dagbag.py:588} INFO - Filling up the DagBag from /workspaces/f1_data_team/venv/lib/python3.12/site-packages/airflow/example_dags/tutorial_taskflow_templates.py
[2026-01-04T12:36:50.021+0000] {processor.py:925} INFO - DAG(s) 'tutorial_taskflow_templates' retrieved from /workspaces/f1_data_team/venv/lib/python3.12/site-packages/airflow/example_dags/tutorial_taskflow_templates.py
[2026-01-04T12:36:50.034+0000] {logging_mixin.py:190} INFO - [2026-01-04T12:36:50.033+0000] {dag.py:3239} INFO - Sync 1 DAGs
[2026-01-04T12:36:50.049+0000] {logging_mixin.py:190} INFO - [2026-01-04T12:36:50.049+0000] {dag.py:4180} INFO - Setting next_dagrun for tutorial_taskflow_templates to 2026-01-03 00:00:00+00:00, run_after=2026-01-04 00:00:00+00:00
[2026-01-04T12:36:50.063+0000] {processor.py:208} INFO - Processing /workspaces/f1_data_team/venv/lib/python3.12/site-packages/airflow/example_dags/tutorial_taskflow_templates.py took 0.059 seconds
[2026-01-04T12:37:44.902+0000] {processor.py:186} INFO - Started process (PID=33361) to work on /workspaces/f1_data_team/venv/lib/python3.12/site-packages/airflow/example_dags/tutorial_taskflow_templates.py
[2026-01-04T12:37:44.902+0000] {processor.py:914} INFO - Processing file /workspaces/f1_data_team/venv/lib/python3.12/site-packages/airflow/example_dags/tutorial_taskflow_templates.py for tasks to queue
[2026-01-04T12:37:44.904+0000] {logging_mixin.py:190} INFO - [2026-01-04T12:37:44.904+0000] {dagbag.py:588} INFO - Filling up the DagBag from /workspaces/f1_data_team/venv/lib/python3.12/site-packages/airflow/example_dags/tutorial_taskflow_templates.py
[2026-01-04T12:37:44.915+0000] {processor.py:925} INFO - DAG(s) 'tutorial_taskflow_templates' retrieved from /workspaces/f1_data_team/venv/lib/python3.12/site-packages/airflow/example_dags/tutorial_taskflow_templates.py
[2026-01-04T12:37:44.927+0000] {logging_mixin.py:190} INFO - [2026-01-04T12:37:44.927+0000] {dag.py:3239} INFO - Sync 1 DAGs
[2026-01-04T12:37:44.942+0000] {logging_mixin.py:190} INFO - [2026-01-04T12:37:44.942+0000] {dag.py:4180} INFO - Setting next_dagrun for tutorial_taskflow_templates to 2026-01-03 00:00:00+00:00, run_after=2026-01-04 00:00:00+00:00
[2026-01-04T12:37:44.957+0000] {processor.py:208} INFO - Processing /workspaces/f1_data_team/venv/lib/python3.12/site-packages/airflow/example_dags/tutorial_taskflow_templates.py took 0.059 seconds
[2026-01-04T12:38:35.943+0000] {processor.py:186} INFO - Started process (PID=33946) to work on /workspaces/f1_data_team/venv/lib/python3.12/site-packages/airflow/example_dags/tutorial_taskflow_templates.py
[2026-01-04T12:38:35.944+0000] {processor.py:914} INFO - Processing file /workspaces/f1_data_team/venv/lib/python3.12/site-packages/airflow/example_dags/tutorial_taskflow_templates.py for tasks to queue
[2026-01-04T12:38:35.946+0000] {logging_mixin.py:190} INFO - [2026-01-04T12:38:35.945+0000] {dagbag.py:588} INFO - Filling up the DagBag from /workspaces/f1_data_team/venv/lib/python3.12/site-packages/airflow/example_dags/tutorial_taskflow_templates.py
[2026-01-04T12:38:35.956+0000] {processor.py:925} INFO - DAG(s) 'tutorial_taskflow_templates' retrieved from /workspaces/f1_data_team/venv/lib/python3.12/site-packages/airflow/example_dags/tutorial_taskflow_templates.py
[2026-01-04T12:38:35.969+0000] {logging_mixin.py:190} INFO - [2026-01-04T12:38:35.968+0000] {dag.py:3239} INFO - Sync 1 DAGs
[2026-01-04T12:38:35.984+0000] {logging_mixin.py:190} INFO - [2026-01-04T12:38:35.984+0000] {dag.py:4180} INFO - Setting next_dagrun for tutorial_taskflow_templates to 2026-01-03 00:00:00+00:00, run_after=2026-01-04 00:00:00+00:00
[2026-01-04T12:38:35.999+0000] {processor.py:208} INFO - Processing /workspaces/f1_data_team/venv/lib/python3.12/site-packages/airflow/example_dags/tutorial_taskflow_templates.py took 0.060 seconds
[2026-01-04T12:39:30.145+0000] {processor.py:186} INFO - Started process (PID=34467) to work on /workspaces/f1_data_team/venv/lib/python3.12/site-packages/airflow/example_dags/tutorial_taskflow_templates.py
[2026-01-04T12:39:30.145+0000] {processor.py:914} INFO - Processing file /workspaces/f1_data_team/venv/lib/python3.12/site-packages/airflow/example_dags/tutorial_taskflow_templates.py for tasks to queue
[2026-01-04T12:39:30.147+0000] {logging_mixin.py:190} INFO - [2026-01-04T12:39:30.147+0000] {dagbag.py:588} INFO - Filling up the DagBag from /workspaces/f1_data_team/venv/lib/python3.12/site-packages/airflow/example_dags/tutorial_taskflow_templates.py
[2026-01-04T12:39:30.158+0000] {processor.py:925} INFO - DAG(s) 'tutorial_taskflow_templates' retrieved from /workspaces/f1_data_team/venv/lib/python3.12/site-packages/airflow/example_dags/tutorial_taskflow_templates.py
[2026-01-04T12:39:30.170+0000] {logging_mixin.py:190} INFO - [2026-01-04T12:39:30.170+0000] {dag.py:3239} INFO - Sync 1 DAGs
[2026-01-04T12:39:30.187+0000] {logging_mixin.py:190} INFO - [2026-01-04T12:39:30.186+0000] {dag.py:4180} INFO - Setting next_dagrun for tutorial_taskflow_templates to 2026-01-03 00:00:00+00:00, run_after=2026-01-04 00:00:00+00:00
[2026-01-04T12:39:30.201+0000] {processor.py:208} INFO - Processing /workspaces/f1_data_team/venv/lib/python3.12/site-packages/airflow/example_dags/tutorial_taskflow_templates.py took 0.061 seconds
[2026-01-04T12:40:24.592+0000] {processor.py:186} INFO - Started process (PID=34994) to work on /workspaces/f1_data_team/venv/lib/python3.12/site-packages/airflow/example_dags/tutorial_taskflow_templates.py
[2026-01-04T12:40:24.593+0000] {processor.py:914} INFO - Processing file /workspaces/f1_data_team/venv/lib/python3.12/site-packages/airflow/example_dags/tutorial_taskflow_templates.py for tasks to queue
[2026-01-04T12:40:24.595+0000] {logging_mixin.py:190} INFO - [2026-01-04T12:40:24.595+0000] {dagbag.py:588} INFO - Filling up the DagBag from /workspaces/f1_data_team/venv/lib/python3.12/site-packages/airflow/example_dags/tutorial_taskflow_templates.py
[2026-01-04T12:40:24.640+0000] {processor.py:925} INFO - DAG(s) 'tutorial_taskflow_templates' retrieved from /workspaces/f1_data_team/venv/lib/python3.12/site-packages/airflow/example_dags/tutorial_taskflow_templates.py
[2026-01-04T12:40:24.695+0000] {logging_mixin.py:190} INFO - [2026-01-04T12:40:24.694+0000] {dag.py:3239} INFO - Sync 1 DAGs
[2026-01-04T12:40:24.742+0000] {logging_mixin.py:190} INFO - [2026-01-04T12:40:24.741+0000] {dag.py:4180} INFO - Setting next_dagrun for tutorial_taskflow_templates to 2026-01-03 00:00:00+00:00, run_after=2026-01-04 00:00:00+00:00
[2026-01-04T12:40:24.787+0000] {processor.py:208} INFO - Processing /workspaces/f1_data_team/venv/lib/python3.12/site-packages/airflow/example_dags/tutorial_taskflow_templates.py took 0.202 seconds
[2026-01-04T12:41:18.352+0000] {processor.py:186} INFO - Started process (PID=35571) to work on /workspaces/f1_data_team/venv/lib/python3.12/site-packages/airflow/example_dags/tutorial_taskflow_templates.py
[2026-01-04T12:41:18.360+0000] {processor.py:914} INFO - Processing file /workspaces/f1_data_team/venv/lib/python3.12/site-packages/airflow/example_dags/tutorial_taskflow_templates.py for tasks to queue
[2026-01-04T12:41:18.364+0000] {logging_mixin.py:190} INFO - [2026-01-04T12:41:18.364+0000] {dagbag.py:588} INFO - Filling up the DagBag from /workspaces/f1_data_team/venv/lib/python3.12/site-packages/airflow/example_dags/tutorial_taskflow_templates.py
[2026-01-04T12:41:18.382+0000] {processor.py:925} INFO - DAG(s) 'tutorial_taskflow_templates' retrieved from /workspaces/f1_data_team/venv/lib/python3.12/site-packages/airflow/example_dags/tutorial_taskflow_templates.py
[2026-01-04T12:41:18.406+0000] {logging_mixin.py:190} INFO - [2026-01-04T12:41:18.403+0000] {dag.py:3239} INFO - Sync 1 DAGs
[2026-01-04T12:41:18.428+0000] {logging_mixin.py:190} INFO - [2026-01-04T12:41:18.428+0000] {dag.py:4180} INFO - Setting next_dagrun for tutorial_taskflow_templates to 2026-01-03 00:00:00+00:00, run_after=2026-01-04 00:00:00+00:00
[2026-01-04T12:41:18.442+0000] {processor.py:208} INFO - Processing /workspaces/f1_data_team/venv/lib/python3.12/site-packages/airflow/example_dags/tutorial_taskflow_templates.py took 0.102 seconds
[2026-01-04T12:42:22.588+0000] {processor.py:186} INFO - Started process (PID=36707) to work on /workspaces/f1_data_team/venv/lib/python3.12/site-packages/airflow/example_dags/tutorial_taskflow_templates.py
[2026-01-04T12:42:22.589+0000] {processor.py:914} INFO - Processing file /workspaces/f1_data_team/venv/lib/python3.12/site-packages/airflow/example_dags/tutorial_taskflow_templates.py for tasks to queue
[2026-01-04T12:42:22.592+0000] {logging_mixin.py:190} INFO - [2026-01-04T12:42:22.591+0000] {dagbag.py:588} INFO - Filling up the DagBag from /workspaces/f1_data_team/venv/lib/python3.12/site-packages/airflow/example_dags/tutorial_taskflow_templates.py
[2026-01-04T12:42:22.605+0000] {processor.py:925} INFO - DAG(s) 'tutorial_taskflow_templates' retrieved from /workspaces/f1_data_team/venv/lib/python3.12/site-packages/airflow/example_dags/tutorial_taskflow_templates.py
[2026-01-04T12:42:22.617+0000] {logging_mixin.py:190} INFO - [2026-01-04T12:42:22.617+0000] {dag.py:3239} INFO - Sync 1 DAGs
[2026-01-04T12:42:22.634+0000] {logging_mixin.py:190} INFO - [2026-01-04T12:42:22.633+0000] {dag.py:4180} INFO - Setting next_dagrun for tutorial_taskflow_templates to 2026-01-03 00:00:00+00:00, run_after=2026-01-04 00:00:00+00:00
[2026-01-04T12:42:22.648+0000] {processor.py:208} INFO - Processing /workspaces/f1_data_team/venv/lib/python3.12/site-packages/airflow/example_dags/tutorial_taskflow_templates.py took 0.064 seconds
[2026-01-04T12:42:58.691+0000] {processor.py:186} INFO - Started process (PID=37104) to work on /workspaces/f1_data_team/venv/lib/python3.12/site-packages/airflow/example_dags/tutorial_taskflow_templates.py
[2026-01-04T12:42:58.691+0000] {processor.py:914} INFO - Processing file /workspaces/f1_data_team/venv/lib/python3.12/site-packages/airflow/example_dags/tutorial_taskflow_templates.py for tasks to queue
[2026-01-04T12:42:58.693+0000] {logging_mixin.py:190} INFO - [2026-01-04T12:42:58.693+0000] {dagbag.py:588} INFO - Filling up the DagBag from /workspaces/f1_data_team/venv/lib/python3.12/site-packages/airflow/example_dags/tutorial_taskflow_templates.py
[2026-01-04T12:42:58.704+0000] {processor.py:925} INFO - DAG(s) 'tutorial_taskflow_templates' retrieved from /workspaces/f1_data_team/venv/lib/python3.12/site-packages/airflow/example_dags/tutorial_taskflow_templates.py
[2026-01-04T12:42:58.716+0000] {logging_mixin.py:190} INFO - [2026-01-04T12:42:58.716+0000] {dag.py:3239} INFO - Sync 1 DAGs
[2026-01-04T12:42:58.732+0000] {logging_mixin.py:190} INFO - [2026-01-04T12:42:58.732+0000] {dag.py:4180} INFO - Setting next_dagrun for tutorial_taskflow_templates to 2026-01-03 00:00:00+00:00, run_after=2026-01-04 00:00:00+00:00
[2026-01-04T12:42:58.747+0000] {processor.py:208} INFO - Processing /workspaces/f1_data_team/venv/lib/python3.12/site-packages/airflow/example_dags/tutorial_taskflow_templates.py took 0.060 seconds
[2026-01-04T12:43:52.613+0000] {processor.py:186} INFO - Started process (PID=37761) to work on /workspaces/f1_data_team/venv/lib/python3.12/site-packages/airflow/example_dags/tutorial_taskflow_templates.py
[2026-01-04T12:43:52.614+0000] {processor.py:914} INFO - Processing file /workspaces/f1_data_team/venv/lib/python3.12/site-packages/airflow/example_dags/tutorial_taskflow_templates.py for tasks to queue
[2026-01-04T12:43:52.616+0000] {logging_mixin.py:190} INFO - [2026-01-04T12:43:52.616+0000] {dagbag.py:588} INFO - Filling up the DagBag from /workspaces/f1_data_team/venv/lib/python3.12/site-packages/airflow/example_dags/tutorial_taskflow_templates.py
[2026-01-04T12:43:52.626+0000] {processor.py:925} INFO - DAG(s) 'tutorial_taskflow_templates' retrieved from /workspaces/f1_data_team/venv/lib/python3.12/site-packages/airflow/example_dags/tutorial_taskflow_templates.py
[2026-01-04T12:43:52.639+0000] {logging_mixin.py:190} INFO - [2026-01-04T12:43:52.638+0000] {dag.py:3239} INFO - Sync 1 DAGs
[2026-01-04T12:43:52.655+0000] {logging_mixin.py:190} INFO - [2026-01-04T12:43:52.654+0000] {dag.py:4180} INFO - Setting next_dagrun for tutorial_taskflow_templates to 2026-01-03 00:00:00+00:00, run_after=2026-01-04 00:00:00+00:00
[2026-01-04T12:43:52.669+0000] {processor.py:208} INFO - Processing /workspaces/f1_data_team/venv/lib/python3.12/site-packages/airflow/example_dags/tutorial_taskflow_templates.py took 0.061 seconds
[2026-01-04T12:44:41.157+0000] {processor.py:186} INFO - Started process (PID=38464) to work on /workspaces/f1_data_team/venv/lib/python3.12/site-packages/airflow/example_dags/tutorial_taskflow_templates.py
[2026-01-04T12:44:41.158+0000] {processor.py:914} INFO - Processing file /workspaces/f1_data_team/venv/lib/python3.12/site-packages/airflow/example_dags/tutorial_taskflow_templates.py for tasks to queue
[2026-01-04T12:44:41.160+0000] {logging_mixin.py:190} INFO - [2026-01-04T12:44:41.159+0000] {dagbag.py:588} INFO - Filling up the DagBag from /workspaces/f1_data_team/venv/lib/python3.12/site-packages/airflow/example_dags/tutorial_taskflow_templates.py
[2026-01-04T12:44:41.171+0000] {processor.py:925} INFO - DAG(s) 'tutorial_taskflow_templates' retrieved from /workspaces/f1_data_team/venv/lib/python3.12/site-packages/airflow/example_dags/tutorial_taskflow_templates.py
[2026-01-04T12:44:41.183+0000] {logging_mixin.py:190} INFO - [2026-01-04T12:44:41.183+0000] {dag.py:3239} INFO - Sync 1 DAGs
[2026-01-04T12:44:41.199+0000] {logging_mixin.py:190} INFO - [2026-01-04T12:44:41.199+0000] {dag.py:4180} INFO - Setting next_dagrun for tutorial_taskflow_templates to 2026-01-03 00:00:00+00:00, run_after=2026-01-04 00:00:00+00:00
[2026-01-04T12:44:41.214+0000] {processor.py:208} INFO - Processing /workspaces/f1_data_team/venv/lib/python3.12/site-packages/airflow/example_dags/tutorial_taskflow_templates.py took 0.063 seconds
[2026-01-04T12:45:13.155+0000] {processor.py:186} INFO - Started process (PID=39087) to work on /workspaces/f1_data_team/venv/lib/python3.12/site-packages/airflow/example_dags/tutorial_taskflow_templates.py
[2026-01-04T12:45:13.156+0000] {processor.py:914} INFO - Processing file /workspaces/f1_data_team/venv/lib/python3.12/site-packages/airflow/example_dags/tutorial_taskflow_templates.py for tasks to queue
[2026-01-04T12:45:13.158+0000] {logging_mixin.py:190} INFO - [2026-01-04T12:45:13.157+0000] {dagbag.py:588} INFO - Filling up the DagBag from /workspaces/f1_data_team/venv/lib/python3.12/site-packages/airflow/example_dags/tutorial_taskflow_templates.py
[2026-01-04T12:45:13.168+0000] {processor.py:925} INFO - DAG(s) 'tutorial_taskflow_templates' retrieved from /workspaces/f1_data_team/venv/lib/python3.12/site-packages/airflow/example_dags/tutorial_taskflow_templates.py
[2026-01-04T12:45:13.184+0000] {logging_mixin.py:190} INFO - [2026-01-04T12:45:13.184+0000] {dag.py:3239} INFO - Sync 1 DAGs
[2026-01-04T12:45:13.202+0000] {logging_mixin.py:190} INFO - [2026-01-04T12:45:13.202+0000] {dag.py:4180} INFO - Setting next_dagrun for tutorial_taskflow_templates to 2026-01-03 00:00:00+00:00, run_after=2026-01-04 00:00:00+00:00
[2026-01-04T12:45:13.217+0000] {processor.py:208} INFO - Processing /workspaces/f1_data_team/venv/lib/python3.12/site-packages/airflow/example_dags/tutorial_taskflow_templates.py took 0.066 seconds
[2026-01-04T12:45:45.978+0000] {processor.py:186} INFO - Started process (PID=39538) to work on /workspaces/f1_data_team/venv/lib/python3.12/site-packages/airflow/example_dags/tutorial_taskflow_templates.py
[2026-01-04T12:45:45.978+0000] {processor.py:914} INFO - Processing file /workspaces/f1_data_team/venv/lib/python3.12/site-packages/airflow/example_dags/tutorial_taskflow_templates.py for tasks to queue
[2026-01-04T12:45:45.981+0000] {logging_mixin.py:190} INFO - [2026-01-04T12:45:45.980+0000] {dagbag.py:588} INFO - Filling up the DagBag from /workspaces/f1_data_team/venv/lib/python3.12/site-packages/airflow/example_dags/tutorial_taskflow_templates.py
[2026-01-04T12:45:45.991+0000] {processor.py:925} INFO - DAG(s) 'tutorial_taskflow_templates' retrieved from /workspaces/f1_data_team/venv/lib/python3.12/site-packages/airflow/example_dags/tutorial_taskflow_templates.py
[2026-01-04T12:45:46.003+0000] {logging_mixin.py:190} INFO - [2026-01-04T12:45:46.003+0000] {dag.py:3239} INFO - Sync 1 DAGs
[2026-01-04T12:45:46.019+0000] {logging_mixin.py:190} INFO - [2026-01-04T12:45:46.019+0000] {dag.py:4180} INFO - Setting next_dagrun for tutorial_taskflow_templates to 2026-01-03 00:00:00+00:00, run_after=2026-01-04 00:00:00+00:00
[2026-01-04T12:45:46.034+0000] {processor.py:208} INFO - Processing /workspaces/f1_data_team/venv/lib/python3.12/site-packages/airflow/example_dags/tutorial_taskflow_templates.py took 0.060 seconds
[2026-01-04T12:46:37.652+0000] {processor.py:186} INFO - Started process (PID=40081) to work on /workspaces/f1_data_team/venv/lib/python3.12/site-packages/airflow/example_dags/tutorial_taskflow_templates.py
[2026-01-04T12:46:37.653+0000] {processor.py:914} INFO - Processing file /workspaces/f1_data_team/venv/lib/python3.12/site-packages/airflow/example_dags/tutorial_taskflow_templates.py for tasks to queue
[2026-01-04T12:46:37.655+0000] {logging_mixin.py:190} INFO - [2026-01-04T12:46:37.654+0000] {dagbag.py:588} INFO - Filling up the DagBag from /workspaces/f1_data_team/venv/lib/python3.12/site-packages/airflow/example_dags/tutorial_taskflow_templates.py
[2026-01-04T12:46:37.665+0000] {processor.py:925} INFO - DAG(s) 'tutorial_taskflow_templates' retrieved from /workspaces/f1_data_team/venv/lib/python3.12/site-packages/airflow/example_dags/tutorial_taskflow_templates.py
[2026-01-04T12:46:37.678+0000] {logging_mixin.py:190} INFO - [2026-01-04T12:46:37.677+0000] {dag.py:3239} INFO - Sync 1 DAGs
[2026-01-04T12:46:37.694+0000] {logging_mixin.py:190} INFO - [2026-01-04T12:46:37.694+0000] {dag.py:4180} INFO - Setting next_dagrun for tutorial_taskflow_templates to 2026-01-03 00:00:00+00:00, run_after=2026-01-04 00:00:00+00:00
[2026-01-04T12:46:37.708+0000] {processor.py:208} INFO - Processing /workspaces/f1_data_team/venv/lib/python3.12/site-packages/airflow/example_dags/tutorial_taskflow_templates.py took 0.061 seconds
[2026-01-04T12:47:27.815+0000] {processor.py:186} INFO - Started process (PID=40568) to work on /workspaces/f1_data_team/venv/lib/python3.12/site-packages/airflow/example_dags/tutorial_taskflow_templates.py
[2026-01-04T12:47:27.816+0000] {processor.py:914} INFO - Processing file /workspaces/f1_data_team/venv/lib/python3.12/site-packages/airflow/example_dags/tutorial_taskflow_templates.py for tasks to queue
[2026-01-04T12:47:27.821+0000] {logging_mixin.py:190} INFO - [2026-01-04T12:47:27.820+0000] {dagbag.py:588} INFO - Filling up the DagBag from /workspaces/f1_data_team/venv/lib/python3.12/site-packages/airflow/example_dags/tutorial_taskflow_templates.py
[2026-01-04T12:47:27.834+0000] {processor.py:925} INFO - DAG(s) 'tutorial_taskflow_templates' retrieved from /workspaces/f1_data_team/venv/lib/python3.12/site-packages/airflow/example_dags/tutorial_taskflow_templates.py
[2026-01-04T12:47:27.856+0000] {logging_mixin.py:190} INFO - [2026-01-04T12:47:27.855+0000] {dag.py:3239} INFO - Sync 1 DAGs
[2026-01-04T12:47:27.883+0000] {logging_mixin.py:190} INFO - [2026-01-04T12:47:27.882+0000] {dag.py:4180} INFO - Setting next_dagrun for tutorial_taskflow_templates to 2026-01-03 00:00:00+00:00, run_after=2026-01-04 00:00:00+00:00
[2026-01-04T12:47:27.915+0000] {processor.py:208} INFO - Processing /workspaces/f1_data_team/venv/lib/python3.12/site-packages/airflow/example_dags/tutorial_taskflow_templates.py took 0.110 seconds
[2026-01-04T12:48:31.788+0000] {processor.py:186} INFO - Started process (PID=41350) to work on /workspaces/f1_data_team/venv/lib/python3.12/site-packages/airflow/example_dags/tutorial_taskflow_templates.py
[2026-01-04T12:48:31.789+0000] {processor.py:914} INFO - Processing file /workspaces/f1_data_team/venv/lib/python3.12/site-packages/airflow/example_dags/tutorial_taskflow_templates.py for tasks to queue
[2026-01-04T12:48:31.791+0000] {logging_mixin.py:190} INFO - [2026-01-04T12:48:31.791+0000] {dagbag.py:588} INFO - Filling up the DagBag from /workspaces/f1_data_team/venv/lib/python3.12/site-packages/airflow/example_dags/tutorial_taskflow_templates.py
[2026-01-04T12:48:31.806+0000] {processor.py:925} INFO - DAG(s) 'tutorial_taskflow_templates' retrieved from /workspaces/f1_data_team/venv/lib/python3.12/site-packages/airflow/example_dags/tutorial_taskflow_templates.py
[2026-01-04T12:48:31.829+0000] {logging_mixin.py:190} INFO - [2026-01-04T12:48:31.828+0000] {dag.py:3239} INFO - Sync 1 DAGs
[2026-01-04T12:48:31.854+0000] {logging_mixin.py:190} INFO - [2026-01-04T12:48:31.854+0000] {dag.py:4180} INFO - Setting next_dagrun for tutorial_taskflow_templates to 2026-01-03 00:00:00+00:00, run_after=2026-01-04 00:00:00+00:00
[2026-01-04T12:48:31.875+0000] {processor.py:208} INFO - Processing /workspaces/f1_data_team/venv/lib/python3.12/site-packages/airflow/example_dags/tutorial_taskflow_templates.py took 0.093 seconds
[2026-01-04T12:49:34.676+0000] {processor.py:186} INFO - Started process (PID=42417) to work on /workspaces/f1_data_team/venv/lib/python3.12/site-packages/airflow/example_dags/tutorial_taskflow_templates.py
[2026-01-04T12:49:34.677+0000] {processor.py:914} INFO - Processing file /workspaces/f1_data_team/venv/lib/python3.12/site-packages/airflow/example_dags/tutorial_taskflow_templates.py for tasks to queue
[2026-01-04T12:49:34.680+0000] {logging_mixin.py:190} INFO - [2026-01-04T12:49:34.679+0000] {dagbag.py:588} INFO - Filling up the DagBag from /workspaces/f1_data_team/venv/lib/python3.12/site-packages/airflow/example_dags/tutorial_taskflow_templates.py
[2026-01-04T12:49:34.692+0000] {processor.py:925} INFO - DAG(s) 'tutorial_taskflow_templates' retrieved from /workspaces/f1_data_team/venv/lib/python3.12/site-packages/airflow/example_dags/tutorial_taskflow_templates.py
[2026-01-04T12:49:34.705+0000] {logging_mixin.py:190} INFO - [2026-01-04T12:49:34.704+0000] {dag.py:3239} INFO - Sync 1 DAGs
[2026-01-04T12:49:34.721+0000] {logging_mixin.py:190} INFO - [2026-01-04T12:49:34.721+0000] {dag.py:4180} INFO - Setting next_dagrun for tutorial_taskflow_templates to 2026-01-03 00:00:00+00:00, run_after=2026-01-04 00:00:00+00:00
[2026-01-04T12:49:34.737+0000] {processor.py:208} INFO - Processing /workspaces/f1_data_team/venv/lib/python3.12/site-packages/airflow/example_dags/tutorial_taskflow_templates.py took 0.071 seconds
[2026-01-04T12:50:30.046+0000] {processor.py:186} INFO - Started process (PID=42913) to work on /workspaces/f1_data_team/venv/lib/python3.12/site-packages/airflow/example_dags/tutorial_taskflow_templates.py
[2026-01-04T12:50:30.047+0000] {processor.py:914} INFO - Processing file /workspaces/f1_data_team/venv/lib/python3.12/site-packages/airflow/example_dags/tutorial_taskflow_templates.py for tasks to queue
[2026-01-04T12:50:30.049+0000] {logging_mixin.py:190} INFO - [2026-01-04T12:50:30.049+0000] {dagbag.py:588} INFO - Filling up the DagBag from /workspaces/f1_data_team/venv/lib/python3.12/site-packages/airflow/example_dags/tutorial_taskflow_templates.py
[2026-01-04T12:50:30.059+0000] {processor.py:925} INFO - DAG(s) 'tutorial_taskflow_templates' retrieved from /workspaces/f1_data_team/venv/lib/python3.12/site-packages/airflow/example_dags/tutorial_taskflow_templates.py
[2026-01-04T12:50:30.072+0000] {logging_mixin.py:190} INFO - [2026-01-04T12:50:30.072+0000] {dag.py:3239} INFO - Sync 1 DAGs
[2026-01-04T12:50:30.087+0000] {logging_mixin.py:190} INFO - [2026-01-04T12:50:30.087+0000] {dag.py:4180} INFO - Setting next_dagrun for tutorial_taskflow_templates to 2026-01-03 00:00:00+00:00, run_after=2026-01-04 00:00:00+00:00
[2026-01-04T12:50:30.102+0000] {processor.py:208} INFO - Processing /workspaces/f1_data_team/venv/lib/python3.12/site-packages/airflow/example_dags/tutorial_taskflow_templates.py took 0.060 seconds
[2026-01-04T12:51:06.737+0000] {processor.py:186} INFO - Started process (PID=43435) to work on /workspaces/f1_data_team/venv/lib/python3.12/site-packages/airflow/example_dags/tutorial_taskflow_templates.py
[2026-01-04T12:51:06.738+0000] {processor.py:914} INFO - Processing file /workspaces/f1_data_team/venv/lib/python3.12/site-packages/airflow/example_dags/tutorial_taskflow_templates.py for tasks to queue
[2026-01-04T12:51:06.740+0000] {logging_mixin.py:190} INFO - [2026-01-04T12:51:06.740+0000] {dagbag.py:588} INFO - Filling up the DagBag from /workspaces/f1_data_team/venv/lib/python3.12/site-packages/airflow/example_dags/tutorial_taskflow_templates.py
[2026-01-04T12:51:06.752+0000] {processor.py:925} INFO - DAG(s) 'tutorial_taskflow_templates' retrieved from /workspaces/f1_data_team/venv/lib/python3.12/site-packages/airflow/example_dags/tutorial_taskflow_templates.py
[2026-01-04T12:51:06.768+0000] {logging_mixin.py:190} INFO - [2026-01-04T12:51:06.767+0000] {dag.py:3239} INFO - Sync 1 DAGs
[2026-01-04T12:51:06.785+0000] {logging_mixin.py:190} INFO - [2026-01-04T12:51:06.784+0000] {dag.py:4180} INFO - Setting next_dagrun for tutorial_taskflow_templates to 2026-01-03 00:00:00+00:00, run_after=2026-01-04 00:00:00+00:00
[2026-01-04T12:51:06.802+0000] {processor.py:208} INFO - Processing /workspaces/f1_data_team/venv/lib/python3.12/site-packages/airflow/example_dags/tutorial_taskflow_templates.py took 0.069 seconds
[2026-01-04T12:52:09.738+0000] {processor.py:186} INFO - Started process (PID=44693) to work on /workspaces/f1_data_team/venv/lib/python3.12/site-packages/airflow/example_dags/tutorial_taskflow_templates.py
[2026-01-04T12:52:09.738+0000] {processor.py:914} INFO - Processing file /workspaces/f1_data_team/venv/lib/python3.12/site-packages/airflow/example_dags/tutorial_taskflow_templates.py for tasks to queue
[2026-01-04T12:52:09.740+0000] {logging_mixin.py:190} INFO - [2026-01-04T12:52:09.740+0000] {dagbag.py:588} INFO - Filling up the DagBag from /workspaces/f1_data_team/venv/lib/python3.12/site-packages/airflow/example_dags/tutorial_taskflow_templates.py
[2026-01-04T12:52:09.751+0000] {processor.py:925} INFO - DAG(s) 'tutorial_taskflow_templates' retrieved from /workspaces/f1_data_team/venv/lib/python3.12/site-packages/airflow/example_dags/tutorial_taskflow_templates.py
[2026-01-04T12:52:09.763+0000] {logging_mixin.py:190} INFO - [2026-01-04T12:52:09.763+0000] {dag.py:3239} INFO - Sync 1 DAGs
[2026-01-04T12:52:09.779+0000] {logging_mixin.py:190} INFO - [2026-01-04T12:52:09.779+0000] {dag.py:4180} INFO - Setting next_dagrun for tutorial_taskflow_templates to 2026-01-03 00:00:00+00:00, run_after=2026-01-04 00:00:00+00:00
[2026-01-04T12:52:09.793+0000] {processor.py:208} INFO - Processing /workspaces/f1_data_team/venv/lib/python3.12/site-packages/airflow/example_dags/tutorial_taskflow_templates.py took 0.060 seconds
[2026-01-04T12:53:06.489+0000] {processor.py:186} INFO - Started process (PID=45444) to work on /workspaces/f1_data_team/venv/lib/python3.12/site-packages/airflow/example_dags/tutorial_taskflow_templates.py
[2026-01-04T12:53:06.489+0000] {processor.py:914} INFO - Processing file /workspaces/f1_data_team/venv/lib/python3.12/site-packages/airflow/example_dags/tutorial_taskflow_templates.py for tasks to queue
[2026-01-04T12:53:06.491+0000] {logging_mixin.py:190} INFO - [2026-01-04T12:53:06.491+0000] {dagbag.py:588} INFO - Filling up the DagBag from /workspaces/f1_data_team/venv/lib/python3.12/site-packages/airflow/example_dags/tutorial_taskflow_templates.py
[2026-01-04T12:53:06.502+0000] {processor.py:925} INFO - DAG(s) 'tutorial_taskflow_templates' retrieved from /workspaces/f1_data_team/venv/lib/python3.12/site-packages/airflow/example_dags/tutorial_taskflow_templates.py
[2026-01-04T12:53:06.514+0000] {logging_mixin.py:190} INFO - [2026-01-04T12:53:06.514+0000] {dag.py:3239} INFO - Sync 1 DAGs
[2026-01-04T12:53:06.531+0000] {logging_mixin.py:190} INFO - [2026-01-04T12:53:06.530+0000] {dag.py:4180} INFO - Setting next_dagrun for tutorial_taskflow_templates to 2026-01-03 00:00:00+00:00, run_after=2026-01-04 00:00:00+00:00
[2026-01-04T12:53:06.545+0000] {processor.py:208} INFO - Processing /workspaces/f1_data_team/venv/lib/python3.12/site-packages/airflow/example_dags/tutorial_taskflow_templates.py took 0.061 seconds
[2026-01-04T12:54:01.113+0000] {processor.py:186} INFO - Started process (PID=46168) to work on /workspaces/f1_data_team/venv/lib/python3.12/site-packages/airflow/example_dags/tutorial_taskflow_templates.py
[2026-01-04T12:54:01.114+0000] {processor.py:914} INFO - Processing file /workspaces/f1_data_team/venv/lib/python3.12/site-packages/airflow/example_dags/tutorial_taskflow_templates.py for tasks to queue
[2026-01-04T12:54:01.116+0000] {logging_mixin.py:190} INFO - [2026-01-04T12:54:01.115+0000] {dagbag.py:588} INFO - Filling up the DagBag from /workspaces/f1_data_team/venv/lib/python3.12/site-packages/airflow/example_dags/tutorial_taskflow_templates.py
[2026-01-04T12:54:01.126+0000] {processor.py:925} INFO - DAG(s) 'tutorial_taskflow_templates' retrieved from /workspaces/f1_data_team/venv/lib/python3.12/site-packages/airflow/example_dags/tutorial_taskflow_templates.py
[2026-01-04T12:54:01.139+0000] {logging_mixin.py:190} INFO - [2026-01-04T12:54:01.138+0000] {dag.py:3239} INFO - Sync 1 DAGs
[2026-01-04T12:54:01.154+0000] {logging_mixin.py:190} INFO - [2026-01-04T12:54:01.154+0000] {dag.py:4180} INFO - Setting next_dagrun for tutorial_taskflow_templates to 2026-01-03 00:00:00+00:00, run_after=2026-01-04 00:00:00+00:00
[2026-01-04T12:54:01.169+0000] {processor.py:208} INFO - Processing /workspaces/f1_data_team/venv/lib/python3.12/site-packages/airflow/example_dags/tutorial_taskflow_templates.py took 0.060 seconds
[2026-01-04T12:55:08.765+0000] {processor.py:186} INFO - Started process (PID=47425) to work on /workspaces/f1_data_team/venv/lib/python3.12/site-packages/airflow/example_dags/tutorial_taskflow_templates.py
[2026-01-04T12:55:08.766+0000] {processor.py:914} INFO - Processing file /workspaces/f1_data_team/venv/lib/python3.12/site-packages/airflow/example_dags/tutorial_taskflow_templates.py for tasks to queue
[2026-01-04T12:55:08.768+0000] {logging_mixin.py:190} INFO - [2026-01-04T12:55:08.767+0000] {dagbag.py:588} INFO - Filling up the DagBag from /workspaces/f1_data_team/venv/lib/python3.12/site-packages/airflow/example_dags/tutorial_taskflow_templates.py
[2026-01-04T12:55:08.778+0000] {processor.py:925} INFO - DAG(s) 'tutorial_taskflow_templates' retrieved from /workspaces/f1_data_team/venv/lib/python3.12/site-packages/airflow/example_dags/tutorial_taskflow_templates.py
[2026-01-04T12:55:08.791+0000] {logging_mixin.py:190} INFO - [2026-01-04T12:55:08.790+0000] {dag.py:3239} INFO - Sync 1 DAGs
[2026-01-04T12:55:08.806+0000] {logging_mixin.py:190} INFO - [2026-01-04T12:55:08.806+0000] {dag.py:4180} INFO - Setting next_dagrun for tutorial_taskflow_templates to 2026-01-03 00:00:00+00:00, run_after=2026-01-04 00:00:00+00:00
[2026-01-04T12:55:08.821+0000] {processor.py:208} INFO - Processing /workspaces/f1_data_team/venv/lib/python3.12/site-packages/airflow/example_dags/tutorial_taskflow_templates.py took 0.060 seconds
[2026-01-04T12:55:49.028+0000] {processor.py:186} INFO - Started process (PID=47839) to work on /workspaces/f1_data_team/venv/lib/python3.12/site-packages/airflow/example_dags/tutorial_taskflow_templates.py
[2026-01-04T12:55:49.029+0000] {processor.py:914} INFO - Processing file /workspaces/f1_data_team/venv/lib/python3.12/site-packages/airflow/example_dags/tutorial_taskflow_templates.py for tasks to queue
[2026-01-04T12:55:49.031+0000] {logging_mixin.py:190} INFO - [2026-01-04T12:55:49.030+0000] {dagbag.py:588} INFO - Filling up the DagBag from /workspaces/f1_data_team/venv/lib/python3.12/site-packages/airflow/example_dags/tutorial_taskflow_templates.py
[2026-01-04T12:55:49.041+0000] {processor.py:925} INFO - DAG(s) 'tutorial_taskflow_templates' retrieved from /workspaces/f1_data_team/venv/lib/python3.12/site-packages/airflow/example_dags/tutorial_taskflow_templates.py
[2026-01-04T12:55:49.053+0000] {logging_mixin.py:190} INFO - [2026-01-04T12:55:49.053+0000] {dag.py:3239} INFO - Sync 1 DAGs
[2026-01-04T12:55:49.069+0000] {logging_mixin.py:190} INFO - [2026-01-04T12:55:49.069+0000] {dag.py:4180} INFO - Setting next_dagrun for tutorial_taskflow_templates to 2026-01-03 00:00:00+00:00, run_after=2026-01-04 00:00:00+00:00
[2026-01-04T12:55:49.084+0000] {processor.py:208} INFO - Processing /workspaces/f1_data_team/venv/lib/python3.12/site-packages/airflow/example_dags/tutorial_taskflow_templates.py took 0.061 seconds
[2026-01-04T12:56:41.264+0000] {processor.py:186} INFO - Started process (PID=48367) to work on /workspaces/f1_data_team/venv/lib/python3.12/site-packages/airflow/example_dags/tutorial_taskflow_templates.py
[2026-01-04T12:56:41.264+0000] {processor.py:914} INFO - Processing file /workspaces/f1_data_team/venv/lib/python3.12/site-packages/airflow/example_dags/tutorial_taskflow_templates.py for tasks to queue
[2026-01-04T12:56:41.266+0000] {logging_mixin.py:190} INFO - [2026-01-04T12:56:41.266+0000] {dagbag.py:588} INFO - Filling up the DagBag from /workspaces/f1_data_team/venv/lib/python3.12/site-packages/airflow/example_dags/tutorial_taskflow_templates.py
[2026-01-04T12:56:41.277+0000] {processor.py:925} INFO - DAG(s) 'tutorial_taskflow_templates' retrieved from /workspaces/f1_data_team/venv/lib/python3.12/site-packages/airflow/example_dags/tutorial_taskflow_templates.py
[2026-01-04T12:56:41.289+0000] {logging_mixin.py:190} INFO - [2026-01-04T12:56:41.289+0000] {dag.py:3239} INFO - Sync 1 DAGs
[2026-01-04T12:56:41.305+0000] {logging_mixin.py:190} INFO - [2026-01-04T12:56:41.305+0000] {dag.py:4180} INFO - Setting next_dagrun for tutorial_taskflow_templates to 2026-01-03 00:00:00+00:00, run_after=2026-01-04 00:00:00+00:00
[2026-01-04T12:56:41.319+0000] {processor.py:208} INFO - Processing /workspaces/f1_data_team/venv/lib/python3.12/site-packages/airflow/example_dags/tutorial_taskflow_templates.py took 0.060 seconds
[2026-01-04T12:57:31.493+0000] {processor.py:186} INFO - Started process (PID=48830) to work on /workspaces/f1_data_team/venv/lib/python3.12/site-packages/airflow/example_dags/tutorial_taskflow_templates.py
[2026-01-04T12:57:31.493+0000] {processor.py:914} INFO - Processing file /workspaces/f1_data_team/venv/lib/python3.12/site-packages/airflow/example_dags/tutorial_taskflow_templates.py for tasks to queue
[2026-01-04T12:57:31.495+0000] {logging_mixin.py:190} INFO - [2026-01-04T12:57:31.495+0000] {dagbag.py:588} INFO - Filling up the DagBag from /workspaces/f1_data_team/venv/lib/python3.12/site-packages/airflow/example_dags/tutorial_taskflow_templates.py
[2026-01-04T12:57:31.506+0000] {processor.py:925} INFO - DAG(s) 'tutorial_taskflow_templates' retrieved from /workspaces/f1_data_team/venv/lib/python3.12/site-packages/airflow/example_dags/tutorial_taskflow_templates.py
[2026-01-04T12:57:31.519+0000] {logging_mixin.py:190} INFO - [2026-01-04T12:57:31.519+0000] {dag.py:3239} INFO - Sync 1 DAGs
[2026-01-04T12:57:31.537+0000] {logging_mixin.py:190} INFO - [2026-01-04T12:57:31.536+0000] {dag.py:4180} INFO - Setting next_dagrun for tutorial_taskflow_templates to 2026-01-03 00:00:00+00:00, run_after=2026-01-04 00:00:00+00:00
[2026-01-04T12:57:31.555+0000] {processor.py:208} INFO - Processing /workspaces/f1_data_team/venv/lib/python3.12/site-packages/airflow/example_dags/tutorial_taskflow_templates.py took 0.067 seconds
[2026-01-04T12:58:23.442+0000] {processor.py:186} INFO - Started process (PID=49362) to work on /workspaces/f1_data_team/venv/lib/python3.12/site-packages/airflow/example_dags/tutorial_taskflow_templates.py
[2026-01-04T12:58:23.443+0000] {processor.py:914} INFO - Processing file /workspaces/f1_data_team/venv/lib/python3.12/site-packages/airflow/example_dags/tutorial_taskflow_templates.py for tasks to queue
[2026-01-04T12:58:23.445+0000] {logging_mixin.py:190} INFO - [2026-01-04T12:58:23.445+0000] {dagbag.py:588} INFO - Filling up the DagBag from /workspaces/f1_data_team/venv/lib/python3.12/site-packages/airflow/example_dags/tutorial_taskflow_templates.py
[2026-01-04T12:58:23.458+0000] {processor.py:925} INFO - DAG(s) 'tutorial_taskflow_templates' retrieved from /workspaces/f1_data_team/venv/lib/python3.12/site-packages/airflow/example_dags/tutorial_taskflow_templates.py
[2026-01-04T12:58:23.474+0000] {logging_mixin.py:190} INFO - [2026-01-04T12:58:23.474+0000] {dag.py:3239} INFO - Sync 1 DAGs
[2026-01-04T12:58:23.493+0000] {logging_mixin.py:190} INFO - [2026-01-04T12:58:23.493+0000] {dag.py:4180} INFO - Setting next_dagrun for tutorial_taskflow_templates to 2026-01-03 00:00:00+00:00, run_after=2026-01-04 00:00:00+00:00
[2026-01-04T12:58:23.509+0000] {processor.py:208} INFO - Processing /workspaces/f1_data_team/venv/lib/python3.12/site-packages/airflow/example_dags/tutorial_taskflow_templates.py took 0.071 seconds
[2026-01-04T12:59:20.201+0000] {processor.py:186} INFO - Started process (PID=49902) to work on /workspaces/f1_data_team/venv/lib/python3.12/site-packages/airflow/example_dags/tutorial_taskflow_templates.py
[2026-01-04T12:59:20.202+0000] {processor.py:914} INFO - Processing file /workspaces/f1_data_team/venv/lib/python3.12/site-packages/airflow/example_dags/tutorial_taskflow_templates.py for tasks to queue
[2026-01-04T12:59:20.204+0000] {logging_mixin.py:190} INFO - [2026-01-04T12:59:20.203+0000] {dagbag.py:588} INFO - Filling up the DagBag from /workspaces/f1_data_team/venv/lib/python3.12/site-packages/airflow/example_dags/tutorial_taskflow_templates.py
[2026-01-04T12:59:20.214+0000] {processor.py:925} INFO - DAG(s) 'tutorial_taskflow_templates' retrieved from /workspaces/f1_data_team/venv/lib/python3.12/site-packages/airflow/example_dags/tutorial_taskflow_templates.py
[2026-01-04T12:59:20.227+0000] {logging_mixin.py:190} INFO - [2026-01-04T12:59:20.226+0000] {dag.py:3239} INFO - Sync 1 DAGs
[2026-01-04T12:59:20.242+0000] {logging_mixin.py:190} INFO - [2026-01-04T12:59:20.242+0000] {dag.py:4180} INFO - Setting next_dagrun for tutorial_taskflow_templates to 2026-01-03 00:00:00+00:00, run_after=2026-01-04 00:00:00+00:00
[2026-01-04T12:59:20.257+0000] {processor.py:208} INFO - Processing /workspaces/f1_data_team/venv/lib/python3.12/site-packages/airflow/example_dags/tutorial_taskflow_templates.py took 0.060 seconds
[2026-01-04T13:00:12.886+0000] {processor.py:186} INFO - Started process (PID=50488) to work on /workspaces/f1_data_team/venv/lib/python3.12/site-packages/airflow/example_dags/tutorial_taskflow_templates.py
[2026-01-04T13:00:12.887+0000] {processor.py:914} INFO - Processing file /workspaces/f1_data_team/venv/lib/python3.12/site-packages/airflow/example_dags/tutorial_taskflow_templates.py for tasks to queue
[2026-01-04T13:00:12.889+0000] {logging_mixin.py:190} INFO - [2026-01-04T13:00:12.889+0000] {dagbag.py:588} INFO - Filling up the DagBag from /workspaces/f1_data_team/venv/lib/python3.12/site-packages/airflow/example_dags/tutorial_taskflow_templates.py
[2026-01-04T13:00:12.900+0000] {processor.py:925} INFO - DAG(s) 'tutorial_taskflow_templates' retrieved from /workspaces/f1_data_team/venv/lib/python3.12/site-packages/airflow/example_dags/tutorial_taskflow_templates.py
[2026-01-04T13:00:12.912+0000] {logging_mixin.py:190} INFO - [2026-01-04T13:00:12.912+0000] {dag.py:3239} INFO - Sync 1 DAGs
[2026-01-04T13:00:12.928+0000] {logging_mixin.py:190} INFO - [2026-01-04T13:00:12.928+0000] {dag.py:4180} INFO - Setting next_dagrun for tutorial_taskflow_templates to 2026-01-03 00:00:00+00:00, run_after=2026-01-04 00:00:00+00:00
[2026-01-04T13:00:12.945+0000] {processor.py:208} INFO - Processing /workspaces/f1_data_team/venv/lib/python3.12/site-packages/airflow/example_dags/tutorial_taskflow_templates.py took 0.063 seconds
[2026-01-04T13:01:06.108+0000] {processor.py:186} INFO - Started process (PID=51040) to work on /workspaces/f1_data_team/venv/lib/python3.12/site-packages/airflow/example_dags/tutorial_taskflow_templates.py
[2026-01-04T13:01:06.109+0000] {processor.py:914} INFO - Processing file /workspaces/f1_data_team/venv/lib/python3.12/site-packages/airflow/example_dags/tutorial_taskflow_templates.py for tasks to queue
[2026-01-04T13:01:06.111+0000] {logging_mixin.py:190} INFO - [2026-01-04T13:01:06.111+0000] {dagbag.py:588} INFO - Filling up the DagBag from /workspaces/f1_data_team/venv/lib/python3.12/site-packages/airflow/example_dags/tutorial_taskflow_templates.py
[2026-01-04T13:01:06.125+0000] {processor.py:925} INFO - DAG(s) 'tutorial_taskflow_templates' retrieved from /workspaces/f1_data_team/venv/lib/python3.12/site-packages/airflow/example_dags/tutorial_taskflow_templates.py
[2026-01-04T13:01:06.138+0000] {logging_mixin.py:190} INFO - [2026-01-04T13:01:06.138+0000] {dag.py:3239} INFO - Sync 1 DAGs
[2026-01-04T13:01:06.154+0000] {logging_mixin.py:190} INFO - [2026-01-04T13:01:06.154+0000] {dag.py:4180} INFO - Setting next_dagrun for tutorial_taskflow_templates to 2026-01-03 00:00:00+00:00, run_after=2026-01-04 00:00:00+00:00
[2026-01-04T13:01:06.169+0000] {processor.py:208} INFO - Processing /workspaces/f1_data_team/venv/lib/python3.12/site-packages/airflow/example_dags/tutorial_taskflow_templates.py took 0.066 seconds
