[2026-01-04T12:26:41.688+0000] {processor.py:186} INFO - Started process (PID=24494) to work on /workspaces/f1_data_team/venv/lib/python3.12/site-packages/airflow/example_dags/tutorial_taskflow_api_virtualenv.py
[2026-01-04T12:26:41.689+0000] {processor.py:914} INFO - Processing file /workspaces/f1_data_team/venv/lib/python3.12/site-packages/airflow/example_dags/tutorial_taskflow_api_virtualenv.py for tasks to queue
[2026-01-04T12:26:41.691+0000] {logging_mixin.py:190} INFO - [2026-01-04T12:26:41.691+0000] {dagbag.py:588} INFO - Filling up the DagBag from /workspaces/f1_data_team/venv/lib/python3.12/site-packages/airflow/example_dags/tutorial_taskflow_api_virtualenv.py
[2026-01-04T12:26:41.755+0000] {processor.py:925} INFO - DAG(s) 'tutorial_taskflow_api_virtualenv' retrieved from /workspaces/f1_data_team/venv/lib/python3.12/site-packages/airflow/example_dags/tutorial_taskflow_api_virtualenv.py
[2026-01-04T12:26:41.836+0000] {logging_mixin.py:190} INFO - [2026-01-04T12:26:41.836+0000] {override.py:1911} INFO - Created Permission View: can read on DAG:tutorial_taskflow_api_virtualenv
[2026-01-04T12:26:41.844+0000] {logging_mixin.py:190} INFO - [2026-01-04T12:26:41.843+0000] {override.py:1911} INFO - Created Permission View: can edit on DAG:tutorial_taskflow_api_virtualenv
[2026-01-04T12:26:41.849+0000] {logging_mixin.py:190} INFO - [2026-01-04T12:26:41.849+0000] {override.py:1911} INFO - Created Permission View: can delete on DAG:tutorial_taskflow_api_virtualenv
[2026-01-04T12:26:41.857+0000] {logging_mixin.py:190} INFO - [2026-01-04T12:26:41.856+0000] {override.py:1911} INFO - Created Permission View: can read on DAG Run:tutorial_taskflow_api_virtualenv
[2026-01-04T12:26:41.862+0000] {logging_mixin.py:190} INFO - [2026-01-04T12:26:41.862+0000] {override.py:1911} INFO - Created Permission View: menu access on DAG Run:tutorial_taskflow_api_virtualenv
[2026-01-04T12:26:41.868+0000] {logging_mixin.py:190} INFO - [2026-01-04T12:26:41.867+0000] {override.py:1911} INFO - Created Permission View: can create on DAG Run:tutorial_taskflow_api_virtualenv
[2026-01-04T12:26:41.873+0000] {logging_mixin.py:190} INFO - [2026-01-04T12:26:41.873+0000] {override.py:1911} INFO - Created Permission View: can delete on DAG Run:tutorial_taskflow_api_virtualenv
[2026-01-04T12:26:41.873+0000] {logging_mixin.py:190} INFO - [2026-01-04T12:26:41.873+0000] {dag.py:3239} INFO - Sync 1 DAGs
[2026-01-04T12:26:41.881+0000] {logging_mixin.py:190} INFO - [2026-01-04T12:26:41.881+0000] {dag.py:3262} INFO - Creating ORM DAG for tutorial_taskflow_api_virtualenv
[2026-01-04T12:26:41.882+0000] {logging_mixin.py:190} INFO - [2026-01-04T12:26:41.882+0000] {dag.py:4180} INFO - Setting next_dagrun for tutorial_taskflow_api_virtualenv to None, run_after=None
[2026-01-04T12:26:41.895+0000] {processor.py:208} INFO - Processing /workspaces/f1_data_team/venv/lib/python3.12/site-packages/airflow/example_dags/tutorial_taskflow_api_virtualenv.py took 0.211 seconds
[2026-01-04T12:27:45.145+0000] {processor.py:186} INFO - Started process (PID=25060) to work on /workspaces/f1_data_team/venv/lib/python3.12/site-packages/airflow/example_dags/tutorial_taskflow_api_virtualenv.py
[2026-01-04T12:27:45.146+0000] {processor.py:914} INFO - Processing file /workspaces/f1_data_team/venv/lib/python3.12/site-packages/airflow/example_dags/tutorial_taskflow_api_virtualenv.py for tasks to queue
[2026-01-04T12:27:45.148+0000] {logging_mixin.py:190} INFO - [2026-01-04T12:27:45.148+0000] {dagbag.py:588} INFO - Filling up the DagBag from /workspaces/f1_data_team/venv/lib/python3.12/site-packages/airflow/example_dags/tutorial_taskflow_api_virtualenv.py
[2026-01-04T12:27:45.163+0000] {processor.py:925} INFO - DAG(s) 'tutorial_taskflow_api_virtualenv' retrieved from /workspaces/f1_data_team/venv/lib/python3.12/site-packages/airflow/example_dags/tutorial_taskflow_api_virtualenv.py
[2026-01-04T12:27:45.177+0000] {logging_mixin.py:190} INFO - [2026-01-04T12:27:45.176+0000] {dag.py:3239} INFO - Sync 1 DAGs
[2026-01-04T12:27:45.187+0000] {logging_mixin.py:190} INFO - [2026-01-04T12:27:45.187+0000] {dag.py:4180} INFO - Setting next_dagrun for tutorial_taskflow_api_virtualenv to None, run_after=None
[2026-01-04T12:27:45.201+0000] {processor.py:208} INFO - Processing /workspaces/f1_data_team/venv/lib/python3.12/site-packages/airflow/example_dags/tutorial_taskflow_api_virtualenv.py took 0.063 seconds
[2026-01-04T12:28:40.632+0000] {processor.py:186} INFO - Started process (PID=25562) to work on /workspaces/f1_data_team/venv/lib/python3.12/site-packages/airflow/example_dags/tutorial_taskflow_api_virtualenv.py
[2026-01-04T12:28:40.632+0000] {processor.py:914} INFO - Processing file /workspaces/f1_data_team/venv/lib/python3.12/site-packages/airflow/example_dags/tutorial_taskflow_api_virtualenv.py for tasks to queue
[2026-01-04T12:28:40.634+0000] {logging_mixin.py:190} INFO - [2026-01-04T12:28:40.634+0000] {dagbag.py:588} INFO - Filling up the DagBag from /workspaces/f1_data_team/venv/lib/python3.12/site-packages/airflow/example_dags/tutorial_taskflow_api_virtualenv.py
[2026-01-04T12:28:40.644+0000] {processor.py:925} INFO - DAG(s) 'tutorial_taskflow_api_virtualenv' retrieved from /workspaces/f1_data_team/venv/lib/python3.12/site-packages/airflow/example_dags/tutorial_taskflow_api_virtualenv.py
[2026-01-04T12:28:40.657+0000] {logging_mixin.py:190} INFO - [2026-01-04T12:28:40.657+0000] {dag.py:3239} INFO - Sync 1 DAGs
[2026-01-04T12:28:40.666+0000] {logging_mixin.py:190} INFO - [2026-01-04T12:28:40.666+0000] {dag.py:4180} INFO - Setting next_dagrun for tutorial_taskflow_api_virtualenv to None, run_after=None
[2026-01-04T12:28:40.681+0000] {processor.py:208} INFO - Processing /workspaces/f1_data_team/venv/lib/python3.12/site-packages/airflow/example_dags/tutorial_taskflow_api_virtualenv.py took 0.054 seconds
[2026-01-04T12:29:39.907+0000] {processor.py:186} INFO - Started process (PID=26768) to work on /workspaces/f1_data_team/venv/lib/python3.12/site-packages/airflow/example_dags/tutorial_taskflow_api_virtualenv.py
[2026-01-04T12:29:39.908+0000] {processor.py:914} INFO - Processing file /workspaces/f1_data_team/venv/lib/python3.12/site-packages/airflow/example_dags/tutorial_taskflow_api_virtualenv.py for tasks to queue
[2026-01-04T12:29:39.910+0000] {logging_mixin.py:190} INFO - [2026-01-04T12:29:39.910+0000] {dagbag.py:588} INFO - Filling up the DagBag from /workspaces/f1_data_team/venv/lib/python3.12/site-packages/airflow/example_dags/tutorial_taskflow_api_virtualenv.py
[2026-01-04T12:29:39.920+0000] {processor.py:925} INFO - DAG(s) 'tutorial_taskflow_api_virtualenv' retrieved from /workspaces/f1_data_team/venv/lib/python3.12/site-packages/airflow/example_dags/tutorial_taskflow_api_virtualenv.py
[2026-01-04T12:29:39.933+0000] {logging_mixin.py:190} INFO - [2026-01-04T12:29:39.933+0000] {dag.py:3239} INFO - Sync 1 DAGs
[2026-01-04T12:29:39.944+0000] {logging_mixin.py:190} INFO - [2026-01-04T12:29:39.944+0000] {dag.py:4180} INFO - Setting next_dagrun for tutorial_taskflow_api_virtualenv to None, run_after=None
[2026-01-04T12:29:39.960+0000] {processor.py:208} INFO - Processing /workspaces/f1_data_team/venv/lib/python3.12/site-packages/airflow/example_dags/tutorial_taskflow_api_virtualenv.py took 0.058 seconds
[2026-01-04T12:30:23.336+0000] {processor.py:186} INFO - Started process (PID=27491) to work on /workspaces/f1_data_team/venv/lib/python3.12/site-packages/airflow/example_dags/tutorial_taskflow_api_virtualenv.py
[2026-01-04T12:30:23.337+0000] {processor.py:914} INFO - Processing file /workspaces/f1_data_team/venv/lib/python3.12/site-packages/airflow/example_dags/tutorial_taskflow_api_virtualenv.py for tasks to queue
[2026-01-04T12:30:23.339+0000] {logging_mixin.py:190} INFO - [2026-01-04T12:30:23.339+0000] {dagbag.py:588} INFO - Filling up the DagBag from /workspaces/f1_data_team/venv/lib/python3.12/site-packages/airflow/example_dags/tutorial_taskflow_api_virtualenv.py
[2026-01-04T12:30:23.349+0000] {processor.py:925} INFO - DAG(s) 'tutorial_taskflow_api_virtualenv' retrieved from /workspaces/f1_data_team/venv/lib/python3.12/site-packages/airflow/example_dags/tutorial_taskflow_api_virtualenv.py
[2026-01-04T12:30:23.427+0000] {logging_mixin.py:190} INFO - [2026-01-04T12:30:23.427+0000] {dag.py:3239} INFO - Sync 1 DAGs
[2026-01-04T12:30:23.439+0000] {logging_mixin.py:190} INFO - [2026-01-04T12:30:23.439+0000] {dag.py:4180} INFO - Setting next_dagrun for tutorial_taskflow_api_virtualenv to None, run_after=None
[2026-01-04T12:30:23.459+0000] {processor.py:208} INFO - Processing /workspaces/f1_data_team/venv/lib/python3.12/site-packages/airflow/example_dags/tutorial_taskflow_api_virtualenv.py took 0.128 seconds
[2026-01-04T12:31:22.510+0000] {processor.py:186} INFO - Started process (PID=28459) to work on /workspaces/f1_data_team/venv/lib/python3.12/site-packages/airflow/example_dags/tutorial_taskflow_api_virtualenv.py
[2026-01-04T12:31:22.511+0000] {processor.py:914} INFO - Processing file /workspaces/f1_data_team/venv/lib/python3.12/site-packages/airflow/example_dags/tutorial_taskflow_api_virtualenv.py for tasks to queue
[2026-01-04T12:31:22.513+0000] {logging_mixin.py:190} INFO - [2026-01-04T12:31:22.513+0000] {dagbag.py:588} INFO - Filling up the DagBag from /workspaces/f1_data_team/venv/lib/python3.12/site-packages/airflow/example_dags/tutorial_taskflow_api_virtualenv.py
[2026-01-04T12:31:22.523+0000] {processor.py:925} INFO - DAG(s) 'tutorial_taskflow_api_virtualenv' retrieved from /workspaces/f1_data_team/venv/lib/python3.12/site-packages/airflow/example_dags/tutorial_taskflow_api_virtualenv.py
[2026-01-04T12:31:22.534+0000] {logging_mixin.py:190} INFO - [2026-01-04T12:31:22.534+0000] {dag.py:3239} INFO - Sync 1 DAGs
[2026-01-04T12:31:22.543+0000] {logging_mixin.py:190} INFO - [2026-01-04T12:31:22.543+0000] {dag.py:4180} INFO - Setting next_dagrun for tutorial_taskflow_api_virtualenv to None, run_after=None
[2026-01-04T12:31:22.557+0000] {processor.py:208} INFO - Processing /workspaces/f1_data_team/venv/lib/python3.12/site-packages/airflow/example_dags/tutorial_taskflow_api_virtualenv.py took 0.051 seconds
[2026-01-04T12:32:30.187+0000] {processor.py:186} INFO - Started process (PID=29532) to work on /workspaces/f1_data_team/venv/lib/python3.12/site-packages/airflow/example_dags/tutorial_taskflow_api_virtualenv.py
[2026-01-04T12:32:30.188+0000] {processor.py:914} INFO - Processing file /workspaces/f1_data_team/venv/lib/python3.12/site-packages/airflow/example_dags/tutorial_taskflow_api_virtualenv.py for tasks to queue
[2026-01-04T12:32:30.190+0000] {logging_mixin.py:190} INFO - [2026-01-04T12:32:30.190+0000] {dagbag.py:588} INFO - Filling up the DagBag from /workspaces/f1_data_team/venv/lib/python3.12/site-packages/airflow/example_dags/tutorial_taskflow_api_virtualenv.py
[2026-01-04T12:32:30.200+0000] {processor.py:925} INFO - DAG(s) 'tutorial_taskflow_api_virtualenv' retrieved from /workspaces/f1_data_team/venv/lib/python3.12/site-packages/airflow/example_dags/tutorial_taskflow_api_virtualenv.py
[2026-01-04T12:32:30.276+0000] {logging_mixin.py:190} INFO - [2026-01-04T12:32:30.276+0000] {dag.py:3239} INFO - Sync 1 DAGs
[2026-01-04T12:32:30.284+0000] {logging_mixin.py:190} INFO - [2026-01-04T12:32:30.284+0000] {dag.py:4180} INFO - Setting next_dagrun for tutorial_taskflow_api_virtualenv to None, run_after=None
[2026-01-04T12:32:30.298+0000] {processor.py:208} INFO - Processing /workspaces/f1_data_team/venv/lib/python3.12/site-packages/airflow/example_dags/tutorial_taskflow_api_virtualenv.py took 0.116 seconds
[2026-01-04T12:33:30.310+0000] {processor.py:186} INFO - Started process (PID=30565) to work on /workspaces/f1_data_team/venv/lib/python3.12/site-packages/airflow/example_dags/tutorial_taskflow_api_virtualenv.py
[2026-01-04T12:33:30.311+0000] {processor.py:914} INFO - Processing file /workspaces/f1_data_team/venv/lib/python3.12/site-packages/airflow/example_dags/tutorial_taskflow_api_virtualenv.py for tasks to queue
[2026-01-04T12:33:30.313+0000] {logging_mixin.py:190} INFO - [2026-01-04T12:33:30.313+0000] {dagbag.py:588} INFO - Filling up the DagBag from /workspaces/f1_data_team/venv/lib/python3.12/site-packages/airflow/example_dags/tutorial_taskflow_api_virtualenv.py
[2026-01-04T12:33:30.323+0000] {processor.py:925} INFO - DAG(s) 'tutorial_taskflow_api_virtualenv' retrieved from /workspaces/f1_data_team/venv/lib/python3.12/site-packages/airflow/example_dags/tutorial_taskflow_api_virtualenv.py
[2026-01-04T12:33:30.335+0000] {logging_mixin.py:190} INFO - [2026-01-04T12:33:30.335+0000] {dag.py:3239} INFO - Sync 1 DAGs
[2026-01-04T12:33:30.345+0000] {logging_mixin.py:190} INFO - [2026-01-04T12:33:30.345+0000] {dag.py:4180} INFO - Setting next_dagrun for tutorial_taskflow_api_virtualenv to None, run_after=None
[2026-01-04T12:33:30.359+0000] {processor.py:208} INFO - Processing /workspaces/f1_data_team/venv/lib/python3.12/site-packages/airflow/example_dags/tutorial_taskflow_api_virtualenv.py took 0.054 seconds
[2026-01-04T12:34:27.165+0000] {processor.py:186} INFO - Started process (PID=31073) to work on /workspaces/f1_data_team/venv/lib/python3.12/site-packages/airflow/example_dags/tutorial_taskflow_api_virtualenv.py
[2026-01-04T12:34:27.166+0000] {processor.py:914} INFO - Processing file /workspaces/f1_data_team/venv/lib/python3.12/site-packages/airflow/example_dags/tutorial_taskflow_api_virtualenv.py for tasks to queue
[2026-01-04T12:34:27.168+0000] {logging_mixin.py:190} INFO - [2026-01-04T12:34:27.168+0000] {dagbag.py:588} INFO - Filling up the DagBag from /workspaces/f1_data_team/venv/lib/python3.12/site-packages/airflow/example_dags/tutorial_taskflow_api_virtualenv.py
[2026-01-04T12:34:27.178+0000] {processor.py:925} INFO - DAG(s) 'tutorial_taskflow_api_virtualenv' retrieved from /workspaces/f1_data_team/venv/lib/python3.12/site-packages/airflow/example_dags/tutorial_taskflow_api_virtualenv.py
[2026-01-04T12:34:27.190+0000] {logging_mixin.py:190} INFO - [2026-01-04T12:34:27.190+0000] {dag.py:3239} INFO - Sync 1 DAGs
[2026-01-04T12:34:27.200+0000] {logging_mixin.py:190} INFO - [2026-01-04T12:34:27.200+0000] {dag.py:4180} INFO - Setting next_dagrun for tutorial_taskflow_api_virtualenv to None, run_after=None
[2026-01-04T12:34:27.214+0000] {processor.py:208} INFO - Processing /workspaces/f1_data_team/venv/lib/python3.12/site-packages/airflow/example_dags/tutorial_taskflow_api_virtualenv.py took 0.054 seconds
[2026-01-04T12:35:16.829+0000] {processor.py:186} INFO - Started process (PID=31523) to work on /workspaces/f1_data_team/venv/lib/python3.12/site-packages/airflow/example_dags/tutorial_taskflow_api_virtualenv.py
[2026-01-04T12:35:16.830+0000] {processor.py:914} INFO - Processing file /workspaces/f1_data_team/venv/lib/python3.12/site-packages/airflow/example_dags/tutorial_taskflow_api_virtualenv.py for tasks to queue
[2026-01-04T12:35:16.832+0000] {logging_mixin.py:190} INFO - [2026-01-04T12:35:16.831+0000] {dagbag.py:588} INFO - Filling up the DagBag from /workspaces/f1_data_team/venv/lib/python3.12/site-packages/airflow/example_dags/tutorial_taskflow_api_virtualenv.py
[2026-01-04T12:35:16.842+0000] {processor.py:925} INFO - DAG(s) 'tutorial_taskflow_api_virtualenv' retrieved from /workspaces/f1_data_team/venv/lib/python3.12/site-packages/airflow/example_dags/tutorial_taskflow_api_virtualenv.py
[2026-01-04T12:35:16.854+0000] {logging_mixin.py:190} INFO - [2026-01-04T12:35:16.853+0000] {dag.py:3239} INFO - Sync 1 DAGs
[2026-01-04T12:35:16.863+0000] {logging_mixin.py:190} INFO - [2026-01-04T12:35:16.863+0000] {dag.py:4180} INFO - Setting next_dagrun for tutorial_taskflow_api_virtualenv to None, run_after=None
[2026-01-04T12:35:16.877+0000] {processor.py:208} INFO - Processing /workspaces/f1_data_team/venv/lib/python3.12/site-packages/airflow/example_dags/tutorial_taskflow_api_virtualenv.py took 0.053 seconds
[2026-01-04T12:36:09.152+0000] {processor.py:186} INFO - Started process (PID=32174) to work on /workspaces/f1_data_team/venv/lib/python3.12/site-packages/airflow/example_dags/tutorial_taskflow_api_virtualenv.py
[2026-01-04T12:36:09.153+0000] {processor.py:914} INFO - Processing file /workspaces/f1_data_team/venv/lib/python3.12/site-packages/airflow/example_dags/tutorial_taskflow_api_virtualenv.py for tasks to queue
[2026-01-04T12:36:09.155+0000] {logging_mixin.py:190} INFO - [2026-01-04T12:36:09.154+0000] {dagbag.py:588} INFO - Filling up the DagBag from /workspaces/f1_data_team/venv/lib/python3.12/site-packages/airflow/example_dags/tutorial_taskflow_api_virtualenv.py
[2026-01-04T12:36:09.164+0000] {processor.py:925} INFO - DAG(s) 'tutorial_taskflow_api_virtualenv' retrieved from /workspaces/f1_data_team/venv/lib/python3.12/site-packages/airflow/example_dags/tutorial_taskflow_api_virtualenv.py
[2026-01-04T12:36:09.176+0000] {logging_mixin.py:190} INFO - [2026-01-04T12:36:09.176+0000] {dag.py:3239} INFO - Sync 1 DAGs
[2026-01-04T12:36:09.186+0000] {logging_mixin.py:190} INFO - [2026-01-04T12:36:09.186+0000] {dag.py:4180} INFO - Setting next_dagrun for tutorial_taskflow_api_virtualenv to None, run_after=None
[2026-01-04T12:36:09.201+0000] {processor.py:208} INFO - Processing /workspaces/f1_data_team/venv/lib/python3.12/site-packages/airflow/example_dags/tutorial_taskflow_api_virtualenv.py took 0.053 seconds
[2026-01-04T12:37:00.529+0000] {processor.py:186} INFO - Started process (PID=32634) to work on /workspaces/f1_data_team/venv/lib/python3.12/site-packages/airflow/example_dags/tutorial_taskflow_api_virtualenv.py
[2026-01-04T12:37:00.530+0000] {processor.py:914} INFO - Processing file /workspaces/f1_data_team/venv/lib/python3.12/site-packages/airflow/example_dags/tutorial_taskflow_api_virtualenv.py for tasks to queue
[2026-01-04T12:37:00.532+0000] {logging_mixin.py:190} INFO - [2026-01-04T12:37:00.532+0000] {dagbag.py:588} INFO - Filling up the DagBag from /workspaces/f1_data_team/venv/lib/python3.12/site-packages/airflow/example_dags/tutorial_taskflow_api_virtualenv.py
[2026-01-04T12:37:00.542+0000] {processor.py:925} INFO - DAG(s) 'tutorial_taskflow_api_virtualenv' retrieved from /workspaces/f1_data_team/venv/lib/python3.12/site-packages/airflow/example_dags/tutorial_taskflow_api_virtualenv.py
[2026-01-04T12:37:00.554+0000] {logging_mixin.py:190} INFO - [2026-01-04T12:37:00.554+0000] {dag.py:3239} INFO - Sync 1 DAGs
[2026-01-04T12:37:00.563+0000] {logging_mixin.py:190} INFO - [2026-01-04T12:37:00.563+0000] {dag.py:4180} INFO - Setting next_dagrun for tutorial_taskflow_api_virtualenv to None, run_after=None
[2026-01-04T12:37:00.578+0000] {processor.py:208} INFO - Processing /workspaces/f1_data_team/venv/lib/python3.12/site-packages/airflow/example_dags/tutorial_taskflow_api_virtualenv.py took 0.053 seconds
[2026-01-04T12:37:53.903+0000] {processor.py:186} INFO - Started process (PID=33519) to work on /workspaces/f1_data_team/venv/lib/python3.12/site-packages/airflow/example_dags/tutorial_taskflow_api_virtualenv.py
[2026-01-04T12:37:53.903+0000] {processor.py:914} INFO - Processing file /workspaces/f1_data_team/venv/lib/python3.12/site-packages/airflow/example_dags/tutorial_taskflow_api_virtualenv.py for tasks to queue
[2026-01-04T12:37:53.905+0000] {logging_mixin.py:190} INFO - [2026-01-04T12:37:53.905+0000] {dagbag.py:588} INFO - Filling up the DagBag from /workspaces/f1_data_team/venv/lib/python3.12/site-packages/airflow/example_dags/tutorial_taskflow_api_virtualenv.py
[2026-01-04T12:37:53.915+0000] {processor.py:925} INFO - DAG(s) 'tutorial_taskflow_api_virtualenv' retrieved from /workspaces/f1_data_team/venv/lib/python3.12/site-packages/airflow/example_dags/tutorial_taskflow_api_virtualenv.py
[2026-01-04T12:37:53.928+0000] {logging_mixin.py:190} INFO - [2026-01-04T12:37:53.927+0000] {dag.py:3239} INFO - Sync 1 DAGs
[2026-01-04T12:37:53.938+0000] {logging_mixin.py:190} INFO - [2026-01-04T12:37:53.937+0000] {dag.py:4180} INFO - Setting next_dagrun for tutorial_taskflow_api_virtualenv to None, run_after=None
[2026-01-04T12:37:53.954+0000] {processor.py:208} INFO - Processing /workspaces/f1_data_team/venv/lib/python3.12/site-packages/airflow/example_dags/tutorial_taskflow_api_virtualenv.py took 0.056 seconds
[2026-01-04T12:38:45.673+0000] {processor.py:186} INFO - Started process (PID=34026) to work on /workspaces/f1_data_team/venv/lib/python3.12/site-packages/airflow/example_dags/tutorial_taskflow_api_virtualenv.py
[2026-01-04T12:38:45.674+0000] {processor.py:914} INFO - Processing file /workspaces/f1_data_team/venv/lib/python3.12/site-packages/airflow/example_dags/tutorial_taskflow_api_virtualenv.py for tasks to queue
[2026-01-04T12:38:45.676+0000] {logging_mixin.py:190} INFO - [2026-01-04T12:38:45.676+0000] {dagbag.py:588} INFO - Filling up the DagBag from /workspaces/f1_data_team/venv/lib/python3.12/site-packages/airflow/example_dags/tutorial_taskflow_api_virtualenv.py
[2026-01-04T12:38:45.686+0000] {processor.py:925} INFO - DAG(s) 'tutorial_taskflow_api_virtualenv' retrieved from /workspaces/f1_data_team/venv/lib/python3.12/site-packages/airflow/example_dags/tutorial_taskflow_api_virtualenv.py
[2026-01-04T12:38:45.698+0000] {logging_mixin.py:190} INFO - [2026-01-04T12:38:45.698+0000] {dag.py:3239} INFO - Sync 1 DAGs
[2026-01-04T12:38:45.708+0000] {logging_mixin.py:190} INFO - [2026-01-04T12:38:45.708+0000] {dag.py:4180} INFO - Setting next_dagrun for tutorial_taskflow_api_virtualenv to None, run_after=None
[2026-01-04T12:38:45.722+0000] {processor.py:208} INFO - Processing /workspaces/f1_data_team/venv/lib/python3.12/site-packages/airflow/example_dags/tutorial_taskflow_api_virtualenv.py took 0.053 seconds
[2026-01-04T12:39:40.171+0000] {processor.py:186} INFO - Started process (PID=34554) to work on /workspaces/f1_data_team/venv/lib/python3.12/site-packages/airflow/example_dags/tutorial_taskflow_api_virtualenv.py
[2026-01-04T12:39:40.172+0000] {processor.py:914} INFO - Processing file /workspaces/f1_data_team/venv/lib/python3.12/site-packages/airflow/example_dags/tutorial_taskflow_api_virtualenv.py for tasks to queue
[2026-01-04T12:39:40.174+0000] {logging_mixin.py:190} INFO - [2026-01-04T12:39:40.174+0000] {dagbag.py:588} INFO - Filling up the DagBag from /workspaces/f1_data_team/venv/lib/python3.12/site-packages/airflow/example_dags/tutorial_taskflow_api_virtualenv.py
[2026-01-04T12:39:40.184+0000] {processor.py:925} INFO - DAG(s) 'tutorial_taskflow_api_virtualenv' retrieved from /workspaces/f1_data_team/venv/lib/python3.12/site-packages/airflow/example_dags/tutorial_taskflow_api_virtualenv.py
[2026-01-04T12:39:40.197+0000] {logging_mixin.py:190} INFO - [2026-01-04T12:39:40.197+0000] {dag.py:3239} INFO - Sync 1 DAGs
[2026-01-04T12:39:40.207+0000] {logging_mixin.py:190} INFO - [2026-01-04T12:39:40.207+0000] {dag.py:4180} INFO - Setting next_dagrun for tutorial_taskflow_api_virtualenv to None, run_after=None
[2026-01-04T12:39:40.222+0000] {processor.py:208} INFO - Processing /workspaces/f1_data_team/venv/lib/python3.12/site-packages/airflow/example_dags/tutorial_taskflow_api_virtualenv.py took 0.056 seconds
[2026-01-04T12:40:34.846+0000] {processor.py:186} INFO - Started process (PID=35083) to work on /workspaces/f1_data_team/venv/lib/python3.12/site-packages/airflow/example_dags/tutorial_taskflow_api_virtualenv.py
[2026-01-04T12:40:34.847+0000] {processor.py:914} INFO - Processing file /workspaces/f1_data_team/venv/lib/python3.12/site-packages/airflow/example_dags/tutorial_taskflow_api_virtualenv.py for tasks to queue
[2026-01-04T12:40:34.849+0000] {logging_mixin.py:190} INFO - [2026-01-04T12:40:34.849+0000] {dagbag.py:588} INFO - Filling up the DagBag from /workspaces/f1_data_team/venv/lib/python3.12/site-packages/airflow/example_dags/tutorial_taskflow_api_virtualenv.py
[2026-01-04T12:40:34.859+0000] {processor.py:925} INFO - DAG(s) 'tutorial_taskflow_api_virtualenv' retrieved from /workspaces/f1_data_team/venv/lib/python3.12/site-packages/airflow/example_dags/tutorial_taskflow_api_virtualenv.py
[2026-01-04T12:40:34.871+0000] {logging_mixin.py:190} INFO - [2026-01-04T12:40:34.871+0000] {dag.py:3239} INFO - Sync 1 DAGs
[2026-01-04T12:40:34.881+0000] {logging_mixin.py:190} INFO - [2026-01-04T12:40:34.880+0000] {dag.py:4180} INFO - Setting next_dagrun for tutorial_taskflow_api_virtualenv to None, run_after=None
[2026-01-04T12:40:34.895+0000] {processor.py:208} INFO - Processing /workspaces/f1_data_team/venv/lib/python3.12/site-packages/airflow/example_dags/tutorial_taskflow_api_virtualenv.py took 0.053 seconds
[2026-01-04T12:41:28.683+0000] {processor.py:186} INFO - Started process (PID=35774) to work on /workspaces/f1_data_team/venv/lib/python3.12/site-packages/airflow/example_dags/tutorial_taskflow_api_virtualenv.py
[2026-01-04T12:41:28.683+0000] {processor.py:914} INFO - Processing file /workspaces/f1_data_team/venv/lib/python3.12/site-packages/airflow/example_dags/tutorial_taskflow_api_virtualenv.py for tasks to queue
[2026-01-04T12:41:28.685+0000] {logging_mixin.py:190} INFO - [2026-01-04T12:41:28.685+0000] {dagbag.py:588} INFO - Filling up the DagBag from /workspaces/f1_data_team/venv/lib/python3.12/site-packages/airflow/example_dags/tutorial_taskflow_api_virtualenv.py
[2026-01-04T12:41:28.696+0000] {processor.py:925} INFO - DAG(s) 'tutorial_taskflow_api_virtualenv' retrieved from /workspaces/f1_data_team/venv/lib/python3.12/site-packages/airflow/example_dags/tutorial_taskflow_api_virtualenv.py
[2026-01-04T12:41:28.773+0000] {logging_mixin.py:190} INFO - [2026-01-04T12:41:28.772+0000] {dag.py:3239} INFO - Sync 1 DAGs
[2026-01-04T12:41:28.781+0000] {logging_mixin.py:190} INFO - [2026-01-04T12:41:28.781+0000] {dag.py:4180} INFO - Setting next_dagrun for tutorial_taskflow_api_virtualenv to None, run_after=None
[2026-01-04T12:41:28.804+0000] {processor.py:208} INFO - Processing /workspaces/f1_data_team/venv/lib/python3.12/site-packages/airflow/example_dags/tutorial_taskflow_api_virtualenv.py took 0.126 seconds
[2026-01-04T12:42:32.286+0000] {processor.py:186} INFO - Started process (PID=36889) to work on /workspaces/f1_data_team/venv/lib/python3.12/site-packages/airflow/example_dags/tutorial_taskflow_api_virtualenv.py
[2026-01-04T12:42:32.287+0000] {processor.py:914} INFO - Processing file /workspaces/f1_data_team/venv/lib/python3.12/site-packages/airflow/example_dags/tutorial_taskflow_api_virtualenv.py for tasks to queue
[2026-01-04T12:42:32.289+0000] {logging_mixin.py:190} INFO - [2026-01-04T12:42:32.289+0000] {dagbag.py:588} INFO - Filling up the DagBag from /workspaces/f1_data_team/venv/lib/python3.12/site-packages/airflow/example_dags/tutorial_taskflow_api_virtualenv.py
[2026-01-04T12:42:32.299+0000] {processor.py:925} INFO - DAG(s) 'tutorial_taskflow_api_virtualenv' retrieved from /workspaces/f1_data_team/venv/lib/python3.12/site-packages/airflow/example_dags/tutorial_taskflow_api_virtualenv.py
[2026-01-04T12:42:32.311+0000] {logging_mixin.py:190} INFO - [2026-01-04T12:42:32.310+0000] {dag.py:3239} INFO - Sync 1 DAGs
[2026-01-04T12:42:32.321+0000] {logging_mixin.py:190} INFO - [2026-01-04T12:42:32.320+0000] {dag.py:4180} INFO - Setting next_dagrun for tutorial_taskflow_api_virtualenv to None, run_after=None
[2026-01-04T12:42:32.335+0000] {processor.py:208} INFO - Processing /workspaces/f1_data_team/venv/lib/python3.12/site-packages/airflow/example_dags/tutorial_taskflow_api_virtualenv.py took 0.053 seconds
[2026-01-04T12:43:28.948+0000] {processor.py:186} INFO - Started process (PID=37585) to work on /workspaces/f1_data_team/venv/lib/python3.12/site-packages/airflow/example_dags/tutorial_taskflow_api_virtualenv.py
[2026-01-04T12:43:28.949+0000] {processor.py:914} INFO - Processing file /workspaces/f1_data_team/venv/lib/python3.12/site-packages/airflow/example_dags/tutorial_taskflow_api_virtualenv.py for tasks to queue
[2026-01-04T12:43:28.951+0000] {logging_mixin.py:190} INFO - [2026-01-04T12:43:28.951+0000] {dagbag.py:588} INFO - Filling up the DagBag from /workspaces/f1_data_team/venv/lib/python3.12/site-packages/airflow/example_dags/tutorial_taskflow_api_virtualenv.py
[2026-01-04T12:43:28.961+0000] {processor.py:925} INFO - DAG(s) 'tutorial_taskflow_api_virtualenv' retrieved from /workspaces/f1_data_team/venv/lib/python3.12/site-packages/airflow/example_dags/tutorial_taskflow_api_virtualenv.py
[2026-01-04T12:43:28.973+0000] {logging_mixin.py:190} INFO - [2026-01-04T12:43:28.973+0000] {dag.py:3239} INFO - Sync 1 DAGs
[2026-01-04T12:43:28.983+0000] {logging_mixin.py:190} INFO - [2026-01-04T12:43:28.983+0000] {dag.py:4180} INFO - Setting next_dagrun for tutorial_taskflow_api_virtualenv to None, run_after=None
[2026-01-04T12:43:29.000+0000] {processor.py:208} INFO - Processing /workspaces/f1_data_team/venv/lib/python3.12/site-packages/airflow/example_dags/tutorial_taskflow_api_virtualenv.py took 0.056 seconds
[2026-01-04T12:44:20.725+0000] {processor.py:186} INFO - Started process (PID=38182) to work on /workspaces/f1_data_team/venv/lib/python3.12/site-packages/airflow/example_dags/tutorial_taskflow_api_virtualenv.py
[2026-01-04T12:44:20.726+0000] {processor.py:914} INFO - Processing file /workspaces/f1_data_team/venv/lib/python3.12/site-packages/airflow/example_dags/tutorial_taskflow_api_virtualenv.py for tasks to queue
[2026-01-04T12:44:20.728+0000] {logging_mixin.py:190} INFO - [2026-01-04T12:44:20.728+0000] {dagbag.py:588} INFO - Filling up the DagBag from /workspaces/f1_data_team/venv/lib/python3.12/site-packages/airflow/example_dags/tutorial_taskflow_api_virtualenv.py
[2026-01-04T12:44:20.738+0000] {processor.py:925} INFO - DAG(s) 'tutorial_taskflow_api_virtualenv' retrieved from /workspaces/f1_data_team/venv/lib/python3.12/site-packages/airflow/example_dags/tutorial_taskflow_api_virtualenv.py
[2026-01-04T12:44:20.750+0000] {logging_mixin.py:190} INFO - [2026-01-04T12:44:20.750+0000] {dag.py:3239} INFO - Sync 1 DAGs
[2026-01-04T12:44:20.759+0000] {logging_mixin.py:190} INFO - [2026-01-04T12:44:20.759+0000] {dag.py:4180} INFO - Setting next_dagrun for tutorial_taskflow_api_virtualenv to None, run_after=None
[2026-01-04T12:44:20.777+0000] {processor.py:208} INFO - Processing /workspaces/f1_data_team/venv/lib/python3.12/site-packages/airflow/example_dags/tutorial_taskflow_api_virtualenv.py took 0.057 seconds
[2026-01-04T12:45:18.684+0000] {processor.py:186} INFO - Started process (PID=39201) to work on /workspaces/f1_data_team/venv/lib/python3.12/site-packages/airflow/example_dags/tutorial_taskflow_api_virtualenv.py
[2026-01-04T12:45:18.685+0000] {processor.py:914} INFO - Processing file /workspaces/f1_data_team/venv/lib/python3.12/site-packages/airflow/example_dags/tutorial_taskflow_api_virtualenv.py for tasks to queue
[2026-01-04T12:45:18.687+0000] {logging_mixin.py:190} INFO - [2026-01-04T12:45:18.687+0000] {dagbag.py:588} INFO - Filling up the DagBag from /workspaces/f1_data_team/venv/lib/python3.12/site-packages/airflow/example_dags/tutorial_taskflow_api_virtualenv.py
[2026-01-04T12:45:18.697+0000] {processor.py:925} INFO - DAG(s) 'tutorial_taskflow_api_virtualenv' retrieved from /workspaces/f1_data_team/venv/lib/python3.12/site-packages/airflow/example_dags/tutorial_taskflow_api_virtualenv.py
[2026-01-04T12:45:18.711+0000] {logging_mixin.py:190} INFO - [2026-01-04T12:45:18.711+0000] {dag.py:3239} INFO - Sync 1 DAGs
[2026-01-04T12:45:18.721+0000] {logging_mixin.py:190} INFO - [2026-01-04T12:45:18.721+0000] {dag.py:4180} INFO - Setting next_dagrun for tutorial_taskflow_api_virtualenv to None, run_after=None
[2026-01-04T12:45:18.736+0000] {processor.py:208} INFO - Processing /workspaces/f1_data_team/venv/lib/python3.12/site-packages/airflow/example_dags/tutorial_taskflow_api_virtualenv.py took 0.056 seconds
[2026-01-04T12:46:14.546+0000] {processor.py:186} INFO - Started process (PID=39758) to work on /workspaces/f1_data_team/venv/lib/python3.12/site-packages/airflow/example_dags/tutorial_taskflow_api_virtualenv.py
[2026-01-04T12:46:14.546+0000] {processor.py:914} INFO - Processing file /workspaces/f1_data_team/venv/lib/python3.12/site-packages/airflow/example_dags/tutorial_taskflow_api_virtualenv.py for tasks to queue
[2026-01-04T12:46:14.549+0000] {logging_mixin.py:190} INFO - [2026-01-04T12:46:14.548+0000] {dagbag.py:588} INFO - Filling up the DagBag from /workspaces/f1_data_team/venv/lib/python3.12/site-packages/airflow/example_dags/tutorial_taskflow_api_virtualenv.py
[2026-01-04T12:46:14.558+0000] {processor.py:925} INFO - DAG(s) 'tutorial_taskflow_api_virtualenv' retrieved from /workspaces/f1_data_team/venv/lib/python3.12/site-packages/airflow/example_dags/tutorial_taskflow_api_virtualenv.py
[2026-01-04T12:46:14.575+0000] {logging_mixin.py:190} INFO - [2026-01-04T12:46:14.575+0000] {dag.py:3239} INFO - Sync 1 DAGs
[2026-01-04T12:46:14.589+0000] {logging_mixin.py:190} INFO - [2026-01-04T12:46:14.589+0000] {dag.py:4180} INFO - Setting next_dagrun for tutorial_taskflow_api_virtualenv to None, run_after=None
[2026-01-04T12:46:14.608+0000] {processor.py:208} INFO - Processing /workspaces/f1_data_team/venv/lib/python3.12/site-packages/airflow/example_dags/tutorial_taskflow_api_virtualenv.py took 0.067 seconds
[2026-01-04T12:47:06.113+0000] {processor.py:186} INFO - Started process (PID=40290) to work on /workspaces/f1_data_team/venv/lib/python3.12/site-packages/airflow/example_dags/tutorial_taskflow_api_virtualenv.py
[2026-01-04T12:47:06.114+0000] {processor.py:914} INFO - Processing file /workspaces/f1_data_team/venv/lib/python3.12/site-packages/airflow/example_dags/tutorial_taskflow_api_virtualenv.py for tasks to queue
[2026-01-04T12:47:06.116+0000] {logging_mixin.py:190} INFO - [2026-01-04T12:47:06.116+0000] {dagbag.py:588} INFO - Filling up the DagBag from /workspaces/f1_data_team/venv/lib/python3.12/site-packages/airflow/example_dags/tutorial_taskflow_api_virtualenv.py
[2026-01-04T12:47:06.126+0000] {processor.py:925} INFO - DAG(s) 'tutorial_taskflow_api_virtualenv' retrieved from /workspaces/f1_data_team/venv/lib/python3.12/site-packages/airflow/example_dags/tutorial_taskflow_api_virtualenv.py
[2026-01-04T12:47:06.139+0000] {logging_mixin.py:190} INFO - [2026-01-04T12:47:06.138+0000] {dag.py:3239} INFO - Sync 1 DAGs
[2026-01-04T12:47:06.148+0000] {logging_mixin.py:190} INFO - [2026-01-04T12:47:06.148+0000] {dag.py:4180} INFO - Setting next_dagrun for tutorial_taskflow_api_virtualenv to None, run_after=None
[2026-01-04T12:47:06.163+0000] {processor.py:208} INFO - Processing /workspaces/f1_data_team/venv/lib/python3.12/site-packages/airflow/example_dags/tutorial_taskflow_api_virtualenv.py took 0.054 seconds
[2026-01-04T12:47:56.421+0000] {processor.py:186} INFO - Started process (PID=40803) to work on /workspaces/f1_data_team/venv/lib/python3.12/site-packages/airflow/example_dags/tutorial_taskflow_api_virtualenv.py
[2026-01-04T12:47:56.421+0000] {processor.py:914} INFO - Processing file /workspaces/f1_data_team/venv/lib/python3.12/site-packages/airflow/example_dags/tutorial_taskflow_api_virtualenv.py for tasks to queue
[2026-01-04T12:47:56.424+0000] {logging_mixin.py:190} INFO - [2026-01-04T12:47:56.424+0000] {dagbag.py:588} INFO - Filling up the DagBag from /workspaces/f1_data_team/venv/lib/python3.12/site-packages/airflow/example_dags/tutorial_taskflow_api_virtualenv.py
[2026-01-04T12:47:56.434+0000] {processor.py:925} INFO - DAG(s) 'tutorial_taskflow_api_virtualenv' retrieved from /workspaces/f1_data_team/venv/lib/python3.12/site-packages/airflow/example_dags/tutorial_taskflow_api_virtualenv.py
[2026-01-04T12:47:56.446+0000] {logging_mixin.py:190} INFO - [2026-01-04T12:47:56.445+0000] {dag.py:3239} INFO - Sync 1 DAGs
[2026-01-04T12:47:56.456+0000] {logging_mixin.py:190} INFO - [2026-01-04T12:47:56.456+0000] {dag.py:4180} INFO - Setting next_dagrun for tutorial_taskflow_api_virtualenv to None, run_after=None
[2026-01-04T12:47:56.470+0000] {processor.py:208} INFO - Processing /workspaces/f1_data_team/venv/lib/python3.12/site-packages/airflow/example_dags/tutorial_taskflow_api_virtualenv.py took 0.055 seconds
[2026-01-04T12:48:41.937+0000] {processor.py:186} INFO - Started process (PID=41570) to work on /workspaces/f1_data_team/venv/lib/python3.12/site-packages/airflow/example_dags/tutorial_taskflow_api_virtualenv.py
[2026-01-04T12:48:41.938+0000] {processor.py:914} INFO - Processing file /workspaces/f1_data_team/venv/lib/python3.12/site-packages/airflow/example_dags/tutorial_taskflow_api_virtualenv.py for tasks to queue
[2026-01-04T12:48:41.940+0000] {logging_mixin.py:190} INFO - [2026-01-04T12:48:41.939+0000] {dagbag.py:588} INFO - Filling up the DagBag from /workspaces/f1_data_team/venv/lib/python3.12/site-packages/airflow/example_dags/tutorial_taskflow_api_virtualenv.py
[2026-01-04T12:48:41.949+0000] {processor.py:925} INFO - DAG(s) 'tutorial_taskflow_api_virtualenv' retrieved from /workspaces/f1_data_team/venv/lib/python3.12/site-packages/airflow/example_dags/tutorial_taskflow_api_virtualenv.py
[2026-01-04T12:48:42.024+0000] {logging_mixin.py:190} INFO - [2026-01-04T12:48:42.024+0000] {dag.py:3239} INFO - Sync 1 DAGs
[2026-01-04T12:48:42.032+0000] {logging_mixin.py:190} INFO - [2026-01-04T12:48:42.032+0000] {dag.py:4180} INFO - Setting next_dagrun for tutorial_taskflow_api_virtualenv to None, run_after=None
[2026-01-04T12:48:42.046+0000] {processor.py:208} INFO - Processing /workspaces/f1_data_team/venv/lib/python3.12/site-packages/airflow/example_dags/tutorial_taskflow_api_virtualenv.py took 0.114 seconds
[2026-01-04T12:49:44.948+0000] {processor.py:186} INFO - Started process (PID=42491) to work on /workspaces/f1_data_team/venv/lib/python3.12/site-packages/airflow/example_dags/tutorial_taskflow_api_virtualenv.py
[2026-01-04T12:49:44.949+0000] {processor.py:914} INFO - Processing file /workspaces/f1_data_team/venv/lib/python3.12/site-packages/airflow/example_dags/tutorial_taskflow_api_virtualenv.py for tasks to queue
[2026-01-04T12:49:44.951+0000] {logging_mixin.py:190} INFO - [2026-01-04T12:49:44.951+0000] {dagbag.py:588} INFO - Filling up the DagBag from /workspaces/f1_data_team/venv/lib/python3.12/site-packages/airflow/example_dags/tutorial_taskflow_api_virtualenv.py
[2026-01-04T12:49:44.961+0000] {processor.py:925} INFO - DAG(s) 'tutorial_taskflow_api_virtualenv' retrieved from /workspaces/f1_data_team/venv/lib/python3.12/site-packages/airflow/example_dags/tutorial_taskflow_api_virtualenv.py
[2026-01-04T12:49:44.974+0000] {logging_mixin.py:190} INFO - [2026-01-04T12:49:44.973+0000] {dag.py:3239} INFO - Sync 1 DAGs
[2026-01-04T12:49:44.983+0000] {logging_mixin.py:190} INFO - [2026-01-04T12:49:44.983+0000] {dag.py:4180} INFO - Setting next_dagrun for tutorial_taskflow_api_virtualenv to None, run_after=None
[2026-01-04T12:49:44.998+0000] {processor.py:208} INFO - Processing /workspaces/f1_data_team/venv/lib/python3.12/site-packages/airflow/example_dags/tutorial_taskflow_api_virtualenv.py took 0.054 seconds
[2026-01-04T12:50:39.718+0000] {processor.py:186} INFO - Started process (PID=43021) to work on /workspaces/f1_data_team/venv/lib/python3.12/site-packages/airflow/example_dags/tutorial_taskflow_api_virtualenv.py
[2026-01-04T12:50:39.719+0000] {processor.py:914} INFO - Processing file /workspaces/f1_data_team/venv/lib/python3.12/site-packages/airflow/example_dags/tutorial_taskflow_api_virtualenv.py for tasks to queue
[2026-01-04T12:50:39.721+0000] {logging_mixin.py:190} INFO - [2026-01-04T12:50:39.721+0000] {dagbag.py:588} INFO - Filling up the DagBag from /workspaces/f1_data_team/venv/lib/python3.12/site-packages/airflow/example_dags/tutorial_taskflow_api_virtualenv.py
[2026-01-04T12:50:39.731+0000] {processor.py:925} INFO - DAG(s) 'tutorial_taskflow_api_virtualenv' retrieved from /workspaces/f1_data_team/venv/lib/python3.12/site-packages/airflow/example_dags/tutorial_taskflow_api_virtualenv.py
[2026-01-04T12:50:39.743+0000] {logging_mixin.py:190} INFO - [2026-01-04T12:50:39.743+0000] {dag.py:3239} INFO - Sync 1 DAGs
[2026-01-04T12:50:39.754+0000] {logging_mixin.py:190} INFO - [2026-01-04T12:50:39.753+0000] {dag.py:4180} INFO - Setting next_dagrun for tutorial_taskflow_api_virtualenv to None, run_after=None
[2026-01-04T12:50:39.768+0000] {processor.py:208} INFO - Processing /workspaces/f1_data_team/venv/lib/python3.12/site-packages/airflow/example_dags/tutorial_taskflow_api_virtualenv.py took 0.054 seconds
[2026-01-04T12:51:17.014+0000] {processor.py:186} INFO - Started process (PID=43646) to work on /workspaces/f1_data_team/venv/lib/python3.12/site-packages/airflow/example_dags/tutorial_taskflow_api_virtualenv.py
[2026-01-04T12:51:17.015+0000] {processor.py:914} INFO - Processing file /workspaces/f1_data_team/venv/lib/python3.12/site-packages/airflow/example_dags/tutorial_taskflow_api_virtualenv.py for tasks to queue
[2026-01-04T12:51:17.017+0000] {logging_mixin.py:190} INFO - [2026-01-04T12:51:17.017+0000] {dagbag.py:588} INFO - Filling up the DagBag from /workspaces/f1_data_team/venv/lib/python3.12/site-packages/airflow/example_dags/tutorial_taskflow_api_virtualenv.py
[2026-01-04T12:51:17.027+0000] {processor.py:925} INFO - DAG(s) 'tutorial_taskflow_api_virtualenv' retrieved from /workspaces/f1_data_team/venv/lib/python3.12/site-packages/airflow/example_dags/tutorial_taskflow_api_virtualenv.py
[2026-01-04T12:51:17.101+0000] {logging_mixin.py:190} INFO - [2026-01-04T12:51:17.100+0000] {dag.py:3239} INFO - Sync 1 DAGs
[2026-01-04T12:51:17.108+0000] {logging_mixin.py:190} INFO - [2026-01-04T12:51:17.108+0000] {dag.py:4180} INFO - Setting next_dagrun for tutorial_taskflow_api_virtualenv to None, run_after=None
[2026-01-04T12:51:17.123+0000] {processor.py:208} INFO - Processing /workspaces/f1_data_team/venv/lib/python3.12/site-packages/airflow/example_dags/tutorial_taskflow_api_virtualenv.py took 0.114 seconds
[2026-01-04T12:52:20.011+0000] {processor.py:186} INFO - Started process (PID=44834) to work on /workspaces/f1_data_team/venv/lib/python3.12/site-packages/airflow/example_dags/tutorial_taskflow_api_virtualenv.py
[2026-01-04T12:52:20.012+0000] {processor.py:914} INFO - Processing file /workspaces/f1_data_team/venv/lib/python3.12/site-packages/airflow/example_dags/tutorial_taskflow_api_virtualenv.py for tasks to queue
[2026-01-04T12:52:20.014+0000] {logging_mixin.py:190} INFO - [2026-01-04T12:52:20.013+0000] {dagbag.py:588} INFO - Filling up the DagBag from /workspaces/f1_data_team/venv/lib/python3.12/site-packages/airflow/example_dags/tutorial_taskflow_api_virtualenv.py
[2026-01-04T12:52:20.027+0000] {processor.py:925} INFO - DAG(s) 'tutorial_taskflow_api_virtualenv' retrieved from /workspaces/f1_data_team/venv/lib/python3.12/site-packages/airflow/example_dags/tutorial_taskflow_api_virtualenv.py
[2026-01-04T12:52:20.048+0000] {logging_mixin.py:190} INFO - [2026-01-04T12:52:20.047+0000] {dag.py:3239} INFO - Sync 1 DAGs
[2026-01-04T12:52:20.062+0000] {logging_mixin.py:190} INFO - [2026-01-04T12:52:20.062+0000] {dag.py:4180} INFO - Setting next_dagrun for tutorial_taskflow_api_virtualenv to None, run_after=None
[2026-01-04T12:52:20.082+0000] {processor.py:208} INFO - Processing /workspaces/f1_data_team/venv/lib/python3.12/site-packages/airflow/example_dags/tutorial_taskflow_api_virtualenv.py took 0.076 seconds
[2026-01-04T12:53:16.621+0000] {processor.py:186} INFO - Started process (PID=45644) to work on /workspaces/f1_data_team/venv/lib/python3.12/site-packages/airflow/example_dags/tutorial_taskflow_api_virtualenv.py
[2026-01-04T12:53:16.621+0000] {processor.py:914} INFO - Processing file /workspaces/f1_data_team/venv/lib/python3.12/site-packages/airflow/example_dags/tutorial_taskflow_api_virtualenv.py for tasks to queue
[2026-01-04T12:53:16.623+0000] {logging_mixin.py:190} INFO - [2026-01-04T12:53:16.623+0000] {dagbag.py:588} INFO - Filling up the DagBag from /workspaces/f1_data_team/venv/lib/python3.12/site-packages/airflow/example_dags/tutorial_taskflow_api_virtualenv.py
[2026-01-04T12:53:16.634+0000] {processor.py:925} INFO - DAG(s) 'tutorial_taskflow_api_virtualenv' retrieved from /workspaces/f1_data_team/venv/lib/python3.12/site-packages/airflow/example_dags/tutorial_taskflow_api_virtualenv.py
[2026-01-04T12:53:16.646+0000] {logging_mixin.py:190} INFO - [2026-01-04T12:53:16.645+0000] {dag.py:3239} INFO - Sync 1 DAGs
[2026-01-04T12:53:16.655+0000] {logging_mixin.py:190} INFO - [2026-01-04T12:53:16.655+0000] {dag.py:4180} INFO - Setting next_dagrun for tutorial_taskflow_api_virtualenv to None, run_after=None
[2026-01-04T12:53:16.669+0000] {processor.py:208} INFO - Processing /workspaces/f1_data_team/venv/lib/python3.12/site-packages/airflow/example_dags/tutorial_taskflow_api_virtualenv.py took 0.053 seconds
[2026-01-04T12:54:11.399+0000] {processor.py:186} INFO - Started process (PID=46308) to work on /workspaces/f1_data_team/venv/lib/python3.12/site-packages/airflow/example_dags/tutorial_taskflow_api_virtualenv.py
[2026-01-04T12:54:11.400+0000] {processor.py:914} INFO - Processing file /workspaces/f1_data_team/venv/lib/python3.12/site-packages/airflow/example_dags/tutorial_taskflow_api_virtualenv.py for tasks to queue
[2026-01-04T12:54:11.402+0000] {logging_mixin.py:190} INFO - [2026-01-04T12:54:11.402+0000] {dagbag.py:588} INFO - Filling up the DagBag from /workspaces/f1_data_team/venv/lib/python3.12/site-packages/airflow/example_dags/tutorial_taskflow_api_virtualenv.py
[2026-01-04T12:54:11.412+0000] {processor.py:925} INFO - DAG(s) 'tutorial_taskflow_api_virtualenv' retrieved from /workspaces/f1_data_team/venv/lib/python3.12/site-packages/airflow/example_dags/tutorial_taskflow_api_virtualenv.py
[2026-01-04T12:54:11.426+0000] {logging_mixin.py:190} INFO - [2026-01-04T12:54:11.426+0000] {dag.py:3239} INFO - Sync 1 DAGs
[2026-01-04T12:54:11.436+0000] {logging_mixin.py:190} INFO - [2026-01-04T12:54:11.436+0000] {dag.py:4180} INFO - Setting next_dagrun for tutorial_taskflow_api_virtualenv to None, run_after=None
[2026-01-04T12:54:11.453+0000] {processor.py:208} INFO - Processing /workspaces/f1_data_team/venv/lib/python3.12/site-packages/airflow/example_dags/tutorial_taskflow_api_virtualenv.py took 0.058 seconds
[2026-01-04T12:55:18.546+0000] {processor.py:186} INFO - Started process (PID=47600) to work on /workspaces/f1_data_team/venv/lib/python3.12/site-packages/airflow/example_dags/tutorial_taskflow_api_virtualenv.py
[2026-01-04T12:55:18.547+0000] {processor.py:914} INFO - Processing file /workspaces/f1_data_team/venv/lib/python3.12/site-packages/airflow/example_dags/tutorial_taskflow_api_virtualenv.py for tasks to queue
[2026-01-04T12:55:18.549+0000] {logging_mixin.py:190} INFO - [2026-01-04T12:55:18.549+0000] {dagbag.py:588} INFO - Filling up the DagBag from /workspaces/f1_data_team/venv/lib/python3.12/site-packages/airflow/example_dags/tutorial_taskflow_api_virtualenv.py
[2026-01-04T12:55:18.559+0000] {processor.py:925} INFO - DAG(s) 'tutorial_taskflow_api_virtualenv' retrieved from /workspaces/f1_data_team/venv/lib/python3.12/site-packages/airflow/example_dags/tutorial_taskflow_api_virtualenv.py
[2026-01-04T12:55:18.571+0000] {logging_mixin.py:190} INFO - [2026-01-04T12:55:18.571+0000] {dag.py:3239} INFO - Sync 1 DAGs
[2026-01-04T12:55:18.580+0000] {logging_mixin.py:190} INFO - [2026-01-04T12:55:18.580+0000] {dag.py:4180} INFO - Setting next_dagrun for tutorial_taskflow_api_virtualenv to None, run_after=None
[2026-01-04T12:55:18.599+0000] {processor.py:208} INFO - Processing /workspaces/f1_data_team/venv/lib/python3.12/site-packages/airflow/example_dags/tutorial_taskflow_api_virtualenv.py took 0.057 seconds
[2026-01-04T12:56:15.292+0000] {processor.py:186} INFO - Started process (PID=48175) to work on /workspaces/f1_data_team/venv/lib/python3.12/site-packages/airflow/example_dags/tutorial_taskflow_api_virtualenv.py
[2026-01-04T12:56:15.293+0000] {processor.py:914} INFO - Processing file /workspaces/f1_data_team/venv/lib/python3.12/site-packages/airflow/example_dags/tutorial_taskflow_api_virtualenv.py for tasks to queue
[2026-01-04T12:56:15.294+0000] {logging_mixin.py:190} INFO - [2026-01-04T12:56:15.294+0000] {dagbag.py:588} INFO - Filling up the DagBag from /workspaces/f1_data_team/venv/lib/python3.12/site-packages/airflow/example_dags/tutorial_taskflow_api_virtualenv.py
[2026-01-04T12:56:15.307+0000] {processor.py:925} INFO - DAG(s) 'tutorial_taskflow_api_virtualenv' retrieved from /workspaces/f1_data_team/venv/lib/python3.12/site-packages/airflow/example_dags/tutorial_taskflow_api_virtualenv.py
[2026-01-04T12:56:15.323+0000] {logging_mixin.py:190} INFO - [2026-01-04T12:56:15.323+0000] {dag.py:3239} INFO - Sync 1 DAGs
[2026-01-04T12:56:15.333+0000] {logging_mixin.py:190} INFO - [2026-01-04T12:56:15.332+0000] {dag.py:4180} INFO - Setting next_dagrun for tutorial_taskflow_api_virtualenv to None, run_after=None
[2026-01-04T12:56:15.348+0000] {processor.py:208} INFO - Processing /workspaces/f1_data_team/venv/lib/python3.12/site-packages/airflow/example_dags/tutorial_taskflow_api_virtualenv.py took 0.060 seconds
[2026-01-04T12:57:05.552+0000] {processor.py:186} INFO - Started process (PID=48587) to work on /workspaces/f1_data_team/venv/lib/python3.12/site-packages/airflow/example_dags/tutorial_taskflow_api_virtualenv.py
[2026-01-04T12:57:05.553+0000] {processor.py:914} INFO - Processing file /workspaces/f1_data_team/venv/lib/python3.12/site-packages/airflow/example_dags/tutorial_taskflow_api_virtualenv.py for tasks to queue
[2026-01-04T12:57:05.555+0000] {logging_mixin.py:190} INFO - [2026-01-04T12:57:05.555+0000] {dagbag.py:588} INFO - Filling up the DagBag from /workspaces/f1_data_team/venv/lib/python3.12/site-packages/airflow/example_dags/tutorial_taskflow_api_virtualenv.py
[2026-01-04T12:57:05.577+0000] {processor.py:925} INFO - DAG(s) 'tutorial_taskflow_api_virtualenv' retrieved from /workspaces/f1_data_team/venv/lib/python3.12/site-packages/airflow/example_dags/tutorial_taskflow_api_virtualenv.py
[2026-01-04T12:57:05.605+0000] {logging_mixin.py:190} INFO - [2026-01-04T12:57:05.604+0000] {dag.py:3239} INFO - Sync 1 DAGs
[2026-01-04T12:57:05.634+0000] {logging_mixin.py:190} INFO - [2026-01-04T12:57:05.634+0000] {dag.py:4180} INFO - Setting next_dagrun for tutorial_taskflow_api_virtualenv to None, run_after=None
[2026-01-04T12:57:05.658+0000] {processor.py:208} INFO - Processing /workspaces/f1_data_team/venv/lib/python3.12/site-packages/airflow/example_dags/tutorial_taskflow_api_virtualenv.py took 0.111 seconds
[2026-01-04T12:57:56.614+0000] {processor.py:186} INFO - Started process (PID=49070) to work on /workspaces/f1_data_team/venv/lib/python3.12/site-packages/airflow/example_dags/tutorial_taskflow_api_virtualenv.py
[2026-01-04T12:57:56.615+0000] {processor.py:914} INFO - Processing file /workspaces/f1_data_team/venv/lib/python3.12/site-packages/airflow/example_dags/tutorial_taskflow_api_virtualenv.py for tasks to queue
[2026-01-04T12:57:56.617+0000] {logging_mixin.py:190} INFO - [2026-01-04T12:57:56.617+0000] {dagbag.py:588} INFO - Filling up the DagBag from /workspaces/f1_data_team/venv/lib/python3.12/site-packages/airflow/example_dags/tutorial_taskflow_api_virtualenv.py
[2026-01-04T12:57:56.627+0000] {processor.py:925} INFO - DAG(s) 'tutorial_taskflow_api_virtualenv' retrieved from /workspaces/f1_data_team/venv/lib/python3.12/site-packages/airflow/example_dags/tutorial_taskflow_api_virtualenv.py
[2026-01-04T12:57:56.639+0000] {logging_mixin.py:190} INFO - [2026-01-04T12:57:56.639+0000] {dag.py:3239} INFO - Sync 1 DAGs
[2026-01-04T12:57:56.649+0000] {logging_mixin.py:190} INFO - [2026-01-04T12:57:56.649+0000] {dag.py:4180} INFO - Setting next_dagrun for tutorial_taskflow_api_virtualenv to None, run_after=None
[2026-01-04T12:57:56.664+0000] {processor.py:208} INFO - Processing /workspaces/f1_data_team/venv/lib/python3.12/site-packages/airflow/example_dags/tutorial_taskflow_api_virtualenv.py took 0.054 seconds
[2026-01-04T12:58:49.752+0000] {processor.py:186} INFO - Started process (PID=49580) to work on /workspaces/f1_data_team/venv/lib/python3.12/site-packages/airflow/example_dags/tutorial_taskflow_api_virtualenv.py
[2026-01-04T12:58:49.752+0000] {processor.py:914} INFO - Processing file /workspaces/f1_data_team/venv/lib/python3.12/site-packages/airflow/example_dags/tutorial_taskflow_api_virtualenv.py for tasks to queue
[2026-01-04T12:58:49.754+0000] {logging_mixin.py:190} INFO - [2026-01-04T12:58:49.754+0000] {dagbag.py:588} INFO - Filling up the DagBag from /workspaces/f1_data_team/venv/lib/python3.12/site-packages/airflow/example_dags/tutorial_taskflow_api_virtualenv.py
[2026-01-04T12:58:49.764+0000] {processor.py:925} INFO - DAG(s) 'tutorial_taskflow_api_virtualenv' retrieved from /workspaces/f1_data_team/venv/lib/python3.12/site-packages/airflow/example_dags/tutorial_taskflow_api_virtualenv.py
[2026-01-04T12:58:49.777+0000] {logging_mixin.py:190} INFO - [2026-01-04T12:58:49.777+0000] {dag.py:3239} INFO - Sync 1 DAGs
[2026-01-04T12:58:49.786+0000] {logging_mixin.py:190} INFO - [2026-01-04T12:58:49.786+0000] {dag.py:4180} INFO - Setting next_dagrun for tutorial_taskflow_api_virtualenv to None, run_after=None
[2026-01-04T12:58:49.801+0000] {processor.py:208} INFO - Processing /workspaces/f1_data_team/venv/lib/python3.12/site-packages/airflow/example_dags/tutorial_taskflow_api_virtualenv.py took 0.054 seconds
[2026-01-04T12:59:44.757+0000] {processor.py:186} INFO - Started process (PID=50126) to work on /workspaces/f1_data_team/venv/lib/python3.12/site-packages/airflow/example_dags/tutorial_taskflow_api_virtualenv.py
[2026-01-04T12:59:44.758+0000] {processor.py:914} INFO - Processing file /workspaces/f1_data_team/venv/lib/python3.12/site-packages/airflow/example_dags/tutorial_taskflow_api_virtualenv.py for tasks to queue
[2026-01-04T12:59:44.760+0000] {logging_mixin.py:190} INFO - [2026-01-04T12:59:44.760+0000] {dagbag.py:588} INFO - Filling up the DagBag from /workspaces/f1_data_team/venv/lib/python3.12/site-packages/airflow/example_dags/tutorial_taskflow_api_virtualenv.py
[2026-01-04T12:59:44.770+0000] {processor.py:925} INFO - DAG(s) 'tutorial_taskflow_api_virtualenv' retrieved from /workspaces/f1_data_team/venv/lib/python3.12/site-packages/airflow/example_dags/tutorial_taskflow_api_virtualenv.py
[2026-01-04T12:59:44.782+0000] {logging_mixin.py:190} INFO - [2026-01-04T12:59:44.782+0000] {dag.py:3239} INFO - Sync 1 DAGs
[2026-01-04T12:59:44.792+0000] {logging_mixin.py:190} INFO - [2026-01-04T12:59:44.791+0000] {dag.py:4180} INFO - Setting next_dagrun for tutorial_taskflow_api_virtualenv to None, run_after=None
[2026-01-04T12:59:44.808+0000] {processor.py:208} INFO - Processing /workspaces/f1_data_team/venv/lib/python3.12/site-packages/airflow/example_dags/tutorial_taskflow_api_virtualenv.py took 0.055 seconds
[2026-01-04T13:00:41.253+0000] {processor.py:186} INFO - Started process (PID=50783) to work on /workspaces/f1_data_team/venv/lib/python3.12/site-packages/airflow/example_dags/tutorial_taskflow_api_virtualenv.py
[2026-01-04T13:00:41.254+0000] {processor.py:914} INFO - Processing file /workspaces/f1_data_team/venv/lib/python3.12/site-packages/airflow/example_dags/tutorial_taskflow_api_virtualenv.py for tasks to queue
[2026-01-04T13:00:41.256+0000] {logging_mixin.py:190} INFO - [2026-01-04T13:00:41.255+0000] {dagbag.py:588} INFO - Filling up the DagBag from /workspaces/f1_data_team/venv/lib/python3.12/site-packages/airflow/example_dags/tutorial_taskflow_api_virtualenv.py
[2026-01-04T13:00:41.266+0000] {processor.py:925} INFO - DAG(s) 'tutorial_taskflow_api_virtualenv' retrieved from /workspaces/f1_data_team/venv/lib/python3.12/site-packages/airflow/example_dags/tutorial_taskflow_api_virtualenv.py
[2026-01-04T13:00:41.278+0000] {logging_mixin.py:190} INFO - [2026-01-04T13:00:41.278+0000] {dag.py:3239} INFO - Sync 1 DAGs
[2026-01-04T13:00:41.288+0000] {logging_mixin.py:190} INFO - [2026-01-04T13:00:41.287+0000] {dag.py:4180} INFO - Setting next_dagrun for tutorial_taskflow_api_virtualenv to None, run_after=None
[2026-01-04T13:00:41.303+0000] {processor.py:208} INFO - Processing /workspaces/f1_data_team/venv/lib/python3.12/site-packages/airflow/example_dags/tutorial_taskflow_api_virtualenv.py took 0.055 seconds
[2026-01-04T13:01:28.672+0000] {processor.py:186} INFO - Started process (PID=51361) to work on /workspaces/f1_data_team/venv/lib/python3.12/site-packages/airflow/example_dags/tutorial_taskflow_api_virtualenv.py
[2026-01-04T13:01:28.679+0000] {processor.py:914} INFO - Processing file /workspaces/f1_data_team/venv/lib/python3.12/site-packages/airflow/example_dags/tutorial_taskflow_api_virtualenv.py for tasks to queue
[2026-01-04T13:01:28.682+0000] {logging_mixin.py:190} INFO - [2026-01-04T13:01:28.681+0000] {dagbag.py:588} INFO - Filling up the DagBag from /workspaces/f1_data_team/venv/lib/python3.12/site-packages/airflow/example_dags/tutorial_taskflow_api_virtualenv.py
[2026-01-04T13:01:28.696+0000] {processor.py:925} INFO - DAG(s) 'tutorial_taskflow_api_virtualenv' retrieved from /workspaces/f1_data_team/venv/lib/python3.12/site-packages/airflow/example_dags/tutorial_taskflow_api_virtualenv.py
[2026-01-04T13:01:28.712+0000] {logging_mixin.py:190} INFO - [2026-01-04T13:01:28.712+0000] {dag.py:3239} INFO - Sync 1 DAGs
[2026-01-04T13:01:28.722+0000] {logging_mixin.py:190} INFO - [2026-01-04T13:01:28.722+0000] {dag.py:4180} INFO - Setting next_dagrun for tutorial_taskflow_api_virtualenv to None, run_after=None
[2026-01-04T13:01:28.737+0000] {processor.py:208} INFO - Processing /workspaces/f1_data_team/venv/lib/python3.12/site-packages/airflow/example_dags/tutorial_taskflow_api_virtualenv.py took 0.071 seconds
