[2026-01-04T12:26:40.456+0000] {processor.py:186} INFO - Started process (PID=24451) to work on /workspaces/f1_data_team/venv/lib/python3.12/site-packages/airflow/example_dags/tutorial_objectstorage.py
[2026-01-04T12:26:40.457+0000] {processor.py:914} INFO - Processing file /workspaces/f1_data_team/venv/lib/python3.12/site-packages/airflow/example_dags/tutorial_objectstorage.py for tasks to queue
[2026-01-04T12:26:40.459+0000] {logging_mixin.py:190} INFO - [2026-01-04T12:26:40.458+0000] {dagbag.py:588} INFO - Filling up the DagBag from /workspaces/f1_data_team/venv/lib/python3.12/site-packages/airflow/example_dags/tutorial_objectstorage.py
[2026-01-04T12:26:40.467+0000] {processor.py:925} INFO - DAG(s) 'tutorial_objectstorage' retrieved from /workspaces/f1_data_team/venv/lib/python3.12/site-packages/airflow/example_dags/tutorial_objectstorage.py
[2026-01-04T12:26:40.547+0000] {logging_mixin.py:190} INFO - [2026-01-04T12:26:40.547+0000] {override.py:1911} INFO - Created Permission View: can read on DAG:tutorial_objectstorage
[2026-01-04T12:26:40.556+0000] {logging_mixin.py:190} INFO - [2026-01-04T12:26:40.555+0000] {override.py:1911} INFO - Created Permission View: can edit on DAG:tutorial_objectstorage
[2026-01-04T12:26:40.561+0000] {logging_mixin.py:190} INFO - [2026-01-04T12:26:40.561+0000] {override.py:1911} INFO - Created Permission View: can delete on DAG:tutorial_objectstorage
[2026-01-04T12:26:40.570+0000] {logging_mixin.py:190} INFO - [2026-01-04T12:26:40.569+0000] {override.py:1911} INFO - Created Permission View: can read on DAG Run:tutorial_objectstorage
[2026-01-04T12:26:40.575+0000] {logging_mixin.py:190} INFO - [2026-01-04T12:26:40.575+0000] {override.py:1911} INFO - Created Permission View: menu access on DAG Run:tutorial_objectstorage
[2026-01-04T12:26:40.581+0000] {logging_mixin.py:190} INFO - [2026-01-04T12:26:40.581+0000] {override.py:1911} INFO - Created Permission View: can create on DAG Run:tutorial_objectstorage
[2026-01-04T12:26:40.587+0000] {logging_mixin.py:190} INFO - [2026-01-04T12:26:40.586+0000] {override.py:1911} INFO - Created Permission View: can delete on DAG Run:tutorial_objectstorage
[2026-01-04T12:26:40.587+0000] {logging_mixin.py:190} INFO - [2026-01-04T12:26:40.587+0000] {dag.py:3239} INFO - Sync 1 DAGs
[2026-01-04T12:26:40.595+0000] {logging_mixin.py:190} INFO - [2026-01-04T12:26:40.595+0000] {dag.py:3262} INFO - Creating ORM DAG for tutorial_objectstorage
[2026-01-04T12:26:40.596+0000] {logging_mixin.py:190} INFO - [2026-01-04T12:26:40.596+0000] {dag.py:4180} INFO - Setting next_dagrun for tutorial_objectstorage to None, run_after=None
[2026-01-04T12:26:40.609+0000] {processor.py:208} INFO - Processing /workspaces/f1_data_team/venv/lib/python3.12/site-packages/airflow/example_dags/tutorial_objectstorage.py took 0.158 seconds
[2026-01-04T12:27:44.673+0000] {processor.py:186} INFO - Started process (PID=25053) to work on /workspaces/f1_data_team/venv/lib/python3.12/site-packages/airflow/example_dags/tutorial_objectstorage.py
[2026-01-04T12:27:44.674+0000] {processor.py:914} INFO - Processing file /workspaces/f1_data_team/venv/lib/python3.12/site-packages/airflow/example_dags/tutorial_objectstorage.py for tasks to queue
[2026-01-04T12:27:44.676+0000] {logging_mixin.py:190} INFO - [2026-01-04T12:27:44.676+0000] {dagbag.py:588} INFO - Filling up the DagBag from /workspaces/f1_data_team/venv/lib/python3.12/site-packages/airflow/example_dags/tutorial_objectstorage.py
[2026-01-04T12:27:44.684+0000] {processor.py:925} INFO - DAG(s) 'tutorial_objectstorage' retrieved from /workspaces/f1_data_team/venv/lib/python3.12/site-packages/airflow/example_dags/tutorial_objectstorage.py
[2026-01-04T12:27:44.695+0000] {logging_mixin.py:190} INFO - [2026-01-04T12:27:44.694+0000] {dag.py:3239} INFO - Sync 1 DAGs
[2026-01-04T12:27:44.710+0000] {logging_mixin.py:190} INFO - [2026-01-04T12:27:44.709+0000] {dag.py:4180} INFO - Setting next_dagrun for tutorial_objectstorage to None, run_after=None
[2026-01-04T12:27:44.732+0000] {processor.py:208} INFO - Processing /workspaces/f1_data_team/venv/lib/python3.12/site-packages/airflow/example_dags/tutorial_objectstorage.py took 0.063 seconds
[2026-01-04T12:28:39.640+0000] {processor.py:186} INFO - Started process (PID=25542) to work on /workspaces/f1_data_team/venv/lib/python3.12/site-packages/airflow/example_dags/tutorial_objectstorage.py
[2026-01-04T12:28:39.641+0000] {processor.py:914} INFO - Processing file /workspaces/f1_data_team/venv/lib/python3.12/site-packages/airflow/example_dags/tutorial_objectstorage.py for tasks to queue
[2026-01-04T12:28:39.643+0000] {logging_mixin.py:190} INFO - [2026-01-04T12:28:39.643+0000] {dagbag.py:588} INFO - Filling up the DagBag from /workspaces/f1_data_team/venv/lib/python3.12/site-packages/airflow/example_dags/tutorial_objectstorage.py
[2026-01-04T12:28:39.650+0000] {processor.py:925} INFO - DAG(s) 'tutorial_objectstorage' retrieved from /workspaces/f1_data_team/venv/lib/python3.12/site-packages/airflow/example_dags/tutorial_objectstorage.py
[2026-01-04T12:28:39.661+0000] {logging_mixin.py:190} INFO - [2026-01-04T12:28:39.661+0000] {dag.py:3239} INFO - Sync 1 DAGs
[2026-01-04T12:28:39.671+0000] {logging_mixin.py:190} INFO - [2026-01-04T12:28:39.670+0000] {dag.py:4180} INFO - Setting next_dagrun for tutorial_objectstorage to None, run_after=None
[2026-01-04T12:28:39.685+0000] {processor.py:208} INFO - Processing /workspaces/f1_data_team/venv/lib/python3.12/site-packages/airflow/example_dags/tutorial_objectstorage.py took 0.049 seconds
[2026-01-04T12:29:38.774+0000] {processor.py:186} INFO - Started process (PID=26760) to work on /workspaces/f1_data_team/venv/lib/python3.12/site-packages/airflow/example_dags/tutorial_objectstorage.py
[2026-01-04T12:29:38.774+0000] {processor.py:914} INFO - Processing file /workspaces/f1_data_team/venv/lib/python3.12/site-packages/airflow/example_dags/tutorial_objectstorage.py for tasks to queue
[2026-01-04T12:29:38.776+0000] {logging_mixin.py:190} INFO - [2026-01-04T12:29:38.776+0000] {dagbag.py:588} INFO - Filling up the DagBag from /workspaces/f1_data_team/venv/lib/python3.12/site-packages/airflow/example_dags/tutorial_objectstorage.py
[2026-01-04T12:29:38.784+0000] {processor.py:925} INFO - DAG(s) 'tutorial_objectstorage' retrieved from /workspaces/f1_data_team/venv/lib/python3.12/site-packages/airflow/example_dags/tutorial_objectstorage.py
[2026-01-04T12:29:38.795+0000] {logging_mixin.py:190} INFO - [2026-01-04T12:29:38.795+0000] {dag.py:3239} INFO - Sync 1 DAGs
[2026-01-04T12:29:38.804+0000] {logging_mixin.py:190} INFO - [2026-01-04T12:29:38.804+0000] {dag.py:4180} INFO - Setting next_dagrun for tutorial_objectstorage to None, run_after=None
[2026-01-04T12:29:38.818+0000] {processor.py:208} INFO - Processing /workspaces/f1_data_team/venv/lib/python3.12/site-packages/airflow/example_dags/tutorial_objectstorage.py took 0.050 seconds
[2026-01-04T12:30:22.206+0000] {processor.py:186} INFO - Started process (PID=27448) to work on /workspaces/f1_data_team/venv/lib/python3.12/site-packages/airflow/example_dags/tutorial_objectstorage.py
[2026-01-04T12:30:22.207+0000] {processor.py:914} INFO - Processing file /workspaces/f1_data_team/venv/lib/python3.12/site-packages/airflow/example_dags/tutorial_objectstorage.py for tasks to queue
[2026-01-04T12:30:22.210+0000] {logging_mixin.py:190} INFO - [2026-01-04T12:30:22.209+0000] {dagbag.py:588} INFO - Filling up the DagBag from /workspaces/f1_data_team/venv/lib/python3.12/site-packages/airflow/example_dags/tutorial_objectstorage.py
[2026-01-04T12:30:22.220+0000] {processor.py:925} INFO - DAG(s) 'tutorial_objectstorage' retrieved from /workspaces/f1_data_team/venv/lib/python3.12/site-packages/airflow/example_dags/tutorial_objectstorage.py
[2026-01-04T12:30:22.243+0000] {logging_mixin.py:190} INFO - [2026-01-04T12:30:22.243+0000] {dag.py:3239} INFO - Sync 1 DAGs
[2026-01-04T12:30:22.252+0000] {logging_mixin.py:190} INFO - [2026-01-04T12:30:22.252+0000] {dag.py:4180} INFO - Setting next_dagrun for tutorial_objectstorage to None, run_after=None
[2026-01-04T12:30:22.266+0000] {processor.py:208} INFO - Processing /workspaces/f1_data_team/venv/lib/python3.12/site-packages/airflow/example_dags/tutorial_objectstorage.py took 0.064 seconds
[2026-01-04T12:31:21.376+0000] {processor.py:186} INFO - Started process (PID=28451) to work on /workspaces/f1_data_team/venv/lib/python3.12/site-packages/airflow/example_dags/tutorial_objectstorage.py
[2026-01-04T12:31:21.377+0000] {processor.py:914} INFO - Processing file /workspaces/f1_data_team/venv/lib/python3.12/site-packages/airflow/example_dags/tutorial_objectstorage.py for tasks to queue
[2026-01-04T12:31:21.379+0000] {logging_mixin.py:190} INFO - [2026-01-04T12:31:21.378+0000] {dagbag.py:588} INFO - Filling up the DagBag from /workspaces/f1_data_team/venv/lib/python3.12/site-packages/airflow/example_dags/tutorial_objectstorage.py
[2026-01-04T12:31:21.386+0000] {processor.py:925} INFO - DAG(s) 'tutorial_objectstorage' retrieved from /workspaces/f1_data_team/venv/lib/python3.12/site-packages/airflow/example_dags/tutorial_objectstorage.py
[2026-01-04T12:31:21.397+0000] {logging_mixin.py:190} INFO - [2026-01-04T12:31:21.397+0000] {dag.py:3239} INFO - Sync 1 DAGs
[2026-01-04T12:31:21.406+0000] {logging_mixin.py:190} INFO - [2026-01-04T12:31:21.406+0000] {dag.py:4180} INFO - Setting next_dagrun for tutorial_objectstorage to None, run_after=None
[2026-01-04T12:31:21.421+0000] {processor.py:208} INFO - Processing /workspaces/f1_data_team/venv/lib/python3.12/site-packages/airflow/example_dags/tutorial_objectstorage.py took 0.049 seconds
[2026-01-04T12:32:29.057+0000] {processor.py:186} INFO - Started process (PID=29495) to work on /workspaces/f1_data_team/venv/lib/python3.12/site-packages/airflow/example_dags/tutorial_objectstorage.py
[2026-01-04T12:32:29.058+0000] {processor.py:914} INFO - Processing file /workspaces/f1_data_team/venv/lib/python3.12/site-packages/airflow/example_dags/tutorial_objectstorage.py for tasks to queue
[2026-01-04T12:32:29.061+0000] {logging_mixin.py:190} INFO - [2026-01-04T12:32:29.060+0000] {dagbag.py:588} INFO - Filling up the DagBag from /workspaces/f1_data_team/venv/lib/python3.12/site-packages/airflow/example_dags/tutorial_objectstorage.py
[2026-01-04T12:32:29.071+0000] {processor.py:925} INFO - DAG(s) 'tutorial_objectstorage' retrieved from /workspaces/f1_data_team/venv/lib/python3.12/site-packages/airflow/example_dags/tutorial_objectstorage.py
[2026-01-04T12:32:29.094+0000] {logging_mixin.py:190} INFO - [2026-01-04T12:32:29.094+0000] {dag.py:3239} INFO - Sync 1 DAGs
[2026-01-04T12:32:29.109+0000] {logging_mixin.py:190} INFO - [2026-01-04T12:32:29.108+0000] {dag.py:4180} INFO - Setting next_dagrun for tutorial_objectstorage to None, run_after=None
[2026-01-04T12:32:29.131+0000] {processor.py:208} INFO - Processing /workspaces/f1_data_team/venv/lib/python3.12/site-packages/airflow/example_dags/tutorial_objectstorage.py took 0.080 seconds
[2026-01-04T12:33:30.094+0000] {processor.py:186} INFO - Started process (PID=30563) to work on /workspaces/f1_data_team/venv/lib/python3.12/site-packages/airflow/example_dags/tutorial_objectstorage.py
[2026-01-04T12:33:30.094+0000] {processor.py:914} INFO - Processing file /workspaces/f1_data_team/venv/lib/python3.12/site-packages/airflow/example_dags/tutorial_objectstorage.py for tasks to queue
[2026-01-04T12:33:30.097+0000] {logging_mixin.py:190} INFO - [2026-01-04T12:33:30.096+0000] {dagbag.py:588} INFO - Filling up the DagBag from /workspaces/f1_data_team/venv/lib/python3.12/site-packages/airflow/example_dags/tutorial_objectstorage.py
[2026-01-04T12:33:30.104+0000] {processor.py:925} INFO - DAG(s) 'tutorial_objectstorage' retrieved from /workspaces/f1_data_team/venv/lib/python3.12/site-packages/airflow/example_dags/tutorial_objectstorage.py
[2026-01-04T12:33:30.116+0000] {logging_mixin.py:190} INFO - [2026-01-04T12:33:30.116+0000] {dag.py:3239} INFO - Sync 1 DAGs
[2026-01-04T12:33:30.126+0000] {logging_mixin.py:190} INFO - [2026-01-04T12:33:30.126+0000] {dag.py:4180} INFO - Setting next_dagrun for tutorial_objectstorage to None, run_after=None
[2026-01-04T12:33:30.141+0000] {processor.py:208} INFO - Processing /workspaces/f1_data_team/venv/lib/python3.12/site-packages/airflow/example_dags/tutorial_objectstorage.py took 0.052 seconds
[2026-01-04T12:34:26.591+0000] {processor.py:186} INFO - Started process (PID=31069) to work on /workspaces/f1_data_team/venv/lib/python3.12/site-packages/airflow/example_dags/tutorial_objectstorage.py
[2026-01-04T12:34:26.592+0000] {processor.py:914} INFO - Processing file /workspaces/f1_data_team/venv/lib/python3.12/site-packages/airflow/example_dags/tutorial_objectstorage.py for tasks to queue
[2026-01-04T12:34:26.595+0000] {logging_mixin.py:190} INFO - [2026-01-04T12:34:26.594+0000] {dagbag.py:588} INFO - Filling up the DagBag from /workspaces/f1_data_team/venv/lib/python3.12/site-packages/airflow/example_dags/tutorial_objectstorage.py
[2026-01-04T12:34:26.607+0000] {processor.py:925} INFO - DAG(s) 'tutorial_objectstorage' retrieved from /workspaces/f1_data_team/venv/lib/python3.12/site-packages/airflow/example_dags/tutorial_objectstorage.py
[2026-01-04T12:34:26.620+0000] {logging_mixin.py:190} INFO - [2026-01-04T12:34:26.620+0000] {dag.py:3239} INFO - Sync 1 DAGs
[2026-01-04T12:34:26.630+0000] {logging_mixin.py:190} INFO - [2026-01-04T12:34:26.630+0000] {dag.py:4180} INFO - Setting next_dagrun for tutorial_objectstorage to None, run_after=None
[2026-01-04T12:34:26.645+0000] {processor.py:208} INFO - Processing /workspaces/f1_data_team/venv/lib/python3.12/site-packages/airflow/example_dags/tutorial_objectstorage.py took 0.061 seconds
[2026-01-04T12:35:15.698+0000] {processor.py:186} INFO - Started process (PID=31503) to work on /workspaces/f1_data_team/venv/lib/python3.12/site-packages/airflow/example_dags/tutorial_objectstorage.py
[2026-01-04T12:35:15.699+0000] {processor.py:914} INFO - Processing file /workspaces/f1_data_team/venv/lib/python3.12/site-packages/airflow/example_dags/tutorial_objectstorage.py for tasks to queue
[2026-01-04T12:35:15.701+0000] {logging_mixin.py:190} INFO - [2026-01-04T12:35:15.700+0000] {dagbag.py:588} INFO - Filling up the DagBag from /workspaces/f1_data_team/venv/lib/python3.12/site-packages/airflow/example_dags/tutorial_objectstorage.py
[2026-01-04T12:35:15.708+0000] {processor.py:925} INFO - DAG(s) 'tutorial_objectstorage' retrieved from /workspaces/f1_data_team/venv/lib/python3.12/site-packages/airflow/example_dags/tutorial_objectstorage.py
[2026-01-04T12:35:15.719+0000] {logging_mixin.py:190} INFO - [2026-01-04T12:35:15.719+0000] {dag.py:3239} INFO - Sync 1 DAGs
[2026-01-04T12:35:15.729+0000] {logging_mixin.py:190} INFO - [2026-01-04T12:35:15.729+0000] {dag.py:4180} INFO - Setting next_dagrun for tutorial_objectstorage to None, run_after=None
[2026-01-04T12:35:15.743+0000] {processor.py:208} INFO - Processing /workspaces/f1_data_team/venv/lib/python3.12/site-packages/airflow/example_dags/tutorial_objectstorage.py took 0.050 seconds
[2026-01-04T12:36:08.021+0000] {processor.py:186} INFO - Started process (PID=32166) to work on /workspaces/f1_data_team/venv/lib/python3.12/site-packages/airflow/example_dags/tutorial_objectstorage.py
[2026-01-04T12:36:08.022+0000] {processor.py:914} INFO - Processing file /workspaces/f1_data_team/venv/lib/python3.12/site-packages/airflow/example_dags/tutorial_objectstorage.py for tasks to queue
[2026-01-04T12:36:08.024+0000] {logging_mixin.py:190} INFO - [2026-01-04T12:36:08.023+0000] {dagbag.py:588} INFO - Filling up the DagBag from /workspaces/f1_data_team/venv/lib/python3.12/site-packages/airflow/example_dags/tutorial_objectstorage.py
[2026-01-04T12:36:08.031+0000] {processor.py:925} INFO - DAG(s) 'tutorial_objectstorage' retrieved from /workspaces/f1_data_team/venv/lib/python3.12/site-packages/airflow/example_dags/tutorial_objectstorage.py
[2026-01-04T12:36:08.043+0000] {logging_mixin.py:190} INFO - [2026-01-04T12:36:08.042+0000] {dag.py:3239} INFO - Sync 1 DAGs
[2026-01-04T12:36:08.052+0000] {logging_mixin.py:190} INFO - [2026-01-04T12:36:08.052+0000] {dag.py:4180} INFO - Setting next_dagrun for tutorial_objectstorage to None, run_after=None
[2026-01-04T12:36:08.067+0000] {processor.py:208} INFO - Processing /workspaces/f1_data_team/venv/lib/python3.12/site-packages/airflow/example_dags/tutorial_objectstorage.py took 0.051 seconds
[2026-01-04T12:36:59.399+0000] {processor.py:186} INFO - Started process (PID=32631) to work on /workspaces/f1_data_team/venv/lib/python3.12/site-packages/airflow/example_dags/tutorial_objectstorage.py
[2026-01-04T12:36:59.399+0000] {processor.py:914} INFO - Processing file /workspaces/f1_data_team/venv/lib/python3.12/site-packages/airflow/example_dags/tutorial_objectstorage.py for tasks to queue
[2026-01-04T12:36:59.401+0000] {logging_mixin.py:190} INFO - [2026-01-04T12:36:59.401+0000] {dagbag.py:588} INFO - Filling up the DagBag from /workspaces/f1_data_team/venv/lib/python3.12/site-packages/airflow/example_dags/tutorial_objectstorage.py
[2026-01-04T12:36:59.409+0000] {processor.py:925} INFO - DAG(s) 'tutorial_objectstorage' retrieved from /workspaces/f1_data_team/venv/lib/python3.12/site-packages/airflow/example_dags/tutorial_objectstorage.py
[2026-01-04T12:36:59.420+0000] {logging_mixin.py:190} INFO - [2026-01-04T12:36:59.420+0000] {dag.py:3239} INFO - Sync 1 DAGs
[2026-01-04T12:36:59.429+0000] {logging_mixin.py:190} INFO - [2026-01-04T12:36:59.429+0000] {dag.py:4180} INFO - Setting next_dagrun for tutorial_objectstorage to None, run_after=None
[2026-01-04T12:36:59.443+0000] {processor.py:208} INFO - Processing /workspaces/f1_data_team/venv/lib/python3.12/site-packages/airflow/example_dags/tutorial_objectstorage.py took 0.049 seconds
[2026-01-04T12:37:53.723+0000] {processor.py:186} INFO - Started process (PID=33518) to work on /workspaces/f1_data_team/venv/lib/python3.12/site-packages/airflow/example_dags/tutorial_objectstorage.py
[2026-01-04T12:37:53.724+0000] {processor.py:914} INFO - Processing file /workspaces/f1_data_team/venv/lib/python3.12/site-packages/airflow/example_dags/tutorial_objectstorage.py for tasks to queue
[2026-01-04T12:37:53.726+0000] {logging_mixin.py:190} INFO - [2026-01-04T12:37:53.726+0000] {dagbag.py:588} INFO - Filling up the DagBag from /workspaces/f1_data_team/venv/lib/python3.12/site-packages/airflow/example_dags/tutorial_objectstorage.py
[2026-01-04T12:37:53.736+0000] {processor.py:925} INFO - DAG(s) 'tutorial_objectstorage' retrieved from /workspaces/f1_data_team/venv/lib/python3.12/site-packages/airflow/example_dags/tutorial_objectstorage.py
[2026-01-04T12:37:53.749+0000] {logging_mixin.py:190} INFO - [2026-01-04T12:37:53.749+0000] {dag.py:3239} INFO - Sync 1 DAGs
[2026-01-04T12:37:53.758+0000] {logging_mixin.py:190} INFO - [2026-01-04T12:37:53.758+0000] {dag.py:4180} INFO - Setting next_dagrun for tutorial_objectstorage to None, run_after=None
[2026-01-04T12:37:53.772+0000] {processor.py:208} INFO - Processing /workspaces/f1_data_team/venv/lib/python3.12/site-packages/airflow/example_dags/tutorial_objectstorage.py took 0.054 seconds
[2026-01-04T12:38:44.540+0000] {processor.py:186} INFO - Started process (PID=34011) to work on /workspaces/f1_data_team/venv/lib/python3.12/site-packages/airflow/example_dags/tutorial_objectstorage.py
[2026-01-04T12:38:44.541+0000] {processor.py:914} INFO - Processing file /workspaces/f1_data_team/venv/lib/python3.12/site-packages/airflow/example_dags/tutorial_objectstorage.py for tasks to queue
[2026-01-04T12:38:44.543+0000] {logging_mixin.py:190} INFO - [2026-01-04T12:38:44.543+0000] {dagbag.py:588} INFO - Filling up the DagBag from /workspaces/f1_data_team/venv/lib/python3.12/site-packages/airflow/example_dags/tutorial_objectstorage.py
[2026-01-04T12:38:44.551+0000] {processor.py:925} INFO - DAG(s) 'tutorial_objectstorage' retrieved from /workspaces/f1_data_team/venv/lib/python3.12/site-packages/airflow/example_dags/tutorial_objectstorage.py
[2026-01-04T12:38:44.562+0000] {logging_mixin.py:190} INFO - [2026-01-04T12:38:44.562+0000] {dag.py:3239} INFO - Sync 1 DAGs
[2026-01-04T12:38:44.572+0000] {logging_mixin.py:190} INFO - [2026-01-04T12:38:44.572+0000] {dag.py:4180} INFO - Setting next_dagrun for tutorial_objectstorage to None, run_after=None
[2026-01-04T12:38:44.587+0000] {processor.py:208} INFO - Processing /workspaces/f1_data_team/venv/lib/python3.12/site-packages/airflow/example_dags/tutorial_objectstorage.py took 0.051 seconds
[2026-01-04T12:39:39.040+0000] {processor.py:186} INFO - Started process (PID=34523) to work on /workspaces/f1_data_team/venv/lib/python3.12/site-packages/airflow/example_dags/tutorial_objectstorage.py
[2026-01-04T12:39:39.041+0000] {processor.py:914} INFO - Processing file /workspaces/f1_data_team/venv/lib/python3.12/site-packages/airflow/example_dags/tutorial_objectstorage.py for tasks to queue
[2026-01-04T12:39:39.043+0000] {logging_mixin.py:190} INFO - [2026-01-04T12:39:39.042+0000] {dagbag.py:588} INFO - Filling up the DagBag from /workspaces/f1_data_team/venv/lib/python3.12/site-packages/airflow/example_dags/tutorial_objectstorage.py
[2026-01-04T12:39:39.051+0000] {processor.py:925} INFO - DAG(s) 'tutorial_objectstorage' retrieved from /workspaces/f1_data_team/venv/lib/python3.12/site-packages/airflow/example_dags/tutorial_objectstorage.py
[2026-01-04T12:39:39.062+0000] {logging_mixin.py:190} INFO - [2026-01-04T12:39:39.062+0000] {dag.py:3239} INFO - Sync 1 DAGs
[2026-01-04T12:39:39.072+0000] {logging_mixin.py:190} INFO - [2026-01-04T12:39:39.072+0000] {dag.py:4180} INFO - Setting next_dagrun for tutorial_objectstorage to None, run_after=None
[2026-01-04T12:39:39.087+0000] {processor.py:208} INFO - Processing /workspaces/f1_data_team/venv/lib/python3.12/site-packages/airflow/example_dags/tutorial_objectstorage.py took 0.051 seconds
[2026-01-04T12:40:33.715+0000] {processor.py:186} INFO - Started process (PID=35074) to work on /workspaces/f1_data_team/venv/lib/python3.12/site-packages/airflow/example_dags/tutorial_objectstorage.py
[2026-01-04T12:40:33.715+0000] {processor.py:914} INFO - Processing file /workspaces/f1_data_team/venv/lib/python3.12/site-packages/airflow/example_dags/tutorial_objectstorage.py for tasks to queue
[2026-01-04T12:40:33.717+0000] {logging_mixin.py:190} INFO - [2026-01-04T12:40:33.717+0000] {dagbag.py:588} INFO - Filling up the DagBag from /workspaces/f1_data_team/venv/lib/python3.12/site-packages/airflow/example_dags/tutorial_objectstorage.py
[2026-01-04T12:40:33.725+0000] {processor.py:925} INFO - DAG(s) 'tutorial_objectstorage' retrieved from /workspaces/f1_data_team/venv/lib/python3.12/site-packages/airflow/example_dags/tutorial_objectstorage.py
[2026-01-04T12:40:33.738+0000] {logging_mixin.py:190} INFO - [2026-01-04T12:40:33.738+0000] {dag.py:3239} INFO - Sync 1 DAGs
[2026-01-04T12:40:33.750+0000] {logging_mixin.py:190} INFO - [2026-01-04T12:40:33.750+0000] {dag.py:4180} INFO - Setting next_dagrun for tutorial_objectstorage to None, run_after=None
[2026-01-04T12:40:33.770+0000] {processor.py:208} INFO - Processing /workspaces/f1_data_team/venv/lib/python3.12/site-packages/airflow/example_dags/tutorial_objectstorage.py took 0.060 seconds
[2026-01-04T12:41:27.551+0000] {processor.py:186} INFO - Started process (PID=35766) to work on /workspaces/f1_data_team/venv/lib/python3.12/site-packages/airflow/example_dags/tutorial_objectstorage.py
[2026-01-04T12:41:27.552+0000] {processor.py:914} INFO - Processing file /workspaces/f1_data_team/venv/lib/python3.12/site-packages/airflow/example_dags/tutorial_objectstorage.py for tasks to queue
[2026-01-04T12:41:27.554+0000] {logging_mixin.py:190} INFO - [2026-01-04T12:41:27.554+0000] {dagbag.py:588} INFO - Filling up the DagBag from /workspaces/f1_data_team/venv/lib/python3.12/site-packages/airflow/example_dags/tutorial_objectstorage.py
[2026-01-04T12:41:27.562+0000] {processor.py:925} INFO - DAG(s) 'tutorial_objectstorage' retrieved from /workspaces/f1_data_team/venv/lib/python3.12/site-packages/airflow/example_dags/tutorial_objectstorage.py
[2026-01-04T12:41:27.579+0000] {logging_mixin.py:190} INFO - [2026-01-04T12:41:27.578+0000] {dag.py:3239} INFO - Sync 1 DAGs
[2026-01-04T12:41:27.588+0000] {logging_mixin.py:190} INFO - [2026-01-04T12:41:27.588+0000] {dag.py:4180} INFO - Setting next_dagrun for tutorial_objectstorage to None, run_after=None
[2026-01-04T12:41:27.605+0000] {processor.py:208} INFO - Processing /workspaces/f1_data_team/venv/lib/python3.12/site-packages/airflow/example_dags/tutorial_objectstorage.py took 0.058 seconds
[2026-01-04T12:42:31.596+0000] {processor.py:186} INFO - Started process (PID=36846) to work on /workspaces/f1_data_team/venv/lib/python3.12/site-packages/airflow/example_dags/tutorial_objectstorage.py
[2026-01-04T12:42:31.597+0000] {processor.py:914} INFO - Processing file /workspaces/f1_data_team/venv/lib/python3.12/site-packages/airflow/example_dags/tutorial_objectstorage.py for tasks to queue
[2026-01-04T12:42:31.599+0000] {logging_mixin.py:190} INFO - [2026-01-04T12:42:31.598+0000] {dagbag.py:588} INFO - Filling up the DagBag from /workspaces/f1_data_team/venv/lib/python3.12/site-packages/airflow/example_dags/tutorial_objectstorage.py
[2026-01-04T12:42:31.606+0000] {processor.py:925} INFO - DAG(s) 'tutorial_objectstorage' retrieved from /workspaces/f1_data_team/venv/lib/python3.12/site-packages/airflow/example_dags/tutorial_objectstorage.py
[2026-01-04T12:42:31.618+0000] {logging_mixin.py:190} INFO - [2026-01-04T12:42:31.618+0000] {dag.py:3239} INFO - Sync 1 DAGs
[2026-01-04T12:42:31.628+0000] {logging_mixin.py:190} INFO - [2026-01-04T12:42:31.628+0000] {dag.py:4180} INFO - Setting next_dagrun for tutorial_objectstorage to None, run_after=None
[2026-01-04T12:42:31.642+0000] {processor.py:208} INFO - Processing /workspaces/f1_data_team/venv/lib/python3.12/site-packages/airflow/example_dags/tutorial_objectstorage.py took 0.051 seconds
[2026-01-04T12:43:27.815+0000] {processor.py:186} INFO - Started process (PID=37571) to work on /workspaces/f1_data_team/venv/lib/python3.12/site-packages/airflow/example_dags/tutorial_objectstorage.py
[2026-01-04T12:43:27.816+0000] {processor.py:914} INFO - Processing file /workspaces/f1_data_team/venv/lib/python3.12/site-packages/airflow/example_dags/tutorial_objectstorage.py for tasks to queue
[2026-01-04T12:43:27.818+0000] {logging_mixin.py:190} INFO - [2026-01-04T12:43:27.818+0000] {dagbag.py:588} INFO - Filling up the DagBag from /workspaces/f1_data_team/venv/lib/python3.12/site-packages/airflow/example_dags/tutorial_objectstorage.py
[2026-01-04T12:43:27.826+0000] {processor.py:925} INFO - DAG(s) 'tutorial_objectstorage' retrieved from /workspaces/f1_data_team/venv/lib/python3.12/site-packages/airflow/example_dags/tutorial_objectstorage.py
[2026-01-04T12:43:27.838+0000] {logging_mixin.py:190} INFO - [2026-01-04T12:43:27.837+0000] {dag.py:3239} INFO - Sync 1 DAGs
[2026-01-04T12:43:27.848+0000] {logging_mixin.py:190} INFO - [2026-01-04T12:43:27.848+0000] {dag.py:4180} INFO - Setting next_dagrun for tutorial_objectstorage to None, run_after=None
[2026-01-04T12:43:27.862+0000] {processor.py:208} INFO - Processing /workspaces/f1_data_team/venv/lib/python3.12/site-packages/airflow/example_dags/tutorial_objectstorage.py took 0.052 seconds
[2026-01-04T12:44:19.590+0000] {processor.py:186} INFO - Started process (PID=38165) to work on /workspaces/f1_data_team/venv/lib/python3.12/site-packages/airflow/example_dags/tutorial_objectstorage.py
[2026-01-04T12:44:19.590+0000] {processor.py:914} INFO - Processing file /workspaces/f1_data_team/venv/lib/python3.12/site-packages/airflow/example_dags/tutorial_objectstorage.py for tasks to queue
[2026-01-04T12:44:19.593+0000] {logging_mixin.py:190} INFO - [2026-01-04T12:44:19.592+0000] {dagbag.py:588} INFO - Filling up the DagBag from /workspaces/f1_data_team/venv/lib/python3.12/site-packages/airflow/example_dags/tutorial_objectstorage.py
[2026-01-04T12:44:19.600+0000] {processor.py:925} INFO - DAG(s) 'tutorial_objectstorage' retrieved from /workspaces/f1_data_team/venv/lib/python3.12/site-packages/airflow/example_dags/tutorial_objectstorage.py
[2026-01-04T12:44:19.611+0000] {logging_mixin.py:190} INFO - [2026-01-04T12:44:19.611+0000] {dag.py:3239} INFO - Sync 1 DAGs
[2026-01-04T12:44:19.622+0000] {logging_mixin.py:190} INFO - [2026-01-04T12:44:19.622+0000] {dag.py:4180} INFO - Setting next_dagrun for tutorial_objectstorage to None, run_after=None
[2026-01-04T12:44:19.638+0000] {processor.py:208} INFO - Processing /workspaces/f1_data_team/venv/lib/python3.12/site-packages/airflow/example_dags/tutorial_objectstorage.py took 0.053 seconds
[2026-01-04T12:45:17.548+0000] {processor.py:186} INFO - Started process (PID=39187) to work on /workspaces/f1_data_team/venv/lib/python3.12/site-packages/airflow/example_dags/tutorial_objectstorage.py
[2026-01-04T12:45:17.548+0000] {processor.py:914} INFO - Processing file /workspaces/f1_data_team/venv/lib/python3.12/site-packages/airflow/example_dags/tutorial_objectstorage.py for tasks to queue
[2026-01-04T12:45:17.551+0000] {logging_mixin.py:190} INFO - [2026-01-04T12:45:17.550+0000] {dagbag.py:588} INFO - Filling up the DagBag from /workspaces/f1_data_team/venv/lib/python3.12/site-packages/airflow/example_dags/tutorial_objectstorage.py
[2026-01-04T12:45:17.558+0000] {processor.py:925} INFO - DAG(s) 'tutorial_objectstorage' retrieved from /workspaces/f1_data_team/venv/lib/python3.12/site-packages/airflow/example_dags/tutorial_objectstorage.py
[2026-01-04T12:45:17.570+0000] {logging_mixin.py:190} INFO - [2026-01-04T12:45:17.570+0000] {dag.py:3239} INFO - Sync 1 DAGs
[2026-01-04T12:45:17.580+0000] {logging_mixin.py:190} INFO - [2026-01-04T12:45:17.580+0000] {dag.py:4180} INFO - Setting next_dagrun for tutorial_objectstorage to None, run_after=None
[2026-01-04T12:45:17.595+0000] {processor.py:208} INFO - Processing /workspaces/f1_data_team/venv/lib/python3.12/site-packages/airflow/example_dags/tutorial_objectstorage.py took 0.052 seconds
[2026-01-04T12:46:13.406+0000] {processor.py:186} INFO - Started process (PID=39746) to work on /workspaces/f1_data_team/venv/lib/python3.12/site-packages/airflow/example_dags/tutorial_objectstorage.py
[2026-01-04T12:46:13.407+0000] {processor.py:914} INFO - Processing file /workspaces/f1_data_team/venv/lib/python3.12/site-packages/airflow/example_dags/tutorial_objectstorage.py for tasks to queue
[2026-01-04T12:46:13.409+0000] {logging_mixin.py:190} INFO - [2026-01-04T12:46:13.409+0000] {dagbag.py:588} INFO - Filling up the DagBag from /workspaces/f1_data_team/venv/lib/python3.12/site-packages/airflow/example_dags/tutorial_objectstorage.py
[2026-01-04T12:46:13.417+0000] {processor.py:925} INFO - DAG(s) 'tutorial_objectstorage' retrieved from /workspaces/f1_data_team/venv/lib/python3.12/site-packages/airflow/example_dags/tutorial_objectstorage.py
[2026-01-04T12:46:13.428+0000] {logging_mixin.py:190} INFO - [2026-01-04T12:46:13.428+0000] {dag.py:3239} INFO - Sync 1 DAGs
[2026-01-04T12:46:13.438+0000] {logging_mixin.py:190} INFO - [2026-01-04T12:46:13.437+0000] {dag.py:4180} INFO - Setting next_dagrun for tutorial_objectstorage to None, run_after=None
[2026-01-04T12:46:13.454+0000] {processor.py:208} INFO - Processing /workspaces/f1_data_team/venv/lib/python3.12/site-packages/airflow/example_dags/tutorial_objectstorage.py took 0.053 seconds
[2026-01-04T12:47:04.899+0000] {processor.py:186} INFO - Started process (PID=40288) to work on /workspaces/f1_data_team/venv/lib/python3.12/site-packages/airflow/example_dags/tutorial_objectstorage.py
[2026-01-04T12:47:04.900+0000] {processor.py:914} INFO - Processing file /workspaces/f1_data_team/venv/lib/python3.12/site-packages/airflow/example_dags/tutorial_objectstorage.py for tasks to queue
[2026-01-04T12:47:04.902+0000] {logging_mixin.py:190} INFO - [2026-01-04T12:47:04.902+0000] {dagbag.py:588} INFO - Filling up the DagBag from /workspaces/f1_data_team/venv/lib/python3.12/site-packages/airflow/example_dags/tutorial_objectstorage.py
[2026-01-04T12:47:04.912+0000] {processor.py:925} INFO - DAG(s) 'tutorial_objectstorage' retrieved from /workspaces/f1_data_team/venv/lib/python3.12/site-packages/airflow/example_dags/tutorial_objectstorage.py
[2026-01-04T12:47:04.924+0000] {logging_mixin.py:190} INFO - [2026-01-04T12:47:04.924+0000] {dag.py:3239} INFO - Sync 1 DAGs
[2026-01-04T12:47:04.934+0000] {logging_mixin.py:190} INFO - [2026-01-04T12:47:04.933+0000] {dag.py:4180} INFO - Setting next_dagrun for tutorial_objectstorage to None, run_after=None
[2026-01-04T12:47:04.948+0000] {processor.py:208} INFO - Processing /workspaces/f1_data_team/venv/lib/python3.12/site-packages/airflow/example_dags/tutorial_objectstorage.py took 0.053 seconds
[2026-01-04T12:47:56.273+0000] {processor.py:186} INFO - Started process (PID=40802) to work on /workspaces/f1_data_team/venv/lib/python3.12/site-packages/airflow/example_dags/tutorial_objectstorage.py
[2026-01-04T12:47:56.273+0000] {processor.py:914} INFO - Processing file /workspaces/f1_data_team/venv/lib/python3.12/site-packages/airflow/example_dags/tutorial_objectstorage.py for tasks to queue
[2026-01-04T12:47:56.275+0000] {logging_mixin.py:190} INFO - [2026-01-04T12:47:56.275+0000] {dagbag.py:588} INFO - Filling up the DagBag from /workspaces/f1_data_team/venv/lib/python3.12/site-packages/airflow/example_dags/tutorial_objectstorage.py
[2026-01-04T12:47:56.283+0000] {processor.py:925} INFO - DAG(s) 'tutorial_objectstorage' retrieved from /workspaces/f1_data_team/venv/lib/python3.12/site-packages/airflow/example_dags/tutorial_objectstorage.py
[2026-01-04T12:47:56.294+0000] {logging_mixin.py:190} INFO - [2026-01-04T12:47:56.294+0000] {dag.py:3239} INFO - Sync 1 DAGs
[2026-01-04T12:47:56.305+0000] {logging_mixin.py:190} INFO - [2026-01-04T12:47:56.305+0000] {dag.py:4180} INFO - Setting next_dagrun for tutorial_objectstorage to None, run_after=None
[2026-01-04T12:47:56.321+0000] {processor.py:208} INFO - Processing /workspaces/f1_data_team/venv/lib/python3.12/site-packages/airflow/example_dags/tutorial_objectstorage.py took 0.054 seconds
[2026-01-04T12:48:40.806+0000] {processor.py:186} INFO - Started process (PID=41568) to work on /workspaces/f1_data_team/venv/lib/python3.12/site-packages/airflow/example_dags/tutorial_objectstorage.py
[2026-01-04T12:48:40.807+0000] {processor.py:914} INFO - Processing file /workspaces/f1_data_team/venv/lib/python3.12/site-packages/airflow/example_dags/tutorial_objectstorage.py for tasks to queue
[2026-01-04T12:48:40.809+0000] {logging_mixin.py:190} INFO - [2026-01-04T12:48:40.809+0000] {dagbag.py:588} INFO - Filling up the DagBag from /workspaces/f1_data_team/venv/lib/python3.12/site-packages/airflow/example_dags/tutorial_objectstorage.py
[2026-01-04T12:48:40.817+0000] {processor.py:925} INFO - DAG(s) 'tutorial_objectstorage' retrieved from /workspaces/f1_data_team/venv/lib/python3.12/site-packages/airflow/example_dags/tutorial_objectstorage.py
[2026-01-04T12:48:40.835+0000] {logging_mixin.py:190} INFO - [2026-01-04T12:48:40.834+0000] {dag.py:3239} INFO - Sync 1 DAGs
[2026-01-04T12:48:40.844+0000] {logging_mixin.py:190} INFO - [2026-01-04T12:48:40.844+0000] {dag.py:4180} INFO - Setting next_dagrun for tutorial_objectstorage to None, run_after=None
[2026-01-04T12:48:40.858+0000] {processor.py:208} INFO - Processing /workspaces/f1_data_team/venv/lib/python3.12/site-packages/airflow/example_dags/tutorial_objectstorage.py took 0.056 seconds
[2026-01-04T12:49:43.810+0000] {processor.py:186} INFO - Started process (PID=42483) to work on /workspaces/f1_data_team/venv/lib/python3.12/site-packages/airflow/example_dags/tutorial_objectstorage.py
[2026-01-04T12:49:43.811+0000] {processor.py:914} INFO - Processing file /workspaces/f1_data_team/venv/lib/python3.12/site-packages/airflow/example_dags/tutorial_objectstorage.py for tasks to queue
[2026-01-04T12:49:43.813+0000] {logging_mixin.py:190} INFO - [2026-01-04T12:49:43.813+0000] {dagbag.py:588} INFO - Filling up the DagBag from /workspaces/f1_data_team/venv/lib/python3.12/site-packages/airflow/example_dags/tutorial_objectstorage.py
[2026-01-04T12:49:43.821+0000] {processor.py:925} INFO - DAG(s) 'tutorial_objectstorage' retrieved from /workspaces/f1_data_team/venv/lib/python3.12/site-packages/airflow/example_dags/tutorial_objectstorage.py
[2026-01-04T12:49:43.832+0000] {logging_mixin.py:190} INFO - [2026-01-04T12:49:43.832+0000] {dag.py:3239} INFO - Sync 1 DAGs
[2026-01-04T12:49:43.842+0000] {logging_mixin.py:190} INFO - [2026-01-04T12:49:43.842+0000] {dag.py:4180} INFO - Setting next_dagrun for tutorial_objectstorage to None, run_after=None
[2026-01-04T12:49:43.857+0000] {processor.py:208} INFO - Processing /workspaces/f1_data_team/venv/lib/python3.12/site-packages/airflow/example_dags/tutorial_objectstorage.py took 0.051 seconds
[2026-01-04T12:50:38.587+0000] {processor.py:186} INFO - Started process (PID=42995) to work on /workspaces/f1_data_team/venv/lib/python3.12/site-packages/airflow/example_dags/tutorial_objectstorage.py
[2026-01-04T12:50:38.588+0000] {processor.py:914} INFO - Processing file /workspaces/f1_data_team/venv/lib/python3.12/site-packages/airflow/example_dags/tutorial_objectstorage.py for tasks to queue
[2026-01-04T12:50:38.590+0000] {logging_mixin.py:190} INFO - [2026-01-04T12:50:38.590+0000] {dagbag.py:588} INFO - Filling up the DagBag from /workspaces/f1_data_team/venv/lib/python3.12/site-packages/airflow/example_dags/tutorial_objectstorage.py
[2026-01-04T12:50:38.598+0000] {processor.py:925} INFO - DAG(s) 'tutorial_objectstorage' retrieved from /workspaces/f1_data_team/venv/lib/python3.12/site-packages/airflow/example_dags/tutorial_objectstorage.py
[2026-01-04T12:50:38.609+0000] {logging_mixin.py:190} INFO - [2026-01-04T12:50:38.609+0000] {dag.py:3239} INFO - Sync 1 DAGs
[2026-01-04T12:50:38.619+0000] {logging_mixin.py:190} INFO - [2026-01-04T12:50:38.619+0000] {dag.py:4180} INFO - Setting next_dagrun for tutorial_objectstorage to None, run_after=None
[2026-01-04T12:50:38.634+0000] {processor.py:208} INFO - Processing /workspaces/f1_data_team/venv/lib/python3.12/site-packages/airflow/example_dags/tutorial_objectstorage.py took 0.051 seconds
[2026-01-04T12:51:15.883+0000] {processor.py:186} INFO - Started process (PID=43644) to work on /workspaces/f1_data_team/venv/lib/python3.12/site-packages/airflow/example_dags/tutorial_objectstorage.py
[2026-01-04T12:51:15.883+0000] {processor.py:914} INFO - Processing file /workspaces/f1_data_team/venv/lib/python3.12/site-packages/airflow/example_dags/tutorial_objectstorage.py for tasks to queue
[2026-01-04T12:51:15.885+0000] {logging_mixin.py:190} INFO - [2026-01-04T12:51:15.885+0000] {dagbag.py:588} INFO - Filling up the DagBag from /workspaces/f1_data_team/venv/lib/python3.12/site-packages/airflow/example_dags/tutorial_objectstorage.py
[2026-01-04T12:51:15.893+0000] {processor.py:925} INFO - DAG(s) 'tutorial_objectstorage' retrieved from /workspaces/f1_data_team/venv/lib/python3.12/site-packages/airflow/example_dags/tutorial_objectstorage.py
[2026-01-04T12:51:15.911+0000] {logging_mixin.py:190} INFO - [2026-01-04T12:51:15.911+0000] {dag.py:3239} INFO - Sync 1 DAGs
[2026-01-04T12:51:15.921+0000] {logging_mixin.py:190} INFO - [2026-01-04T12:51:15.920+0000] {dag.py:4180} INFO - Setting next_dagrun for tutorial_objectstorage to None, run_after=None
[2026-01-04T12:51:15.935+0000] {processor.py:208} INFO - Processing /workspaces/f1_data_team/venv/lib/python3.12/site-packages/airflow/example_dags/tutorial_objectstorage.py took 0.057 seconds
[2026-01-04T12:52:19.406+0000] {processor.py:186} INFO - Started process (PID=44832) to work on /workspaces/f1_data_team/venv/lib/python3.12/site-packages/airflow/example_dags/tutorial_objectstorage.py
[2026-01-04T12:52:19.407+0000] {processor.py:914} INFO - Processing file /workspaces/f1_data_team/venv/lib/python3.12/site-packages/airflow/example_dags/tutorial_objectstorage.py for tasks to queue
[2026-01-04T12:52:19.409+0000] {logging_mixin.py:190} INFO - [2026-01-04T12:52:19.408+0000] {dagbag.py:588} INFO - Filling up the DagBag from /workspaces/f1_data_team/venv/lib/python3.12/site-packages/airflow/example_dags/tutorial_objectstorage.py
[2026-01-04T12:52:19.416+0000] {processor.py:925} INFO - DAG(s) 'tutorial_objectstorage' retrieved from /workspaces/f1_data_team/venv/lib/python3.12/site-packages/airflow/example_dags/tutorial_objectstorage.py
[2026-01-04T12:52:19.428+0000] {logging_mixin.py:190} INFO - [2026-01-04T12:52:19.428+0000] {dag.py:3239} INFO - Sync 1 DAGs
[2026-01-04T12:52:19.438+0000] {logging_mixin.py:190} INFO - [2026-01-04T12:52:19.438+0000] {dag.py:4180} INFO - Setting next_dagrun for tutorial_objectstorage to None, run_after=None
[2026-01-04T12:52:19.452+0000] {processor.py:208} INFO - Processing /workspaces/f1_data_team/venv/lib/python3.12/site-packages/airflow/example_dags/tutorial_objectstorage.py took 0.051 seconds
[2026-01-04T12:53:16.028+0000] {processor.py:186} INFO - Started process (PID=45643) to work on /workspaces/f1_data_team/venv/lib/python3.12/site-packages/airflow/example_dags/tutorial_objectstorage.py
[2026-01-04T12:53:16.029+0000] {processor.py:914} INFO - Processing file /workspaces/f1_data_team/venv/lib/python3.12/site-packages/airflow/example_dags/tutorial_objectstorage.py for tasks to queue
[2026-01-04T12:53:16.032+0000] {logging_mixin.py:190} INFO - [2026-01-04T12:53:16.032+0000] {dagbag.py:588} INFO - Filling up the DagBag from /workspaces/f1_data_team/venv/lib/python3.12/site-packages/airflow/example_dags/tutorial_objectstorage.py
[2026-01-04T12:53:16.040+0000] {processor.py:925} INFO - DAG(s) 'tutorial_objectstorage' retrieved from /workspaces/f1_data_team/venv/lib/python3.12/site-packages/airflow/example_dags/tutorial_objectstorage.py
[2026-01-04T12:53:16.052+0000] {logging_mixin.py:190} INFO - [2026-01-04T12:53:16.051+0000] {dag.py:3239} INFO - Sync 1 DAGs
[2026-01-04T12:53:16.062+0000] {logging_mixin.py:190} INFO - [2026-01-04T12:53:16.062+0000] {dag.py:4180} INFO - Setting next_dagrun for tutorial_objectstorage to None, run_after=None
[2026-01-04T12:53:16.077+0000] {processor.py:208} INFO - Processing /workspaces/f1_data_team/venv/lib/python3.12/site-packages/airflow/example_dags/tutorial_objectstorage.py took 0.056 seconds
[2026-01-04T12:54:10.268+0000] {processor.py:186} INFO - Started process (PID=46300) to work on /workspaces/f1_data_team/venv/lib/python3.12/site-packages/airflow/example_dags/tutorial_objectstorage.py
[2026-01-04T12:54:10.268+0000] {processor.py:914} INFO - Processing file /workspaces/f1_data_team/venv/lib/python3.12/site-packages/airflow/example_dags/tutorial_objectstorage.py for tasks to queue
[2026-01-04T12:54:10.271+0000] {logging_mixin.py:190} INFO - [2026-01-04T12:54:10.270+0000] {dagbag.py:588} INFO - Filling up the DagBag from /workspaces/f1_data_team/venv/lib/python3.12/site-packages/airflow/example_dags/tutorial_objectstorage.py
[2026-01-04T12:54:10.281+0000] {processor.py:925} INFO - DAG(s) 'tutorial_objectstorage' retrieved from /workspaces/f1_data_team/venv/lib/python3.12/site-packages/airflow/example_dags/tutorial_objectstorage.py
[2026-01-04T12:54:10.298+0000] {logging_mixin.py:190} INFO - [2026-01-04T12:54:10.297+0000] {dag.py:3239} INFO - Sync 1 DAGs
[2026-01-04T12:54:10.312+0000] {logging_mixin.py:190} INFO - [2026-01-04T12:54:10.312+0000] {dag.py:4180} INFO - Setting next_dagrun for tutorial_objectstorage to None, run_after=None
[2026-01-04T12:54:10.334+0000] {processor.py:208} INFO - Processing /workspaces/f1_data_team/venv/lib/python3.12/site-packages/airflow/example_dags/tutorial_objectstorage.py took 0.071 seconds
[2026-01-04T12:55:17.414+0000] {processor.py:186} INFO - Started process (PID=47586) to work on /workspaces/f1_data_team/venv/lib/python3.12/site-packages/airflow/example_dags/tutorial_objectstorage.py
[2026-01-04T12:55:17.415+0000] {processor.py:914} INFO - Processing file /workspaces/f1_data_team/venv/lib/python3.12/site-packages/airflow/example_dags/tutorial_objectstorage.py for tasks to queue
[2026-01-04T12:55:17.417+0000] {logging_mixin.py:190} INFO - [2026-01-04T12:55:17.417+0000] {dagbag.py:588} INFO - Filling up the DagBag from /workspaces/f1_data_team/venv/lib/python3.12/site-packages/airflow/example_dags/tutorial_objectstorage.py
[2026-01-04T12:55:17.425+0000] {processor.py:925} INFO - DAG(s) 'tutorial_objectstorage' retrieved from /workspaces/f1_data_team/venv/lib/python3.12/site-packages/airflow/example_dags/tutorial_objectstorage.py
[2026-01-04T12:55:17.437+0000] {logging_mixin.py:190} INFO - [2026-01-04T12:55:17.436+0000] {dag.py:3239} INFO - Sync 1 DAGs
[2026-01-04T12:55:17.446+0000] {logging_mixin.py:190} INFO - [2026-01-04T12:55:17.446+0000] {dag.py:4180} INFO - Setting next_dagrun for tutorial_objectstorage to None, run_after=None
[2026-01-04T12:55:17.461+0000] {processor.py:208} INFO - Processing /workspaces/f1_data_team/venv/lib/python3.12/site-packages/airflow/example_dags/tutorial_objectstorage.py took 0.051 seconds
[2026-01-04T12:56:14.159+0000] {processor.py:186} INFO - Started process (PID=48148) to work on /workspaces/f1_data_team/venv/lib/python3.12/site-packages/airflow/example_dags/tutorial_objectstorage.py
[2026-01-04T12:56:14.160+0000] {processor.py:914} INFO - Processing file /workspaces/f1_data_team/venv/lib/python3.12/site-packages/airflow/example_dags/tutorial_objectstorage.py for tasks to queue
[2026-01-04T12:56:14.162+0000] {logging_mixin.py:190} INFO - [2026-01-04T12:56:14.161+0000] {dagbag.py:588} INFO - Filling up the DagBag from /workspaces/f1_data_team/venv/lib/python3.12/site-packages/airflow/example_dags/tutorial_objectstorage.py
[2026-01-04T12:56:14.169+0000] {processor.py:925} INFO - DAG(s) 'tutorial_objectstorage' retrieved from /workspaces/f1_data_team/venv/lib/python3.12/site-packages/airflow/example_dags/tutorial_objectstorage.py
[2026-01-04T12:56:14.182+0000] {logging_mixin.py:190} INFO - [2026-01-04T12:56:14.181+0000] {dag.py:3239} INFO - Sync 1 DAGs
[2026-01-04T12:56:14.191+0000] {logging_mixin.py:190} INFO - [2026-01-04T12:56:14.191+0000] {dag.py:4180} INFO - Setting next_dagrun for tutorial_objectstorage to None, run_after=None
[2026-01-04T12:56:14.206+0000] {processor.py:208} INFO - Processing /workspaces/f1_data_team/venv/lib/python3.12/site-packages/airflow/example_dags/tutorial_objectstorage.py took 0.052 seconds
[2026-01-04T12:57:04.405+0000] {processor.py:186} INFO - Started process (PID=48554) to work on /workspaces/f1_data_team/venv/lib/python3.12/site-packages/airflow/example_dags/tutorial_objectstorage.py
[2026-01-04T12:57:04.406+0000] {processor.py:914} INFO - Processing file /workspaces/f1_data_team/venv/lib/python3.12/site-packages/airflow/example_dags/tutorial_objectstorage.py for tasks to queue
[2026-01-04T12:57:04.408+0000] {logging_mixin.py:190} INFO - [2026-01-04T12:57:04.407+0000] {dagbag.py:588} INFO - Filling up the DagBag from /workspaces/f1_data_team/venv/lib/python3.12/site-packages/airflow/example_dags/tutorial_objectstorage.py
[2026-01-04T12:57:04.416+0000] {processor.py:925} INFO - DAG(s) 'tutorial_objectstorage' retrieved from /workspaces/f1_data_team/venv/lib/python3.12/site-packages/airflow/example_dags/tutorial_objectstorage.py
[2026-01-04T12:57:04.427+0000] {logging_mixin.py:190} INFO - [2026-01-04T12:57:04.427+0000] {dag.py:3239} INFO - Sync 1 DAGs
[2026-01-04T12:57:04.436+0000] {logging_mixin.py:190} INFO - [2026-01-04T12:57:04.436+0000] {dag.py:4180} INFO - Setting next_dagrun for tutorial_objectstorage to None, run_after=None
[2026-01-04T12:57:04.451+0000] {processor.py:208} INFO - Processing /workspaces/f1_data_team/venv/lib/python3.12/site-packages/airflow/example_dags/tutorial_objectstorage.py took 0.051 seconds
[2026-01-04T12:57:55.484+0000] {processor.py:186} INFO - Started process (PID=49044) to work on /workspaces/f1_data_team/venv/lib/python3.12/site-packages/airflow/example_dags/tutorial_objectstorage.py
[2026-01-04T12:57:55.485+0000] {processor.py:914} INFO - Processing file /workspaces/f1_data_team/venv/lib/python3.12/site-packages/airflow/example_dags/tutorial_objectstorage.py for tasks to queue
[2026-01-04T12:57:55.487+0000] {logging_mixin.py:190} INFO - [2026-01-04T12:57:55.487+0000] {dagbag.py:588} INFO - Filling up the DagBag from /workspaces/f1_data_team/venv/lib/python3.12/site-packages/airflow/example_dags/tutorial_objectstorage.py
[2026-01-04T12:57:55.495+0000] {processor.py:925} INFO - DAG(s) 'tutorial_objectstorage' retrieved from /workspaces/f1_data_team/venv/lib/python3.12/site-packages/airflow/example_dags/tutorial_objectstorage.py
[2026-01-04T12:57:55.507+0000] {logging_mixin.py:190} INFO - [2026-01-04T12:57:55.506+0000] {dag.py:3239} INFO - Sync 1 DAGs
[2026-01-04T12:57:55.518+0000] {logging_mixin.py:190} INFO - [2026-01-04T12:57:55.518+0000] {dag.py:4180} INFO - Setting next_dagrun for tutorial_objectstorage to None, run_after=None
[2026-01-04T12:57:55.534+0000] {processor.py:208} INFO - Processing /workspaces/f1_data_team/venv/lib/python3.12/site-packages/airflow/example_dags/tutorial_objectstorage.py took 0.056 seconds
[2026-01-04T12:58:48.969+0000] {processor.py:186} INFO - Started process (PID=49578) to work on /workspaces/f1_data_team/venv/lib/python3.12/site-packages/airflow/example_dags/tutorial_objectstorage.py
[2026-01-04T12:58:48.969+0000] {processor.py:914} INFO - Processing file /workspaces/f1_data_team/venv/lib/python3.12/site-packages/airflow/example_dags/tutorial_objectstorage.py for tasks to queue
[2026-01-04T12:58:48.971+0000] {logging_mixin.py:190} INFO - [2026-01-04T12:58:48.971+0000] {dagbag.py:588} INFO - Filling up the DagBag from /workspaces/f1_data_team/venv/lib/python3.12/site-packages/airflow/example_dags/tutorial_objectstorage.py
[2026-01-04T12:58:48.979+0000] {processor.py:925} INFO - DAG(s) 'tutorial_objectstorage' retrieved from /workspaces/f1_data_team/venv/lib/python3.12/site-packages/airflow/example_dags/tutorial_objectstorage.py
[2026-01-04T12:58:48.991+0000] {logging_mixin.py:190} INFO - [2026-01-04T12:58:48.991+0000] {dag.py:3239} INFO - Sync 1 DAGs
[2026-01-04T12:58:49.001+0000] {logging_mixin.py:190} INFO - [2026-01-04T12:58:49.001+0000] {dag.py:4180} INFO - Setting next_dagrun for tutorial_objectstorage to None, run_after=None
[2026-01-04T12:58:49.015+0000] {processor.py:208} INFO - Processing /workspaces/f1_data_team/venv/lib/python3.12/site-packages/airflow/example_dags/tutorial_objectstorage.py took 0.051 seconds
[2026-01-04T12:59:43.615+0000] {processor.py:186} INFO - Started process (PID=50124) to work on /workspaces/f1_data_team/venv/lib/python3.12/site-packages/airflow/example_dags/tutorial_objectstorage.py
[2026-01-04T12:59:43.616+0000] {processor.py:914} INFO - Processing file /workspaces/f1_data_team/venv/lib/python3.12/site-packages/airflow/example_dags/tutorial_objectstorage.py for tasks to queue
[2026-01-04T12:59:43.618+0000] {logging_mixin.py:190} INFO - [2026-01-04T12:59:43.617+0000] {dagbag.py:588} INFO - Filling up the DagBag from /workspaces/f1_data_team/venv/lib/python3.12/site-packages/airflow/example_dags/tutorial_objectstorage.py
[2026-01-04T12:59:43.625+0000] {processor.py:925} INFO - DAG(s) 'tutorial_objectstorage' retrieved from /workspaces/f1_data_team/venv/lib/python3.12/site-packages/airflow/example_dags/tutorial_objectstorage.py
[2026-01-04T12:59:43.637+0000] {logging_mixin.py:190} INFO - [2026-01-04T12:59:43.636+0000] {dag.py:3239} INFO - Sync 1 DAGs
[2026-01-04T12:59:43.646+0000] {logging_mixin.py:190} INFO - [2026-01-04T12:59:43.646+0000] {dag.py:4180} INFO - Setting next_dagrun for tutorial_objectstorage to None, run_after=None
[2026-01-04T12:59:43.661+0000] {processor.py:208} INFO - Processing /workspaces/f1_data_team/venv/lib/python3.12/site-packages/airflow/example_dags/tutorial_objectstorage.py took 0.050 seconds
[2026-01-04T13:00:40.121+0000] {processor.py:186} INFO - Started process (PID=50775) to work on /workspaces/f1_data_team/venv/lib/python3.12/site-packages/airflow/example_dags/tutorial_objectstorage.py
[2026-01-04T13:00:40.122+0000] {processor.py:914} INFO - Processing file /workspaces/f1_data_team/venv/lib/python3.12/site-packages/airflow/example_dags/tutorial_objectstorage.py for tasks to queue
[2026-01-04T13:00:40.124+0000] {logging_mixin.py:190} INFO - [2026-01-04T13:00:40.123+0000] {dagbag.py:588} INFO - Filling up the DagBag from /workspaces/f1_data_team/venv/lib/python3.12/site-packages/airflow/example_dags/tutorial_objectstorage.py
[2026-01-04T13:00:40.132+0000] {processor.py:925} INFO - DAG(s) 'tutorial_objectstorage' retrieved from /workspaces/f1_data_team/venv/lib/python3.12/site-packages/airflow/example_dags/tutorial_objectstorage.py
[2026-01-04T13:00:40.144+0000] {logging_mixin.py:190} INFO - [2026-01-04T13:00:40.143+0000] {dag.py:3239} INFO - Sync 1 DAGs
[2026-01-04T13:00:40.153+0000] {logging_mixin.py:190} INFO - [2026-01-04T13:00:40.153+0000] {dag.py:4180} INFO - Setting next_dagrun for tutorial_objectstorage to None, run_after=None
[2026-01-04T13:00:40.170+0000] {processor.py:208} INFO - Processing /workspaces/f1_data_team/venv/lib/python3.12/site-packages/airflow/example_dags/tutorial_objectstorage.py took 0.054 seconds
[2026-01-04T13:01:27.515+0000] {processor.py:186} INFO - Started process (PID=51344) to work on /workspaces/f1_data_team/venv/lib/python3.12/site-packages/airflow/example_dags/tutorial_objectstorage.py
[2026-01-04T13:01:27.516+0000] {processor.py:914} INFO - Processing file /workspaces/f1_data_team/venv/lib/python3.12/site-packages/airflow/example_dags/tutorial_objectstorage.py for tasks to queue
[2026-01-04T13:01:27.519+0000] {logging_mixin.py:190} INFO - [2026-01-04T13:01:27.518+0000] {dagbag.py:588} INFO - Filling up the DagBag from /workspaces/f1_data_team/venv/lib/python3.12/site-packages/airflow/example_dags/tutorial_objectstorage.py
[2026-01-04T13:01:27.529+0000] {processor.py:925} INFO - DAG(s) 'tutorial_objectstorage' retrieved from /workspaces/f1_data_team/venv/lib/python3.12/site-packages/airflow/example_dags/tutorial_objectstorage.py
[2026-01-04T13:01:27.541+0000] {logging_mixin.py:190} INFO - [2026-01-04T13:01:27.541+0000] {dag.py:3239} INFO - Sync 1 DAGs
[2026-01-04T13:01:27.551+0000] {logging_mixin.py:190} INFO - [2026-01-04T13:01:27.550+0000] {dag.py:4180} INFO - Setting next_dagrun for tutorial_objectstorage to None, run_after=None
[2026-01-04T13:01:27.583+0000] {processor.py:208} INFO - Processing /workspaces/f1_data_team/venv/lib/python3.12/site-packages/airflow/example_dags/tutorial_objectstorage.py took 0.074 seconds
