[2026-01-04T12:26:43.908+0000] {processor.py:186} INFO - Started process (PID=24508) to work on /workspaces/f1_data_team/venv/lib/python3.12/site-packages/airflow/example_dags/tutorial.py
[2026-01-04T12:26:43.908+0000] {processor.py:914} INFO - Processing file /workspaces/f1_data_team/venv/lib/python3.12/site-packages/airflow/example_dags/tutorial.py for tasks to queue
[2026-01-04T12:26:43.910+0000] {logging_mixin.py:190} INFO - [2026-01-04T12:26:43.910+0000] {dagbag.py:588} INFO - Filling up the DagBag from /workspaces/f1_data_team/venv/lib/python3.12/site-packages/airflow/example_dags/tutorial.py
[2026-01-04T12:26:43.917+0000] {processor.py:925} INFO - DAG(s) 'tutorial' retrieved from /workspaces/f1_data_team/venv/lib/python3.12/site-packages/airflow/example_dags/tutorial.py
[2026-01-04T12:26:44.001+0000] {logging_mixin.py:190} INFO - [2026-01-04T12:26:44.000+0000] {override.py:1911} INFO - Created Permission View: can read on DAG:tutorial
[2026-01-04T12:26:44.008+0000] {logging_mixin.py:190} INFO - [2026-01-04T12:26:44.008+0000] {override.py:1911} INFO - Created Permission View: can edit on DAG:tutorial
[2026-01-04T12:26:44.014+0000] {logging_mixin.py:190} INFO - [2026-01-04T12:26:44.013+0000] {override.py:1911} INFO - Created Permission View: can delete on DAG:tutorial
[2026-01-04T12:26:44.022+0000] {logging_mixin.py:190} INFO - [2026-01-04T12:26:44.021+0000] {override.py:1911} INFO - Created Permission View: can read on DAG Run:tutorial
[2026-01-04T12:26:44.027+0000] {logging_mixin.py:190} INFO - [2026-01-04T12:26:44.027+0000] {override.py:1911} INFO - Created Permission View: menu access on DAG Run:tutorial
[2026-01-04T12:26:44.032+0000] {logging_mixin.py:190} INFO - [2026-01-04T12:26:44.032+0000] {override.py:1911} INFO - Created Permission View: can create on DAG Run:tutorial
[2026-01-04T12:26:44.038+0000] {logging_mixin.py:190} INFO - [2026-01-04T12:26:44.037+0000] {override.py:1911} INFO - Created Permission View: can delete on DAG Run:tutorial
[2026-01-04T12:26:44.038+0000] {logging_mixin.py:190} INFO - [2026-01-04T12:26:44.038+0000] {dag.py:3239} INFO - Sync 1 DAGs
[2026-01-04T12:26:44.046+0000] {logging_mixin.py:190} INFO - [2026-01-04T12:26:44.046+0000] {dag.py:3262} INFO - Creating ORM DAG for tutorial
[2026-01-04T12:26:44.053+0000] {logging_mixin.py:190} INFO - [2026-01-04T12:26:44.053+0000] {dag.py:4180} INFO - Setting next_dagrun for tutorial to 2026-01-03 00:00:00+00:00, run_after=2026-01-04 00:00:00+00:00
[2026-01-04T12:26:44.066+0000] {processor.py:208} INFO - Processing /workspaces/f1_data_team/venv/lib/python3.12/site-packages/airflow/example_dags/tutorial.py took 0.163 seconds
[2026-01-04T12:27:47.405+0000] {processor.py:186} INFO - Started process (PID=25070) to work on /workspaces/f1_data_team/venv/lib/python3.12/site-packages/airflow/example_dags/tutorial.py
[2026-01-04T12:27:47.407+0000] {processor.py:914} INFO - Processing file /workspaces/f1_data_team/venv/lib/python3.12/site-packages/airflow/example_dags/tutorial.py for tasks to queue
[2026-01-04T12:27:47.409+0000] {logging_mixin.py:190} INFO - [2026-01-04T12:27:47.409+0000] {dagbag.py:588} INFO - Filling up the DagBag from /workspaces/f1_data_team/venv/lib/python3.12/site-packages/airflow/example_dags/tutorial.py
[2026-01-04T12:27:47.417+0000] {processor.py:925} INFO - DAG(s) 'tutorial' retrieved from /workspaces/f1_data_team/venv/lib/python3.12/site-packages/airflow/example_dags/tutorial.py
[2026-01-04T12:27:47.428+0000] {logging_mixin.py:190} INFO - [2026-01-04T12:27:47.428+0000] {dag.py:3239} INFO - Sync 1 DAGs
[2026-01-04T12:27:47.443+0000] {logging_mixin.py:190} INFO - [2026-01-04T12:27:47.443+0000] {dag.py:4180} INFO - Setting next_dagrun for tutorial to 2026-01-03 00:00:00+00:00, run_after=2026-01-04 00:00:00+00:00
[2026-01-04T12:27:47.457+0000] {processor.py:208} INFO - Processing /workspaces/f1_data_team/venv/lib/python3.12/site-packages/airflow/example_dags/tutorial.py took 0.057 seconds
[2026-01-04T12:28:42.955+0000] {processor.py:186} INFO - Started process (PID=25587) to work on /workspaces/f1_data_team/venv/lib/python3.12/site-packages/airflow/example_dags/tutorial.py
[2026-01-04T12:28:42.958+0000] {processor.py:914} INFO - Processing file /workspaces/f1_data_team/venv/lib/python3.12/site-packages/airflow/example_dags/tutorial.py for tasks to queue
[2026-01-04T12:28:42.965+0000] {logging_mixin.py:190} INFO - [2026-01-04T12:28:42.964+0000] {dagbag.py:588} INFO - Filling up the DagBag from /workspaces/f1_data_team/venv/lib/python3.12/site-packages/airflow/example_dags/tutorial.py
[2026-01-04T12:28:42.999+0000] {processor.py:925} INFO - DAG(s) 'tutorial' retrieved from /workspaces/f1_data_team/venv/lib/python3.12/site-packages/airflow/example_dags/tutorial.py
[2026-01-04T12:28:43.025+0000] {logging_mixin.py:190} INFO - [2026-01-04T12:28:43.024+0000] {dag.py:3239} INFO - Sync 1 DAGs
[2026-01-04T12:28:43.051+0000] {logging_mixin.py:190} INFO - [2026-01-04T12:28:43.051+0000] {dag.py:4180} INFO - Setting next_dagrun for tutorial to 2026-01-03 00:00:00+00:00, run_after=2026-01-04 00:00:00+00:00
[2026-01-04T12:28:43.107+0000] {processor.py:208} INFO - Processing /workspaces/f1_data_team/venv/lib/python3.12/site-packages/airflow/example_dags/tutorial.py took 0.167 seconds
[2026-01-04T12:29:41.642+0000] {processor.py:186} INFO - Started process (PID=26795) to work on /workspaces/f1_data_team/venv/lib/python3.12/site-packages/airflow/example_dags/tutorial.py
[2026-01-04T12:29:41.643+0000] {processor.py:914} INFO - Processing file /workspaces/f1_data_team/venv/lib/python3.12/site-packages/airflow/example_dags/tutorial.py for tasks to queue
[2026-01-04T12:29:41.645+0000] {logging_mixin.py:190} INFO - [2026-01-04T12:29:41.644+0000] {dagbag.py:588} INFO - Filling up the DagBag from /workspaces/f1_data_team/venv/lib/python3.12/site-packages/airflow/example_dags/tutorial.py
[2026-01-04T12:29:41.651+0000] {processor.py:925} INFO - DAG(s) 'tutorial' retrieved from /workspaces/f1_data_team/venv/lib/python3.12/site-packages/airflow/example_dags/tutorial.py
[2026-01-04T12:29:41.662+0000] {logging_mixin.py:190} INFO - [2026-01-04T12:29:41.662+0000] {dag.py:3239} INFO - Sync 1 DAGs
[2026-01-04T12:29:41.677+0000] {logging_mixin.py:190} INFO - [2026-01-04T12:29:41.677+0000] {dag.py:4180} INFO - Setting next_dagrun for tutorial to 2026-01-03 00:00:00+00:00, run_after=2026-01-04 00:00:00+00:00
[2026-01-04T12:29:41.691+0000] {processor.py:208} INFO - Processing /workspaces/f1_data_team/venv/lib/python3.12/site-packages/airflow/example_dags/tutorial.py took 0.054 seconds
[2026-01-04T12:30:25.701+0000] {processor.py:186} INFO - Started process (PID=27507) to work on /workspaces/f1_data_team/venv/lib/python3.12/site-packages/airflow/example_dags/tutorial.py
[2026-01-04T12:30:25.701+0000] {processor.py:914} INFO - Processing file /workspaces/f1_data_team/venv/lib/python3.12/site-packages/airflow/example_dags/tutorial.py for tasks to queue
[2026-01-04T12:30:25.703+0000] {logging_mixin.py:190} INFO - [2026-01-04T12:30:25.703+0000] {dagbag.py:588} INFO - Filling up the DagBag from /workspaces/f1_data_team/venv/lib/python3.12/site-packages/airflow/example_dags/tutorial.py
[2026-01-04T12:30:25.710+0000] {processor.py:925} INFO - DAG(s) 'tutorial' retrieved from /workspaces/f1_data_team/venv/lib/python3.12/site-packages/airflow/example_dags/tutorial.py
[2026-01-04T12:30:25.727+0000] {logging_mixin.py:190} INFO - [2026-01-04T12:30:25.727+0000] {dag.py:3239} INFO - Sync 1 DAGs
[2026-01-04T12:30:25.741+0000] {logging_mixin.py:190} INFO - [2026-01-04T12:30:25.741+0000] {dag.py:4180} INFO - Setting next_dagrun for tutorial to 2026-01-03 00:00:00+00:00, run_after=2026-01-04 00:00:00+00:00
[2026-01-04T12:30:25.756+0000] {processor.py:208} INFO - Processing /workspaces/f1_data_team/venv/lib/python3.12/site-packages/airflow/example_dags/tutorial.py took 0.059 seconds
[2026-01-04T12:31:23.119+0000] {processor.py:186} INFO - Started process (PID=28505) to work on /workspaces/f1_data_team/venv/lib/python3.12/site-packages/airflow/example_dags/tutorial.py
[2026-01-04T12:31:23.119+0000] {processor.py:914} INFO - Processing file /workspaces/f1_data_team/venv/lib/python3.12/site-packages/airflow/example_dags/tutorial.py for tasks to queue
[2026-01-04T12:31:23.123+0000] {logging_mixin.py:190} INFO - [2026-01-04T12:31:23.123+0000] {dagbag.py:588} INFO - Filling up the DagBag from /workspaces/f1_data_team/venv/lib/python3.12/site-packages/airflow/example_dags/tutorial.py
[2026-01-04T12:31:23.133+0000] {processor.py:925} INFO - DAG(s) 'tutorial' retrieved from /workspaces/f1_data_team/venv/lib/python3.12/site-packages/airflow/example_dags/tutorial.py
[2026-01-04T12:31:23.151+0000] {logging_mixin.py:190} INFO - [2026-01-04T12:31:23.151+0000] {dag.py:3239} INFO - Sync 1 DAGs
[2026-01-04T12:31:23.172+0000] {logging_mixin.py:190} INFO - [2026-01-04T12:31:23.172+0000] {dag.py:4180} INFO - Setting next_dagrun for tutorial to 2026-01-03 00:00:00+00:00, run_after=2026-01-04 00:00:00+00:00
[2026-01-04T12:31:23.186+0000] {processor.py:208} INFO - Processing /workspaces/f1_data_team/venv/lib/python3.12/site-packages/airflow/example_dags/tutorial.py took 0.074 seconds
[2026-01-04T12:32:31.776+0000] {processor.py:186} INFO - Started process (PID=29541) to work on /workspaces/f1_data_team/venv/lib/python3.12/site-packages/airflow/example_dags/tutorial.py
[2026-01-04T12:32:31.777+0000] {processor.py:914} INFO - Processing file /workspaces/f1_data_team/venv/lib/python3.12/site-packages/airflow/example_dags/tutorial.py for tasks to queue
[2026-01-04T12:32:31.780+0000] {logging_mixin.py:190} INFO - [2026-01-04T12:32:31.779+0000] {dagbag.py:588} INFO - Filling up the DagBag from /workspaces/f1_data_team/venv/lib/python3.12/site-packages/airflow/example_dags/tutorial.py
[2026-01-04T12:32:31.788+0000] {processor.py:925} INFO - DAG(s) 'tutorial' retrieved from /workspaces/f1_data_team/venv/lib/python3.12/site-packages/airflow/example_dags/tutorial.py
[2026-01-04T12:32:31.804+0000] {logging_mixin.py:190} INFO - [2026-01-04T12:32:31.804+0000] {dag.py:3239} INFO - Sync 1 DAGs
[2026-01-04T12:32:31.818+0000] {logging_mixin.py:190} INFO - [2026-01-04T12:32:31.818+0000] {dag.py:4180} INFO - Setting next_dagrun for tutorial to 2026-01-03 00:00:00+00:00, run_after=2026-01-04 00:00:00+00:00
[2026-01-04T12:32:31.832+0000] {processor.py:208} INFO - Processing /workspaces/f1_data_team/venv/lib/python3.12/site-packages/airflow/example_dags/tutorial.py took 0.061 seconds
[2026-01-04T12:33:31.827+0000] {processor.py:186} INFO - Started process (PID=30574) to work on /workspaces/f1_data_team/venv/lib/python3.12/site-packages/airflow/example_dags/tutorial.py
[2026-01-04T12:33:31.828+0000] {processor.py:914} INFO - Processing file /workspaces/f1_data_team/venv/lib/python3.12/site-packages/airflow/example_dags/tutorial.py for tasks to queue
[2026-01-04T12:33:31.830+0000] {logging_mixin.py:190} INFO - [2026-01-04T12:33:31.830+0000] {dagbag.py:588} INFO - Filling up the DagBag from /workspaces/f1_data_team/venv/lib/python3.12/site-packages/airflow/example_dags/tutorial.py
[2026-01-04T12:33:31.837+0000] {processor.py:925} INFO - DAG(s) 'tutorial' retrieved from /workspaces/f1_data_team/venv/lib/python3.12/site-packages/airflow/example_dags/tutorial.py
[2026-01-04T12:33:31.850+0000] {logging_mixin.py:190} INFO - [2026-01-04T12:33:31.849+0000] {dag.py:3239} INFO - Sync 1 DAGs
[2026-01-04T12:33:31.864+0000] {logging_mixin.py:190} INFO - [2026-01-04T12:33:31.864+0000] {dag.py:4180} INFO - Setting next_dagrun for tutorial to 2026-01-03 00:00:00+00:00, run_after=2026-01-04 00:00:00+00:00
[2026-01-04T12:33:31.880+0000] {processor.py:208} INFO - Processing /workspaces/f1_data_team/venv/lib/python3.12/site-packages/airflow/example_dags/tutorial.py took 0.058 seconds
[2026-01-04T12:34:29.438+0000] {processor.py:186} INFO - Started process (PID=31090) to work on /workspaces/f1_data_team/venv/lib/python3.12/site-packages/airflow/example_dags/tutorial.py
[2026-01-04T12:34:29.439+0000] {processor.py:914} INFO - Processing file /workspaces/f1_data_team/venv/lib/python3.12/site-packages/airflow/example_dags/tutorial.py for tasks to queue
[2026-01-04T12:34:29.441+0000] {logging_mixin.py:190} INFO - [2026-01-04T12:34:29.441+0000] {dagbag.py:588} INFO - Filling up the DagBag from /workspaces/f1_data_team/venv/lib/python3.12/site-packages/airflow/example_dags/tutorial.py
[2026-01-04T12:34:29.448+0000] {processor.py:925} INFO - DAG(s) 'tutorial' retrieved from /workspaces/f1_data_team/venv/lib/python3.12/site-packages/airflow/example_dags/tutorial.py
[2026-01-04T12:34:29.460+0000] {logging_mixin.py:190} INFO - [2026-01-04T12:34:29.460+0000] {dag.py:3239} INFO - Sync 1 DAGs
[2026-01-04T12:34:29.476+0000] {logging_mixin.py:190} INFO - [2026-01-04T12:34:29.475+0000] {dag.py:4180} INFO - Setting next_dagrun for tutorial to 2026-01-03 00:00:00+00:00, run_after=2026-01-04 00:00:00+00:00
[2026-01-04T12:34:29.490+0000] {processor.py:208} INFO - Processing /workspaces/f1_data_team/venv/lib/python3.12/site-packages/airflow/example_dags/tutorial.py took 0.056 seconds
[2026-01-04T12:35:18.121+0000] {processor.py:186} INFO - Started process (PID=31563) to work on /workspaces/f1_data_team/venv/lib/python3.12/site-packages/airflow/example_dags/tutorial.py
[2026-01-04T12:35:18.122+0000] {processor.py:914} INFO - Processing file /workspaces/f1_data_team/venv/lib/python3.12/site-packages/airflow/example_dags/tutorial.py for tasks to queue
[2026-01-04T12:35:18.126+0000] {logging_mixin.py:190} INFO - [2026-01-04T12:35:18.125+0000] {dagbag.py:588} INFO - Filling up the DagBag from /workspaces/f1_data_team/venv/lib/python3.12/site-packages/airflow/example_dags/tutorial.py
[2026-01-04T12:35:18.133+0000] {processor.py:925} INFO - DAG(s) 'tutorial' retrieved from /workspaces/f1_data_team/venv/lib/python3.12/site-packages/airflow/example_dags/tutorial.py
[2026-01-04T12:35:18.146+0000] {logging_mixin.py:190} INFO - [2026-01-04T12:35:18.146+0000] {dag.py:3239} INFO - Sync 1 DAGs
[2026-01-04T12:35:18.160+0000] {logging_mixin.py:190} INFO - [2026-01-04T12:35:18.160+0000] {dag.py:4180} INFO - Setting next_dagrun for tutorial to 2026-01-03 00:00:00+00:00, run_after=2026-01-04 00:00:00+00:00
[2026-01-04T12:35:18.174+0000] {processor.py:208} INFO - Processing /workspaces/f1_data_team/venv/lib/python3.12/site-packages/airflow/example_dags/tutorial.py took 0.060 seconds
[2026-01-04T12:36:10.872+0000] {processor.py:186} INFO - Started process (PID=32184) to work on /workspaces/f1_data_team/venv/lib/python3.12/site-packages/airflow/example_dags/tutorial.py
[2026-01-04T12:36:10.873+0000] {processor.py:914} INFO - Processing file /workspaces/f1_data_team/venv/lib/python3.12/site-packages/airflow/example_dags/tutorial.py for tasks to queue
[2026-01-04T12:36:10.875+0000] {logging_mixin.py:190} INFO - [2026-01-04T12:36:10.875+0000] {dagbag.py:588} INFO - Filling up the DagBag from /workspaces/f1_data_team/venv/lib/python3.12/site-packages/airflow/example_dags/tutorial.py
[2026-01-04T12:36:10.882+0000] {processor.py:925} INFO - DAG(s) 'tutorial' retrieved from /workspaces/f1_data_team/venv/lib/python3.12/site-packages/airflow/example_dags/tutorial.py
[2026-01-04T12:36:10.893+0000] {logging_mixin.py:190} INFO - [2026-01-04T12:36:10.893+0000] {dag.py:3239} INFO - Sync 1 DAGs
[2026-01-04T12:36:10.908+0000] {logging_mixin.py:190} INFO - [2026-01-04T12:36:10.908+0000] {dag.py:4180} INFO - Setting next_dagrun for tutorial to 2026-01-03 00:00:00+00:00, run_after=2026-01-04 00:00:00+00:00
[2026-01-04T12:36:10.923+0000] {processor.py:208} INFO - Processing /workspaces/f1_data_team/venv/lib/python3.12/site-packages/airflow/example_dags/tutorial.py took 0.055 seconds
[2026-01-04T12:37:02.269+0000] {processor.py:186} INFO - Started process (PID=32649) to work on /workspaces/f1_data_team/venv/lib/python3.12/site-packages/airflow/example_dags/tutorial.py
[2026-01-04T12:37:02.269+0000] {processor.py:914} INFO - Processing file /workspaces/f1_data_team/venv/lib/python3.12/site-packages/airflow/example_dags/tutorial.py for tasks to queue
[2026-01-04T12:37:02.272+0000] {logging_mixin.py:190} INFO - [2026-01-04T12:37:02.271+0000] {dagbag.py:588} INFO - Filling up the DagBag from /workspaces/f1_data_team/venv/lib/python3.12/site-packages/airflow/example_dags/tutorial.py
[2026-01-04T12:37:02.278+0000] {processor.py:925} INFO - DAG(s) 'tutorial' retrieved from /workspaces/f1_data_team/venv/lib/python3.12/site-packages/airflow/example_dags/tutorial.py
[2026-01-04T12:37:02.290+0000] {logging_mixin.py:190} INFO - [2026-01-04T12:37:02.290+0000] {dag.py:3239} INFO - Sync 1 DAGs
[2026-01-04T12:37:02.305+0000] {logging_mixin.py:190} INFO - [2026-01-04T12:37:02.305+0000] {dag.py:4180} INFO - Setting next_dagrun for tutorial to 2026-01-03 00:00:00+00:00, run_after=2026-01-04 00:00:00+00:00
[2026-01-04T12:37:02.319+0000] {processor.py:208} INFO - Processing /workspaces/f1_data_team/venv/lib/python3.12/site-packages/airflow/example_dags/tutorial.py took 0.055 seconds
[2026-01-04T12:37:56.166+0000] {processor.py:186} INFO - Started process (PID=33576) to work on /workspaces/f1_data_team/venv/lib/python3.12/site-packages/airflow/example_dags/tutorial.py
[2026-01-04T12:37:56.166+0000] {processor.py:914} INFO - Processing file /workspaces/f1_data_team/venv/lib/python3.12/site-packages/airflow/example_dags/tutorial.py for tasks to queue
[2026-01-04T12:37:56.168+0000] {logging_mixin.py:190} INFO - [2026-01-04T12:37:56.168+0000] {dagbag.py:588} INFO - Filling up the DagBag from /workspaces/f1_data_team/venv/lib/python3.12/site-packages/airflow/example_dags/tutorial.py
[2026-01-04T12:37:56.175+0000] {processor.py:925} INFO - DAG(s) 'tutorial' retrieved from /workspaces/f1_data_team/venv/lib/python3.12/site-packages/airflow/example_dags/tutorial.py
[2026-01-04T12:37:56.187+0000] {logging_mixin.py:190} INFO - [2026-01-04T12:37:56.187+0000] {dag.py:3239} INFO - Sync 1 DAGs
[2026-01-04T12:37:56.201+0000] {logging_mixin.py:190} INFO - [2026-01-04T12:37:56.201+0000] {dag.py:4180} INFO - Setting next_dagrun for tutorial to 2026-01-03 00:00:00+00:00, run_after=2026-01-04 00:00:00+00:00
[2026-01-04T12:37:56.216+0000] {processor.py:208} INFO - Processing /workspaces/f1_data_team/venv/lib/python3.12/site-packages/airflow/example_dags/tutorial.py took 0.055 seconds
[2026-01-04T12:38:47.936+0000] {processor.py:186} INFO - Started process (PID=34036) to work on /workspaces/f1_data_team/venv/lib/python3.12/site-packages/airflow/example_dags/tutorial.py
[2026-01-04T12:38:47.936+0000] {processor.py:914} INFO - Processing file /workspaces/f1_data_team/venv/lib/python3.12/site-packages/airflow/example_dags/tutorial.py for tasks to queue
[2026-01-04T12:38:47.938+0000] {logging_mixin.py:190} INFO - [2026-01-04T12:38:47.938+0000] {dagbag.py:588} INFO - Filling up the DagBag from /workspaces/f1_data_team/venv/lib/python3.12/site-packages/airflow/example_dags/tutorial.py
[2026-01-04T12:38:47.946+0000] {processor.py:925} INFO - DAG(s) 'tutorial' retrieved from /workspaces/f1_data_team/venv/lib/python3.12/site-packages/airflow/example_dags/tutorial.py
[2026-01-04T12:38:47.958+0000] {logging_mixin.py:190} INFO - [2026-01-04T12:38:47.957+0000] {dag.py:3239} INFO - Sync 1 DAGs
[2026-01-04T12:38:47.973+0000] {logging_mixin.py:190} INFO - [2026-01-04T12:38:47.973+0000] {dag.py:4180} INFO - Setting next_dagrun for tutorial to 2026-01-03 00:00:00+00:00, run_after=2026-01-04 00:00:00+00:00
[2026-01-04T12:38:47.987+0000] {processor.py:208} INFO - Processing /workspaces/f1_data_team/venv/lib/python3.12/site-packages/airflow/example_dags/tutorial.py took 0.056 seconds
[2026-01-04T12:39:42.440+0000] {processor.py:186} INFO - Started process (PID=34564) to work on /workspaces/f1_data_team/venv/lib/python3.12/site-packages/airflow/example_dags/tutorial.py
[2026-01-04T12:39:42.441+0000] {processor.py:914} INFO - Processing file /workspaces/f1_data_team/venv/lib/python3.12/site-packages/airflow/example_dags/tutorial.py for tasks to queue
[2026-01-04T12:39:42.443+0000] {logging_mixin.py:190} INFO - [2026-01-04T12:39:42.443+0000] {dagbag.py:588} INFO - Filling up the DagBag from /workspaces/f1_data_team/venv/lib/python3.12/site-packages/airflow/example_dags/tutorial.py
[2026-01-04T12:39:42.450+0000] {processor.py:925} INFO - DAG(s) 'tutorial' retrieved from /workspaces/f1_data_team/venv/lib/python3.12/site-packages/airflow/example_dags/tutorial.py
[2026-01-04T12:39:42.462+0000] {logging_mixin.py:190} INFO - [2026-01-04T12:39:42.462+0000] {dag.py:3239} INFO - Sync 1 DAGs
[2026-01-04T12:39:42.477+0000] {logging_mixin.py:190} INFO - [2026-01-04T12:39:42.477+0000] {dag.py:4180} INFO - Setting next_dagrun for tutorial to 2026-01-03 00:00:00+00:00, run_after=2026-01-04 00:00:00+00:00
[2026-01-04T12:39:42.492+0000] {processor.py:208} INFO - Processing /workspaces/f1_data_team/venv/lib/python3.12/site-packages/airflow/example_dags/tutorial.py took 0.056 seconds
[2026-01-04T12:40:36.287+0000] {processor.py:186} INFO - Started process (PID=35096) to work on /workspaces/f1_data_team/venv/lib/python3.12/site-packages/airflow/example_dags/tutorial.py
[2026-01-04T12:40:36.287+0000] {processor.py:914} INFO - Processing file /workspaces/f1_data_team/venv/lib/python3.12/site-packages/airflow/example_dags/tutorial.py for tasks to queue
[2026-01-04T12:40:36.289+0000] {logging_mixin.py:190} INFO - [2026-01-04T12:40:36.289+0000] {dagbag.py:588} INFO - Filling up the DagBag from /workspaces/f1_data_team/venv/lib/python3.12/site-packages/airflow/example_dags/tutorial.py
[2026-01-04T12:40:36.296+0000] {processor.py:925} INFO - DAG(s) 'tutorial' retrieved from /workspaces/f1_data_team/venv/lib/python3.12/site-packages/airflow/example_dags/tutorial.py
[2026-01-04T12:40:36.309+0000] {logging_mixin.py:190} INFO - [2026-01-04T12:40:36.308+0000] {dag.py:3239} INFO - Sync 1 DAGs
[2026-01-04T12:40:36.323+0000] {logging_mixin.py:190} INFO - [2026-01-04T12:40:36.323+0000] {dag.py:4180} INFO - Setting next_dagrun for tutorial to 2026-01-03 00:00:00+00:00, run_after=2026-01-04 00:00:00+00:00
[2026-01-04T12:40:36.341+0000] {processor.py:208} INFO - Processing /workspaces/f1_data_team/venv/lib/python3.12/site-packages/airflow/example_dags/tutorial.py took 0.059 seconds
[2026-01-04T12:41:30.260+0000] {processor.py:186} INFO - Started process (PID=35843) to work on /workspaces/f1_data_team/venv/lib/python3.12/site-packages/airflow/example_dags/tutorial.py
[2026-01-04T12:41:30.261+0000] {processor.py:914} INFO - Processing file /workspaces/f1_data_team/venv/lib/python3.12/site-packages/airflow/example_dags/tutorial.py for tasks to queue
[2026-01-04T12:41:30.263+0000] {logging_mixin.py:190} INFO - [2026-01-04T12:41:30.263+0000] {dagbag.py:588} INFO - Filling up the DagBag from /workspaces/f1_data_team/venv/lib/python3.12/site-packages/airflow/example_dags/tutorial.py
[2026-01-04T12:41:30.270+0000] {processor.py:925} INFO - DAG(s) 'tutorial' retrieved from /workspaces/f1_data_team/venv/lib/python3.12/site-packages/airflow/example_dags/tutorial.py
[2026-01-04T12:41:30.286+0000] {logging_mixin.py:190} INFO - [2026-01-04T12:41:30.286+0000] {dag.py:3239} INFO - Sync 1 DAGs
[2026-01-04T12:41:30.301+0000] {logging_mixin.py:190} INFO - [2026-01-04T12:41:30.301+0000] {dag.py:4180} INFO - Setting next_dagrun for tutorial to 2026-01-03 00:00:00+00:00, run_after=2026-01-04 00:00:00+00:00
[2026-01-04T12:41:30.315+0000] {processor.py:208} INFO - Processing /workspaces/f1_data_team/venv/lib/python3.12/site-packages/airflow/example_dags/tutorial.py took 0.060 seconds
[2026-01-04T12:42:34.555+0000] {processor.py:186} INFO - Started process (PID=36923) to work on /workspaces/f1_data_team/venv/lib/python3.12/site-packages/airflow/example_dags/tutorial.py
[2026-01-04T12:42:34.556+0000] {processor.py:914} INFO - Processing file /workspaces/f1_data_team/venv/lib/python3.12/site-packages/airflow/example_dags/tutorial.py for tasks to queue
[2026-01-04T12:42:34.559+0000] {logging_mixin.py:190} INFO - [2026-01-04T12:42:34.559+0000] {dagbag.py:588} INFO - Filling up the DagBag from /workspaces/f1_data_team/venv/lib/python3.12/site-packages/airflow/example_dags/tutorial.py
[2026-01-04T12:42:34.570+0000] {processor.py:925} INFO - DAG(s) 'tutorial' retrieved from /workspaces/f1_data_team/venv/lib/python3.12/site-packages/airflow/example_dags/tutorial.py
[2026-01-04T12:42:34.582+0000] {logging_mixin.py:190} INFO - [2026-01-04T12:42:34.582+0000] {dag.py:3239} INFO - Sync 1 DAGs
[2026-01-04T12:42:34.597+0000] {logging_mixin.py:190} INFO - [2026-01-04T12:42:34.597+0000] {dag.py:4180} INFO - Setting next_dagrun for tutorial to 2026-01-03 00:00:00+00:00, run_after=2026-01-04 00:00:00+00:00
[2026-01-04T12:42:34.613+0000] {processor.py:208} INFO - Processing /workspaces/f1_data_team/venv/lib/python3.12/site-packages/airflow/example_dags/tutorial.py took 0.064 seconds
[2026-01-04T12:43:31.210+0000] {processor.py:186} INFO - Started process (PID=37596) to work on /workspaces/f1_data_team/venv/lib/python3.12/site-packages/airflow/example_dags/tutorial.py
[2026-01-04T12:43:31.211+0000] {processor.py:914} INFO - Processing file /workspaces/f1_data_team/venv/lib/python3.12/site-packages/airflow/example_dags/tutorial.py for tasks to queue
[2026-01-04T12:43:31.214+0000] {logging_mixin.py:190} INFO - [2026-01-04T12:43:31.213+0000] {dagbag.py:588} INFO - Filling up the DagBag from /workspaces/f1_data_team/venv/lib/python3.12/site-packages/airflow/example_dags/tutorial.py
[2026-01-04T12:43:31.223+0000] {processor.py:925} INFO - DAG(s) 'tutorial' retrieved from /workspaces/f1_data_team/venv/lib/python3.12/site-packages/airflow/example_dags/tutorial.py
[2026-01-04T12:43:31.236+0000] {logging_mixin.py:190} INFO - [2026-01-04T12:43:31.236+0000] {dag.py:3239} INFO - Sync 1 DAGs
[2026-01-04T12:43:31.251+0000] {logging_mixin.py:190} INFO - [2026-01-04T12:43:31.251+0000] {dag.py:4180} INFO - Setting next_dagrun for tutorial to 2026-01-03 00:00:00+00:00, run_after=2026-01-04 00:00:00+00:00
[2026-01-04T12:43:31.266+0000] {processor.py:208} INFO - Processing /workspaces/f1_data_team/venv/lib/python3.12/site-packages/airflow/example_dags/tutorial.py took 0.061 seconds
[2026-01-04T12:44:22.987+0000] {processor.py:186} INFO - Started process (PID=38192) to work on /workspaces/f1_data_team/venv/lib/python3.12/site-packages/airflow/example_dags/tutorial.py
[2026-01-04T12:44:22.988+0000] {processor.py:914} INFO - Processing file /workspaces/f1_data_team/venv/lib/python3.12/site-packages/airflow/example_dags/tutorial.py for tasks to queue
[2026-01-04T12:44:22.990+0000] {logging_mixin.py:190} INFO - [2026-01-04T12:44:22.989+0000] {dagbag.py:588} INFO - Filling up the DagBag from /workspaces/f1_data_team/venv/lib/python3.12/site-packages/airflow/example_dags/tutorial.py
[2026-01-04T12:44:22.996+0000] {processor.py:925} INFO - DAG(s) 'tutorial' retrieved from /workspaces/f1_data_team/venv/lib/python3.12/site-packages/airflow/example_dags/tutorial.py
[2026-01-04T12:44:23.008+0000] {logging_mixin.py:190} INFO - [2026-01-04T12:44:23.008+0000] {dag.py:3239} INFO - Sync 1 DAGs
[2026-01-04T12:44:23.023+0000] {logging_mixin.py:190} INFO - [2026-01-04T12:44:23.023+0000] {dag.py:4180} INFO - Setting next_dagrun for tutorial to 2026-01-03 00:00:00+00:00, run_after=2026-01-04 00:00:00+00:00
[2026-01-04T12:44:23.038+0000] {processor.py:208} INFO - Processing /workspaces/f1_data_team/venv/lib/python3.12/site-packages/airflow/example_dags/tutorial.py took 0.056 seconds
[2026-01-04T12:45:20.950+0000] {processor.py:186} INFO - Started process (PID=39271) to work on /workspaces/f1_data_team/venv/lib/python3.12/site-packages/airflow/example_dags/tutorial.py
[2026-01-04T12:45:20.951+0000] {processor.py:914} INFO - Processing file /workspaces/f1_data_team/venv/lib/python3.12/site-packages/airflow/example_dags/tutorial.py for tasks to queue
[2026-01-04T12:45:20.953+0000] {logging_mixin.py:190} INFO - [2026-01-04T12:45:20.953+0000] {dagbag.py:588} INFO - Filling up the DagBag from /workspaces/f1_data_team/venv/lib/python3.12/site-packages/airflow/example_dags/tutorial.py
[2026-01-04T12:45:20.959+0000] {processor.py:925} INFO - DAG(s) 'tutorial' retrieved from /workspaces/f1_data_team/venv/lib/python3.12/site-packages/airflow/example_dags/tutorial.py
[2026-01-04T12:45:20.971+0000] {logging_mixin.py:190} INFO - [2026-01-04T12:45:20.971+0000] {dag.py:3239} INFO - Sync 1 DAGs
[2026-01-04T12:45:20.986+0000] {logging_mixin.py:190} INFO - [2026-01-04T12:45:20.986+0000] {dag.py:4180} INFO - Setting next_dagrun for tutorial to 2026-01-03 00:00:00+00:00, run_after=2026-01-04 00:00:00+00:00
[2026-01-04T12:45:21.001+0000] {processor.py:208} INFO - Processing /workspaces/f1_data_team/venv/lib/python3.12/site-packages/airflow/example_dags/tutorial.py took 0.055 seconds
[2026-01-04T12:46:16.414+0000] {processor.py:186} INFO - Started process (PID=39811) to work on /workspaces/f1_data_team/venv/lib/python3.12/site-packages/airflow/example_dags/tutorial.py
[2026-01-04T12:46:16.415+0000] {processor.py:914} INFO - Processing file /workspaces/f1_data_team/venv/lib/python3.12/site-packages/airflow/example_dags/tutorial.py for tasks to queue
[2026-01-04T12:46:16.417+0000] {logging_mixin.py:190} INFO - [2026-01-04T12:46:16.416+0000] {dagbag.py:588} INFO - Filling up the DagBag from /workspaces/f1_data_team/venv/lib/python3.12/site-packages/airflow/example_dags/tutorial.py
[2026-01-04T12:46:16.424+0000] {processor.py:925} INFO - DAG(s) 'tutorial' retrieved from /workspaces/f1_data_team/venv/lib/python3.12/site-packages/airflow/example_dags/tutorial.py
[2026-01-04T12:46:16.436+0000] {logging_mixin.py:190} INFO - [2026-01-04T12:46:16.435+0000] {dag.py:3239} INFO - Sync 1 DAGs
[2026-01-04T12:46:16.451+0000] {logging_mixin.py:190} INFO - [2026-01-04T12:46:16.451+0000] {dag.py:4180} INFO - Setting next_dagrun for tutorial to 2026-01-03 00:00:00+00:00, run_after=2026-01-04 00:00:00+00:00
[2026-01-04T12:46:16.466+0000] {processor.py:208} INFO - Processing /workspaces/f1_data_team/venv/lib/python3.12/site-packages/airflow/example_dags/tutorial.py took 0.057 seconds
[2026-01-04T12:47:07.918+0000] {processor.py:186} INFO - Started process (PID=40323) to work on /workspaces/f1_data_team/venv/lib/python3.12/site-packages/airflow/example_dags/tutorial.py
[2026-01-04T12:47:07.919+0000] {processor.py:914} INFO - Processing file /workspaces/f1_data_team/venv/lib/python3.12/site-packages/airflow/example_dags/tutorial.py for tasks to queue
[2026-01-04T12:47:07.921+0000] {logging_mixin.py:190} INFO - [2026-01-04T12:47:07.921+0000] {dagbag.py:588} INFO - Filling up the DagBag from /workspaces/f1_data_team/venv/lib/python3.12/site-packages/airflow/example_dags/tutorial.py
[2026-01-04T12:47:07.928+0000] {processor.py:925} INFO - DAG(s) 'tutorial' retrieved from /workspaces/f1_data_team/venv/lib/python3.12/site-packages/airflow/example_dags/tutorial.py
[2026-01-04T12:47:07.942+0000] {logging_mixin.py:190} INFO - [2026-01-04T12:47:07.942+0000] {dag.py:3239} INFO - Sync 1 DAGs
[2026-01-04T12:47:07.957+0000] {logging_mixin.py:190} INFO - [2026-01-04T12:47:07.957+0000] {dag.py:4180} INFO - Setting next_dagrun for tutorial to 2026-01-03 00:00:00+00:00, run_after=2026-01-04 00:00:00+00:00
[2026-01-04T12:47:07.971+0000] {processor.py:208} INFO - Processing /workspaces/f1_data_team/venv/lib/python3.12/site-packages/airflow/example_dags/tutorial.py took 0.058 seconds
[2026-01-04T12:47:58.692+0000] {processor.py:186} INFO - Started process (PID=40839) to work on /workspaces/f1_data_team/venv/lib/python3.12/site-packages/airflow/example_dags/tutorial.py
[2026-01-04T12:47:58.693+0000] {processor.py:914} INFO - Processing file /workspaces/f1_data_team/venv/lib/python3.12/site-packages/airflow/example_dags/tutorial.py for tasks to queue
[2026-01-04T12:47:58.695+0000] {logging_mixin.py:190} INFO - [2026-01-04T12:47:58.694+0000] {dagbag.py:588} INFO - Filling up the DagBag from /workspaces/f1_data_team/venv/lib/python3.12/site-packages/airflow/example_dags/tutorial.py
[2026-01-04T12:47:58.701+0000] {processor.py:925} INFO - DAG(s) 'tutorial' retrieved from /workspaces/f1_data_team/venv/lib/python3.12/site-packages/airflow/example_dags/tutorial.py
[2026-01-04T12:47:58.714+0000] {logging_mixin.py:190} INFO - [2026-01-04T12:47:58.714+0000] {dag.py:3239} INFO - Sync 1 DAGs
[2026-01-04T12:47:58.729+0000] {logging_mixin.py:190} INFO - [2026-01-04T12:47:58.729+0000] {dag.py:4180} INFO - Setting next_dagrun for tutorial to 2026-01-03 00:00:00+00:00, run_after=2026-01-04 00:00:00+00:00
[2026-01-04T12:47:58.742+0000] {processor.py:208} INFO - Processing /workspaces/f1_data_team/venv/lib/python3.12/site-packages/airflow/example_dags/tutorial.py took 0.055 seconds
[2026-01-04T12:48:46.357+0000] {processor.py:186} INFO - Started process (PID=41661) to work on /workspaces/f1_data_team/venv/lib/python3.12/site-packages/airflow/example_dags/tutorial.py
[2026-01-04T12:48:46.358+0000] {processor.py:914} INFO - Processing file /workspaces/f1_data_team/venv/lib/python3.12/site-packages/airflow/example_dags/tutorial.py for tasks to queue
[2026-01-04T12:48:46.360+0000] {logging_mixin.py:190} INFO - [2026-01-04T12:48:46.360+0000] {dagbag.py:588} INFO - Filling up the DagBag from /workspaces/f1_data_team/venv/lib/python3.12/site-packages/airflow/example_dags/tutorial.py
[2026-01-04T12:48:46.367+0000] {processor.py:925} INFO - DAG(s) 'tutorial' retrieved from /workspaces/f1_data_team/venv/lib/python3.12/site-packages/airflow/example_dags/tutorial.py
[2026-01-04T12:48:46.383+0000] {logging_mixin.py:190} INFO - [2026-01-04T12:48:46.383+0000] {dag.py:3239} INFO - Sync 1 DAGs
[2026-01-04T12:48:46.398+0000] {logging_mixin.py:190} INFO - [2026-01-04T12:48:46.398+0000] {dag.py:4180} INFO - Setting next_dagrun for tutorial to 2026-01-03 00:00:00+00:00, run_after=2026-01-04 00:00:00+00:00
[2026-01-04T12:48:46.415+0000] {processor.py:208} INFO - Processing /workspaces/f1_data_team/venv/lib/python3.12/site-packages/airflow/example_dags/tutorial.py took 0.062 seconds
[2026-01-04T12:49:46.750+0000] {processor.py:186} INFO - Started process (PID=42507) to work on /workspaces/f1_data_team/venv/lib/python3.12/site-packages/airflow/example_dags/tutorial.py
[2026-01-04T12:49:46.751+0000] {processor.py:914} INFO - Processing file /workspaces/f1_data_team/venv/lib/python3.12/site-packages/airflow/example_dags/tutorial.py for tasks to queue
[2026-01-04T12:49:46.753+0000] {logging_mixin.py:190} INFO - [2026-01-04T12:49:46.753+0000] {dagbag.py:588} INFO - Filling up the DagBag from /workspaces/f1_data_team/venv/lib/python3.12/site-packages/airflow/example_dags/tutorial.py
[2026-01-04T12:49:46.759+0000] {processor.py:925} INFO - DAG(s) 'tutorial' retrieved from /workspaces/f1_data_team/venv/lib/python3.12/site-packages/airflow/example_dags/tutorial.py
[2026-01-04T12:49:46.772+0000] {logging_mixin.py:190} INFO - [2026-01-04T12:49:46.771+0000] {dag.py:3239} INFO - Sync 1 DAGs
[2026-01-04T12:49:46.786+0000] {logging_mixin.py:190} INFO - [2026-01-04T12:49:46.786+0000] {dag.py:4180} INFO - Setting next_dagrun for tutorial to 2026-01-03 00:00:00+00:00, run_after=2026-01-04 00:00:00+00:00
[2026-01-04T12:49:46.801+0000] {processor.py:208} INFO - Processing /workspaces/f1_data_team/venv/lib/python3.12/site-packages/airflow/example_dags/tutorial.py took 0.056 seconds
[2026-01-04T12:50:40.641+0000] {processor.py:186} INFO - Started process (PID=43030) to work on /workspaces/f1_data_team/venv/lib/python3.12/site-packages/airflow/example_dags/tutorial.py
[2026-01-04T12:50:40.641+0000] {processor.py:914} INFO - Processing file /workspaces/f1_data_team/venv/lib/python3.12/site-packages/airflow/example_dags/tutorial.py for tasks to queue
[2026-01-04T12:50:40.643+0000] {logging_mixin.py:190} INFO - [2026-01-04T12:50:40.643+0000] {dagbag.py:588} INFO - Filling up the DagBag from /workspaces/f1_data_team/venv/lib/python3.12/site-packages/airflow/example_dags/tutorial.py
[2026-01-04T12:50:40.650+0000] {processor.py:925} INFO - DAG(s) 'tutorial' retrieved from /workspaces/f1_data_team/venv/lib/python3.12/site-packages/airflow/example_dags/tutorial.py
[2026-01-04T12:50:40.661+0000] {logging_mixin.py:190} INFO - [2026-01-04T12:50:40.661+0000] {dag.py:3239} INFO - Sync 1 DAGs
[2026-01-04T12:50:40.677+0000] {logging_mixin.py:190} INFO - [2026-01-04T12:50:40.676+0000] {dag.py:4180} INFO - Setting next_dagrun for tutorial to 2026-01-03 00:00:00+00:00, run_after=2026-01-04 00:00:00+00:00
[2026-01-04T12:50:40.691+0000] {processor.py:208} INFO - Processing /workspaces/f1_data_team/venv/lib/python3.12/site-packages/airflow/example_dags/tutorial.py took 0.055 seconds
[2026-01-04T12:51:18.610+0000] {processor.py:186} INFO - Started process (PID=43665) to work on /workspaces/f1_data_team/venv/lib/python3.12/site-packages/airflow/example_dags/tutorial.py
[2026-01-04T12:51:18.611+0000] {processor.py:914} INFO - Processing file /workspaces/f1_data_team/venv/lib/python3.12/site-packages/airflow/example_dags/tutorial.py for tasks to queue
[2026-01-04T12:51:18.613+0000] {logging_mixin.py:190} INFO - [2026-01-04T12:51:18.613+0000] {dagbag.py:588} INFO - Filling up the DagBag from /workspaces/f1_data_team/venv/lib/python3.12/site-packages/airflow/example_dags/tutorial.py
[2026-01-04T12:51:18.620+0000] {processor.py:925} INFO - DAG(s) 'tutorial' retrieved from /workspaces/f1_data_team/venv/lib/python3.12/site-packages/airflow/example_dags/tutorial.py
[2026-01-04T12:51:18.637+0000] {logging_mixin.py:190} INFO - [2026-01-04T12:51:18.637+0000] {dag.py:3239} INFO - Sync 1 DAGs
[2026-01-04T12:51:18.660+0000] {logging_mixin.py:190} INFO - [2026-01-04T12:51:18.660+0000] {dag.py:4180} INFO - Setting next_dagrun for tutorial to 2026-01-03 00:00:00+00:00, run_after=2026-01-04 00:00:00+00:00
[2026-01-04T12:51:18.680+0000] {processor.py:208} INFO - Processing /workspaces/f1_data_team/venv/lib/python3.12/site-packages/airflow/example_dags/tutorial.py took 0.074 seconds
[2026-01-04T12:52:22.210+0000] {processor.py:186} INFO - Started process (PID=44862) to work on /workspaces/f1_data_team/venv/lib/python3.12/site-packages/airflow/example_dags/tutorial.py
[2026-01-04T12:52:22.211+0000] {processor.py:914} INFO - Processing file /workspaces/f1_data_team/venv/lib/python3.12/site-packages/airflow/example_dags/tutorial.py for tasks to queue
[2026-01-04T12:52:22.213+0000] {logging_mixin.py:190} INFO - [2026-01-04T12:52:22.213+0000] {dagbag.py:588} INFO - Filling up the DagBag from /workspaces/f1_data_team/venv/lib/python3.12/site-packages/airflow/example_dags/tutorial.py
[2026-01-04T12:52:22.220+0000] {processor.py:925} INFO - DAG(s) 'tutorial' retrieved from /workspaces/f1_data_team/venv/lib/python3.12/site-packages/airflow/example_dags/tutorial.py
[2026-01-04T12:52:22.232+0000] {logging_mixin.py:190} INFO - [2026-01-04T12:52:22.232+0000] {dag.py:3239} INFO - Sync 1 DAGs
[2026-01-04T12:52:22.246+0000] {logging_mixin.py:190} INFO - [2026-01-04T12:52:22.246+0000] {dag.py:4180} INFO - Setting next_dagrun for tutorial to 2026-01-03 00:00:00+00:00, run_after=2026-01-04 00:00:00+00:00
[2026-01-04T12:52:22.261+0000] {processor.py:208} INFO - Processing /workspaces/f1_data_team/venv/lib/python3.12/site-packages/airflow/example_dags/tutorial.py took 0.055 seconds
[2026-01-04T12:53:18.993+0000] {processor.py:186} INFO - Started process (PID=45660) to work on /workspaces/f1_data_team/venv/lib/python3.12/site-packages/airflow/example_dags/tutorial.py
[2026-01-04T12:53:18.993+0000] {processor.py:914} INFO - Processing file /workspaces/f1_data_team/venv/lib/python3.12/site-packages/airflow/example_dags/tutorial.py for tasks to queue
[2026-01-04T12:53:18.995+0000] {logging_mixin.py:190} INFO - [2026-01-04T12:53:18.995+0000] {dagbag.py:588} INFO - Filling up the DagBag from /workspaces/f1_data_team/venv/lib/python3.12/site-packages/airflow/example_dags/tutorial.py
[2026-01-04T12:53:19.002+0000] {processor.py:925} INFO - DAG(s) 'tutorial' retrieved from /workspaces/f1_data_team/venv/lib/python3.12/site-packages/airflow/example_dags/tutorial.py
[2026-01-04T12:53:19.014+0000] {logging_mixin.py:190} INFO - [2026-01-04T12:53:19.014+0000] {dag.py:3239} INFO - Sync 1 DAGs
[2026-01-04T12:53:19.029+0000] {logging_mixin.py:190} INFO - [2026-01-04T12:53:19.029+0000] {dag.py:4180} INFO - Setting next_dagrun for tutorial to 2026-01-03 00:00:00+00:00, run_after=2026-01-04 00:00:00+00:00
[2026-01-04T12:53:19.044+0000] {processor.py:208} INFO - Processing /workspaces/f1_data_team/venv/lib/python3.12/site-packages/airflow/example_dags/tutorial.py took 0.056 seconds
[2026-01-04T12:54:13.137+0000] {processor.py:186} INFO - Started process (PID=46357) to work on /workspaces/f1_data_team/venv/lib/python3.12/site-packages/airflow/example_dags/tutorial.py
[2026-01-04T12:54:13.138+0000] {processor.py:914} INFO - Processing file /workspaces/f1_data_team/venv/lib/python3.12/site-packages/airflow/example_dags/tutorial.py for tasks to queue
[2026-01-04T12:54:13.141+0000] {logging_mixin.py:190} INFO - [2026-01-04T12:54:13.141+0000] {dagbag.py:588} INFO - Filling up the DagBag from /workspaces/f1_data_team/venv/lib/python3.12/site-packages/airflow/example_dags/tutorial.py
[2026-01-04T12:54:13.152+0000] {processor.py:925} INFO - DAG(s) 'tutorial' retrieved from /workspaces/f1_data_team/venv/lib/python3.12/site-packages/airflow/example_dags/tutorial.py
[2026-01-04T12:54:13.175+0000] {logging_mixin.py:190} INFO - [2026-01-04T12:54:13.174+0000] {dag.py:3239} INFO - Sync 1 DAGs
[2026-01-04T12:54:13.203+0000] {logging_mixin.py:190} INFO - [2026-01-04T12:54:13.203+0000] {dag.py:4180} INFO - Setting next_dagrun for tutorial to 2026-01-03 00:00:00+00:00, run_after=2026-01-04 00:00:00+00:00
[2026-01-04T12:54:13.223+0000] {processor.py:208} INFO - Processing /workspaces/f1_data_team/venv/lib/python3.12/site-packages/airflow/example_dags/tutorial.py took 0.092 seconds
[2026-01-04T12:55:19.149+0000] {processor.py:186} INFO - Started process (PID=47602) to work on /workspaces/f1_data_team/venv/lib/python3.12/site-packages/airflow/example_dags/tutorial.py
[2026-01-04T12:55:19.149+0000] {processor.py:914} INFO - Processing file /workspaces/f1_data_team/venv/lib/python3.12/site-packages/airflow/example_dags/tutorial.py for tasks to queue
[2026-01-04T12:55:19.152+0000] {logging_mixin.py:190} INFO - [2026-01-04T12:55:19.151+0000] {dagbag.py:588} INFO - Filling up the DagBag from /workspaces/f1_data_team/venv/lib/python3.12/site-packages/airflow/example_dags/tutorial.py
[2026-01-04T12:55:19.158+0000] {processor.py:925} INFO - DAG(s) 'tutorial' retrieved from /workspaces/f1_data_team/venv/lib/python3.12/site-packages/airflow/example_dags/tutorial.py
[2026-01-04T12:55:19.170+0000] {logging_mixin.py:190} INFO - [2026-01-04T12:55:19.170+0000] {dag.py:3239} INFO - Sync 1 DAGs
[2026-01-04T12:55:19.185+0000] {logging_mixin.py:190} INFO - [2026-01-04T12:55:19.185+0000] {dag.py:4180} INFO - Setting next_dagrun for tutorial to 2026-01-03 00:00:00+00:00, run_after=2026-01-04 00:00:00+00:00
[2026-01-04T12:55:19.200+0000] {processor.py:208} INFO - Processing /workspaces/f1_data_team/venv/lib/python3.12/site-packages/airflow/example_dags/tutorial.py took 0.056 seconds
[2026-01-04T12:56:16.708+0000] {processor.py:186} INFO - Started process (PID=48178) to work on /workspaces/f1_data_team/venv/lib/python3.12/site-packages/airflow/example_dags/tutorial.py
[2026-01-04T12:56:16.709+0000] {processor.py:914} INFO - Processing file /workspaces/f1_data_team/venv/lib/python3.12/site-packages/airflow/example_dags/tutorial.py for tasks to queue
[2026-01-04T12:56:16.711+0000] {logging_mixin.py:190} INFO - [2026-01-04T12:56:16.711+0000] {dagbag.py:588} INFO - Filling up the DagBag from /workspaces/f1_data_team/venv/lib/python3.12/site-packages/airflow/example_dags/tutorial.py
[2026-01-04T12:56:16.718+0000] {processor.py:925} INFO - DAG(s) 'tutorial' retrieved from /workspaces/f1_data_team/venv/lib/python3.12/site-packages/airflow/example_dags/tutorial.py
[2026-01-04T12:56:16.730+0000] {logging_mixin.py:190} INFO - [2026-01-04T12:56:16.729+0000] {dag.py:3239} INFO - Sync 1 DAGs
[2026-01-04T12:56:16.744+0000] {logging_mixin.py:190} INFO - [2026-01-04T12:56:16.744+0000] {dag.py:4180} INFO - Setting next_dagrun for tutorial to 2026-01-03 00:00:00+00:00, run_after=2026-01-04 00:00:00+00:00
[2026-01-04T12:56:16.759+0000] {processor.py:208} INFO - Processing /workspaces/f1_data_team/venv/lib/python3.12/site-packages/airflow/example_dags/tutorial.py took 0.055 seconds
[2026-01-04T12:57:06.986+0000] {processor.py:186} INFO - Started process (PID=48642) to work on /workspaces/f1_data_team/venv/lib/python3.12/site-packages/airflow/example_dags/tutorial.py
[2026-01-04T12:57:06.987+0000] {processor.py:914} INFO - Processing file /workspaces/f1_data_team/venv/lib/python3.12/site-packages/airflow/example_dags/tutorial.py for tasks to queue
[2026-01-04T12:57:06.990+0000] {logging_mixin.py:190} INFO - [2026-01-04T12:57:06.990+0000] {dagbag.py:588} INFO - Filling up the DagBag from /workspaces/f1_data_team/venv/lib/python3.12/site-packages/airflow/example_dags/tutorial.py
[2026-01-04T12:57:07.000+0000] {processor.py:925} INFO - DAG(s) 'tutorial' retrieved from /workspaces/f1_data_team/venv/lib/python3.12/site-packages/airflow/example_dags/tutorial.py
[2026-01-04T12:57:07.020+0000] {logging_mixin.py:190} INFO - [2026-01-04T12:57:07.019+0000] {dag.py:3239} INFO - Sync 1 DAGs
[2026-01-04T12:57:07.046+0000] {logging_mixin.py:190} INFO - [2026-01-04T12:57:07.046+0000] {dag.py:4180} INFO - Setting next_dagrun for tutorial to 2026-01-03 00:00:00+00:00, run_after=2026-01-04 00:00:00+00:00
[2026-01-04T12:57:07.065+0000] {processor.py:208} INFO - Processing /workspaces/f1_data_team/venv/lib/python3.12/site-packages/airflow/example_dags/tutorial.py took 0.084 seconds
[2026-01-04T12:57:58.347+0000] {processor.py:186} INFO - Started process (PID=49083) to work on /workspaces/f1_data_team/venv/lib/python3.12/site-packages/airflow/example_dags/tutorial.py
[2026-01-04T12:57:58.348+0000] {processor.py:914} INFO - Processing file /workspaces/f1_data_team/venv/lib/python3.12/site-packages/airflow/example_dags/tutorial.py for tasks to queue
[2026-01-04T12:57:58.350+0000] {logging_mixin.py:190} INFO - [2026-01-04T12:57:58.349+0000] {dagbag.py:588} INFO - Filling up the DagBag from /workspaces/f1_data_team/venv/lib/python3.12/site-packages/airflow/example_dags/tutorial.py
[2026-01-04T12:57:58.356+0000] {processor.py:925} INFO - DAG(s) 'tutorial' retrieved from /workspaces/f1_data_team/venv/lib/python3.12/site-packages/airflow/example_dags/tutorial.py
[2026-01-04T12:57:58.368+0000] {logging_mixin.py:190} INFO - [2026-01-04T12:57:58.368+0000] {dag.py:3239} INFO - Sync 1 DAGs
[2026-01-04T12:57:58.385+0000] {logging_mixin.py:190} INFO - [2026-01-04T12:57:58.384+0000] {dag.py:4180} INFO - Setting next_dagrun for tutorial to 2026-01-03 00:00:00+00:00, run_after=2026-01-04 00:00:00+00:00
[2026-01-04T12:57:58.400+0000] {processor.py:208} INFO - Processing /workspaces/f1_data_team/venv/lib/python3.12/site-packages/airflow/example_dags/tutorial.py took 0.058 seconds
[2026-01-04T12:58:51.561+0000] {processor.py:186} INFO - Started process (PID=49596) to work on /workspaces/f1_data_team/venv/lib/python3.12/site-packages/airflow/example_dags/tutorial.py
[2026-01-04T12:58:51.562+0000] {processor.py:914} INFO - Processing file /workspaces/f1_data_team/venv/lib/python3.12/site-packages/airflow/example_dags/tutorial.py for tasks to queue
[2026-01-04T12:58:51.564+0000] {logging_mixin.py:190} INFO - [2026-01-04T12:58:51.564+0000] {dagbag.py:588} INFO - Filling up the DagBag from /workspaces/f1_data_team/venv/lib/python3.12/site-packages/airflow/example_dags/tutorial.py
[2026-01-04T12:58:51.571+0000] {processor.py:925} INFO - DAG(s) 'tutorial' retrieved from /workspaces/f1_data_team/venv/lib/python3.12/site-packages/airflow/example_dags/tutorial.py
[2026-01-04T12:58:51.584+0000] {logging_mixin.py:190} INFO - [2026-01-04T12:58:51.583+0000] {dag.py:3239} INFO - Sync 1 DAGs
[2026-01-04T12:58:51.598+0000] {logging_mixin.py:190} INFO - [2026-01-04T12:58:51.598+0000] {dag.py:4180} INFO - Setting next_dagrun for tutorial to 2026-01-03 00:00:00+00:00, run_after=2026-01-04 00:00:00+00:00
[2026-01-04T12:58:51.613+0000] {processor.py:208} INFO - Processing /workspaces/f1_data_team/venv/lib/python3.12/site-packages/airflow/example_dags/tutorial.py took 0.056 seconds
[2026-01-04T12:59:46.478+0000] {processor.py:186} INFO - Started process (PID=50141) to work on /workspaces/f1_data_team/venv/lib/python3.12/site-packages/airflow/example_dags/tutorial.py
[2026-01-04T12:59:46.478+0000] {processor.py:914} INFO - Processing file /workspaces/f1_data_team/venv/lib/python3.12/site-packages/airflow/example_dags/tutorial.py for tasks to queue
[2026-01-04T12:59:46.480+0000] {logging_mixin.py:190} INFO - [2026-01-04T12:59:46.480+0000] {dagbag.py:588} INFO - Filling up the DagBag from /workspaces/f1_data_team/venv/lib/python3.12/site-packages/airflow/example_dags/tutorial.py
[2026-01-04T12:59:46.487+0000] {processor.py:925} INFO - DAG(s) 'tutorial' retrieved from /workspaces/f1_data_team/venv/lib/python3.12/site-packages/airflow/example_dags/tutorial.py
[2026-01-04T12:59:46.499+0000] {logging_mixin.py:190} INFO - [2026-01-04T12:59:46.498+0000] {dag.py:3239} INFO - Sync 1 DAGs
[2026-01-04T12:59:46.514+0000] {logging_mixin.py:190} INFO - [2026-01-04T12:59:46.514+0000] {dag.py:4180} INFO - Setting next_dagrun for tutorial to 2026-01-03 00:00:00+00:00, run_after=2026-01-04 00:00:00+00:00
[2026-01-04T12:59:46.528+0000] {processor.py:208} INFO - Processing /workspaces/f1_data_team/venv/lib/python3.12/site-packages/airflow/example_dags/tutorial.py took 0.055 seconds
[2026-01-04T13:00:42.988+0000] {processor.py:186} INFO - Started process (PID=50793) to work on /workspaces/f1_data_team/venv/lib/python3.12/site-packages/airflow/example_dags/tutorial.py
[2026-01-04T13:00:42.988+0000] {processor.py:914} INFO - Processing file /workspaces/f1_data_team/venv/lib/python3.12/site-packages/airflow/example_dags/tutorial.py for tasks to queue
[2026-01-04T13:00:42.990+0000] {logging_mixin.py:190} INFO - [2026-01-04T13:00:42.990+0000] {dagbag.py:588} INFO - Filling up the DagBag from /workspaces/f1_data_team/venv/lib/python3.12/site-packages/airflow/example_dags/tutorial.py
[2026-01-04T13:00:42.998+0000] {processor.py:925} INFO - DAG(s) 'tutorial' retrieved from /workspaces/f1_data_team/venv/lib/python3.12/site-packages/airflow/example_dags/tutorial.py
[2026-01-04T13:00:43.010+0000] {logging_mixin.py:190} INFO - [2026-01-04T13:00:43.010+0000] {dag.py:3239} INFO - Sync 1 DAGs
[2026-01-04T13:00:43.025+0000] {logging_mixin.py:190} INFO - [2026-01-04T13:00:43.024+0000] {dag.py:4180} INFO - Setting next_dagrun for tutorial to 2026-01-03 00:00:00+00:00, run_after=2026-01-04 00:00:00+00:00
[2026-01-04T13:00:43.039+0000] {processor.py:208} INFO - Processing /workspaces/f1_data_team/venv/lib/python3.12/site-packages/airflow/example_dags/tutorial.py took 0.056 seconds
[2026-01-04T13:01:30.383+0000] {processor.py:186} INFO - Started process (PID=51404) to work on /workspaces/f1_data_team/venv/lib/python3.12/site-packages/airflow/example_dags/tutorial.py
[2026-01-04T13:01:30.384+0000] {processor.py:914} INFO - Processing file /workspaces/f1_data_team/venv/lib/python3.12/site-packages/airflow/example_dags/tutorial.py for tasks to queue
[2026-01-04T13:01:30.386+0000] {logging_mixin.py:190} INFO - [2026-01-04T13:01:30.385+0000] {dagbag.py:588} INFO - Filling up the DagBag from /workspaces/f1_data_team/venv/lib/python3.12/site-packages/airflow/example_dags/tutorial.py
[2026-01-04T13:01:30.393+0000] {processor.py:925} INFO - DAG(s) 'tutorial' retrieved from /workspaces/f1_data_team/venv/lib/python3.12/site-packages/airflow/example_dags/tutorial.py
[2026-01-04T13:01:30.405+0000] {logging_mixin.py:190} INFO - [2026-01-04T13:01:30.405+0000] {dag.py:3239} INFO - Sync 1 DAGs
[2026-01-04T13:01:30.421+0000] {logging_mixin.py:190} INFO - [2026-01-04T13:01:30.420+0000] {dag.py:4180} INFO - Setting next_dagrun for tutorial to 2026-01-03 00:00:00+00:00, run_after=2026-01-04 00:00:00+00:00
[2026-01-04T13:01:30.436+0000] {processor.py:208} INFO - Processing /workspaces/f1_data_team/venv/lib/python3.12/site-packages/airflow/example_dags/tutorial.py took 0.057 seconds
