[2026-01-04T12:33:12.526+0000] {local_task_job_runner.py:123} INFO - ::group::Pre task execution logs
[2026-01-04T12:33:12.535+0000] {taskinstance.py:2613} INFO - Dependencies all met for dep_context=non-requeueable deps ti=<TaskInstance: f1_pipeline.upload_to_gcs manual__2026-01-04T12:33:03.334693+00:00 [queued]>
[2026-01-04T12:33:12.539+0000] {taskinstance.py:2613} INFO - Dependencies all met for dep_context=requeueable deps ti=<TaskInstance: f1_pipeline.upload_to_gcs manual__2026-01-04T12:33:03.334693+00:00 [queued]>
[2026-01-04T12:33:12.539+0000] {taskinstance.py:2866} INFO - Starting attempt 1 of 1
[2026-01-04T12:33:12.553+0000] {taskinstance.py:2889} INFO - Executing <Task(LocalFilesystemToGCSOperator): upload_to_gcs> on 2026-01-04 12:33:03.334693+00:00
[2026-01-04T12:33:12.567+0000] {standard_task_runner.py:104} INFO - Running: ['airflow', 'tasks', 'run', 'f1_pipeline', 'upload_to_gcs', 'manual__2026-01-04T12:33:03.334693+00:00', '--job-id', '9', '--raw', '--subdir', 'DAGS_FOLDER/f1_pipeline.py', '--cfg-path', '/tmp/tmprbtz9ths']
[2026-01-04T12:33:12.571+0000] {standard_task_runner.py:105} INFO - Job 9: Subtask upload_to_gcs
[2026-01-04T12:33:12.571+0000] {logging_mixin.py:190} WARNING - /workspaces/f1_data_team/venv/lib/python3.12/site-packages/airflow/task/task_runner/standard_task_runner.py:70 DeprecationWarning: This process (pid=30222) is multi-threaded, use of fork() may lead to deadlocks in the child.
[2026-01-04T12:33:12.572+0000] {standard_task_runner.py:72} INFO - Started process 30234 to run task
[2026-01-04T12:33:12.617+0000] {task_command.py:467} INFO - Running <TaskInstance: f1_pipeline.upload_to_gcs manual__2026-01-04T12:33:03.334693+00:00 [running]> on host codespaces-54af50
[2026-01-04T12:33:12.674+0000] {taskinstance.py:3132} INFO - Exporting env vars: AIRFLOW_CTX_DAG_OWNER='loonycorn' AIRFLOW_CTX_DAG_ID='f1_pipeline' AIRFLOW_CTX_TASK_ID='upload_to_gcs' AIRFLOW_CTX_EXECUTION_DATE='2026-01-04T12:33:03.334693+00:00' AIRFLOW_CTX_TRY_NUMBER='1' AIRFLOW_CTX_DAG_RUN_ID='manual__2026-01-04T12:33:03.334693+00:00'
[2026-01-04T12:33:12.675+0000] {logging_mixin.py:190} INFO - Task instance is in running state
[2026-01-04T12:33:12.675+0000] {logging_mixin.py:190} INFO -  Previous state of the Task instance: queued
[2026-01-04T12:33:12.675+0000] {logging_mixin.py:190} INFO - Current task name:upload_to_gcs state:running start_date:2026-01-04 12:33:12.535691+00:00
[2026-01-04T12:33:12.676+0000] {logging_mixin.py:190} INFO - Dag name:f1_pipeline and current dag run status:running
[2026-01-04T12:33:12.676+0000] {taskinstance.py:731} INFO - ::endgroup::
[2026-01-04T12:33:12.680+0000] {connection.py:277} WARNING - Connection schemes (type: google_cloud_platform) shall not contain '_' according to RFC3986.
[2026-01-04T12:33:12.680+0000] {base.py:84} INFO - Retrieving connection 'google_cloud_default'
[2026-01-04T12:33:12.681+0000] {credentials_provider.py:402} INFO - Getting connection using `google.auth.default()` since no explicit credentials are provided.
[2026-01-04T12:33:12.689+0000] {_default.py:340} WARNING - Authentication failed using Compute Engine authentication due to unavailable metadata server.
[2026-01-04T12:33:12.690+0000] {taskinstance.py:3311} ERROR - Task failed with exception
Traceback (most recent call last):
  File "/workspaces/f1_data_team/venv/lib/python3.12/site-packages/airflow/models/taskinstance.py", line 767, in _execute_task
    result = _execute_callable(context=context, **execute_callable_kwargs)
             ^^^^^^^^^^^^^^^^^^^^^^^^^^^^^^^^^^^^^^^^^^^^^^^^^^^^^^^^^^^^^
  File "/workspaces/f1_data_team/venv/lib/python3.12/site-packages/airflow/models/taskinstance.py", line 733, in _execute_callable
    return ExecutionCallableRunner(
           ^^^^^^^^^^^^^^^^^^^^^^^^
  File "/workspaces/f1_data_team/venv/lib/python3.12/site-packages/airflow/utils/operator_helpers.py", line 252, in run
    return self.func(*args, **kwargs)
           ^^^^^^^^^^^^^^^^^^^^^^^^^^
  File "/workspaces/f1_data_team/venv/lib/python3.12/site-packages/airflow/models/baseoperator.py", line 422, in wrapper
    return func(self, *args, **kwargs)
           ^^^^^^^^^^^^^^^^^^^^^^^^^^^
  File "/workspaces/f1_data_team/venv/lib/python3.12/site-packages/airflow/providers/google/cloud/transfers/local_to_gcs.py", line 115, in execute
    hook.upload(
  File "/workspaces/f1_data_team/venv/lib/python3.12/site-packages/airflow/providers/google/cloud/hooks/gcs.py", line 543, in upload
    client = self.get_conn()
             ^^^^^^^^^^^^^^^
  File "/workspaces/f1_data_team/venv/lib/python3.12/site-packages/airflow/providers/google/cloud/hooks/gcs.py", line 159, in get_conn
    credentials=self.get_credentials(), client_info=CLIENT_INFO, project=self.project_id
                ^^^^^^^^^^^^^^^^^^^^^^
  File "/workspaces/f1_data_team/venv/lib/python3.12/site-packages/airflow/providers/google/common/hooks/base_google.py", line 356, in get_credentials
    credentials, _ = self.get_credentials_and_project_id()
                     ^^^^^^^^^^^^^^^^^^^^^^^^^^^^^^^^^^^^^
  File "/workspaces/f1_data_team/venv/lib/python3.12/site-packages/airflow/providers/google/common/hooks/base_google.py", line 329, in get_credentials_and_project_id
    credentials, project_id = get_credentials_and_project_id(
                              ^^^^^^^^^^^^^^^^^^^^^^^^^^^^^^^
  File "/workspaces/f1_data_team/venv/lib/python3.12/site-packages/airflow/providers/google/cloud/utils/credentials_provider.py", line 411, in get_credentials_and_project_id
    return _CredentialProvider(*args, **kwargs).get_credentials_and_project()
           ^^^^^^^^^^^^^^^^^^^^^^^^^^^^^^^^^^^^^^^^^^^^^^^^^^^^^^^^^^^^^^^^^^
  File "/workspaces/f1_data_team/venv/lib/python3.12/site-packages/airflow/providers/google/cloud/utils/credentials_provider.py", line 269, in get_credentials_and_project
    credentials, project_id = self._get_credentials_using_adc()
                              ^^^^^^^^^^^^^^^^^^^^^^^^^^^^^^^^^
  File "/workspaces/f1_data_team/venv/lib/python3.12/site-packages/airflow/providers/google/cloud/utils/credentials_provider.py", line 397, in _get_credentials_using_adc
    credentials, project_id = google.auth.default(scopes=self.scopes)
                              ^^^^^^^^^^^^^^^^^^^^^^^^^^^^^^^^^^^^^^^
  File "/workspaces/f1_data_team/venv/lib/python3.12/site-packages/google/auth/_default.py", line 697, in default
    raise exceptions.DefaultCredentialsError(_CLOUD_SDK_MISSING_CREDENTIALS)
google.auth.exceptions.DefaultCredentialsError: Your default credentials were not found. To set up Application Default Credentials, see https://cloud.google.com/docs/authentication/external/set-up-adc for more information.
[2026-01-04T12:33:12.697+0000] {logging_mixin.py:190} INFO - Task instance in failure state
[2026-01-04T12:33:12.697+0000] {logging_mixin.py:190} INFO - Task start:2026-01-04 12:33:12.535691+00:00 end:2026-01-04 12:33:12.697006+00:00 duration:0.161315
[2026-01-04T12:33:12.697+0000] {logging_mixin.py:190} INFO - Task:<Task(LocalFilesystemToGCSOperator): upload_to_gcs> dag:<DAG: f1_pipeline> dagrun:<DagRun f1_pipeline @ 2026-01-04 12:33:03.334693+00:00: manual__2026-01-04T12:33:03.334693+00:00, state:running, queued_at: 2026-01-04 12:33:03.344743+00:00. externally triggered: True>
[2026-01-04T12:33:12.698+0000] {logging_mixin.py:190} INFO - Failure caused by Your default credentials were not found. To set up Application Default Credentials, see https://cloud.google.com/docs/authentication/external/set-up-adc for more information.
[2026-01-04T12:33:12.698+0000] {taskinstance.py:1225} INFO - Marking task as FAILED. dag_id=f1_pipeline, task_id=upload_to_gcs, run_id=manual__2026-01-04T12:33:03.334693+00:00, execution_date=20260104T123303, start_date=20260104T123312, end_date=20260104T123312
[2026-01-04T12:33:12.705+0000] {taskinstance.py:340} INFO - ::group::Post task execution logs
[2026-01-04T12:33:12.705+0000] {standard_task_runner.py:124} ERROR - Failed to execute job 9 for task upload_to_gcs (Your default credentials were not found. To set up Application Default Credentials, see https://cloud.google.com/docs/authentication/external/set-up-adc for more information.; 30234)
Traceback (most recent call last):
  File "/workspaces/f1_data_team/venv/lib/python3.12/site-packages/airflow/task/task_runner/standard_task_runner.py", line 117, in _start_by_fork
    ret = args.func(args, dag=self.dag)
          ^^^^^^^^^^^^^^^^^^^^^^^^^^^^^
  File "/workspaces/f1_data_team/venv/lib/python3.12/site-packages/airflow/cli/cli_config.py", line 49, in command
    return func(*args, **kwargs)
           ^^^^^^^^^^^^^^^^^^^^^
  File "/workspaces/f1_data_team/venv/lib/python3.12/site-packages/airflow/utils/cli.py", line 116, in wrapper
    return f(*args, **kwargs)
           ^^^^^^^^^^^^^^^^^^
  File "/workspaces/f1_data_team/venv/lib/python3.12/site-packages/airflow/cli/commands/task_command.py", line 483, in task_run
    task_return_code = _run_task_by_selected_method(args, _dag, ti)
                       ^^^^^^^^^^^^^^^^^^^^^^^^^^^^^^^^^^^^^^^^^^^^
  File "/workspaces/f1_data_team/venv/lib/python3.12/site-packages/airflow/cli/commands/task_command.py", line 256, in _run_task_by_selected_method
    return _run_raw_task(args, ti)
           ^^^^^^^^^^^^^^^^^^^^^^^
  File "/workspaces/f1_data_team/venv/lib/python3.12/site-packages/airflow/cli/commands/task_command.py", line 341, in _run_raw_task
    return ti._run_raw_task(
           ^^^^^^^^^^^^^^^^^
  File "/workspaces/f1_data_team/venv/lib/python3.12/site-packages/airflow/utils/session.py", line 97, in wrapper
    return func(*args, session=session, **kwargs)
           ^^^^^^^^^^^^^^^^^^^^^^^^^^^^^^^^^^^^^^
  File "/workspaces/f1_data_team/venv/lib/python3.12/site-packages/airflow/models/taskinstance.py", line 3005, in _run_raw_task
    return _run_raw_task(
           ^^^^^^^^^^^^^^
  File "/workspaces/f1_data_team/venv/lib/python3.12/site-packages/airflow/models/taskinstance.py", line 273, in _run_raw_task
    TaskInstance._execute_task_with_callbacks(
  File "/workspaces/f1_data_team/venv/lib/python3.12/site-packages/airflow/models/taskinstance.py", line 3159, in _execute_task_with_callbacks
    result = self._execute_task(context, task_orig)
             ^^^^^^^^^^^^^^^^^^^^^^^^^^^^^^^^^^^^^^
  File "/workspaces/f1_data_team/venv/lib/python3.12/site-packages/airflow/models/taskinstance.py", line 3183, in _execute_task
    return _execute_task(self, context, task_orig)
           ^^^^^^^^^^^^^^^^^^^^^^^^^^^^^^^^^^^^^^^
  File "/workspaces/f1_data_team/venv/lib/python3.12/site-packages/airflow/models/taskinstance.py", line 767, in _execute_task
    result = _execute_callable(context=context, **execute_callable_kwargs)
             ^^^^^^^^^^^^^^^^^^^^^^^^^^^^^^^^^^^^^^^^^^^^^^^^^^^^^^^^^^^^^
  File "/workspaces/f1_data_team/venv/lib/python3.12/site-packages/airflow/models/taskinstance.py", line 733, in _execute_callable
    return ExecutionCallableRunner(
           ^^^^^^^^^^^^^^^^^^^^^^^^
  File "/workspaces/f1_data_team/venv/lib/python3.12/site-packages/airflow/utils/operator_helpers.py", line 252, in run
    return self.func(*args, **kwargs)
           ^^^^^^^^^^^^^^^^^^^^^^^^^^
  File "/workspaces/f1_data_team/venv/lib/python3.12/site-packages/airflow/models/baseoperator.py", line 422, in wrapper
    return func(self, *args, **kwargs)
           ^^^^^^^^^^^^^^^^^^^^^^^^^^^
  File "/workspaces/f1_data_team/venv/lib/python3.12/site-packages/airflow/providers/google/cloud/transfers/local_to_gcs.py", line 115, in execute
    hook.upload(
  File "/workspaces/f1_data_team/venv/lib/python3.12/site-packages/airflow/providers/google/cloud/hooks/gcs.py", line 543, in upload
    client = self.get_conn()
             ^^^^^^^^^^^^^^^
  File "/workspaces/f1_data_team/venv/lib/python3.12/site-packages/airflow/providers/google/cloud/hooks/gcs.py", line 159, in get_conn
    credentials=self.get_credentials(), client_info=CLIENT_INFO, project=self.project_id
                ^^^^^^^^^^^^^^^^^^^^^^
  File "/workspaces/f1_data_team/venv/lib/python3.12/site-packages/airflow/providers/google/common/hooks/base_google.py", line 356, in get_credentials
    credentials, _ = self.get_credentials_and_project_id()
                     ^^^^^^^^^^^^^^^^^^^^^^^^^^^^^^^^^^^^^
  File "/workspaces/f1_data_team/venv/lib/python3.12/site-packages/airflow/providers/google/common/hooks/base_google.py", line 329, in get_credentials_and_project_id
    credentials, project_id = get_credentials_and_project_id(
                              ^^^^^^^^^^^^^^^^^^^^^^^^^^^^^^^
  File "/workspaces/f1_data_team/venv/lib/python3.12/site-packages/airflow/providers/google/cloud/utils/credentials_provider.py", line 411, in get_credentials_and_project_id
    return _CredentialProvider(*args, **kwargs).get_credentials_and_project()
           ^^^^^^^^^^^^^^^^^^^^^^^^^^^^^^^^^^^^^^^^^^^^^^^^^^^^^^^^^^^^^^^^^^
  File "/workspaces/f1_data_team/venv/lib/python3.12/site-packages/airflow/providers/google/cloud/utils/credentials_provider.py", line 269, in get_credentials_and_project
    credentials, project_id = self._get_credentials_using_adc()
                              ^^^^^^^^^^^^^^^^^^^^^^^^^^^^^^^^^
  File "/workspaces/f1_data_team/venv/lib/python3.12/site-packages/airflow/providers/google/cloud/utils/credentials_provider.py", line 397, in _get_credentials_using_adc
    credentials, project_id = google.auth.default(scopes=self.scopes)
                              ^^^^^^^^^^^^^^^^^^^^^^^^^^^^^^^^^^^^^^^
  File "/workspaces/f1_data_team/venv/lib/python3.12/site-packages/google/auth/_default.py", line 697, in default
    raise exceptions.DefaultCredentialsError(_CLOUD_SDK_MISSING_CREDENTIALS)
google.auth.exceptions.DefaultCredentialsError: Your default credentials were not found. To set up Application Default Credentials, see https://cloud.google.com/docs/authentication/external/set-up-adc for more information.
[2026-01-04T12:33:12.748+0000] {local_task_job_runner.py:266} INFO - Task exited with return code 1
[2026-01-04T12:33:12.758+0000] {taskinstance.py:3895} INFO - 0 downstream tasks scheduled from follow-on schedule check
[2026-01-04T12:33:12.763+0000] {local_task_job_runner.py:245} INFO - ::endgroup::
