[2026-01-04T12:26:33.950+0000] {processor.py:186} INFO - Started process (PID=24315) to work on /workspaces/f1_data_team/venv/lib/python3.12/site-packages/airflow/example_dags/plugins/decreasing_priority_weight_strategy.py
[2026-01-04T12:26:33.951+0000] {processor.py:914} INFO - Processing file /workspaces/f1_data_team/venv/lib/python3.12/site-packages/airflow/example_dags/plugins/decreasing_priority_weight_strategy.py for tasks to queue
[2026-01-04T12:26:33.955+0000] {logging_mixin.py:190} INFO - [2026-01-04T12:26:33.955+0000] {dagbag.py:588} INFO - Filling up the DagBag from /workspaces/f1_data_team/venv/lib/python3.12/site-packages/airflow/example_dags/plugins/decreasing_priority_weight_strategy.py
[2026-01-04T12:26:33.959+0000] {processor.py:927} WARNING - No viable dags retrieved from /workspaces/f1_data_team/venv/lib/python3.12/site-packages/airflow/example_dags/plugins/decreasing_priority_weight_strategy.py
[2026-01-04T12:26:33.970+0000] {processor.py:208} INFO - Processing /workspaces/f1_data_team/venv/lib/python3.12/site-packages/airflow/example_dags/plugins/decreasing_priority_weight_strategy.py took 0.033 seconds
[2026-01-04T12:27:38.500+0000] {processor.py:186} INFO - Started process (PID=24999) to work on /workspaces/f1_data_team/venv/lib/python3.12/site-packages/airflow/example_dags/plugins/decreasing_priority_weight_strategy.py
[2026-01-04T12:27:38.501+0000] {processor.py:914} INFO - Processing file /workspaces/f1_data_team/venv/lib/python3.12/site-packages/airflow/example_dags/plugins/decreasing_priority_weight_strategy.py for tasks to queue
[2026-01-04T12:27:38.503+0000] {logging_mixin.py:190} INFO - [2026-01-04T12:27:38.503+0000] {dagbag.py:588} INFO - Filling up the DagBag from /workspaces/f1_data_team/venv/lib/python3.12/site-packages/airflow/example_dags/plugins/decreasing_priority_weight_strategy.py
[2026-01-04T12:27:38.505+0000] {processor.py:927} WARNING - No viable dags retrieved from /workspaces/f1_data_team/venv/lib/python3.12/site-packages/airflow/example_dags/plugins/decreasing_priority_weight_strategy.py
[2026-01-04T12:27:38.513+0000] {processor.py:208} INFO - Processing /workspaces/f1_data_team/venv/lib/python3.12/site-packages/airflow/example_dags/plugins/decreasing_priority_weight_strategy.py took 0.018 seconds
[2026-01-04T12:28:34.108+0000] {processor.py:186} INFO - Started process (PID=25507) to work on /workspaces/f1_data_team/venv/lib/python3.12/site-packages/airflow/example_dags/plugins/decreasing_priority_weight_strategy.py
[2026-01-04T12:28:34.110+0000] {processor.py:914} INFO - Processing file /workspaces/f1_data_team/venv/lib/python3.12/site-packages/airflow/example_dags/plugins/decreasing_priority_weight_strategy.py for tasks to queue
[2026-01-04T12:28:34.111+0000] {logging_mixin.py:190} INFO - [2026-01-04T12:28:34.111+0000] {dagbag.py:588} INFO - Filling up the DagBag from /workspaces/f1_data_team/venv/lib/python3.12/site-packages/airflow/example_dags/plugins/decreasing_priority_weight_strategy.py
[2026-01-04T12:28:34.113+0000] {processor.py:927} WARNING - No viable dags retrieved from /workspaces/f1_data_team/venv/lib/python3.12/site-packages/airflow/example_dags/plugins/decreasing_priority_weight_strategy.py
[2026-01-04T12:28:34.121+0000] {processor.py:208} INFO - Processing /workspaces/f1_data_team/venv/lib/python3.12/site-packages/airflow/example_dags/plugins/decreasing_priority_weight_strategy.py took 0.018 seconds
[2026-01-04T12:29:32.009+0000] {processor.py:186} INFO - Started process (PID=26715) to work on /workspaces/f1_data_team/venv/lib/python3.12/site-packages/airflow/example_dags/plugins/decreasing_priority_weight_strategy.py
[2026-01-04T12:29:32.010+0000] {processor.py:914} INFO - Processing file /workspaces/f1_data_team/venv/lib/python3.12/site-packages/airflow/example_dags/plugins/decreasing_priority_weight_strategy.py for tasks to queue
[2026-01-04T12:29:32.012+0000] {logging_mixin.py:190} INFO - [2026-01-04T12:29:32.012+0000] {dagbag.py:588} INFO - Filling up the DagBag from /workspaces/f1_data_team/venv/lib/python3.12/site-packages/airflow/example_dags/plugins/decreasing_priority_weight_strategy.py
[2026-01-04T12:29:32.014+0000] {processor.py:927} WARNING - No viable dags retrieved from /workspaces/f1_data_team/venv/lib/python3.12/site-packages/airflow/example_dags/plugins/decreasing_priority_weight_strategy.py
[2026-01-04T12:29:32.022+0000] {processor.py:208} INFO - Processing /workspaces/f1_data_team/venv/lib/python3.12/site-packages/airflow/example_dags/plugins/decreasing_priority_weight_strategy.py took 0.016 seconds
[2026-01-04T12:30:15.964+0000] {processor.py:186} INFO - Started process (PID=27305) to work on /workspaces/f1_data_team/venv/lib/python3.12/site-packages/airflow/example_dags/plugins/decreasing_priority_weight_strategy.py
[2026-01-04T12:30:15.965+0000] {processor.py:914} INFO - Processing file /workspaces/f1_data_team/venv/lib/python3.12/site-packages/airflow/example_dags/plugins/decreasing_priority_weight_strategy.py for tasks to queue
[2026-01-04T12:30:15.967+0000] {logging_mixin.py:190} INFO - [2026-01-04T12:30:15.966+0000] {dagbag.py:588} INFO - Filling up the DagBag from /workspaces/f1_data_team/venv/lib/python3.12/site-packages/airflow/example_dags/plugins/decreasing_priority_weight_strategy.py
[2026-01-04T12:30:15.968+0000] {processor.py:927} WARNING - No viable dags retrieved from /workspaces/f1_data_team/venv/lib/python3.12/site-packages/airflow/example_dags/plugins/decreasing_priority_weight_strategy.py
[2026-01-04T12:30:15.977+0000] {processor.py:208} INFO - Processing /workspaces/f1_data_team/venv/lib/python3.12/site-packages/airflow/example_dags/plugins/decreasing_priority_weight_strategy.py took 0.017 seconds
[2026-01-04T12:31:14.975+0000] {processor.py:186} INFO - Started process (PID=28355) to work on /workspaces/f1_data_team/venv/lib/python3.12/site-packages/airflow/example_dags/plugins/decreasing_priority_weight_strategy.py
[2026-01-04T12:31:14.976+0000] {processor.py:914} INFO - Processing file /workspaces/f1_data_team/venv/lib/python3.12/site-packages/airflow/example_dags/plugins/decreasing_priority_weight_strategy.py for tasks to queue
[2026-01-04T12:31:14.979+0000] {logging_mixin.py:190} INFO - [2026-01-04T12:31:14.978+0000] {dagbag.py:588} INFO - Filling up the DagBag from /workspaces/f1_data_team/venv/lib/python3.12/site-packages/airflow/example_dags/plugins/decreasing_priority_weight_strategy.py
[2026-01-04T12:31:14.981+0000] {processor.py:927} WARNING - No viable dags retrieved from /workspaces/f1_data_team/venv/lib/python3.12/site-packages/airflow/example_dags/plugins/decreasing_priority_weight_strategy.py
[2026-01-04T12:31:14.992+0000] {processor.py:208} INFO - Processing /workspaces/f1_data_team/venv/lib/python3.12/site-packages/airflow/example_dags/plugins/decreasing_priority_weight_strategy.py took 0.023 seconds
[2026-01-04T12:32:22.910+0000] {processor.py:186} INFO - Started process (PID=29345) to work on /workspaces/f1_data_team/venv/lib/python3.12/site-packages/airflow/example_dags/plugins/decreasing_priority_weight_strategy.py
[2026-01-04T12:32:22.911+0000] {processor.py:914} INFO - Processing file /workspaces/f1_data_team/venv/lib/python3.12/site-packages/airflow/example_dags/plugins/decreasing_priority_weight_strategy.py for tasks to queue
[2026-01-04T12:32:22.913+0000] {logging_mixin.py:190} INFO - [2026-01-04T12:32:22.912+0000] {dagbag.py:588} INFO - Filling up the DagBag from /workspaces/f1_data_team/venv/lib/python3.12/site-packages/airflow/example_dags/plugins/decreasing_priority_weight_strategy.py
[2026-01-04T12:32:22.914+0000] {processor.py:927} WARNING - No viable dags retrieved from /workspaces/f1_data_team/venv/lib/python3.12/site-packages/airflow/example_dags/plugins/decreasing_priority_weight_strategy.py
[2026-01-04T12:32:22.923+0000] {processor.py:208} INFO - Processing /workspaces/f1_data_team/venv/lib/python3.12/site-packages/airflow/example_dags/plugins/decreasing_priority_weight_strategy.py took 0.018 seconds
[2026-01-04T12:33:23.817+0000] {processor.py:186} INFO - Started process (PID=30510) to work on /workspaces/f1_data_team/venv/lib/python3.12/site-packages/airflow/example_dags/plugins/decreasing_priority_weight_strategy.py
[2026-01-04T12:33:23.818+0000] {processor.py:914} INFO - Processing file /workspaces/f1_data_team/venv/lib/python3.12/site-packages/airflow/example_dags/plugins/decreasing_priority_weight_strategy.py for tasks to queue
[2026-01-04T12:33:23.820+0000] {logging_mixin.py:190} INFO - [2026-01-04T12:33:23.820+0000] {dagbag.py:588} INFO - Filling up the DagBag from /workspaces/f1_data_team/venv/lib/python3.12/site-packages/airflow/example_dags/plugins/decreasing_priority_weight_strategy.py
[2026-01-04T12:33:23.822+0000] {processor.py:927} WARNING - No viable dags retrieved from /workspaces/f1_data_team/venv/lib/python3.12/site-packages/airflow/example_dags/plugins/decreasing_priority_weight_strategy.py
[2026-01-04T12:33:23.830+0000] {processor.py:208} INFO - Processing /workspaces/f1_data_team/venv/lib/python3.12/site-packages/airflow/example_dags/plugins/decreasing_priority_weight_strategy.py took 0.018 seconds
[2026-01-04T12:34:19.792+0000] {processor.py:186} INFO - Started process (PID=31012) to work on /workspaces/f1_data_team/venv/lib/python3.12/site-packages/airflow/example_dags/plugins/decreasing_priority_weight_strategy.py
[2026-01-04T12:34:19.793+0000] {processor.py:914} INFO - Processing file /workspaces/f1_data_team/venv/lib/python3.12/site-packages/airflow/example_dags/plugins/decreasing_priority_weight_strategy.py for tasks to queue
[2026-01-04T12:34:19.795+0000] {logging_mixin.py:190} INFO - [2026-01-04T12:34:19.794+0000] {dagbag.py:588} INFO - Filling up the DagBag from /workspaces/f1_data_team/venv/lib/python3.12/site-packages/airflow/example_dags/plugins/decreasing_priority_weight_strategy.py
[2026-01-04T12:34:19.797+0000] {processor.py:927} WARNING - No viable dags retrieved from /workspaces/f1_data_team/venv/lib/python3.12/site-packages/airflow/example_dags/plugins/decreasing_priority_weight_strategy.py
[2026-01-04T12:34:19.805+0000] {processor.py:208} INFO - Processing /workspaces/f1_data_team/venv/lib/python3.12/site-packages/airflow/example_dags/plugins/decreasing_priority_weight_strategy.py took 0.017 seconds
[2026-01-04T12:35:09.428+0000] {processor.py:186} INFO - Started process (PID=31467) to work on /workspaces/f1_data_team/venv/lib/python3.12/site-packages/airflow/example_dags/plugins/decreasing_priority_weight_strategy.py
[2026-01-04T12:35:09.429+0000] {processor.py:914} INFO - Processing file /workspaces/f1_data_team/venv/lib/python3.12/site-packages/airflow/example_dags/plugins/decreasing_priority_weight_strategy.py for tasks to queue
[2026-01-04T12:35:09.431+0000] {logging_mixin.py:190} INFO - [2026-01-04T12:35:09.431+0000] {dagbag.py:588} INFO - Filling up the DagBag from /workspaces/f1_data_team/venv/lib/python3.12/site-packages/airflow/example_dags/plugins/decreasing_priority_weight_strategy.py
[2026-01-04T12:35:09.433+0000] {processor.py:927} WARNING - No viable dags retrieved from /workspaces/f1_data_team/venv/lib/python3.12/site-packages/airflow/example_dags/plugins/decreasing_priority_weight_strategy.py
[2026-01-04T12:35:09.441+0000] {processor.py:208} INFO - Processing /workspaces/f1_data_team/venv/lib/python3.12/site-packages/airflow/example_dags/plugins/decreasing_priority_weight_strategy.py took 0.017 seconds
[2026-01-04T12:36:01.871+0000] {processor.py:186} INFO - Started process (PID=32112) to work on /workspaces/f1_data_team/venv/lib/python3.12/site-packages/airflow/example_dags/plugins/decreasing_priority_weight_strategy.py
[2026-01-04T12:36:01.873+0000] {processor.py:914} INFO - Processing file /workspaces/f1_data_team/venv/lib/python3.12/site-packages/airflow/example_dags/plugins/decreasing_priority_weight_strategy.py for tasks to queue
[2026-01-04T12:36:01.877+0000] {logging_mixin.py:190} INFO - [2026-01-04T12:36:01.877+0000] {dagbag.py:588} INFO - Filling up the DagBag from /workspaces/f1_data_team/venv/lib/python3.12/site-packages/airflow/example_dags/plugins/decreasing_priority_weight_strategy.py
[2026-01-04T12:36:01.880+0000] {processor.py:927} WARNING - No viable dags retrieved from /workspaces/f1_data_team/venv/lib/python3.12/site-packages/airflow/example_dags/plugins/decreasing_priority_weight_strategy.py
[2026-01-04T12:36:01.894+0000] {processor.py:208} INFO - Processing /workspaces/f1_data_team/venv/lib/python3.12/site-packages/airflow/example_dags/plugins/decreasing_priority_weight_strategy.py took 0.033 seconds
[2026-01-04T12:36:52.966+0000] {processor.py:186} INFO - Started process (PID=32577) to work on /workspaces/f1_data_team/venv/lib/python3.12/site-packages/airflow/example_dags/plugins/decreasing_priority_weight_strategy.py
[2026-01-04T12:36:52.967+0000] {processor.py:914} INFO - Processing file /workspaces/f1_data_team/venv/lib/python3.12/site-packages/airflow/example_dags/plugins/decreasing_priority_weight_strategy.py for tasks to queue
[2026-01-04T12:36:52.969+0000] {logging_mixin.py:190} INFO - [2026-01-04T12:36:52.969+0000] {dagbag.py:588} INFO - Filling up the DagBag from /workspaces/f1_data_team/venv/lib/python3.12/site-packages/airflow/example_dags/plugins/decreasing_priority_weight_strategy.py
[2026-01-04T12:36:52.971+0000] {processor.py:927} WARNING - No viable dags retrieved from /workspaces/f1_data_team/venv/lib/python3.12/site-packages/airflow/example_dags/plugins/decreasing_priority_weight_strategy.py
[2026-01-04T12:36:52.979+0000] {processor.py:208} INFO - Processing /workspaces/f1_data_team/venv/lib/python3.12/site-packages/airflow/example_dags/plugins/decreasing_priority_weight_strategy.py took 0.017 seconds
[2026-01-04T12:37:47.448+0000] {processor.py:186} INFO - Started process (PID=33378) to work on /workspaces/f1_data_team/venv/lib/python3.12/site-packages/airflow/example_dags/plugins/decreasing_priority_weight_strategy.py
[2026-01-04T12:37:47.448+0000] {processor.py:914} INFO - Processing file /workspaces/f1_data_team/venv/lib/python3.12/site-packages/airflow/example_dags/plugins/decreasing_priority_weight_strategy.py for tasks to queue
[2026-01-04T12:37:47.450+0000] {logging_mixin.py:190} INFO - [2026-01-04T12:37:47.450+0000] {dagbag.py:588} INFO - Filling up the DagBag from /workspaces/f1_data_team/venv/lib/python3.12/site-packages/airflow/example_dags/plugins/decreasing_priority_weight_strategy.py
[2026-01-04T12:37:47.452+0000] {processor.py:927} WARNING - No viable dags retrieved from /workspaces/f1_data_team/venv/lib/python3.12/site-packages/airflow/example_dags/plugins/decreasing_priority_weight_strategy.py
[2026-01-04T12:37:47.460+0000] {processor.py:208} INFO - Processing /workspaces/f1_data_team/venv/lib/python3.12/site-packages/airflow/example_dags/plugins/decreasing_priority_weight_strategy.py took 0.017 seconds
[2026-01-04T12:38:38.846+0000] {processor.py:186} INFO - Started process (PID=33964) to work on /workspaces/f1_data_team/venv/lib/python3.12/site-packages/airflow/example_dags/plugins/decreasing_priority_weight_strategy.py
[2026-01-04T12:38:38.846+0000] {processor.py:914} INFO - Processing file /workspaces/f1_data_team/venv/lib/python3.12/site-packages/airflow/example_dags/plugins/decreasing_priority_weight_strategy.py for tasks to queue
[2026-01-04T12:38:38.848+0000] {logging_mixin.py:190} INFO - [2026-01-04T12:38:38.848+0000] {dagbag.py:588} INFO - Filling up the DagBag from /workspaces/f1_data_team/venv/lib/python3.12/site-packages/airflow/example_dags/plugins/decreasing_priority_weight_strategy.py
[2026-01-04T12:38:38.850+0000] {processor.py:927} WARNING - No viable dags retrieved from /workspaces/f1_data_team/venv/lib/python3.12/site-packages/airflow/example_dags/plugins/decreasing_priority_weight_strategy.py
[2026-01-04T12:38:38.858+0000] {processor.py:208} INFO - Processing /workspaces/f1_data_team/venv/lib/python3.12/site-packages/airflow/example_dags/plugins/decreasing_priority_weight_strategy.py took 0.018 seconds
[2026-01-04T12:39:33.546+0000] {processor.py:186} INFO - Started process (PID=34483) to work on /workspaces/f1_data_team/venv/lib/python3.12/site-packages/airflow/example_dags/plugins/decreasing_priority_weight_strategy.py
[2026-01-04T12:39:33.547+0000] {processor.py:914} INFO - Processing file /workspaces/f1_data_team/venv/lib/python3.12/site-packages/airflow/example_dags/plugins/decreasing_priority_weight_strategy.py for tasks to queue
[2026-01-04T12:39:33.549+0000] {logging_mixin.py:190} INFO - [2026-01-04T12:39:33.548+0000] {dagbag.py:588} INFO - Filling up the DagBag from /workspaces/f1_data_team/venv/lib/python3.12/site-packages/airflow/example_dags/plugins/decreasing_priority_weight_strategy.py
[2026-01-04T12:39:33.550+0000] {processor.py:927} WARNING - No viable dags retrieved from /workspaces/f1_data_team/venv/lib/python3.12/site-packages/airflow/example_dags/plugins/decreasing_priority_weight_strategy.py
[2026-01-04T12:39:33.560+0000] {processor.py:208} INFO - Processing /workspaces/f1_data_team/venv/lib/python3.12/site-packages/airflow/example_dags/plugins/decreasing_priority_weight_strategy.py took 0.019 seconds
[2026-01-04T12:40:27.440+0000] {processor.py:186} INFO - Started process (PID=35016) to work on /workspaces/f1_data_team/venv/lib/python3.12/site-packages/airflow/example_dags/plugins/decreasing_priority_weight_strategy.py
[2026-01-04T12:40:27.440+0000] {processor.py:914} INFO - Processing file /workspaces/f1_data_team/venv/lib/python3.12/site-packages/airflow/example_dags/plugins/decreasing_priority_weight_strategy.py for tasks to queue
[2026-01-04T12:40:27.442+0000] {logging_mixin.py:190} INFO - [2026-01-04T12:40:27.442+0000] {dagbag.py:588} INFO - Filling up the DagBag from /workspaces/f1_data_team/venv/lib/python3.12/site-packages/airflow/example_dags/plugins/decreasing_priority_weight_strategy.py
[2026-01-04T12:40:27.444+0000] {processor.py:927} WARNING - No viable dags retrieved from /workspaces/f1_data_team/venv/lib/python3.12/site-packages/airflow/example_dags/plugins/decreasing_priority_weight_strategy.py
[2026-01-04T12:40:27.453+0000] {processor.py:208} INFO - Processing /workspaces/f1_data_team/venv/lib/python3.12/site-packages/airflow/example_dags/plugins/decreasing_priority_weight_strategy.py took 0.017 seconds
[2026-01-04T12:41:21.396+0000] {processor.py:186} INFO - Started process (PID=35653) to work on /workspaces/f1_data_team/venv/lib/python3.12/site-packages/airflow/example_dags/plugins/decreasing_priority_weight_strategy.py
[2026-01-04T12:41:21.397+0000] {processor.py:914} INFO - Processing file /workspaces/f1_data_team/venv/lib/python3.12/site-packages/airflow/example_dags/plugins/decreasing_priority_weight_strategy.py for tasks to queue
[2026-01-04T12:41:21.399+0000] {logging_mixin.py:190} INFO - [2026-01-04T12:41:21.399+0000] {dagbag.py:588} INFO - Filling up the DagBag from /workspaces/f1_data_team/venv/lib/python3.12/site-packages/airflow/example_dags/plugins/decreasing_priority_weight_strategy.py
[2026-01-04T12:41:21.401+0000] {processor.py:927} WARNING - No viable dags retrieved from /workspaces/f1_data_team/venv/lib/python3.12/site-packages/airflow/example_dags/plugins/decreasing_priority_weight_strategy.py
[2026-01-04T12:41:21.409+0000] {processor.py:208} INFO - Processing /workspaces/f1_data_team/venv/lib/python3.12/site-packages/airflow/example_dags/plugins/decreasing_priority_weight_strategy.py took 0.019 seconds
[2026-01-04T12:42:25.319+0000] {processor.py:186} INFO - Started process (PID=36725) to work on /workspaces/f1_data_team/venv/lib/python3.12/site-packages/airflow/example_dags/plugins/decreasing_priority_weight_strategy.py
[2026-01-04T12:42:25.319+0000] {processor.py:914} INFO - Processing file /workspaces/f1_data_team/venv/lib/python3.12/site-packages/airflow/example_dags/plugins/decreasing_priority_weight_strategy.py for tasks to queue
[2026-01-04T12:42:25.322+0000] {logging_mixin.py:190} INFO - [2026-01-04T12:42:25.321+0000] {dagbag.py:588} INFO - Filling up the DagBag from /workspaces/f1_data_team/venv/lib/python3.12/site-packages/airflow/example_dags/plugins/decreasing_priority_weight_strategy.py
[2026-01-04T12:42:25.324+0000] {processor.py:927} WARNING - No viable dags retrieved from /workspaces/f1_data_team/venv/lib/python3.12/site-packages/airflow/example_dags/plugins/decreasing_priority_weight_strategy.py
[2026-01-04T12:42:25.332+0000] {processor.py:208} INFO - Processing /workspaces/f1_data_team/venv/lib/python3.12/site-packages/airflow/example_dags/plugins/decreasing_priority_weight_strategy.py took 0.018 seconds
[2026-01-04T12:43:01.291+0000] {processor.py:186} INFO - Started process (PID=37116) to work on /workspaces/f1_data_team/venv/lib/python3.12/site-packages/airflow/example_dags/plugins/decreasing_priority_weight_strategy.py
[2026-01-04T12:43:01.291+0000] {processor.py:914} INFO - Processing file /workspaces/f1_data_team/venv/lib/python3.12/site-packages/airflow/example_dags/plugins/decreasing_priority_weight_strategy.py for tasks to queue
[2026-01-04T12:43:01.294+0000] {logging_mixin.py:190} INFO - [2026-01-04T12:43:01.293+0000] {dagbag.py:588} INFO - Filling up the DagBag from /workspaces/f1_data_team/venv/lib/python3.12/site-packages/airflow/example_dags/plugins/decreasing_priority_weight_strategy.py
[2026-01-04T12:43:01.296+0000] {processor.py:927} WARNING - No viable dags retrieved from /workspaces/f1_data_team/venv/lib/python3.12/site-packages/airflow/example_dags/plugins/decreasing_priority_weight_strategy.py
[2026-01-04T12:43:01.304+0000] {processor.py:208} INFO - Processing /workspaces/f1_data_team/venv/lib/python3.12/site-packages/airflow/example_dags/plugins/decreasing_priority_weight_strategy.py took 0.018 seconds
[2026-01-04T12:43:55.022+0000] {processor.py:186} INFO - Started process (PID=37789) to work on /workspaces/f1_data_team/venv/lib/python3.12/site-packages/airflow/example_dags/plugins/decreasing_priority_weight_strategy.py
[2026-01-04T12:43:55.023+0000] {processor.py:914} INFO - Processing file /workspaces/f1_data_team/venv/lib/python3.12/site-packages/airflow/example_dags/plugins/decreasing_priority_weight_strategy.py for tasks to queue
[2026-01-04T12:43:55.025+0000] {logging_mixin.py:190} INFO - [2026-01-04T12:43:55.024+0000] {dagbag.py:588} INFO - Filling up the DagBag from /workspaces/f1_data_team/venv/lib/python3.12/site-packages/airflow/example_dags/plugins/decreasing_priority_weight_strategy.py
[2026-01-04T12:43:55.026+0000] {processor.py:927} WARNING - No viable dags retrieved from /workspaces/f1_data_team/venv/lib/python3.12/site-packages/airflow/example_dags/plugins/decreasing_priority_weight_strategy.py
[2026-01-04T12:43:55.034+0000] {processor.py:208} INFO - Processing /workspaces/f1_data_team/venv/lib/python3.12/site-packages/airflow/example_dags/plugins/decreasing_priority_weight_strategy.py took 0.017 seconds
[2026-01-04T12:44:44.019+0000] {processor.py:186} INFO - Started process (PID=38482) to work on /workspaces/f1_data_team/venv/lib/python3.12/site-packages/airflow/example_dags/plugins/decreasing_priority_weight_strategy.py
[2026-01-04T12:44:44.019+0000] {processor.py:914} INFO - Processing file /workspaces/f1_data_team/venv/lib/python3.12/site-packages/airflow/example_dags/plugins/decreasing_priority_weight_strategy.py for tasks to queue
[2026-01-04T12:44:44.021+0000] {logging_mixin.py:190} INFO - [2026-01-04T12:44:44.021+0000] {dagbag.py:588} INFO - Filling up the DagBag from /workspaces/f1_data_team/venv/lib/python3.12/site-packages/airflow/example_dags/plugins/decreasing_priority_weight_strategy.py
[2026-01-04T12:44:44.023+0000] {processor.py:927} WARNING - No viable dags retrieved from /workspaces/f1_data_team/venv/lib/python3.12/site-packages/airflow/example_dags/plugins/decreasing_priority_weight_strategy.py
[2026-01-04T12:44:44.031+0000] {processor.py:208} INFO - Processing /workspaces/f1_data_team/venv/lib/python3.12/site-packages/airflow/example_dags/plugins/decreasing_priority_weight_strategy.py took 0.017 seconds
[2026-01-04T12:45:48.853+0000] {processor.py:186} INFO - Started process (PID=39550) to work on /workspaces/f1_data_team/venv/lib/python3.12/site-packages/airflow/example_dags/plugins/decreasing_priority_weight_strategy.py
[2026-01-04T12:45:48.854+0000] {processor.py:914} INFO - Processing file /workspaces/f1_data_team/venv/lib/python3.12/site-packages/airflow/example_dags/plugins/decreasing_priority_weight_strategy.py for tasks to queue
[2026-01-04T12:45:48.855+0000] {logging_mixin.py:190} INFO - [2026-01-04T12:45:48.855+0000] {dagbag.py:588} INFO - Filling up the DagBag from /workspaces/f1_data_team/venv/lib/python3.12/site-packages/airflow/example_dags/plugins/decreasing_priority_weight_strategy.py
[2026-01-04T12:45:48.857+0000] {processor.py:927} WARNING - No viable dags retrieved from /workspaces/f1_data_team/venv/lib/python3.12/site-packages/airflow/example_dags/plugins/decreasing_priority_weight_strategy.py
[2026-01-04T12:45:48.865+0000] {processor.py:208} INFO - Processing /workspaces/f1_data_team/venv/lib/python3.12/site-packages/airflow/example_dags/plugins/decreasing_priority_weight_strategy.py took 0.017 seconds
[2026-01-04T12:46:40.348+0000] {processor.py:186} INFO - Started process (PID=40105) to work on /workspaces/f1_data_team/venv/lib/python3.12/site-packages/airflow/example_dags/plugins/decreasing_priority_weight_strategy.py
[2026-01-04T12:46:40.349+0000] {processor.py:914} INFO - Processing file /workspaces/f1_data_team/venv/lib/python3.12/site-packages/airflow/example_dags/plugins/decreasing_priority_weight_strategy.py for tasks to queue
[2026-01-04T12:46:40.351+0000] {logging_mixin.py:190} INFO - [2026-01-04T12:46:40.351+0000] {dagbag.py:588} INFO - Filling up the DagBag from /workspaces/f1_data_team/venv/lib/python3.12/site-packages/airflow/example_dags/plugins/decreasing_priority_weight_strategy.py
[2026-01-04T12:46:40.353+0000] {processor.py:927} WARNING - No viable dags retrieved from /workspaces/f1_data_team/venv/lib/python3.12/site-packages/airflow/example_dags/plugins/decreasing_priority_weight_strategy.py
[2026-01-04T12:46:40.361+0000] {processor.py:208} INFO - Processing /workspaces/f1_data_team/venv/lib/python3.12/site-packages/airflow/example_dags/plugins/decreasing_priority_weight_strategy.py took 0.017 seconds
[2026-01-04T12:47:30.667+0000] {processor.py:186} INFO - Started process (PID=40590) to work on /workspaces/f1_data_team/venv/lib/python3.12/site-packages/airflow/example_dags/plugins/decreasing_priority_weight_strategy.py
[2026-01-04T12:47:30.667+0000] {processor.py:914} INFO - Processing file /workspaces/f1_data_team/venv/lib/python3.12/site-packages/airflow/example_dags/plugins/decreasing_priority_weight_strategy.py for tasks to queue
[2026-01-04T12:47:30.669+0000] {logging_mixin.py:190} INFO - [2026-01-04T12:47:30.669+0000] {dagbag.py:588} INFO - Filling up the DagBag from /workspaces/f1_data_team/venv/lib/python3.12/site-packages/airflow/example_dags/plugins/decreasing_priority_weight_strategy.py
[2026-01-04T12:47:30.671+0000] {processor.py:927} WARNING - No viable dags retrieved from /workspaces/f1_data_team/venv/lib/python3.12/site-packages/airflow/example_dags/plugins/decreasing_priority_weight_strategy.py
[2026-01-04T12:47:30.680+0000] {processor.py:208} INFO - Processing /workspaces/f1_data_team/venv/lib/python3.12/site-packages/airflow/example_dags/plugins/decreasing_priority_weight_strategy.py took 0.018 seconds
[2026-01-04T12:48:34.619+0000] {processor.py:186} INFO - Started process (PID=41419) to work on /workspaces/f1_data_team/venv/lib/python3.12/site-packages/airflow/example_dags/plugins/decreasing_priority_weight_strategy.py
[2026-01-04T12:48:34.620+0000] {processor.py:914} INFO - Processing file /workspaces/f1_data_team/venv/lib/python3.12/site-packages/airflow/example_dags/plugins/decreasing_priority_weight_strategy.py for tasks to queue
[2026-01-04T12:48:34.623+0000] {logging_mixin.py:190} INFO - [2026-01-04T12:48:34.622+0000] {dagbag.py:588} INFO - Filling up the DagBag from /workspaces/f1_data_team/venv/lib/python3.12/site-packages/airflow/example_dags/plugins/decreasing_priority_weight_strategy.py
[2026-01-04T12:48:34.628+0000] {processor.py:927} WARNING - No viable dags retrieved from /workspaces/f1_data_team/venv/lib/python3.12/site-packages/airflow/example_dags/plugins/decreasing_priority_weight_strategy.py
[2026-01-04T12:48:34.644+0000] {processor.py:208} INFO - Processing /workspaces/f1_data_team/venv/lib/python3.12/site-packages/airflow/example_dags/plugins/decreasing_priority_weight_strategy.py took 0.031 seconds
[2026-01-04T12:49:38.061+0000] {processor.py:186} INFO - Started process (PID=42435) to work on /workspaces/f1_data_team/venv/lib/python3.12/site-packages/airflow/example_dags/plugins/decreasing_priority_weight_strategy.py
[2026-01-04T12:49:38.062+0000] {processor.py:914} INFO - Processing file /workspaces/f1_data_team/venv/lib/python3.12/site-packages/airflow/example_dags/plugins/decreasing_priority_weight_strategy.py for tasks to queue
[2026-01-04T12:49:38.064+0000] {logging_mixin.py:190} INFO - [2026-01-04T12:49:38.063+0000] {dagbag.py:588} INFO - Filling up the DagBag from /workspaces/f1_data_team/venv/lib/python3.12/site-packages/airflow/example_dags/plugins/decreasing_priority_weight_strategy.py
[2026-01-04T12:49:38.066+0000] {processor.py:927} WARNING - No viable dags retrieved from /workspaces/f1_data_team/venv/lib/python3.12/site-packages/airflow/example_dags/plugins/decreasing_priority_weight_strategy.py
[2026-01-04T12:49:38.074+0000] {processor.py:208} INFO - Processing /workspaces/f1_data_team/venv/lib/python3.12/site-packages/airflow/example_dags/plugins/decreasing_priority_weight_strategy.py took 0.017 seconds
[2026-01-04T12:50:32.045+0000] {processor.py:186} INFO - Started process (PID=42959) to work on /workspaces/f1_data_team/venv/lib/python3.12/site-packages/airflow/example_dags/plugins/decreasing_priority_weight_strategy.py
[2026-01-04T12:50:32.046+0000] {processor.py:914} INFO - Processing file /workspaces/f1_data_team/venv/lib/python3.12/site-packages/airflow/example_dags/plugins/decreasing_priority_weight_strategy.py for tasks to queue
[2026-01-04T12:50:32.048+0000] {logging_mixin.py:190} INFO - [2026-01-04T12:50:32.048+0000] {dagbag.py:588} INFO - Filling up the DagBag from /workspaces/f1_data_team/venv/lib/python3.12/site-packages/airflow/example_dags/plugins/decreasing_priority_weight_strategy.py
[2026-01-04T12:50:32.050+0000] {processor.py:927} WARNING - No viable dags retrieved from /workspaces/f1_data_team/venv/lib/python3.12/site-packages/airflow/example_dags/plugins/decreasing_priority_weight_strategy.py
[2026-01-04T12:50:32.058+0000] {processor.py:208} INFO - Processing /workspaces/f1_data_team/venv/lib/python3.12/site-packages/airflow/example_dags/plugins/decreasing_priority_weight_strategy.py took 0.017 seconds
[2026-01-04T12:51:09.745+0000] {processor.py:186} INFO - Started process (PID=43525) to work on /workspaces/f1_data_team/venv/lib/python3.12/site-packages/airflow/example_dags/plugins/decreasing_priority_weight_strategy.py
[2026-01-04T12:51:09.746+0000] {processor.py:914} INFO - Processing file /workspaces/f1_data_team/venv/lib/python3.12/site-packages/airflow/example_dags/plugins/decreasing_priority_weight_strategy.py for tasks to queue
[2026-01-04T12:51:09.748+0000] {logging_mixin.py:190} INFO - [2026-01-04T12:51:09.748+0000] {dagbag.py:588} INFO - Filling up the DagBag from /workspaces/f1_data_team/venv/lib/python3.12/site-packages/airflow/example_dags/plugins/decreasing_priority_weight_strategy.py
[2026-01-04T12:51:09.750+0000] {processor.py:927} WARNING - No viable dags retrieved from /workspaces/f1_data_team/venv/lib/python3.12/site-packages/airflow/example_dags/plugins/decreasing_priority_weight_strategy.py
[2026-01-04T12:51:09.759+0000] {processor.py:208} INFO - Processing /workspaces/f1_data_team/venv/lib/python3.12/site-packages/airflow/example_dags/plugins/decreasing_priority_weight_strategy.py took 0.019 seconds
[2026-01-04T12:52:13.135+0000] {processor.py:186} INFO - Started process (PID=44736) to work on /workspaces/f1_data_team/venv/lib/python3.12/site-packages/airflow/example_dags/plugins/decreasing_priority_weight_strategy.py
[2026-01-04T12:52:13.136+0000] {processor.py:914} INFO - Processing file /workspaces/f1_data_team/venv/lib/python3.12/site-packages/airflow/example_dags/plugins/decreasing_priority_weight_strategy.py for tasks to queue
[2026-01-04T12:52:13.138+0000] {logging_mixin.py:190} INFO - [2026-01-04T12:52:13.137+0000] {dagbag.py:588} INFO - Filling up the DagBag from /workspaces/f1_data_team/venv/lib/python3.12/site-packages/airflow/example_dags/plugins/decreasing_priority_weight_strategy.py
[2026-01-04T12:52:13.139+0000] {processor.py:927} WARNING - No viable dags retrieved from /workspaces/f1_data_team/venv/lib/python3.12/site-packages/airflow/example_dags/plugins/decreasing_priority_weight_strategy.py
[2026-01-04T12:52:13.148+0000] {processor.py:208} INFO - Processing /workspaces/f1_data_team/venv/lib/python3.12/site-packages/airflow/example_dags/plugins/decreasing_priority_weight_strategy.py took 0.018 seconds
[2026-01-04T12:53:09.899+0000] {processor.py:186} INFO - Started process (PID=45493) to work on /workspaces/f1_data_team/venv/lib/python3.12/site-packages/airflow/example_dags/plugins/decreasing_priority_weight_strategy.py
[2026-01-04T12:53:09.900+0000] {processor.py:914} INFO - Processing file /workspaces/f1_data_team/venv/lib/python3.12/site-packages/airflow/example_dags/plugins/decreasing_priority_weight_strategy.py for tasks to queue
[2026-01-04T12:53:09.902+0000] {logging_mixin.py:190} INFO - [2026-01-04T12:53:09.902+0000] {dagbag.py:588} INFO - Filling up the DagBag from /workspaces/f1_data_team/venv/lib/python3.12/site-packages/airflow/example_dags/plugins/decreasing_priority_weight_strategy.py
[2026-01-04T12:53:09.904+0000] {processor.py:927} WARNING - No viable dags retrieved from /workspaces/f1_data_team/venv/lib/python3.12/site-packages/airflow/example_dags/plugins/decreasing_priority_weight_strategy.py
[2026-01-04T12:53:09.912+0000] {processor.py:208} INFO - Processing /workspaces/f1_data_team/venv/lib/python3.12/site-packages/airflow/example_dags/plugins/decreasing_priority_weight_strategy.py took 0.018 seconds
[2026-01-04T12:54:03.981+0000] {processor.py:186} INFO - Started process (PID=46203) to work on /workspaces/f1_data_team/venv/lib/python3.12/site-packages/airflow/example_dags/plugins/decreasing_priority_weight_strategy.py
[2026-01-04T12:54:03.981+0000] {processor.py:914} INFO - Processing file /workspaces/f1_data_team/venv/lib/python3.12/site-packages/airflow/example_dags/plugins/decreasing_priority_weight_strategy.py for tasks to queue
[2026-01-04T12:54:03.983+0000] {logging_mixin.py:190} INFO - [2026-01-04T12:54:03.983+0000] {dagbag.py:588} INFO - Filling up the DagBag from /workspaces/f1_data_team/venv/lib/python3.12/site-packages/airflow/example_dags/plugins/decreasing_priority_weight_strategy.py
[2026-01-04T12:54:03.985+0000] {processor.py:927} WARNING - No viable dags retrieved from /workspaces/f1_data_team/venv/lib/python3.12/site-packages/airflow/example_dags/plugins/decreasing_priority_weight_strategy.py
[2026-01-04T12:54:03.993+0000] {processor.py:208} INFO - Processing /workspaces/f1_data_team/venv/lib/python3.12/site-packages/airflow/example_dags/plugins/decreasing_priority_weight_strategy.py took 0.018 seconds
[2026-01-04T12:55:12.173+0000] {processor.py:186} INFO - Started process (PID=47478) to work on /workspaces/f1_data_team/venv/lib/python3.12/site-packages/airflow/example_dags/plugins/decreasing_priority_weight_strategy.py
[2026-01-04T12:55:12.174+0000] {processor.py:914} INFO - Processing file /workspaces/f1_data_team/venv/lib/python3.12/site-packages/airflow/example_dags/plugins/decreasing_priority_weight_strategy.py for tasks to queue
[2026-01-04T12:55:12.176+0000] {logging_mixin.py:190} INFO - [2026-01-04T12:55:12.175+0000] {dagbag.py:588} INFO - Filling up the DagBag from /workspaces/f1_data_team/venv/lib/python3.12/site-packages/airflow/example_dags/plugins/decreasing_priority_weight_strategy.py
[2026-01-04T12:55:12.177+0000] {processor.py:927} WARNING - No viable dags retrieved from /workspaces/f1_data_team/venv/lib/python3.12/site-packages/airflow/example_dags/plugins/decreasing_priority_weight_strategy.py
[2026-01-04T12:55:12.186+0000] {processor.py:208} INFO - Processing /workspaces/f1_data_team/venv/lib/python3.12/site-packages/airflow/example_dags/plugins/decreasing_priority_weight_strategy.py took 0.018 seconds
[2026-01-04T12:55:52.259+0000] {processor.py:186} INFO - Started process (PID=47858) to work on /workspaces/f1_data_team/venv/lib/python3.12/site-packages/airflow/example_dags/plugins/decreasing_priority_weight_strategy.py
[2026-01-04T12:55:52.259+0000] {processor.py:914} INFO - Processing file /workspaces/f1_data_team/venv/lib/python3.12/site-packages/airflow/example_dags/plugins/decreasing_priority_weight_strategy.py for tasks to queue
[2026-01-04T12:55:52.261+0000] {logging_mixin.py:190} INFO - [2026-01-04T12:55:52.261+0000] {dagbag.py:588} INFO - Filling up the DagBag from /workspaces/f1_data_team/venv/lib/python3.12/site-packages/airflow/example_dags/plugins/decreasing_priority_weight_strategy.py
[2026-01-04T12:55:52.263+0000] {processor.py:927} WARNING - No viable dags retrieved from /workspaces/f1_data_team/venv/lib/python3.12/site-packages/airflow/example_dags/plugins/decreasing_priority_weight_strategy.py
[2026-01-04T12:55:52.271+0000] {processor.py:208} INFO - Processing /workspaces/f1_data_team/venv/lib/python3.12/site-packages/airflow/example_dags/plugins/decreasing_priority_weight_strategy.py took 0.017 seconds
[2026-01-04T12:56:44.399+0000] {processor.py:186} INFO - Started process (PID=48386) to work on /workspaces/f1_data_team/venv/lib/python3.12/site-packages/airflow/example_dags/plugins/decreasing_priority_weight_strategy.py
[2026-01-04T12:56:44.400+0000] {processor.py:914} INFO - Processing file /workspaces/f1_data_team/venv/lib/python3.12/site-packages/airflow/example_dags/plugins/decreasing_priority_weight_strategy.py for tasks to queue
[2026-01-04T12:56:44.402+0000] {logging_mixin.py:190} INFO - [2026-01-04T12:56:44.402+0000] {dagbag.py:588} INFO - Filling up the DagBag from /workspaces/f1_data_team/venv/lib/python3.12/site-packages/airflow/example_dags/plugins/decreasing_priority_weight_strategy.py
[2026-01-04T12:56:44.404+0000] {processor.py:927} WARNING - No viable dags retrieved from /workspaces/f1_data_team/venv/lib/python3.12/site-packages/airflow/example_dags/plugins/decreasing_priority_weight_strategy.py
[2026-01-04T12:56:44.413+0000] {processor.py:208} INFO - Processing /workspaces/f1_data_team/venv/lib/python3.12/site-packages/airflow/example_dags/plugins/decreasing_priority_weight_strategy.py took 0.018 seconds
[2026-01-04T12:57:34.901+0000] {processor.py:186} INFO - Started process (PID=48872) to work on /workspaces/f1_data_team/venv/lib/python3.12/site-packages/airflow/example_dags/plugins/decreasing_priority_weight_strategy.py
[2026-01-04T12:57:34.901+0000] {processor.py:914} INFO - Processing file /workspaces/f1_data_team/venv/lib/python3.12/site-packages/airflow/example_dags/plugins/decreasing_priority_weight_strategy.py for tasks to queue
[2026-01-04T12:57:34.903+0000] {logging_mixin.py:190} INFO - [2026-01-04T12:57:34.903+0000] {dagbag.py:588} INFO - Filling up the DagBag from /workspaces/f1_data_team/venv/lib/python3.12/site-packages/airflow/example_dags/plugins/decreasing_priority_weight_strategy.py
[2026-01-04T12:57:34.906+0000] {processor.py:927} WARNING - No viable dags retrieved from /workspaces/f1_data_team/venv/lib/python3.12/site-packages/airflow/example_dags/plugins/decreasing_priority_weight_strategy.py
[2026-01-04T12:57:34.916+0000] {processor.py:208} INFO - Processing /workspaces/f1_data_team/venv/lib/python3.12/site-packages/airflow/example_dags/plugins/decreasing_priority_weight_strategy.py took 0.020 seconds
[2026-01-04T12:58:26.324+0000] {processor.py:186} INFO - Started process (PID=49381) to work on /workspaces/f1_data_team/venv/lib/python3.12/site-packages/airflow/example_dags/plugins/decreasing_priority_weight_strategy.py
[2026-01-04T12:58:26.324+0000] {processor.py:914} INFO - Processing file /workspaces/f1_data_team/venv/lib/python3.12/site-packages/airflow/example_dags/plugins/decreasing_priority_weight_strategy.py for tasks to queue
[2026-01-04T12:58:26.326+0000] {logging_mixin.py:190} INFO - [2026-01-04T12:58:26.326+0000] {dagbag.py:588} INFO - Filling up the DagBag from /workspaces/f1_data_team/venv/lib/python3.12/site-packages/airflow/example_dags/plugins/decreasing_priority_weight_strategy.py
[2026-01-04T12:58:26.328+0000] {processor.py:927} WARNING - No viable dags retrieved from /workspaces/f1_data_team/venv/lib/python3.12/site-packages/airflow/example_dags/plugins/decreasing_priority_weight_strategy.py
[2026-01-04T12:58:26.336+0000] {processor.py:208} INFO - Processing /workspaces/f1_data_team/venv/lib/python3.12/site-packages/airflow/example_dags/plugins/decreasing_priority_weight_strategy.py took 0.017 seconds
[2026-01-04T12:59:22.337+0000] {processor.py:186} INFO - Started process (PID=49916) to work on /workspaces/f1_data_team/venv/lib/python3.12/site-packages/airflow/example_dags/plugins/decreasing_priority_weight_strategy.py
[2026-01-04T12:59:22.338+0000] {processor.py:914} INFO - Processing file /workspaces/f1_data_team/venv/lib/python3.12/site-packages/airflow/example_dags/plugins/decreasing_priority_weight_strategy.py for tasks to queue
[2026-01-04T12:59:22.341+0000] {logging_mixin.py:190} INFO - [2026-01-04T12:59:22.341+0000] {dagbag.py:588} INFO - Filling up the DagBag from /workspaces/f1_data_team/venv/lib/python3.12/site-packages/airflow/example_dags/plugins/decreasing_priority_weight_strategy.py
[2026-01-04T12:59:22.343+0000] {processor.py:927} WARNING - No viable dags retrieved from /workspaces/f1_data_team/venv/lib/python3.12/site-packages/airflow/example_dags/plugins/decreasing_priority_weight_strategy.py
[2026-01-04T12:59:22.354+0000] {processor.py:208} INFO - Processing /workspaces/f1_data_team/venv/lib/python3.12/site-packages/airflow/example_dags/plugins/decreasing_priority_weight_strategy.py took 0.023 seconds
[2026-01-04T13:00:16.161+0000] {processor.py:186} INFO - Started process (PID=50520) to work on /workspaces/f1_data_team/venv/lib/python3.12/site-packages/airflow/example_dags/plugins/decreasing_priority_weight_strategy.py
[2026-01-04T13:00:16.171+0000] {processor.py:914} INFO - Processing file /workspaces/f1_data_team/venv/lib/python3.12/site-packages/airflow/example_dags/plugins/decreasing_priority_weight_strategy.py for tasks to queue
[2026-01-04T13:00:16.173+0000] {logging_mixin.py:190} INFO - [2026-01-04T13:00:16.173+0000] {dagbag.py:588} INFO - Filling up the DagBag from /workspaces/f1_data_team/venv/lib/python3.12/site-packages/airflow/example_dags/plugins/decreasing_priority_weight_strategy.py
[2026-01-04T13:00:16.175+0000] {processor.py:927} WARNING - No viable dags retrieved from /workspaces/f1_data_team/venv/lib/python3.12/site-packages/airflow/example_dags/plugins/decreasing_priority_weight_strategy.py
[2026-01-04T13:00:16.187+0000] {processor.py:208} INFO - Processing /workspaces/f1_data_team/venv/lib/python3.12/site-packages/airflow/example_dags/plugins/decreasing_priority_weight_strategy.py took 0.034 seconds
[2026-01-04T13:01:08.689+0000] {processor.py:186} INFO - Started process (PID=51063) to work on /workspaces/f1_data_team/venv/lib/python3.12/site-packages/airflow/example_dags/plugins/decreasing_priority_weight_strategy.py
[2026-01-04T13:01:08.690+0000] {processor.py:914} INFO - Processing file /workspaces/f1_data_team/venv/lib/python3.12/site-packages/airflow/example_dags/plugins/decreasing_priority_weight_strategy.py for tasks to queue
[2026-01-04T13:01:08.692+0000] {logging_mixin.py:190} INFO - [2026-01-04T13:01:08.691+0000] {dagbag.py:588} INFO - Filling up the DagBag from /workspaces/f1_data_team/venv/lib/python3.12/site-packages/airflow/example_dags/plugins/decreasing_priority_weight_strategy.py
[2026-01-04T13:01:08.694+0000] {processor.py:927} WARNING - No viable dags retrieved from /workspaces/f1_data_team/venv/lib/python3.12/site-packages/airflow/example_dags/plugins/decreasing_priority_weight_strategy.py
[2026-01-04T13:01:08.702+0000] {processor.py:208} INFO - Processing /workspaces/f1_data_team/venv/lib/python3.12/site-packages/airflow/example_dags/plugins/decreasing_priority_weight_strategy.py took 0.019 seconds
[2026-01-04T13:01:57.290+0000] {processor.py:186} INFO - Started process (PID=51753) to work on /workspaces/f1_data_team/venv/lib/python3.12/site-packages/airflow/example_dags/plugins/decreasing_priority_weight_strategy.py
[2026-01-04T13:01:57.291+0000] {processor.py:914} INFO - Processing file /workspaces/f1_data_team/venv/lib/python3.12/site-packages/airflow/example_dags/plugins/decreasing_priority_weight_strategy.py for tasks to queue
[2026-01-04T13:01:57.293+0000] {logging_mixin.py:190} INFO - [2026-01-04T13:01:57.292+0000] {dagbag.py:588} INFO - Filling up the DagBag from /workspaces/f1_data_team/venv/lib/python3.12/site-packages/airflow/example_dags/plugins/decreasing_priority_weight_strategy.py
[2026-01-04T13:01:57.295+0000] {processor.py:927} WARNING - No viable dags retrieved from /workspaces/f1_data_team/venv/lib/python3.12/site-packages/airflow/example_dags/plugins/decreasing_priority_weight_strategy.py
[2026-01-04T13:01:57.303+0000] {processor.py:208} INFO - Processing /workspaces/f1_data_team/venv/lib/python3.12/site-packages/airflow/example_dags/plugins/decreasing_priority_weight_strategy.py took 0.017 seconds
[2026-01-04T13:02:48.671+0000] {processor.py:186} INFO - Started process (PID=52358) to work on /workspaces/f1_data_team/venv/lib/python3.12/site-packages/airflow/example_dags/plugins/decreasing_priority_weight_strategy.py
[2026-01-04T13:02:48.672+0000] {processor.py:914} INFO - Processing file /workspaces/f1_data_team/venv/lib/python3.12/site-packages/airflow/example_dags/plugins/decreasing_priority_weight_strategy.py for tasks to queue
[2026-01-04T13:02:48.674+0000] {logging_mixin.py:190} INFO - [2026-01-04T13:02:48.674+0000] {dagbag.py:588} INFO - Filling up the DagBag from /workspaces/f1_data_team/venv/lib/python3.12/site-packages/airflow/example_dags/plugins/decreasing_priority_weight_strategy.py
[2026-01-04T13:02:48.676+0000] {processor.py:927} WARNING - No viable dags retrieved from /workspaces/f1_data_team/venv/lib/python3.12/site-packages/airflow/example_dags/plugins/decreasing_priority_weight_strategy.py
[2026-01-04T13:02:48.684+0000] {processor.py:208} INFO - Processing /workspaces/f1_data_team/venv/lib/python3.12/site-packages/airflow/example_dags/plugins/decreasing_priority_weight_strategy.py took 0.017 seconds
[2026-01-04T13:03:37.784+0000] {processor.py:186} INFO - Started process (PID=52827) to work on /workspaces/f1_data_team/venv/lib/python3.12/site-packages/airflow/example_dags/plugins/decreasing_priority_weight_strategy.py
[2026-01-04T13:03:37.784+0000] {processor.py:914} INFO - Processing file /workspaces/f1_data_team/venv/lib/python3.12/site-packages/airflow/example_dags/plugins/decreasing_priority_weight_strategy.py for tasks to queue
[2026-01-04T13:03:37.786+0000] {logging_mixin.py:190} INFO - [2026-01-04T13:03:37.786+0000] {dagbag.py:588} INFO - Filling up the DagBag from /workspaces/f1_data_team/venv/lib/python3.12/site-packages/airflow/example_dags/plugins/decreasing_priority_weight_strategy.py
[2026-01-04T13:03:37.788+0000] {processor.py:927} WARNING - No viable dags retrieved from /workspaces/f1_data_team/venv/lib/python3.12/site-packages/airflow/example_dags/plugins/decreasing_priority_weight_strategy.py
[2026-01-04T13:03:37.797+0000] {processor.py:208} INFO - Processing /workspaces/f1_data_team/venv/lib/python3.12/site-packages/airflow/example_dags/plugins/decreasing_priority_weight_strategy.py took 0.017 seconds
[2026-01-04T13:04:26.179+0000] {processor.py:186} INFO - Started process (PID=53276) to work on /workspaces/f1_data_team/venv/lib/python3.12/site-packages/airflow/example_dags/plugins/decreasing_priority_weight_strategy.py
[2026-01-04T13:04:26.180+0000] {processor.py:914} INFO - Processing file /workspaces/f1_data_team/venv/lib/python3.12/site-packages/airflow/example_dags/plugins/decreasing_priority_weight_strategy.py for tasks to queue
[2026-01-04T13:04:26.182+0000] {logging_mixin.py:190} INFO - [2026-01-04T13:04:26.181+0000] {dagbag.py:588} INFO - Filling up the DagBag from /workspaces/f1_data_team/venv/lib/python3.12/site-packages/airflow/example_dags/plugins/decreasing_priority_weight_strategy.py
[2026-01-04T13:04:26.184+0000] {processor.py:927} WARNING - No viable dags retrieved from /workspaces/f1_data_team/venv/lib/python3.12/site-packages/airflow/example_dags/plugins/decreasing_priority_weight_strategy.py
[2026-01-04T13:04:26.192+0000] {processor.py:208} INFO - Processing /workspaces/f1_data_team/venv/lib/python3.12/site-packages/airflow/example_dags/plugins/decreasing_priority_weight_strategy.py took 0.019 seconds
[2026-01-04T13:05:19.990+0000] {processor.py:186} INFO - Started process (PID=53748) to work on /workspaces/f1_data_team/venv/lib/python3.12/site-packages/airflow/example_dags/plugins/decreasing_priority_weight_strategy.py
[2026-01-04T13:05:19.990+0000] {processor.py:914} INFO - Processing file /workspaces/f1_data_team/venv/lib/python3.12/site-packages/airflow/example_dags/plugins/decreasing_priority_weight_strategy.py for tasks to queue
[2026-01-04T13:05:19.992+0000] {logging_mixin.py:190} INFO - [2026-01-04T13:05:19.992+0000] {dagbag.py:588} INFO - Filling up the DagBag from /workspaces/f1_data_team/venv/lib/python3.12/site-packages/airflow/example_dags/plugins/decreasing_priority_weight_strategy.py
[2026-01-04T13:05:19.994+0000] {processor.py:927} WARNING - No viable dags retrieved from /workspaces/f1_data_team/venv/lib/python3.12/site-packages/airflow/example_dags/plugins/decreasing_priority_weight_strategy.py
[2026-01-04T13:05:20.002+0000] {processor.py:208} INFO - Processing /workspaces/f1_data_team/venv/lib/python3.12/site-packages/airflow/example_dags/plugins/decreasing_priority_weight_strategy.py took 0.017 seconds
[2026-01-04T13:06:15.302+0000] {processor.py:186} INFO - Started process (PID=54474) to work on /workspaces/f1_data_team/venv/lib/python3.12/site-packages/airflow/example_dags/plugins/decreasing_priority_weight_strategy.py
[2026-01-04T13:06:15.303+0000] {processor.py:914} INFO - Processing file /workspaces/f1_data_team/venv/lib/python3.12/site-packages/airflow/example_dags/plugins/decreasing_priority_weight_strategy.py for tasks to queue
[2026-01-04T13:06:15.305+0000] {logging_mixin.py:190} INFO - [2026-01-04T13:06:15.305+0000] {dagbag.py:588} INFO - Filling up the DagBag from /workspaces/f1_data_team/venv/lib/python3.12/site-packages/airflow/example_dags/plugins/decreasing_priority_weight_strategy.py
[2026-01-04T13:06:15.307+0000] {processor.py:927} WARNING - No viable dags retrieved from /workspaces/f1_data_team/venv/lib/python3.12/site-packages/airflow/example_dags/plugins/decreasing_priority_weight_strategy.py
[2026-01-04T13:06:15.315+0000] {processor.py:208} INFO - Processing /workspaces/f1_data_team/venv/lib/python3.12/site-packages/airflow/example_dags/plugins/decreasing_priority_weight_strategy.py took 0.017 seconds
[2026-01-04T13:07:06.927+0000] {processor.py:186} INFO - Started process (PID=54937) to work on /workspaces/f1_data_team/venv/lib/python3.12/site-packages/airflow/example_dags/plugins/decreasing_priority_weight_strategy.py
[2026-01-04T13:07:06.928+0000] {processor.py:914} INFO - Processing file /workspaces/f1_data_team/venv/lib/python3.12/site-packages/airflow/example_dags/plugins/decreasing_priority_weight_strategy.py for tasks to queue
[2026-01-04T13:07:06.930+0000] {logging_mixin.py:190} INFO - [2026-01-04T13:07:06.929+0000] {dagbag.py:588} INFO - Filling up the DagBag from /workspaces/f1_data_team/venv/lib/python3.12/site-packages/airflow/example_dags/plugins/decreasing_priority_weight_strategy.py
[2026-01-04T13:07:06.932+0000] {processor.py:927} WARNING - No viable dags retrieved from /workspaces/f1_data_team/venv/lib/python3.12/site-packages/airflow/example_dags/plugins/decreasing_priority_weight_strategy.py
[2026-01-04T13:07:06.942+0000] {processor.py:208} INFO - Processing /workspaces/f1_data_team/venv/lib/python3.12/site-packages/airflow/example_dags/plugins/decreasing_priority_weight_strategy.py took 0.019 seconds
[2026-01-04T13:08:04.352+0000] {processor.py:186} INFO - Started process (PID=55375) to work on /workspaces/f1_data_team/venv/lib/python3.12/site-packages/airflow/example_dags/plugins/decreasing_priority_weight_strategy.py
[2026-01-04T13:08:04.353+0000] {processor.py:914} INFO - Processing file /workspaces/f1_data_team/venv/lib/python3.12/site-packages/airflow/example_dags/plugins/decreasing_priority_weight_strategy.py for tasks to queue
[2026-01-04T13:08:04.355+0000] {logging_mixin.py:190} INFO - [2026-01-04T13:08:04.354+0000] {dagbag.py:588} INFO - Filling up the DagBag from /workspaces/f1_data_team/venv/lib/python3.12/site-packages/airflow/example_dags/plugins/decreasing_priority_weight_strategy.py
[2026-01-04T13:08:04.356+0000] {processor.py:927} WARNING - No viable dags retrieved from /workspaces/f1_data_team/venv/lib/python3.12/site-packages/airflow/example_dags/plugins/decreasing_priority_weight_strategy.py
[2026-01-04T13:08:04.365+0000] {processor.py:208} INFO - Processing /workspaces/f1_data_team/venv/lib/python3.12/site-packages/airflow/example_dags/plugins/decreasing_priority_weight_strategy.py took 0.018 seconds
[2026-01-04T13:08:57.574+0000] {processor.py:186} INFO - Started process (PID=55852) to work on /workspaces/f1_data_team/venv/lib/python3.12/site-packages/airflow/example_dags/plugins/decreasing_priority_weight_strategy.py
[2026-01-04T13:08:57.574+0000] {processor.py:914} INFO - Processing file /workspaces/f1_data_team/venv/lib/python3.12/site-packages/airflow/example_dags/plugins/decreasing_priority_weight_strategy.py for tasks to queue
[2026-01-04T13:08:57.577+0000] {logging_mixin.py:190} INFO - [2026-01-04T13:08:57.576+0000] {dagbag.py:588} INFO - Filling up the DagBag from /workspaces/f1_data_team/venv/lib/python3.12/site-packages/airflow/example_dags/plugins/decreasing_priority_weight_strategy.py
[2026-01-04T13:08:57.578+0000] {processor.py:927} WARNING - No viable dags retrieved from /workspaces/f1_data_team/venv/lib/python3.12/site-packages/airflow/example_dags/plugins/decreasing_priority_weight_strategy.py
[2026-01-04T13:08:57.587+0000] {processor.py:208} INFO - Processing /workspaces/f1_data_team/venv/lib/python3.12/site-packages/airflow/example_dags/plugins/decreasing_priority_weight_strategy.py took 0.018 seconds
[2026-01-04T13:09:47.157+0000] {processor.py:186} INFO - Started process (PID=56248) to work on /workspaces/f1_data_team/venv/lib/python3.12/site-packages/airflow/example_dags/plugins/decreasing_priority_weight_strategy.py
[2026-01-04T13:09:47.157+0000] {processor.py:914} INFO - Processing file /workspaces/f1_data_team/venv/lib/python3.12/site-packages/airflow/example_dags/plugins/decreasing_priority_weight_strategy.py for tasks to queue
[2026-01-04T13:09:47.159+0000] {logging_mixin.py:190} INFO - [2026-01-04T13:09:47.159+0000] {dagbag.py:588} INFO - Filling up the DagBag from /workspaces/f1_data_team/venv/lib/python3.12/site-packages/airflow/example_dags/plugins/decreasing_priority_weight_strategy.py
[2026-01-04T13:09:47.161+0000] {processor.py:927} WARNING - No viable dags retrieved from /workspaces/f1_data_team/venv/lib/python3.12/site-packages/airflow/example_dags/plugins/decreasing_priority_weight_strategy.py
[2026-01-04T13:09:47.169+0000] {processor.py:208} INFO - Processing /workspaces/f1_data_team/venv/lib/python3.12/site-packages/airflow/example_dags/plugins/decreasing_priority_weight_strategy.py took 0.017 seconds
[2026-01-04T13:10:40.161+0000] {processor.py:186} INFO - Started process (PID=56665) to work on /workspaces/f1_data_team/venv/lib/python3.12/site-packages/airflow/example_dags/plugins/decreasing_priority_weight_strategy.py
[2026-01-04T13:10:40.162+0000] {processor.py:914} INFO - Processing file /workspaces/f1_data_team/venv/lib/python3.12/site-packages/airflow/example_dags/plugins/decreasing_priority_weight_strategy.py for tasks to queue
[2026-01-04T13:10:40.164+0000] {logging_mixin.py:190} INFO - [2026-01-04T13:10:40.163+0000] {dagbag.py:588} INFO - Filling up the DagBag from /workspaces/f1_data_team/venv/lib/python3.12/site-packages/airflow/example_dags/plugins/decreasing_priority_weight_strategy.py
[2026-01-04T13:10:40.166+0000] {processor.py:927} WARNING - No viable dags retrieved from /workspaces/f1_data_team/venv/lib/python3.12/site-packages/airflow/example_dags/plugins/decreasing_priority_weight_strategy.py
[2026-01-04T13:10:40.174+0000] {processor.py:208} INFO - Processing /workspaces/f1_data_team/venv/lib/python3.12/site-packages/airflow/example_dags/plugins/decreasing_priority_weight_strategy.py took 0.017 seconds
[2026-01-04T13:11:33.662+0000] {processor.py:186} INFO - Started process (PID=57153) to work on /workspaces/f1_data_team/venv/lib/python3.12/site-packages/airflow/example_dags/plugins/decreasing_priority_weight_strategy.py
[2026-01-04T13:11:33.663+0000] {processor.py:914} INFO - Processing file /workspaces/f1_data_team/venv/lib/python3.12/site-packages/airflow/example_dags/plugins/decreasing_priority_weight_strategy.py for tasks to queue
[2026-01-04T13:11:33.665+0000] {logging_mixin.py:190} INFO - [2026-01-04T13:11:33.664+0000] {dagbag.py:588} INFO - Filling up the DagBag from /workspaces/f1_data_team/venv/lib/python3.12/site-packages/airflow/example_dags/plugins/decreasing_priority_weight_strategy.py
[2026-01-04T13:11:33.666+0000] {processor.py:927} WARNING - No viable dags retrieved from /workspaces/f1_data_team/venv/lib/python3.12/site-packages/airflow/example_dags/plugins/decreasing_priority_weight_strategy.py
[2026-01-04T13:11:33.675+0000] {processor.py:208} INFO - Processing /workspaces/f1_data_team/venv/lib/python3.12/site-packages/airflow/example_dags/plugins/decreasing_priority_weight_strategy.py took 0.017 seconds
[2026-01-04T13:12:24.671+0000] {processor.py:186} INFO - Started process (PID=57562) to work on /workspaces/f1_data_team/venv/lib/python3.12/site-packages/airflow/example_dags/plugins/decreasing_priority_weight_strategy.py
[2026-01-04T13:12:24.672+0000] {processor.py:914} INFO - Processing file /workspaces/f1_data_team/venv/lib/python3.12/site-packages/airflow/example_dags/plugins/decreasing_priority_weight_strategy.py for tasks to queue
[2026-01-04T13:12:24.674+0000] {logging_mixin.py:190} INFO - [2026-01-04T13:12:24.673+0000] {dagbag.py:588} INFO - Filling up the DagBag from /workspaces/f1_data_team/venv/lib/python3.12/site-packages/airflow/example_dags/plugins/decreasing_priority_weight_strategy.py
[2026-01-04T13:12:24.676+0000] {processor.py:927} WARNING - No viable dags retrieved from /workspaces/f1_data_team/venv/lib/python3.12/site-packages/airflow/example_dags/plugins/decreasing_priority_weight_strategy.py
[2026-01-04T13:12:24.684+0000] {processor.py:208} INFO - Processing /workspaces/f1_data_team/venv/lib/python3.12/site-packages/airflow/example_dags/plugins/decreasing_priority_weight_strategy.py took 0.017 seconds
[2026-01-04T13:13:16.750+0000] {processor.py:186} INFO - Started process (PID=57975) to work on /workspaces/f1_data_team/venv/lib/python3.12/site-packages/airflow/example_dags/plugins/decreasing_priority_weight_strategy.py
[2026-01-04T13:13:16.750+0000] {processor.py:914} INFO - Processing file /workspaces/f1_data_team/venv/lib/python3.12/site-packages/airflow/example_dags/plugins/decreasing_priority_weight_strategy.py for tasks to queue
[2026-01-04T13:13:16.752+0000] {logging_mixin.py:190} INFO - [2026-01-04T13:13:16.752+0000] {dagbag.py:588} INFO - Filling up the DagBag from /workspaces/f1_data_team/venv/lib/python3.12/site-packages/airflow/example_dags/plugins/decreasing_priority_weight_strategy.py
[2026-01-04T13:13:16.754+0000] {processor.py:927} WARNING - No viable dags retrieved from /workspaces/f1_data_team/venv/lib/python3.12/site-packages/airflow/example_dags/plugins/decreasing_priority_weight_strategy.py
[2026-01-04T13:13:16.762+0000] {processor.py:208} INFO - Processing /workspaces/f1_data_team/venv/lib/python3.12/site-packages/airflow/example_dags/plugins/decreasing_priority_weight_strategy.py took 0.017 seconds
[2026-01-04T13:14:09.713+0000] {processor.py:186} INFO - Started process (PID=58394) to work on /workspaces/f1_data_team/venv/lib/python3.12/site-packages/airflow/example_dags/plugins/decreasing_priority_weight_strategy.py
[2026-01-04T13:14:09.714+0000] {processor.py:914} INFO - Processing file /workspaces/f1_data_team/venv/lib/python3.12/site-packages/airflow/example_dags/plugins/decreasing_priority_weight_strategy.py for tasks to queue
[2026-01-04T13:14:09.716+0000] {logging_mixin.py:190} INFO - [2026-01-04T13:14:09.716+0000] {dagbag.py:588} INFO - Filling up the DagBag from /workspaces/f1_data_team/venv/lib/python3.12/site-packages/airflow/example_dags/plugins/decreasing_priority_weight_strategy.py
[2026-01-04T13:14:09.718+0000] {processor.py:927} WARNING - No viable dags retrieved from /workspaces/f1_data_team/venv/lib/python3.12/site-packages/airflow/example_dags/plugins/decreasing_priority_weight_strategy.py
[2026-01-04T13:14:09.726+0000] {processor.py:208} INFO - Processing /workspaces/f1_data_team/venv/lib/python3.12/site-packages/airflow/example_dags/plugins/decreasing_priority_weight_strategy.py took 0.017 seconds
[2026-01-04T13:15:00.516+0000] {processor.py:186} INFO - Started process (PID=58743) to work on /workspaces/f1_data_team/venv/lib/python3.12/site-packages/airflow/example_dags/plugins/decreasing_priority_weight_strategy.py
[2026-01-04T13:15:00.517+0000] {processor.py:914} INFO - Processing file /workspaces/f1_data_team/venv/lib/python3.12/site-packages/airflow/example_dags/plugins/decreasing_priority_weight_strategy.py for tasks to queue
[2026-01-04T13:15:00.518+0000] {logging_mixin.py:190} INFO - [2026-01-04T13:15:00.518+0000] {dagbag.py:588} INFO - Filling up the DagBag from /workspaces/f1_data_team/venv/lib/python3.12/site-packages/airflow/example_dags/plugins/decreasing_priority_weight_strategy.py
[2026-01-04T13:15:00.520+0000] {processor.py:927} WARNING - No viable dags retrieved from /workspaces/f1_data_team/venv/lib/python3.12/site-packages/airflow/example_dags/plugins/decreasing_priority_weight_strategy.py
[2026-01-04T13:15:00.529+0000] {processor.py:208} INFO - Processing /workspaces/f1_data_team/venv/lib/python3.12/site-packages/airflow/example_dags/plugins/decreasing_priority_weight_strategy.py took 0.018 seconds
[2026-01-04T13:15:51.969+0000] {processor.py:186} INFO - Started process (PID=59166) to work on /workspaces/f1_data_team/venv/lib/python3.12/site-packages/airflow/example_dags/plugins/decreasing_priority_weight_strategy.py
[2026-01-04T13:15:51.970+0000] {processor.py:914} INFO - Processing file /workspaces/f1_data_team/venv/lib/python3.12/site-packages/airflow/example_dags/plugins/decreasing_priority_weight_strategy.py for tasks to queue
[2026-01-04T13:15:51.971+0000] {logging_mixin.py:190} INFO - [2026-01-04T13:15:51.971+0000] {dagbag.py:588} INFO - Filling up the DagBag from /workspaces/f1_data_team/venv/lib/python3.12/site-packages/airflow/example_dags/plugins/decreasing_priority_weight_strategy.py
[2026-01-04T13:15:51.973+0000] {processor.py:927} WARNING - No viable dags retrieved from /workspaces/f1_data_team/venv/lib/python3.12/site-packages/airflow/example_dags/plugins/decreasing_priority_weight_strategy.py
[2026-01-04T13:15:51.982+0000] {processor.py:208} INFO - Processing /workspaces/f1_data_team/venv/lib/python3.12/site-packages/airflow/example_dags/plugins/decreasing_priority_weight_strategy.py took 0.018 seconds
[2026-01-04T13:16:45.063+0000] {processor.py:186} INFO - Started process (PID=59655) to work on /workspaces/f1_data_team/venv/lib/python3.12/site-packages/airflow/example_dags/plugins/decreasing_priority_weight_strategy.py
[2026-01-04T13:16:45.064+0000] {processor.py:914} INFO - Processing file /workspaces/f1_data_team/venv/lib/python3.12/site-packages/airflow/example_dags/plugins/decreasing_priority_weight_strategy.py for tasks to queue
[2026-01-04T13:16:45.066+0000] {logging_mixin.py:190} INFO - [2026-01-04T13:16:45.066+0000] {dagbag.py:588} INFO - Filling up the DagBag from /workspaces/f1_data_team/venv/lib/python3.12/site-packages/airflow/example_dags/plugins/decreasing_priority_weight_strategy.py
[2026-01-04T13:16:45.068+0000] {processor.py:927} WARNING - No viable dags retrieved from /workspaces/f1_data_team/venv/lib/python3.12/site-packages/airflow/example_dags/plugins/decreasing_priority_weight_strategy.py
[2026-01-04T13:16:45.076+0000] {processor.py:208} INFO - Processing /workspaces/f1_data_team/venv/lib/python3.12/site-packages/airflow/example_dags/plugins/decreasing_priority_weight_strategy.py took 0.019 seconds
[2026-01-04T13:17:35.301+0000] {processor.py:186} INFO - Started process (PID=60059) to work on /workspaces/f1_data_team/venv/lib/python3.12/site-packages/airflow/example_dags/plugins/decreasing_priority_weight_strategy.py
[2026-01-04T13:17:35.301+0000] {processor.py:914} INFO - Processing file /workspaces/f1_data_team/venv/lib/python3.12/site-packages/airflow/example_dags/plugins/decreasing_priority_weight_strategy.py for tasks to queue
[2026-01-04T13:17:35.303+0000] {logging_mixin.py:190} INFO - [2026-01-04T13:17:35.303+0000] {dagbag.py:588} INFO - Filling up the DagBag from /workspaces/f1_data_team/venv/lib/python3.12/site-packages/airflow/example_dags/plugins/decreasing_priority_weight_strategy.py
[2026-01-04T13:17:35.305+0000] {processor.py:927} WARNING - No viable dags retrieved from /workspaces/f1_data_team/venv/lib/python3.12/site-packages/airflow/example_dags/plugins/decreasing_priority_weight_strategy.py
[2026-01-04T13:17:35.314+0000] {processor.py:208} INFO - Processing /workspaces/f1_data_team/venv/lib/python3.12/site-packages/airflow/example_dags/plugins/decreasing_priority_weight_strategy.py took 0.018 seconds
[2026-01-04T13:18:26.637+0000] {processor.py:186} INFO - Started process (PID=60469) to work on /workspaces/f1_data_team/venv/lib/python3.12/site-packages/airflow/example_dags/plugins/decreasing_priority_weight_strategy.py
[2026-01-04T13:18:26.638+0000] {processor.py:914} INFO - Processing file /workspaces/f1_data_team/venv/lib/python3.12/site-packages/airflow/example_dags/plugins/decreasing_priority_weight_strategy.py for tasks to queue
[2026-01-04T13:18:26.640+0000] {logging_mixin.py:190} INFO - [2026-01-04T13:18:26.640+0000] {dagbag.py:588} INFO - Filling up the DagBag from /workspaces/f1_data_team/venv/lib/python3.12/site-packages/airflow/example_dags/plugins/decreasing_priority_weight_strategy.py
[2026-01-04T13:18:26.642+0000] {processor.py:927} WARNING - No viable dags retrieved from /workspaces/f1_data_team/venv/lib/python3.12/site-packages/airflow/example_dags/plugins/decreasing_priority_weight_strategy.py
[2026-01-04T13:18:26.650+0000] {processor.py:208} INFO - Processing /workspaces/f1_data_team/venv/lib/python3.12/site-packages/airflow/example_dags/plugins/decreasing_priority_weight_strategy.py took 0.018 seconds
[2026-01-04T13:19:19.039+0000] {processor.py:186} INFO - Started process (PID=60887) to work on /workspaces/f1_data_team/venv/lib/python3.12/site-packages/airflow/example_dags/plugins/decreasing_priority_weight_strategy.py
[2026-01-04T13:19:19.040+0000] {processor.py:914} INFO - Processing file /workspaces/f1_data_team/venv/lib/python3.12/site-packages/airflow/example_dags/plugins/decreasing_priority_weight_strategy.py for tasks to queue
[2026-01-04T13:19:19.042+0000] {logging_mixin.py:190} INFO - [2026-01-04T13:19:19.041+0000] {dagbag.py:588} INFO - Filling up the DagBag from /workspaces/f1_data_team/venv/lib/python3.12/site-packages/airflow/example_dags/plugins/decreasing_priority_weight_strategy.py
[2026-01-04T13:19:19.043+0000] {processor.py:927} WARNING - No viable dags retrieved from /workspaces/f1_data_team/venv/lib/python3.12/site-packages/airflow/example_dags/plugins/decreasing_priority_weight_strategy.py
[2026-01-04T13:19:19.052+0000] {processor.py:208} INFO - Processing /workspaces/f1_data_team/venv/lib/python3.12/site-packages/airflow/example_dags/plugins/decreasing_priority_weight_strategy.py took 0.018 seconds
[2026-01-04T13:20:13.406+0000] {processor.py:186} INFO - Started process (PID=61315) to work on /workspaces/f1_data_team/venv/lib/python3.12/site-packages/airflow/example_dags/plugins/decreasing_priority_weight_strategy.py
[2026-01-04T13:20:13.407+0000] {processor.py:914} INFO - Processing file /workspaces/f1_data_team/venv/lib/python3.12/site-packages/airflow/example_dags/plugins/decreasing_priority_weight_strategy.py for tasks to queue
[2026-01-04T13:20:13.409+0000] {logging_mixin.py:190} INFO - [2026-01-04T13:20:13.409+0000] {dagbag.py:588} INFO - Filling up the DagBag from /workspaces/f1_data_team/venv/lib/python3.12/site-packages/airflow/example_dags/plugins/decreasing_priority_weight_strategy.py
[2026-01-04T13:20:13.411+0000] {processor.py:927} WARNING - No viable dags retrieved from /workspaces/f1_data_team/venv/lib/python3.12/site-packages/airflow/example_dags/plugins/decreasing_priority_weight_strategy.py
[2026-01-04T13:20:13.419+0000] {processor.py:208} INFO - Processing /workspaces/f1_data_team/venv/lib/python3.12/site-packages/airflow/example_dags/plugins/decreasing_priority_weight_strategy.py took 0.017 seconds
[2026-01-04T13:21:07.056+0000] {processor.py:186} INFO - Started process (PID=61754) to work on /workspaces/f1_data_team/venv/lib/python3.12/site-packages/airflow/example_dags/plugins/decreasing_priority_weight_strategy.py
[2026-01-04T13:21:07.056+0000] {processor.py:914} INFO - Processing file /workspaces/f1_data_team/venv/lib/python3.12/site-packages/airflow/example_dags/plugins/decreasing_priority_weight_strategy.py for tasks to queue
[2026-01-04T13:21:07.058+0000] {logging_mixin.py:190} INFO - [2026-01-04T13:21:07.058+0000] {dagbag.py:588} INFO - Filling up the DagBag from /workspaces/f1_data_team/venv/lib/python3.12/site-packages/airflow/example_dags/plugins/decreasing_priority_weight_strategy.py
[2026-01-04T13:21:07.060+0000] {processor.py:927} WARNING - No viable dags retrieved from /workspaces/f1_data_team/venv/lib/python3.12/site-packages/airflow/example_dags/plugins/decreasing_priority_weight_strategy.py
[2026-01-04T13:21:07.069+0000] {processor.py:208} INFO - Processing /workspaces/f1_data_team/venv/lib/python3.12/site-packages/airflow/example_dags/plugins/decreasing_priority_weight_strategy.py took 0.018 seconds
[2026-01-04T13:22:02.153+0000] {processor.py:186} INFO - Started process (PID=62185) to work on /workspaces/f1_data_team/venv/lib/python3.12/site-packages/airflow/example_dags/plugins/decreasing_priority_weight_strategy.py
[2026-01-04T13:22:02.154+0000] {processor.py:914} INFO - Processing file /workspaces/f1_data_team/venv/lib/python3.12/site-packages/airflow/example_dags/plugins/decreasing_priority_weight_strategy.py for tasks to queue
[2026-01-04T13:22:02.156+0000] {logging_mixin.py:190} INFO - [2026-01-04T13:22:02.155+0000] {dagbag.py:588} INFO - Filling up the DagBag from /workspaces/f1_data_team/venv/lib/python3.12/site-packages/airflow/example_dags/plugins/decreasing_priority_weight_strategy.py
[2026-01-04T13:22:02.158+0000] {processor.py:927} WARNING - No viable dags retrieved from /workspaces/f1_data_team/venv/lib/python3.12/site-packages/airflow/example_dags/plugins/decreasing_priority_weight_strategy.py
[2026-01-04T13:22:02.166+0000] {processor.py:208} INFO - Processing /workspaces/f1_data_team/venv/lib/python3.12/site-packages/airflow/example_dags/plugins/decreasing_priority_weight_strategy.py took 0.017 seconds
[2026-01-04T13:22:53.362+0000] {processor.py:186} INFO - Started process (PID=62589) to work on /workspaces/f1_data_team/venv/lib/python3.12/site-packages/airflow/example_dags/plugins/decreasing_priority_weight_strategy.py
[2026-01-04T13:22:53.362+0000] {processor.py:914} INFO - Processing file /workspaces/f1_data_team/venv/lib/python3.12/site-packages/airflow/example_dags/plugins/decreasing_priority_weight_strategy.py for tasks to queue
[2026-01-04T13:22:53.364+0000] {logging_mixin.py:190} INFO - [2026-01-04T13:22:53.364+0000] {dagbag.py:588} INFO - Filling up the DagBag from /workspaces/f1_data_team/venv/lib/python3.12/site-packages/airflow/example_dags/plugins/decreasing_priority_weight_strategy.py
[2026-01-04T13:22:53.366+0000] {processor.py:927} WARNING - No viable dags retrieved from /workspaces/f1_data_team/venv/lib/python3.12/site-packages/airflow/example_dags/plugins/decreasing_priority_weight_strategy.py
[2026-01-04T13:22:53.374+0000] {processor.py:208} INFO - Processing /workspaces/f1_data_team/venv/lib/python3.12/site-packages/airflow/example_dags/plugins/decreasing_priority_weight_strategy.py took 0.017 seconds
[2026-01-04T13:23:44.066+0000] {processor.py:186} INFO - Started process (PID=63000) to work on /workspaces/f1_data_team/venv/lib/python3.12/site-packages/airflow/example_dags/plugins/decreasing_priority_weight_strategy.py
[2026-01-04T13:23:44.066+0000] {processor.py:914} INFO - Processing file /workspaces/f1_data_team/venv/lib/python3.12/site-packages/airflow/example_dags/plugins/decreasing_priority_weight_strategy.py for tasks to queue
[2026-01-04T13:23:44.068+0000] {logging_mixin.py:190} INFO - [2026-01-04T13:23:44.068+0000] {dagbag.py:588} INFO - Filling up the DagBag from /workspaces/f1_data_team/venv/lib/python3.12/site-packages/airflow/example_dags/plugins/decreasing_priority_weight_strategy.py
[2026-01-04T13:23:44.070+0000] {processor.py:927} WARNING - No viable dags retrieved from /workspaces/f1_data_team/venv/lib/python3.12/site-packages/airflow/example_dags/plugins/decreasing_priority_weight_strategy.py
[2026-01-04T13:23:44.078+0000] {processor.py:208} INFO - Processing /workspaces/f1_data_team/venv/lib/python3.12/site-packages/airflow/example_dags/plugins/decreasing_priority_weight_strategy.py took 0.017 seconds
[2026-01-04T13:24:37.421+0000] {processor.py:186} INFO - Started process (PID=63426) to work on /workspaces/f1_data_team/venv/lib/python3.12/site-packages/airflow/example_dags/plugins/decreasing_priority_weight_strategy.py
[2026-01-04T13:24:37.422+0000] {processor.py:914} INFO - Processing file /workspaces/f1_data_team/venv/lib/python3.12/site-packages/airflow/example_dags/plugins/decreasing_priority_weight_strategy.py for tasks to queue
[2026-01-04T13:24:37.424+0000] {logging_mixin.py:190} INFO - [2026-01-04T13:24:37.424+0000] {dagbag.py:588} INFO - Filling up the DagBag from /workspaces/f1_data_team/venv/lib/python3.12/site-packages/airflow/example_dags/plugins/decreasing_priority_weight_strategy.py
[2026-01-04T13:24:37.426+0000] {processor.py:927} WARNING - No viable dags retrieved from /workspaces/f1_data_team/venv/lib/python3.12/site-packages/airflow/example_dags/plugins/decreasing_priority_weight_strategy.py
[2026-01-04T13:24:37.434+0000] {processor.py:208} INFO - Processing /workspaces/f1_data_team/venv/lib/python3.12/site-packages/airflow/example_dags/plugins/decreasing_priority_weight_strategy.py took 0.017 seconds
[2026-01-04T13:25:28.937+0000] {processor.py:186} INFO - Started process (PID=63838) to work on /workspaces/f1_data_team/venv/lib/python3.12/site-packages/airflow/example_dags/plugins/decreasing_priority_weight_strategy.py
[2026-01-04T13:25:28.938+0000] {processor.py:914} INFO - Processing file /workspaces/f1_data_team/venv/lib/python3.12/site-packages/airflow/example_dags/plugins/decreasing_priority_weight_strategy.py for tasks to queue
[2026-01-04T13:25:28.940+0000] {logging_mixin.py:190} INFO - [2026-01-04T13:25:28.939+0000] {dagbag.py:588} INFO - Filling up the DagBag from /workspaces/f1_data_team/venv/lib/python3.12/site-packages/airflow/example_dags/plugins/decreasing_priority_weight_strategy.py
[2026-01-04T13:25:28.941+0000] {processor.py:927} WARNING - No viable dags retrieved from /workspaces/f1_data_team/venv/lib/python3.12/site-packages/airflow/example_dags/plugins/decreasing_priority_weight_strategy.py
[2026-01-04T13:25:28.950+0000] {processor.py:208} INFO - Processing /workspaces/f1_data_team/venv/lib/python3.12/site-packages/airflow/example_dags/plugins/decreasing_priority_weight_strategy.py took 0.017 seconds
[2026-01-04T13:26:22.551+0000] {processor.py:186} INFO - Started process (PID=64335) to work on /workspaces/f1_data_team/venv/lib/python3.12/site-packages/airflow/example_dags/plugins/decreasing_priority_weight_strategy.py
[2026-01-04T13:26:22.552+0000] {processor.py:914} INFO - Processing file /workspaces/f1_data_team/venv/lib/python3.12/site-packages/airflow/example_dags/plugins/decreasing_priority_weight_strategy.py for tasks to queue
[2026-01-04T13:26:22.554+0000] {logging_mixin.py:190} INFO - [2026-01-04T13:26:22.554+0000] {dagbag.py:588} INFO - Filling up the DagBag from /workspaces/f1_data_team/venv/lib/python3.12/site-packages/airflow/example_dags/plugins/decreasing_priority_weight_strategy.py
[2026-01-04T13:26:22.556+0000] {processor.py:927} WARNING - No viable dags retrieved from /workspaces/f1_data_team/venv/lib/python3.12/site-packages/airflow/example_dags/plugins/decreasing_priority_weight_strategy.py
[2026-01-04T13:26:22.564+0000] {processor.py:208} INFO - Processing /workspaces/f1_data_team/venv/lib/python3.12/site-packages/airflow/example_dags/plugins/decreasing_priority_weight_strategy.py took 0.017 seconds
[2026-01-04T13:27:16.452+0000] {processor.py:186} INFO - Started process (PID=64763) to work on /workspaces/f1_data_team/venv/lib/python3.12/site-packages/airflow/example_dags/plugins/decreasing_priority_weight_strategy.py
[2026-01-04T13:27:16.452+0000] {processor.py:914} INFO - Processing file /workspaces/f1_data_team/venv/lib/python3.12/site-packages/airflow/example_dags/plugins/decreasing_priority_weight_strategy.py for tasks to queue
[2026-01-04T13:27:16.454+0000] {logging_mixin.py:190} INFO - [2026-01-04T13:27:16.454+0000] {dagbag.py:588} INFO - Filling up the DagBag from /workspaces/f1_data_team/venv/lib/python3.12/site-packages/airflow/example_dags/plugins/decreasing_priority_weight_strategy.py
[2026-01-04T13:27:16.456+0000] {processor.py:927} WARNING - No viable dags retrieved from /workspaces/f1_data_team/venv/lib/python3.12/site-packages/airflow/example_dags/plugins/decreasing_priority_weight_strategy.py
[2026-01-04T13:27:16.464+0000] {processor.py:208} INFO - Processing /workspaces/f1_data_team/venv/lib/python3.12/site-packages/airflow/example_dags/plugins/decreasing_priority_weight_strategy.py took 0.017 seconds
[2026-01-04T13:28:08.196+0000] {processor.py:186} INFO - Started process (PID=65174) to work on /workspaces/f1_data_team/venv/lib/python3.12/site-packages/airflow/example_dags/plugins/decreasing_priority_weight_strategy.py
[2026-01-04T13:28:08.197+0000] {processor.py:914} INFO - Processing file /workspaces/f1_data_team/venv/lib/python3.12/site-packages/airflow/example_dags/plugins/decreasing_priority_weight_strategy.py for tasks to queue
[2026-01-04T13:28:08.198+0000] {logging_mixin.py:190} INFO - [2026-01-04T13:28:08.198+0000] {dagbag.py:588} INFO - Filling up the DagBag from /workspaces/f1_data_team/venv/lib/python3.12/site-packages/airflow/example_dags/plugins/decreasing_priority_weight_strategy.py
[2026-01-04T13:28:08.200+0000] {processor.py:927} WARNING - No viable dags retrieved from /workspaces/f1_data_team/venv/lib/python3.12/site-packages/airflow/example_dags/plugins/decreasing_priority_weight_strategy.py
[2026-01-04T13:28:08.209+0000] {processor.py:208} INFO - Processing /workspaces/f1_data_team/venv/lib/python3.12/site-packages/airflow/example_dags/plugins/decreasing_priority_weight_strategy.py took 0.018 seconds
[2026-01-04T13:29:00.689+0000] {processor.py:186} INFO - Started process (PID=65525) to work on /workspaces/f1_data_team/venv/lib/python3.12/site-packages/airflow/example_dags/plugins/decreasing_priority_weight_strategy.py
[2026-01-04T13:29:00.690+0000] {processor.py:914} INFO - Processing file /workspaces/f1_data_team/venv/lib/python3.12/site-packages/airflow/example_dags/plugins/decreasing_priority_weight_strategy.py for tasks to queue
[2026-01-04T13:29:00.692+0000] {logging_mixin.py:190} INFO - [2026-01-04T13:29:00.691+0000] {dagbag.py:588} INFO - Filling up the DagBag from /workspaces/f1_data_team/venv/lib/python3.12/site-packages/airflow/example_dags/plugins/decreasing_priority_weight_strategy.py
[2026-01-04T13:29:00.694+0000] {processor.py:927} WARNING - No viable dags retrieved from /workspaces/f1_data_team/venv/lib/python3.12/site-packages/airflow/example_dags/plugins/decreasing_priority_weight_strategy.py
[2026-01-04T13:29:00.702+0000] {processor.py:208} INFO - Processing /workspaces/f1_data_team/venv/lib/python3.12/site-packages/airflow/example_dags/plugins/decreasing_priority_weight_strategy.py took 0.018 seconds
[2026-01-04T13:29:53.828+0000] {processor.py:186} INFO - Started process (PID=65961) to work on /workspaces/f1_data_team/venv/lib/python3.12/site-packages/airflow/example_dags/plugins/decreasing_priority_weight_strategy.py
[2026-01-04T13:29:53.829+0000] {processor.py:914} INFO - Processing file /workspaces/f1_data_team/venv/lib/python3.12/site-packages/airflow/example_dags/plugins/decreasing_priority_weight_strategy.py for tasks to queue
[2026-01-04T13:29:53.831+0000] {logging_mixin.py:190} INFO - [2026-01-04T13:29:53.831+0000] {dagbag.py:588} INFO - Filling up the DagBag from /workspaces/f1_data_team/venv/lib/python3.12/site-packages/airflow/example_dags/plugins/decreasing_priority_weight_strategy.py
[2026-01-04T13:29:53.833+0000] {processor.py:927} WARNING - No viable dags retrieved from /workspaces/f1_data_team/venv/lib/python3.12/site-packages/airflow/example_dags/plugins/decreasing_priority_weight_strategy.py
[2026-01-04T13:29:53.841+0000] {processor.py:208} INFO - Processing /workspaces/f1_data_team/venv/lib/python3.12/site-packages/airflow/example_dags/plugins/decreasing_priority_weight_strategy.py took 0.017 seconds
[2026-01-04T13:30:47.704+0000] {processor.py:186} INFO - Started process (PID=66384) to work on /workspaces/f1_data_team/venv/lib/python3.12/site-packages/airflow/example_dags/plugins/decreasing_priority_weight_strategy.py
[2026-01-04T13:30:47.705+0000] {processor.py:914} INFO - Processing file /workspaces/f1_data_team/venv/lib/python3.12/site-packages/airflow/example_dags/plugins/decreasing_priority_weight_strategy.py for tasks to queue
[2026-01-04T13:30:47.707+0000] {logging_mixin.py:190} INFO - [2026-01-04T13:30:47.706+0000] {dagbag.py:588} INFO - Filling up the DagBag from /workspaces/f1_data_team/venv/lib/python3.12/site-packages/airflow/example_dags/plugins/decreasing_priority_weight_strategy.py
[2026-01-04T13:30:47.708+0000] {processor.py:927} WARNING - No viable dags retrieved from /workspaces/f1_data_team/venv/lib/python3.12/site-packages/airflow/example_dags/plugins/decreasing_priority_weight_strategy.py
[2026-01-04T13:30:47.717+0000] {processor.py:208} INFO - Processing /workspaces/f1_data_team/venv/lib/python3.12/site-packages/airflow/example_dags/plugins/decreasing_priority_weight_strategy.py took 0.017 seconds
[2026-01-04T13:31:35.370+0000] {processor.py:186} INFO - Started process (PID=66847) to work on /workspaces/f1_data_team/venv/lib/python3.12/site-packages/airflow/example_dags/plugins/decreasing_priority_weight_strategy.py
[2026-01-04T13:31:35.370+0000] {processor.py:914} INFO - Processing file /workspaces/f1_data_team/venv/lib/python3.12/site-packages/airflow/example_dags/plugins/decreasing_priority_weight_strategy.py for tasks to queue
[2026-01-04T13:31:35.372+0000] {logging_mixin.py:190} INFO - [2026-01-04T13:31:35.372+0000] {dagbag.py:588} INFO - Filling up the DagBag from /workspaces/f1_data_team/venv/lib/python3.12/site-packages/airflow/example_dags/plugins/decreasing_priority_weight_strategy.py
[2026-01-04T13:31:35.374+0000] {processor.py:927} WARNING - No viable dags retrieved from /workspaces/f1_data_team/venv/lib/python3.12/site-packages/airflow/example_dags/plugins/decreasing_priority_weight_strategy.py
[2026-01-04T13:31:35.383+0000] {processor.py:208} INFO - Processing /workspaces/f1_data_team/venv/lib/python3.12/site-packages/airflow/example_dags/plugins/decreasing_priority_weight_strategy.py took 0.018 seconds
[2026-01-04T13:32:23.211+0000] {processor.py:186} INFO - Started process (PID=67220) to work on /workspaces/f1_data_team/venv/lib/python3.12/site-packages/airflow/example_dags/plugins/decreasing_priority_weight_strategy.py
[2026-01-04T13:32:23.212+0000] {processor.py:914} INFO - Processing file /workspaces/f1_data_team/venv/lib/python3.12/site-packages/airflow/example_dags/plugins/decreasing_priority_weight_strategy.py for tasks to queue
[2026-01-04T13:32:23.214+0000] {logging_mixin.py:190} INFO - [2026-01-04T13:32:23.214+0000] {dagbag.py:588} INFO - Filling up the DagBag from /workspaces/f1_data_team/venv/lib/python3.12/site-packages/airflow/example_dags/plugins/decreasing_priority_weight_strategy.py
[2026-01-04T13:32:23.216+0000] {processor.py:927} WARNING - No viable dags retrieved from /workspaces/f1_data_team/venv/lib/python3.12/site-packages/airflow/example_dags/plugins/decreasing_priority_weight_strategy.py
[2026-01-04T13:32:23.224+0000] {processor.py:208} INFO - Processing /workspaces/f1_data_team/venv/lib/python3.12/site-packages/airflow/example_dags/plugins/decreasing_priority_weight_strategy.py took 0.018 seconds
[2026-01-04T13:33:13.860+0000] {processor.py:186} INFO - Started process (PID=67630) to work on /workspaces/f1_data_team/venv/lib/python3.12/site-packages/airflow/example_dags/plugins/decreasing_priority_weight_strategy.py
[2026-01-04T13:33:13.861+0000] {processor.py:914} INFO - Processing file /workspaces/f1_data_team/venv/lib/python3.12/site-packages/airflow/example_dags/plugins/decreasing_priority_weight_strategy.py for tasks to queue
[2026-01-04T13:33:13.863+0000] {logging_mixin.py:190} INFO - [2026-01-04T13:33:13.862+0000] {dagbag.py:588} INFO - Filling up the DagBag from /workspaces/f1_data_team/venv/lib/python3.12/site-packages/airflow/example_dags/plugins/decreasing_priority_weight_strategy.py
[2026-01-04T13:33:13.865+0000] {processor.py:927} WARNING - No viable dags retrieved from /workspaces/f1_data_team/venv/lib/python3.12/site-packages/airflow/example_dags/plugins/decreasing_priority_weight_strategy.py
[2026-01-04T13:33:13.873+0000] {processor.py:208} INFO - Processing /workspaces/f1_data_team/venv/lib/python3.12/site-packages/airflow/example_dags/plugins/decreasing_priority_weight_strategy.py took 0.017 seconds
[2026-01-04T13:34:06.906+0000] {processor.py:186} INFO - Started process (PID=68032) to work on /workspaces/f1_data_team/venv/lib/python3.12/site-packages/airflow/example_dags/plugins/decreasing_priority_weight_strategy.py
[2026-01-04T13:34:06.906+0000] {processor.py:914} INFO - Processing file /workspaces/f1_data_team/venv/lib/python3.12/site-packages/airflow/example_dags/plugins/decreasing_priority_weight_strategy.py for tasks to queue
[2026-01-04T13:34:06.908+0000] {logging_mixin.py:190} INFO - [2026-01-04T13:34:06.908+0000] {dagbag.py:588} INFO - Filling up the DagBag from /workspaces/f1_data_team/venv/lib/python3.12/site-packages/airflow/example_dags/plugins/decreasing_priority_weight_strategy.py
[2026-01-04T13:34:06.910+0000] {processor.py:927} WARNING - No viable dags retrieved from /workspaces/f1_data_team/venv/lib/python3.12/site-packages/airflow/example_dags/plugins/decreasing_priority_weight_strategy.py
[2026-01-04T13:34:06.919+0000] {processor.py:208} INFO - Processing /workspaces/f1_data_team/venv/lib/python3.12/site-packages/airflow/example_dags/plugins/decreasing_priority_weight_strategy.py took 0.018 seconds
[2026-01-04T13:34:59.011+0000] {processor.py:186} INFO - Started process (PID=68419) to work on /workspaces/f1_data_team/venv/lib/python3.12/site-packages/airflow/example_dags/plugins/decreasing_priority_weight_strategy.py
[2026-01-04T13:34:59.012+0000] {processor.py:914} INFO - Processing file /workspaces/f1_data_team/venv/lib/python3.12/site-packages/airflow/example_dags/plugins/decreasing_priority_weight_strategy.py for tasks to queue
[2026-01-04T13:34:59.013+0000] {logging_mixin.py:190} INFO - [2026-01-04T13:34:59.013+0000] {dagbag.py:588} INFO - Filling up the DagBag from /workspaces/f1_data_team/venv/lib/python3.12/site-packages/airflow/example_dags/plugins/decreasing_priority_weight_strategy.py
[2026-01-04T13:34:59.015+0000] {processor.py:927} WARNING - No viable dags retrieved from /workspaces/f1_data_team/venv/lib/python3.12/site-packages/airflow/example_dags/plugins/decreasing_priority_weight_strategy.py
[2026-01-04T13:34:59.026+0000] {processor.py:208} INFO - Processing /workspaces/f1_data_team/venv/lib/python3.12/site-packages/airflow/example_dags/plugins/decreasing_priority_weight_strategy.py took 0.020 seconds
[2026-01-04T13:35:51.891+0000] {processor.py:186} INFO - Started process (PID=68839) to work on /workspaces/f1_data_team/venv/lib/python3.12/site-packages/airflow/example_dags/plugins/decreasing_priority_weight_strategy.py
[2026-01-04T13:35:51.892+0000] {processor.py:914} INFO - Processing file /workspaces/f1_data_team/venv/lib/python3.12/site-packages/airflow/example_dags/plugins/decreasing_priority_weight_strategy.py for tasks to queue
[2026-01-04T13:35:51.894+0000] {logging_mixin.py:190} INFO - [2026-01-04T13:35:51.893+0000] {dagbag.py:588} INFO - Filling up the DagBag from /workspaces/f1_data_team/venv/lib/python3.12/site-packages/airflow/example_dags/plugins/decreasing_priority_weight_strategy.py
[2026-01-04T13:35:51.896+0000] {processor.py:927} WARNING - No viable dags retrieved from /workspaces/f1_data_team/venv/lib/python3.12/site-packages/airflow/example_dags/plugins/decreasing_priority_weight_strategy.py
[2026-01-04T13:35:51.904+0000] {processor.py:208} INFO - Processing /workspaces/f1_data_team/venv/lib/python3.12/site-packages/airflow/example_dags/plugins/decreasing_priority_weight_strategy.py took 0.017 seconds
[2026-01-04T13:36:42.568+0000] {processor.py:186} INFO - Started process (PID=69310) to work on /workspaces/f1_data_team/venv/lib/python3.12/site-packages/airflow/example_dags/plugins/decreasing_priority_weight_strategy.py
[2026-01-04T13:36:42.569+0000] {processor.py:914} INFO - Processing file /workspaces/f1_data_team/venv/lib/python3.12/site-packages/airflow/example_dags/plugins/decreasing_priority_weight_strategy.py for tasks to queue
[2026-01-04T13:36:42.571+0000] {logging_mixin.py:190} INFO - [2026-01-04T13:36:42.570+0000] {dagbag.py:588} INFO - Filling up the DagBag from /workspaces/f1_data_team/venv/lib/python3.12/site-packages/airflow/example_dags/plugins/decreasing_priority_weight_strategy.py
[2026-01-04T13:36:42.572+0000] {processor.py:927} WARNING - No viable dags retrieved from /workspaces/f1_data_team/venv/lib/python3.12/site-packages/airflow/example_dags/plugins/decreasing_priority_weight_strategy.py
[2026-01-04T13:36:42.581+0000] {processor.py:208} INFO - Processing /workspaces/f1_data_team/venv/lib/python3.12/site-packages/airflow/example_dags/plugins/decreasing_priority_weight_strategy.py took 0.018 seconds
[2026-01-04T13:37:33.378+0000] {processor.py:186} INFO - Started process (PID=69721) to work on /workspaces/f1_data_team/venv/lib/python3.12/site-packages/airflow/example_dags/plugins/decreasing_priority_weight_strategy.py
[2026-01-04T13:37:33.379+0000] {processor.py:914} INFO - Processing file /workspaces/f1_data_team/venv/lib/python3.12/site-packages/airflow/example_dags/plugins/decreasing_priority_weight_strategy.py for tasks to queue
[2026-01-04T13:37:33.381+0000] {logging_mixin.py:190} INFO - [2026-01-04T13:37:33.381+0000] {dagbag.py:588} INFO - Filling up the DagBag from /workspaces/f1_data_team/venv/lib/python3.12/site-packages/airflow/example_dags/plugins/decreasing_priority_weight_strategy.py
[2026-01-04T13:37:33.383+0000] {processor.py:927} WARNING - No viable dags retrieved from /workspaces/f1_data_team/venv/lib/python3.12/site-packages/airflow/example_dags/plugins/decreasing_priority_weight_strategy.py
[2026-01-04T13:37:33.392+0000] {processor.py:208} INFO - Processing /workspaces/f1_data_team/venv/lib/python3.12/site-packages/airflow/example_dags/plugins/decreasing_priority_weight_strategy.py took 0.021 seconds
