[2026-01-04T12:26:35.224+0000] {processor.py:186} INFO - Started process (PID=24344) to work on /workspaces/f1_data_team/venv/lib/python3.12/site-packages/airflow/example_dags/plugins/event_listener.py
[2026-01-04T12:26:35.225+0000] {processor.py:914} INFO - Processing file /workspaces/f1_data_team/venv/lib/python3.12/site-packages/airflow/example_dags/plugins/event_listener.py for tasks to queue
[2026-01-04T12:26:35.227+0000] {logging_mixin.py:190} INFO - [2026-01-04T12:26:35.226+0000] {dagbag.py:588} INFO - Filling up the DagBag from /workspaces/f1_data_team/venv/lib/python3.12/site-packages/airflow/example_dags/plugins/event_listener.py
[2026-01-04T12:26:35.229+0000] {processor.py:927} WARNING - No viable dags retrieved from /workspaces/f1_data_team/venv/lib/python3.12/site-packages/airflow/example_dags/plugins/event_listener.py
[2026-01-04T12:26:35.240+0000] {processor.py:208} INFO - Processing /workspaces/f1_data_team/venv/lib/python3.12/site-packages/airflow/example_dags/plugins/event_listener.py took 0.021 seconds
[2026-01-04T12:27:39.631+0000] {processor.py:186} INFO - Started process (PID=25025) to work on /workspaces/f1_data_team/venv/lib/python3.12/site-packages/airflow/example_dags/plugins/event_listener.py
[2026-01-04T12:27:39.632+0000] {processor.py:914} INFO - Processing file /workspaces/f1_data_team/venv/lib/python3.12/site-packages/airflow/example_dags/plugins/event_listener.py for tasks to queue
[2026-01-04T12:27:39.634+0000] {logging_mixin.py:190} INFO - [2026-01-04T12:27:39.634+0000] {dagbag.py:588} INFO - Filling up the DagBag from /workspaces/f1_data_team/venv/lib/python3.12/site-packages/airflow/example_dags/plugins/event_listener.py
[2026-01-04T12:27:39.636+0000] {processor.py:927} WARNING - No viable dags retrieved from /workspaces/f1_data_team/venv/lib/python3.12/site-packages/airflow/example_dags/plugins/event_listener.py
[2026-01-04T12:27:39.643+0000] {processor.py:208} INFO - Processing /workspaces/f1_data_team/venv/lib/python3.12/site-packages/airflow/example_dags/plugins/event_listener.py took 0.017 seconds
[2026-01-04T12:28:34.493+0000] {processor.py:186} INFO - Started process (PID=25508) to work on /workspaces/f1_data_team/venv/lib/python3.12/site-packages/airflow/example_dags/plugins/event_listener.py
[2026-01-04T12:28:34.494+0000] {processor.py:914} INFO - Processing file /workspaces/f1_data_team/venv/lib/python3.12/site-packages/airflow/example_dags/plugins/event_listener.py for tasks to queue
[2026-01-04T12:28:34.496+0000] {logging_mixin.py:190} INFO - [2026-01-04T12:28:34.496+0000] {dagbag.py:588} INFO - Filling up the DagBag from /workspaces/f1_data_team/venv/lib/python3.12/site-packages/airflow/example_dags/plugins/event_listener.py
[2026-01-04T12:28:34.498+0000] {processor.py:927} WARNING - No viable dags retrieved from /workspaces/f1_data_team/venv/lib/python3.12/site-packages/airflow/example_dags/plugins/event_listener.py
[2026-01-04T12:28:34.505+0000] {processor.py:208} INFO - Processing /workspaces/f1_data_team/venv/lib/python3.12/site-packages/airflow/example_dags/plugins/event_listener.py took 0.016 seconds
[2026-01-04T12:29:33.144+0000] {processor.py:186} INFO - Started process (PID=26721) to work on /workspaces/f1_data_team/venv/lib/python3.12/site-packages/airflow/example_dags/plugins/event_listener.py
[2026-01-04T12:29:33.145+0000] {processor.py:914} INFO - Processing file /workspaces/f1_data_team/venv/lib/python3.12/site-packages/airflow/example_dags/plugins/event_listener.py for tasks to queue
[2026-01-04T12:29:33.147+0000] {logging_mixin.py:190} INFO - [2026-01-04T12:29:33.146+0000] {dagbag.py:588} INFO - Filling up the DagBag from /workspaces/f1_data_team/venv/lib/python3.12/site-packages/airflow/example_dags/plugins/event_listener.py
[2026-01-04T12:29:33.149+0000] {processor.py:927} WARNING - No viable dags retrieved from /workspaces/f1_data_team/venv/lib/python3.12/site-packages/airflow/example_dags/plugins/event_listener.py
[2026-01-04T12:29:33.156+0000] {processor.py:208} INFO - Processing /workspaces/f1_data_team/venv/lib/python3.12/site-packages/airflow/example_dags/plugins/event_listener.py took 0.016 seconds
[2026-01-04T12:30:17.106+0000] {processor.py:186} INFO - Started process (PID=27332) to work on /workspaces/f1_data_team/venv/lib/python3.12/site-packages/airflow/example_dags/plugins/event_listener.py
[2026-01-04T12:30:17.107+0000] {processor.py:914} INFO - Processing file /workspaces/f1_data_team/venv/lib/python3.12/site-packages/airflow/example_dags/plugins/event_listener.py for tasks to queue
[2026-01-04T12:30:17.108+0000] {logging_mixin.py:190} INFO - [2026-01-04T12:30:17.108+0000] {dagbag.py:588} INFO - Filling up the DagBag from /workspaces/f1_data_team/venv/lib/python3.12/site-packages/airflow/example_dags/plugins/event_listener.py
[2026-01-04T12:30:17.110+0000] {processor.py:927} WARNING - No viable dags retrieved from /workspaces/f1_data_team/venv/lib/python3.12/site-packages/airflow/example_dags/plugins/event_listener.py
[2026-01-04T12:30:17.117+0000] {processor.py:208} INFO - Processing /workspaces/f1_data_team/venv/lib/python3.12/site-packages/airflow/example_dags/plugins/event_listener.py took 0.016 seconds
[2026-01-04T12:31:16.112+0000] {processor.py:186} INFO - Started process (PID=28357) to work on /workspaces/f1_data_team/venv/lib/python3.12/site-packages/airflow/example_dags/plugins/event_listener.py
[2026-01-04T12:31:16.113+0000] {processor.py:914} INFO - Processing file /workspaces/f1_data_team/venv/lib/python3.12/site-packages/airflow/example_dags/plugins/event_listener.py for tasks to queue
[2026-01-04T12:31:16.114+0000] {logging_mixin.py:190} INFO - [2026-01-04T12:31:16.114+0000] {dagbag.py:588} INFO - Filling up the DagBag from /workspaces/f1_data_team/venv/lib/python3.12/site-packages/airflow/example_dags/plugins/event_listener.py
[2026-01-04T12:31:16.116+0000] {processor.py:927} WARNING - No viable dags retrieved from /workspaces/f1_data_team/venv/lib/python3.12/site-packages/airflow/example_dags/plugins/event_listener.py
[2026-01-04T12:31:16.124+0000] {processor.py:208} INFO - Processing /workspaces/f1_data_team/venv/lib/python3.12/site-packages/airflow/example_dags/plugins/event_listener.py took 0.016 seconds
[2026-01-04T12:32:24.042+0000] {processor.py:186} INFO - Started process (PID=29397) to work on /workspaces/f1_data_team/venv/lib/python3.12/site-packages/airflow/example_dags/plugins/event_listener.py
[2026-01-04T12:32:24.043+0000] {processor.py:914} INFO - Processing file /workspaces/f1_data_team/venv/lib/python3.12/site-packages/airflow/example_dags/plugins/event_listener.py for tasks to queue
[2026-01-04T12:32:24.045+0000] {logging_mixin.py:190} INFO - [2026-01-04T12:32:24.045+0000] {dagbag.py:588} INFO - Filling up the DagBag from /workspaces/f1_data_team/venv/lib/python3.12/site-packages/airflow/example_dags/plugins/event_listener.py
[2026-01-04T12:32:24.047+0000] {processor.py:927} WARNING - No viable dags retrieved from /workspaces/f1_data_team/venv/lib/python3.12/site-packages/airflow/example_dags/plugins/event_listener.py
[2026-01-04T12:32:24.055+0000] {processor.py:208} INFO - Processing /workspaces/f1_data_team/venv/lib/python3.12/site-packages/airflow/example_dags/plugins/event_listener.py took 0.017 seconds
[2026-01-04T12:33:24.956+0000] {processor.py:186} INFO - Started process (PID=30530) to work on /workspaces/f1_data_team/venv/lib/python3.12/site-packages/airflow/example_dags/plugins/event_listener.py
[2026-01-04T12:33:24.957+0000] {processor.py:914} INFO - Processing file /workspaces/f1_data_team/venv/lib/python3.12/site-packages/airflow/example_dags/plugins/event_listener.py for tasks to queue
[2026-01-04T12:33:24.959+0000] {logging_mixin.py:190} INFO - [2026-01-04T12:33:24.959+0000] {dagbag.py:588} INFO - Filling up the DagBag from /workspaces/f1_data_team/venv/lib/python3.12/site-packages/airflow/example_dags/plugins/event_listener.py
[2026-01-04T12:33:24.961+0000] {processor.py:927} WARNING - No viable dags retrieved from /workspaces/f1_data_team/venv/lib/python3.12/site-packages/airflow/example_dags/plugins/event_listener.py
[2026-01-04T12:33:24.969+0000] {processor.py:208} INFO - Processing /workspaces/f1_data_team/venv/lib/python3.12/site-packages/airflow/example_dags/plugins/event_listener.py took 0.017 seconds
[2026-01-04T12:34:20.894+0000] {processor.py:186} INFO - Started process (PID=31020) to work on /workspaces/f1_data_team/venv/lib/python3.12/site-packages/airflow/example_dags/plugins/event_listener.py
[2026-01-04T12:34:20.895+0000] {processor.py:914} INFO - Processing file /workspaces/f1_data_team/venv/lib/python3.12/site-packages/airflow/example_dags/plugins/event_listener.py for tasks to queue
[2026-01-04T12:34:20.897+0000] {logging_mixin.py:190} INFO - [2026-01-04T12:34:20.897+0000] {dagbag.py:588} INFO - Filling up the DagBag from /workspaces/f1_data_team/venv/lib/python3.12/site-packages/airflow/example_dags/plugins/event_listener.py
[2026-01-04T12:34:20.899+0000] {processor.py:927} WARNING - No viable dags retrieved from /workspaces/f1_data_team/venv/lib/python3.12/site-packages/airflow/example_dags/plugins/event_listener.py
[2026-01-04T12:34:20.907+0000] {processor.py:208} INFO - Processing /workspaces/f1_data_team/venv/lib/python3.12/site-packages/airflow/example_dags/plugins/event_listener.py took 0.018 seconds
[2026-01-04T12:35:10.560+0000] {processor.py:186} INFO - Started process (PID=31469) to work on /workspaces/f1_data_team/venv/lib/python3.12/site-packages/airflow/example_dags/plugins/event_listener.py
[2026-01-04T12:35:10.561+0000] {processor.py:914} INFO - Processing file /workspaces/f1_data_team/venv/lib/python3.12/site-packages/airflow/example_dags/plugins/event_listener.py for tasks to queue
[2026-01-04T12:35:10.563+0000] {logging_mixin.py:190} INFO - [2026-01-04T12:35:10.563+0000] {dagbag.py:588} INFO - Filling up the DagBag from /workspaces/f1_data_team/venv/lib/python3.12/site-packages/airflow/example_dags/plugins/event_listener.py
[2026-01-04T12:35:10.565+0000] {processor.py:927} WARNING - No viable dags retrieved from /workspaces/f1_data_team/venv/lib/python3.12/site-packages/airflow/example_dags/plugins/event_listener.py
[2026-01-04T12:35:10.573+0000] {processor.py:208} INFO - Processing /workspaces/f1_data_team/venv/lib/python3.12/site-packages/airflow/example_dags/plugins/event_listener.py took 0.017 seconds
[2026-01-04T12:36:02.321+0000] {processor.py:186} INFO - Started process (PID=32119) to work on /workspaces/f1_data_team/venv/lib/python3.12/site-packages/airflow/example_dags/plugins/event_listener.py
[2026-01-04T12:36:02.322+0000] {processor.py:914} INFO - Processing file /workspaces/f1_data_team/venv/lib/python3.12/site-packages/airflow/example_dags/plugins/event_listener.py for tasks to queue
[2026-01-04T12:36:02.324+0000] {logging_mixin.py:190} INFO - [2026-01-04T12:36:02.323+0000] {dagbag.py:588} INFO - Filling up the DagBag from /workspaces/f1_data_team/venv/lib/python3.12/site-packages/airflow/example_dags/plugins/event_listener.py
[2026-01-04T12:36:02.325+0000] {processor.py:927} WARNING - No viable dags retrieved from /workspaces/f1_data_team/venv/lib/python3.12/site-packages/airflow/example_dags/plugins/event_listener.py
[2026-01-04T12:36:02.334+0000] {processor.py:208} INFO - Processing /workspaces/f1_data_team/venv/lib/python3.12/site-packages/airflow/example_dags/plugins/event_listener.py took 0.017 seconds
[2026-01-04T12:36:54.114+0000] {processor.py:186} INFO - Started process (PID=32579) to work on /workspaces/f1_data_team/venv/lib/python3.12/site-packages/airflow/example_dags/plugins/event_listener.py
[2026-01-04T12:36:54.115+0000] {processor.py:914} INFO - Processing file /workspaces/f1_data_team/venv/lib/python3.12/site-packages/airflow/example_dags/plugins/event_listener.py for tasks to queue
[2026-01-04T12:36:54.120+0000] {logging_mixin.py:190} INFO - [2026-01-04T12:36:54.119+0000] {dagbag.py:588} INFO - Filling up the DagBag from /workspaces/f1_data_team/venv/lib/python3.12/site-packages/airflow/example_dags/plugins/event_listener.py
[2026-01-04T12:36:54.122+0000] {processor.py:927} WARNING - No viable dags retrieved from /workspaces/f1_data_team/venv/lib/python3.12/site-packages/airflow/example_dags/plugins/event_listener.py
[2026-01-04T12:36:54.134+0000] {processor.py:208} INFO - Processing /workspaces/f1_data_team/venv/lib/python3.12/site-packages/airflow/example_dags/plugins/event_listener.py took 0.032 seconds
[2026-01-04T12:37:48.604+0000] {processor.py:186} INFO - Started process (PID=33430) to work on /workspaces/f1_data_team/venv/lib/python3.12/site-packages/airflow/example_dags/plugins/event_listener.py
[2026-01-04T12:37:48.605+0000] {processor.py:914} INFO - Processing file /workspaces/f1_data_team/venv/lib/python3.12/site-packages/airflow/example_dags/plugins/event_listener.py for tasks to queue
[2026-01-04T12:37:48.607+0000] {logging_mixin.py:190} INFO - [2026-01-04T12:37:48.607+0000] {dagbag.py:588} INFO - Filling up the DagBag from /workspaces/f1_data_team/venv/lib/python3.12/site-packages/airflow/example_dags/plugins/event_listener.py
[2026-01-04T12:37:48.609+0000] {processor.py:927} WARNING - No viable dags retrieved from /workspaces/f1_data_team/venv/lib/python3.12/site-packages/airflow/example_dags/plugins/event_listener.py
[2026-01-04T12:37:48.617+0000] {processor.py:208} INFO - Processing /workspaces/f1_data_team/venv/lib/python3.12/site-packages/airflow/example_dags/plugins/event_listener.py took 0.020 seconds
[2026-01-04T12:38:39.984+0000] {processor.py:186} INFO - Started process (PID=33990) to work on /workspaces/f1_data_team/venv/lib/python3.12/site-packages/airflow/example_dags/plugins/event_listener.py
[2026-01-04T12:38:39.985+0000] {processor.py:914} INFO - Processing file /workspaces/f1_data_team/venv/lib/python3.12/site-packages/airflow/example_dags/plugins/event_listener.py for tasks to queue
[2026-01-04T12:38:39.987+0000] {logging_mixin.py:190} INFO - [2026-01-04T12:38:39.987+0000] {dagbag.py:588} INFO - Filling up the DagBag from /workspaces/f1_data_team/venv/lib/python3.12/site-packages/airflow/example_dags/plugins/event_listener.py
[2026-01-04T12:38:39.989+0000] {processor.py:927} WARNING - No viable dags retrieved from /workspaces/f1_data_team/venv/lib/python3.12/site-packages/airflow/example_dags/plugins/event_listener.py
[2026-01-04T12:38:39.997+0000] {processor.py:208} INFO - Processing /workspaces/f1_data_team/venv/lib/python3.12/site-packages/airflow/example_dags/plugins/event_listener.py took 0.017 seconds
[2026-01-04T12:39:34.681+0000] {processor.py:186} INFO - Started process (PID=34498) to work on /workspaces/f1_data_team/venv/lib/python3.12/site-packages/airflow/example_dags/plugins/event_listener.py
[2026-01-04T12:39:34.682+0000] {processor.py:914} INFO - Processing file /workspaces/f1_data_team/venv/lib/python3.12/site-packages/airflow/example_dags/plugins/event_listener.py for tasks to queue
[2026-01-04T12:39:34.685+0000] {logging_mixin.py:190} INFO - [2026-01-04T12:39:34.684+0000] {dagbag.py:588} INFO - Filling up the DagBag from /workspaces/f1_data_team/venv/lib/python3.12/site-packages/airflow/example_dags/plugins/event_listener.py
[2026-01-04T12:39:34.687+0000] {processor.py:927} WARNING - No viable dags retrieved from /workspaces/f1_data_team/venv/lib/python3.12/site-packages/airflow/example_dags/plugins/event_listener.py
[2026-01-04T12:39:34.696+0000] {processor.py:208} INFO - Processing /workspaces/f1_data_team/venv/lib/python3.12/site-packages/airflow/example_dags/plugins/event_listener.py took 0.020 seconds
[2026-01-04T12:40:28.572+0000] {processor.py:186} INFO - Started process (PID=35018) to work on /workspaces/f1_data_team/venv/lib/python3.12/site-packages/airflow/example_dags/plugins/event_listener.py
[2026-01-04T12:40:28.572+0000] {processor.py:914} INFO - Processing file /workspaces/f1_data_team/venv/lib/python3.12/site-packages/airflow/example_dags/plugins/event_listener.py for tasks to queue
[2026-01-04T12:40:28.574+0000] {logging_mixin.py:190} INFO - [2026-01-04T12:40:28.574+0000] {dagbag.py:588} INFO - Filling up the DagBag from /workspaces/f1_data_team/venv/lib/python3.12/site-packages/airflow/example_dags/plugins/event_listener.py
[2026-01-04T12:40:28.576+0000] {processor.py:927} WARNING - No viable dags retrieved from /workspaces/f1_data_team/venv/lib/python3.12/site-packages/airflow/example_dags/plugins/event_listener.py
[2026-01-04T12:40:28.585+0000] {processor.py:208} INFO - Processing /workspaces/f1_data_team/venv/lib/python3.12/site-packages/airflow/example_dags/plugins/event_listener.py took 0.018 seconds
[2026-01-04T12:41:22.535+0000] {processor.py:186} INFO - Started process (PID=35678) to work on /workspaces/f1_data_team/venv/lib/python3.12/site-packages/airflow/example_dags/plugins/event_listener.py
[2026-01-04T12:41:22.536+0000] {processor.py:914} INFO - Processing file /workspaces/f1_data_team/venv/lib/python3.12/site-packages/airflow/example_dags/plugins/event_listener.py for tasks to queue
[2026-01-04T12:41:22.538+0000] {logging_mixin.py:190} INFO - [2026-01-04T12:41:22.537+0000] {dagbag.py:588} INFO - Filling up the DagBag from /workspaces/f1_data_team/venv/lib/python3.12/site-packages/airflow/example_dags/plugins/event_listener.py
[2026-01-04T12:41:22.540+0000] {processor.py:927} WARNING - No viable dags retrieved from /workspaces/f1_data_team/venv/lib/python3.12/site-packages/airflow/example_dags/plugins/event_listener.py
[2026-01-04T12:41:22.548+0000] {processor.py:208} INFO - Processing /workspaces/f1_data_team/venv/lib/python3.12/site-packages/airflow/example_dags/plugins/event_listener.py took 0.017 seconds
[2026-01-04T12:42:26.457+0000] {processor.py:186} INFO - Started process (PID=36758) to work on /workspaces/f1_data_team/venv/lib/python3.12/site-packages/airflow/example_dags/plugins/event_listener.py
[2026-01-04T12:42:26.458+0000] {processor.py:914} INFO - Processing file /workspaces/f1_data_team/venv/lib/python3.12/site-packages/airflow/example_dags/plugins/event_listener.py for tasks to queue
[2026-01-04T12:42:26.460+0000] {logging_mixin.py:190} INFO - [2026-01-04T12:42:26.460+0000] {dagbag.py:588} INFO - Filling up the DagBag from /workspaces/f1_data_team/venv/lib/python3.12/site-packages/airflow/example_dags/plugins/event_listener.py
[2026-01-04T12:42:26.462+0000] {processor.py:927} WARNING - No viable dags retrieved from /workspaces/f1_data_team/venv/lib/python3.12/site-packages/airflow/example_dags/plugins/event_listener.py
[2026-01-04T12:42:26.470+0000] {processor.py:208} INFO - Processing /workspaces/f1_data_team/venv/lib/python3.12/site-packages/airflow/example_dags/plugins/event_listener.py took 0.018 seconds
[2026-01-04T12:43:02.428+0000] {processor.py:186} INFO - Started process (PID=37130) to work on /workspaces/f1_data_team/venv/lib/python3.12/site-packages/airflow/example_dags/plugins/event_listener.py
[2026-01-04T12:43:02.429+0000] {processor.py:914} INFO - Processing file /workspaces/f1_data_team/venv/lib/python3.12/site-packages/airflow/example_dags/plugins/event_listener.py for tasks to queue
[2026-01-04T12:43:02.430+0000] {logging_mixin.py:190} INFO - [2026-01-04T12:43:02.430+0000] {dagbag.py:588} INFO - Filling up the DagBag from /workspaces/f1_data_team/venv/lib/python3.12/site-packages/airflow/example_dags/plugins/event_listener.py
[2026-01-04T12:43:02.432+0000] {processor.py:927} WARNING - No viable dags retrieved from /workspaces/f1_data_team/venv/lib/python3.12/site-packages/airflow/example_dags/plugins/event_listener.py
[2026-01-04T12:43:02.440+0000] {processor.py:208} INFO - Processing /workspaces/f1_data_team/venv/lib/python3.12/site-packages/airflow/example_dags/plugins/event_listener.py took 0.017 seconds
[2026-01-04T12:43:56.162+0000] {processor.py:186} INFO - Started process (PID=37804) to work on /workspaces/f1_data_team/venv/lib/python3.12/site-packages/airflow/example_dags/plugins/event_listener.py
[2026-01-04T12:43:56.162+0000] {processor.py:914} INFO - Processing file /workspaces/f1_data_team/venv/lib/python3.12/site-packages/airflow/example_dags/plugins/event_listener.py for tasks to queue
[2026-01-04T12:43:56.164+0000] {logging_mixin.py:190} INFO - [2026-01-04T12:43:56.164+0000] {dagbag.py:588} INFO - Filling up the DagBag from /workspaces/f1_data_team/venv/lib/python3.12/site-packages/airflow/example_dags/plugins/event_listener.py
[2026-01-04T12:43:56.166+0000] {processor.py:927} WARNING - No viable dags retrieved from /workspaces/f1_data_team/venv/lib/python3.12/site-packages/airflow/example_dags/plugins/event_listener.py
[2026-01-04T12:43:56.174+0000] {processor.py:208} INFO - Processing /workspaces/f1_data_team/venv/lib/python3.12/site-packages/airflow/example_dags/plugins/event_listener.py took 0.017 seconds
[2026-01-04T12:44:45.159+0000] {processor.py:186} INFO - Started process (PID=38533) to work on /workspaces/f1_data_team/venv/lib/python3.12/site-packages/airflow/example_dags/plugins/event_listener.py
[2026-01-04T12:44:45.160+0000] {processor.py:914} INFO - Processing file /workspaces/f1_data_team/venv/lib/python3.12/site-packages/airflow/example_dags/plugins/event_listener.py for tasks to queue
[2026-01-04T12:44:45.162+0000] {logging_mixin.py:190} INFO - [2026-01-04T12:44:45.162+0000] {dagbag.py:588} INFO - Filling up the DagBag from /workspaces/f1_data_team/venv/lib/python3.12/site-packages/airflow/example_dags/plugins/event_listener.py
[2026-01-04T12:44:45.164+0000] {processor.py:927} WARNING - No viable dags retrieved from /workspaces/f1_data_team/venv/lib/python3.12/site-packages/airflow/example_dags/plugins/event_listener.py
[2026-01-04T12:44:45.172+0000] {processor.py:208} INFO - Processing /workspaces/f1_data_team/venv/lib/python3.12/site-packages/airflow/example_dags/plugins/event_listener.py took 0.018 seconds
[2026-01-04T12:45:49.988+0000] {processor.py:186} INFO - Started process (PID=39558) to work on /workspaces/f1_data_team/venv/lib/python3.12/site-packages/airflow/example_dags/plugins/event_listener.py
[2026-01-04T12:45:49.989+0000] {processor.py:914} INFO - Processing file /workspaces/f1_data_team/venv/lib/python3.12/site-packages/airflow/example_dags/plugins/event_listener.py for tasks to queue
[2026-01-04T12:45:49.990+0000] {logging_mixin.py:190} INFO - [2026-01-04T12:45:49.990+0000] {dagbag.py:588} INFO - Filling up the DagBag from /workspaces/f1_data_team/venv/lib/python3.12/site-packages/airflow/example_dags/plugins/event_listener.py
[2026-01-04T12:45:49.992+0000] {processor.py:927} WARNING - No viable dags retrieved from /workspaces/f1_data_team/venv/lib/python3.12/site-packages/airflow/example_dags/plugins/event_listener.py
[2026-01-04T12:45:50.000+0000] {processor.py:208} INFO - Processing /workspaces/f1_data_team/venv/lib/python3.12/site-packages/airflow/example_dags/plugins/event_listener.py took 0.017 seconds
[2026-01-04T12:46:41.480+0000] {processor.py:186} INFO - Started process (PID=40107) to work on /workspaces/f1_data_team/venv/lib/python3.12/site-packages/airflow/example_dags/plugins/event_listener.py
[2026-01-04T12:46:41.481+0000] {processor.py:914} INFO - Processing file /workspaces/f1_data_team/venv/lib/python3.12/site-packages/airflow/example_dags/plugins/event_listener.py for tasks to queue
[2026-01-04T12:46:41.483+0000] {logging_mixin.py:190} INFO - [2026-01-04T12:46:41.482+0000] {dagbag.py:588} INFO - Filling up the DagBag from /workspaces/f1_data_team/venv/lib/python3.12/site-packages/airflow/example_dags/plugins/event_listener.py
[2026-01-04T12:46:41.484+0000] {processor.py:927} WARNING - No viable dags retrieved from /workspaces/f1_data_team/venv/lib/python3.12/site-packages/airflow/example_dags/plugins/event_listener.py
[2026-01-04T12:46:41.492+0000] {processor.py:208} INFO - Processing /workspaces/f1_data_team/venv/lib/python3.12/site-packages/airflow/example_dags/plugins/event_listener.py took 0.017 seconds
[2026-01-04T12:47:31.811+0000] {processor.py:186} INFO - Started process (PID=40598) to work on /workspaces/f1_data_team/venv/lib/python3.12/site-packages/airflow/example_dags/plugins/event_listener.py
[2026-01-04T12:47:31.812+0000] {processor.py:914} INFO - Processing file /workspaces/f1_data_team/venv/lib/python3.12/site-packages/airflow/example_dags/plugins/event_listener.py for tasks to queue
[2026-01-04T12:47:31.814+0000] {logging_mixin.py:190} INFO - [2026-01-04T12:47:31.813+0000] {dagbag.py:588} INFO - Filling up the DagBag from /workspaces/f1_data_team/venv/lib/python3.12/site-packages/airflow/example_dags/plugins/event_listener.py
[2026-01-04T12:47:31.816+0000] {processor.py:927} WARNING - No viable dags retrieved from /workspaces/f1_data_team/venv/lib/python3.12/site-packages/airflow/example_dags/plugins/event_listener.py
[2026-01-04T12:47:31.826+0000] {processor.py:208} INFO - Processing /workspaces/f1_data_team/venv/lib/python3.12/site-packages/airflow/example_dags/plugins/event_listener.py took 0.020 seconds
[2026-01-04T12:48:35.758+0000] {processor.py:186} INFO - Started process (PID=41456) to work on /workspaces/f1_data_team/venv/lib/python3.12/site-packages/airflow/example_dags/plugins/event_listener.py
[2026-01-04T12:48:35.759+0000] {processor.py:914} INFO - Processing file /workspaces/f1_data_team/venv/lib/python3.12/site-packages/airflow/example_dags/plugins/event_listener.py for tasks to queue
[2026-01-04T12:48:35.761+0000] {logging_mixin.py:190} INFO - [2026-01-04T12:48:35.760+0000] {dagbag.py:588} INFO - Filling up the DagBag from /workspaces/f1_data_team/venv/lib/python3.12/site-packages/airflow/example_dags/plugins/event_listener.py
[2026-01-04T12:48:35.763+0000] {processor.py:927} WARNING - No viable dags retrieved from /workspaces/f1_data_team/venv/lib/python3.12/site-packages/airflow/example_dags/plugins/event_listener.py
[2026-01-04T12:48:35.771+0000] {processor.py:208} INFO - Processing /workspaces/f1_data_team/venv/lib/python3.12/site-packages/airflow/example_dags/plugins/event_listener.py took 0.019 seconds
[2026-01-04T12:49:38.669+0000] {processor.py:186} INFO - Started process (PID=42436) to work on /workspaces/f1_data_team/venv/lib/python3.12/site-packages/airflow/example_dags/plugins/event_listener.py
[2026-01-04T12:49:38.670+0000] {processor.py:914} INFO - Processing file /workspaces/f1_data_team/venv/lib/python3.12/site-packages/airflow/example_dags/plugins/event_listener.py for tasks to queue
[2026-01-04T12:49:38.673+0000] {logging_mixin.py:190} INFO - [2026-01-04T12:49:38.672+0000] {dagbag.py:588} INFO - Filling up the DagBag from /workspaces/f1_data_team/venv/lib/python3.12/site-packages/airflow/example_dags/plugins/event_listener.py
[2026-01-04T12:49:38.676+0000] {processor.py:927} WARNING - No viable dags retrieved from /workspaces/f1_data_team/venv/lib/python3.12/site-packages/airflow/example_dags/plugins/event_listener.py
[2026-01-04T12:49:38.688+0000] {processor.py:208} INFO - Processing /workspaces/f1_data_team/venv/lib/python3.12/site-packages/airflow/example_dags/plugins/event_listener.py took 0.026 seconds
[2026-01-04T12:50:33.180+0000] {processor.py:186} INFO - Started process (PID=42967) to work on /workspaces/f1_data_team/venv/lib/python3.12/site-packages/airflow/example_dags/plugins/event_listener.py
[2026-01-04T12:50:33.180+0000] {processor.py:914} INFO - Processing file /workspaces/f1_data_team/venv/lib/python3.12/site-packages/airflow/example_dags/plugins/event_listener.py for tasks to queue
[2026-01-04T12:50:33.182+0000] {logging_mixin.py:190} INFO - [2026-01-04T12:50:33.182+0000] {dagbag.py:588} INFO - Filling up the DagBag from /workspaces/f1_data_team/venv/lib/python3.12/site-packages/airflow/example_dags/plugins/event_listener.py
[2026-01-04T12:50:33.184+0000] {processor.py:927} WARNING - No viable dags retrieved from /workspaces/f1_data_team/venv/lib/python3.12/site-packages/airflow/example_dags/plugins/event_listener.py
[2026-01-04T12:50:33.192+0000] {processor.py:208} INFO - Processing /workspaces/f1_data_team/venv/lib/python3.12/site-packages/airflow/example_dags/plugins/event_listener.py took 0.017 seconds
[2026-01-04T12:51:10.881+0000] {processor.py:186} INFO - Started process (PID=43546) to work on /workspaces/f1_data_team/venv/lib/python3.12/site-packages/airflow/example_dags/plugins/event_listener.py
[2026-01-04T12:51:10.882+0000] {processor.py:914} INFO - Processing file /workspaces/f1_data_team/venv/lib/python3.12/site-packages/airflow/example_dags/plugins/event_listener.py for tasks to queue
[2026-01-04T12:51:10.883+0000] {logging_mixin.py:190} INFO - [2026-01-04T12:51:10.883+0000] {dagbag.py:588} INFO - Filling up the DagBag from /workspaces/f1_data_team/venv/lib/python3.12/site-packages/airflow/example_dags/plugins/event_listener.py
[2026-01-04T12:51:10.885+0000] {processor.py:927} WARNING - No viable dags retrieved from /workspaces/f1_data_team/venv/lib/python3.12/site-packages/airflow/example_dags/plugins/event_listener.py
[2026-01-04T12:51:10.893+0000] {processor.py:208} INFO - Processing /workspaces/f1_data_team/venv/lib/python3.12/site-packages/airflow/example_dags/plugins/event_listener.py took 0.017 seconds
[2026-01-04T12:52:14.271+0000] {processor.py:186} INFO - Started process (PID=44738) to work on /workspaces/f1_data_team/venv/lib/python3.12/site-packages/airflow/example_dags/plugins/event_listener.py
[2026-01-04T12:52:14.271+0000] {processor.py:914} INFO - Processing file /workspaces/f1_data_team/venv/lib/python3.12/site-packages/airflow/example_dags/plugins/event_listener.py for tasks to queue
[2026-01-04T12:52:14.273+0000] {logging_mixin.py:190} INFO - [2026-01-04T12:52:14.273+0000] {dagbag.py:588} INFO - Filling up the DagBag from /workspaces/f1_data_team/venv/lib/python3.12/site-packages/airflow/example_dags/plugins/event_listener.py
[2026-01-04T12:52:14.275+0000] {processor.py:927} WARNING - No viable dags retrieved from /workspaces/f1_data_team/venv/lib/python3.12/site-packages/airflow/example_dags/plugins/event_listener.py
[2026-01-04T12:52:14.283+0000] {processor.py:208} INFO - Processing /workspaces/f1_data_team/venv/lib/python3.12/site-packages/airflow/example_dags/plugins/event_listener.py took 0.017 seconds
[2026-01-04T12:53:11.032+0000] {processor.py:186} INFO - Started process (PID=45531) to work on /workspaces/f1_data_team/venv/lib/python3.12/site-packages/airflow/example_dags/plugins/event_listener.py
[2026-01-04T12:53:11.032+0000] {processor.py:914} INFO - Processing file /workspaces/f1_data_team/venv/lib/python3.12/site-packages/airflow/example_dags/plugins/event_listener.py for tasks to queue
[2026-01-04T12:53:11.034+0000] {logging_mixin.py:190} INFO - [2026-01-04T12:53:11.034+0000] {dagbag.py:588} INFO - Filling up the DagBag from /workspaces/f1_data_team/venv/lib/python3.12/site-packages/airflow/example_dags/plugins/event_listener.py
[2026-01-04T12:53:11.036+0000] {processor.py:927} WARNING - No viable dags retrieved from /workspaces/f1_data_team/venv/lib/python3.12/site-packages/airflow/example_dags/plugins/event_listener.py
[2026-01-04T12:53:11.044+0000] {processor.py:208} INFO - Processing /workspaces/f1_data_team/venv/lib/python3.12/site-packages/airflow/example_dags/plugins/event_listener.py took 0.017 seconds
[2026-01-04T12:54:05.122+0000] {processor.py:186} INFO - Started process (PID=46237) to work on /workspaces/f1_data_team/venv/lib/python3.12/site-packages/airflow/example_dags/plugins/event_listener.py
[2026-01-04T12:54:05.123+0000] {processor.py:914} INFO - Processing file /workspaces/f1_data_team/venv/lib/python3.12/site-packages/airflow/example_dags/plugins/event_listener.py for tasks to queue
[2026-01-04T12:54:05.126+0000] {logging_mixin.py:190} INFO - [2026-01-04T12:54:05.125+0000] {dagbag.py:588} INFO - Filling up the DagBag from /workspaces/f1_data_team/venv/lib/python3.12/site-packages/airflow/example_dags/plugins/event_listener.py
[2026-01-04T12:54:05.128+0000] {processor.py:927} WARNING - No viable dags retrieved from /workspaces/f1_data_team/venv/lib/python3.12/site-packages/airflow/example_dags/plugins/event_listener.py
[2026-01-04T12:54:05.138+0000] {processor.py:208} INFO - Processing /workspaces/f1_data_team/venv/lib/python3.12/site-packages/airflow/example_dags/plugins/event_listener.py took 0.022 seconds
[2026-01-04T12:55:13.305+0000] {processor.py:186} INFO - Started process (PID=47512) to work on /workspaces/f1_data_team/venv/lib/python3.12/site-packages/airflow/example_dags/plugins/event_listener.py
[2026-01-04T12:55:13.306+0000] {processor.py:914} INFO - Processing file /workspaces/f1_data_team/venv/lib/python3.12/site-packages/airflow/example_dags/plugins/event_listener.py for tasks to queue
[2026-01-04T12:55:13.308+0000] {logging_mixin.py:190} INFO - [2026-01-04T12:55:13.308+0000] {dagbag.py:588} INFO - Filling up the DagBag from /workspaces/f1_data_team/venv/lib/python3.12/site-packages/airflow/example_dags/plugins/event_listener.py
[2026-01-04T12:55:13.310+0000] {processor.py:927} WARNING - No viable dags retrieved from /workspaces/f1_data_team/venv/lib/python3.12/site-packages/airflow/example_dags/plugins/event_listener.py
[2026-01-04T12:55:13.318+0000] {processor.py:208} INFO - Processing /workspaces/f1_data_team/venv/lib/python3.12/site-packages/airflow/example_dags/plugins/event_listener.py took 0.018 seconds
[2026-01-04T12:55:53.391+0000] {processor.py:186} INFO - Started process (PID=47866) to work on /workspaces/f1_data_team/venv/lib/python3.12/site-packages/airflow/example_dags/plugins/event_listener.py
[2026-01-04T12:55:53.392+0000] {processor.py:914} INFO - Processing file /workspaces/f1_data_team/venv/lib/python3.12/site-packages/airflow/example_dags/plugins/event_listener.py for tasks to queue
[2026-01-04T12:55:53.393+0000] {logging_mixin.py:190} INFO - [2026-01-04T12:55:53.393+0000] {dagbag.py:588} INFO - Filling up the DagBag from /workspaces/f1_data_team/venv/lib/python3.12/site-packages/airflow/example_dags/plugins/event_listener.py
[2026-01-04T12:55:53.395+0000] {processor.py:927} WARNING - No viable dags retrieved from /workspaces/f1_data_team/venv/lib/python3.12/site-packages/airflow/example_dags/plugins/event_listener.py
[2026-01-04T12:55:53.403+0000] {processor.py:208} INFO - Processing /workspaces/f1_data_team/venv/lib/python3.12/site-packages/airflow/example_dags/plugins/event_listener.py took 0.017 seconds
[2026-01-04T12:56:45.543+0000] {processor.py:186} INFO - Started process (PID=48412) to work on /workspaces/f1_data_team/venv/lib/python3.12/site-packages/airflow/example_dags/plugins/event_listener.py
[2026-01-04T12:56:45.544+0000] {processor.py:914} INFO - Processing file /workspaces/f1_data_team/venv/lib/python3.12/site-packages/airflow/example_dags/plugins/event_listener.py for tasks to queue
[2026-01-04T12:56:45.546+0000] {logging_mixin.py:190} INFO - [2026-01-04T12:56:45.546+0000] {dagbag.py:588} INFO - Filling up the DagBag from /workspaces/f1_data_team/venv/lib/python3.12/site-packages/airflow/example_dags/plugins/event_listener.py
[2026-01-04T12:56:45.548+0000] {processor.py:927} WARNING - No viable dags retrieved from /workspaces/f1_data_team/venv/lib/python3.12/site-packages/airflow/example_dags/plugins/event_listener.py
[2026-01-04T12:56:45.563+0000] {processor.py:208} INFO - Processing /workspaces/f1_data_team/venv/lib/python3.12/site-packages/airflow/example_dags/plugins/event_listener.py took 0.027 seconds
[2026-01-04T12:57:36.043+0000] {processor.py:186} INFO - Started process (PID=48886) to work on /workspaces/f1_data_team/venv/lib/python3.12/site-packages/airflow/example_dags/plugins/event_listener.py
[2026-01-04T12:57:36.044+0000] {processor.py:914} INFO - Processing file /workspaces/f1_data_team/venv/lib/python3.12/site-packages/airflow/example_dags/plugins/event_listener.py for tasks to queue
[2026-01-04T12:57:36.046+0000] {logging_mixin.py:190} INFO - [2026-01-04T12:57:36.046+0000] {dagbag.py:588} INFO - Filling up the DagBag from /workspaces/f1_data_team/venv/lib/python3.12/site-packages/airflow/example_dags/plugins/event_listener.py
[2026-01-04T12:57:36.049+0000] {processor.py:927} WARNING - No viable dags retrieved from /workspaces/f1_data_team/venv/lib/python3.12/site-packages/airflow/example_dags/plugins/event_listener.py
[2026-01-04T12:57:36.060+0000] {processor.py:208} INFO - Processing /workspaces/f1_data_team/venv/lib/python3.12/site-packages/airflow/example_dags/plugins/event_listener.py took 0.025 seconds
[2026-01-04T12:58:27.461+0000] {processor.py:186} INFO - Started process (PID=49401) to work on /workspaces/f1_data_team/venv/lib/python3.12/site-packages/airflow/example_dags/plugins/event_listener.py
[2026-01-04T12:58:27.462+0000] {processor.py:914} INFO - Processing file /workspaces/f1_data_team/venv/lib/python3.12/site-packages/airflow/example_dags/plugins/event_listener.py for tasks to queue
[2026-01-04T12:58:27.465+0000] {logging_mixin.py:190} INFO - [2026-01-04T12:58:27.464+0000] {dagbag.py:588} INFO - Filling up the DagBag from /workspaces/f1_data_team/venv/lib/python3.12/site-packages/airflow/example_dags/plugins/event_listener.py
[2026-01-04T12:58:27.467+0000] {processor.py:927} WARNING - No viable dags retrieved from /workspaces/f1_data_team/venv/lib/python3.12/site-packages/airflow/example_dags/plugins/event_listener.py
[2026-01-04T12:58:27.478+0000] {processor.py:208} INFO - Processing /workspaces/f1_data_team/venv/lib/python3.12/site-packages/airflow/example_dags/plugins/event_listener.py took 0.022 seconds
[2026-01-04T12:59:23.475+0000] {processor.py:186} INFO - Started process (PID=49933) to work on /workspaces/f1_data_team/venv/lib/python3.12/site-packages/airflow/example_dags/plugins/event_listener.py
[2026-01-04T12:59:23.475+0000] {processor.py:914} INFO - Processing file /workspaces/f1_data_team/venv/lib/python3.12/site-packages/airflow/example_dags/plugins/event_listener.py for tasks to queue
[2026-01-04T12:59:23.478+0000] {logging_mixin.py:190} INFO - [2026-01-04T12:59:23.477+0000] {dagbag.py:588} INFO - Filling up the DagBag from /workspaces/f1_data_team/venv/lib/python3.12/site-packages/airflow/example_dags/plugins/event_listener.py
[2026-01-04T12:59:23.480+0000] {processor.py:927} WARNING - No viable dags retrieved from /workspaces/f1_data_team/venv/lib/python3.12/site-packages/airflow/example_dags/plugins/event_listener.py
[2026-01-04T12:59:23.493+0000] {processor.py:208} INFO - Processing /workspaces/f1_data_team/venv/lib/python3.12/site-packages/airflow/example_dags/plugins/event_listener.py took 0.023 seconds
[2026-01-04T13:00:17.322+0000] {processor.py:186} INFO - Started process (PID=50523) to work on /workspaces/f1_data_team/venv/lib/python3.12/site-packages/airflow/example_dags/plugins/event_listener.py
[2026-01-04T13:00:17.323+0000] {processor.py:914} INFO - Processing file /workspaces/f1_data_team/venv/lib/python3.12/site-packages/airflow/example_dags/plugins/event_listener.py for tasks to queue
[2026-01-04T13:00:17.326+0000] {logging_mixin.py:190} INFO - [2026-01-04T13:00:17.325+0000] {dagbag.py:588} INFO - Filling up the DagBag from /workspaces/f1_data_team/venv/lib/python3.12/site-packages/airflow/example_dags/plugins/event_listener.py
[2026-01-04T13:00:17.328+0000] {processor.py:927} WARNING - No viable dags retrieved from /workspaces/f1_data_team/venv/lib/python3.12/site-packages/airflow/example_dags/plugins/event_listener.py
[2026-01-04T13:00:17.344+0000] {processor.py:208} INFO - Processing /workspaces/f1_data_team/venv/lib/python3.12/site-packages/airflow/example_dags/plugins/event_listener.py took 0.029 seconds
[2026-01-04T13:01:09.827+0000] {processor.py:186} INFO - Started process (PID=51109) to work on /workspaces/f1_data_team/venv/lib/python3.12/site-packages/airflow/example_dags/plugins/event_listener.py
[2026-01-04T13:01:09.828+0000] {processor.py:914} INFO - Processing file /workspaces/f1_data_team/venv/lib/python3.12/site-packages/airflow/example_dags/plugins/event_listener.py for tasks to queue
[2026-01-04T13:01:09.830+0000] {logging_mixin.py:190} INFO - [2026-01-04T13:01:09.830+0000] {dagbag.py:588} INFO - Filling up the DagBag from /workspaces/f1_data_team/venv/lib/python3.12/site-packages/airflow/example_dags/plugins/event_listener.py
[2026-01-04T13:01:09.832+0000] {processor.py:927} WARNING - No viable dags retrieved from /workspaces/f1_data_team/venv/lib/python3.12/site-packages/airflow/example_dags/plugins/event_listener.py
[2026-01-04T13:01:09.840+0000] {processor.py:208} INFO - Processing /workspaces/f1_data_team/venv/lib/python3.12/site-packages/airflow/example_dags/plugins/event_listener.py took 0.017 seconds
[2026-01-04T13:01:58.423+0000] {processor.py:186} INFO - Started process (PID=51755) to work on /workspaces/f1_data_team/venv/lib/python3.12/site-packages/airflow/example_dags/plugins/event_listener.py
[2026-01-04T13:01:58.424+0000] {processor.py:914} INFO - Processing file /workspaces/f1_data_team/venv/lib/python3.12/site-packages/airflow/example_dags/plugins/event_listener.py for tasks to queue
[2026-01-04T13:01:58.426+0000] {logging_mixin.py:190} INFO - [2026-01-04T13:01:58.426+0000] {dagbag.py:588} INFO - Filling up the DagBag from /workspaces/f1_data_team/venv/lib/python3.12/site-packages/airflow/example_dags/plugins/event_listener.py
[2026-01-04T13:01:58.428+0000] {processor.py:927} WARNING - No viable dags retrieved from /workspaces/f1_data_team/venv/lib/python3.12/site-packages/airflow/example_dags/plugins/event_listener.py
[2026-01-04T13:01:58.436+0000] {processor.py:208} INFO - Processing /workspaces/f1_data_team/venv/lib/python3.12/site-packages/airflow/example_dags/plugins/event_listener.py took 0.017 seconds
[2026-01-04T13:02:49.808+0000] {processor.py:186} INFO - Started process (PID=52360) to work on /workspaces/f1_data_team/venv/lib/python3.12/site-packages/airflow/example_dags/plugins/event_listener.py
[2026-01-04T13:02:49.809+0000] {processor.py:914} INFO - Processing file /workspaces/f1_data_team/venv/lib/python3.12/site-packages/airflow/example_dags/plugins/event_listener.py for tasks to queue
[2026-01-04T13:02:49.811+0000] {logging_mixin.py:190} INFO - [2026-01-04T13:02:49.810+0000] {dagbag.py:588} INFO - Filling up the DagBag from /workspaces/f1_data_team/venv/lib/python3.12/site-packages/airflow/example_dags/plugins/event_listener.py
[2026-01-04T13:02:49.812+0000] {processor.py:927} WARNING - No viable dags retrieved from /workspaces/f1_data_team/venv/lib/python3.12/site-packages/airflow/example_dags/plugins/event_listener.py
[2026-01-04T13:02:49.820+0000] {processor.py:208} INFO - Processing /workspaces/f1_data_team/venv/lib/python3.12/site-packages/airflow/example_dags/plugins/event_listener.py took 0.017 seconds
[2026-01-04T13:03:37.927+0000] {processor.py:186} INFO - Started process (PID=52828) to work on /workspaces/f1_data_team/venv/lib/python3.12/site-packages/airflow/example_dags/plugins/event_listener.py
[2026-01-04T13:03:37.928+0000] {processor.py:914} INFO - Processing file /workspaces/f1_data_team/venv/lib/python3.12/site-packages/airflow/example_dags/plugins/event_listener.py for tasks to queue
[2026-01-04T13:03:37.930+0000] {logging_mixin.py:190} INFO - [2026-01-04T13:03:37.930+0000] {dagbag.py:588} INFO - Filling up the DagBag from /workspaces/f1_data_team/venv/lib/python3.12/site-packages/airflow/example_dags/plugins/event_listener.py
[2026-01-04T13:03:37.932+0000] {processor.py:927} WARNING - No viable dags retrieved from /workspaces/f1_data_team/venv/lib/python3.12/site-packages/airflow/example_dags/plugins/event_listener.py
[2026-01-04T13:03:37.940+0000] {processor.py:208} INFO - Processing /workspaces/f1_data_team/venv/lib/python3.12/site-packages/airflow/example_dags/plugins/event_listener.py took 0.017 seconds
[2026-01-04T13:04:27.312+0000] {processor.py:186} INFO - Started process (PID=53278) to work on /workspaces/f1_data_team/venv/lib/python3.12/site-packages/airflow/example_dags/plugins/event_listener.py
[2026-01-04T13:04:27.312+0000] {processor.py:914} INFO - Processing file /workspaces/f1_data_team/venv/lib/python3.12/site-packages/airflow/example_dags/plugins/event_listener.py for tasks to queue
[2026-01-04T13:04:27.314+0000] {logging_mixin.py:190} INFO - [2026-01-04T13:04:27.314+0000] {dagbag.py:588} INFO - Filling up the DagBag from /workspaces/f1_data_team/venv/lib/python3.12/site-packages/airflow/example_dags/plugins/event_listener.py
[2026-01-04T13:04:27.316+0000] {processor.py:927} WARNING - No viable dags retrieved from /workspaces/f1_data_team/venv/lib/python3.12/site-packages/airflow/example_dags/plugins/event_listener.py
[2026-01-04T13:04:27.324+0000] {processor.py:208} INFO - Processing /workspaces/f1_data_team/venv/lib/python3.12/site-packages/airflow/example_dags/plugins/event_listener.py took 0.017 seconds
[2026-01-04T13:05:20.536+0000] {processor.py:186} INFO - Started process (PID=53750) to work on /workspaces/f1_data_team/venv/lib/python3.12/site-packages/airflow/example_dags/plugins/event_listener.py
[2026-01-04T13:05:20.537+0000] {processor.py:914} INFO - Processing file /workspaces/f1_data_team/venv/lib/python3.12/site-packages/airflow/example_dags/plugins/event_listener.py for tasks to queue
[2026-01-04T13:05:20.539+0000] {logging_mixin.py:190} INFO - [2026-01-04T13:05:20.539+0000] {dagbag.py:588} INFO - Filling up the DagBag from /workspaces/f1_data_team/venv/lib/python3.12/site-packages/airflow/example_dags/plugins/event_listener.py
[2026-01-04T13:05:20.541+0000] {processor.py:927} WARNING - No viable dags retrieved from /workspaces/f1_data_team/venv/lib/python3.12/site-packages/airflow/example_dags/plugins/event_listener.py
[2026-01-04T13:05:20.549+0000] {processor.py:208} INFO - Processing /workspaces/f1_data_team/venv/lib/python3.12/site-packages/airflow/example_dags/plugins/event_listener.py took 0.017 seconds
[2026-01-04T13:06:16.435+0000] {processor.py:186} INFO - Started process (PID=54482) to work on /workspaces/f1_data_team/venv/lib/python3.12/site-packages/airflow/example_dags/plugins/event_listener.py
[2026-01-04T13:06:16.435+0000] {processor.py:914} INFO - Processing file /workspaces/f1_data_team/venv/lib/python3.12/site-packages/airflow/example_dags/plugins/event_listener.py for tasks to queue
[2026-01-04T13:06:16.437+0000] {logging_mixin.py:190} INFO - [2026-01-04T13:06:16.437+0000] {dagbag.py:588} INFO - Filling up the DagBag from /workspaces/f1_data_team/venv/lib/python3.12/site-packages/airflow/example_dags/plugins/event_listener.py
[2026-01-04T13:06:16.439+0000] {processor.py:927} WARNING - No viable dags retrieved from /workspaces/f1_data_team/venv/lib/python3.12/site-packages/airflow/example_dags/plugins/event_listener.py
[2026-01-04T13:06:16.447+0000] {processor.py:208} INFO - Processing /workspaces/f1_data_team/venv/lib/python3.12/site-packages/airflow/example_dags/plugins/event_listener.py took 0.017 seconds
[2026-01-04T13:07:08.059+0000] {processor.py:186} INFO - Started process (PID=54945) to work on /workspaces/f1_data_team/venv/lib/python3.12/site-packages/airflow/example_dags/plugins/event_listener.py
[2026-01-04T13:07:08.060+0000] {processor.py:914} INFO - Processing file /workspaces/f1_data_team/venv/lib/python3.12/site-packages/airflow/example_dags/plugins/event_listener.py for tasks to queue
[2026-01-04T13:07:08.062+0000] {logging_mixin.py:190} INFO - [2026-01-04T13:07:08.062+0000] {dagbag.py:588} INFO - Filling up the DagBag from /workspaces/f1_data_team/venv/lib/python3.12/site-packages/airflow/example_dags/plugins/event_listener.py
[2026-01-04T13:07:08.064+0000] {processor.py:927} WARNING - No viable dags retrieved from /workspaces/f1_data_team/venv/lib/python3.12/site-packages/airflow/example_dags/plugins/event_listener.py
[2026-01-04T13:07:08.072+0000] {processor.py:208} INFO - Processing /workspaces/f1_data_team/venv/lib/python3.12/site-packages/airflow/example_dags/plugins/event_listener.py took 0.017 seconds
[2026-01-04T13:08:04.950+0000] {processor.py:186} INFO - Started process (PID=55376) to work on /workspaces/f1_data_team/venv/lib/python3.12/site-packages/airflow/example_dags/plugins/event_listener.py
[2026-01-04T13:08:04.950+0000] {processor.py:914} INFO - Processing file /workspaces/f1_data_team/venv/lib/python3.12/site-packages/airflow/example_dags/plugins/event_listener.py for tasks to queue
[2026-01-04T13:08:04.952+0000] {logging_mixin.py:190} INFO - [2026-01-04T13:08:04.952+0000] {dagbag.py:588} INFO - Filling up the DagBag from /workspaces/f1_data_team/venv/lib/python3.12/site-packages/airflow/example_dags/plugins/event_listener.py
[2026-01-04T13:08:04.954+0000] {processor.py:927} WARNING - No viable dags retrieved from /workspaces/f1_data_team/venv/lib/python3.12/site-packages/airflow/example_dags/plugins/event_listener.py
[2026-01-04T13:08:04.962+0000] {processor.py:208} INFO - Processing /workspaces/f1_data_team/venv/lib/python3.12/site-packages/airflow/example_dags/plugins/event_listener.py took 0.017 seconds
[2026-01-04T13:08:58.707+0000] {processor.py:186} INFO - Started process (PID=55854) to work on /workspaces/f1_data_team/venv/lib/python3.12/site-packages/airflow/example_dags/plugins/event_listener.py
[2026-01-04T13:08:58.708+0000] {processor.py:914} INFO - Processing file /workspaces/f1_data_team/venv/lib/python3.12/site-packages/airflow/example_dags/plugins/event_listener.py for tasks to queue
[2026-01-04T13:08:58.710+0000] {logging_mixin.py:190} INFO - [2026-01-04T13:08:58.709+0000] {dagbag.py:588} INFO - Filling up the DagBag from /workspaces/f1_data_team/venv/lib/python3.12/site-packages/airflow/example_dags/plugins/event_listener.py
[2026-01-04T13:08:58.712+0000] {processor.py:927} WARNING - No viable dags retrieved from /workspaces/f1_data_team/venv/lib/python3.12/site-packages/airflow/example_dags/plugins/event_listener.py
[2026-01-04T13:08:58.720+0000] {processor.py:208} INFO - Processing /workspaces/f1_data_team/venv/lib/python3.12/site-packages/airflow/example_dags/plugins/event_listener.py took 0.018 seconds
[2026-01-04T13:09:47.761+0000] {processor.py:186} INFO - Started process (PID=56256) to work on /workspaces/f1_data_team/venv/lib/python3.12/site-packages/airflow/example_dags/plugins/event_listener.py
[2026-01-04T13:09:47.762+0000] {processor.py:914} INFO - Processing file /workspaces/f1_data_team/venv/lib/python3.12/site-packages/airflow/example_dags/plugins/event_listener.py for tasks to queue
[2026-01-04T13:09:47.764+0000] {logging_mixin.py:190} INFO - [2026-01-04T13:09:47.763+0000] {dagbag.py:588} INFO - Filling up the DagBag from /workspaces/f1_data_team/venv/lib/python3.12/site-packages/airflow/example_dags/plugins/event_listener.py
[2026-01-04T13:09:47.765+0000] {processor.py:927} WARNING - No viable dags retrieved from /workspaces/f1_data_team/venv/lib/python3.12/site-packages/airflow/example_dags/plugins/event_listener.py
[2026-01-04T13:09:47.773+0000] {processor.py:208} INFO - Processing /workspaces/f1_data_team/venv/lib/python3.12/site-packages/airflow/example_dags/plugins/event_listener.py took 0.017 seconds
[2026-01-04T13:10:40.854+0000] {processor.py:186} INFO - Started process (PID=56673) to work on /workspaces/f1_data_team/venv/lib/python3.12/site-packages/airflow/example_dags/plugins/event_listener.py
[2026-01-04T13:10:40.855+0000] {processor.py:914} INFO - Processing file /workspaces/f1_data_team/venv/lib/python3.12/site-packages/airflow/example_dags/plugins/event_listener.py for tasks to queue
[2026-01-04T13:10:40.857+0000] {logging_mixin.py:190} INFO - [2026-01-04T13:10:40.857+0000] {dagbag.py:588} INFO - Filling up the DagBag from /workspaces/f1_data_team/venv/lib/python3.12/site-packages/airflow/example_dags/plugins/event_listener.py
[2026-01-04T13:10:40.859+0000] {processor.py:927} WARNING - No viable dags retrieved from /workspaces/f1_data_team/venv/lib/python3.12/site-packages/airflow/example_dags/plugins/event_listener.py
[2026-01-04T13:10:40.867+0000] {processor.py:208} INFO - Processing /workspaces/f1_data_team/venv/lib/python3.12/site-packages/airflow/example_dags/plugins/event_listener.py took 0.017 seconds
[2026-01-04T13:11:34.794+0000] {processor.py:186} INFO - Started process (PID=57155) to work on /workspaces/f1_data_team/venv/lib/python3.12/site-packages/airflow/example_dags/plugins/event_listener.py
[2026-01-04T13:11:34.795+0000] {processor.py:914} INFO - Processing file /workspaces/f1_data_team/venv/lib/python3.12/site-packages/airflow/example_dags/plugins/event_listener.py for tasks to queue
[2026-01-04T13:11:34.797+0000] {logging_mixin.py:190} INFO - [2026-01-04T13:11:34.797+0000] {dagbag.py:588} INFO - Filling up the DagBag from /workspaces/f1_data_team/venv/lib/python3.12/site-packages/airflow/example_dags/plugins/event_listener.py
[2026-01-04T13:11:34.799+0000] {processor.py:927} WARNING - No viable dags retrieved from /workspaces/f1_data_team/venv/lib/python3.12/site-packages/airflow/example_dags/plugins/event_listener.py
[2026-01-04T13:11:34.807+0000] {processor.py:208} INFO - Processing /workspaces/f1_data_team/venv/lib/python3.12/site-packages/airflow/example_dags/plugins/event_listener.py took 0.017 seconds
[2026-01-04T13:12:25.803+0000] {processor.py:186} INFO - Started process (PID=57565) to work on /workspaces/f1_data_team/venv/lib/python3.12/site-packages/airflow/example_dags/plugins/event_listener.py
[2026-01-04T13:12:25.804+0000] {processor.py:914} INFO - Processing file /workspaces/f1_data_team/venv/lib/python3.12/site-packages/airflow/example_dags/plugins/event_listener.py for tasks to queue
[2026-01-04T13:12:25.806+0000] {logging_mixin.py:190} INFO - [2026-01-04T13:12:25.806+0000] {dagbag.py:588} INFO - Filling up the DagBag from /workspaces/f1_data_team/venv/lib/python3.12/site-packages/airflow/example_dags/plugins/event_listener.py
[2026-01-04T13:12:25.808+0000] {processor.py:927} WARNING - No viable dags retrieved from /workspaces/f1_data_team/venv/lib/python3.12/site-packages/airflow/example_dags/plugins/event_listener.py
[2026-01-04T13:12:25.816+0000] {processor.py:208} INFO - Processing /workspaces/f1_data_team/venv/lib/python3.12/site-packages/airflow/example_dags/plugins/event_listener.py took 0.017 seconds
[2026-01-04T13:13:17.882+0000] {processor.py:186} INFO - Started process (PID=57984) to work on /workspaces/f1_data_team/venv/lib/python3.12/site-packages/airflow/example_dags/plugins/event_listener.py
[2026-01-04T13:13:17.883+0000] {processor.py:914} INFO - Processing file /workspaces/f1_data_team/venv/lib/python3.12/site-packages/airflow/example_dags/plugins/event_listener.py for tasks to queue
[2026-01-04T13:13:17.885+0000] {logging_mixin.py:190} INFO - [2026-01-04T13:13:17.884+0000] {dagbag.py:588} INFO - Filling up the DagBag from /workspaces/f1_data_team/venv/lib/python3.12/site-packages/airflow/example_dags/plugins/event_listener.py
[2026-01-04T13:13:17.887+0000] {processor.py:927} WARNING - No viable dags retrieved from /workspaces/f1_data_team/venv/lib/python3.12/site-packages/airflow/example_dags/plugins/event_listener.py
[2026-01-04T13:13:17.895+0000] {processor.py:208} INFO - Processing /workspaces/f1_data_team/venv/lib/python3.12/site-packages/airflow/example_dags/plugins/event_listener.py took 0.017 seconds
[2026-01-04T13:14:10.854+0000] {processor.py:186} INFO - Started process (PID=58421) to work on /workspaces/f1_data_team/venv/lib/python3.12/site-packages/airflow/example_dags/plugins/event_listener.py
[2026-01-04T13:14:10.855+0000] {processor.py:914} INFO - Processing file /workspaces/f1_data_team/venv/lib/python3.12/site-packages/airflow/example_dags/plugins/event_listener.py for tasks to queue
[2026-01-04T13:14:10.857+0000] {logging_mixin.py:190} INFO - [2026-01-04T13:14:10.856+0000] {dagbag.py:588} INFO - Filling up the DagBag from /workspaces/f1_data_team/venv/lib/python3.12/site-packages/airflow/example_dags/plugins/event_listener.py
[2026-01-04T13:14:10.858+0000] {processor.py:927} WARNING - No viable dags retrieved from /workspaces/f1_data_team/venv/lib/python3.12/site-packages/airflow/example_dags/plugins/event_listener.py
[2026-01-04T13:14:10.866+0000] {processor.py:208} INFO - Processing /workspaces/f1_data_team/venv/lib/python3.12/site-packages/airflow/example_dags/plugins/event_listener.py took 0.017 seconds
[2026-01-04T13:15:01.125+0000] {processor.py:186} INFO - Started process (PID=58769) to work on /workspaces/f1_data_team/venv/lib/python3.12/site-packages/airflow/example_dags/plugins/event_listener.py
[2026-01-04T13:15:01.126+0000] {processor.py:914} INFO - Processing file /workspaces/f1_data_team/venv/lib/python3.12/site-packages/airflow/example_dags/plugins/event_listener.py for tasks to queue
[2026-01-04T13:15:01.128+0000] {logging_mixin.py:190} INFO - [2026-01-04T13:15:01.128+0000] {dagbag.py:588} INFO - Filling up the DagBag from /workspaces/f1_data_team/venv/lib/python3.12/site-packages/airflow/example_dags/plugins/event_listener.py
[2026-01-04T13:15:01.130+0000] {processor.py:927} WARNING - No viable dags retrieved from /workspaces/f1_data_team/venv/lib/python3.12/site-packages/airflow/example_dags/plugins/event_listener.py
[2026-01-04T13:15:01.138+0000] {processor.py:208} INFO - Processing /workspaces/f1_data_team/venv/lib/python3.12/site-packages/airflow/example_dags/plugins/event_listener.py took 0.018 seconds
[2026-01-04T13:15:52.571+0000] {processor.py:186} INFO - Started process (PID=59174) to work on /workspaces/f1_data_team/venv/lib/python3.12/site-packages/airflow/example_dags/plugins/event_listener.py
[2026-01-04T13:15:52.571+0000] {processor.py:914} INFO - Processing file /workspaces/f1_data_team/venv/lib/python3.12/site-packages/airflow/example_dags/plugins/event_listener.py for tasks to queue
[2026-01-04T13:15:52.573+0000] {logging_mixin.py:190} INFO - [2026-01-04T13:15:52.573+0000] {dagbag.py:588} INFO - Filling up the DagBag from /workspaces/f1_data_team/venv/lib/python3.12/site-packages/airflow/example_dags/plugins/event_listener.py
[2026-01-04T13:15:52.575+0000] {processor.py:927} WARNING - No viable dags retrieved from /workspaces/f1_data_team/venv/lib/python3.12/site-packages/airflow/example_dags/plugins/event_listener.py
[2026-01-04T13:15:52.583+0000] {processor.py:208} INFO - Processing /workspaces/f1_data_team/venv/lib/python3.12/site-packages/airflow/example_dags/plugins/event_listener.py took 0.017 seconds
[2026-01-04T13:16:45.366+0000] {processor.py:186} INFO - Started process (PID=59656) to work on /workspaces/f1_data_team/venv/lib/python3.12/site-packages/airflow/example_dags/plugins/event_listener.py
[2026-01-04T13:16:45.367+0000] {processor.py:914} INFO - Processing file /workspaces/f1_data_team/venv/lib/python3.12/site-packages/airflow/example_dags/plugins/event_listener.py for tasks to queue
[2026-01-04T13:16:45.369+0000] {logging_mixin.py:190} INFO - [2026-01-04T13:16:45.368+0000] {dagbag.py:588} INFO - Filling up the DagBag from /workspaces/f1_data_team/venv/lib/python3.12/site-packages/airflow/example_dags/plugins/event_listener.py
[2026-01-04T13:16:45.370+0000] {processor.py:927} WARNING - No viable dags retrieved from /workspaces/f1_data_team/venv/lib/python3.12/site-packages/airflow/example_dags/plugins/event_listener.py
[2026-01-04T13:16:45.378+0000] {processor.py:208} INFO - Processing /workspaces/f1_data_team/venv/lib/python3.12/site-packages/airflow/example_dags/plugins/event_listener.py took 0.017 seconds
[2026-01-04T13:17:36.140+0000] {processor.py:186} INFO - Started process (PID=60067) to work on /workspaces/f1_data_team/venv/lib/python3.12/site-packages/airflow/example_dags/plugins/event_listener.py
[2026-01-04T13:17:36.141+0000] {processor.py:914} INFO - Processing file /workspaces/f1_data_team/venv/lib/python3.12/site-packages/airflow/example_dags/plugins/event_listener.py for tasks to queue
[2026-01-04T13:17:36.143+0000] {logging_mixin.py:190} INFO - [2026-01-04T13:17:36.142+0000] {dagbag.py:588} INFO - Filling up the DagBag from /workspaces/f1_data_team/venv/lib/python3.12/site-packages/airflow/example_dags/plugins/event_listener.py
[2026-01-04T13:17:36.144+0000] {processor.py:927} WARNING - No viable dags retrieved from /workspaces/f1_data_team/venv/lib/python3.12/site-packages/airflow/example_dags/plugins/event_listener.py
[2026-01-04T13:17:36.152+0000] {processor.py:208} INFO - Processing /workspaces/f1_data_team/venv/lib/python3.12/site-packages/airflow/example_dags/plugins/event_listener.py took 0.018 seconds
[2026-01-04T13:18:26.818+0000] {processor.py:186} INFO - Started process (PID=60470) to work on /workspaces/f1_data_team/venv/lib/python3.12/site-packages/airflow/example_dags/plugins/event_listener.py
[2026-01-04T13:18:26.818+0000] {processor.py:914} INFO - Processing file /workspaces/f1_data_team/venv/lib/python3.12/site-packages/airflow/example_dags/plugins/event_listener.py for tasks to queue
[2026-01-04T13:18:26.820+0000] {logging_mixin.py:190} INFO - [2026-01-04T13:18:26.820+0000] {dagbag.py:588} INFO - Filling up the DagBag from /workspaces/f1_data_team/venv/lib/python3.12/site-packages/airflow/example_dags/plugins/event_listener.py
[2026-01-04T13:18:26.822+0000] {processor.py:927} WARNING - No viable dags retrieved from /workspaces/f1_data_team/venv/lib/python3.12/site-packages/airflow/example_dags/plugins/event_listener.py
[2026-01-04T13:18:26.831+0000] {processor.py:208} INFO - Processing /workspaces/f1_data_team/venv/lib/python3.12/site-packages/airflow/example_dags/plugins/event_listener.py took 0.018 seconds
[2026-01-04T13:19:20.171+0000] {processor.py:186} INFO - Started process (PID=60895) to work on /workspaces/f1_data_team/venv/lib/python3.12/site-packages/airflow/example_dags/plugins/event_listener.py
[2026-01-04T13:19:20.172+0000] {processor.py:914} INFO - Processing file /workspaces/f1_data_team/venv/lib/python3.12/site-packages/airflow/example_dags/plugins/event_listener.py for tasks to queue
[2026-01-04T13:19:20.174+0000] {logging_mixin.py:190} INFO - [2026-01-04T13:19:20.173+0000] {dagbag.py:588} INFO - Filling up the DagBag from /workspaces/f1_data_team/venv/lib/python3.12/site-packages/airflow/example_dags/plugins/event_listener.py
[2026-01-04T13:19:20.175+0000] {processor.py:927} WARNING - No viable dags retrieved from /workspaces/f1_data_team/venv/lib/python3.12/site-packages/airflow/example_dags/plugins/event_listener.py
[2026-01-04T13:19:20.183+0000] {processor.py:208} INFO - Processing /workspaces/f1_data_team/venv/lib/python3.12/site-packages/airflow/example_dags/plugins/event_listener.py took 0.017 seconds
[2026-01-04T13:20:14.385+0000] {processor.py:186} INFO - Started process (PID=61317) to work on /workspaces/f1_data_team/venv/lib/python3.12/site-packages/airflow/example_dags/plugins/event_listener.py
[2026-01-04T13:20:14.386+0000] {processor.py:914} INFO - Processing file /workspaces/f1_data_team/venv/lib/python3.12/site-packages/airflow/example_dags/plugins/event_listener.py for tasks to queue
[2026-01-04T13:20:14.388+0000] {logging_mixin.py:190} INFO - [2026-01-04T13:20:14.388+0000] {dagbag.py:588} INFO - Filling up the DagBag from /workspaces/f1_data_team/venv/lib/python3.12/site-packages/airflow/example_dags/plugins/event_listener.py
[2026-01-04T13:20:14.390+0000] {processor.py:927} WARNING - No viable dags retrieved from /workspaces/f1_data_team/venv/lib/python3.12/site-packages/airflow/example_dags/plugins/event_listener.py
[2026-01-04T13:20:14.398+0000] {processor.py:208} INFO - Processing /workspaces/f1_data_team/venv/lib/python3.12/site-packages/airflow/example_dags/plugins/event_listener.py took 0.017 seconds
[2026-01-04T13:21:07.552+0000] {processor.py:186} INFO - Started process (PID=61756) to work on /workspaces/f1_data_team/venv/lib/python3.12/site-packages/airflow/example_dags/plugins/event_listener.py
[2026-01-04T13:21:07.553+0000] {processor.py:914} INFO - Processing file /workspaces/f1_data_team/venv/lib/python3.12/site-packages/airflow/example_dags/plugins/event_listener.py for tasks to queue
[2026-01-04T13:21:07.555+0000] {logging_mixin.py:190} INFO - [2026-01-04T13:21:07.554+0000] {dagbag.py:588} INFO - Filling up the DagBag from /workspaces/f1_data_team/venv/lib/python3.12/site-packages/airflow/example_dags/plugins/event_listener.py
[2026-01-04T13:21:07.556+0000] {processor.py:927} WARNING - No viable dags retrieved from /workspaces/f1_data_team/venv/lib/python3.12/site-packages/airflow/example_dags/plugins/event_listener.py
[2026-01-04T13:21:07.565+0000] {processor.py:208} INFO - Processing /workspaces/f1_data_team/venv/lib/python3.12/site-packages/airflow/example_dags/plugins/event_listener.py took 0.018 seconds
[2026-01-04T13:22:03.293+0000] {processor.py:186} INFO - Started process (PID=62193) to work on /workspaces/f1_data_team/venv/lib/python3.12/site-packages/airflow/example_dags/plugins/event_listener.py
[2026-01-04T13:22:03.293+0000] {processor.py:914} INFO - Processing file /workspaces/f1_data_team/venv/lib/python3.12/site-packages/airflow/example_dags/plugins/event_listener.py for tasks to queue
[2026-01-04T13:22:03.295+0000] {logging_mixin.py:190} INFO - [2026-01-04T13:22:03.295+0000] {dagbag.py:588} INFO - Filling up the DagBag from /workspaces/f1_data_team/venv/lib/python3.12/site-packages/airflow/example_dags/plugins/event_listener.py
[2026-01-04T13:22:03.297+0000] {processor.py:927} WARNING - No viable dags retrieved from /workspaces/f1_data_team/venv/lib/python3.12/site-packages/airflow/example_dags/plugins/event_listener.py
[2026-01-04T13:22:03.305+0000] {processor.py:208} INFO - Processing /workspaces/f1_data_team/venv/lib/python3.12/site-packages/airflow/example_dags/plugins/event_listener.py took 0.017 seconds
[2026-01-04T13:22:53.560+0000] {processor.py:186} INFO - Started process (PID=62590) to work on /workspaces/f1_data_team/venv/lib/python3.12/site-packages/airflow/example_dags/plugins/event_listener.py
[2026-01-04T13:22:53.561+0000] {processor.py:914} INFO - Processing file /workspaces/f1_data_team/venv/lib/python3.12/site-packages/airflow/example_dags/plugins/event_listener.py for tasks to queue
[2026-01-04T13:22:53.563+0000] {logging_mixin.py:190} INFO - [2026-01-04T13:22:53.563+0000] {dagbag.py:588} INFO - Filling up the DagBag from /workspaces/f1_data_team/venv/lib/python3.12/site-packages/airflow/example_dags/plugins/event_listener.py
[2026-01-04T13:22:53.566+0000] {processor.py:927} WARNING - No viable dags retrieved from /workspaces/f1_data_team/venv/lib/python3.12/site-packages/airflow/example_dags/plugins/event_listener.py
[2026-01-04T13:22:53.577+0000] {processor.py:208} INFO - Processing /workspaces/f1_data_team/venv/lib/python3.12/site-packages/airflow/example_dags/plugins/event_listener.py took 0.024 seconds
[2026-01-04T13:23:44.946+0000] {processor.py:186} INFO - Started process (PID=63008) to work on /workspaces/f1_data_team/venv/lib/python3.12/site-packages/airflow/example_dags/plugins/event_listener.py
[2026-01-04T13:23:44.947+0000] {processor.py:914} INFO - Processing file /workspaces/f1_data_team/venv/lib/python3.12/site-packages/airflow/example_dags/plugins/event_listener.py for tasks to queue
[2026-01-04T13:23:44.949+0000] {logging_mixin.py:190} INFO - [2026-01-04T13:23:44.949+0000] {dagbag.py:588} INFO - Filling up the DagBag from /workspaces/f1_data_team/venv/lib/python3.12/site-packages/airflow/example_dags/plugins/event_listener.py
[2026-01-04T13:23:44.951+0000] {processor.py:927} WARNING - No viable dags retrieved from /workspaces/f1_data_team/venv/lib/python3.12/site-packages/airflow/example_dags/plugins/event_listener.py
[2026-01-04T13:23:44.959+0000] {processor.py:208} INFO - Processing /workspaces/f1_data_team/venv/lib/python3.12/site-packages/airflow/example_dags/plugins/event_listener.py took 0.017 seconds
[2026-01-04T13:24:38.553+0000] {processor.py:186} INFO - Started process (PID=63446) to work on /workspaces/f1_data_team/venv/lib/python3.12/site-packages/airflow/example_dags/plugins/event_listener.py
[2026-01-04T13:24:38.554+0000] {processor.py:914} INFO - Processing file /workspaces/f1_data_team/venv/lib/python3.12/site-packages/airflow/example_dags/plugins/event_listener.py for tasks to queue
[2026-01-04T13:24:38.556+0000] {logging_mixin.py:190} INFO - [2026-01-04T13:24:38.556+0000] {dagbag.py:588} INFO - Filling up the DagBag from /workspaces/f1_data_team/venv/lib/python3.12/site-packages/airflow/example_dags/plugins/event_listener.py
[2026-01-04T13:24:38.558+0000] {processor.py:927} WARNING - No viable dags retrieved from /workspaces/f1_data_team/venv/lib/python3.12/site-packages/airflow/example_dags/plugins/event_listener.py
[2026-01-04T13:24:38.566+0000] {processor.py:208} INFO - Processing /workspaces/f1_data_team/venv/lib/python3.12/site-packages/airflow/example_dags/plugins/event_listener.py took 0.017 seconds
[2026-01-04T13:25:30.074+0000] {processor.py:186} INFO - Started process (PID=63858) to work on /workspaces/f1_data_team/venv/lib/python3.12/site-packages/airflow/example_dags/plugins/event_listener.py
[2026-01-04T13:25:30.075+0000] {processor.py:914} INFO - Processing file /workspaces/f1_data_team/venv/lib/python3.12/site-packages/airflow/example_dags/plugins/event_listener.py for tasks to queue
[2026-01-04T13:25:30.077+0000] {logging_mixin.py:190} INFO - [2026-01-04T13:25:30.077+0000] {dagbag.py:588} INFO - Filling up the DagBag from /workspaces/f1_data_team/venv/lib/python3.12/site-packages/airflow/example_dags/plugins/event_listener.py
[2026-01-04T13:25:30.079+0000] {processor.py:927} WARNING - No viable dags retrieved from /workspaces/f1_data_team/venv/lib/python3.12/site-packages/airflow/example_dags/plugins/event_listener.py
[2026-01-04T13:25:30.087+0000] {processor.py:208} INFO - Processing /workspaces/f1_data_team/venv/lib/python3.12/site-packages/airflow/example_dags/plugins/event_listener.py took 0.017 seconds
[2026-01-04T13:26:23.685+0000] {processor.py:186} INFO - Started process (PID=64343) to work on /workspaces/f1_data_team/venv/lib/python3.12/site-packages/airflow/example_dags/plugins/event_listener.py
[2026-01-04T13:26:23.686+0000] {processor.py:914} INFO - Processing file /workspaces/f1_data_team/venv/lib/python3.12/site-packages/airflow/example_dags/plugins/event_listener.py for tasks to queue
[2026-01-04T13:26:23.688+0000] {logging_mixin.py:190} INFO - [2026-01-04T13:26:23.688+0000] {dagbag.py:588} INFO - Filling up the DagBag from /workspaces/f1_data_team/venv/lib/python3.12/site-packages/airflow/example_dags/plugins/event_listener.py
[2026-01-04T13:26:23.690+0000] {processor.py:927} WARNING - No viable dags retrieved from /workspaces/f1_data_team/venv/lib/python3.12/site-packages/airflow/example_dags/plugins/event_listener.py
[2026-01-04T13:26:23.698+0000] {processor.py:208} INFO - Processing /workspaces/f1_data_team/venv/lib/python3.12/site-packages/airflow/example_dags/plugins/event_listener.py took 0.017 seconds
[2026-01-04T13:27:17.584+0000] {processor.py:186} INFO - Started process (PID=64765) to work on /workspaces/f1_data_team/venv/lib/python3.12/site-packages/airflow/example_dags/plugins/event_listener.py
[2026-01-04T13:27:17.585+0000] {processor.py:914} INFO - Processing file /workspaces/f1_data_team/venv/lib/python3.12/site-packages/airflow/example_dags/plugins/event_listener.py for tasks to queue
[2026-01-04T13:27:17.587+0000] {logging_mixin.py:190} INFO - [2026-01-04T13:27:17.586+0000] {dagbag.py:588} INFO - Filling up the DagBag from /workspaces/f1_data_team/venv/lib/python3.12/site-packages/airflow/example_dags/plugins/event_listener.py
[2026-01-04T13:27:17.589+0000] {processor.py:927} WARNING - No viable dags retrieved from /workspaces/f1_data_team/venv/lib/python3.12/site-packages/airflow/example_dags/plugins/event_listener.py
[2026-01-04T13:27:17.597+0000] {processor.py:208} INFO - Processing /workspaces/f1_data_team/venv/lib/python3.12/site-packages/airflow/example_dags/plugins/event_listener.py took 0.017 seconds
[2026-01-04T13:28:09.333+0000] {processor.py:186} INFO - Started process (PID=65182) to work on /workspaces/f1_data_team/venv/lib/python3.12/site-packages/airflow/example_dags/plugins/event_listener.py
[2026-01-04T13:28:09.333+0000] {processor.py:914} INFO - Processing file /workspaces/f1_data_team/venv/lib/python3.12/site-packages/airflow/example_dags/plugins/event_listener.py for tasks to queue
[2026-01-04T13:28:09.335+0000] {logging_mixin.py:190} INFO - [2026-01-04T13:28:09.335+0000] {dagbag.py:588} INFO - Filling up the DagBag from /workspaces/f1_data_team/venv/lib/python3.12/site-packages/airflow/example_dags/plugins/event_listener.py
[2026-01-04T13:28:09.337+0000] {processor.py:927} WARNING - No viable dags retrieved from /workspaces/f1_data_team/venv/lib/python3.12/site-packages/airflow/example_dags/plugins/event_listener.py
[2026-01-04T13:28:09.346+0000] {processor.py:208} INFO - Processing /workspaces/f1_data_team/venv/lib/python3.12/site-packages/airflow/example_dags/plugins/event_listener.py took 0.018 seconds
[2026-01-04T13:29:01.829+0000] {processor.py:186} INFO - Started process (PID=65527) to work on /workspaces/f1_data_team/venv/lib/python3.12/site-packages/airflow/example_dags/plugins/event_listener.py
[2026-01-04T13:29:01.829+0000] {processor.py:914} INFO - Processing file /workspaces/f1_data_team/venv/lib/python3.12/site-packages/airflow/example_dags/plugins/event_listener.py for tasks to queue
[2026-01-04T13:29:01.831+0000] {logging_mixin.py:190} INFO - [2026-01-04T13:29:01.831+0000] {dagbag.py:588} INFO - Filling up the DagBag from /workspaces/f1_data_team/venv/lib/python3.12/site-packages/airflow/example_dags/plugins/event_listener.py
[2026-01-04T13:29:01.833+0000] {processor.py:927} WARNING - No viable dags retrieved from /workspaces/f1_data_team/venv/lib/python3.12/site-packages/airflow/example_dags/plugins/event_listener.py
[2026-01-04T13:29:01.841+0000] {processor.py:208} INFO - Processing /workspaces/f1_data_team/venv/lib/python3.12/site-packages/airflow/example_dags/plugins/event_listener.py took 0.017 seconds
[2026-01-04T13:29:54.435+0000] {processor.py:186} INFO - Started process (PID=65963) to work on /workspaces/f1_data_team/venv/lib/python3.12/site-packages/airflow/example_dags/plugins/event_listener.py
[2026-01-04T13:29:54.436+0000] {processor.py:914} INFO - Processing file /workspaces/f1_data_team/venv/lib/python3.12/site-packages/airflow/example_dags/plugins/event_listener.py for tasks to queue
[2026-01-04T13:29:54.438+0000] {logging_mixin.py:190} INFO - [2026-01-04T13:29:54.438+0000] {dagbag.py:588} INFO - Filling up the DagBag from /workspaces/f1_data_team/venv/lib/python3.12/site-packages/airflow/example_dags/plugins/event_listener.py
[2026-01-04T13:29:54.440+0000] {processor.py:927} WARNING - No viable dags retrieved from /workspaces/f1_data_team/venv/lib/python3.12/site-packages/airflow/example_dags/plugins/event_listener.py
[2026-01-04T13:29:54.448+0000] {processor.py:208} INFO - Processing /workspaces/f1_data_team/venv/lib/python3.12/site-packages/airflow/example_dags/plugins/event_listener.py took 0.019 seconds
[2026-01-04T13:30:48.836+0000] {processor.py:186} INFO - Started process (PID=66392) to work on /workspaces/f1_data_team/venv/lib/python3.12/site-packages/airflow/example_dags/plugins/event_listener.py
[2026-01-04T13:30:48.837+0000] {processor.py:914} INFO - Processing file /workspaces/f1_data_team/venv/lib/python3.12/site-packages/airflow/example_dags/plugins/event_listener.py for tasks to queue
[2026-01-04T13:30:48.839+0000] {logging_mixin.py:190} INFO - [2026-01-04T13:30:48.838+0000] {dagbag.py:588} INFO - Filling up the DagBag from /workspaces/f1_data_team/venv/lib/python3.12/site-packages/airflow/example_dags/plugins/event_listener.py
[2026-01-04T13:30:48.840+0000] {processor.py:927} WARNING - No viable dags retrieved from /workspaces/f1_data_team/venv/lib/python3.12/site-packages/airflow/example_dags/plugins/event_listener.py
[2026-01-04T13:30:48.849+0000] {processor.py:208} INFO - Processing /workspaces/f1_data_team/venv/lib/python3.12/site-packages/airflow/example_dags/plugins/event_listener.py took 0.017 seconds
[2026-01-04T13:31:36.467+0000] {processor.py:186} INFO - Started process (PID=66849) to work on /workspaces/f1_data_team/venv/lib/python3.12/site-packages/airflow/example_dags/plugins/event_listener.py
[2026-01-04T13:31:36.468+0000] {processor.py:914} INFO - Processing file /workspaces/f1_data_team/venv/lib/python3.12/site-packages/airflow/example_dags/plugins/event_listener.py for tasks to queue
[2026-01-04T13:31:36.469+0000] {logging_mixin.py:190} INFO - [2026-01-04T13:31:36.469+0000] {dagbag.py:588} INFO - Filling up the DagBag from /workspaces/f1_data_team/venv/lib/python3.12/site-packages/airflow/example_dags/plugins/event_listener.py
[2026-01-04T13:31:36.471+0000] {processor.py:927} WARNING - No viable dags retrieved from /workspaces/f1_data_team/venv/lib/python3.12/site-packages/airflow/example_dags/plugins/event_listener.py
[2026-01-04T13:31:36.479+0000] {processor.py:208} INFO - Processing /workspaces/f1_data_team/venv/lib/python3.12/site-packages/airflow/example_dags/plugins/event_listener.py took 0.017 seconds
[2026-01-04T13:32:24.351+0000] {processor.py:186} INFO - Started process (PID=67228) to work on /workspaces/f1_data_team/venv/lib/python3.12/site-packages/airflow/example_dags/plugins/event_listener.py
[2026-01-04T13:32:24.352+0000] {processor.py:914} INFO - Processing file /workspaces/f1_data_team/venv/lib/python3.12/site-packages/airflow/example_dags/plugins/event_listener.py for tasks to queue
[2026-01-04T13:32:24.354+0000] {logging_mixin.py:190} INFO - [2026-01-04T13:32:24.354+0000] {dagbag.py:588} INFO - Filling up the DagBag from /workspaces/f1_data_team/venv/lib/python3.12/site-packages/airflow/example_dags/plugins/event_listener.py
[2026-01-04T13:32:24.357+0000] {processor.py:927} WARNING - No viable dags retrieved from /workspaces/f1_data_team/venv/lib/python3.12/site-packages/airflow/example_dags/plugins/event_listener.py
[2026-01-04T13:32:24.366+0000] {processor.py:208} INFO - Processing /workspaces/f1_data_team/venv/lib/python3.12/site-packages/airflow/example_dags/plugins/event_listener.py took 0.019 seconds
[2026-01-04T13:33:14.467+0000] {processor.py:186} INFO - Started process (PID=67632) to work on /workspaces/f1_data_team/venv/lib/python3.12/site-packages/airflow/example_dags/plugins/event_listener.py
[2026-01-04T13:33:14.467+0000] {processor.py:914} INFO - Processing file /workspaces/f1_data_team/venv/lib/python3.12/site-packages/airflow/example_dags/plugins/event_listener.py for tasks to queue
[2026-01-04T13:33:14.469+0000] {logging_mixin.py:190} INFO - [2026-01-04T13:33:14.469+0000] {dagbag.py:588} INFO - Filling up the DagBag from /workspaces/f1_data_team/venv/lib/python3.12/site-packages/airflow/example_dags/plugins/event_listener.py
[2026-01-04T13:33:14.471+0000] {processor.py:927} WARNING - No viable dags retrieved from /workspaces/f1_data_team/venv/lib/python3.12/site-packages/airflow/example_dags/plugins/event_listener.py
[2026-01-04T13:33:14.479+0000] {processor.py:208} INFO - Processing /workspaces/f1_data_team/venv/lib/python3.12/site-packages/airflow/example_dags/plugins/event_listener.py took 0.018 seconds
[2026-01-04T13:34:08.041+0000] {processor.py:186} INFO - Started process (PID=68075) to work on /workspaces/f1_data_team/venv/lib/python3.12/site-packages/airflow/example_dags/plugins/event_listener.py
[2026-01-04T13:34:08.041+0000] {processor.py:914} INFO - Processing file /workspaces/f1_data_team/venv/lib/python3.12/site-packages/airflow/example_dags/plugins/event_listener.py for tasks to queue
[2026-01-04T13:34:08.043+0000] {logging_mixin.py:190} INFO - [2026-01-04T13:34:08.043+0000] {dagbag.py:588} INFO - Filling up the DagBag from /workspaces/f1_data_team/venv/lib/python3.12/site-packages/airflow/example_dags/plugins/event_listener.py
[2026-01-04T13:34:08.045+0000] {processor.py:927} WARNING - No viable dags retrieved from /workspaces/f1_data_team/venv/lib/python3.12/site-packages/airflow/example_dags/plugins/event_listener.py
[2026-01-04T13:34:08.053+0000] {processor.py:208} INFO - Processing /workspaces/f1_data_team/venv/lib/python3.12/site-packages/airflow/example_dags/plugins/event_listener.py took 0.017 seconds
[2026-01-04T13:35:00.145+0000] {processor.py:186} INFO - Started process (PID=68421) to work on /workspaces/f1_data_team/venv/lib/python3.12/site-packages/airflow/example_dags/plugins/event_listener.py
[2026-01-04T13:35:00.146+0000] {processor.py:914} INFO - Processing file /workspaces/f1_data_team/venv/lib/python3.12/site-packages/airflow/example_dags/plugins/event_listener.py for tasks to queue
[2026-01-04T13:35:00.147+0000] {logging_mixin.py:190} INFO - [2026-01-04T13:35:00.147+0000] {dagbag.py:588} INFO - Filling up the DagBag from /workspaces/f1_data_team/venv/lib/python3.12/site-packages/airflow/example_dags/plugins/event_listener.py
[2026-01-04T13:35:00.149+0000] {processor.py:927} WARNING - No viable dags retrieved from /workspaces/f1_data_team/venv/lib/python3.12/site-packages/airflow/example_dags/plugins/event_listener.py
[2026-01-04T13:35:00.157+0000] {processor.py:208} INFO - Processing /workspaces/f1_data_team/venv/lib/python3.12/site-packages/airflow/example_dags/plugins/event_listener.py took 0.017 seconds
[2026-01-04T13:35:53.026+0000] {processor.py:186} INFO - Started process (PID=68841) to work on /workspaces/f1_data_team/venv/lib/python3.12/site-packages/airflow/example_dags/plugins/event_listener.py
[2026-01-04T13:35:53.027+0000] {processor.py:914} INFO - Processing file /workspaces/f1_data_team/venv/lib/python3.12/site-packages/airflow/example_dags/plugins/event_listener.py for tasks to queue
[2026-01-04T13:35:53.029+0000] {logging_mixin.py:190} INFO - [2026-01-04T13:35:53.028+0000] {dagbag.py:588} INFO - Filling up the DagBag from /workspaces/f1_data_team/venv/lib/python3.12/site-packages/airflow/example_dags/plugins/event_listener.py
[2026-01-04T13:35:53.031+0000] {processor.py:927} WARNING - No viable dags retrieved from /workspaces/f1_data_team/venv/lib/python3.12/site-packages/airflow/example_dags/plugins/event_listener.py
[2026-01-04T13:35:53.039+0000] {processor.py:208} INFO - Processing /workspaces/f1_data_team/venv/lib/python3.12/site-packages/airflow/example_dags/plugins/event_listener.py took 0.017 seconds
[2026-01-04T13:36:43.700+0000] {processor.py:186} INFO - Started process (PID=69312) to work on /workspaces/f1_data_team/venv/lib/python3.12/site-packages/airflow/example_dags/plugins/event_listener.py
[2026-01-04T13:36:43.700+0000] {processor.py:914} INFO - Processing file /workspaces/f1_data_team/venv/lib/python3.12/site-packages/airflow/example_dags/plugins/event_listener.py for tasks to queue
[2026-01-04T13:36:43.702+0000] {logging_mixin.py:190} INFO - [2026-01-04T13:36:43.702+0000] {dagbag.py:588} INFO - Filling up the DagBag from /workspaces/f1_data_team/venv/lib/python3.12/site-packages/airflow/example_dags/plugins/event_listener.py
[2026-01-04T13:36:43.704+0000] {processor.py:927} WARNING - No viable dags retrieved from /workspaces/f1_data_team/venv/lib/python3.12/site-packages/airflow/example_dags/plugins/event_listener.py
[2026-01-04T13:36:43.712+0000] {processor.py:208} INFO - Processing /workspaces/f1_data_team/venv/lib/python3.12/site-packages/airflow/example_dags/plugins/event_listener.py took 0.017 seconds
[2026-01-04T13:37:34.506+0000] {processor.py:186} INFO - Started process (PID=69723) to work on /workspaces/f1_data_team/venv/lib/python3.12/site-packages/airflow/example_dags/plugins/event_listener.py
[2026-01-04T13:37:34.507+0000] {processor.py:914} INFO - Processing file /workspaces/f1_data_team/venv/lib/python3.12/site-packages/airflow/example_dags/plugins/event_listener.py for tasks to queue
[2026-01-04T13:37:34.508+0000] {logging_mixin.py:190} INFO - [2026-01-04T13:37:34.508+0000] {dagbag.py:588} INFO - Filling up the DagBag from /workspaces/f1_data_team/venv/lib/python3.12/site-packages/airflow/example_dags/plugins/event_listener.py
[2026-01-04T13:37:34.510+0000] {processor.py:927} WARNING - No viable dags retrieved from /workspaces/f1_data_team/venv/lib/python3.12/site-packages/airflow/example_dags/plugins/event_listener.py
[2026-01-04T13:37:34.518+0000] {processor.py:208} INFO - Processing /workspaces/f1_data_team/venv/lib/python3.12/site-packages/airflow/example_dags/plugins/event_listener.py took 0.017 seconds
