[2026-01-04T12:26:33.256+0000] {processor.py:186} INFO - Started process (PID=24307) to work on /workspaces/f1_data_team/venv/lib/python3.12/site-packages/airflow/example_dags/plugins/listener_plugin.py
[2026-01-04T12:26:33.257+0000] {processor.py:914} INFO - Processing file /workspaces/f1_data_team/venv/lib/python3.12/site-packages/airflow/example_dags/plugins/listener_plugin.py for tasks to queue
[2026-01-04T12:26:33.260+0000] {logging_mixin.py:190} INFO - [2026-01-04T12:26:33.259+0000] {dagbag.py:588} INFO - Filling up the DagBag from /workspaces/f1_data_team/venv/lib/python3.12/site-packages/airflow/example_dags/plugins/listener_plugin.py
[2026-01-04T12:26:33.263+0000] {processor.py:927} WARNING - No viable dags retrieved from /workspaces/f1_data_team/venv/lib/python3.12/site-packages/airflow/example_dags/plugins/listener_plugin.py
[2026-01-04T12:26:33.284+0000] {processor.py:208} INFO - Processing /workspaces/f1_data_team/venv/lib/python3.12/site-packages/airflow/example_dags/plugins/listener_plugin.py took 0.034 seconds
[2026-01-04T12:27:37.361+0000] {processor.py:186} INFO - Started process (PID=24990) to work on /workspaces/f1_data_team/venv/lib/python3.12/site-packages/airflow/example_dags/plugins/listener_plugin.py
[2026-01-04T12:27:37.362+0000] {processor.py:914} INFO - Processing file /workspaces/f1_data_team/venv/lib/python3.12/site-packages/airflow/example_dags/plugins/listener_plugin.py for tasks to queue
[2026-01-04T12:27:37.364+0000] {logging_mixin.py:190} INFO - [2026-01-04T12:27:37.364+0000] {dagbag.py:588} INFO - Filling up the DagBag from /workspaces/f1_data_team/venv/lib/python3.12/site-packages/airflow/example_dags/plugins/listener_plugin.py
[2026-01-04T12:27:37.366+0000] {processor.py:927} WARNING - No viable dags retrieved from /workspaces/f1_data_team/venv/lib/python3.12/site-packages/airflow/example_dags/plugins/listener_plugin.py
[2026-01-04T12:27:37.373+0000] {processor.py:208} INFO - Processing /workspaces/f1_data_team/venv/lib/python3.12/site-packages/airflow/example_dags/plugins/listener_plugin.py took 0.017 seconds
[2026-01-04T12:28:32.977+0000] {processor.py:186} INFO - Started process (PID=25499) to work on /workspaces/f1_data_team/venv/lib/python3.12/site-packages/airflow/example_dags/plugins/listener_plugin.py
[2026-01-04T12:28:32.979+0000] {processor.py:914} INFO - Processing file /workspaces/f1_data_team/venv/lib/python3.12/site-packages/airflow/example_dags/plugins/listener_plugin.py for tasks to queue
[2026-01-04T12:28:32.980+0000] {logging_mixin.py:190} INFO - [2026-01-04T12:28:32.980+0000] {dagbag.py:588} INFO - Filling up the DagBag from /workspaces/f1_data_team/venv/lib/python3.12/site-packages/airflow/example_dags/plugins/listener_plugin.py
[2026-01-04T12:28:32.982+0000] {processor.py:927} WARNING - No viable dags retrieved from /workspaces/f1_data_team/venv/lib/python3.12/site-packages/airflow/example_dags/plugins/listener_plugin.py
[2026-01-04T12:28:32.990+0000] {processor.py:208} INFO - Processing /workspaces/f1_data_team/venv/lib/python3.12/site-packages/airflow/example_dags/plugins/listener_plugin.py took 0.017 seconds
[2026-01-04T12:29:31.574+0000] {processor.py:186} INFO - Started process (PID=26707) to work on /workspaces/f1_data_team/venv/lib/python3.12/site-packages/airflow/example_dags/plugins/listener_plugin.py
[2026-01-04T12:29:31.574+0000] {processor.py:914} INFO - Processing file /workspaces/f1_data_team/venv/lib/python3.12/site-packages/airflow/example_dags/plugins/listener_plugin.py for tasks to queue
[2026-01-04T12:29:31.576+0000] {logging_mixin.py:190} INFO - [2026-01-04T12:29:31.576+0000] {dagbag.py:588} INFO - Filling up the DagBag from /workspaces/f1_data_team/venv/lib/python3.12/site-packages/airflow/example_dags/plugins/listener_plugin.py
[2026-01-04T12:29:31.578+0000] {processor.py:927} WARNING - No viable dags retrieved from /workspaces/f1_data_team/venv/lib/python3.12/site-packages/airflow/example_dags/plugins/listener_plugin.py
[2026-01-04T12:29:31.586+0000] {processor.py:208} INFO - Processing /workspaces/f1_data_team/venv/lib/python3.12/site-packages/airflow/example_dags/plugins/listener_plugin.py took 0.016 seconds
[2026-01-04T12:30:14.834+0000] {processor.py:186} INFO - Started process (PID=27293) to work on /workspaces/f1_data_team/venv/lib/python3.12/site-packages/airflow/example_dags/plugins/listener_plugin.py
[2026-01-04T12:30:14.835+0000] {processor.py:914} INFO - Processing file /workspaces/f1_data_team/venv/lib/python3.12/site-packages/airflow/example_dags/plugins/listener_plugin.py for tasks to queue
[2026-01-04T12:30:14.837+0000] {logging_mixin.py:190} INFO - [2026-01-04T12:30:14.837+0000] {dagbag.py:588} INFO - Filling up the DagBag from /workspaces/f1_data_team/venv/lib/python3.12/site-packages/airflow/example_dags/plugins/listener_plugin.py
[2026-01-04T12:30:14.839+0000] {processor.py:927} WARNING - No viable dags retrieved from /workspaces/f1_data_team/venv/lib/python3.12/site-packages/airflow/example_dags/plugins/listener_plugin.py
[2026-01-04T12:30:14.847+0000] {processor.py:208} INFO - Processing /workspaces/f1_data_team/venv/lib/python3.12/site-packages/airflow/example_dags/plugins/listener_plugin.py took 0.017 seconds
[2026-01-04T12:31:13.836+0000] {processor.py:186} INFO - Started process (PID=28318) to work on /workspaces/f1_data_team/venv/lib/python3.12/site-packages/airflow/example_dags/plugins/listener_plugin.py
[2026-01-04T12:31:13.837+0000] {processor.py:914} INFO - Processing file /workspaces/f1_data_team/venv/lib/python3.12/site-packages/airflow/example_dags/plugins/listener_plugin.py for tasks to queue
[2026-01-04T12:31:13.840+0000] {logging_mixin.py:190} INFO - [2026-01-04T12:31:13.839+0000] {dagbag.py:588} INFO - Filling up the DagBag from /workspaces/f1_data_team/venv/lib/python3.12/site-packages/airflow/example_dags/plugins/listener_plugin.py
[2026-01-04T12:31:13.842+0000] {processor.py:927} WARNING - No viable dags retrieved from /workspaces/f1_data_team/venv/lib/python3.12/site-packages/airflow/example_dags/plugins/listener_plugin.py
[2026-01-04T12:31:13.853+0000] {processor.py:208} INFO - Processing /workspaces/f1_data_team/venv/lib/python3.12/site-packages/airflow/example_dags/plugins/listener_plugin.py took 0.023 seconds
[2026-01-04T12:32:21.776+0000] {processor.py:186} INFO - Started process (PID=29337) to work on /workspaces/f1_data_team/venv/lib/python3.12/site-packages/airflow/example_dags/plugins/listener_plugin.py
[2026-01-04T12:32:21.777+0000] {processor.py:914} INFO - Processing file /workspaces/f1_data_team/venv/lib/python3.12/site-packages/airflow/example_dags/plugins/listener_plugin.py for tasks to queue
[2026-01-04T12:32:21.779+0000] {logging_mixin.py:190} INFO - [2026-01-04T12:32:21.779+0000] {dagbag.py:588} INFO - Filling up the DagBag from /workspaces/f1_data_team/venv/lib/python3.12/site-packages/airflow/example_dags/plugins/listener_plugin.py
[2026-01-04T12:32:21.781+0000] {processor.py:927} WARNING - No viable dags retrieved from /workspaces/f1_data_team/venv/lib/python3.12/site-packages/airflow/example_dags/plugins/listener_plugin.py
[2026-01-04T12:32:21.789+0000] {processor.py:208} INFO - Processing /workspaces/f1_data_team/venv/lib/python3.12/site-packages/airflow/example_dags/plugins/listener_plugin.py took 0.017 seconds
[2026-01-04T12:33:22.686+0000] {processor.py:186} INFO - Started process (PID=30461) to work on /workspaces/f1_data_team/venv/lib/python3.12/site-packages/airflow/example_dags/plugins/listener_plugin.py
[2026-01-04T12:33:22.687+0000] {processor.py:914} INFO - Processing file /workspaces/f1_data_team/venv/lib/python3.12/site-packages/airflow/example_dags/plugins/listener_plugin.py for tasks to queue
[2026-01-04T12:33:22.689+0000] {logging_mixin.py:190} INFO - [2026-01-04T12:33:22.689+0000] {dagbag.py:588} INFO - Filling up the DagBag from /workspaces/f1_data_team/venv/lib/python3.12/site-packages/airflow/example_dags/plugins/listener_plugin.py
[2026-01-04T12:33:22.691+0000] {processor.py:927} WARNING - No viable dags retrieved from /workspaces/f1_data_team/venv/lib/python3.12/site-packages/airflow/example_dags/plugins/listener_plugin.py
[2026-01-04T12:33:22.699+0000] {processor.py:208} INFO - Processing /workspaces/f1_data_team/venv/lib/python3.12/site-packages/airflow/example_dags/plugins/listener_plugin.py took 0.017 seconds
[2026-01-04T12:34:18.661+0000] {processor.py:186} INFO - Started process (PID=31010) to work on /workspaces/f1_data_team/venv/lib/python3.12/site-packages/airflow/example_dags/plugins/listener_plugin.py
[2026-01-04T12:34:18.662+0000] {processor.py:914} INFO - Processing file /workspaces/f1_data_team/venv/lib/python3.12/site-packages/airflow/example_dags/plugins/listener_plugin.py for tasks to queue
[2026-01-04T12:34:18.664+0000] {logging_mixin.py:190} INFO - [2026-01-04T12:34:18.663+0000] {dagbag.py:588} INFO - Filling up the DagBag from /workspaces/f1_data_team/venv/lib/python3.12/site-packages/airflow/example_dags/plugins/listener_plugin.py
[2026-01-04T12:34:18.665+0000] {processor.py:927} WARNING - No viable dags retrieved from /workspaces/f1_data_team/venv/lib/python3.12/site-packages/airflow/example_dags/plugins/listener_plugin.py
[2026-01-04T12:34:18.674+0000] {processor.py:208} INFO - Processing /workspaces/f1_data_team/venv/lib/python3.12/site-packages/airflow/example_dags/plugins/listener_plugin.py took 0.017 seconds
[2026-01-04T12:35:08.291+0000] {processor.py:186} INFO - Started process (PID=31459) to work on /workspaces/f1_data_team/venv/lib/python3.12/site-packages/airflow/example_dags/plugins/listener_plugin.py
[2026-01-04T12:35:08.292+0000] {processor.py:914} INFO - Processing file /workspaces/f1_data_team/venv/lib/python3.12/site-packages/airflow/example_dags/plugins/listener_plugin.py for tasks to queue
[2026-01-04T12:35:08.294+0000] {logging_mixin.py:190} INFO - [2026-01-04T12:35:08.294+0000] {dagbag.py:588} INFO - Filling up the DagBag from /workspaces/f1_data_team/venv/lib/python3.12/site-packages/airflow/example_dags/plugins/listener_plugin.py
[2026-01-04T12:35:08.296+0000] {processor.py:927} WARNING - No viable dags retrieved from /workspaces/f1_data_team/venv/lib/python3.12/site-packages/airflow/example_dags/plugins/listener_plugin.py
[2026-01-04T12:35:08.304+0000] {processor.py:208} INFO - Processing /workspaces/f1_data_team/venv/lib/python3.12/site-packages/airflow/example_dags/plugins/listener_plugin.py took 0.017 seconds
[2026-01-04T12:36:00.726+0000] {processor.py:186} INFO - Started process (PID=32104) to work on /workspaces/f1_data_team/venv/lib/python3.12/site-packages/airflow/example_dags/plugins/listener_plugin.py
[2026-01-04T12:36:00.727+0000] {processor.py:914} INFO - Processing file /workspaces/f1_data_team/venv/lib/python3.12/site-packages/airflow/example_dags/plugins/listener_plugin.py for tasks to queue
[2026-01-04T12:36:00.729+0000] {logging_mixin.py:190} INFO - [2026-01-04T12:36:00.729+0000] {dagbag.py:588} INFO - Filling up the DagBag from /workspaces/f1_data_team/venv/lib/python3.12/site-packages/airflow/example_dags/plugins/listener_plugin.py
[2026-01-04T12:36:00.731+0000] {processor.py:927} WARNING - No viable dags retrieved from /workspaces/f1_data_team/venv/lib/python3.12/site-packages/airflow/example_dags/plugins/listener_plugin.py
[2026-01-04T12:36:00.739+0000] {processor.py:208} INFO - Processing /workspaces/f1_data_team/venv/lib/python3.12/site-packages/airflow/example_dags/plugins/listener_plugin.py took 0.017 seconds
[2026-01-04T12:36:51.988+0000] {processor.py:186} INFO - Started process (PID=32569) to work on /workspaces/f1_data_team/venv/lib/python3.12/site-packages/airflow/example_dags/plugins/listener_plugin.py
[2026-01-04T12:36:51.989+0000] {processor.py:914} INFO - Processing file /workspaces/f1_data_team/venv/lib/python3.12/site-packages/airflow/example_dags/plugins/listener_plugin.py for tasks to queue
[2026-01-04T12:36:51.991+0000] {logging_mixin.py:190} INFO - [2026-01-04T12:36:51.991+0000] {dagbag.py:588} INFO - Filling up the DagBag from /workspaces/f1_data_team/venv/lib/python3.12/site-packages/airflow/example_dags/plugins/listener_plugin.py
[2026-01-04T12:36:51.993+0000] {processor.py:927} WARNING - No viable dags retrieved from /workspaces/f1_data_team/venv/lib/python3.12/site-packages/airflow/example_dags/plugins/listener_plugin.py
[2026-01-04T12:36:52.001+0000] {processor.py:208} INFO - Processing /workspaces/f1_data_team/venv/lib/python3.12/site-packages/airflow/example_dags/plugins/listener_plugin.py took 0.017 seconds
[2026-01-04T12:37:47.170+0000] {processor.py:186} INFO - Started process (PID=33377) to work on /workspaces/f1_data_team/venv/lib/python3.12/site-packages/airflow/example_dags/plugins/listener_plugin.py
[2026-01-04T12:37:47.171+0000] {processor.py:914} INFO - Processing file /workspaces/f1_data_team/venv/lib/python3.12/site-packages/airflow/example_dags/plugins/listener_plugin.py for tasks to queue
[2026-01-04T12:37:47.173+0000] {logging_mixin.py:190} INFO - [2026-01-04T12:37:47.172+0000] {dagbag.py:588} INFO - Filling up the DagBag from /workspaces/f1_data_team/venv/lib/python3.12/site-packages/airflow/example_dags/plugins/listener_plugin.py
[2026-01-04T12:37:47.174+0000] {processor.py:927} WARNING - No viable dags retrieved from /workspaces/f1_data_team/venv/lib/python3.12/site-packages/airflow/example_dags/plugins/listener_plugin.py
[2026-01-04T12:37:47.183+0000] {processor.py:208} INFO - Processing /workspaces/f1_data_team/venv/lib/python3.12/site-packages/airflow/example_dags/plugins/listener_plugin.py took 0.017 seconds
[2026-01-04T12:38:38.206+0000] {processor.py:186} INFO - Started process (PID=33956) to work on /workspaces/f1_data_team/venv/lib/python3.12/site-packages/airflow/example_dags/plugins/listener_plugin.py
[2026-01-04T12:38:38.207+0000] {processor.py:914} INFO - Processing file /workspaces/f1_data_team/venv/lib/python3.12/site-packages/airflow/example_dags/plugins/listener_plugin.py for tasks to queue
[2026-01-04T12:38:38.209+0000] {logging_mixin.py:190} INFO - [2026-01-04T12:38:38.208+0000] {dagbag.py:588} INFO - Filling up the DagBag from /workspaces/f1_data_team/venv/lib/python3.12/site-packages/airflow/example_dags/plugins/listener_plugin.py
[2026-01-04T12:38:38.210+0000] {processor.py:927} WARNING - No viable dags retrieved from /workspaces/f1_data_team/venv/lib/python3.12/site-packages/airflow/example_dags/plugins/listener_plugin.py
[2026-01-04T12:38:38.221+0000] {processor.py:208} INFO - Processing /workspaces/f1_data_team/venv/lib/python3.12/site-packages/airflow/example_dags/plugins/listener_plugin.py took 0.020 seconds
[2026-01-04T12:39:32.416+0000] {processor.py:186} INFO - Started process (PID=34481) to work on /workspaces/f1_data_team/venv/lib/python3.12/site-packages/airflow/example_dags/plugins/listener_plugin.py
[2026-01-04T12:39:32.416+0000] {processor.py:914} INFO - Processing file /workspaces/f1_data_team/venv/lib/python3.12/site-packages/airflow/example_dags/plugins/listener_plugin.py for tasks to queue
[2026-01-04T12:39:32.418+0000] {logging_mixin.py:190} INFO - [2026-01-04T12:39:32.418+0000] {dagbag.py:588} INFO - Filling up the DagBag from /workspaces/f1_data_team/venv/lib/python3.12/site-packages/airflow/example_dags/plugins/listener_plugin.py
[2026-01-04T12:39:32.420+0000] {processor.py:927} WARNING - No viable dags retrieved from /workspaces/f1_data_team/venv/lib/python3.12/site-packages/airflow/example_dags/plugins/listener_plugin.py
[2026-01-04T12:39:32.429+0000] {processor.py:208} INFO - Processing /workspaces/f1_data_team/venv/lib/python3.12/site-packages/airflow/example_dags/plugins/listener_plugin.py took 0.019 seconds
[2026-01-04T12:40:26.288+0000] {processor.py:186} INFO - Started process (PID=35008) to work on /workspaces/f1_data_team/venv/lib/python3.12/site-packages/airflow/example_dags/plugins/listener_plugin.py
[2026-01-04T12:40:26.289+0000] {processor.py:914} INFO - Processing file /workspaces/f1_data_team/venv/lib/python3.12/site-packages/airflow/example_dags/plugins/listener_plugin.py for tasks to queue
[2026-01-04T12:40:26.291+0000] {logging_mixin.py:190} INFO - [2026-01-04T12:40:26.290+0000] {dagbag.py:588} INFO - Filling up the DagBag from /workspaces/f1_data_team/venv/lib/python3.12/site-packages/airflow/example_dags/plugins/listener_plugin.py
[2026-01-04T12:40:26.292+0000] {processor.py:927} WARNING - No viable dags retrieved from /workspaces/f1_data_team/venv/lib/python3.12/site-packages/airflow/example_dags/plugins/listener_plugin.py
[2026-01-04T12:40:26.301+0000] {processor.py:208} INFO - Processing /workspaces/f1_data_team/venv/lib/python3.12/site-packages/airflow/example_dags/plugins/listener_plugin.py took 0.018 seconds
[2026-01-04T12:41:20.261+0000] {processor.py:186} INFO - Started process (PID=35645) to work on /workspaces/f1_data_team/venv/lib/python3.12/site-packages/airflow/example_dags/plugins/listener_plugin.py
[2026-01-04T12:41:20.262+0000] {processor.py:914} INFO - Processing file /workspaces/f1_data_team/venv/lib/python3.12/site-packages/airflow/example_dags/plugins/listener_plugin.py for tasks to queue
[2026-01-04T12:41:20.263+0000] {logging_mixin.py:190} INFO - [2026-01-04T12:41:20.263+0000] {dagbag.py:588} INFO - Filling up the DagBag from /workspaces/f1_data_team/venv/lib/python3.12/site-packages/airflow/example_dags/plugins/listener_plugin.py
[2026-01-04T12:41:20.265+0000] {processor.py:927} WARNING - No viable dags retrieved from /workspaces/f1_data_team/venv/lib/python3.12/site-packages/airflow/example_dags/plugins/listener_plugin.py
[2026-01-04T12:41:20.273+0000] {processor.py:208} INFO - Processing /workspaces/f1_data_team/venv/lib/python3.12/site-packages/airflow/example_dags/plugins/listener_plugin.py took 0.017 seconds
[2026-01-04T12:42:24.861+0000] {processor.py:186} INFO - Started process (PID=36723) to work on /workspaces/f1_data_team/venv/lib/python3.12/site-packages/airflow/example_dags/plugins/listener_plugin.py
[2026-01-04T12:42:24.862+0000] {processor.py:914} INFO - Processing file /workspaces/f1_data_team/venv/lib/python3.12/site-packages/airflow/example_dags/plugins/listener_plugin.py for tasks to queue
[2026-01-04T12:42:24.864+0000] {logging_mixin.py:190} INFO - [2026-01-04T12:42:24.863+0000] {dagbag.py:588} INFO - Filling up the DagBag from /workspaces/f1_data_team/venv/lib/python3.12/site-packages/airflow/example_dags/plugins/listener_plugin.py
[2026-01-04T12:42:24.866+0000] {processor.py:927} WARNING - No viable dags retrieved from /workspaces/f1_data_team/venv/lib/python3.12/site-packages/airflow/example_dags/plugins/listener_plugin.py
[2026-01-04T12:42:24.874+0000] {processor.py:208} INFO - Processing /workspaces/f1_data_team/venv/lib/python3.12/site-packages/airflow/example_dags/plugins/listener_plugin.py took 0.017 seconds
[2026-01-04T12:43:00.956+0000] {processor.py:186} INFO - Started process (PID=37114) to work on /workspaces/f1_data_team/venv/lib/python3.12/site-packages/airflow/example_dags/plugins/listener_plugin.py
[2026-01-04T12:43:00.957+0000] {processor.py:914} INFO - Processing file /workspaces/f1_data_team/venv/lib/python3.12/site-packages/airflow/example_dags/plugins/listener_plugin.py for tasks to queue
[2026-01-04T12:43:00.959+0000] {logging_mixin.py:190} INFO - [2026-01-04T12:43:00.958+0000] {dagbag.py:588} INFO - Filling up the DagBag from /workspaces/f1_data_team/venv/lib/python3.12/site-packages/airflow/example_dags/plugins/listener_plugin.py
[2026-01-04T12:43:00.960+0000] {processor.py:927} WARNING - No viable dags retrieved from /workspaces/f1_data_team/venv/lib/python3.12/site-packages/airflow/example_dags/plugins/listener_plugin.py
[2026-01-04T12:43:00.970+0000] {processor.py:208} INFO - Processing /workspaces/f1_data_team/venv/lib/python3.12/site-packages/airflow/example_dags/plugins/listener_plugin.py took 0.018 seconds
[2026-01-04T12:43:53.891+0000] {processor.py:186} INFO - Started process (PID=37787) to work on /workspaces/f1_data_team/venv/lib/python3.12/site-packages/airflow/example_dags/plugins/listener_plugin.py
[2026-01-04T12:43:53.892+0000] {processor.py:914} INFO - Processing file /workspaces/f1_data_team/venv/lib/python3.12/site-packages/airflow/example_dags/plugins/listener_plugin.py for tasks to queue
[2026-01-04T12:43:53.893+0000] {logging_mixin.py:190} INFO - [2026-01-04T12:43:53.893+0000] {dagbag.py:588} INFO - Filling up the DagBag from /workspaces/f1_data_team/venv/lib/python3.12/site-packages/airflow/example_dags/plugins/listener_plugin.py
[2026-01-04T12:43:53.895+0000] {processor.py:927} WARNING - No viable dags retrieved from /workspaces/f1_data_team/venv/lib/python3.12/site-packages/airflow/example_dags/plugins/listener_plugin.py
[2026-01-04T12:43:53.903+0000] {processor.py:208} INFO - Processing /workspaces/f1_data_team/venv/lib/python3.12/site-packages/airflow/example_dags/plugins/listener_plugin.py took 0.017 seconds
[2026-01-04T12:44:43.419+0000] {processor.py:186} INFO - Started process (PID=38475) to work on /workspaces/f1_data_team/venv/lib/python3.12/site-packages/airflow/example_dags/plugins/listener_plugin.py
[2026-01-04T12:44:43.420+0000] {processor.py:914} INFO - Processing file /workspaces/f1_data_team/venv/lib/python3.12/site-packages/airflow/example_dags/plugins/listener_plugin.py for tasks to queue
[2026-01-04T12:44:43.422+0000] {logging_mixin.py:190} INFO - [2026-01-04T12:44:43.422+0000] {dagbag.py:588} INFO - Filling up the DagBag from /workspaces/f1_data_team/venv/lib/python3.12/site-packages/airflow/example_dags/plugins/listener_plugin.py
[2026-01-04T12:44:43.424+0000] {processor.py:927} WARNING - No viable dags retrieved from /workspaces/f1_data_team/venv/lib/python3.12/site-packages/airflow/example_dags/plugins/listener_plugin.py
[2026-01-04T12:44:43.432+0000] {processor.py:208} INFO - Processing /workspaces/f1_data_team/venv/lib/python3.12/site-packages/airflow/example_dags/plugins/listener_plugin.py took 0.017 seconds
[2026-01-04T12:45:47.716+0000] {processor.py:186} INFO - Started process (PID=39548) to work on /workspaces/f1_data_team/venv/lib/python3.12/site-packages/airflow/example_dags/plugins/listener_plugin.py
[2026-01-04T12:45:47.717+0000] {processor.py:914} INFO - Processing file /workspaces/f1_data_team/venv/lib/python3.12/site-packages/airflow/example_dags/plugins/listener_plugin.py for tasks to queue
[2026-01-04T12:45:47.718+0000] {logging_mixin.py:190} INFO - [2026-01-04T12:45:47.718+0000] {dagbag.py:588} INFO - Filling up the DagBag from /workspaces/f1_data_team/venv/lib/python3.12/site-packages/airflow/example_dags/plugins/listener_plugin.py
[2026-01-04T12:45:47.720+0000] {processor.py:927} WARNING - No viable dags retrieved from /workspaces/f1_data_team/venv/lib/python3.12/site-packages/airflow/example_dags/plugins/listener_plugin.py
[2026-01-04T12:45:47.728+0000] {processor.py:208} INFO - Processing /workspaces/f1_data_team/venv/lib/python3.12/site-packages/airflow/example_dags/plugins/listener_plugin.py took 0.017 seconds
[2026-01-04T12:46:39.210+0000] {processor.py:186} INFO - Started process (PID=40090) to work on /workspaces/f1_data_team/venv/lib/python3.12/site-packages/airflow/example_dags/plugins/listener_plugin.py
[2026-01-04T12:46:39.211+0000] {processor.py:914} INFO - Processing file /workspaces/f1_data_team/venv/lib/python3.12/site-packages/airflow/example_dags/plugins/listener_plugin.py for tasks to queue
[2026-01-04T12:46:39.213+0000] {logging_mixin.py:190} INFO - [2026-01-04T12:46:39.213+0000] {dagbag.py:588} INFO - Filling up the DagBag from /workspaces/f1_data_team/venv/lib/python3.12/site-packages/airflow/example_dags/plugins/listener_plugin.py
[2026-01-04T12:46:39.215+0000] {processor.py:927} WARNING - No viable dags retrieved from /workspaces/f1_data_team/venv/lib/python3.12/site-packages/airflow/example_dags/plugins/listener_plugin.py
[2026-01-04T12:46:39.223+0000] {processor.py:208} INFO - Processing /workspaces/f1_data_team/venv/lib/python3.12/site-packages/airflow/example_dags/plugins/listener_plugin.py took 0.017 seconds
[2026-01-04T12:47:30.254+0000] {processor.py:186} INFO - Started process (PID=40588) to work on /workspaces/f1_data_team/venv/lib/python3.12/site-packages/airflow/example_dags/plugins/listener_plugin.py
[2026-01-04T12:47:30.256+0000] {processor.py:914} INFO - Processing file /workspaces/f1_data_team/venv/lib/python3.12/site-packages/airflow/example_dags/plugins/listener_plugin.py for tasks to queue
[2026-01-04T12:47:30.262+0000] {logging_mixin.py:190} INFO - [2026-01-04T12:47:30.262+0000] {dagbag.py:588} INFO - Filling up the DagBag from /workspaces/f1_data_team/venv/lib/python3.12/site-packages/airflow/example_dags/plugins/listener_plugin.py
[2026-01-04T12:47:30.268+0000] {processor.py:927} WARNING - No viable dags retrieved from /workspaces/f1_data_team/venv/lib/python3.12/site-packages/airflow/example_dags/plugins/listener_plugin.py
[2026-01-04T12:47:30.283+0000] {processor.py:208} INFO - Processing /workspaces/f1_data_team/venv/lib/python3.12/site-packages/airflow/example_dags/plugins/listener_plugin.py took 0.047 seconds
[2026-01-04T12:48:33.474+0000] {processor.py:186} INFO - Started process (PID=41379) to work on /workspaces/f1_data_team/venv/lib/python3.12/site-packages/airflow/example_dags/plugins/listener_plugin.py
[2026-01-04T12:48:33.475+0000] {processor.py:914} INFO - Processing file /workspaces/f1_data_team/venv/lib/python3.12/site-packages/airflow/example_dags/plugins/listener_plugin.py for tasks to queue
[2026-01-04T12:48:33.477+0000] {logging_mixin.py:190} INFO - [2026-01-04T12:48:33.477+0000] {dagbag.py:588} INFO - Filling up the DagBag from /workspaces/f1_data_team/venv/lib/python3.12/site-packages/airflow/example_dags/plugins/listener_plugin.py
[2026-01-04T12:48:33.479+0000] {processor.py:927} WARNING - No viable dags retrieved from /workspaces/f1_data_team/venv/lib/python3.12/site-packages/airflow/example_dags/plugins/listener_plugin.py
[2026-01-04T12:48:33.487+0000] {processor.py:208} INFO - Processing /workspaces/f1_data_team/venv/lib/python3.12/site-packages/airflow/example_dags/plugins/listener_plugin.py took 0.018 seconds
[2026-01-04T12:49:36.930+0000] {processor.py:186} INFO - Started process (PID=42427) to work on /workspaces/f1_data_team/venv/lib/python3.12/site-packages/airflow/example_dags/plugins/listener_plugin.py
[2026-01-04T12:49:36.931+0000] {processor.py:914} INFO - Processing file /workspaces/f1_data_team/venv/lib/python3.12/site-packages/airflow/example_dags/plugins/listener_plugin.py for tasks to queue
[2026-01-04T12:49:36.933+0000] {logging_mixin.py:190} INFO - [2026-01-04T12:49:36.933+0000] {dagbag.py:588} INFO - Filling up the DagBag from /workspaces/f1_data_team/venv/lib/python3.12/site-packages/airflow/example_dags/plugins/listener_plugin.py
[2026-01-04T12:49:36.935+0000] {processor.py:927} WARNING - No viable dags retrieved from /workspaces/f1_data_team/venv/lib/python3.12/site-packages/airflow/example_dags/plugins/listener_plugin.py
[2026-01-04T12:49:36.943+0000] {processor.py:208} INFO - Processing /workspaces/f1_data_team/venv/lib/python3.12/site-packages/airflow/example_dags/plugins/listener_plugin.py took 0.017 seconds
[2026-01-04T12:50:31.640+0000] {processor.py:186} INFO - Started process (PID=42957) to work on /workspaces/f1_data_team/venv/lib/python3.12/site-packages/airflow/example_dags/plugins/listener_plugin.py
[2026-01-04T12:50:31.641+0000] {processor.py:914} INFO - Processing file /workspaces/f1_data_team/venv/lib/python3.12/site-packages/airflow/example_dags/plugins/listener_plugin.py for tasks to queue
[2026-01-04T12:50:31.643+0000] {logging_mixin.py:190} INFO - [2026-01-04T12:50:31.642+0000] {dagbag.py:588} INFO - Filling up the DagBag from /workspaces/f1_data_team/venv/lib/python3.12/site-packages/airflow/example_dags/plugins/listener_plugin.py
[2026-01-04T12:50:31.644+0000] {processor.py:927} WARNING - No viable dags retrieved from /workspaces/f1_data_team/venv/lib/python3.12/site-packages/airflow/example_dags/plugins/listener_plugin.py
[2026-01-04T12:50:31.653+0000] {processor.py:208} INFO - Processing /workspaces/f1_data_team/venv/lib/python3.12/site-packages/airflow/example_dags/plugins/listener_plugin.py took 0.017 seconds
[2026-01-04T12:51:08.610+0000] {processor.py:186} INFO - Started process (PID=43517) to work on /workspaces/f1_data_team/venv/lib/python3.12/site-packages/airflow/example_dags/plugins/listener_plugin.py
[2026-01-04T12:51:08.611+0000] {processor.py:914} INFO - Processing file /workspaces/f1_data_team/venv/lib/python3.12/site-packages/airflow/example_dags/plugins/listener_plugin.py for tasks to queue
[2026-01-04T12:51:08.613+0000] {logging_mixin.py:190} INFO - [2026-01-04T12:51:08.613+0000] {dagbag.py:588} INFO - Filling up the DagBag from /workspaces/f1_data_team/venv/lib/python3.12/site-packages/airflow/example_dags/plugins/listener_plugin.py
[2026-01-04T12:51:08.615+0000] {processor.py:927} WARNING - No viable dags retrieved from /workspaces/f1_data_team/venv/lib/python3.12/site-packages/airflow/example_dags/plugins/listener_plugin.py
[2026-01-04T12:51:08.624+0000] {processor.py:208} INFO - Processing /workspaces/f1_data_team/venv/lib/python3.12/site-packages/airflow/example_dags/plugins/listener_plugin.py took 0.018 seconds
[2026-01-04T12:52:12.003+0000] {processor.py:186} INFO - Started process (PID=44722) to work on /workspaces/f1_data_team/venv/lib/python3.12/site-packages/airflow/example_dags/plugins/listener_plugin.py
[2026-01-04T12:52:12.003+0000] {processor.py:914} INFO - Processing file /workspaces/f1_data_team/venv/lib/python3.12/site-packages/airflow/example_dags/plugins/listener_plugin.py for tasks to queue
[2026-01-04T12:52:12.005+0000] {logging_mixin.py:190} INFO - [2026-01-04T12:52:12.005+0000] {dagbag.py:588} INFO - Filling up the DagBag from /workspaces/f1_data_team/venv/lib/python3.12/site-packages/airflow/example_dags/plugins/listener_plugin.py
[2026-01-04T12:52:12.007+0000] {processor.py:927} WARNING - No viable dags retrieved from /workspaces/f1_data_team/venv/lib/python3.12/site-packages/airflow/example_dags/plugins/listener_plugin.py
[2026-01-04T12:52:12.015+0000] {processor.py:208} INFO - Processing /workspaces/f1_data_team/venv/lib/python3.12/site-packages/airflow/example_dags/plugins/listener_plugin.py took 0.017 seconds
[2026-01-04T12:53:08.769+0000] {processor.py:186} INFO - Started process (PID=45460) to work on /workspaces/f1_data_team/venv/lib/python3.12/site-packages/airflow/example_dags/plugins/listener_plugin.py
[2026-01-04T12:53:08.770+0000] {processor.py:914} INFO - Processing file /workspaces/f1_data_team/venv/lib/python3.12/site-packages/airflow/example_dags/plugins/listener_plugin.py for tasks to queue
[2026-01-04T12:53:08.773+0000] {logging_mixin.py:190} INFO - [2026-01-04T12:53:08.772+0000] {dagbag.py:588} INFO - Filling up the DagBag from /workspaces/f1_data_team/venv/lib/python3.12/site-packages/airflow/example_dags/plugins/listener_plugin.py
[2026-01-04T12:53:08.775+0000] {processor.py:927} WARNING - No viable dags retrieved from /workspaces/f1_data_team/venv/lib/python3.12/site-packages/airflow/example_dags/plugins/listener_plugin.py
[2026-01-04T12:53:08.789+0000] {processor.py:208} INFO - Processing /workspaces/f1_data_team/venv/lib/python3.12/site-packages/airflow/example_dags/plugins/listener_plugin.py took 0.026 seconds
[2026-01-04T12:54:02.849+0000] {processor.py:186} INFO - Started process (PID=46201) to work on /workspaces/f1_data_team/venv/lib/python3.12/site-packages/airflow/example_dags/plugins/listener_plugin.py
[2026-01-04T12:54:02.849+0000] {processor.py:914} INFO - Processing file /workspaces/f1_data_team/venv/lib/python3.12/site-packages/airflow/example_dags/plugins/listener_plugin.py for tasks to queue
[2026-01-04T12:54:02.851+0000] {logging_mixin.py:190} INFO - [2026-01-04T12:54:02.851+0000] {dagbag.py:588} INFO - Filling up the DagBag from /workspaces/f1_data_team/venv/lib/python3.12/site-packages/airflow/example_dags/plugins/listener_plugin.py
[2026-01-04T12:54:02.853+0000] {processor.py:927} WARNING - No viable dags retrieved from /workspaces/f1_data_team/venv/lib/python3.12/site-packages/airflow/example_dags/plugins/listener_plugin.py
[2026-01-04T12:54:02.861+0000] {processor.py:208} INFO - Processing /workspaces/f1_data_team/venv/lib/python3.12/site-packages/airflow/example_dags/plugins/listener_plugin.py took 0.017 seconds
[2026-01-04T12:55:11.040+0000] {processor.py:186} INFO - Started process (PID=47470) to work on /workspaces/f1_data_team/venv/lib/python3.12/site-packages/airflow/example_dags/plugins/listener_plugin.py
[2026-01-04T12:55:11.041+0000] {processor.py:914} INFO - Processing file /workspaces/f1_data_team/venv/lib/python3.12/site-packages/airflow/example_dags/plugins/listener_plugin.py for tasks to queue
[2026-01-04T12:55:11.043+0000] {logging_mixin.py:190} INFO - [2026-01-04T12:55:11.042+0000] {dagbag.py:588} INFO - Filling up the DagBag from /workspaces/f1_data_team/venv/lib/python3.12/site-packages/airflow/example_dags/plugins/listener_plugin.py
[2026-01-04T12:55:11.045+0000] {processor.py:927} WARNING - No viable dags retrieved from /workspaces/f1_data_team/venv/lib/python3.12/site-packages/airflow/example_dags/plugins/listener_plugin.py
[2026-01-04T12:55:11.053+0000] {processor.py:208} INFO - Processing /workspaces/f1_data_team/venv/lib/python3.12/site-packages/airflow/example_dags/plugins/listener_plugin.py took 0.018 seconds
[2026-01-04T12:55:51.127+0000] {processor.py:186} INFO - Started process (PID=47855) to work on /workspaces/f1_data_team/venv/lib/python3.12/site-packages/airflow/example_dags/plugins/listener_plugin.py
[2026-01-04T12:55:51.128+0000] {processor.py:914} INFO - Processing file /workspaces/f1_data_team/venv/lib/python3.12/site-packages/airflow/example_dags/plugins/listener_plugin.py for tasks to queue
[2026-01-04T12:55:51.130+0000] {logging_mixin.py:190} INFO - [2026-01-04T12:55:51.130+0000] {dagbag.py:588} INFO - Filling up the DagBag from /workspaces/f1_data_team/venv/lib/python3.12/site-packages/airflow/example_dags/plugins/listener_plugin.py
[2026-01-04T12:55:51.132+0000] {processor.py:927} WARNING - No viable dags retrieved from /workspaces/f1_data_team/venv/lib/python3.12/site-packages/airflow/example_dags/plugins/listener_plugin.py
[2026-01-04T12:55:51.140+0000] {processor.py:208} INFO - Processing /workspaces/f1_data_team/venv/lib/python3.12/site-packages/airflow/example_dags/plugins/listener_plugin.py took 0.018 seconds
[2026-01-04T12:56:43.538+0000] {processor.py:186} INFO - Started process (PID=48384) to work on /workspaces/f1_data_team/venv/lib/python3.12/site-packages/airflow/example_dags/plugins/listener_plugin.py
[2026-01-04T12:56:43.539+0000] {processor.py:914} INFO - Processing file /workspaces/f1_data_team/venv/lib/python3.12/site-packages/airflow/example_dags/plugins/listener_plugin.py for tasks to queue
[2026-01-04T12:56:43.541+0000] {logging_mixin.py:190} INFO - [2026-01-04T12:56:43.541+0000] {dagbag.py:588} INFO - Filling up the DagBag from /workspaces/f1_data_team/venv/lib/python3.12/site-packages/airflow/example_dags/plugins/listener_plugin.py
[2026-01-04T12:56:43.543+0000] {processor.py:927} WARNING - No viable dags retrieved from /workspaces/f1_data_team/venv/lib/python3.12/site-packages/airflow/example_dags/plugins/listener_plugin.py
[2026-01-04T12:56:43.551+0000] {processor.py:208} INFO - Processing /workspaces/f1_data_team/venv/lib/python3.12/site-packages/airflow/example_dags/plugins/listener_plugin.py took 0.018 seconds
[2026-01-04T12:57:33.764+0000] {processor.py:186} INFO - Started process (PID=48855) to work on /workspaces/f1_data_team/venv/lib/python3.12/site-packages/airflow/example_dags/plugins/listener_plugin.py
[2026-01-04T12:57:33.765+0000] {processor.py:914} INFO - Processing file /workspaces/f1_data_team/venv/lib/python3.12/site-packages/airflow/example_dags/plugins/listener_plugin.py for tasks to queue
[2026-01-04T12:57:33.768+0000] {logging_mixin.py:190} INFO - [2026-01-04T12:57:33.767+0000] {dagbag.py:588} INFO - Filling up the DagBag from /workspaces/f1_data_team/venv/lib/python3.12/site-packages/airflow/example_dags/plugins/listener_plugin.py
[2026-01-04T12:57:33.771+0000] {processor.py:927} WARNING - No viable dags retrieved from /workspaces/f1_data_team/venv/lib/python3.12/site-packages/airflow/example_dags/plugins/listener_plugin.py
[2026-01-04T12:57:33.780+0000] {processor.py:208} INFO - Processing /workspaces/f1_data_team/venv/lib/python3.12/site-packages/airflow/example_dags/plugins/listener_plugin.py took 0.020 seconds
[2026-01-04T12:58:25.190+0000] {processor.py:186} INFO - Started process (PID=49373) to work on /workspaces/f1_data_team/venv/lib/python3.12/site-packages/airflow/example_dags/plugins/listener_plugin.py
[2026-01-04T12:58:25.191+0000] {processor.py:914} INFO - Processing file /workspaces/f1_data_team/venv/lib/python3.12/site-packages/airflow/example_dags/plugins/listener_plugin.py for tasks to queue
[2026-01-04T12:58:25.193+0000] {logging_mixin.py:190} INFO - [2026-01-04T12:58:25.192+0000] {dagbag.py:588} INFO - Filling up the DagBag from /workspaces/f1_data_team/venv/lib/python3.12/site-packages/airflow/example_dags/plugins/listener_plugin.py
[2026-01-04T12:58:25.194+0000] {processor.py:927} WARNING - No viable dags retrieved from /workspaces/f1_data_team/venv/lib/python3.12/site-packages/airflow/example_dags/plugins/listener_plugin.py
[2026-01-04T12:58:25.203+0000] {processor.py:208} INFO - Processing /workspaces/f1_data_team/venv/lib/python3.12/site-packages/airflow/example_dags/plugins/listener_plugin.py took 0.017 seconds
[2026-01-04T12:59:21.936+0000] {processor.py:186} INFO - Started process (PID=49915) to work on /workspaces/f1_data_team/venv/lib/python3.12/site-packages/airflow/example_dags/plugins/listener_plugin.py
[2026-01-04T12:59:21.938+0000] {processor.py:914} INFO - Processing file /workspaces/f1_data_team/venv/lib/python3.12/site-packages/airflow/example_dags/plugins/listener_plugin.py for tasks to queue
[2026-01-04T12:59:21.941+0000] {logging_mixin.py:190} INFO - [2026-01-04T12:59:21.940+0000] {dagbag.py:588} INFO - Filling up the DagBag from /workspaces/f1_data_team/venv/lib/python3.12/site-packages/airflow/example_dags/plugins/listener_plugin.py
[2026-01-04T12:59:21.947+0000] {processor.py:927} WARNING - No viable dags retrieved from /workspaces/f1_data_team/venv/lib/python3.12/site-packages/airflow/example_dags/plugins/listener_plugin.py
[2026-01-04T12:59:21.961+0000] {processor.py:208} INFO - Processing /workspaces/f1_data_team/venv/lib/python3.12/site-packages/airflow/example_dags/plugins/listener_plugin.py took 0.033 seconds
[2026-01-04T13:00:15.155+0000] {processor.py:186} INFO - Started process (PID=50512) to work on /workspaces/f1_data_team/venv/lib/python3.12/site-packages/airflow/example_dags/plugins/listener_plugin.py
[2026-01-04T13:00:15.155+0000] {processor.py:914} INFO - Processing file /workspaces/f1_data_team/venv/lib/python3.12/site-packages/airflow/example_dags/plugins/listener_plugin.py for tasks to queue
[2026-01-04T13:00:15.157+0000] {logging_mixin.py:190} INFO - [2026-01-04T13:00:15.157+0000] {dagbag.py:588} INFO - Filling up the DagBag from /workspaces/f1_data_team/venv/lib/python3.12/site-packages/airflow/example_dags/plugins/listener_plugin.py
[2026-01-04T13:00:15.159+0000] {processor.py:927} WARNING - No viable dags retrieved from /workspaces/f1_data_team/venv/lib/python3.12/site-packages/airflow/example_dags/plugins/listener_plugin.py
[2026-01-04T13:00:15.167+0000] {processor.py:208} INFO - Processing /workspaces/f1_data_team/venv/lib/python3.12/site-packages/airflow/example_dags/plugins/listener_plugin.py took 0.017 seconds
[2026-01-04T13:01:08.373+0000] {processor.py:186} INFO - Started process (PID=51062) to work on /workspaces/f1_data_team/venv/lib/python3.12/site-packages/airflow/example_dags/plugins/listener_plugin.py
[2026-01-04T13:01:08.374+0000] {processor.py:914} INFO - Processing file /workspaces/f1_data_team/venv/lib/python3.12/site-packages/airflow/example_dags/plugins/listener_plugin.py for tasks to queue
[2026-01-04T13:01:08.376+0000] {logging_mixin.py:190} INFO - [2026-01-04T13:01:08.375+0000] {dagbag.py:588} INFO - Filling up the DagBag from /workspaces/f1_data_team/venv/lib/python3.12/site-packages/airflow/example_dags/plugins/listener_plugin.py
[2026-01-04T13:01:08.378+0000] {processor.py:927} WARNING - No viable dags retrieved from /workspaces/f1_data_team/venv/lib/python3.12/site-packages/airflow/example_dags/plugins/listener_plugin.py
[2026-01-04T13:01:08.386+0000] {processor.py:208} INFO - Processing /workspaces/f1_data_team/venv/lib/python3.12/site-packages/airflow/example_dags/plugins/listener_plugin.py took 0.018 seconds
