[2026-01-04T12:26:32.069+0000] {processor.py:186} INFO - Started process (PID=24297) to work on /workspaces/f1_data_team/venv/lib/python3.12/site-packages/airflow/example_dags/plugins/workday.py
[2026-01-04T12:26:32.071+0000] {processor.py:914} INFO - Processing file /workspaces/f1_data_team/venv/lib/python3.12/site-packages/airflow/example_dags/plugins/workday.py for tasks to queue
[2026-01-04T12:26:32.073+0000] {logging_mixin.py:190} INFO - [2026-01-04T12:26:32.073+0000] {dagbag.py:588} INFO - Filling up the DagBag from /workspaces/f1_data_team/venv/lib/python3.12/site-packages/airflow/example_dags/plugins/workday.py
[2026-01-04T12:26:32.076+0000] {processor.py:927} WARNING - No viable dags retrieved from /workspaces/f1_data_team/venv/lib/python3.12/site-packages/airflow/example_dags/plugins/workday.py
[2026-01-04T12:26:32.089+0000] {processor.py:208} INFO - Processing /workspaces/f1_data_team/venv/lib/python3.12/site-packages/airflow/example_dags/plugins/workday.py took 0.026 seconds
[2026-01-04T12:27:36.856+0000] {processor.py:186} INFO - Started process (PID=24989) to work on /workspaces/f1_data_team/venv/lib/python3.12/site-packages/airflow/example_dags/plugins/workday.py
[2026-01-04T12:27:36.857+0000] {processor.py:914} INFO - Processing file /workspaces/f1_data_team/venv/lib/python3.12/site-packages/airflow/example_dags/plugins/workday.py for tasks to queue
[2026-01-04T12:27:36.859+0000] {logging_mixin.py:190} INFO - [2026-01-04T12:27:36.859+0000] {dagbag.py:588} INFO - Filling up the DagBag from /workspaces/f1_data_team/venv/lib/python3.12/site-packages/airflow/example_dags/plugins/workday.py
[2026-01-04T12:27:36.861+0000] {processor.py:927} WARNING - No viable dags retrieved from /workspaces/f1_data_team/venv/lib/python3.12/site-packages/airflow/example_dags/plugins/workday.py
[2026-01-04T12:27:36.869+0000] {processor.py:208} INFO - Processing /workspaces/f1_data_team/venv/lib/python3.12/site-packages/airflow/example_dags/plugins/workday.py took 0.018 seconds
[2026-01-04T12:28:31.845+0000] {processor.py:186} INFO - Started process (PID=25491) to work on /workspaces/f1_data_team/venv/lib/python3.12/site-packages/airflow/example_dags/plugins/workday.py
[2026-01-04T12:28:31.846+0000] {processor.py:914} INFO - Processing file /workspaces/f1_data_team/venv/lib/python3.12/site-packages/airflow/example_dags/plugins/workday.py for tasks to queue
[2026-01-04T12:28:31.848+0000] {logging_mixin.py:190} INFO - [2026-01-04T12:28:31.847+0000] {dagbag.py:588} INFO - Filling up the DagBag from /workspaces/f1_data_team/venv/lib/python3.12/site-packages/airflow/example_dags/plugins/workday.py
[2026-01-04T12:28:31.850+0000] {processor.py:927} WARNING - No viable dags retrieved from /workspaces/f1_data_team/venv/lib/python3.12/site-packages/airflow/example_dags/plugins/workday.py
[2026-01-04T12:28:31.857+0000] {processor.py:208} INFO - Processing /workspaces/f1_data_team/venv/lib/python3.12/site-packages/airflow/example_dags/plugins/workday.py took 0.017 seconds
[2026-01-04T12:29:31.361+0000] {processor.py:186} INFO - Started process (PID=26706) to work on /workspaces/f1_data_team/venv/lib/python3.12/site-packages/airflow/example_dags/plugins/workday.py
[2026-01-04T12:29:31.362+0000] {processor.py:914} INFO - Processing file /workspaces/f1_data_team/venv/lib/python3.12/site-packages/airflow/example_dags/plugins/workday.py for tasks to queue
[2026-01-04T12:29:31.364+0000] {logging_mixin.py:190} INFO - [2026-01-04T12:29:31.363+0000] {dagbag.py:588} INFO - Filling up the DagBag from /workspaces/f1_data_team/venv/lib/python3.12/site-packages/airflow/example_dags/plugins/workday.py
[2026-01-04T12:29:31.366+0000] {processor.py:927} WARNING - No viable dags retrieved from /workspaces/f1_data_team/venv/lib/python3.12/site-packages/airflow/example_dags/plugins/workday.py
[2026-01-04T12:29:31.375+0000] {processor.py:208} INFO - Processing /workspaces/f1_data_team/venv/lib/python3.12/site-packages/airflow/example_dags/plugins/workday.py took 0.018 seconds
[2026-01-04T12:30:13.697+0000] {processor.py:186} INFO - Started process (PID=27286) to work on /workspaces/f1_data_team/venv/lib/python3.12/site-packages/airflow/example_dags/plugins/workday.py
[2026-01-04T12:30:13.698+0000] {processor.py:914} INFO - Processing file /workspaces/f1_data_team/venv/lib/python3.12/site-packages/airflow/example_dags/plugins/workday.py for tasks to queue
[2026-01-04T12:30:13.701+0000] {logging_mixin.py:190} INFO - [2026-01-04T12:30:13.700+0000] {dagbag.py:588} INFO - Filling up the DagBag from /workspaces/f1_data_team/venv/lib/python3.12/site-packages/airflow/example_dags/plugins/workday.py
[2026-01-04T12:30:13.704+0000] {processor.py:927} WARNING - No viable dags retrieved from /workspaces/f1_data_team/venv/lib/python3.12/site-packages/airflow/example_dags/plugins/workday.py
[2026-01-04T12:30:13.714+0000] {processor.py:208} INFO - Processing /workspaces/f1_data_team/venv/lib/python3.12/site-packages/airflow/example_dags/plugins/workday.py took 0.023 seconds
[2026-01-04T12:31:12.685+0000] {processor.py:186} INFO - Started process (PID=28278) to work on /workspaces/f1_data_team/venv/lib/python3.12/site-packages/airflow/example_dags/plugins/workday.py
[2026-01-04T12:31:12.686+0000] {processor.py:914} INFO - Processing file /workspaces/f1_data_team/venv/lib/python3.12/site-packages/airflow/example_dags/plugins/workday.py for tasks to queue
[2026-01-04T12:31:12.688+0000] {logging_mixin.py:190} INFO - [2026-01-04T12:31:12.688+0000] {dagbag.py:588} INFO - Filling up the DagBag from /workspaces/f1_data_team/venv/lib/python3.12/site-packages/airflow/example_dags/plugins/workday.py
[2026-01-04T12:31:12.693+0000] {processor.py:927} WARNING - No viable dags retrieved from /workspaces/f1_data_team/venv/lib/python3.12/site-packages/airflow/example_dags/plugins/workday.py
[2026-01-04T12:31:12.704+0000] {processor.py:208} INFO - Processing /workspaces/f1_data_team/venv/lib/python3.12/site-packages/airflow/example_dags/plugins/workday.py took 0.026 seconds
[2026-01-04T12:32:21.452+0000] {processor.py:186} INFO - Started process (PID=29336) to work on /workspaces/f1_data_team/venv/lib/python3.12/site-packages/airflow/example_dags/plugins/workday.py
[2026-01-04T12:32:21.453+0000] {processor.py:914} INFO - Processing file /workspaces/f1_data_team/venv/lib/python3.12/site-packages/airflow/example_dags/plugins/workday.py for tasks to queue
[2026-01-04T12:32:21.455+0000] {logging_mixin.py:190} INFO - [2026-01-04T12:32:21.455+0000] {dagbag.py:588} INFO - Filling up the DagBag from /workspaces/f1_data_team/venv/lib/python3.12/site-packages/airflow/example_dags/plugins/workday.py
[2026-01-04T12:32:21.457+0000] {processor.py:927} WARNING - No viable dags retrieved from /workspaces/f1_data_team/venv/lib/python3.12/site-packages/airflow/example_dags/plugins/workday.py
[2026-01-04T12:32:21.465+0000] {processor.py:208} INFO - Processing /workspaces/f1_data_team/venv/lib/python3.12/site-packages/airflow/example_dags/plugins/workday.py took 0.018 seconds
[2026-01-04T12:33:21.558+0000] {processor.py:186} INFO - Started process (PID=30432) to work on /workspaces/f1_data_team/venv/lib/python3.12/site-packages/airflow/example_dags/plugins/workday.py
[2026-01-04T12:33:21.559+0000] {processor.py:914} INFO - Processing file /workspaces/f1_data_team/venv/lib/python3.12/site-packages/airflow/example_dags/plugins/workday.py for tasks to queue
[2026-01-04T12:33:21.561+0000] {logging_mixin.py:190} INFO - [2026-01-04T12:33:21.560+0000] {dagbag.py:588} INFO - Filling up the DagBag from /workspaces/f1_data_team/venv/lib/python3.12/site-packages/airflow/example_dags/plugins/workday.py
[2026-01-04T12:33:21.563+0000] {processor.py:927} WARNING - No viable dags retrieved from /workspaces/f1_data_team/venv/lib/python3.12/site-packages/airflow/example_dags/plugins/workday.py
[2026-01-04T12:33:21.571+0000] {processor.py:208} INFO - Processing /workspaces/f1_data_team/venv/lib/python3.12/site-packages/airflow/example_dags/plugins/workday.py took 0.019 seconds
[2026-01-04T12:34:17.528+0000] {processor.py:186} INFO - Started process (PID=30961) to work on /workspaces/f1_data_team/venv/lib/python3.12/site-packages/airflow/example_dags/plugins/workday.py
[2026-01-04T12:34:17.529+0000] {processor.py:914} INFO - Processing file /workspaces/f1_data_team/venv/lib/python3.12/site-packages/airflow/example_dags/plugins/workday.py for tasks to queue
[2026-01-04T12:34:17.531+0000] {logging_mixin.py:190} INFO - [2026-01-04T12:34:17.530+0000] {dagbag.py:588} INFO - Filling up the DagBag from /workspaces/f1_data_team/venv/lib/python3.12/site-packages/airflow/example_dags/plugins/workday.py
[2026-01-04T12:34:17.533+0000] {processor.py:927} WARNING - No viable dags retrieved from /workspaces/f1_data_team/venv/lib/python3.12/site-packages/airflow/example_dags/plugins/workday.py
[2026-01-04T12:34:17.541+0000] {processor.py:208} INFO - Processing /workspaces/f1_data_team/venv/lib/python3.12/site-packages/airflow/example_dags/plugins/workday.py took 0.017 seconds
[2026-01-04T12:35:07.688+0000] {processor.py:186} INFO - Started process (PID=31457) to work on /workspaces/f1_data_team/venv/lib/python3.12/site-packages/airflow/example_dags/plugins/workday.py
[2026-01-04T12:35:07.689+0000] {processor.py:914} INFO - Processing file /workspaces/f1_data_team/venv/lib/python3.12/site-packages/airflow/example_dags/plugins/workday.py for tasks to queue
[2026-01-04T12:35:07.691+0000] {logging_mixin.py:190} INFO - [2026-01-04T12:35:07.690+0000] {dagbag.py:588} INFO - Filling up the DagBag from /workspaces/f1_data_team/venv/lib/python3.12/site-packages/airflow/example_dags/plugins/workday.py
[2026-01-04T12:35:07.693+0000] {processor.py:927} WARNING - No viable dags retrieved from /workspaces/f1_data_team/venv/lib/python3.12/site-packages/airflow/example_dags/plugins/workday.py
[2026-01-04T12:35:07.701+0000] {processor.py:208} INFO - Processing /workspaces/f1_data_team/venv/lib/python3.12/site-packages/airflow/example_dags/plugins/workday.py took 0.018 seconds
[2026-01-04T12:35:59.589+0000] {processor.py:186} INFO - Started process (PID=32096) to work on /workspaces/f1_data_team/venv/lib/python3.12/site-packages/airflow/example_dags/plugins/workday.py
[2026-01-04T12:35:59.590+0000] {processor.py:914} INFO - Processing file /workspaces/f1_data_team/venv/lib/python3.12/site-packages/airflow/example_dags/plugins/workday.py for tasks to queue
[2026-01-04T12:35:59.591+0000] {logging_mixin.py:190} INFO - [2026-01-04T12:35:59.591+0000] {dagbag.py:588} INFO - Filling up the DagBag from /workspaces/f1_data_team/venv/lib/python3.12/site-packages/airflow/example_dags/plugins/workday.py
[2026-01-04T12:35:59.593+0000] {processor.py:927} WARNING - No viable dags retrieved from /workspaces/f1_data_team/venv/lib/python3.12/site-packages/airflow/example_dags/plugins/workday.py
[2026-01-04T12:35:59.603+0000] {processor.py:208} INFO - Processing /workspaces/f1_data_team/venv/lib/python3.12/site-packages/airflow/example_dags/plugins/workday.py took 0.018 seconds
[2026-01-04T12:36:50.841+0000] {processor.py:186} INFO - Started process (PID=32561) to work on /workspaces/f1_data_team/venv/lib/python3.12/site-packages/airflow/example_dags/plugins/workday.py
[2026-01-04T12:36:50.842+0000] {processor.py:914} INFO - Processing file /workspaces/f1_data_team/venv/lib/python3.12/site-packages/airflow/example_dags/plugins/workday.py for tasks to queue
[2026-01-04T12:36:50.844+0000] {logging_mixin.py:190} INFO - [2026-01-04T12:36:50.843+0000] {dagbag.py:588} INFO - Filling up the DagBag from /workspaces/f1_data_team/venv/lib/python3.12/site-packages/airflow/example_dags/plugins/workday.py
[2026-01-04T12:36:50.846+0000] {processor.py:927} WARNING - No viable dags retrieved from /workspaces/f1_data_team/venv/lib/python3.12/site-packages/airflow/example_dags/plugins/workday.py
[2026-01-04T12:36:50.854+0000] {processor.py:208} INFO - Processing /workspaces/f1_data_team/venv/lib/python3.12/site-packages/airflow/example_dags/plugins/workday.py took 0.018 seconds
[2026-01-04T12:37:46.039+0000] {processor.py:186} INFO - Started process (PID=33375) to work on /workspaces/f1_data_team/venv/lib/python3.12/site-packages/airflow/example_dags/plugins/workday.py
[2026-01-04T12:37:46.040+0000] {processor.py:914} INFO - Processing file /workspaces/f1_data_team/venv/lib/python3.12/site-packages/airflow/example_dags/plugins/workday.py for tasks to queue
[2026-01-04T12:37:46.042+0000] {logging_mixin.py:190} INFO - [2026-01-04T12:37:46.041+0000] {dagbag.py:588} INFO - Filling up the DagBag from /workspaces/f1_data_team/venv/lib/python3.12/site-packages/airflow/example_dags/plugins/workday.py
[2026-01-04T12:37:46.044+0000] {processor.py:927} WARNING - No viable dags retrieved from /workspaces/f1_data_team/venv/lib/python3.12/site-packages/airflow/example_dags/plugins/workday.py
[2026-01-04T12:37:46.052+0000] {processor.py:208} INFO - Processing /workspaces/f1_data_team/venv/lib/python3.12/site-packages/airflow/example_dags/plugins/workday.py took 0.018 seconds
[2026-01-04T12:38:37.075+0000] {processor.py:186} INFO - Started process (PID=33954) to work on /workspaces/f1_data_team/venv/lib/python3.12/site-packages/airflow/example_dags/plugins/workday.py
[2026-01-04T12:38:37.075+0000] {processor.py:914} INFO - Processing file /workspaces/f1_data_team/venv/lib/python3.12/site-packages/airflow/example_dags/plugins/workday.py for tasks to queue
[2026-01-04T12:38:37.077+0000] {logging_mixin.py:190} INFO - [2026-01-04T12:38:37.077+0000] {dagbag.py:588} INFO - Filling up the DagBag from /workspaces/f1_data_team/venv/lib/python3.12/site-packages/airflow/example_dags/plugins/workday.py
[2026-01-04T12:38:37.079+0000] {processor.py:927} WARNING - No viable dags retrieved from /workspaces/f1_data_team/venv/lib/python3.12/site-packages/airflow/example_dags/plugins/workday.py
[2026-01-04T12:38:37.087+0000] {processor.py:208} INFO - Processing /workspaces/f1_data_team/venv/lib/python3.12/site-packages/airflow/example_dags/plugins/workday.py took 0.018 seconds
[2026-01-04T12:39:31.284+0000] {processor.py:186} INFO - Started process (PID=34469) to work on /workspaces/f1_data_team/venv/lib/python3.12/site-packages/airflow/example_dags/plugins/workday.py
[2026-01-04T12:39:31.285+0000] {processor.py:914} INFO - Processing file /workspaces/f1_data_team/venv/lib/python3.12/site-packages/airflow/example_dags/plugins/workday.py for tasks to queue
[2026-01-04T12:39:31.287+0000] {logging_mixin.py:190} INFO - [2026-01-04T12:39:31.287+0000] {dagbag.py:588} INFO - Filling up the DagBag from /workspaces/f1_data_team/venv/lib/python3.12/site-packages/airflow/example_dags/plugins/workday.py
[2026-01-04T12:39:31.289+0000] {processor.py:927} WARNING - No viable dags retrieved from /workspaces/f1_data_team/venv/lib/python3.12/site-packages/airflow/example_dags/plugins/workday.py
[2026-01-04T12:39:31.297+0000] {processor.py:208} INFO - Processing /workspaces/f1_data_team/venv/lib/python3.12/site-packages/airflow/example_dags/plugins/workday.py took 0.018 seconds
[2026-01-04T12:40:25.851+0000] {processor.py:186} INFO - Started process (PID=35007) to work on /workspaces/f1_data_team/venv/lib/python3.12/site-packages/airflow/example_dags/plugins/workday.py
[2026-01-04T12:40:25.852+0000] {processor.py:914} INFO - Processing file /workspaces/f1_data_team/venv/lib/python3.12/site-packages/airflow/example_dags/plugins/workday.py for tasks to queue
[2026-01-04T12:40:25.854+0000] {logging_mixin.py:190} INFO - [2026-01-04T12:40:25.854+0000] {dagbag.py:588} INFO - Filling up the DagBag from /workspaces/f1_data_team/venv/lib/python3.12/site-packages/airflow/example_dags/plugins/workday.py
[2026-01-04T12:40:25.856+0000] {processor.py:927} WARNING - No viable dags retrieved from /workspaces/f1_data_team/venv/lib/python3.12/site-packages/airflow/example_dags/plugins/workday.py
[2026-01-04T12:40:25.864+0000] {processor.py:208} INFO - Processing /workspaces/f1_data_team/venv/lib/python3.12/site-packages/airflow/example_dags/plugins/workday.py took 0.017 seconds
[2026-01-04T12:41:19.575+0000] {processor.py:186} INFO - Started process (PID=35604) to work on /workspaces/f1_data_team/venv/lib/python3.12/site-packages/airflow/example_dags/plugins/workday.py
[2026-01-04T12:41:19.576+0000] {processor.py:914} INFO - Processing file /workspaces/f1_data_team/venv/lib/python3.12/site-packages/airflow/example_dags/plugins/workday.py for tasks to queue
[2026-01-04T12:41:19.578+0000] {logging_mixin.py:190} INFO - [2026-01-04T12:41:19.578+0000] {dagbag.py:588} INFO - Filling up the DagBag from /workspaces/f1_data_team/venv/lib/python3.12/site-packages/airflow/example_dags/plugins/workday.py
[2026-01-04T12:41:19.580+0000] {processor.py:927} WARNING - No viable dags retrieved from /workspaces/f1_data_team/venv/lib/python3.12/site-packages/airflow/example_dags/plugins/workday.py
[2026-01-04T12:41:19.588+0000] {processor.py:208} INFO - Processing /workspaces/f1_data_team/venv/lib/python3.12/site-packages/airflow/example_dags/plugins/workday.py took 0.017 seconds
[2026-01-04T12:42:23.727+0000] {processor.py:186} INFO - Started process (PID=36721) to work on /workspaces/f1_data_team/venv/lib/python3.12/site-packages/airflow/example_dags/plugins/workday.py
[2026-01-04T12:42:23.728+0000] {processor.py:914} INFO - Processing file /workspaces/f1_data_team/venv/lib/python3.12/site-packages/airflow/example_dags/plugins/workday.py for tasks to queue
[2026-01-04T12:42:23.730+0000] {logging_mixin.py:190} INFO - [2026-01-04T12:42:23.730+0000] {dagbag.py:588} INFO - Filling up the DagBag from /workspaces/f1_data_team/venv/lib/python3.12/site-packages/airflow/example_dags/plugins/workday.py
[2026-01-04T12:42:23.732+0000] {processor.py:927} WARNING - No viable dags retrieved from /workspaces/f1_data_team/venv/lib/python3.12/site-packages/airflow/example_dags/plugins/workday.py
[2026-01-04T12:42:23.742+0000] {processor.py:208} INFO - Processing /workspaces/f1_data_team/venv/lib/python3.12/site-packages/airflow/example_dags/plugins/workday.py took 0.019 seconds
[2026-01-04T12:42:59.822+0000] {processor.py:186} INFO - Started process (PID=37106) to work on /workspaces/f1_data_team/venv/lib/python3.12/site-packages/airflow/example_dags/plugins/workday.py
[2026-01-04T12:42:59.823+0000] {processor.py:914} INFO - Processing file /workspaces/f1_data_team/venv/lib/python3.12/site-packages/airflow/example_dags/plugins/workday.py for tasks to queue
[2026-01-04T12:42:59.825+0000] {logging_mixin.py:190} INFO - [2026-01-04T12:42:59.825+0000] {dagbag.py:588} INFO - Filling up the DagBag from /workspaces/f1_data_team/venv/lib/python3.12/site-packages/airflow/example_dags/plugins/workday.py
[2026-01-04T12:42:59.827+0000] {processor.py:927} WARNING - No viable dags retrieved from /workspaces/f1_data_team/venv/lib/python3.12/site-packages/airflow/example_dags/plugins/workday.py
[2026-01-04T12:42:59.836+0000] {processor.py:208} INFO - Processing /workspaces/f1_data_team/venv/lib/python3.12/site-packages/airflow/example_dags/plugins/workday.py took 0.018 seconds
[2026-01-04T12:43:52.753+0000] {processor.py:186} INFO - Started process (PID=37762) to work on /workspaces/f1_data_team/venv/lib/python3.12/site-packages/airflow/example_dags/plugins/workday.py
[2026-01-04T12:43:52.754+0000] {processor.py:914} INFO - Processing file /workspaces/f1_data_team/venv/lib/python3.12/site-packages/airflow/example_dags/plugins/workday.py for tasks to queue
[2026-01-04T12:43:52.756+0000] {logging_mixin.py:190} INFO - [2026-01-04T12:43:52.755+0000] {dagbag.py:588} INFO - Filling up the DagBag from /workspaces/f1_data_team/venv/lib/python3.12/site-packages/airflow/example_dags/plugins/workday.py
[2026-01-04T12:43:52.758+0000] {processor.py:927} WARNING - No viable dags retrieved from /workspaces/f1_data_team/venv/lib/python3.12/site-packages/airflow/example_dags/plugins/workday.py
[2026-01-04T12:43:52.767+0000] {processor.py:208} INFO - Processing /workspaces/f1_data_team/venv/lib/python3.12/site-packages/airflow/example_dags/plugins/workday.py took 0.018 seconds
[2026-01-04T12:44:42.288+0000] {processor.py:186} INFO - Started process (PID=38473) to work on /workspaces/f1_data_team/venv/lib/python3.12/site-packages/airflow/example_dags/plugins/workday.py
[2026-01-04T12:44:42.289+0000] {processor.py:914} INFO - Processing file /workspaces/f1_data_team/venv/lib/python3.12/site-packages/airflow/example_dags/plugins/workday.py for tasks to queue
[2026-01-04T12:44:42.291+0000] {logging_mixin.py:190} INFO - [2026-01-04T12:44:42.290+0000] {dagbag.py:588} INFO - Filling up the DagBag from /workspaces/f1_data_team/venv/lib/python3.12/site-packages/airflow/example_dags/plugins/workday.py
[2026-01-04T12:44:42.293+0000] {processor.py:927} WARNING - No viable dags retrieved from /workspaces/f1_data_team/venv/lib/python3.12/site-packages/airflow/example_dags/plugins/workday.py
[2026-01-04T12:44:42.301+0000] {processor.py:208} INFO - Processing /workspaces/f1_data_team/venv/lib/python3.12/site-packages/airflow/example_dags/plugins/workday.py took 0.017 seconds
[2026-01-04T12:45:47.109+0000] {processor.py:186} INFO - Started process (PID=39546) to work on /workspaces/f1_data_team/venv/lib/python3.12/site-packages/airflow/example_dags/plugins/workday.py
[2026-01-04T12:45:47.110+0000] {processor.py:914} INFO - Processing file /workspaces/f1_data_team/venv/lib/python3.12/site-packages/airflow/example_dags/plugins/workday.py for tasks to queue
[2026-01-04T12:45:47.112+0000] {logging_mixin.py:190} INFO - [2026-01-04T12:45:47.112+0000] {dagbag.py:588} INFO - Filling up the DagBag from /workspaces/f1_data_team/venv/lib/python3.12/site-packages/airflow/example_dags/plugins/workday.py
[2026-01-04T12:45:47.114+0000] {processor.py:927} WARNING - No viable dags retrieved from /workspaces/f1_data_team/venv/lib/python3.12/site-packages/airflow/example_dags/plugins/workday.py
[2026-01-04T12:45:47.122+0000] {processor.py:208} INFO - Processing /workspaces/f1_data_team/venv/lib/python3.12/site-packages/airflow/example_dags/plugins/workday.py took 0.017 seconds
[2026-01-04T12:46:38.784+0000] {processor.py:186} INFO - Started process (PID=40089) to work on /workspaces/f1_data_team/venv/lib/python3.12/site-packages/airflow/example_dags/plugins/workday.py
[2026-01-04T12:46:38.784+0000] {processor.py:914} INFO - Processing file /workspaces/f1_data_team/venv/lib/python3.12/site-packages/airflow/example_dags/plugins/workday.py for tasks to queue
[2026-01-04T12:46:38.786+0000] {logging_mixin.py:190} INFO - [2026-01-04T12:46:38.786+0000] {dagbag.py:588} INFO - Filling up the DagBag from /workspaces/f1_data_team/venv/lib/python3.12/site-packages/airflow/example_dags/plugins/workday.py
[2026-01-04T12:46:38.788+0000] {processor.py:927} WARNING - No viable dags retrieved from /workspaces/f1_data_team/venv/lib/python3.12/site-packages/airflow/example_dags/plugins/workday.py
[2026-01-04T12:46:38.797+0000] {processor.py:208} INFO - Processing /workspaces/f1_data_team/venv/lib/python3.12/site-packages/airflow/example_dags/plugins/workday.py took 0.018 seconds
[2026-01-04T12:47:29.083+0000] {processor.py:186} INFO - Started process (PID=40586) to work on /workspaces/f1_data_team/venv/lib/python3.12/site-packages/airflow/example_dags/plugins/workday.py
[2026-01-04T12:47:29.084+0000] {processor.py:914} INFO - Processing file /workspaces/f1_data_team/venv/lib/python3.12/site-packages/airflow/example_dags/plugins/workday.py for tasks to queue
[2026-01-04T12:47:29.087+0000] {logging_mixin.py:190} INFO - [2026-01-04T12:47:29.086+0000] {dagbag.py:588} INFO - Filling up the DagBag from /workspaces/f1_data_team/venv/lib/python3.12/site-packages/airflow/example_dags/plugins/workday.py
[2026-01-04T12:47:29.089+0000] {processor.py:927} WARNING - No viable dags retrieved from /workspaces/f1_data_team/venv/lib/python3.12/site-packages/airflow/example_dags/plugins/workday.py
[2026-01-04T12:47:29.109+0000] {processor.py:208} INFO - Processing /workspaces/f1_data_team/venv/lib/python3.12/site-packages/airflow/example_dags/plugins/workday.py took 0.033 seconds
[2026-01-04T12:48:32.925+0000] {processor.py:186} INFO - Started process (PID=41371) to work on /workspaces/f1_data_team/venv/lib/python3.12/site-packages/airflow/example_dags/plugins/workday.py
[2026-01-04T12:48:32.926+0000] {processor.py:914} INFO - Processing file /workspaces/f1_data_team/venv/lib/python3.12/site-packages/airflow/example_dags/plugins/workday.py for tasks to queue
[2026-01-04T12:48:32.928+0000] {logging_mixin.py:190} INFO - [2026-01-04T12:48:32.928+0000] {dagbag.py:588} INFO - Filling up the DagBag from /workspaces/f1_data_team/venv/lib/python3.12/site-packages/airflow/example_dags/plugins/workday.py
[2026-01-04T12:48:32.930+0000] {processor.py:927} WARNING - No viable dags retrieved from /workspaces/f1_data_team/venv/lib/python3.12/site-packages/airflow/example_dags/plugins/workday.py
[2026-01-04T12:48:32.938+0000] {processor.py:208} INFO - Processing /workspaces/f1_data_team/venv/lib/python3.12/site-packages/airflow/example_dags/plugins/workday.py took 0.017 seconds
[2026-01-04T12:49:35.799+0000] {processor.py:186} INFO - Started process (PID=42425) to work on /workspaces/f1_data_team/venv/lib/python3.12/site-packages/airflow/example_dags/plugins/workday.py
[2026-01-04T12:49:35.800+0000] {processor.py:914} INFO - Processing file /workspaces/f1_data_team/venv/lib/python3.12/site-packages/airflow/example_dags/plugins/workday.py for tasks to queue
[2026-01-04T12:49:35.802+0000] {logging_mixin.py:190} INFO - [2026-01-04T12:49:35.802+0000] {dagbag.py:588} INFO - Filling up the DagBag from /workspaces/f1_data_team/venv/lib/python3.12/site-packages/airflow/example_dags/plugins/workday.py
[2026-01-04T12:49:35.804+0000] {processor.py:927} WARNING - No viable dags retrieved from /workspaces/f1_data_team/venv/lib/python3.12/site-packages/airflow/example_dags/plugins/workday.py
[2026-01-04T12:49:35.812+0000] {processor.py:208} INFO - Processing /workspaces/f1_data_team/venv/lib/python3.12/site-packages/airflow/example_dags/plugins/workday.py took 0.017 seconds
[2026-01-04T12:50:30.507+0000] {processor.py:186} INFO - Started process (PID=42914) to work on /workspaces/f1_data_team/venv/lib/python3.12/site-packages/airflow/example_dags/plugins/workday.py
[2026-01-04T12:50:30.508+0000] {processor.py:914} INFO - Processing file /workspaces/f1_data_team/venv/lib/python3.12/site-packages/airflow/example_dags/plugins/workday.py for tasks to queue
[2026-01-04T12:50:30.510+0000] {logging_mixin.py:190} INFO - [2026-01-04T12:50:30.510+0000] {dagbag.py:588} INFO - Filling up the DagBag from /workspaces/f1_data_team/venv/lib/python3.12/site-packages/airflow/example_dags/plugins/workday.py
[2026-01-04T12:50:30.512+0000] {processor.py:927} WARNING - No viable dags retrieved from /workspaces/f1_data_team/venv/lib/python3.12/site-packages/airflow/example_dags/plugins/workday.py
[2026-01-04T12:50:30.520+0000] {processor.py:208} INFO - Processing /workspaces/f1_data_team/venv/lib/python3.12/site-packages/airflow/example_dags/plugins/workday.py took 0.018 seconds
[2026-01-04T12:51:07.876+0000] {processor.py:186} INFO - Started process (PID=43512) to work on /workspaces/f1_data_team/venv/lib/python3.12/site-packages/airflow/example_dags/plugins/workday.py
[2026-01-04T12:51:07.877+0000] {processor.py:914} INFO - Processing file /workspaces/f1_data_team/venv/lib/python3.12/site-packages/airflow/example_dags/plugins/workday.py for tasks to queue
[2026-01-04T12:51:07.879+0000] {logging_mixin.py:190} INFO - [2026-01-04T12:51:07.878+0000] {dagbag.py:588} INFO - Filling up the DagBag from /workspaces/f1_data_team/venv/lib/python3.12/site-packages/airflow/example_dags/plugins/workday.py
[2026-01-04T12:51:07.881+0000] {processor.py:927} WARNING - No viable dags retrieved from /workspaces/f1_data_team/venv/lib/python3.12/site-packages/airflow/example_dags/plugins/workday.py
[2026-01-04T12:51:07.890+0000] {processor.py:208} INFO - Processing /workspaces/f1_data_team/venv/lib/python3.12/site-packages/airflow/example_dags/plugins/workday.py took 0.019 seconds
[2026-01-04T12:52:10.871+0000] {processor.py:186} INFO - Started process (PID=44701) to work on /workspaces/f1_data_team/venv/lib/python3.12/site-packages/airflow/example_dags/plugins/workday.py
[2026-01-04T12:52:10.872+0000] {processor.py:914} INFO - Processing file /workspaces/f1_data_team/venv/lib/python3.12/site-packages/airflow/example_dags/plugins/workday.py for tasks to queue
[2026-01-04T12:52:10.874+0000] {logging_mixin.py:190} INFO - [2026-01-04T12:52:10.874+0000] {dagbag.py:588} INFO - Filling up the DagBag from /workspaces/f1_data_team/venv/lib/python3.12/site-packages/airflow/example_dags/plugins/workday.py
[2026-01-04T12:52:10.876+0000] {processor.py:927} WARNING - No viable dags retrieved from /workspaces/f1_data_team/venv/lib/python3.12/site-packages/airflow/example_dags/plugins/workday.py
[2026-01-04T12:52:10.884+0000] {processor.py:208} INFO - Processing /workspaces/f1_data_team/venv/lib/python3.12/site-packages/airflow/example_dags/plugins/workday.py took 0.018 seconds
[2026-01-04T12:53:07.625+0000] {processor.py:186} INFO - Started process (PID=45452) to work on /workspaces/f1_data_team/venv/lib/python3.12/site-packages/airflow/example_dags/plugins/workday.py
[2026-01-04T12:53:07.626+0000] {processor.py:914} INFO - Processing file /workspaces/f1_data_team/venv/lib/python3.12/site-packages/airflow/example_dags/plugins/workday.py for tasks to queue
[2026-01-04T12:53:07.628+0000] {logging_mixin.py:190} INFO - [2026-01-04T12:53:07.628+0000] {dagbag.py:588} INFO - Filling up the DagBag from /workspaces/f1_data_team/venv/lib/python3.12/site-packages/airflow/example_dags/plugins/workday.py
[2026-01-04T12:53:07.630+0000] {processor.py:927} WARNING - No viable dags retrieved from /workspaces/f1_data_team/venv/lib/python3.12/site-packages/airflow/example_dags/plugins/workday.py
[2026-01-04T12:53:07.638+0000] {processor.py:208} INFO - Processing /workspaces/f1_data_team/venv/lib/python3.12/site-packages/airflow/example_dags/plugins/workday.py took 0.017 seconds
[2026-01-04T12:54:02.245+0000] {processor.py:186} INFO - Started process (PID=46176) to work on /workspaces/f1_data_team/venv/lib/python3.12/site-packages/airflow/example_dags/plugins/workday.py
[2026-01-04T12:54:02.246+0000] {processor.py:914} INFO - Processing file /workspaces/f1_data_team/venv/lib/python3.12/site-packages/airflow/example_dags/plugins/workday.py for tasks to queue
[2026-01-04T12:54:02.248+0000] {logging_mixin.py:190} INFO - [2026-01-04T12:54:02.248+0000] {dagbag.py:588} INFO - Filling up the DagBag from /workspaces/f1_data_team/venv/lib/python3.12/site-packages/airflow/example_dags/plugins/workday.py
[2026-01-04T12:54:02.251+0000] {processor.py:927} WARNING - No viable dags retrieved from /workspaces/f1_data_team/venv/lib/python3.12/site-packages/airflow/example_dags/plugins/workday.py
[2026-01-04T12:54:02.262+0000] {processor.py:208} INFO - Processing /workspaces/f1_data_team/venv/lib/python3.12/site-packages/airflow/example_dags/plugins/workday.py took 0.022 seconds
[2026-01-04T12:55:09.910+0000] {processor.py:186} INFO - Started process (PID=47467) to work on /workspaces/f1_data_team/venv/lib/python3.12/site-packages/airflow/example_dags/plugins/workday.py
[2026-01-04T12:55:09.911+0000] {processor.py:914} INFO - Processing file /workspaces/f1_data_team/venv/lib/python3.12/site-packages/airflow/example_dags/plugins/workday.py for tasks to queue
[2026-01-04T12:55:09.913+0000] {logging_mixin.py:190} INFO - [2026-01-04T12:55:09.913+0000] {dagbag.py:588} INFO - Filling up the DagBag from /workspaces/f1_data_team/venv/lib/python3.12/site-packages/airflow/example_dags/plugins/workday.py
[2026-01-04T12:55:09.915+0000] {processor.py:927} WARNING - No viable dags retrieved from /workspaces/f1_data_team/venv/lib/python3.12/site-packages/airflow/example_dags/plugins/workday.py
[2026-01-04T12:55:09.924+0000] {processor.py:208} INFO - Processing /workspaces/f1_data_team/venv/lib/python3.12/site-packages/airflow/example_dags/plugins/workday.py took 0.019 seconds
[2026-01-04T12:55:49.989+0000] {processor.py:186} INFO - Started process (PID=47841) to work on /workspaces/f1_data_team/venv/lib/python3.12/site-packages/airflow/example_dags/plugins/workday.py
[2026-01-04T12:55:49.989+0000] {processor.py:914} INFO - Processing file /workspaces/f1_data_team/venv/lib/python3.12/site-packages/airflow/example_dags/plugins/workday.py for tasks to queue
[2026-01-04T12:55:49.991+0000] {logging_mixin.py:190} INFO - [2026-01-04T12:55:49.991+0000] {dagbag.py:588} INFO - Filling up the DagBag from /workspaces/f1_data_team/venv/lib/python3.12/site-packages/airflow/example_dags/plugins/workday.py
[2026-01-04T12:55:49.993+0000] {processor.py:927} WARNING - No viable dags retrieved from /workspaces/f1_data_team/venv/lib/python3.12/site-packages/airflow/example_dags/plugins/workday.py
[2026-01-04T12:55:50.002+0000] {processor.py:208} INFO - Processing /workspaces/f1_data_team/venv/lib/python3.12/site-packages/airflow/example_dags/plugins/workday.py took 0.018 seconds
[2026-01-04T12:56:42.407+0000] {processor.py:186} INFO - Started process (PID=48376) to work on /workspaces/f1_data_team/venv/lib/python3.12/site-packages/airflow/example_dags/plugins/workday.py
[2026-01-04T12:56:42.408+0000] {processor.py:914} INFO - Processing file /workspaces/f1_data_team/venv/lib/python3.12/site-packages/airflow/example_dags/plugins/workday.py for tasks to queue
[2026-01-04T12:56:42.409+0000] {logging_mixin.py:190} INFO - [2026-01-04T12:56:42.409+0000] {dagbag.py:588} INFO - Filling up the DagBag from /workspaces/f1_data_team/venv/lib/python3.12/site-packages/airflow/example_dags/plugins/workday.py
[2026-01-04T12:56:42.411+0000] {processor.py:927} WARNING - No viable dags retrieved from /workspaces/f1_data_team/venv/lib/python3.12/site-packages/airflow/example_dags/plugins/workday.py
[2026-01-04T12:56:42.420+0000] {processor.py:208} INFO - Processing /workspaces/f1_data_team/venv/lib/python3.12/site-packages/airflow/example_dags/plugins/workday.py took 0.018 seconds
[2026-01-04T12:57:32.625+0000] {processor.py:186} INFO - Started process (PID=48838) to work on /workspaces/f1_data_team/venv/lib/python3.12/site-packages/airflow/example_dags/plugins/workday.py
[2026-01-04T12:57:32.626+0000] {processor.py:914} INFO - Processing file /workspaces/f1_data_team/venv/lib/python3.12/site-packages/airflow/example_dags/plugins/workday.py for tasks to queue
[2026-01-04T12:57:32.628+0000] {logging_mixin.py:190} INFO - [2026-01-04T12:57:32.628+0000] {dagbag.py:588} INFO - Filling up the DagBag from /workspaces/f1_data_team/venv/lib/python3.12/site-packages/airflow/example_dags/plugins/workday.py
[2026-01-04T12:57:32.630+0000] {processor.py:927} WARNING - No viable dags retrieved from /workspaces/f1_data_team/venv/lib/python3.12/site-packages/airflow/example_dags/plugins/workday.py
[2026-01-04T12:57:32.639+0000] {processor.py:208} INFO - Processing /workspaces/f1_data_team/venv/lib/python3.12/site-packages/airflow/example_dags/plugins/workday.py took 0.018 seconds
[2026-01-04T12:58:24.040+0000] {processor.py:186} INFO - Started process (PID=49370) to work on /workspaces/f1_data_team/venv/lib/python3.12/site-packages/airflow/example_dags/plugins/workday.py
[2026-01-04T12:58:24.041+0000] {processor.py:914} INFO - Processing file /workspaces/f1_data_team/venv/lib/python3.12/site-packages/airflow/example_dags/plugins/workday.py for tasks to queue
[2026-01-04T12:58:24.042+0000] {logging_mixin.py:190} INFO - [2026-01-04T12:58:24.042+0000] {dagbag.py:588} INFO - Filling up the DagBag from /workspaces/f1_data_team/venv/lib/python3.12/site-packages/airflow/example_dags/plugins/workday.py
[2026-01-04T12:58:24.044+0000] {processor.py:927} WARNING - No viable dags retrieved from /workspaces/f1_data_team/venv/lib/python3.12/site-packages/airflow/example_dags/plugins/workday.py
[2026-01-04T12:58:24.053+0000] {processor.py:208} INFO - Processing /workspaces/f1_data_team/venv/lib/python3.12/site-packages/airflow/example_dags/plugins/workday.py took 0.018 seconds
[2026-01-04T12:59:20.783+0000] {processor.py:186} INFO - Started process (PID=49910) to work on /workspaces/f1_data_team/venv/lib/python3.12/site-packages/airflow/example_dags/plugins/workday.py
[2026-01-04T12:59:20.784+0000] {processor.py:914} INFO - Processing file /workspaces/f1_data_team/venv/lib/python3.12/site-packages/airflow/example_dags/plugins/workday.py for tasks to queue
[2026-01-04T12:59:20.786+0000] {logging_mixin.py:190} INFO - [2026-01-04T12:59:20.786+0000] {dagbag.py:588} INFO - Filling up the DagBag from /workspaces/f1_data_team/venv/lib/python3.12/site-packages/airflow/example_dags/plugins/workday.py
[2026-01-04T12:59:20.788+0000] {processor.py:927} WARNING - No viable dags retrieved from /workspaces/f1_data_team/venv/lib/python3.12/site-packages/airflow/example_dags/plugins/workday.py
[2026-01-04T12:59:20.796+0000] {processor.py:208} INFO - Processing /workspaces/f1_data_team/venv/lib/python3.12/site-packages/airflow/example_dags/plugins/workday.py took 0.017 seconds
[2026-01-04T13:00:14.027+0000] {processor.py:186} INFO - Started process (PID=50510) to work on /workspaces/f1_data_team/venv/lib/python3.12/site-packages/airflow/example_dags/plugins/workday.py
[2026-01-04T13:00:14.028+0000] {processor.py:914} INFO - Processing file /workspaces/f1_data_team/venv/lib/python3.12/site-packages/airflow/example_dags/plugins/workday.py for tasks to queue
[2026-01-04T13:00:14.031+0000] {logging_mixin.py:190} INFO - [2026-01-04T13:00:14.031+0000] {dagbag.py:588} INFO - Filling up the DagBag from /workspaces/f1_data_team/venv/lib/python3.12/site-packages/airflow/example_dags/plugins/workday.py
[2026-01-04T13:00:14.034+0000] {processor.py:927} WARNING - No viable dags retrieved from /workspaces/f1_data_team/venv/lib/python3.12/site-packages/airflow/example_dags/plugins/workday.py
[2026-01-04T13:00:14.045+0000] {processor.py:208} INFO - Processing /workspaces/f1_data_team/venv/lib/python3.12/site-packages/airflow/example_dags/plugins/workday.py took 0.025 seconds
[2026-01-04T13:01:07.242+0000] {processor.py:186} INFO - Started process (PID=51048) to work on /workspaces/f1_data_team/venv/lib/python3.12/site-packages/airflow/example_dags/plugins/workday.py
[2026-01-04T13:01:07.242+0000] {processor.py:914} INFO - Processing file /workspaces/f1_data_team/venv/lib/python3.12/site-packages/airflow/example_dags/plugins/workday.py for tasks to queue
[2026-01-04T13:01:07.244+0000] {logging_mixin.py:190} INFO - [2026-01-04T13:01:07.244+0000] {dagbag.py:588} INFO - Filling up the DagBag from /workspaces/f1_data_team/venv/lib/python3.12/site-packages/airflow/example_dags/plugins/workday.py
[2026-01-04T13:01:07.247+0000] {processor.py:927} WARNING - No viable dags retrieved from /workspaces/f1_data_team/venv/lib/python3.12/site-packages/airflow/example_dags/plugins/workday.py
[2026-01-04T13:01:07.255+0000] {processor.py:208} INFO - Processing /workspaces/f1_data_team/venv/lib/python3.12/site-packages/airflow/example_dags/plugins/workday.py took 0.018 seconds
[2026-01-04T13:01:55.022+0000] {processor.py:186} INFO - Started process (PID=51731) to work on /workspaces/f1_data_team/venv/lib/python3.12/site-packages/airflow/example_dags/plugins/workday.py
[2026-01-04T13:01:55.023+0000] {processor.py:914} INFO - Processing file /workspaces/f1_data_team/venv/lib/python3.12/site-packages/airflow/example_dags/plugins/workday.py for tasks to queue
[2026-01-04T13:01:55.026+0000] {logging_mixin.py:190} INFO - [2026-01-04T13:01:55.025+0000] {dagbag.py:588} INFO - Filling up the DagBag from /workspaces/f1_data_team/venv/lib/python3.12/site-packages/airflow/example_dags/plugins/workday.py
[2026-01-04T13:01:55.028+0000] {processor.py:927} WARNING - No viable dags retrieved from /workspaces/f1_data_team/venv/lib/python3.12/site-packages/airflow/example_dags/plugins/workday.py
[2026-01-04T13:01:55.037+0000] {processor.py:208} INFO - Processing /workspaces/f1_data_team/venv/lib/python3.12/site-packages/airflow/example_dags/plugins/workday.py took 0.021 seconds
[2026-01-04T13:02:46.549+0000] {processor.py:186} INFO - Started process (PID=52348) to work on /workspaces/f1_data_team/venv/lib/python3.12/site-packages/airflow/example_dags/plugins/workday.py
[2026-01-04T13:02:46.550+0000] {processor.py:914} INFO - Processing file /workspaces/f1_data_team/venv/lib/python3.12/site-packages/airflow/example_dags/plugins/workday.py for tasks to queue
[2026-01-04T13:02:46.552+0000] {logging_mixin.py:190} INFO - [2026-01-04T13:02:46.552+0000] {dagbag.py:588} INFO - Filling up the DagBag from /workspaces/f1_data_team/venv/lib/python3.12/site-packages/airflow/example_dags/plugins/workday.py
[2026-01-04T13:02:46.554+0000] {processor.py:927} WARNING - No viable dags retrieved from /workspaces/f1_data_team/venv/lib/python3.12/site-packages/airflow/example_dags/plugins/workday.py
[2026-01-04T13:02:46.562+0000] {processor.py:208} INFO - Processing /workspaces/f1_data_team/venv/lib/python3.12/site-packages/airflow/example_dags/plugins/workday.py took 0.017 seconds
[2026-01-04T13:03:35.518+0000] {processor.py:186} INFO - Started process (PID=52817) to work on /workspaces/f1_data_team/venv/lib/python3.12/site-packages/airflow/example_dags/plugins/workday.py
[2026-01-04T13:03:35.519+0000] {processor.py:914} INFO - Processing file /workspaces/f1_data_team/venv/lib/python3.12/site-packages/airflow/example_dags/plugins/workday.py for tasks to queue
[2026-01-04T13:03:35.521+0000] {logging_mixin.py:190} INFO - [2026-01-04T13:03:35.520+0000] {dagbag.py:588} INFO - Filling up the DagBag from /workspaces/f1_data_team/venv/lib/python3.12/site-packages/airflow/example_dags/plugins/workday.py
[2026-01-04T13:03:35.523+0000] {processor.py:927} WARNING - No viable dags retrieved from /workspaces/f1_data_team/venv/lib/python3.12/site-packages/airflow/example_dags/plugins/workday.py
[2026-01-04T13:03:35.531+0000] {processor.py:208} INFO - Processing /workspaces/f1_data_team/venv/lib/python3.12/site-packages/airflow/example_dags/plugins/workday.py took 0.017 seconds
[2026-01-04T13:04:24.047+0000] {processor.py:186} INFO - Started process (PID=53266) to work on /workspaces/f1_data_team/venv/lib/python3.12/site-packages/airflow/example_dags/plugins/workday.py
[2026-01-04T13:04:24.048+0000] {processor.py:914} INFO - Processing file /workspaces/f1_data_team/venv/lib/python3.12/site-packages/airflow/example_dags/plugins/workday.py for tasks to queue
[2026-01-04T13:04:24.049+0000] {logging_mixin.py:190} INFO - [2026-01-04T13:04:24.049+0000] {dagbag.py:588} INFO - Filling up the DagBag from /workspaces/f1_data_team/venv/lib/python3.12/site-packages/airflow/example_dags/plugins/workday.py
[2026-01-04T13:04:24.052+0000] {processor.py:927} WARNING - No viable dags retrieved from /workspaces/f1_data_team/venv/lib/python3.12/site-packages/airflow/example_dags/plugins/workday.py
[2026-01-04T13:04:24.060+0000] {processor.py:208} INFO - Processing /workspaces/f1_data_team/venv/lib/python3.12/site-packages/airflow/example_dags/plugins/workday.py took 0.018 seconds
[2026-01-04T13:05:17.937+0000] {processor.py:186} INFO - Started process (PID=53732) to work on /workspaces/f1_data_team/venv/lib/python3.12/site-packages/airflow/example_dags/plugins/workday.py
[2026-01-04T13:05:17.937+0000] {processor.py:914} INFO - Processing file /workspaces/f1_data_team/venv/lib/python3.12/site-packages/airflow/example_dags/plugins/workday.py for tasks to queue
[2026-01-04T13:05:17.939+0000] {logging_mixin.py:190} INFO - [2026-01-04T13:05:17.939+0000] {dagbag.py:588} INFO - Filling up the DagBag from /workspaces/f1_data_team/venv/lib/python3.12/site-packages/airflow/example_dags/plugins/workday.py
[2026-01-04T13:05:17.941+0000] {processor.py:927} WARNING - No viable dags retrieved from /workspaces/f1_data_team/venv/lib/python3.12/site-packages/airflow/example_dags/plugins/workday.py
[2026-01-04T13:05:17.950+0000] {processor.py:208} INFO - Processing /workspaces/f1_data_team/venv/lib/python3.12/site-packages/airflow/example_dags/plugins/workday.py took 0.018 seconds
[2026-01-04T13:06:13.042+0000] {processor.py:186} INFO - Started process (PID=54445) to work on /workspaces/f1_data_team/venv/lib/python3.12/site-packages/airflow/example_dags/plugins/workday.py
[2026-01-04T13:06:13.043+0000] {processor.py:914} INFO - Processing file /workspaces/f1_data_team/venv/lib/python3.12/site-packages/airflow/example_dags/plugins/workday.py for tasks to queue
[2026-01-04T13:06:13.045+0000] {logging_mixin.py:190} INFO - [2026-01-04T13:06:13.044+0000] {dagbag.py:588} INFO - Filling up the DagBag from /workspaces/f1_data_team/venv/lib/python3.12/site-packages/airflow/example_dags/plugins/workday.py
[2026-01-04T13:06:13.047+0000] {processor.py:927} WARNING - No viable dags retrieved from /workspaces/f1_data_team/venv/lib/python3.12/site-packages/airflow/example_dags/plugins/workday.py
[2026-01-04T13:06:13.058+0000] {processor.py:208} INFO - Processing /workspaces/f1_data_team/venv/lib/python3.12/site-packages/airflow/example_dags/plugins/workday.py took 0.022 seconds
[2026-01-04T13:07:04.805+0000] {processor.py:186} INFO - Started process (PID=54862) to work on /workspaces/f1_data_team/venv/lib/python3.12/site-packages/airflow/example_dags/plugins/workday.py
[2026-01-04T13:07:04.806+0000] {processor.py:914} INFO - Processing file /workspaces/f1_data_team/venv/lib/python3.12/site-packages/airflow/example_dags/plugins/workday.py for tasks to queue
[2026-01-04T13:07:04.808+0000] {logging_mixin.py:190} INFO - [2026-01-04T13:07:04.808+0000] {dagbag.py:588} INFO - Filling up the DagBag from /workspaces/f1_data_team/venv/lib/python3.12/site-packages/airflow/example_dags/plugins/workday.py
[2026-01-04T13:07:04.811+0000] {processor.py:927} WARNING - No viable dags retrieved from /workspaces/f1_data_team/venv/lib/python3.12/site-packages/airflow/example_dags/plugins/workday.py
[2026-01-04T13:07:04.822+0000] {processor.py:208} INFO - Processing /workspaces/f1_data_team/venv/lib/python3.12/site-packages/airflow/example_dags/plugins/workday.py took 0.023 seconds
[2026-01-04T13:08:02.081+0000] {processor.py:186} INFO - Started process (PID=55364) to work on /workspaces/f1_data_team/venv/lib/python3.12/site-packages/airflow/example_dags/plugins/workday.py
[2026-01-04T13:08:02.082+0000] {processor.py:914} INFO - Processing file /workspaces/f1_data_team/venv/lib/python3.12/site-packages/airflow/example_dags/plugins/workday.py for tasks to queue
[2026-01-04T13:08:02.084+0000] {logging_mixin.py:190} INFO - [2026-01-04T13:08:02.084+0000] {dagbag.py:588} INFO - Filling up the DagBag from /workspaces/f1_data_team/venv/lib/python3.12/site-packages/airflow/example_dags/plugins/workday.py
[2026-01-04T13:08:02.086+0000] {processor.py:927} WARNING - No viable dags retrieved from /workspaces/f1_data_team/venv/lib/python3.12/site-packages/airflow/example_dags/plugins/workday.py
[2026-01-04T13:08:02.094+0000] {processor.py:208} INFO - Processing /workspaces/f1_data_team/venv/lib/python3.12/site-packages/airflow/example_dags/plugins/workday.py took 0.018 seconds
[2026-01-04T13:08:55.839+0000] {processor.py:186} INFO - Started process (PID=55837) to work on /workspaces/f1_data_team/venv/lib/python3.12/site-packages/airflow/example_dags/plugins/workday.py
[2026-01-04T13:08:55.840+0000] {processor.py:914} INFO - Processing file /workspaces/f1_data_team/venv/lib/python3.12/site-packages/airflow/example_dags/plugins/workday.py for tasks to queue
[2026-01-04T13:08:55.842+0000] {logging_mixin.py:190} INFO - [2026-01-04T13:08:55.842+0000] {dagbag.py:588} INFO - Filling up the DagBag from /workspaces/f1_data_team/venv/lib/python3.12/site-packages/airflow/example_dags/plugins/workday.py
[2026-01-04T13:08:55.846+0000] {processor.py:927} WARNING - No viable dags retrieved from /workspaces/f1_data_team/venv/lib/python3.12/site-packages/airflow/example_dags/plugins/workday.py
[2026-01-04T13:08:55.860+0000] {processor.py:208} INFO - Processing /workspaces/f1_data_team/venv/lib/python3.12/site-packages/airflow/example_dags/plugins/workday.py took 0.027 seconds
[2026-01-04T13:09:44.893+0000] {processor.py:186} INFO - Started process (PID=56220) to work on /workspaces/f1_data_team/venv/lib/python3.12/site-packages/airflow/example_dags/plugins/workday.py
[2026-01-04T13:09:44.894+0000] {processor.py:914} INFO - Processing file /workspaces/f1_data_team/venv/lib/python3.12/site-packages/airflow/example_dags/plugins/workday.py for tasks to queue
[2026-01-04T13:09:44.896+0000] {logging_mixin.py:190} INFO - [2026-01-04T13:09:44.895+0000] {dagbag.py:588} INFO - Filling up the DagBag from /workspaces/f1_data_team/venv/lib/python3.12/site-packages/airflow/example_dags/plugins/workday.py
[2026-01-04T13:09:44.898+0000] {processor.py:927} WARNING - No viable dags retrieved from /workspaces/f1_data_team/venv/lib/python3.12/site-packages/airflow/example_dags/plugins/workday.py
[2026-01-04T13:09:44.906+0000] {processor.py:208} INFO - Processing /workspaces/f1_data_team/venv/lib/python3.12/site-packages/airflow/example_dags/plugins/workday.py took 0.017 seconds
[2026-01-04T13:10:38.737+0000] {processor.py:186} INFO - Started process (PID=56662) to work on /workspaces/f1_data_team/venv/lib/python3.12/site-packages/airflow/example_dags/plugins/workday.py
[2026-01-04T13:10:38.738+0000] {processor.py:914} INFO - Processing file /workspaces/f1_data_team/venv/lib/python3.12/site-packages/airflow/example_dags/plugins/workday.py for tasks to queue
[2026-01-04T13:10:38.740+0000] {logging_mixin.py:190} INFO - [2026-01-04T13:10:38.740+0000] {dagbag.py:588} INFO - Filling up the DagBag from /workspaces/f1_data_team/venv/lib/python3.12/site-packages/airflow/example_dags/plugins/workday.py
[2026-01-04T13:10:38.742+0000] {processor.py:927} WARNING - No viable dags retrieved from /workspaces/f1_data_team/venv/lib/python3.12/site-packages/airflow/example_dags/plugins/workday.py
[2026-01-04T13:10:38.750+0000] {processor.py:208} INFO - Processing /workspaces/f1_data_team/venv/lib/python3.12/site-packages/airflow/example_dags/plugins/workday.py took 0.017 seconds
[2026-01-04T13:11:31.397+0000] {processor.py:186} INFO - Started process (PID=57136) to work on /workspaces/f1_data_team/venv/lib/python3.12/site-packages/airflow/example_dags/plugins/workday.py
[2026-01-04T13:11:31.397+0000] {processor.py:914} INFO - Processing file /workspaces/f1_data_team/venv/lib/python3.12/site-packages/airflow/example_dags/plugins/workday.py for tasks to queue
[2026-01-04T13:11:31.399+0000] {logging_mixin.py:190} INFO - [2026-01-04T13:11:31.399+0000] {dagbag.py:588} INFO - Filling up the DagBag from /workspaces/f1_data_team/venv/lib/python3.12/site-packages/airflow/example_dags/plugins/workday.py
[2026-01-04T13:11:31.401+0000] {processor.py:927} WARNING - No viable dags retrieved from /workspaces/f1_data_team/venv/lib/python3.12/site-packages/airflow/example_dags/plugins/workday.py
[2026-01-04T13:11:31.409+0000] {processor.py:208} INFO - Processing /workspaces/f1_data_team/venv/lib/python3.12/site-packages/airflow/example_dags/plugins/workday.py took 0.017 seconds
[2026-01-04T13:12:22.406+0000] {processor.py:186} INFO - Started process (PID=57552) to work on /workspaces/f1_data_team/venv/lib/python3.12/site-packages/airflow/example_dags/plugins/workday.py
[2026-01-04T13:12:22.407+0000] {processor.py:914} INFO - Processing file /workspaces/f1_data_team/venv/lib/python3.12/site-packages/airflow/example_dags/plugins/workday.py for tasks to queue
[2026-01-04T13:12:22.410+0000] {logging_mixin.py:190} INFO - [2026-01-04T13:12:22.410+0000] {dagbag.py:588} INFO - Filling up the DagBag from /workspaces/f1_data_team/venv/lib/python3.12/site-packages/airflow/example_dags/plugins/workday.py
[2026-01-04T13:12:22.412+0000] {processor.py:927} WARNING - No viable dags retrieved from /workspaces/f1_data_team/venv/lib/python3.12/site-packages/airflow/example_dags/plugins/workday.py
[2026-01-04T13:12:22.420+0000] {processor.py:208} INFO - Processing /workspaces/f1_data_team/venv/lib/python3.12/site-packages/airflow/example_dags/plugins/workday.py took 0.019 seconds
[2026-01-04T13:13:14.482+0000] {processor.py:186} INFO - Started process (PID=57965) to work on /workspaces/f1_data_team/venv/lib/python3.12/site-packages/airflow/example_dags/plugins/workday.py
[2026-01-04T13:13:14.483+0000] {processor.py:914} INFO - Processing file /workspaces/f1_data_team/venv/lib/python3.12/site-packages/airflow/example_dags/plugins/workday.py for tasks to queue
[2026-01-04T13:13:14.485+0000] {logging_mixin.py:190} INFO - [2026-01-04T13:13:14.484+0000] {dagbag.py:588} INFO - Filling up the DagBag from /workspaces/f1_data_team/venv/lib/python3.12/site-packages/airflow/example_dags/plugins/workday.py
[2026-01-04T13:13:14.487+0000] {processor.py:927} WARNING - No viable dags retrieved from /workspaces/f1_data_team/venv/lib/python3.12/site-packages/airflow/example_dags/plugins/workday.py
[2026-01-04T13:13:14.495+0000] {processor.py:208} INFO - Processing /workspaces/f1_data_team/venv/lib/python3.12/site-packages/airflow/example_dags/plugins/workday.py took 0.018 seconds
[2026-01-04T13:14:08.181+0000] {processor.py:186} INFO - Started process (PID=58385) to work on /workspaces/f1_data_team/venv/lib/python3.12/site-packages/airflow/example_dags/plugins/workday.py
[2026-01-04T13:14:08.182+0000] {processor.py:914} INFO - Processing file /workspaces/f1_data_team/venv/lib/python3.12/site-packages/airflow/example_dags/plugins/workday.py for tasks to queue
[2026-01-04T13:14:08.189+0000] {logging_mixin.py:190} INFO - [2026-01-04T13:14:08.189+0000] {dagbag.py:588} INFO - Filling up the DagBag from /workspaces/f1_data_team/venv/lib/python3.12/site-packages/airflow/example_dags/plugins/workday.py
[2026-01-04T13:14:08.193+0000] {processor.py:927} WARNING - No viable dags retrieved from /workspaces/f1_data_team/venv/lib/python3.12/site-packages/airflow/example_dags/plugins/workday.py
[2026-01-04T13:14:08.206+0000] {processor.py:208} INFO - Processing /workspaces/f1_data_team/venv/lib/python3.12/site-packages/airflow/example_dags/plugins/workday.py took 0.040 seconds
[2026-01-04T13:14:58.253+0000] {processor.py:186} INFO - Started process (PID=58733) to work on /workspaces/f1_data_team/venv/lib/python3.12/site-packages/airflow/example_dags/plugins/workday.py
[2026-01-04T13:14:58.253+0000] {processor.py:914} INFO - Processing file /workspaces/f1_data_team/venv/lib/python3.12/site-packages/airflow/example_dags/plugins/workday.py for tasks to queue
[2026-01-04T13:14:58.258+0000] {logging_mixin.py:190} INFO - [2026-01-04T13:14:58.257+0000] {dagbag.py:588} INFO - Filling up the DagBag from /workspaces/f1_data_team/venv/lib/python3.12/site-packages/airflow/example_dags/plugins/workday.py
[2026-01-04T13:14:58.262+0000] {processor.py:927} WARNING - No viable dags retrieved from /workspaces/f1_data_team/venv/lib/python3.12/site-packages/airflow/example_dags/plugins/workday.py
[2026-01-04T13:14:58.273+0000] {processor.py:208} INFO - Processing /workspaces/f1_data_team/venv/lib/python3.12/site-packages/airflow/example_dags/plugins/workday.py took 0.025 seconds
[2026-01-04T13:15:49.703+0000] {processor.py:186} INFO - Started process (PID=59138) to work on /workspaces/f1_data_team/venv/lib/python3.12/site-packages/airflow/example_dags/plugins/workday.py
[2026-01-04T13:15:49.704+0000] {processor.py:914} INFO - Processing file /workspaces/f1_data_team/venv/lib/python3.12/site-packages/airflow/example_dags/plugins/workday.py for tasks to queue
[2026-01-04T13:15:49.706+0000] {logging_mixin.py:190} INFO - [2026-01-04T13:15:49.705+0000] {dagbag.py:588} INFO - Filling up the DagBag from /workspaces/f1_data_team/venv/lib/python3.12/site-packages/airflow/example_dags/plugins/workday.py
[2026-01-04T13:15:49.708+0000] {processor.py:927} WARNING - No viable dags retrieved from /workspaces/f1_data_team/venv/lib/python3.12/site-packages/airflow/example_dags/plugins/workday.py
[2026-01-04T13:15:49.716+0000] {processor.py:208} INFO - Processing /workspaces/f1_data_team/venv/lib/python3.12/site-packages/airflow/example_dags/plugins/workday.py took 0.018 seconds
[2026-01-04T13:16:42.802+0000] {processor.py:186} INFO - Started process (PID=59638) to work on /workspaces/f1_data_team/venv/lib/python3.12/site-packages/airflow/example_dags/plugins/workday.py
[2026-01-04T13:16:42.803+0000] {processor.py:914} INFO - Processing file /workspaces/f1_data_team/venv/lib/python3.12/site-packages/airflow/example_dags/plugins/workday.py for tasks to queue
[2026-01-04T13:16:42.805+0000] {logging_mixin.py:190} INFO - [2026-01-04T13:16:42.805+0000] {dagbag.py:588} INFO - Filling up the DagBag from /workspaces/f1_data_team/venv/lib/python3.12/site-packages/airflow/example_dags/plugins/workday.py
[2026-01-04T13:16:42.807+0000] {processor.py:927} WARNING - No viable dags retrieved from /workspaces/f1_data_team/venv/lib/python3.12/site-packages/airflow/example_dags/plugins/workday.py
[2026-01-04T13:16:42.815+0000] {processor.py:208} INFO - Processing /workspaces/f1_data_team/venv/lib/python3.12/site-packages/airflow/example_dags/plugins/workday.py took 0.017 seconds
[2026-01-04T13:17:33.565+0000] {processor.py:186} INFO - Started process (PID=60049) to work on /workspaces/f1_data_team/venv/lib/python3.12/site-packages/airflow/example_dags/plugins/workday.py
[2026-01-04T13:17:33.566+0000] {processor.py:914} INFO - Processing file /workspaces/f1_data_team/venv/lib/python3.12/site-packages/airflow/example_dags/plugins/workday.py for tasks to queue
[2026-01-04T13:17:33.568+0000] {logging_mixin.py:190} INFO - [2026-01-04T13:17:33.567+0000] {dagbag.py:588} INFO - Filling up the DagBag from /workspaces/f1_data_team/venv/lib/python3.12/site-packages/airflow/example_dags/plugins/workday.py
[2026-01-04T13:17:33.570+0000] {processor.py:927} WARNING - No viable dags retrieved from /workspaces/f1_data_team/venv/lib/python3.12/site-packages/airflow/example_dags/plugins/workday.py
[2026-01-04T13:17:33.578+0000] {processor.py:208} INFO - Processing /workspaces/f1_data_team/venv/lib/python3.12/site-packages/airflow/example_dags/plugins/workday.py took 0.018 seconds
[2026-01-04T13:18:25.307+0000] {processor.py:186} INFO - Started process (PID=60466) to work on /workspaces/f1_data_team/venv/lib/python3.12/site-packages/airflow/example_dags/plugins/workday.py
[2026-01-04T13:18:25.308+0000] {processor.py:914} INFO - Processing file /workspaces/f1_data_team/venv/lib/python3.12/site-packages/airflow/example_dags/plugins/workday.py for tasks to queue
[2026-01-04T13:18:25.310+0000] {logging_mixin.py:190} INFO - [2026-01-04T13:18:25.310+0000] {dagbag.py:588} INFO - Filling up the DagBag from /workspaces/f1_data_team/venv/lib/python3.12/site-packages/airflow/example_dags/plugins/workday.py
[2026-01-04T13:18:25.312+0000] {processor.py:927} WARNING - No viable dags retrieved from /workspaces/f1_data_team/venv/lib/python3.12/site-packages/airflow/example_dags/plugins/workday.py
[2026-01-04T13:18:25.320+0000] {processor.py:208} INFO - Processing /workspaces/f1_data_team/venv/lib/python3.12/site-packages/airflow/example_dags/plugins/workday.py took 0.017 seconds
[2026-01-04T13:19:17.293+0000] {processor.py:186} INFO - Started process (PID=60878) to work on /workspaces/f1_data_team/venv/lib/python3.12/site-packages/airflow/example_dags/plugins/workday.py
[2026-01-04T13:19:17.294+0000] {processor.py:914} INFO - Processing file /workspaces/f1_data_team/venv/lib/python3.12/site-packages/airflow/example_dags/plugins/workday.py for tasks to queue
[2026-01-04T13:19:17.296+0000] {logging_mixin.py:190} INFO - [2026-01-04T13:19:17.295+0000] {dagbag.py:588} INFO - Filling up the DagBag from /workspaces/f1_data_team/venv/lib/python3.12/site-packages/airflow/example_dags/plugins/workday.py
[2026-01-04T13:19:17.298+0000] {processor.py:927} WARNING - No viable dags retrieved from /workspaces/f1_data_team/venv/lib/python3.12/site-packages/airflow/example_dags/plugins/workday.py
[2026-01-04T13:19:17.306+0000] {processor.py:208} INFO - Processing /workspaces/f1_data_team/venv/lib/python3.12/site-packages/airflow/example_dags/plugins/workday.py took 0.017 seconds
[2026-01-04T13:20:11.140+0000] {processor.py:186} INFO - Started process (PID=61304) to work on /workspaces/f1_data_team/venv/lib/python3.12/site-packages/airflow/example_dags/plugins/workday.py
[2026-01-04T13:20:11.141+0000] {processor.py:914} INFO - Processing file /workspaces/f1_data_team/venv/lib/python3.12/site-packages/airflow/example_dags/plugins/workday.py for tasks to queue
[2026-01-04T13:20:11.143+0000] {logging_mixin.py:190} INFO - [2026-01-04T13:20:11.142+0000] {dagbag.py:588} INFO - Filling up the DagBag from /workspaces/f1_data_team/venv/lib/python3.12/site-packages/airflow/example_dags/plugins/workday.py
[2026-01-04T13:20:11.145+0000] {processor.py:927} WARNING - No viable dags retrieved from /workspaces/f1_data_team/venv/lib/python3.12/site-packages/airflow/example_dags/plugins/workday.py
[2026-01-04T13:20:11.153+0000] {processor.py:208} INFO - Processing /workspaces/f1_data_team/venv/lib/python3.12/site-packages/airflow/example_dags/plugins/workday.py took 0.017 seconds
[2026-01-04T13:21:05.298+0000] {processor.py:186} INFO - Started process (PID=61664) to work on /workspaces/f1_data_team/venv/lib/python3.12/site-packages/airflow/example_dags/plugins/workday.py
[2026-01-04T13:21:05.299+0000] {processor.py:914} INFO - Processing file /workspaces/f1_data_team/venv/lib/python3.12/site-packages/airflow/example_dags/plugins/workday.py for tasks to queue
[2026-01-04T13:21:05.302+0000] {logging_mixin.py:190} INFO - [2026-01-04T13:21:05.301+0000] {dagbag.py:588} INFO - Filling up the DagBag from /workspaces/f1_data_team/venv/lib/python3.12/site-packages/airflow/example_dags/plugins/workday.py
[2026-01-04T13:21:05.305+0000] {processor.py:927} WARNING - No viable dags retrieved from /workspaces/f1_data_team/venv/lib/python3.12/site-packages/airflow/example_dags/plugins/workday.py
[2026-01-04T13:21:05.316+0000] {processor.py:208} INFO - Processing /workspaces/f1_data_team/venv/lib/python3.12/site-packages/airflow/example_dags/plugins/workday.py took 0.022 seconds
[2026-01-04T13:22:00.421+0000] {processor.py:186} INFO - Started process (PID=62169) to work on /workspaces/f1_data_team/venv/lib/python3.12/site-packages/airflow/example_dags/plugins/workday.py
[2026-01-04T13:22:00.422+0000] {processor.py:914} INFO - Processing file /workspaces/f1_data_team/venv/lib/python3.12/site-packages/airflow/example_dags/plugins/workday.py for tasks to queue
[2026-01-04T13:22:00.424+0000] {logging_mixin.py:190} INFO - [2026-01-04T13:22:00.423+0000] {dagbag.py:588} INFO - Filling up the DagBag from /workspaces/f1_data_team/venv/lib/python3.12/site-packages/airflow/example_dags/plugins/workday.py
[2026-01-04T13:22:00.426+0000] {processor.py:927} WARNING - No viable dags retrieved from /workspaces/f1_data_team/venv/lib/python3.12/site-packages/airflow/example_dags/plugins/workday.py
[2026-01-04T13:22:00.434+0000] {processor.py:208} INFO - Processing /workspaces/f1_data_team/venv/lib/python3.12/site-packages/airflow/example_dags/plugins/workday.py took 0.018 seconds
[2026-01-04T13:22:51.098+0000] {processor.py:186} INFO - Started process (PID=62579) to work on /workspaces/f1_data_team/venv/lib/python3.12/site-packages/airflow/example_dags/plugins/workday.py
[2026-01-04T13:22:51.098+0000] {processor.py:914} INFO - Processing file /workspaces/f1_data_team/venv/lib/python3.12/site-packages/airflow/example_dags/plugins/workday.py for tasks to queue
[2026-01-04T13:22:51.100+0000] {logging_mixin.py:190} INFO - [2026-01-04T13:22:51.100+0000] {dagbag.py:588} INFO - Filling up the DagBag from /workspaces/f1_data_team/venv/lib/python3.12/site-packages/airflow/example_dags/plugins/workday.py
[2026-01-04T13:22:51.102+0000] {processor.py:927} WARNING - No viable dags retrieved from /workspaces/f1_data_team/venv/lib/python3.12/site-packages/airflow/example_dags/plugins/workday.py
[2026-01-04T13:22:51.111+0000] {processor.py:208} INFO - Processing /workspaces/f1_data_team/venv/lib/python3.12/site-packages/airflow/example_dags/plugins/workday.py took 0.018 seconds
[2026-01-04T13:23:42.782+0000] {processor.py:186} INFO - Started process (PID=62997) to work on /workspaces/f1_data_team/venv/lib/python3.12/site-packages/airflow/example_dags/plugins/workday.py
[2026-01-04T13:23:42.783+0000] {processor.py:914} INFO - Processing file /workspaces/f1_data_team/venv/lib/python3.12/site-packages/airflow/example_dags/plugins/workday.py for tasks to queue
[2026-01-04T13:23:42.785+0000] {logging_mixin.py:190} INFO - [2026-01-04T13:23:42.785+0000] {dagbag.py:588} INFO - Filling up the DagBag from /workspaces/f1_data_team/venv/lib/python3.12/site-packages/airflow/example_dags/plugins/workday.py
[2026-01-04T13:23:42.787+0000] {processor.py:927} WARNING - No viable dags retrieved from /workspaces/f1_data_team/venv/lib/python3.12/site-packages/airflow/example_dags/plugins/workday.py
[2026-01-04T13:23:42.795+0000] {processor.py:208} INFO - Processing /workspaces/f1_data_team/venv/lib/python3.12/site-packages/airflow/example_dags/plugins/workday.py took 0.018 seconds
[2026-01-04T13:24:35.681+0000] {processor.py:186} INFO - Started process (PID=63416) to work on /workspaces/f1_data_team/venv/lib/python3.12/site-packages/airflow/example_dags/plugins/workday.py
[2026-01-04T13:24:35.682+0000] {processor.py:914} INFO - Processing file /workspaces/f1_data_team/venv/lib/python3.12/site-packages/airflow/example_dags/plugins/workday.py for tasks to queue
[2026-01-04T13:24:35.684+0000] {logging_mixin.py:190} INFO - [2026-01-04T13:24:35.684+0000] {dagbag.py:588} INFO - Filling up the DagBag from /workspaces/f1_data_team/venv/lib/python3.12/site-packages/airflow/example_dags/plugins/workday.py
[2026-01-04T13:24:35.686+0000] {processor.py:927} WARNING - No viable dags retrieved from /workspaces/f1_data_team/venv/lib/python3.12/site-packages/airflow/example_dags/plugins/workday.py
[2026-01-04T13:24:35.694+0000] {processor.py:208} INFO - Processing /workspaces/f1_data_team/venv/lib/python3.12/site-packages/airflow/example_dags/plugins/workday.py took 0.017 seconds
[2026-01-04T13:25:27.480+0000] {processor.py:186} INFO - Started process (PID=63828) to work on /workspaces/f1_data_team/venv/lib/python3.12/site-packages/airflow/example_dags/plugins/workday.py
[2026-01-04T13:25:27.480+0000] {processor.py:914} INFO - Processing file /workspaces/f1_data_team/venv/lib/python3.12/site-packages/airflow/example_dags/plugins/workday.py for tasks to queue
[2026-01-04T13:25:27.482+0000] {logging_mixin.py:190} INFO - [2026-01-04T13:25:27.482+0000] {dagbag.py:588} INFO - Filling up the DagBag from /workspaces/f1_data_team/venv/lib/python3.12/site-packages/airflow/example_dags/plugins/workday.py
[2026-01-04T13:25:27.484+0000] {processor.py:927} WARNING - No viable dags retrieved from /workspaces/f1_data_team/venv/lib/python3.12/site-packages/airflow/example_dags/plugins/workday.py
[2026-01-04T13:25:27.492+0000] {processor.py:208} INFO - Processing /workspaces/f1_data_team/venv/lib/python3.12/site-packages/airflow/example_dags/plugins/workday.py took 0.018 seconds
[2026-01-04T13:26:21.061+0000] {processor.py:186} INFO - Started process (PID=64326) to work on /workspaces/f1_data_team/venv/lib/python3.12/site-packages/airflow/example_dags/plugins/workday.py
[2026-01-04T13:26:21.062+0000] {processor.py:914} INFO - Processing file /workspaces/f1_data_team/venv/lib/python3.12/site-packages/airflow/example_dags/plugins/workday.py for tasks to queue
[2026-01-04T13:26:21.064+0000] {logging_mixin.py:190} INFO - [2026-01-04T13:26:21.064+0000] {dagbag.py:588} INFO - Filling up the DagBag from /workspaces/f1_data_team/venv/lib/python3.12/site-packages/airflow/example_dags/plugins/workday.py
[2026-01-04T13:26:21.066+0000] {processor.py:927} WARNING - No viable dags retrieved from /workspaces/f1_data_team/venv/lib/python3.12/site-packages/airflow/example_dags/plugins/workday.py
[2026-01-04T13:26:21.075+0000] {processor.py:208} INFO - Processing /workspaces/f1_data_team/venv/lib/python3.12/site-packages/airflow/example_dags/plugins/workday.py took 0.018 seconds
[2026-01-04T13:27:14.760+0000] {processor.py:186} INFO - Started process (PID=64753) to work on /workspaces/f1_data_team/venv/lib/python3.12/site-packages/airflow/example_dags/plugins/workday.py
[2026-01-04T13:27:14.760+0000] {processor.py:914} INFO - Processing file /workspaces/f1_data_team/venv/lib/python3.12/site-packages/airflow/example_dags/plugins/workday.py for tasks to queue
[2026-01-04T13:27:14.762+0000] {logging_mixin.py:190} INFO - [2026-01-04T13:27:14.762+0000] {dagbag.py:588} INFO - Filling up the DagBag from /workspaces/f1_data_team/venv/lib/python3.12/site-packages/airflow/example_dags/plugins/workday.py
[2026-01-04T13:27:14.765+0000] {processor.py:927} WARNING - No viable dags retrieved from /workspaces/f1_data_team/venv/lib/python3.12/site-packages/airflow/example_dags/plugins/workday.py
[2026-01-04T13:27:14.773+0000] {processor.py:208} INFO - Processing /workspaces/f1_data_team/venv/lib/python3.12/site-packages/airflow/example_dags/plugins/workday.py took 0.018 seconds
[2026-01-04T13:28:06.541+0000] {processor.py:186} INFO - Started process (PID=65129) to work on /workspaces/f1_data_team/venv/lib/python3.12/site-packages/airflow/example_dags/plugins/workday.py
[2026-01-04T13:28:06.541+0000] {processor.py:914} INFO - Processing file /workspaces/f1_data_team/venv/lib/python3.12/site-packages/airflow/example_dags/plugins/workday.py for tasks to queue
[2026-01-04T13:28:06.543+0000] {logging_mixin.py:190} INFO - [2026-01-04T13:28:06.543+0000] {dagbag.py:588} INFO - Filling up the DagBag from /workspaces/f1_data_team/venv/lib/python3.12/site-packages/airflow/example_dags/plugins/workday.py
[2026-01-04T13:28:06.545+0000] {processor.py:927} WARNING - No viable dags retrieved from /workspaces/f1_data_team/venv/lib/python3.12/site-packages/airflow/example_dags/plugins/workday.py
[2026-01-04T13:28:06.554+0000] {processor.py:208} INFO - Processing /workspaces/f1_data_team/venv/lib/python3.12/site-packages/airflow/example_dags/plugins/workday.py took 0.018 seconds
[2026-01-04T13:28:58.940+0000] {processor.py:186} INFO - Started process (PID=65515) to work on /workspaces/f1_data_team/venv/lib/python3.12/site-packages/airflow/example_dags/plugins/workday.py
[2026-01-04T13:28:58.941+0000] {processor.py:914} INFO - Processing file /workspaces/f1_data_team/venv/lib/python3.12/site-packages/airflow/example_dags/plugins/workday.py for tasks to queue
[2026-01-04T13:28:58.943+0000] {logging_mixin.py:190} INFO - [2026-01-04T13:28:58.943+0000] {dagbag.py:588} INFO - Filling up the DagBag from /workspaces/f1_data_team/venv/lib/python3.12/site-packages/airflow/example_dags/plugins/workday.py
[2026-01-04T13:28:58.946+0000] {processor.py:927} WARNING - No viable dags retrieved from /workspaces/f1_data_team/venv/lib/python3.12/site-packages/airflow/example_dags/plugins/workday.py
[2026-01-04T13:28:58.954+0000] {processor.py:208} INFO - Processing /workspaces/f1_data_team/venv/lib/python3.12/site-packages/airflow/example_dags/plugins/workday.py took 0.020 seconds
[2026-01-04T13:29:51.562+0000] {processor.py:186} INFO - Started process (PID=65933) to work on /workspaces/f1_data_team/venv/lib/python3.12/site-packages/airflow/example_dags/plugins/workday.py
[2026-01-04T13:29:51.562+0000] {processor.py:914} INFO - Processing file /workspaces/f1_data_team/venv/lib/python3.12/site-packages/airflow/example_dags/plugins/workday.py for tasks to queue
[2026-01-04T13:29:51.564+0000] {logging_mixin.py:190} INFO - [2026-01-04T13:29:51.564+0000] {dagbag.py:588} INFO - Filling up the DagBag from /workspaces/f1_data_team/venv/lib/python3.12/site-packages/airflow/example_dags/plugins/workday.py
[2026-01-04T13:29:51.566+0000] {processor.py:927} WARNING - No viable dags retrieved from /workspaces/f1_data_team/venv/lib/python3.12/site-packages/airflow/example_dags/plugins/workday.py
[2026-01-04T13:29:51.575+0000] {processor.py:208} INFO - Processing /workspaces/f1_data_team/venv/lib/python3.12/site-packages/airflow/example_dags/plugins/workday.py took 0.018 seconds
[2026-01-04T13:30:45.712+0000] {processor.py:186} INFO - Started process (PID=66374) to work on /workspaces/f1_data_team/venv/lib/python3.12/site-packages/airflow/example_dags/plugins/workday.py
[2026-01-04T13:30:45.712+0000] {processor.py:914} INFO - Processing file /workspaces/f1_data_team/venv/lib/python3.12/site-packages/airflow/example_dags/plugins/workday.py for tasks to queue
[2026-01-04T13:30:45.714+0000] {logging_mixin.py:190} INFO - [2026-01-04T13:30:45.714+0000] {dagbag.py:588} INFO - Filling up the DagBag from /workspaces/f1_data_team/venv/lib/python3.12/site-packages/airflow/example_dags/plugins/workday.py
[2026-01-04T13:30:45.716+0000] {processor.py:927} WARNING - No viable dags retrieved from /workspaces/f1_data_team/venv/lib/python3.12/site-packages/airflow/example_dags/plugins/workday.py
[2026-01-04T13:30:45.724+0000] {processor.py:208} INFO - Processing /workspaces/f1_data_team/venv/lib/python3.12/site-packages/airflow/example_dags/plugins/workday.py took 0.017 seconds
[2026-01-04T13:31:33.107+0000] {processor.py:186} INFO - Started process (PID=66818) to work on /workspaces/f1_data_team/venv/lib/python3.12/site-packages/airflow/example_dags/plugins/workday.py
[2026-01-04T13:31:33.108+0000] {processor.py:914} INFO - Processing file /workspaces/f1_data_team/venv/lib/python3.12/site-packages/airflow/example_dags/plugins/workday.py for tasks to queue
[2026-01-04T13:31:33.110+0000] {logging_mixin.py:190} INFO - [2026-01-04T13:31:33.110+0000] {dagbag.py:588} INFO - Filling up the DagBag from /workspaces/f1_data_team/venv/lib/python3.12/site-packages/airflow/example_dags/plugins/workday.py
[2026-01-04T13:31:33.112+0000] {processor.py:927} WARNING - No viable dags retrieved from /workspaces/f1_data_team/venv/lib/python3.12/site-packages/airflow/example_dags/plugins/workday.py
[2026-01-04T13:31:33.120+0000] {processor.py:208} INFO - Processing /workspaces/f1_data_team/venv/lib/python3.12/site-packages/airflow/example_dags/plugins/workday.py took 0.017 seconds
[2026-01-04T13:32:21.477+0000] {processor.py:186} INFO - Started process (PID=67211) to work on /workspaces/f1_data_team/venv/lib/python3.12/site-packages/airflow/example_dags/plugins/workday.py
[2026-01-04T13:32:21.478+0000] {processor.py:914} INFO - Processing file /workspaces/f1_data_team/venv/lib/python3.12/site-packages/airflow/example_dags/plugins/workday.py for tasks to queue
[2026-01-04T13:32:21.480+0000] {logging_mixin.py:190} INFO - [2026-01-04T13:32:21.480+0000] {dagbag.py:588} INFO - Filling up the DagBag from /workspaces/f1_data_team/venv/lib/python3.12/site-packages/airflow/example_dags/plugins/workday.py
[2026-01-04T13:32:21.483+0000] {processor.py:927} WARNING - No viable dags retrieved from /workspaces/f1_data_team/venv/lib/python3.12/site-packages/airflow/example_dags/plugins/workday.py
[2026-01-04T13:32:21.493+0000] {processor.py:208} INFO - Processing /workspaces/f1_data_team/venv/lib/python3.12/site-packages/airflow/example_dags/plugins/workday.py took 0.021 seconds
[2026-01-04T13:33:11.597+0000] {processor.py:186} INFO - Started process (PID=67620) to work on /workspaces/f1_data_team/venv/lib/python3.12/site-packages/airflow/example_dags/plugins/workday.py
[2026-01-04T13:33:11.598+0000] {processor.py:914} INFO - Processing file /workspaces/f1_data_team/venv/lib/python3.12/site-packages/airflow/example_dags/plugins/workday.py for tasks to queue
[2026-01-04T13:33:11.600+0000] {logging_mixin.py:190} INFO - [2026-01-04T13:33:11.600+0000] {dagbag.py:588} INFO - Filling up the DagBag from /workspaces/f1_data_team/venv/lib/python3.12/site-packages/airflow/example_dags/plugins/workday.py
[2026-01-04T13:33:11.602+0000] {processor.py:927} WARNING - No viable dags retrieved from /workspaces/f1_data_team/venv/lib/python3.12/site-packages/airflow/example_dags/plugins/workday.py
[2026-01-04T13:33:11.610+0000] {processor.py:208} INFO - Processing /workspaces/f1_data_team/venv/lib/python3.12/site-packages/airflow/example_dags/plugins/workday.py took 0.017 seconds
[2026-01-04T13:34:05.486+0000] {processor.py:186} INFO - Started process (PID=67973) to work on /workspaces/f1_data_team/venv/lib/python3.12/site-packages/airflow/example_dags/plugins/workday.py
[2026-01-04T13:34:05.487+0000] {processor.py:914} INFO - Processing file /workspaces/f1_data_team/venv/lib/python3.12/site-packages/airflow/example_dags/plugins/workday.py for tasks to queue
[2026-01-04T13:34:05.489+0000] {logging_mixin.py:190} INFO - [2026-01-04T13:34:05.489+0000] {dagbag.py:588} INFO - Filling up the DagBag from /workspaces/f1_data_team/venv/lib/python3.12/site-packages/airflow/example_dags/plugins/workday.py
[2026-01-04T13:34:05.493+0000] {processor.py:927} WARNING - No viable dags retrieved from /workspaces/f1_data_team/venv/lib/python3.12/site-packages/airflow/example_dags/plugins/workday.py
[2026-01-04T13:34:05.504+0000] {processor.py:208} INFO - Processing /workspaces/f1_data_team/venv/lib/python3.12/site-packages/airflow/example_dags/plugins/workday.py took 0.025 seconds
[2026-01-04T13:34:57.166+0000] {processor.py:186} INFO - Started process (PID=68409) to work on /workspaces/f1_data_team/venv/lib/python3.12/site-packages/airflow/example_dags/plugins/workday.py
[2026-01-04T13:34:57.167+0000] {processor.py:914} INFO - Processing file /workspaces/f1_data_team/venv/lib/python3.12/site-packages/airflow/example_dags/plugins/workday.py for tasks to queue
[2026-01-04T13:34:57.169+0000] {logging_mixin.py:190} INFO - [2026-01-04T13:34:57.168+0000] {dagbag.py:588} INFO - Filling up the DagBag from /workspaces/f1_data_team/venv/lib/python3.12/site-packages/airflow/example_dags/plugins/workday.py
[2026-01-04T13:34:57.171+0000] {processor.py:927} WARNING - No viable dags retrieved from /workspaces/f1_data_team/venv/lib/python3.12/site-packages/airflow/example_dags/plugins/workday.py
[2026-01-04T13:34:57.179+0000] {processor.py:208} INFO - Processing /workspaces/f1_data_team/venv/lib/python3.12/site-packages/airflow/example_dags/plugins/workday.py took 0.017 seconds
[2026-01-04T13:35:49.626+0000] {processor.py:186} INFO - Started process (PID=68828) to work on /workspaces/f1_data_team/venv/lib/python3.12/site-packages/airflow/example_dags/plugins/workday.py
[2026-01-04T13:35:49.627+0000] {processor.py:914} INFO - Processing file /workspaces/f1_data_team/venv/lib/python3.12/site-packages/airflow/example_dags/plugins/workday.py for tasks to queue
[2026-01-04T13:35:49.629+0000] {logging_mixin.py:190} INFO - [2026-01-04T13:35:49.629+0000] {dagbag.py:588} INFO - Filling up the DagBag from /workspaces/f1_data_team/venv/lib/python3.12/site-packages/airflow/example_dags/plugins/workday.py
[2026-01-04T13:35:49.631+0000] {processor.py:927} WARNING - No viable dags retrieved from /workspaces/f1_data_team/venv/lib/python3.12/site-packages/airflow/example_dags/plugins/workday.py
[2026-01-04T13:35:49.639+0000] {processor.py:208} INFO - Processing /workspaces/f1_data_team/venv/lib/python3.12/site-packages/airflow/example_dags/plugins/workday.py took 0.018 seconds
[2026-01-04T13:36:40.304+0000] {processor.py:186} INFO - Started process (PID=69300) to work on /workspaces/f1_data_team/venv/lib/python3.12/site-packages/airflow/example_dags/plugins/workday.py
[2026-01-04T13:36:40.305+0000] {processor.py:914} INFO - Processing file /workspaces/f1_data_team/venv/lib/python3.12/site-packages/airflow/example_dags/plugins/workday.py for tasks to queue
[2026-01-04T13:36:40.307+0000] {logging_mixin.py:190} INFO - [2026-01-04T13:36:40.306+0000] {dagbag.py:588} INFO - Filling up the DagBag from /workspaces/f1_data_team/venv/lib/python3.12/site-packages/airflow/example_dags/plugins/workday.py
[2026-01-04T13:36:40.309+0000] {processor.py:927} WARNING - No viable dags retrieved from /workspaces/f1_data_team/venv/lib/python3.12/site-packages/airflow/example_dags/plugins/workday.py
[2026-01-04T13:36:40.317+0000] {processor.py:208} INFO - Processing /workspaces/f1_data_team/venv/lib/python3.12/site-packages/airflow/example_dags/plugins/workday.py took 0.018 seconds
[2026-01-04T13:37:31.096+0000] {processor.py:186} INFO - Started process (PID=69705) to work on /workspaces/f1_data_team/venv/lib/python3.12/site-packages/airflow/example_dags/plugins/workday.py
[2026-01-04T13:37:31.097+0000] {processor.py:914} INFO - Processing file /workspaces/f1_data_team/venv/lib/python3.12/site-packages/airflow/example_dags/plugins/workday.py for tasks to queue
[2026-01-04T13:37:31.099+0000] {logging_mixin.py:190} INFO - [2026-01-04T13:37:31.099+0000] {dagbag.py:588} INFO - Filling up the DagBag from /workspaces/f1_data_team/venv/lib/python3.12/site-packages/airflow/example_dags/plugins/workday.py
[2026-01-04T13:37:31.101+0000] {processor.py:927} WARNING - No viable dags retrieved from /workspaces/f1_data_team/venv/lib/python3.12/site-packages/airflow/example_dags/plugins/workday.py
[2026-01-04T13:37:31.109+0000] {processor.py:208} INFO - Processing /workspaces/f1_data_team/venv/lib/python3.12/site-packages/airflow/example_dags/plugins/workday.py took 0.017 seconds
