[2026-01-04T12:48:51.902+0000] {local_task_job_runner.py:123} INFO - ::group::Pre task execution logs
[2026-01-04T12:48:51.912+0000] {taskinstance.py:2613} INFO - Dependencies all met for dep_context=non-requeueable deps ti=<TaskInstance: f1_pipeline.upload_to_gcs manual__2026-01-04T12:48:42.689614+00:00 [queued]>
[2026-01-04T12:48:51.918+0000] {taskinstance.py:2613} INFO - Dependencies all met for dep_context=requeueable deps ti=<TaskInstance: f1_pipeline.upload_to_gcs manual__2026-01-04T12:48:42.689614+00:00 [queued]>
[2026-01-04T12:48:51.919+0000] {taskinstance.py:2866} INFO - Starting attempt 1 of 1
[2026-01-04T12:48:51.934+0000] {taskinstance.py:2889} INFO - Executing <Task(LocalFilesystemToGCSOperator): upload_to_gcs> on 2026-01-04 12:48:42.689614+00:00
[2026-01-04T12:48:51.953+0000] {standard_task_runner.py:104} INFO - Running: ['airflow', 'tasks', 'run', 'f1_pipeline', 'upload_to_gcs', 'manual__2026-01-04T12:48:42.689614+00:00', '--job-id', '22', '--raw', '--subdir', 'DAGS_FOLDER/f1_pipeline.py', '--cfg-path', '/tmp/tmpcwq_fl0b']
[2026-01-04T12:48:51.960+0000] {standard_task_runner.py:105} INFO - Job 22: Subtask upload_to_gcs
[2026-01-04T12:48:51.958+0000] {logging_mixin.py:190} WARNING - /workspaces/f1_data_team/venv/lib/python3.12/site-packages/airflow/task/task_runner/standard_task_runner.py:70 DeprecationWarning: This process (pid=41728) is multi-threaded, use of fork() may lead to deadlocks in the child.
[2026-01-04T12:48:51.962+0000] {standard_task_runner.py:72} INFO - Started process 41784 to run task
[2026-01-04T12:48:51.992+0000] {task_command.py:467} INFO - Running <TaskInstance: f1_pipeline.upload_to_gcs manual__2026-01-04T12:48:42.689614+00:00 [running]> on host codespaces-54af50
[2026-01-04T12:48:52.030+0000] {taskinstance.py:3132} INFO - Exporting env vars: AIRFLOW_CTX_DAG_OWNER='loonycorn' AIRFLOW_CTX_DAG_ID='f1_pipeline' AIRFLOW_CTX_TASK_ID='upload_to_gcs' AIRFLOW_CTX_EXECUTION_DATE='2026-01-04T12:48:42.689614+00:00' AIRFLOW_CTX_TRY_NUMBER='1' AIRFLOW_CTX_DAG_RUN_ID='manual__2026-01-04T12:48:42.689614+00:00'
[2026-01-04T12:48:52.031+0000] {logging_mixin.py:190} INFO - Task instance is in running state
[2026-01-04T12:48:52.031+0000] {logging_mixin.py:190} INFO -  Previous state of the Task instance: queued
[2026-01-04T12:48:52.031+0000] {logging_mixin.py:190} INFO - Current task name:upload_to_gcs state:running start_date:2026-01-04 12:48:51.913271+00:00
[2026-01-04T12:48:52.031+0000] {logging_mixin.py:190} INFO - Dag name:f1_pipeline and current dag run status:running
[2026-01-04T12:48:52.032+0000] {taskinstance.py:731} INFO - ::endgroup::
[2026-01-04T12:48:52.032+0000] {connection.py:531} ERROR - Unable to retrieve connection from secrets backend (EnvironmentVariablesBackend). Checking subsequent secrets backend.
Traceback (most recent call last):
  File "/workspaces/f1_data_team/venv/lib/python3.12/site-packages/airflow/models/connection.py", line 526, in get_connection_from_secrets
    conn = secrets_backend.get_connection(conn_id=conn_id)
           ^^^^^^^^^^^^^^^^^^^^^^^^^^^^^^^^^^^^^^^^^^^^^^^
  File "/workspaces/f1_data_team/venv/lib/python3.12/site-packages/airflow/secrets/base_secrets.py", line 96, in get_connection
    value = self.get_conn_value(conn_id=conn_id)
            ^^^^^^^^^^^^^^^^^^^^^^^^^^^^^^^^^^^^
  File "/workspaces/f1_data_team/venv/lib/python3.12/site-packages/airflow/secrets/environment_variables.py", line 52, in get_conn_value
    return os.environ.get(CONN_ENV_PREFIX + conn_id.upper())
                                            ^^^^^^^^^^^^^
AttributeError: 'NoneType' object has no attribute 'upper'
[2026-01-04T12:48:52.038+0000] {taskinstance.py:3311} ERROR - Task failed with exception
Traceback (most recent call last):
  File "/workspaces/f1_data_team/venv/lib/python3.12/site-packages/airflow/models/taskinstance.py", line 767, in _execute_task
    result = _execute_callable(context=context, **execute_callable_kwargs)
             ^^^^^^^^^^^^^^^^^^^^^^^^^^^^^^^^^^^^^^^^^^^^^^^^^^^^^^^^^^^^^
  File "/workspaces/f1_data_team/venv/lib/python3.12/site-packages/airflow/models/taskinstance.py", line 733, in _execute_callable
    return ExecutionCallableRunner(
           ^^^^^^^^^^^^^^^^^^^^^^^^
  File "/workspaces/f1_data_team/venv/lib/python3.12/site-packages/airflow/utils/operator_helpers.py", line 252, in run
    return self.func(*args, **kwargs)
           ^^^^^^^^^^^^^^^^^^^^^^^^^^
  File "/workspaces/f1_data_team/venv/lib/python3.12/site-packages/airflow/models/baseoperator.py", line 422, in wrapper
    return func(self, *args, **kwargs)
           ^^^^^^^^^^^^^^^^^^^^^^^^^^^
  File "/workspaces/f1_data_team/venv/lib/python3.12/site-packages/airflow/providers/google/cloud/transfers/local_to_gcs.py", line 95, in execute
    hook = GCSHook(
           ^^^^^^^^
  File "/workspaces/f1_data_team/venv/lib/python3.12/site-packages/airflow/providers/google/common/hooks/base_google.py", line 283, in __init__
    self.extras: dict = self.get_connection(self.gcp_conn_id).extra_dejson
                        ^^^^^^^^^^^^^^^^^^^^^^^^^^^^^^^^^^^^^
  File "/workspaces/f1_data_team/venv/lib/python3.12/site-packages/airflow/hooks/base.py", line 83, in get_connection
    conn = Connection.get_connection_from_secrets(conn_id)
           ^^^^^^^^^^^^^^^^^^^^^^^^^^^^^^^^^^^^^^^^^^^^^^^
  File "/workspaces/f1_data_team/venv/lib/python3.12/site-packages/airflow/models/connection.py", line 537, in get_connection_from_secrets
    raise AirflowNotFoundException(f"The conn_id `{conn_id}` isn't defined")
airflow.exceptions.AirflowNotFoundException: The conn_id `None` isn't defined
[2026-01-04T12:48:52.040+0000] {logging_mixin.py:190} INFO - Task instance in failure state
[2026-01-04T12:48:52.041+0000] {logging_mixin.py:190} INFO - Task start:2026-01-04 12:48:51.913271+00:00 end:2026-01-04 12:48:52.040536+00:00 duration:0.127265
[2026-01-04T12:48:52.041+0000] {logging_mixin.py:190} INFO - Task:<Task(LocalFilesystemToGCSOperator): upload_to_gcs> dag:<DAG: f1_pipeline> dagrun:<DagRun f1_pipeline @ 2026-01-04 12:48:42.689614+00:00: manual__2026-01-04T12:48:42.689614+00:00, state:running, queued_at: 2026-01-04 12:48:42.699961+00:00. externally triggered: True>
[2026-01-04T12:48:52.041+0000] {logging_mixin.py:190} INFO - Failure caused by The conn_id `None` isn't defined
[2026-01-04T12:48:52.041+0000] {taskinstance.py:1225} INFO - Marking task as FAILED. dag_id=f1_pipeline, task_id=upload_to_gcs, run_id=manual__2026-01-04T12:48:42.689614+00:00, execution_date=20260104T124842, start_date=20260104T124851, end_date=20260104T124852
[2026-01-04T12:48:52.048+0000] {taskinstance.py:340} INFO - ::group::Post task execution logs
[2026-01-04T12:48:52.049+0000] {standard_task_runner.py:124} ERROR - Failed to execute job 22 for task upload_to_gcs (The conn_id `None` isn't defined; 41784)
Traceback (most recent call last):
  File "/workspaces/f1_data_team/venv/lib/python3.12/site-packages/airflow/task/task_runner/standard_task_runner.py", line 117, in _start_by_fork
    ret = args.func(args, dag=self.dag)
          ^^^^^^^^^^^^^^^^^^^^^^^^^^^^^
  File "/workspaces/f1_data_team/venv/lib/python3.12/site-packages/airflow/cli/cli_config.py", line 49, in command
    return func(*args, **kwargs)
           ^^^^^^^^^^^^^^^^^^^^^
  File "/workspaces/f1_data_team/venv/lib/python3.12/site-packages/airflow/utils/cli.py", line 116, in wrapper
    return f(*args, **kwargs)
           ^^^^^^^^^^^^^^^^^^
  File "/workspaces/f1_data_team/venv/lib/python3.12/site-packages/airflow/cli/commands/task_command.py", line 483, in task_run
    task_return_code = _run_task_by_selected_method(args, _dag, ti)
                       ^^^^^^^^^^^^^^^^^^^^^^^^^^^^^^^^^^^^^^^^^^^^
  File "/workspaces/f1_data_team/venv/lib/python3.12/site-packages/airflow/cli/commands/task_command.py", line 256, in _run_task_by_selected_method
    return _run_raw_task(args, ti)
           ^^^^^^^^^^^^^^^^^^^^^^^
  File "/workspaces/f1_data_team/venv/lib/python3.12/site-packages/airflow/cli/commands/task_command.py", line 341, in _run_raw_task
    return ti._run_raw_task(
           ^^^^^^^^^^^^^^^^^
  File "/workspaces/f1_data_team/venv/lib/python3.12/site-packages/airflow/utils/session.py", line 97, in wrapper
    return func(*args, session=session, **kwargs)
           ^^^^^^^^^^^^^^^^^^^^^^^^^^^^^^^^^^^^^^
  File "/workspaces/f1_data_team/venv/lib/python3.12/site-packages/airflow/models/taskinstance.py", line 3005, in _run_raw_task
    return _run_raw_task(
           ^^^^^^^^^^^^^^
  File "/workspaces/f1_data_team/venv/lib/python3.12/site-packages/airflow/models/taskinstance.py", line 273, in _run_raw_task
    TaskInstance._execute_task_with_callbacks(
  File "/workspaces/f1_data_team/venv/lib/python3.12/site-packages/airflow/models/taskinstance.py", line 3159, in _execute_task_with_callbacks
    result = self._execute_task(context, task_orig)
             ^^^^^^^^^^^^^^^^^^^^^^^^^^^^^^^^^^^^^^
  File "/workspaces/f1_data_team/venv/lib/python3.12/site-packages/airflow/models/taskinstance.py", line 3183, in _execute_task
    return _execute_task(self, context, task_orig)
           ^^^^^^^^^^^^^^^^^^^^^^^^^^^^^^^^^^^^^^^
  File "/workspaces/f1_data_team/venv/lib/python3.12/site-packages/airflow/models/taskinstance.py", line 767, in _execute_task
    result = _execute_callable(context=context, **execute_callable_kwargs)
             ^^^^^^^^^^^^^^^^^^^^^^^^^^^^^^^^^^^^^^^^^^^^^^^^^^^^^^^^^^^^^
  File "/workspaces/f1_data_team/venv/lib/python3.12/site-packages/airflow/models/taskinstance.py", line 733, in _execute_callable
    return ExecutionCallableRunner(
           ^^^^^^^^^^^^^^^^^^^^^^^^
  File "/workspaces/f1_data_team/venv/lib/python3.12/site-packages/airflow/utils/operator_helpers.py", line 252, in run
    return self.func(*args, **kwargs)
           ^^^^^^^^^^^^^^^^^^^^^^^^^^
  File "/workspaces/f1_data_team/venv/lib/python3.12/site-packages/airflow/models/baseoperator.py", line 422, in wrapper
    return func(self, *args, **kwargs)
           ^^^^^^^^^^^^^^^^^^^^^^^^^^^
  File "/workspaces/f1_data_team/venv/lib/python3.12/site-packages/airflow/providers/google/cloud/transfers/local_to_gcs.py", line 95, in execute
    hook = GCSHook(
           ^^^^^^^^
  File "/workspaces/f1_data_team/venv/lib/python3.12/site-packages/airflow/providers/google/common/hooks/base_google.py", line 283, in __init__
    self.extras: dict = self.get_connection(self.gcp_conn_id).extra_dejson
                        ^^^^^^^^^^^^^^^^^^^^^^^^^^^^^^^^^^^^^
  File "/workspaces/f1_data_team/venv/lib/python3.12/site-packages/airflow/hooks/base.py", line 83, in get_connection
    conn = Connection.get_connection_from_secrets(conn_id)
           ^^^^^^^^^^^^^^^^^^^^^^^^^^^^^^^^^^^^^^^^^^^^^^^
  File "/workspaces/f1_data_team/venv/lib/python3.12/site-packages/airflow/models/connection.py", line 537, in get_connection_from_secrets
    raise AirflowNotFoundException(f"The conn_id `{conn_id}` isn't defined")
airflow.exceptions.AirflowNotFoundException: The conn_id `None` isn't defined
[2026-01-04T12:48:52.096+0000] {local_task_job_runner.py:266} INFO - Task exited with return code 1
[2026-01-04T12:48:52.106+0000] {taskinstance.py:3895} INFO - 0 downstream tasks scheduled from follow-on schedule check
[2026-01-04T12:48:52.111+0000] {local_task_job_runner.py:245} INFO - ::endgroup::
