[2026-01-04T12:54:50.579+0000] {local_task_job_runner.py:123} INFO - ::group::Pre task execution logs
[2026-01-04T12:54:50.587+0000] {taskinstance.py:2613} INFO - Dependencies all met for dep_context=non-requeueable deps ti=<TaskInstance: f1_pipeline.upload_to_gcs manual__2026-01-04T12:54:41.636159+00:00 [queued]>
[2026-01-04T12:54:50.592+0000] {taskinstance.py:2613} INFO - Dependencies all met for dep_context=requeueable deps ti=<TaskInstance: f1_pipeline.upload_to_gcs manual__2026-01-04T12:54:41.636159+00:00 [queued]>
[2026-01-04T12:54:50.592+0000] {taskinstance.py:2866} INFO - Starting attempt 1 of 1
[2026-01-04T12:54:50.604+0000] {taskinstance.py:2889} INFO - Executing <Task(LocalFilesystemToGCSOperator): upload_to_gcs> on 2026-01-04 12:54:41.636159+00:00
[2026-01-04T12:54:50.612+0000] {standard_task_runner.py:104} INFO - Running: ['airflow', 'tasks', 'run', 'f1_pipeline', 'upload_to_gcs', 'manual__2026-01-04T12:54:41.636159+00:00', '--job-id', '30', '--raw', '--subdir', 'DAGS_FOLDER/f1_pipeline.py', '--cfg-path', '/tmp/tmpr0d6h4_a']
[2026-01-04T12:54:50.613+0000] {standard_task_runner.py:105} INFO - Job 30: Subtask upload_to_gcs
[2026-01-04T12:54:50.615+0000] {logging_mixin.py:190} WARNING - /workspaces/f1_data_team/venv/lib/python3.12/site-packages/airflow/task/task_runner/standard_task_runner.py:70 DeprecationWarning: This process (pid=47018) is multi-threaded, use of fork() may lead to deadlocks in the child.
[2026-01-04T12:54:50.616+0000] {standard_task_runner.py:72} INFO - Started process 47066 to run task
[2026-01-04T12:54:50.641+0000] {task_command.py:467} INFO - Running <TaskInstance: f1_pipeline.upload_to_gcs manual__2026-01-04T12:54:41.636159+00:00 [running]> on host codespaces-54af50
[2026-01-04T12:54:50.679+0000] {taskinstance.py:3132} INFO - Exporting env vars: AIRFLOW_CTX_DAG_OWNER='loonycorn' AIRFLOW_CTX_DAG_ID='f1_pipeline' AIRFLOW_CTX_TASK_ID='upload_to_gcs' AIRFLOW_CTX_EXECUTION_DATE='2026-01-04T12:54:41.636159+00:00' AIRFLOW_CTX_TRY_NUMBER='1' AIRFLOW_CTX_DAG_RUN_ID='manual__2026-01-04T12:54:41.636159+00:00'
[2026-01-04T12:54:50.680+0000] {logging_mixin.py:190} INFO - Task instance is in running state
[2026-01-04T12:54:50.680+0000] {logging_mixin.py:190} INFO -  Previous state of the Task instance: queued
[2026-01-04T12:54:50.680+0000] {logging_mixin.py:190} INFO - Current task name:upload_to_gcs state:running start_date:2026-01-04 12:54:50.588000+00:00
[2026-01-04T12:54:50.680+0000] {logging_mixin.py:190} INFO - Dag name:f1_pipeline and current dag run status:running
[2026-01-04T12:54:50.681+0000] {taskinstance.py:731} INFO - ::endgroup::
[2026-01-04T12:54:50.688+0000] {connection.py:277} WARNING - Connection schemes (type: google_cloud_platform) shall not contain '_' according to RFC3986.
[2026-01-04T12:54:50.690+0000] {base.py:84} INFO - Retrieving connection 'google_cloud_default'
[2026-01-04T12:54:50.691+0000] {credentials_provider.py:402} INFO - Getting connection using `google.auth.default()` since no explicit credentials are provided.
[2026-01-04T12:54:51.045+0000] {gcs.py:578} INFO - File /workspaces/f1_data_team/data/f1_teams.parquet uploaded to raw/f1_teams.parquet in f1-data-lake-project-id bucket
[2026-01-04T12:54:51.045+0000] {hook.py:208} WARNING - Data lineage tracking is disabled. Register a hook lineage reader to start tracking hook lineage.
[2026-01-04T12:54:51.048+0000] {taskinstance.py:340} INFO - ::group::Post task execution logs
[2026-01-04T12:54:51.049+0000] {taskinstance.py:352} INFO - Marking task as SUCCESS. dag_id=f1_pipeline, task_id=upload_to_gcs, run_id=manual__2026-01-04T12:54:41.636159+00:00, execution_date=20260104T125441, start_date=20260104T125450, end_date=20260104T125451
[2026-01-04T12:54:51.056+0000] {logging_mixin.py:190} INFO - Task instance in success state
[2026-01-04T12:54:51.056+0000] {logging_mixin.py:190} INFO -  Previous state of the Task instance: running
[2026-01-04T12:54:51.057+0000] {logging_mixin.py:190} INFO - Dag name:f1_pipeline queued_at:2026-01-04 12:54:41.645535+00:00
[2026-01-04T12:54:51.057+0000] {logging_mixin.py:190} INFO - Task hostname:codespaces-54af50 operator:LocalFilesystemToGCSOperator
[2026-01-04T12:54:51.071+0000] {local_task_job_runner.py:266} INFO - Task exited with return code 0
[2026-01-04T12:54:51.081+0000] {taskinstance.py:3895} INFO - 1 downstream tasks scheduled from follow-on schedule check
[2026-01-04T12:54:51.084+0000] {local_task_job_runner.py:245} INFO - ::endgroup::
